[2025-08-14T00:40:44.038+0000] {local_task_job_runner.py:120} INFO - ::group::Pre task execution logs
[2025-08-14T00:40:44.099+0000] {taskinstance.py:2076} INFO - Dependencies all met for dep_context=non-requeueable deps ti=<TaskInstance: dbt_run_pipeline_v1.dbt_run manual__2025-08-14T00:40:41.379730+00:00 [queued]>
[2025-08-14T00:40:44.117+0000] {taskinstance.py:2076} INFO - Dependencies all met for dep_context=requeueable deps ti=<TaskInstance: dbt_run_pipeline_v1.dbt_run manual__2025-08-14T00:40:41.379730+00:00 [queued]>
[2025-08-14T00:40:44.127+0000] {taskinstance.py:2306} INFO - Starting attempt 1 of 1
[2025-08-14T00:40:44.166+0000] {taskinstance.py:2330} INFO - Executing <Task(BashOperator): dbt_run> on 2025-08-14 00:40:41.379730+00:00
[2025-08-14T00:40:44.185+0000] {warnings.py:112} WARNING - /home/***/.local/lib/python3.12/site-packages/***/task/task_runner/standard_task_runner.py:61: DeprecationWarning: This process (pid=6698) is multi-threaded, use of fork() may lead to deadlocks in the child.
  pid = os.fork()

[2025-08-14T00:40:44.188+0000] {standard_task_runner.py:90} INFO - Running: ['***', 'tasks', 'run', 'dbt_run_pipeline_v1', 'dbt_run', 'manual__2025-08-14T00:40:41.379730+00:00', '--job-id', '27', '--raw', '--subdir', 'DAGS_FOLDER/dbt_run_pipeline_v1.py', '--cfg-path', '/tmp/tmphshbj_j7']
[2025-08-14T00:40:44.191+0000] {standard_task_runner.py:63} INFO - Started process 6699 to run task
[2025-08-14T00:40:44.192+0000] {standard_task_runner.py:91} INFO - Job 27: Subtask dbt_run
[2025-08-14T00:40:44.316+0000] {task_command.py:426} INFO - Running <TaskInstance: dbt_run_pipeline_v1.dbt_run manual__2025-08-14T00:40:41.379730+00:00 [running]> on host ef2de7cf7633
[2025-08-14T00:40:44.485+0000] {taskinstance.py:2648} INFO - Exporting env vars: AIRFLOW_CTX_DAG_OWNER='***' AIRFLOW_CTX_DAG_ID='dbt_run_pipeline_v1' AIRFLOW_CTX_TASK_ID='dbt_run' AIRFLOW_CTX_EXECUTION_DATE='2025-08-14T00:40:41.379730+00:00' AIRFLOW_CTX_TRY_NUMBER='1' AIRFLOW_CTX_DAG_RUN_ID='manual__2025-08-14T00:40:41.379730+00:00'
[2025-08-14T00:40:44.486+0000] {taskinstance.py:430} INFO - ::endgroup::
[2025-08-14T00:40:44.520+0000] {subprocess.py:63} INFO - Tmp dir root location: /tmp
[2025-08-14T00:40:44.521+0000] {subprocess.py:75} INFO - Running command: ['/usr/bin/bash', '-c', 'dbt run']
[2025-08-14T00:40:44.544+0000] {subprocess.py:86} INFO - Output:
[2025-08-14T00:40:48.498+0000] {subprocess.py:93} INFO - [0m00:40:48  Running with dbt=1.10.7
[2025-08-14T00:40:54.233+0000] {subprocess.py:93} INFO - [0m00:40:54  Registered adapter: bigquery=1.10.1
[2025-08-14T00:40:54.879+0000] {subprocess.py:93} INFO - [0m00:40:54  Unable to do partial parsing because of a version mismatch
[2025-08-14T00:40:57.469+0000] {subprocess.py:93} INFO - [0m00:40:57  Found 8 models, 4 sources, 496 macros
[2025-08-14T00:40:57.474+0000] {subprocess.py:93} INFO - [0m00:40:57
[2025-08-14T00:40:57.477+0000] {subprocess.py:93} INFO - [0m00:40:57  Concurrency: 1 threads (target='dev')
[2025-08-14T00:40:57.478+0000] {subprocess.py:93} INFO - [0m00:40:57
[2025-08-14T00:40:59.794+0000] {subprocess.py:93} INFO - [0m00:40:59  1 of 8 START sql view model transaction_analytics.stg_cards .................... [RUN]
[2025-08-14T00:41:02.015+0000] {subprocess.py:93} INFO - [0m00:41:02  1 of 8 OK created sql view model transaction_analytics.stg_cards ............... [[32mCREATE VIEW (0 processed)[0m in 2.21s]
[2025-08-14T00:41:02.022+0000] {subprocess.py:93} INFO - [0m00:41:02  2 of 8 START sql view model transaction_analytics.stg_mcc ...................... [RUN]
[2025-08-14T00:41:04.035+0000] {subprocess.py:93} INFO - [0m00:41:04  2 of 8 OK created sql view model transaction_analytics.stg_mcc ................. [[32mCREATE VIEW (0 processed)[0m in 2.00s]
[2025-08-14T00:41:04.043+0000] {subprocess.py:93} INFO - [0m00:41:04  3 of 8 START sql view model transaction_analytics.stg_transactions ............. [RUN]
[2025-08-14T00:41:06.057+0000] {subprocess.py:93} INFO - [0m00:41:06  3 of 8 OK created sql view model transaction_analytics.stg_transactions ........ [[32mCREATE VIEW (0 processed)[0m in 2.01s]
[2025-08-14T00:41:06.064+0000] {subprocess.py:93} INFO - [0m00:41:06  4 of 8 START sql view model transaction_analytics.stg_users .................... [RUN]
[2025-08-14T00:41:08.324+0000] {subprocess.py:93} INFO - [0m00:41:08  4 of 8 OK created sql view model transaction_analytics.stg_users ............... [[32mCREATE VIEW (0 processed)[0m in 2.25s]
[2025-08-14T00:41:08.331+0000] {subprocess.py:93} INFO - [0m00:41:08  5 of 8 START sql view model transaction_analytics.dim_cards .................... [RUN]
[2025-08-14T00:41:10.310+0000] {subprocess.py:93} INFO - [0m00:41:10  5 of 8 OK created sql view model transaction_analytics.dim_cards ............... [[32mCREATE VIEW (0 processed)[0m in 1.97s]
[2025-08-14T00:41:10.318+0000] {subprocess.py:93} INFO - [0m00:41:10  6 of 8 START sql view model transaction_analytics.dim_mcc_codes ................ [RUN]
[2025-08-14T00:41:12.549+0000] {subprocess.py:93} INFO - [0m00:41:12  6 of 8 OK created sql view model transaction_analytics.dim_mcc_codes ........... [[32mCREATE VIEW (0 processed)[0m in 2.21s]
[2025-08-14T00:41:12.557+0000] {subprocess.py:93} INFO - [0m00:41:12  7 of 8 START sql view model transaction_analytics.dim_users .................... [RUN]
[2025-08-14T00:41:14.736+0000] {subprocess.py:93} INFO - [0m00:41:14  7 of 8 OK created sql view model transaction_analytics.dim_users ............... [[32mCREATE VIEW (0 processed)[0m in 2.17s]
[2025-08-14T00:41:14.746+0000] {subprocess.py:93} INFO - [0m00:41:14  8 of 8 START sql view model transaction_analytics.fct_transactions ............. [RUN]
[2025-08-14T00:41:17.152+0000] {subprocess.py:93} INFO - [0m00:41:17  8 of 8 OK created sql view model transaction_analytics.fct_transactions ........ [[32mCREATE VIEW (0 processed)[0m in 2.40s]
[2025-08-14T00:41:17.232+0000] {subprocess.py:93} INFO - [0m00:41:17
[2025-08-14T00:41:17.234+0000] {subprocess.py:93} INFO - [0m00:41:17  Finished running 8 view models in 0 hours 0 minutes and 19.75 seconds (19.75s).
[2025-08-14T00:41:17.369+0000] {subprocess.py:93} INFO - [0m00:41:17
[2025-08-14T00:41:17.371+0000] {subprocess.py:93} INFO - [0m00:41:17  [32mCompleted successfully[0m
[2025-08-14T00:41:17.373+0000] {subprocess.py:93} INFO - [0m00:41:17
[2025-08-14T00:41:17.375+0000] {subprocess.py:93} INFO - [0m00:41:17  Done. PASS=8 WARN=0 ERROR=0 SKIP=0 NO-OP=0 TOTAL=8
[2025-08-14T00:41:20.403+0000] {subprocess.py:97} INFO - Command exited with return code 0
[2025-08-14T00:41:20.405+0000] {taskinstance.py:441} INFO - ::group::Post task execution logs
[2025-08-14T00:41:20.456+0000] {taskinstance.py:1206} INFO - Marking task as SUCCESS. dag_id=dbt_run_pipeline_v1, task_id=dbt_run, run_id=manual__2025-08-14T00:40:41.379730+00:00, execution_date=20250814T004041, start_date=20250814T004044, end_date=20250814T004120
[2025-08-14T00:41:20.513+0000] {local_task_job_runner.py:240} INFO - Task exited with return code 0
[2025-08-14T00:41:20.542+0000] {taskinstance.py:3503} INFO - 0 downstream tasks scheduled from follow-on schedule check
[2025-08-14T00:41:20.554+0000] {local_task_job_runner.py:222} INFO - ::endgroup::
