[2025-08-13T23:03:43.150+0000] {local_task_job_runner.py:120} INFO - ::group::Pre task execution logs
[2025-08-13T23:03:43.219+0000] {taskinstance.py:2076} INFO - Dependencies all met for dep_context=non-requeueable deps ti=<TaskInstance: dbt_run_pipeline_v1.dbt_run manual__2025-08-13T23:03:40.783189+00:00 [queued]>
[2025-08-13T23:03:43.234+0000] {taskinstance.py:2076} INFO - Dependencies all met for dep_context=requeueable deps ti=<TaskInstance: dbt_run_pipeline_v1.dbt_run manual__2025-08-13T23:03:40.783189+00:00 [queued]>
[2025-08-13T23:03:43.236+0000] {taskinstance.py:2306} INFO - Starting attempt 1 of 1
[2025-08-13T23:03:43.269+0000] {taskinstance.py:2330} INFO - Executing <Task(BashOperator): dbt_run> on 2025-08-13 23:03:40.783189+00:00
[2025-08-13T23:03:43.293+0000] {warnings.py:112} WARNING - /home/***/.local/lib/python3.12/site-packages/***/task/task_runner/standard_task_runner.py:61: DeprecationWarning: This process (pid=5354) is multi-threaded, use of fork() may lead to deadlocks in the child.
  pid = os.fork()

[2025-08-13T23:03:43.293+0000] {standard_task_runner.py:90} INFO - Running: ['***', 'tasks', 'run', 'dbt_run_pipeline_v1', 'dbt_run', 'manual__2025-08-13T23:03:40.783189+00:00', '--job-id', '18', '--raw', '--subdir', 'DAGS_FOLDER/dbt_run_pipeline_v1.py', '--cfg-path', '/tmp/tmpf723k6k4']
[2025-08-13T23:03:43.297+0000] {standard_task_runner.py:63} INFO - Started process 5355 to run task
[2025-08-13T23:03:43.297+0000] {standard_task_runner.py:91} INFO - Job 18: Subtask dbt_run
[2025-08-13T23:03:43.409+0000] {task_command.py:426} INFO - Running <TaskInstance: dbt_run_pipeline_v1.dbt_run manual__2025-08-13T23:03:40.783189+00:00 [running]> on host ef2de7cf7633
[2025-08-13T23:03:43.603+0000] {taskinstance.py:2648} INFO - Exporting env vars: AIRFLOW_CTX_DAG_OWNER='***' AIRFLOW_CTX_DAG_ID='dbt_run_pipeline_v1' AIRFLOW_CTX_TASK_ID='dbt_run' AIRFLOW_CTX_EXECUTION_DATE='2025-08-13T23:03:40.783189+00:00' AIRFLOW_CTX_TRY_NUMBER='1' AIRFLOW_CTX_DAG_RUN_ID='manual__2025-08-13T23:03:40.783189+00:00'
[2025-08-13T23:03:43.607+0000] {taskinstance.py:430} INFO - ::endgroup::
[2025-08-13T23:03:43.652+0000] {subprocess.py:63} INFO - Tmp dir root location: /tmp
[2025-08-13T23:03:43.653+0000] {subprocess.py:75} INFO - Running command: ['/usr/bin/bash', '-c', 'dbt run']
[2025-08-13T23:03:43.685+0000] {subprocess.py:86} INFO - Output:
[2025-08-13T23:03:47.579+0000] {subprocess.py:93} INFO - [0m23:03:47  Running with dbt=1.10.7
[2025-08-13T23:03:53.423+0000] {subprocess.py:93} INFO - [0m23:03:53  Registered adapter: bigquery=1.10.1
[2025-08-13T23:03:54.047+0000] {subprocess.py:93} INFO - [0m23:03:54  Unable to do partial parsing because of a version mismatch
[2025-08-13T23:03:56.435+0000] {subprocess.py:93} INFO - [0m23:03:56  Found 8 models, 4 sources, 496 macros
[2025-08-13T23:03:56.441+0000] {subprocess.py:93} INFO - [0m23:03:56
[2025-08-13T23:03:56.442+0000] {subprocess.py:93} INFO - [0m23:03:56  Concurrency: 1 threads (target='dev')
[2025-08-13T23:03:56.444+0000] {subprocess.py:93} INFO - [0m23:03:56
[2025-08-13T23:03:58.754+0000] {subprocess.py:93} INFO - [0m23:03:58  1 of 8 START sql view model transaction_analytics.stg_cards .................... [RUN]
[2025-08-13T23:04:00.959+0000] {subprocess.py:93} INFO - [0m23:04:00  1 of 8 OK created sql view model transaction_analytics.stg_cards ............... [[32mCREATE VIEW (0 processed)[0m in 2.20s]
[2025-08-13T23:04:00.964+0000] {subprocess.py:93} INFO - [0m23:04:00  2 of 8 START sql view model transaction_analytics.stg_mcc ...................... [RUN]
[2025-08-13T23:04:03.116+0000] {subprocess.py:93} INFO - [0m23:04:03  2 of 8 OK created sql view model transaction_analytics.stg_mcc ................. [[32mCREATE VIEW (0 processed)[0m in 2.15s]
[2025-08-13T23:04:03.122+0000] {subprocess.py:93} INFO - [0m23:04:03  3 of 8 START sql view model transaction_analytics.stg_transactions ............. [RUN]
[2025-08-13T23:04:05.203+0000] {subprocess.py:93} INFO - [0m23:04:05  3 of 8 OK created sql view model transaction_analytics.stg_transactions ........ [[32mCREATE VIEW (0 processed)[0m in 2.07s]
[2025-08-13T23:04:05.209+0000] {subprocess.py:93} INFO - [0m23:04:05  4 of 8 START sql view model transaction_analytics.stg_users .................... [RUN]
[2025-08-13T23:04:07.840+0000] {subprocess.py:93} INFO - [0m23:04:07  4 of 8 OK created sql view model transaction_analytics.stg_users ............... [[32mCREATE VIEW (0 processed)[0m in 2.63s]
[2025-08-13T23:04:07.847+0000] {subprocess.py:93} INFO - [0m23:04:07  5 of 8 START sql view model transaction_analytics.dim_cards .................... [RUN]
[2025-08-13T23:04:10.108+0000] {subprocess.py:93} INFO - [0m23:04:10  5 of 8 OK created sql view model transaction_analytics.dim_cards ............... [[32mCREATE VIEW (0 processed)[0m in 2.25s]
[2025-08-13T23:04:10.116+0000] {subprocess.py:93} INFO - [0m23:04:10  6 of 8 START sql view model transaction_analytics.dim_mcc_codes ................ [RUN]
[2025-08-13T23:04:12.358+0000] {subprocess.py:93} INFO - [0m23:04:12  6 of 8 OK created sql view model transaction_analytics.dim_mcc_codes ........... [[32mCREATE VIEW (0 processed)[0m in 2.23s]
[2025-08-13T23:04:12.366+0000] {subprocess.py:93} INFO - [0m23:04:12  7 of 8 START sql view model transaction_analytics.dim_users .................... [RUN]
[2025-08-13T23:04:14.541+0000] {subprocess.py:93} INFO - [0m23:04:14  7 of 8 OK created sql view model transaction_analytics.dim_users ............... [[32mCREATE VIEW (0 processed)[0m in 2.17s]
[2025-08-13T23:04:14.549+0000] {subprocess.py:93} INFO - [0m23:04:14  8 of 8 START sql view model transaction_analytics.fct_transactions ............. [RUN]
[2025-08-13T23:04:17.178+0000] {subprocess.py:93} INFO - [0m23:04:17  8 of 8 OK created sql view model transaction_analytics.fct_transactions ........ [[32mCREATE VIEW (0 processed)[0m in 2.62s]
[2025-08-13T23:04:17.255+0000] {subprocess.py:93} INFO - [0m23:04:17
[2025-08-13T23:04:17.256+0000] {subprocess.py:93} INFO - [0m23:04:17  Finished running 8 view models in 0 hours 0 minutes and 20.81 seconds (20.81s).
[2025-08-13T23:04:17.398+0000] {subprocess.py:93} INFO - [0m23:04:17
[2025-08-13T23:04:17.401+0000] {subprocess.py:93} INFO - [0m23:04:17  [32mCompleted successfully[0m
[2025-08-13T23:04:17.403+0000] {subprocess.py:93} INFO - [0m23:04:17
[2025-08-13T23:04:17.407+0000] {subprocess.py:93} INFO - [0m23:04:17  Done. PASS=8 WARN=0 ERROR=0 SKIP=0 NO-OP=0 TOTAL=8
[2025-08-13T23:04:20.698+0000] {subprocess.py:97} INFO - Command exited with return code 0
[2025-08-13T23:04:20.699+0000] {taskinstance.py:441} INFO - ::group::Post task execution logs
[2025-08-13T23:04:20.755+0000] {taskinstance.py:1206} INFO - Marking task as SUCCESS. dag_id=dbt_run_pipeline_v1, task_id=dbt_run, run_id=manual__2025-08-13T23:03:40.783189+00:00, execution_date=20250813T230340, start_date=20250813T230343, end_date=20250813T230420
[2025-08-13T23:04:20.832+0000] {local_task_job_runner.py:240} INFO - Task exited with return code 0
[2025-08-13T23:04:20.859+0000] {taskinstance.py:3503} INFO - 0 downstream tasks scheduled from follow-on schedule check
[2025-08-13T23:04:20.872+0000] {local_task_job_runner.py:222} INFO - ::endgroup::
