[2025-08-02T22:10:21.340+0000] {local_task_job_runner.py:120} INFO - ::group::Pre task execution logs
[2025-08-02T22:10:21.368+0000] {taskinstance.py:2076} INFO - Dependencies all met for dep_context=non-requeueable deps ti=<TaskInstance: gcs_process_all_files_v1.process_json_file manual__2025-08-02T22:10:17.299359+00:00 [queued]>
[2025-08-02T22:10:21.380+0000] {taskinstance.py:2076} INFO - Dependencies all met for dep_context=requeueable deps ti=<TaskInstance: gcs_process_all_files_v1.process_json_file manual__2025-08-02T22:10:17.299359+00:00 [queued]>
[2025-08-02T22:10:21.381+0000] {taskinstance.py:2306} INFO - Starting attempt 1 of 1
[2025-08-02T22:10:21.403+0000] {taskinstance.py:2330} INFO - Executing <Task(PythonOperator): process_json_file> on 2025-08-02 22:10:17.299359+00:00
[2025-08-02T22:10:21.419+0000] {warnings.py:112} WARNING - /home/***/.local/lib/python3.12/site-packages/***/task/task_runner/standard_task_runner.py:61: DeprecationWarning: This process (pid=1231) is multi-threaded, use of fork() may lead to deadlocks in the child.
  pid = os.fork()

[2025-08-02T22:10:21.423+0000] {standard_task_runner.py:63} INFO - Started process 1241 to run task
[2025-08-02T22:10:21.424+0000] {standard_task_runner.py:90} INFO - Running: ['***', 'tasks', 'run', 'gcs_process_all_files_v1', 'process_json_file', 'manual__2025-08-02T22:10:17.299359+00:00', '--job-id', '59', '--raw', '--subdir', 'DAGS_FOLDER/gcs_load_dag v2.py', '--cfg-path', '/tmp/tmpfhnsftdk']
[2025-08-02T22:10:21.426+0000] {standard_task_runner.py:91} INFO - Job 59: Subtask process_json_file
[2025-08-02T22:10:21.527+0000] {task_command.py:426} INFO - Running <TaskInstance: gcs_process_all_files_v1.process_json_file manual__2025-08-02T22:10:17.299359+00:00 [running]> on host 06d424bf0ee1
[2025-08-02T22:10:21.694+0000] {taskinstance.py:2648} INFO - Exporting env vars: AIRFLOW_CTX_DAG_OWNER='***' AIRFLOW_CTX_DAG_ID='gcs_process_all_files_v1' AIRFLOW_CTX_TASK_ID='process_json_file' AIRFLOW_CTX_EXECUTION_DATE='2025-08-02T22:10:17.299359+00:00' AIRFLOW_CTX_TRY_NUMBER='1' AIRFLOW_CTX_DAG_RUN_ID='manual__2025-08-02T22:10:17.299359+00:00'
[2025-08-02T22:10:21.697+0000] {taskinstance.py:430} INFO - ::endgroup::
[2025-08-02T22:10:21.715+0000] {connection.py:274} WARNING - Connection schemes (type: google_cloud_platform) shall not contain '_' according to RFC3986.
[2025-08-02T22:10:21.721+0000] {base.py:84} INFO - Using connection ID 'google_cloud_default' for task execution.
[2025-08-02T22:10:23.327+0000] {gcs.py:574} INFO - Data stream uploaded to raw/mcc_codes.csv in dataverse360-raw-data-rmk bucket
[2025-08-02T22:10:23.330+0000] {python.py:237} INFO - Done. Returned value was: None
[2025-08-02T22:10:23.338+0000] {taskinstance.py:441} INFO - ::group::Post task execution logs
[2025-08-02T22:10:23.373+0000] {taskinstance.py:1206} INFO - Marking task as SUCCESS. dag_id=gcs_process_all_files_v1, task_id=process_json_file, run_id=manual__2025-08-02T22:10:17.299359+00:00, execution_date=20250802T221017, start_date=20250802T221021, end_date=20250802T221023
[2025-08-02T22:10:23.491+0000] {local_task_job_runner.py:240} INFO - Task exited with return code 0
[2025-08-02T22:10:23.557+0000] {taskinstance.py:3503} INFO - 0 downstream tasks scheduled from follow-on schedule check
[2025-08-02T22:10:23.562+0000] {local_task_job_runner.py:222} INFO - ::endgroup::
