[2025-08-01T23:31:49.970+0000] {processor.py:161} INFO - Started process (PID=650) to work on /opt/airflow/dags/gcs_load_dag.py
[2025-08-01T23:31:49.972+0000] {processor.py:830} INFO - Processing file /opt/airflow/dags/gcs_load_dag.py for tasks to queue
[2025-08-01T23:31:49.976+0000] {logging_mixin.py:188} INFO - [2025-08-01T23:31:49.975+0000] {dagbag.py:545} INFO - Filling up the DagBag from /opt/airflow/dags/gcs_load_dag.py
[2025-08-01T23:31:50.554+0000] {processor.py:840} INFO - DAG(s) 'gcs_extract_and_load_v1' retrieved from /opt/airflow/dags/gcs_load_dag.py
[2025-08-01T23:31:50.818+0000] {logging_mixin.py:188} INFO - [2025-08-01T23:31:50.816+0000] {override.py:1829} INFO - Created Permission View: can edit on DAG:gcs_extract_and_load_v1
[2025-08-01T23:31:50.834+0000] {logging_mixin.py:188} INFO - [2025-08-01T23:31:50.833+0000] {override.py:1829} INFO - Created Permission View: can delete on DAG:gcs_extract_and_load_v1
[2025-08-01T23:31:50.845+0000] {logging_mixin.py:188} INFO - [2025-08-01T23:31:50.845+0000] {override.py:1829} INFO - Created Permission View: can read on DAG:gcs_extract_and_load_v1
[2025-08-01T23:31:50.847+0000] {logging_mixin.py:188} INFO - [2025-08-01T23:31:50.846+0000] {dag.py:3096} INFO - Sync 1 DAGs
[2025-08-01T23:31:50.864+0000] {logging_mixin.py:188} INFO - [2025-08-01T23:31:50.864+0000] {dag.py:3118} INFO - Creating ORM DAG for gcs_extract_and_load_v1
[2025-08-01T23:31:50.867+0000] {logging_mixin.py:188} INFO - [2025-08-01T23:31:50.867+0000] {dag.py:3954} INFO - Setting next_dagrun for gcs_extract_and_load_v1 to None, run_after=None
[2025-08-01T23:31:50.915+0000] {processor.py:183} INFO - Processing /opt/airflow/dags/gcs_load_dag.py took 0.960 seconds
[2025-08-01T23:32:21.138+0000] {processor.py:161} INFO - Started process (PID=710) to work on /opt/airflow/dags/gcs_load_dag.py
[2025-08-01T23:32:21.141+0000] {processor.py:830} INFO - Processing file /opt/airflow/dags/gcs_load_dag.py for tasks to queue
[2025-08-01T23:32:21.144+0000] {logging_mixin.py:188} INFO - [2025-08-01T23:32:21.144+0000] {dagbag.py:545} INFO - Filling up the DagBag from /opt/airflow/dags/gcs_load_dag.py
[2025-08-01T23:32:21.644+0000] {processor.py:840} INFO - DAG(s) 'gcs_extract_and_load_v1' retrieved from /opt/airflow/dags/gcs_load_dag.py
[2025-08-01T23:32:21.690+0000] {logging_mixin.py:188} INFO - [2025-08-01T23:32:21.689+0000] {dag.py:3096} INFO - Sync 1 DAGs
[2025-08-01T23:32:21.722+0000] {logging_mixin.py:188} INFO - [2025-08-01T23:32:21.721+0000] {dag.py:3954} INFO - Setting next_dagrun for gcs_extract_and_load_v1 to None, run_after=None
[2025-08-01T23:32:21.770+0000] {processor.py:183} INFO - Processing /opt/airflow/dags/gcs_load_dag.py took 0.643 seconds
[2025-08-01T23:32:51.977+0000] {processor.py:161} INFO - Started process (PID=770) to work on /opt/airflow/dags/gcs_load_dag.py
[2025-08-01T23:32:51.979+0000] {processor.py:830} INFO - Processing file /opt/airflow/dags/gcs_load_dag.py for tasks to queue
[2025-08-01T23:32:51.983+0000] {logging_mixin.py:188} INFO - [2025-08-01T23:32:51.982+0000] {dagbag.py:545} INFO - Filling up the DagBag from /opt/airflow/dags/gcs_load_dag.py
[2025-08-01T23:32:52.477+0000] {processor.py:840} INFO - DAG(s) 'gcs_extract_and_load_v1' retrieved from /opt/airflow/dags/gcs_load_dag.py
[2025-08-01T23:32:52.516+0000] {logging_mixin.py:188} INFO - [2025-08-01T23:32:52.515+0000] {dag.py:3096} INFO - Sync 1 DAGs
[2025-08-01T23:32:52.533+0000] {logging_mixin.py:188} INFO - [2025-08-01T23:32:52.533+0000] {dag.py:3954} INFO - Setting next_dagrun for gcs_extract_and_load_v1 to None, run_after=None
[2025-08-01T23:32:52.573+0000] {processor.py:183} INFO - Processing /opt/airflow/dags/gcs_load_dag.py took 0.607 seconds
[2025-08-01T23:33:22.808+0000] {processor.py:161} INFO - Started process (PID=831) to work on /opt/airflow/dags/gcs_load_dag.py
[2025-08-01T23:33:22.811+0000] {processor.py:830} INFO - Processing file /opt/airflow/dags/gcs_load_dag.py for tasks to queue
[2025-08-01T23:33:22.815+0000] {logging_mixin.py:188} INFO - [2025-08-01T23:33:22.814+0000] {dagbag.py:545} INFO - Filling up the DagBag from /opt/airflow/dags/gcs_load_dag.py
[2025-08-01T23:33:23.353+0000] {processor.py:840} INFO - DAG(s) 'gcs_extract_and_load_v1' retrieved from /opt/airflow/dags/gcs_load_dag.py
[2025-08-01T23:33:23.398+0000] {logging_mixin.py:188} INFO - [2025-08-01T23:33:23.397+0000] {dag.py:3096} INFO - Sync 1 DAGs
[2025-08-01T23:33:23.419+0000] {logging_mixin.py:188} INFO - [2025-08-01T23:33:23.419+0000] {dag.py:3954} INFO - Setting next_dagrun for gcs_extract_and_load_v1 to None, run_after=None
[2025-08-01T23:33:23.464+0000] {processor.py:183} INFO - Processing /opt/airflow/dags/gcs_load_dag.py took 0.667 seconds
[2025-08-01T23:36:48.499+0000] {processor.py:161} INFO - Started process (PID=1238) to work on /opt/airflow/dags/gcs_load_dag.py
[2025-08-01T23:36:48.502+0000] {processor.py:830} INFO - Processing file /opt/airflow/dags/gcs_load_dag.py for tasks to queue
[2025-08-01T23:36:48.504+0000] {logging_mixin.py:188} INFO - [2025-08-01T23:36:48.503+0000] {dagbag.py:545} INFO - Filling up the DagBag from /opt/airflow/dags/gcs_load_dag.py
[2025-08-01T23:36:49.428+0000] {processor.py:840} INFO - DAG(s) 'gcs_extract_and_load_v1' retrieved from /opt/airflow/dags/gcs_load_dag.py
[2025-08-01T23:36:49.469+0000] {logging_mixin.py:188} INFO - [2025-08-01T23:36:49.467+0000] {dag.py:3096} INFO - Sync 1 DAGs
[2025-08-01T23:36:49.487+0000] {logging_mixin.py:188} INFO - [2025-08-01T23:36:49.487+0000] {dag.py:3954} INFO - Setting next_dagrun for gcs_extract_and_load_v1 to None, run_after=None
[2025-08-01T23:36:49.538+0000] {processor.py:183} INFO - Processing /opt/airflow/dags/gcs_load_dag.py took 1.052 seconds
[2025-08-01T23:37:19.853+0000] {processor.py:161} INFO - Started process (PID=1298) to work on /opt/airflow/dags/gcs_load_dag.py
[2025-08-01T23:37:19.855+0000] {processor.py:830} INFO - Processing file /opt/airflow/dags/gcs_load_dag.py for tasks to queue
[2025-08-01T23:37:19.857+0000] {logging_mixin.py:188} INFO - [2025-08-01T23:37:19.856+0000] {dagbag.py:545} INFO - Filling up the DagBag from /opt/airflow/dags/gcs_load_dag.py
[2025-08-01T23:37:20.838+0000] {processor.py:840} INFO - DAG(s) 'gcs_extract_and_load_v1' retrieved from /opt/airflow/dags/gcs_load_dag.py
[2025-08-01T23:37:20.902+0000] {logging_mixin.py:188} INFO - [2025-08-01T23:37:20.900+0000] {dag.py:3096} INFO - Sync 1 DAGs
[2025-08-01T23:37:20.928+0000] {logging_mixin.py:188} INFO - [2025-08-01T23:37:20.927+0000] {dag.py:3954} INFO - Setting next_dagrun for gcs_extract_and_load_v1 to None, run_after=None
[2025-08-01T23:37:21.003+0000] {processor.py:183} INFO - Processing /opt/airflow/dags/gcs_load_dag.py took 1.163 seconds
[2025-08-01T23:37:51.194+0000] {processor.py:161} INFO - Started process (PID=1358) to work on /opt/airflow/dags/gcs_load_dag.py
[2025-08-01T23:37:51.196+0000] {processor.py:830} INFO - Processing file /opt/airflow/dags/gcs_load_dag.py for tasks to queue
[2025-08-01T23:37:51.198+0000] {logging_mixin.py:188} INFO - [2025-08-01T23:37:51.198+0000] {dagbag.py:545} INFO - Filling up the DagBag from /opt/airflow/dags/gcs_load_dag.py
[2025-08-01T23:37:52.090+0000] {processor.py:840} INFO - DAG(s) 'gcs_extract_and_load_v1' retrieved from /opt/airflow/dags/gcs_load_dag.py
[2025-08-01T23:37:52.121+0000] {logging_mixin.py:188} INFO - [2025-08-01T23:37:52.120+0000] {dag.py:3096} INFO - Sync 1 DAGs
[2025-08-01T23:37:52.136+0000] {logging_mixin.py:188} INFO - [2025-08-01T23:37:52.136+0000] {dag.py:3954} INFO - Setting next_dagrun for gcs_extract_and_load_v1 to None, run_after=None
[2025-08-01T23:37:52.173+0000] {processor.py:183} INFO - Processing /opt/airflow/dags/gcs_load_dag.py took 0.992 seconds
[2025-08-01T23:38:58.543+0000] {processor.py:161} INFO - Started process (PID=1360) to work on /opt/airflow/dags/gcs_load_dag.py
[2025-08-01T23:38:58.545+0000] {processor.py:830} INFO - Processing file /opt/airflow/dags/gcs_load_dag.py for tasks to queue
[2025-08-01T23:38:58.551+0000] {logging_mixin.py:188} INFO - [2025-08-01T23:38:58.546+0000] {dagbag.py:545} INFO - Filling up the DagBag from /opt/airflow/dags/gcs_load_dag.py
[2025-08-01T23:39:00.584+0000] {processor.py:840} INFO - DAG(s) 'gcs_extract_and_load_v1' retrieved from /opt/airflow/dags/gcs_load_dag.py
[2025-08-01T23:39:00.629+0000] {logging_mixin.py:188} INFO - [2025-08-01T23:39:00.627+0000] {dag.py:3096} INFO - Sync 1 DAGs
[2025-08-01T23:39:00.657+0000] {logging_mixin.py:188} INFO - [2025-08-01T23:39:00.656+0000] {dag.py:3954} INFO - Setting next_dagrun for gcs_extract_and_load_v1 to None, run_after=None
[2025-08-01T23:39:00.694+0000] {processor.py:183} INFO - Processing /opt/airflow/dags/gcs_load_dag.py took 2.168 seconds
[2025-08-01T23:39:53.350+0000] {processor.py:161} INFO - Started process (PID=1414) to work on /opt/airflow/dags/gcs_load_dag.py
[2025-08-01T23:39:53.352+0000] {processor.py:830} INFO - Processing file /opt/airflow/dags/gcs_load_dag.py for tasks to queue
[2025-08-01T23:39:53.353+0000] {logging_mixin.py:188} INFO - [2025-08-01T23:39:53.353+0000] {dagbag.py:545} INFO - Filling up the DagBag from /opt/airflow/dags/gcs_load_dag.py
[2025-08-01T23:39:54.222+0000] {processor.py:840} INFO - DAG(s) 'gcs_extract_and_load_v1' retrieved from /opt/airflow/dags/gcs_load_dag.py
[2025-08-01T23:39:54.252+0000] {logging_mixin.py:188} INFO - [2025-08-01T23:39:54.251+0000] {dag.py:3096} INFO - Sync 1 DAGs
[2025-08-01T23:39:54.270+0000] {logging_mixin.py:188} INFO - [2025-08-01T23:39:54.269+0000] {dag.py:3954} INFO - Setting next_dagrun for gcs_extract_and_load_v1 to None, run_after=None
[2025-08-01T23:39:54.299+0000] {processor.py:183} INFO - Processing /opt/airflow/dags/gcs_load_dag.py took 0.959 seconds
[2025-08-01T23:40:24.506+0000] {processor.py:161} INFO - Started process (PID=1475) to work on /opt/airflow/dags/gcs_load_dag.py
[2025-08-01T23:40:24.507+0000] {processor.py:830} INFO - Processing file /opt/airflow/dags/gcs_load_dag.py for tasks to queue
[2025-08-01T23:40:24.509+0000] {logging_mixin.py:188} INFO - [2025-08-01T23:40:24.509+0000] {dagbag.py:545} INFO - Filling up the DagBag from /opt/airflow/dags/gcs_load_dag.py
[2025-08-01T23:40:25.375+0000] {processor.py:840} INFO - DAG(s) 'gcs_extract_and_load_v1' retrieved from /opt/airflow/dags/gcs_load_dag.py
[2025-08-01T23:40:25.409+0000] {logging_mixin.py:188} INFO - [2025-08-01T23:40:25.406+0000] {dag.py:3096} INFO - Sync 1 DAGs
[2025-08-01T23:40:25.424+0000] {logging_mixin.py:188} INFO - [2025-08-01T23:40:25.424+0000] {dag.py:3954} INFO - Setting next_dagrun for gcs_extract_and_load_v1 to None, run_after=None
[2025-08-01T23:40:25.463+0000] {processor.py:183} INFO - Processing /opt/airflow/dags/gcs_load_dag.py took 0.967 seconds
[2025-08-01T23:40:55.679+0000] {processor.py:161} INFO - Started process (PID=1533) to work on /opt/airflow/dags/gcs_load_dag.py
[2025-08-01T23:40:55.688+0000] {processor.py:830} INFO - Processing file /opt/airflow/dags/gcs_load_dag.py for tasks to queue
[2025-08-01T23:40:55.693+0000] {logging_mixin.py:188} INFO - [2025-08-01T23:40:55.692+0000] {dagbag.py:545} INFO - Filling up the DagBag from /opt/airflow/dags/gcs_load_dag.py
[2025-08-01T23:40:59.041+0000] {processor.py:840} INFO - DAG(s) 'gcs_extract_and_load_v1' retrieved from /opt/airflow/dags/gcs_load_dag.py
[2025-08-01T23:40:59.099+0000] {logging_mixin.py:188} INFO - [2025-08-01T23:40:59.097+0000] {dag.py:3096} INFO - Sync 1 DAGs
[2025-08-01T23:40:59.129+0000] {logging_mixin.py:188} INFO - [2025-08-01T23:40:59.129+0000] {dag.py:3954} INFO - Setting next_dagrun for gcs_extract_and_load_v1 to None, run_after=None
[2025-08-01T23:40:59.200+0000] {processor.py:183} INFO - Processing /opt/airflow/dags/gcs_load_dag.py took 3.546 seconds
