[2025-08-04T18:59:49.884+0000] {processor.py:161} INFO - Started process (PID=82) to work on /home/airflow/.local/lib/python3.12/site-packages/airflow/example_dags/example_dag_decorator.py
[2025-08-04T18:59:49.886+0000] {processor.py:830} INFO - Processing file /home/airflow/.local/lib/python3.12/site-packages/airflow/example_dags/example_dag_decorator.py for tasks to queue
[2025-08-04T18:59:49.889+0000] {logging_mixin.py:188} INFO - [2025-08-04T18:59:49.888+0000] {dagbag.py:545} INFO - Filling up the DagBag from /home/airflow/.local/lib/python3.12/site-packages/airflow/example_dags/example_dag_decorator.py
[2025-08-04T18:59:50.398+0000] {processor.py:840} INFO - DAG(s) 'example_dag_decorator' retrieved from /home/airflow/.local/lib/python3.12/site-packages/airflow/example_dags/example_dag_decorator.py
[2025-08-04T18:59:50.559+0000] {logging_mixin.py:188} INFO - [2025-08-04T18:59:50.558+0000] {dag.py:3096} INFO - Sync 1 DAGs
[2025-08-04T18:59:50.578+0000] {logging_mixin.py:188} INFO - [2025-08-04T18:59:50.577+0000] {dag.py:3954} INFO - Setting next_dagrun for example_dag_decorator to None, run_after=None
[2025-08-04T18:59:50.614+0000] {processor.py:183} INFO - Processing /home/airflow/.local/lib/python3.12/site-packages/airflow/example_dags/example_dag_decorator.py took 0.739 seconds
[2025-08-04T19:00:20.693+0000] {processor.py:161} INFO - Started process (PID=143) to work on /home/airflow/.local/lib/python3.12/site-packages/airflow/example_dags/example_dag_decorator.py
[2025-08-04T19:00:20.695+0000] {processor.py:830} INFO - Processing file /home/airflow/.local/lib/python3.12/site-packages/airflow/example_dags/example_dag_decorator.py for tasks to queue
[2025-08-04T19:00:20.699+0000] {logging_mixin.py:188} INFO - [2025-08-04T19:00:20.699+0000] {dagbag.py:545} INFO - Filling up the DagBag from /home/airflow/.local/lib/python3.12/site-packages/airflow/example_dags/example_dag_decorator.py
[2025-08-04T19:00:20.856+0000] {processor.py:840} INFO - DAG(s) 'example_dag_decorator' retrieved from /home/airflow/.local/lib/python3.12/site-packages/airflow/example_dags/example_dag_decorator.py
[2025-08-04T19:00:21.032+0000] {logging_mixin.py:188} INFO - [2025-08-04T19:00:21.031+0000] {dag.py:3096} INFO - Sync 1 DAGs
[2025-08-04T19:00:21.050+0000] {logging_mixin.py:188} INFO - [2025-08-04T19:00:21.049+0000] {dag.py:3954} INFO - Setting next_dagrun for example_dag_decorator to None, run_after=None
[2025-08-04T19:00:21.082+0000] {processor.py:183} INFO - Processing /home/airflow/.local/lib/python3.12/site-packages/airflow/example_dags/example_dag_decorator.py took 0.400 seconds
[2025-08-04T19:00:51.890+0000] {processor.py:161} INFO - Started process (PID=204) to work on /home/airflow/.local/lib/python3.12/site-packages/airflow/example_dags/example_dag_decorator.py
[2025-08-04T19:00:51.892+0000] {processor.py:830} INFO - Processing file /home/airflow/.local/lib/python3.12/site-packages/airflow/example_dags/example_dag_decorator.py for tasks to queue
[2025-08-04T19:00:51.896+0000] {logging_mixin.py:188} INFO - [2025-08-04T19:00:51.895+0000] {dagbag.py:545} INFO - Filling up the DagBag from /home/airflow/.local/lib/python3.12/site-packages/airflow/example_dags/example_dag_decorator.py
[2025-08-04T19:00:52.058+0000] {processor.py:840} INFO - DAG(s) 'example_dag_decorator' retrieved from /home/airflow/.local/lib/python3.12/site-packages/airflow/example_dags/example_dag_decorator.py
[2025-08-04T19:00:52.240+0000] {logging_mixin.py:188} INFO - [2025-08-04T19:00:52.239+0000] {dag.py:3096} INFO - Sync 1 DAGs
[2025-08-04T19:00:52.255+0000] {logging_mixin.py:188} INFO - [2025-08-04T19:00:52.255+0000] {dag.py:3954} INFO - Setting next_dagrun for example_dag_decorator to None, run_after=None
[2025-08-04T19:00:52.286+0000] {processor.py:183} INFO - Processing /home/airflow/.local/lib/python3.12/site-packages/airflow/example_dags/example_dag_decorator.py took 0.407 seconds
[2025-08-04T19:01:23.052+0000] {processor.py:161} INFO - Started process (PID=267) to work on /home/airflow/.local/lib/python3.12/site-packages/airflow/example_dags/example_dag_decorator.py
[2025-08-04T19:01:23.055+0000] {processor.py:830} INFO - Processing file /home/airflow/.local/lib/python3.12/site-packages/airflow/example_dags/example_dag_decorator.py for tasks to queue
[2025-08-04T19:01:23.059+0000] {logging_mixin.py:188} INFO - [2025-08-04T19:01:23.058+0000] {dagbag.py:545} INFO - Filling up the DagBag from /home/airflow/.local/lib/python3.12/site-packages/airflow/example_dags/example_dag_decorator.py
[2025-08-04T19:01:23.230+0000] {processor.py:840} INFO - DAG(s) 'example_dag_decorator' retrieved from /home/airflow/.local/lib/python3.12/site-packages/airflow/example_dags/example_dag_decorator.py
[2025-08-04T19:01:23.411+0000] {logging_mixin.py:188} INFO - [2025-08-04T19:01:23.409+0000] {dag.py:3096} INFO - Sync 1 DAGs
[2025-08-04T19:01:23.437+0000] {logging_mixin.py:188} INFO - [2025-08-04T19:01:23.437+0000] {dag.py:3954} INFO - Setting next_dagrun for example_dag_decorator to None, run_after=None
[2025-08-04T19:01:23.483+0000] {processor.py:183} INFO - Processing /home/airflow/.local/lib/python3.12/site-packages/airflow/example_dags/example_dag_decorator.py took 0.442 seconds
[2025-08-04T19:01:54.056+0000] {processor.py:161} INFO - Started process (PID=328) to work on /home/airflow/.local/lib/python3.12/site-packages/airflow/example_dags/example_dag_decorator.py
[2025-08-04T19:01:54.058+0000] {processor.py:830} INFO - Processing file /home/airflow/.local/lib/python3.12/site-packages/airflow/example_dags/example_dag_decorator.py for tasks to queue
[2025-08-04T19:01:54.062+0000] {logging_mixin.py:188} INFO - [2025-08-04T19:01:54.061+0000] {dagbag.py:545} INFO - Filling up the DagBag from /home/airflow/.local/lib/python3.12/site-packages/airflow/example_dags/example_dag_decorator.py
[2025-08-04T19:01:54.233+0000] {processor.py:840} INFO - DAG(s) 'example_dag_decorator' retrieved from /home/airflow/.local/lib/python3.12/site-packages/airflow/example_dags/example_dag_decorator.py
[2025-08-04T19:01:54.274+0000] {logging_mixin.py:188} INFO - [2025-08-04T19:01:54.274+0000] {dag.py:3096} INFO - Sync 1 DAGs
[2025-08-04T19:01:54.297+0000] {logging_mixin.py:188} INFO - [2025-08-04T19:01:54.296+0000] {dag.py:3954} INFO - Setting next_dagrun for example_dag_decorator to None, run_after=None
[2025-08-04T19:01:54.329+0000] {processor.py:183} INFO - Processing /home/airflow/.local/lib/python3.12/site-packages/airflow/example_dags/example_dag_decorator.py took 0.284 seconds
[2025-08-04T19:02:24.586+0000] {processor.py:161} INFO - Started process (PID=390) to work on /home/airflow/.local/lib/python3.12/site-packages/airflow/example_dags/example_dag_decorator.py
[2025-08-04T19:02:24.587+0000] {processor.py:830} INFO - Processing file /home/airflow/.local/lib/python3.12/site-packages/airflow/example_dags/example_dag_decorator.py for tasks to queue
[2025-08-04T19:02:24.590+0000] {logging_mixin.py:188} INFO - [2025-08-04T19:02:24.590+0000] {dagbag.py:545} INFO - Filling up the DagBag from /home/airflow/.local/lib/python3.12/site-packages/airflow/example_dags/example_dag_decorator.py
[2025-08-04T19:02:24.751+0000] {processor.py:840} INFO - DAG(s) 'example_dag_decorator' retrieved from /home/airflow/.local/lib/python3.12/site-packages/airflow/example_dags/example_dag_decorator.py
[2025-08-04T19:02:24.791+0000] {logging_mixin.py:188} INFO - [2025-08-04T19:02:24.790+0000] {dag.py:3096} INFO - Sync 1 DAGs
[2025-08-04T19:02:24.808+0000] {logging_mixin.py:188} INFO - [2025-08-04T19:02:24.808+0000] {dag.py:3954} INFO - Setting next_dagrun for example_dag_decorator to None, run_after=None
[2025-08-04T19:02:24.845+0000] {processor.py:183} INFO - Processing /home/airflow/.local/lib/python3.12/site-packages/airflow/example_dags/example_dag_decorator.py took 0.267 seconds
[2025-08-04T19:02:54.951+0000] {processor.py:161} INFO - Started process (PID=449) to work on /home/airflow/.local/lib/python3.12/site-packages/airflow/example_dags/example_dag_decorator.py
[2025-08-04T19:02:54.953+0000] {processor.py:830} INFO - Processing file /home/airflow/.local/lib/python3.12/site-packages/airflow/example_dags/example_dag_decorator.py for tasks to queue
[2025-08-04T19:02:54.958+0000] {logging_mixin.py:188} INFO - [2025-08-04T19:02:54.958+0000] {dagbag.py:545} INFO - Filling up the DagBag from /home/airflow/.local/lib/python3.12/site-packages/airflow/example_dags/example_dag_decorator.py
[2025-08-04T19:02:55.146+0000] {processor.py:840} INFO - DAG(s) 'example_dag_decorator' retrieved from /home/airflow/.local/lib/python3.12/site-packages/airflow/example_dags/example_dag_decorator.py
[2025-08-04T19:02:55.320+0000] {logging_mixin.py:188} INFO - [2025-08-04T19:02:55.319+0000] {dag.py:3096} INFO - Sync 1 DAGs
[2025-08-04T19:02:55.337+0000] {logging_mixin.py:188} INFO - [2025-08-04T19:02:55.337+0000] {dag.py:3954} INFO - Setting next_dagrun for example_dag_decorator to None, run_after=None
[2025-08-04T19:02:55.379+0000] {processor.py:183} INFO - Processing /home/airflow/.local/lib/python3.12/site-packages/airflow/example_dags/example_dag_decorator.py took 0.438 seconds
[2025-08-04T19:03:26.288+0000] {processor.py:161} INFO - Started process (PID=511) to work on /home/airflow/.local/lib/python3.12/site-packages/airflow/example_dags/example_dag_decorator.py
[2025-08-04T19:03:26.290+0000] {processor.py:830} INFO - Processing file /home/airflow/.local/lib/python3.12/site-packages/airflow/example_dags/example_dag_decorator.py for tasks to queue
[2025-08-04T19:03:26.294+0000] {logging_mixin.py:188} INFO - [2025-08-04T19:03:26.294+0000] {dagbag.py:545} INFO - Filling up the DagBag from /home/airflow/.local/lib/python3.12/site-packages/airflow/example_dags/example_dag_decorator.py
[2025-08-04T19:03:26.496+0000] {processor.py:840} INFO - DAG(s) 'example_dag_decorator' retrieved from /home/airflow/.local/lib/python3.12/site-packages/airflow/example_dags/example_dag_decorator.py
[2025-08-04T19:03:26.681+0000] {logging_mixin.py:188} INFO - [2025-08-04T19:03:26.680+0000] {dag.py:3096} INFO - Sync 1 DAGs
[2025-08-04T19:03:26.700+0000] {logging_mixin.py:188} INFO - [2025-08-04T19:03:26.699+0000] {dag.py:3954} INFO - Setting next_dagrun for example_dag_decorator to None, run_after=None
[2025-08-04T19:03:26.741+0000] {processor.py:183} INFO - Processing /home/airflow/.local/lib/python3.12/site-packages/airflow/example_dags/example_dag_decorator.py took 0.465 seconds
[2025-08-04T19:03:56.918+0000] {processor.py:161} INFO - Started process (PID=571) to work on /home/airflow/.local/lib/python3.12/site-packages/airflow/example_dags/example_dag_decorator.py
[2025-08-04T19:03:56.921+0000] {processor.py:830} INFO - Processing file /home/airflow/.local/lib/python3.12/site-packages/airflow/example_dags/example_dag_decorator.py for tasks to queue
[2025-08-04T19:03:56.924+0000] {logging_mixin.py:188} INFO - [2025-08-04T19:03:56.924+0000] {dagbag.py:545} INFO - Filling up the DagBag from /home/airflow/.local/lib/python3.12/site-packages/airflow/example_dags/example_dag_decorator.py
[2025-08-04T19:03:57.073+0000] {processor.py:840} INFO - DAG(s) 'example_dag_decorator' retrieved from /home/airflow/.local/lib/python3.12/site-packages/airflow/example_dags/example_dag_decorator.py
[2025-08-04T19:03:57.245+0000] {logging_mixin.py:188} INFO - [2025-08-04T19:03:57.244+0000] {dag.py:3096} INFO - Sync 1 DAGs
[2025-08-04T19:03:57.261+0000] {logging_mixin.py:188} INFO - [2025-08-04T19:03:57.261+0000] {dag.py:3954} INFO - Setting next_dagrun for example_dag_decorator to None, run_after=None
[2025-08-04T19:03:57.292+0000] {processor.py:183} INFO - Processing /home/airflow/.local/lib/python3.12/site-packages/airflow/example_dags/example_dag_decorator.py took 0.384 seconds
[2025-08-04T19:04:28.126+0000] {processor.py:161} INFO - Started process (PID=633) to work on /home/airflow/.local/lib/python3.12/site-packages/airflow/example_dags/example_dag_decorator.py
[2025-08-04T19:04:28.143+0000] {processor.py:830} INFO - Processing file /home/airflow/.local/lib/python3.12/site-packages/airflow/example_dags/example_dag_decorator.py for tasks to queue
[2025-08-04T19:04:28.156+0000] {logging_mixin.py:188} INFO - [2025-08-04T19:04:28.155+0000] {dagbag.py:545} INFO - Filling up the DagBag from /home/airflow/.local/lib/python3.12/site-packages/airflow/example_dags/example_dag_decorator.py
[2025-08-04T19:04:28.482+0000] {processor.py:840} INFO - DAG(s) 'example_dag_decorator' retrieved from /home/airflow/.local/lib/python3.12/site-packages/airflow/example_dags/example_dag_decorator.py
[2025-08-04T19:04:28.651+0000] {logging_mixin.py:188} INFO - [2025-08-04T19:04:28.650+0000] {dag.py:3096} INFO - Sync 1 DAGs
[2025-08-04T19:04:28.670+0000] {logging_mixin.py:188} INFO - [2025-08-04T19:04:28.669+0000] {dag.py:3954} INFO - Setting next_dagrun for example_dag_decorator to None, run_after=None
[2025-08-04T19:04:28.706+0000] {processor.py:183} INFO - Processing /home/airflow/.local/lib/python3.12/site-packages/airflow/example_dags/example_dag_decorator.py took 0.604 seconds
[2025-08-04T19:04:58.912+0000] {processor.py:161} INFO - Started process (PID=694) to work on /home/airflow/.local/lib/python3.12/site-packages/airflow/example_dags/example_dag_decorator.py
[2025-08-04T19:04:58.914+0000] {processor.py:830} INFO - Processing file /home/airflow/.local/lib/python3.12/site-packages/airflow/example_dags/example_dag_decorator.py for tasks to queue
[2025-08-04T19:04:58.918+0000] {logging_mixin.py:188} INFO - [2025-08-04T19:04:58.917+0000] {dagbag.py:545} INFO - Filling up the DagBag from /home/airflow/.local/lib/python3.12/site-packages/airflow/example_dags/example_dag_decorator.py
[2025-08-04T19:04:59.106+0000] {processor.py:840} INFO - DAG(s) 'example_dag_decorator' retrieved from /home/airflow/.local/lib/python3.12/site-packages/airflow/example_dags/example_dag_decorator.py
[2025-08-04T19:04:59.313+0000] {logging_mixin.py:188} INFO - [2025-08-04T19:04:59.312+0000] {dag.py:3096} INFO - Sync 1 DAGs
[2025-08-04T19:04:59.335+0000] {logging_mixin.py:188} INFO - [2025-08-04T19:04:59.334+0000] {dag.py:3954} INFO - Setting next_dagrun for example_dag_decorator to None, run_after=None
[2025-08-04T19:04:59.373+0000] {processor.py:183} INFO - Processing /home/airflow/.local/lib/python3.12/site-packages/airflow/example_dags/example_dag_decorator.py took 0.472 seconds
[2025-08-04T19:05:29.532+0000] {processor.py:161} INFO - Started process (PID=755) to work on /home/airflow/.local/lib/python3.12/site-packages/airflow/example_dags/example_dag_decorator.py
[2025-08-04T19:05:29.535+0000] {processor.py:830} INFO - Processing file /home/airflow/.local/lib/python3.12/site-packages/airflow/example_dags/example_dag_decorator.py for tasks to queue
[2025-08-04T19:05:29.539+0000] {logging_mixin.py:188} INFO - [2025-08-04T19:05:29.538+0000] {dagbag.py:545} INFO - Filling up the DagBag from /home/airflow/.local/lib/python3.12/site-packages/airflow/example_dags/example_dag_decorator.py
[2025-08-04T19:05:29.745+0000] {processor.py:840} INFO - DAG(s) 'example_dag_decorator' retrieved from /home/airflow/.local/lib/python3.12/site-packages/airflow/example_dags/example_dag_decorator.py
[2025-08-04T19:05:29.934+0000] {logging_mixin.py:188} INFO - [2025-08-04T19:05:29.933+0000] {dag.py:3096} INFO - Sync 1 DAGs
[2025-08-04T19:05:29.953+0000] {logging_mixin.py:188} INFO - [2025-08-04T19:05:29.953+0000] {dag.py:3954} INFO - Setting next_dagrun for example_dag_decorator to None, run_after=None
[2025-08-04T19:05:29.992+0000] {processor.py:183} INFO - Processing /home/airflow/.local/lib/python3.12/site-packages/airflow/example_dags/example_dag_decorator.py took 0.471 seconds
[2025-08-04T19:06:00.119+0000] {processor.py:161} INFO - Started process (PID=817) to work on /home/airflow/.local/lib/python3.12/site-packages/airflow/example_dags/example_dag_decorator.py
[2025-08-04T19:06:00.121+0000] {processor.py:830} INFO - Processing file /home/airflow/.local/lib/python3.12/site-packages/airflow/example_dags/example_dag_decorator.py for tasks to queue
[2025-08-04T19:06:00.126+0000] {logging_mixin.py:188} INFO - [2025-08-04T19:06:00.126+0000] {dagbag.py:545} INFO - Filling up the DagBag from /home/airflow/.local/lib/python3.12/site-packages/airflow/example_dags/example_dag_decorator.py
[2025-08-04T19:06:00.337+0000] {processor.py:840} INFO - DAG(s) 'example_dag_decorator' retrieved from /home/airflow/.local/lib/python3.12/site-packages/airflow/example_dags/example_dag_decorator.py
[2025-08-04T19:06:00.558+0000] {logging_mixin.py:188} INFO - [2025-08-04T19:06:00.557+0000] {dag.py:3096} INFO - Sync 1 DAGs
[2025-08-04T19:06:00.577+0000] {logging_mixin.py:188} INFO - [2025-08-04T19:06:00.577+0000] {dag.py:3954} INFO - Setting next_dagrun for example_dag_decorator to None, run_after=None
[2025-08-04T19:06:00.613+0000] {processor.py:183} INFO - Processing /home/airflow/.local/lib/python3.12/site-packages/airflow/example_dags/example_dag_decorator.py took 0.511 seconds
[2025-08-04T19:06:30.789+0000] {processor.py:161} INFO - Started process (PID=877) to work on /home/airflow/.local/lib/python3.12/site-packages/airflow/example_dags/example_dag_decorator.py
[2025-08-04T19:06:30.792+0000] {processor.py:830} INFO - Processing file /home/airflow/.local/lib/python3.12/site-packages/airflow/example_dags/example_dag_decorator.py for tasks to queue
[2025-08-04T19:06:30.796+0000] {logging_mixin.py:188} INFO - [2025-08-04T19:06:30.796+0000] {dagbag.py:545} INFO - Filling up the DagBag from /home/airflow/.local/lib/python3.12/site-packages/airflow/example_dags/example_dag_decorator.py
[2025-08-04T19:06:30.996+0000] {processor.py:840} INFO - DAG(s) 'example_dag_decorator' retrieved from /home/airflow/.local/lib/python3.12/site-packages/airflow/example_dags/example_dag_decorator.py
[2025-08-04T19:06:31.233+0000] {logging_mixin.py:188} INFO - [2025-08-04T19:06:31.231+0000] {dag.py:3096} INFO - Sync 1 DAGs
[2025-08-04T19:06:31.261+0000] {logging_mixin.py:188} INFO - [2025-08-04T19:06:31.260+0000] {dag.py:3954} INFO - Setting next_dagrun for example_dag_decorator to None, run_after=None
[2025-08-04T19:06:31.318+0000] {processor.py:183} INFO - Processing /home/airflow/.local/lib/python3.12/site-packages/airflow/example_dags/example_dag_decorator.py took 0.542 seconds
[2025-08-04T19:07:01.402+0000] {processor.py:161} INFO - Started process (PID=939) to work on /home/airflow/.local/lib/python3.12/site-packages/airflow/example_dags/example_dag_decorator.py
[2025-08-04T19:07:01.404+0000] {processor.py:830} INFO - Processing file /home/airflow/.local/lib/python3.12/site-packages/airflow/example_dags/example_dag_decorator.py for tasks to queue
[2025-08-04T19:07:01.409+0000] {logging_mixin.py:188} INFO - [2025-08-04T19:07:01.408+0000] {dagbag.py:545} INFO - Filling up the DagBag from /home/airflow/.local/lib/python3.12/site-packages/airflow/example_dags/example_dag_decorator.py
[2025-08-04T19:07:01.617+0000] {processor.py:840} INFO - DAG(s) 'example_dag_decorator' retrieved from /home/airflow/.local/lib/python3.12/site-packages/airflow/example_dags/example_dag_decorator.py
[2025-08-04T19:07:01.795+0000] {logging_mixin.py:188} INFO - [2025-08-04T19:07:01.794+0000] {dag.py:3096} INFO - Sync 1 DAGs
[2025-08-04T19:07:01.816+0000] {logging_mixin.py:188} INFO - [2025-08-04T19:07:01.816+0000] {dag.py:3954} INFO - Setting next_dagrun for example_dag_decorator to None, run_after=None
[2025-08-04T19:07:01.852+0000] {processor.py:183} INFO - Processing /home/airflow/.local/lib/python3.12/site-packages/airflow/example_dags/example_dag_decorator.py took 0.464 seconds
[2025-08-04T19:07:31.969+0000] {processor.py:161} INFO - Started process (PID=1001) to work on /home/airflow/.local/lib/python3.12/site-packages/airflow/example_dags/example_dag_decorator.py
[2025-08-04T19:07:31.971+0000] {processor.py:830} INFO - Processing file /home/airflow/.local/lib/python3.12/site-packages/airflow/example_dags/example_dag_decorator.py for tasks to queue
[2025-08-04T19:07:31.974+0000] {logging_mixin.py:188} INFO - [2025-08-04T19:07:31.974+0000] {dagbag.py:545} INFO - Filling up the DagBag from /home/airflow/.local/lib/python3.12/site-packages/airflow/example_dags/example_dag_decorator.py
[2025-08-04T19:07:32.156+0000] {processor.py:840} INFO - DAG(s) 'example_dag_decorator' retrieved from /home/airflow/.local/lib/python3.12/site-packages/airflow/example_dags/example_dag_decorator.py
[2025-08-04T19:07:32.350+0000] {logging_mixin.py:188} INFO - [2025-08-04T19:07:32.349+0000] {dag.py:3096} INFO - Sync 1 DAGs
[2025-08-04T19:07:32.372+0000] {logging_mixin.py:188} INFO - [2025-08-04T19:07:32.372+0000] {dag.py:3954} INFO - Setting next_dagrun for example_dag_decorator to None, run_after=None
[2025-08-04T19:07:32.426+0000] {processor.py:183} INFO - Processing /home/airflow/.local/lib/python3.12/site-packages/airflow/example_dags/example_dag_decorator.py took 0.465 seconds
[2025-08-04T19:08:02.700+0000] {processor.py:161} INFO - Started process (PID=1064) to work on /home/airflow/.local/lib/python3.12/site-packages/airflow/example_dags/example_dag_decorator.py
[2025-08-04T19:08:02.702+0000] {processor.py:830} INFO - Processing file /home/airflow/.local/lib/python3.12/site-packages/airflow/example_dags/example_dag_decorator.py for tasks to queue
[2025-08-04T19:08:02.705+0000] {logging_mixin.py:188} INFO - [2025-08-04T19:08:02.704+0000] {dagbag.py:545} INFO - Filling up the DagBag from /home/airflow/.local/lib/python3.12/site-packages/airflow/example_dags/example_dag_decorator.py
[2025-08-04T19:08:02.874+0000] {processor.py:840} INFO - DAG(s) 'example_dag_decorator' retrieved from /home/airflow/.local/lib/python3.12/site-packages/airflow/example_dags/example_dag_decorator.py
[2025-08-04T19:08:03.033+0000] {logging_mixin.py:188} INFO - [2025-08-04T19:08:03.032+0000] {dag.py:3096} INFO - Sync 1 DAGs
[2025-08-04T19:08:03.048+0000] {logging_mixin.py:188} INFO - [2025-08-04T19:08:03.047+0000] {dag.py:3954} INFO - Setting next_dagrun for example_dag_decorator to None, run_after=None
[2025-08-04T19:08:03.086+0000] {processor.py:183} INFO - Processing /home/airflow/.local/lib/python3.12/site-packages/airflow/example_dags/example_dag_decorator.py took 0.394 seconds
[2025-08-04T19:08:33.171+0000] {processor.py:161} INFO - Started process (PID=1125) to work on /home/airflow/.local/lib/python3.12/site-packages/airflow/example_dags/example_dag_decorator.py
[2025-08-04T19:08:33.173+0000] {processor.py:830} INFO - Processing file /home/airflow/.local/lib/python3.12/site-packages/airflow/example_dags/example_dag_decorator.py for tasks to queue
[2025-08-04T19:08:33.177+0000] {logging_mixin.py:188} INFO - [2025-08-04T19:08:33.177+0000] {dagbag.py:545} INFO - Filling up the DagBag from /home/airflow/.local/lib/python3.12/site-packages/airflow/example_dags/example_dag_decorator.py
[2025-08-04T19:08:33.359+0000] {processor.py:840} INFO - DAG(s) 'example_dag_decorator' retrieved from /home/airflow/.local/lib/python3.12/site-packages/airflow/example_dags/example_dag_decorator.py
[2025-08-04T19:08:33.399+0000] {logging_mixin.py:188} INFO - [2025-08-04T19:08:33.398+0000] {dag.py:3096} INFO - Sync 1 DAGs
[2025-08-04T19:08:33.417+0000] {logging_mixin.py:188} INFO - [2025-08-04T19:08:33.417+0000] {dag.py:3954} INFO - Setting next_dagrun for example_dag_decorator to None, run_after=None
[2025-08-04T19:08:33.457+0000] {processor.py:183} INFO - Processing /home/airflow/.local/lib/python3.12/site-packages/airflow/example_dags/example_dag_decorator.py took 0.299 seconds
[2025-08-04T19:09:03.791+0000] {processor.py:161} INFO - Started process (PID=1186) to work on /home/airflow/.local/lib/python3.12/site-packages/airflow/example_dags/example_dag_decorator.py
[2025-08-04T19:09:03.794+0000] {processor.py:830} INFO - Processing file /home/airflow/.local/lib/python3.12/site-packages/airflow/example_dags/example_dag_decorator.py for tasks to queue
[2025-08-04T19:09:03.798+0000] {logging_mixin.py:188} INFO - [2025-08-04T19:09:03.797+0000] {dagbag.py:545} INFO - Filling up the DagBag from /home/airflow/.local/lib/python3.12/site-packages/airflow/example_dags/example_dag_decorator.py
[2025-08-04T19:09:03.987+0000] {processor.py:840} INFO - DAG(s) 'example_dag_decorator' retrieved from /home/airflow/.local/lib/python3.12/site-packages/airflow/example_dags/example_dag_decorator.py
[2025-08-04T19:09:04.054+0000] {logging_mixin.py:188} INFO - [2025-08-04T19:09:04.052+0000] {dag.py:3096} INFO - Sync 1 DAGs
[2025-08-04T19:09:04.080+0000] {logging_mixin.py:188} INFO - [2025-08-04T19:09:04.080+0000] {dag.py:3954} INFO - Setting next_dagrun for example_dag_decorator to None, run_after=None
[2025-08-04T19:09:04.124+0000] {processor.py:183} INFO - Processing /home/airflow/.local/lib/python3.12/site-packages/airflow/example_dags/example_dag_decorator.py took 0.345 seconds
[2025-08-04T19:09:34.272+0000] {processor.py:161} INFO - Started process (PID=1247) to work on /home/airflow/.local/lib/python3.12/site-packages/airflow/example_dags/example_dag_decorator.py
[2025-08-04T19:09:34.275+0000] {processor.py:830} INFO - Processing file /home/airflow/.local/lib/python3.12/site-packages/airflow/example_dags/example_dag_decorator.py for tasks to queue
[2025-08-04T19:09:34.279+0000] {logging_mixin.py:188} INFO - [2025-08-04T19:09:34.278+0000] {dagbag.py:545} INFO - Filling up the DagBag from /home/airflow/.local/lib/python3.12/site-packages/airflow/example_dags/example_dag_decorator.py
[2025-08-04T19:09:34.455+0000] {processor.py:840} INFO - DAG(s) 'example_dag_decorator' retrieved from /home/airflow/.local/lib/python3.12/site-packages/airflow/example_dags/example_dag_decorator.py
[2025-08-04T19:09:34.682+0000] {logging_mixin.py:188} INFO - [2025-08-04T19:09:34.680+0000] {dag.py:3096} INFO - Sync 1 DAGs
[2025-08-04T19:09:34.709+0000] {logging_mixin.py:188} INFO - [2025-08-04T19:09:34.708+0000] {dag.py:3954} INFO - Setting next_dagrun for example_dag_decorator to None, run_after=None
[2025-08-04T19:09:34.758+0000] {processor.py:183} INFO - Processing /home/airflow/.local/lib/python3.12/site-packages/airflow/example_dags/example_dag_decorator.py took 0.499 seconds
[2025-08-04T19:10:04.940+0000] {processor.py:161} INFO - Started process (PID=1311) to work on /home/airflow/.local/lib/python3.12/site-packages/airflow/example_dags/example_dag_decorator.py
[2025-08-04T19:10:04.942+0000] {processor.py:830} INFO - Processing file /home/airflow/.local/lib/python3.12/site-packages/airflow/example_dags/example_dag_decorator.py for tasks to queue
[2025-08-04T19:10:04.947+0000] {logging_mixin.py:188} INFO - [2025-08-04T19:10:04.946+0000] {dagbag.py:545} INFO - Filling up the DagBag from /home/airflow/.local/lib/python3.12/site-packages/airflow/example_dags/example_dag_decorator.py
[2025-08-04T19:10:05.119+0000] {processor.py:840} INFO - DAG(s) 'example_dag_decorator' retrieved from /home/airflow/.local/lib/python3.12/site-packages/airflow/example_dags/example_dag_decorator.py
[2025-08-04T19:10:05.319+0000] {logging_mixin.py:188} INFO - [2025-08-04T19:10:05.317+0000] {dag.py:3096} INFO - Sync 1 DAGs
[2025-08-04T19:10:05.351+0000] {logging_mixin.py:188} INFO - [2025-08-04T19:10:05.350+0000] {dag.py:3954} INFO - Setting next_dagrun for example_dag_decorator to None, run_after=None
[2025-08-04T19:10:05.402+0000] {processor.py:183} INFO - Processing /home/airflow/.local/lib/python3.12/site-packages/airflow/example_dags/example_dag_decorator.py took 0.472 seconds
[2025-08-04T19:10:35.545+0000] {processor.py:161} INFO - Started process (PID=1373) to work on /home/airflow/.local/lib/python3.12/site-packages/airflow/example_dags/example_dag_decorator.py
[2025-08-04T19:10:35.548+0000] {processor.py:830} INFO - Processing file /home/airflow/.local/lib/python3.12/site-packages/airflow/example_dags/example_dag_decorator.py for tasks to queue
[2025-08-04T19:10:35.552+0000] {logging_mixin.py:188} INFO - [2025-08-04T19:10:35.551+0000] {dagbag.py:545} INFO - Filling up the DagBag from /home/airflow/.local/lib/python3.12/site-packages/airflow/example_dags/example_dag_decorator.py
[2025-08-04T19:10:35.720+0000] {processor.py:840} INFO - DAG(s) 'example_dag_decorator' retrieved from /home/airflow/.local/lib/python3.12/site-packages/airflow/example_dags/example_dag_decorator.py
[2025-08-04T19:10:35.943+0000] {logging_mixin.py:188} INFO - [2025-08-04T19:10:35.942+0000] {dag.py:3096} INFO - Sync 1 DAGs
[2025-08-04T19:10:35.981+0000] {logging_mixin.py:188} INFO - [2025-08-04T19:10:35.980+0000] {dag.py:3954} INFO - Setting next_dagrun for example_dag_decorator to None, run_after=None
[2025-08-04T19:10:36.041+0000] {processor.py:183} INFO - Processing /home/airflow/.local/lib/python3.12/site-packages/airflow/example_dags/example_dag_decorator.py took 0.508 seconds
[2025-08-04T19:11:06.243+0000] {processor.py:161} INFO - Started process (PID=1434) to work on /home/airflow/.local/lib/python3.12/site-packages/airflow/example_dags/example_dag_decorator.py
[2025-08-04T19:11:06.245+0000] {processor.py:830} INFO - Processing file /home/airflow/.local/lib/python3.12/site-packages/airflow/example_dags/example_dag_decorator.py for tasks to queue
[2025-08-04T19:11:06.248+0000] {logging_mixin.py:188} INFO - [2025-08-04T19:11:06.248+0000] {dagbag.py:545} INFO - Filling up the DagBag from /home/airflow/.local/lib/python3.12/site-packages/airflow/example_dags/example_dag_decorator.py
[2025-08-04T19:11:06.419+0000] {processor.py:840} INFO - DAG(s) 'example_dag_decorator' retrieved from /home/airflow/.local/lib/python3.12/site-packages/airflow/example_dags/example_dag_decorator.py
[2025-08-04T19:11:06.699+0000] {logging_mixin.py:188} INFO - [2025-08-04T19:11:06.697+0000] {dag.py:3096} INFO - Sync 1 DAGs
[2025-08-04T19:11:06.733+0000] {logging_mixin.py:188} INFO - [2025-08-04T19:11:06.732+0000] {dag.py:3954} INFO - Setting next_dagrun for example_dag_decorator to None, run_after=None
[2025-08-04T19:11:06.792+0000] {processor.py:183} INFO - Processing /home/airflow/.local/lib/python3.12/site-packages/airflow/example_dags/example_dag_decorator.py took 0.561 seconds
[2025-08-04T19:11:37.165+0000] {processor.py:161} INFO - Started process (PID=1502) to work on /home/airflow/.local/lib/python3.12/site-packages/airflow/example_dags/example_dag_decorator.py
[2025-08-04T19:11:37.168+0000] {processor.py:830} INFO - Processing file /home/airflow/.local/lib/python3.12/site-packages/airflow/example_dags/example_dag_decorator.py for tasks to queue
[2025-08-04T19:11:37.172+0000] {logging_mixin.py:188} INFO - [2025-08-04T19:11:37.171+0000] {dagbag.py:545} INFO - Filling up the DagBag from /home/airflow/.local/lib/python3.12/site-packages/airflow/example_dags/example_dag_decorator.py
[2025-08-04T19:11:37.346+0000] {processor.py:840} INFO - DAG(s) 'example_dag_decorator' retrieved from /home/airflow/.local/lib/python3.12/site-packages/airflow/example_dags/example_dag_decorator.py
[2025-08-04T19:11:37.526+0000] {logging_mixin.py:188} INFO - [2025-08-04T19:11:37.525+0000] {dag.py:3096} INFO - Sync 1 DAGs
[2025-08-04T19:11:37.546+0000] {logging_mixin.py:188} INFO - [2025-08-04T19:11:37.545+0000] {dag.py:3954} INFO - Setting next_dagrun for example_dag_decorator to None, run_after=None
[2025-08-04T19:11:37.594+0000] {processor.py:183} INFO - Processing /home/airflow/.local/lib/python3.12/site-packages/airflow/example_dags/example_dag_decorator.py took 0.438 seconds
[2025-08-04T19:12:07.883+0000] {processor.py:161} INFO - Started process (PID=1565) to work on /home/airflow/.local/lib/python3.12/site-packages/airflow/example_dags/example_dag_decorator.py
[2025-08-04T19:12:07.886+0000] {processor.py:830} INFO - Processing file /home/airflow/.local/lib/python3.12/site-packages/airflow/example_dags/example_dag_decorator.py for tasks to queue
[2025-08-04T19:12:07.890+0000] {logging_mixin.py:188} INFO - [2025-08-04T19:12:07.890+0000] {dagbag.py:545} INFO - Filling up the DagBag from /home/airflow/.local/lib/python3.12/site-packages/airflow/example_dags/example_dag_decorator.py
[2025-08-04T19:12:08.174+0000] {processor.py:840} INFO - DAG(s) 'example_dag_decorator' retrieved from /home/airflow/.local/lib/python3.12/site-packages/airflow/example_dags/example_dag_decorator.py
[2025-08-04T19:12:08.354+0000] {logging_mixin.py:188} INFO - [2025-08-04T19:12:08.352+0000] {dag.py:3096} INFO - Sync 1 DAGs
[2025-08-04T19:12:08.373+0000] {logging_mixin.py:188} INFO - [2025-08-04T19:12:08.372+0000] {dag.py:3954} INFO - Setting next_dagrun for example_dag_decorator to None, run_after=None
[2025-08-04T19:12:08.417+0000] {processor.py:183} INFO - Processing /home/airflow/.local/lib/python3.12/site-packages/airflow/example_dags/example_dag_decorator.py took 0.549 seconds
[2025-08-04T19:12:39.008+0000] {processor.py:161} INFO - Started process (PID=1626) to work on /home/airflow/.local/lib/python3.12/site-packages/airflow/example_dags/example_dag_decorator.py
[2025-08-04T19:12:39.011+0000] {processor.py:830} INFO - Processing file /home/airflow/.local/lib/python3.12/site-packages/airflow/example_dags/example_dag_decorator.py for tasks to queue
[2025-08-04T19:12:39.016+0000] {logging_mixin.py:188} INFO - [2025-08-04T19:12:39.015+0000] {dagbag.py:545} INFO - Filling up the DagBag from /home/airflow/.local/lib/python3.12/site-packages/airflow/example_dags/example_dag_decorator.py
[2025-08-04T19:12:39.366+0000] {processor.py:840} INFO - DAG(s) 'example_dag_decorator' retrieved from /home/airflow/.local/lib/python3.12/site-packages/airflow/example_dags/example_dag_decorator.py
[2025-08-04T19:12:39.547+0000] {logging_mixin.py:188} INFO - [2025-08-04T19:12:39.546+0000] {dag.py:3096} INFO - Sync 1 DAGs
[2025-08-04T19:12:39.564+0000] {logging_mixin.py:188} INFO - [2025-08-04T19:12:39.564+0000] {dag.py:3954} INFO - Setting next_dagrun for example_dag_decorator to None, run_after=None
[2025-08-04T19:12:39.612+0000] {processor.py:183} INFO - Processing /home/airflow/.local/lib/python3.12/site-packages/airflow/example_dags/example_dag_decorator.py took 0.620 seconds
[2025-08-04T19:24:44.643+0000] {processor.py:161} INFO - Started process (PID=1670) to work on /home/airflow/.local/lib/python3.12/site-packages/airflow/example_dags/example_dag_decorator.py
[2025-08-04T19:24:44.646+0000] {processor.py:830} INFO - Processing file /home/airflow/.local/lib/python3.12/site-packages/airflow/example_dags/example_dag_decorator.py for tasks to queue
[2025-08-04T19:24:44.652+0000] {logging_mixin.py:188} INFO - [2025-08-04T19:24:44.651+0000] {dagbag.py:545} INFO - Filling up the DagBag from /home/airflow/.local/lib/python3.12/site-packages/airflow/example_dags/example_dag_decorator.py
[2025-08-04T19:24:44.941+0000] {processor.py:840} INFO - DAG(s) 'example_dag_decorator' retrieved from /home/airflow/.local/lib/python3.12/site-packages/airflow/example_dags/example_dag_decorator.py
[2025-08-04T19:24:45.260+0000] {logging_mixin.py:188} INFO - [2025-08-04T19:24:45.253+0000] {dag.py:3096} INFO - Sync 1 DAGs
[2025-08-04T19:24:45.287+0000] {logging_mixin.py:188} INFO - [2025-08-04T19:24:45.287+0000] {dag.py:3954} INFO - Setting next_dagrun for example_dag_decorator to None, run_after=None
[2025-08-04T19:24:45.338+0000] {processor.py:183} INFO - Processing /home/airflow/.local/lib/python3.12/site-packages/airflow/example_dags/example_dag_decorator.py took 0.714 seconds
[2025-08-04T19:25:15.448+0000] {processor.py:161} INFO - Started process (PID=1733) to work on /home/airflow/.local/lib/python3.12/site-packages/airflow/example_dags/example_dag_decorator.py
[2025-08-04T19:25:15.449+0000] {processor.py:830} INFO - Processing file /home/airflow/.local/lib/python3.12/site-packages/airflow/example_dags/example_dag_decorator.py for tasks to queue
[2025-08-04T19:25:15.452+0000] {logging_mixin.py:188} INFO - [2025-08-04T19:25:15.451+0000] {dagbag.py:545} INFO - Filling up the DagBag from /home/airflow/.local/lib/python3.12/site-packages/airflow/example_dags/example_dag_decorator.py
[2025-08-04T19:25:15.569+0000] {processor.py:840} INFO - DAG(s) 'example_dag_decorator' retrieved from /home/airflow/.local/lib/python3.12/site-packages/airflow/example_dags/example_dag_decorator.py
[2025-08-04T19:25:15.677+0000] {logging_mixin.py:188} INFO - [2025-08-04T19:25:15.677+0000] {dag.py:3096} INFO - Sync 1 DAGs
[2025-08-04T19:25:15.691+0000] {logging_mixin.py:188} INFO - [2025-08-04T19:25:15.691+0000] {dag.py:3954} INFO - Setting next_dagrun for example_dag_decorator to None, run_after=None
[2025-08-04T19:25:15.718+0000] {processor.py:183} INFO - Processing /home/airflow/.local/lib/python3.12/site-packages/airflow/example_dags/example_dag_decorator.py took 0.277 seconds
[2025-08-04T19:25:46.204+0000] {processor.py:161} INFO - Started process (PID=1792) to work on /home/airflow/.local/lib/python3.12/site-packages/airflow/example_dags/example_dag_decorator.py
[2025-08-04T19:25:46.205+0000] {processor.py:830} INFO - Processing file /home/airflow/.local/lib/python3.12/site-packages/airflow/example_dags/example_dag_decorator.py for tasks to queue
[2025-08-04T19:25:46.207+0000] {logging_mixin.py:188} INFO - [2025-08-04T19:25:46.207+0000] {dagbag.py:545} INFO - Filling up the DagBag from /home/airflow/.local/lib/python3.12/site-packages/airflow/example_dags/example_dag_decorator.py
[2025-08-04T19:25:46.301+0000] {processor.py:840} INFO - DAG(s) 'example_dag_decorator' retrieved from /home/airflow/.local/lib/python3.12/site-packages/airflow/example_dags/example_dag_decorator.py
[2025-08-04T19:25:46.406+0000] {logging_mixin.py:188} INFO - [2025-08-04T19:25:46.406+0000] {dag.py:3096} INFO - Sync 1 DAGs
[2025-08-04T19:25:46.417+0000] {logging_mixin.py:188} INFO - [2025-08-04T19:25:46.417+0000] {dag.py:3954} INFO - Setting next_dagrun for example_dag_decorator to None, run_after=None
[2025-08-04T19:25:46.439+0000] {processor.py:183} INFO - Processing /home/airflow/.local/lib/python3.12/site-packages/airflow/example_dags/example_dag_decorator.py took 0.241 seconds
[2025-08-04T19:26:16.515+0000] {processor.py:161} INFO - Started process (PID=1853) to work on /home/airflow/.local/lib/python3.12/site-packages/airflow/example_dags/example_dag_decorator.py
[2025-08-04T19:26:16.516+0000] {processor.py:830} INFO - Processing file /home/airflow/.local/lib/python3.12/site-packages/airflow/example_dags/example_dag_decorator.py for tasks to queue
[2025-08-04T19:26:16.518+0000] {logging_mixin.py:188} INFO - [2025-08-04T19:26:16.518+0000] {dagbag.py:545} INFO - Filling up the DagBag from /home/airflow/.local/lib/python3.12/site-packages/airflow/example_dags/example_dag_decorator.py
[2025-08-04T19:26:16.606+0000] {processor.py:840} INFO - DAG(s) 'example_dag_decorator' retrieved from /home/airflow/.local/lib/python3.12/site-packages/airflow/example_dags/example_dag_decorator.py
[2025-08-04T19:26:16.696+0000] {logging_mixin.py:188} INFO - [2025-08-04T19:26:16.696+0000] {dag.py:3096} INFO - Sync 1 DAGs
[2025-08-04T19:26:16.706+0000] {logging_mixin.py:188} INFO - [2025-08-04T19:26:16.705+0000] {dag.py:3954} INFO - Setting next_dagrun for example_dag_decorator to None, run_after=None
[2025-08-04T19:26:16.723+0000] {processor.py:183} INFO - Processing /home/airflow/.local/lib/python3.12/site-packages/airflow/example_dags/example_dag_decorator.py took 0.213 seconds
[2025-08-04T19:26:46.922+0000] {processor.py:161} INFO - Started process (PID=1914) to work on /home/airflow/.local/lib/python3.12/site-packages/airflow/example_dags/example_dag_decorator.py
[2025-08-04T19:26:46.922+0000] {processor.py:830} INFO - Processing file /home/airflow/.local/lib/python3.12/site-packages/airflow/example_dags/example_dag_decorator.py for tasks to queue
[2025-08-04T19:26:46.924+0000] {logging_mixin.py:188} INFO - [2025-08-04T19:26:46.924+0000] {dagbag.py:545} INFO - Filling up the DagBag from /home/airflow/.local/lib/python3.12/site-packages/airflow/example_dags/example_dag_decorator.py
[2025-08-04T19:26:47.005+0000] {processor.py:840} INFO - DAG(s) 'example_dag_decorator' retrieved from /home/airflow/.local/lib/python3.12/site-packages/airflow/example_dags/example_dag_decorator.py
[2025-08-04T19:26:47.094+0000] {logging_mixin.py:188} INFO - [2025-08-04T19:26:47.093+0000] {dag.py:3096} INFO - Sync 1 DAGs
[2025-08-04T19:26:47.104+0000] {logging_mixin.py:188} INFO - [2025-08-04T19:26:47.103+0000] {dag.py:3954} INFO - Setting next_dagrun for example_dag_decorator to None, run_after=None
[2025-08-04T19:26:47.121+0000] {processor.py:183} INFO - Processing /home/airflow/.local/lib/python3.12/site-packages/airflow/example_dags/example_dag_decorator.py took 0.203 seconds
[2025-08-04T19:27:17.373+0000] {processor.py:161} INFO - Started process (PID=1975) to work on /home/airflow/.local/lib/python3.12/site-packages/airflow/example_dags/example_dag_decorator.py
[2025-08-04T19:27:17.374+0000] {processor.py:830} INFO - Processing file /home/airflow/.local/lib/python3.12/site-packages/airflow/example_dags/example_dag_decorator.py for tasks to queue
[2025-08-04T19:27:17.376+0000] {logging_mixin.py:188} INFO - [2025-08-04T19:27:17.376+0000] {dagbag.py:545} INFO - Filling up the DagBag from /home/airflow/.local/lib/python3.12/site-packages/airflow/example_dags/example_dag_decorator.py
[2025-08-04T19:27:17.458+0000] {processor.py:840} INFO - DAG(s) 'example_dag_decorator' retrieved from /home/airflow/.local/lib/python3.12/site-packages/airflow/example_dags/example_dag_decorator.py
[2025-08-04T19:27:17.547+0000] {logging_mixin.py:188} INFO - [2025-08-04T19:27:17.547+0000] {dag.py:3096} INFO - Sync 1 DAGs
[2025-08-04T19:27:17.564+0000] {logging_mixin.py:188} INFO - [2025-08-04T19:27:17.564+0000] {dag.py:3954} INFO - Setting next_dagrun for example_dag_decorator to None, run_after=None
[2025-08-04T19:27:17.589+0000] {processor.py:183} INFO - Processing /home/airflow/.local/lib/python3.12/site-packages/airflow/example_dags/example_dag_decorator.py took 0.220 seconds
[2025-08-04T19:49:55.942+0000] {processor.py:161} INFO - Started process (PID=2036) to work on /home/airflow/.local/lib/python3.12/site-packages/airflow/example_dags/example_dag_decorator.py
[2025-08-04T19:49:55.944+0000] {processor.py:830} INFO - Processing file /home/airflow/.local/lib/python3.12/site-packages/airflow/example_dags/example_dag_decorator.py for tasks to queue
[2025-08-04T19:49:55.948+0000] {logging_mixin.py:188} INFO - [2025-08-04T19:49:55.947+0000] {dagbag.py:545} INFO - Filling up the DagBag from /home/airflow/.local/lib/python3.12/site-packages/airflow/example_dags/example_dag_decorator.py
[2025-08-04T19:49:56.208+0000] {processor.py:840} INFO - DAG(s) 'example_dag_decorator' retrieved from /home/airflow/.local/lib/python3.12/site-packages/airflow/example_dags/example_dag_decorator.py
[2025-08-04T19:49:56.416+0000] {logging_mixin.py:188} INFO - [2025-08-04T19:49:56.415+0000] {dag.py:3096} INFO - Sync 1 DAGs
[2025-08-04T19:49:56.431+0000] {logging_mixin.py:188} INFO - [2025-08-04T19:49:56.430+0000] {dag.py:3954} INFO - Setting next_dagrun for example_dag_decorator to None, run_after=None
[2025-08-04T19:49:56.459+0000] {processor.py:183} INFO - Processing /home/airflow/.local/lib/python3.12/site-packages/airflow/example_dags/example_dag_decorator.py took 0.527 seconds
[2025-08-04T19:59:45.063+0000] {processor.py:161} INFO - Started process (PID=2091) to work on /home/airflow/.local/lib/python3.12/site-packages/airflow/example_dags/example_dag_decorator.py
[2025-08-04T19:59:45.065+0000] {processor.py:830} INFO - Processing file /home/airflow/.local/lib/python3.12/site-packages/airflow/example_dags/example_dag_decorator.py for tasks to queue
[2025-08-04T19:59:45.069+0000] {logging_mixin.py:188} INFO - [2025-08-04T19:59:45.068+0000] {dagbag.py:545} INFO - Filling up the DagBag from /home/airflow/.local/lib/python3.12/site-packages/airflow/example_dags/example_dag_decorator.py
[2025-08-04T19:59:45.239+0000] {processor.py:840} INFO - DAG(s) 'example_dag_decorator' retrieved from /home/airflow/.local/lib/python3.12/site-packages/airflow/example_dags/example_dag_decorator.py
[2025-08-04T19:59:45.407+0000] {logging_mixin.py:188} INFO - [2025-08-04T19:59:45.407+0000] {dag.py:3096} INFO - Sync 1 DAGs
[2025-08-04T19:59:45.423+0000] {logging_mixin.py:188} INFO - [2025-08-04T19:59:45.423+0000] {dag.py:3954} INFO - Setting next_dagrun for example_dag_decorator to None, run_after=None
[2025-08-04T19:59:45.458+0000] {processor.py:183} INFO - Processing /home/airflow/.local/lib/python3.12/site-packages/airflow/example_dags/example_dag_decorator.py took 0.404 seconds
[2025-08-04T20:00:16.644+0000] {processor.py:161} INFO - Started process (PID=2159) to work on /home/airflow/.local/lib/python3.12/site-packages/airflow/example_dags/example_dag_decorator.py
[2025-08-04T20:00:16.646+0000] {processor.py:830} INFO - Processing file /home/airflow/.local/lib/python3.12/site-packages/airflow/example_dags/example_dag_decorator.py for tasks to queue
[2025-08-04T20:00:16.649+0000] {logging_mixin.py:188} INFO - [2025-08-04T20:00:16.648+0000] {dagbag.py:545} INFO - Filling up the DagBag from /home/airflow/.local/lib/python3.12/site-packages/airflow/example_dags/example_dag_decorator.py
[2025-08-04T20:00:16.816+0000] {processor.py:840} INFO - DAG(s) 'example_dag_decorator' retrieved from /home/airflow/.local/lib/python3.12/site-packages/airflow/example_dags/example_dag_decorator.py
[2025-08-04T20:00:16.978+0000] {logging_mixin.py:188} INFO - [2025-08-04T20:00:16.977+0000] {dag.py:3096} INFO - Sync 1 DAGs
[2025-08-04T20:00:16.993+0000] {logging_mixin.py:188} INFO - [2025-08-04T20:00:16.993+0000] {dag.py:3954} INFO - Setting next_dagrun for example_dag_decorator to None, run_after=None
[2025-08-04T20:00:17.027+0000] {processor.py:183} INFO - Processing /home/airflow/.local/lib/python3.12/site-packages/airflow/example_dags/example_dag_decorator.py took 0.393 seconds
[2025-08-04T20:00:47.296+0000] {processor.py:161} INFO - Started process (PID=2220) to work on /home/airflow/.local/lib/python3.12/site-packages/airflow/example_dags/example_dag_decorator.py
[2025-08-04T20:00:47.297+0000] {processor.py:830} INFO - Processing file /home/airflow/.local/lib/python3.12/site-packages/airflow/example_dags/example_dag_decorator.py for tasks to queue
[2025-08-04T20:00:47.300+0000] {logging_mixin.py:188} INFO - [2025-08-04T20:00:47.299+0000] {dagbag.py:545} INFO - Filling up the DagBag from /home/airflow/.local/lib/python3.12/site-packages/airflow/example_dags/example_dag_decorator.py
[2025-08-04T20:00:47.420+0000] {processor.py:840} INFO - DAG(s) 'example_dag_decorator' retrieved from /home/airflow/.local/lib/python3.12/site-packages/airflow/example_dags/example_dag_decorator.py
[2025-08-04T20:00:47.614+0000] {logging_mixin.py:188} INFO - [2025-08-04T20:00:47.613+0000] {dag.py:3096} INFO - Sync 1 DAGs
[2025-08-04T20:00:47.634+0000] {logging_mixin.py:188} INFO - [2025-08-04T20:00:47.633+0000] {dag.py:3954} INFO - Setting next_dagrun for example_dag_decorator to None, run_after=None
[2025-08-04T20:00:47.669+0000] {processor.py:183} INFO - Processing /home/airflow/.local/lib/python3.12/site-packages/airflow/example_dags/example_dag_decorator.py took 0.380 seconds
[2025-08-04T20:01:18.151+0000] {processor.py:161} INFO - Started process (PID=2282) to work on /home/airflow/.local/lib/python3.12/site-packages/airflow/example_dags/example_dag_decorator.py
[2025-08-04T20:01:18.154+0000] {processor.py:830} INFO - Processing file /home/airflow/.local/lib/python3.12/site-packages/airflow/example_dags/example_dag_decorator.py for tasks to queue
[2025-08-04T20:01:18.159+0000] {logging_mixin.py:188} INFO - [2025-08-04T20:01:18.158+0000] {dagbag.py:545} INFO - Filling up the DagBag from /home/airflow/.local/lib/python3.12/site-packages/airflow/example_dags/example_dag_decorator.py
[2025-08-04T20:01:18.340+0000] {processor.py:840} INFO - DAG(s) 'example_dag_decorator' retrieved from /home/airflow/.local/lib/python3.12/site-packages/airflow/example_dags/example_dag_decorator.py
[2025-08-04T20:01:18.498+0000] {logging_mixin.py:188} INFO - [2025-08-04T20:01:18.497+0000] {dag.py:3096} INFO - Sync 1 DAGs
[2025-08-04T20:01:18.512+0000] {logging_mixin.py:188} INFO - [2025-08-04T20:01:18.512+0000] {dag.py:3954} INFO - Setting next_dagrun for example_dag_decorator to None, run_after=None
[2025-08-04T20:01:18.542+0000] {processor.py:183} INFO - Processing /home/airflow/.local/lib/python3.12/site-packages/airflow/example_dags/example_dag_decorator.py took 0.401 seconds
[2025-08-04T20:01:49.010+0000] {processor.py:161} INFO - Started process (PID=2343) to work on /home/airflow/.local/lib/python3.12/site-packages/airflow/example_dags/example_dag_decorator.py
[2025-08-04T20:01:49.011+0000] {processor.py:830} INFO - Processing file /home/airflow/.local/lib/python3.12/site-packages/airflow/example_dags/example_dag_decorator.py for tasks to queue
[2025-08-04T20:01:49.015+0000] {logging_mixin.py:188} INFO - [2025-08-04T20:01:49.015+0000] {dagbag.py:545} INFO - Filling up the DagBag from /home/airflow/.local/lib/python3.12/site-packages/airflow/example_dags/example_dag_decorator.py
[2025-08-04T20:01:49.206+0000] {processor.py:840} INFO - DAG(s) 'example_dag_decorator' retrieved from /home/airflow/.local/lib/python3.12/site-packages/airflow/example_dags/example_dag_decorator.py
[2025-08-04T20:01:49.395+0000] {logging_mixin.py:188} INFO - [2025-08-04T20:01:49.394+0000] {dag.py:3096} INFO - Sync 1 DAGs
[2025-08-04T20:01:49.413+0000] {logging_mixin.py:188} INFO - [2025-08-04T20:01:49.413+0000] {dag.py:3954} INFO - Setting next_dagrun for example_dag_decorator to None, run_after=None
[2025-08-04T20:01:49.456+0000] {processor.py:183} INFO - Processing /home/airflow/.local/lib/python3.12/site-packages/airflow/example_dags/example_dag_decorator.py took 0.455 seconds
[2025-08-04T20:02:19.548+0000] {processor.py:161} INFO - Started process (PID=2405) to work on /home/airflow/.local/lib/python3.12/site-packages/airflow/example_dags/example_dag_decorator.py
[2025-08-04T20:02:19.550+0000] {processor.py:830} INFO - Processing file /home/airflow/.local/lib/python3.12/site-packages/airflow/example_dags/example_dag_decorator.py for tasks to queue
[2025-08-04T20:02:19.554+0000] {logging_mixin.py:188} INFO - [2025-08-04T20:02:19.553+0000] {dagbag.py:545} INFO - Filling up the DagBag from /home/airflow/.local/lib/python3.12/site-packages/airflow/example_dags/example_dag_decorator.py
[2025-08-04T20:02:19.735+0000] {processor.py:840} INFO - DAG(s) 'example_dag_decorator' retrieved from /home/airflow/.local/lib/python3.12/site-packages/airflow/example_dags/example_dag_decorator.py
[2025-08-04T20:02:19.898+0000] {logging_mixin.py:188} INFO - [2025-08-04T20:02:19.897+0000] {dag.py:3096} INFO - Sync 1 DAGs
[2025-08-04T20:02:19.913+0000] {logging_mixin.py:188} INFO - [2025-08-04T20:02:19.912+0000] {dag.py:3954} INFO - Setting next_dagrun for example_dag_decorator to None, run_after=None
[2025-08-04T20:02:19.955+0000] {processor.py:183} INFO - Processing /home/airflow/.local/lib/python3.12/site-packages/airflow/example_dags/example_dag_decorator.py took 0.419 seconds
[2025-08-04T20:02:50.175+0000] {processor.py:161} INFO - Started process (PID=2467) to work on /home/airflow/.local/lib/python3.12/site-packages/airflow/example_dags/example_dag_decorator.py
[2025-08-04T20:02:50.177+0000] {processor.py:830} INFO - Processing file /home/airflow/.local/lib/python3.12/site-packages/airflow/example_dags/example_dag_decorator.py for tasks to queue
[2025-08-04T20:02:50.181+0000] {logging_mixin.py:188} INFO - [2025-08-04T20:02:50.180+0000] {dagbag.py:545} INFO - Filling up the DagBag from /home/airflow/.local/lib/python3.12/site-packages/airflow/example_dags/example_dag_decorator.py
[2025-08-04T20:02:50.366+0000] {processor.py:840} INFO - DAG(s) 'example_dag_decorator' retrieved from /home/airflow/.local/lib/python3.12/site-packages/airflow/example_dags/example_dag_decorator.py
[2025-08-04T20:02:50.583+0000] {logging_mixin.py:188} INFO - [2025-08-04T20:02:50.582+0000] {dag.py:3096} INFO - Sync 1 DAGs
[2025-08-04T20:02:50.608+0000] {logging_mixin.py:188} INFO - [2025-08-04T20:02:50.608+0000] {dag.py:3954} INFO - Setting next_dagrun for example_dag_decorator to None, run_after=None
[2025-08-04T20:02:50.641+0000] {processor.py:183} INFO - Processing /home/airflow/.local/lib/python3.12/site-packages/airflow/example_dags/example_dag_decorator.py took 0.477 seconds
[2025-08-04T20:03:20.958+0000] {processor.py:161} INFO - Started process (PID=2523) to work on /home/airflow/.local/lib/python3.12/site-packages/airflow/example_dags/example_dag_decorator.py
[2025-08-04T20:03:20.959+0000] {processor.py:830} INFO - Processing file /home/airflow/.local/lib/python3.12/site-packages/airflow/example_dags/example_dag_decorator.py for tasks to queue
[2025-08-04T20:03:20.962+0000] {logging_mixin.py:188} INFO - [2025-08-04T20:03:20.962+0000] {dagbag.py:545} INFO - Filling up the DagBag from /home/airflow/.local/lib/python3.12/site-packages/airflow/example_dags/example_dag_decorator.py
[2025-08-04T20:03:21.152+0000] {processor.py:840} INFO - DAG(s) 'example_dag_decorator' retrieved from /home/airflow/.local/lib/python3.12/site-packages/airflow/example_dags/example_dag_decorator.py
[2025-08-04T20:03:21.333+0000] {logging_mixin.py:188} INFO - [2025-08-04T20:03:21.332+0000] {dag.py:3096} INFO - Sync 1 DAGs
[2025-08-04T20:03:21.350+0000] {logging_mixin.py:188} INFO - [2025-08-04T20:03:21.349+0000] {dag.py:3954} INFO - Setting next_dagrun for example_dag_decorator to None, run_after=None
[2025-08-04T20:03:21.391+0000] {processor.py:183} INFO - Processing /home/airflow/.local/lib/python3.12/site-packages/airflow/example_dags/example_dag_decorator.py took 0.442 seconds
[2025-08-04T20:03:52.015+0000] {processor.py:161} INFO - Started process (PID=2584) to work on /home/airflow/.local/lib/python3.12/site-packages/airflow/example_dags/example_dag_decorator.py
[2025-08-04T20:03:52.017+0000] {processor.py:830} INFO - Processing file /home/airflow/.local/lib/python3.12/site-packages/airflow/example_dags/example_dag_decorator.py for tasks to queue
[2025-08-04T20:03:52.021+0000] {logging_mixin.py:188} INFO - [2025-08-04T20:03:52.021+0000] {dagbag.py:545} INFO - Filling up the DagBag from /home/airflow/.local/lib/python3.12/site-packages/airflow/example_dags/example_dag_decorator.py
[2025-08-04T20:03:52.209+0000] {processor.py:840} INFO - DAG(s) 'example_dag_decorator' retrieved from /home/airflow/.local/lib/python3.12/site-packages/airflow/example_dags/example_dag_decorator.py
[2025-08-04T20:03:52.454+0000] {logging_mixin.py:188} INFO - [2025-08-04T20:03:52.453+0000] {dag.py:3096} INFO - Sync 1 DAGs
[2025-08-04T20:03:52.479+0000] {logging_mixin.py:188} INFO - [2025-08-04T20:03:52.479+0000] {dag.py:3954} INFO - Setting next_dagrun for example_dag_decorator to None, run_after=None
[2025-08-04T20:03:52.525+0000] {processor.py:183} INFO - Processing /home/airflow/.local/lib/python3.12/site-packages/airflow/example_dags/example_dag_decorator.py took 0.522 seconds
[2025-08-04T20:04:22.817+0000] {processor.py:161} INFO - Started process (PID=2644) to work on /home/airflow/.local/lib/python3.12/site-packages/airflow/example_dags/example_dag_decorator.py
[2025-08-04T20:04:22.819+0000] {processor.py:830} INFO - Processing file /home/airflow/.local/lib/python3.12/site-packages/airflow/example_dags/example_dag_decorator.py for tasks to queue
[2025-08-04T20:04:22.823+0000] {logging_mixin.py:188} INFO - [2025-08-04T20:04:22.823+0000] {dagbag.py:545} INFO - Filling up the DagBag from /home/airflow/.local/lib/python3.12/site-packages/airflow/example_dags/example_dag_decorator.py
[2025-08-04T20:04:23.099+0000] {processor.py:840} INFO - DAG(s) 'example_dag_decorator' retrieved from /home/airflow/.local/lib/python3.12/site-packages/airflow/example_dags/example_dag_decorator.py
[2025-08-04T20:04:23.321+0000] {logging_mixin.py:188} INFO - [2025-08-04T20:04:23.320+0000] {dag.py:3096} INFO - Sync 1 DAGs
[2025-08-04T20:04:23.341+0000] {logging_mixin.py:188} INFO - [2025-08-04T20:04:23.341+0000] {dag.py:3954} INFO - Setting next_dagrun for example_dag_decorator to None, run_after=None
[2025-08-04T20:04:23.389+0000] {processor.py:183} INFO - Processing /home/airflow/.local/lib/python3.12/site-packages/airflow/example_dags/example_dag_decorator.py took 0.584 seconds
[2025-08-04T20:04:54.786+0000] {processor.py:161} INFO - Started process (PID=2707) to work on /home/airflow/.local/lib/python3.12/site-packages/airflow/example_dags/example_dag_decorator.py
[2025-08-04T20:04:54.789+0000] {processor.py:830} INFO - Processing file /home/airflow/.local/lib/python3.12/site-packages/airflow/example_dags/example_dag_decorator.py for tasks to queue
[2025-08-04T20:04:54.792+0000] {logging_mixin.py:188} INFO - [2025-08-04T20:04:54.791+0000] {dagbag.py:545} INFO - Filling up the DagBag from /home/airflow/.local/lib/python3.12/site-packages/airflow/example_dags/example_dag_decorator.py
[2025-08-04T20:04:54.956+0000] {processor.py:840} INFO - DAG(s) 'example_dag_decorator' retrieved from /home/airflow/.local/lib/python3.12/site-packages/airflow/example_dags/example_dag_decorator.py
[2025-08-04T20:04:55.139+0000] {logging_mixin.py:188} INFO - [2025-08-04T20:04:55.138+0000] {dag.py:3096} INFO - Sync 1 DAGs
[2025-08-04T20:04:55.157+0000] {logging_mixin.py:188} INFO - [2025-08-04T20:04:55.157+0000] {dag.py:3954} INFO - Setting next_dagrun for example_dag_decorator to None, run_after=None
[2025-08-04T20:04:55.202+0000] {processor.py:183} INFO - Processing /home/airflow/.local/lib/python3.12/site-packages/airflow/example_dags/example_dag_decorator.py took 0.424 seconds
[2025-08-04T20:05:25.822+0000] {processor.py:161} INFO - Started process (PID=2768) to work on /home/airflow/.local/lib/python3.12/site-packages/airflow/example_dags/example_dag_decorator.py
[2025-08-04T20:05:25.824+0000] {processor.py:830} INFO - Processing file /home/airflow/.local/lib/python3.12/site-packages/airflow/example_dags/example_dag_decorator.py for tasks to queue
[2025-08-04T20:05:25.828+0000] {logging_mixin.py:188} INFO - [2025-08-04T20:05:25.827+0000] {dagbag.py:545} INFO - Filling up the DagBag from /home/airflow/.local/lib/python3.12/site-packages/airflow/example_dags/example_dag_decorator.py
[2025-08-04T20:05:26.019+0000] {processor.py:840} INFO - DAG(s) 'example_dag_decorator' retrieved from /home/airflow/.local/lib/python3.12/site-packages/airflow/example_dags/example_dag_decorator.py
[2025-08-04T20:05:26.082+0000] {logging_mixin.py:188} INFO - [2025-08-04T20:05:26.080+0000] {dag.py:3096} INFO - Sync 1 DAGs
[2025-08-04T20:05:26.114+0000] {logging_mixin.py:188} INFO - [2025-08-04T20:05:26.113+0000] {dag.py:3954} INFO - Setting next_dagrun for example_dag_decorator to None, run_after=None
[2025-08-04T20:05:26.158+0000] {processor.py:183} INFO - Processing /home/airflow/.local/lib/python3.12/site-packages/airflow/example_dags/example_dag_decorator.py took 0.346 seconds
[2025-08-04T20:13:15.517+0000] {processor.py:161} INFO - Started process (PID=2834) to work on /home/airflow/.local/lib/python3.12/site-packages/airflow/example_dags/example_dag_decorator.py
[2025-08-04T20:13:15.519+0000] {processor.py:830} INFO - Processing file /home/airflow/.local/lib/python3.12/site-packages/airflow/example_dags/example_dag_decorator.py for tasks to queue
[2025-08-04T20:13:15.521+0000] {logging_mixin.py:188} INFO - [2025-08-04T20:13:15.521+0000] {dagbag.py:545} INFO - Filling up the DagBag from /home/airflow/.local/lib/python3.12/site-packages/airflow/example_dags/example_dag_decorator.py
[2025-08-04T20:13:15.698+0000] {processor.py:840} INFO - DAG(s) 'example_dag_decorator' retrieved from /home/airflow/.local/lib/python3.12/site-packages/airflow/example_dags/example_dag_decorator.py
[2025-08-04T20:13:15.873+0000] {logging_mixin.py:188} INFO - [2025-08-04T20:13:15.873+0000] {dag.py:3096} INFO - Sync 1 DAGs
[2025-08-04T20:13:15.889+0000] {logging_mixin.py:188} INFO - [2025-08-04T20:13:15.889+0000] {dag.py:3954} INFO - Setting next_dagrun for example_dag_decorator to None, run_after=None
[2025-08-04T20:13:15.921+0000] {processor.py:183} INFO - Processing /home/airflow/.local/lib/python3.12/site-packages/airflow/example_dags/example_dag_decorator.py took 0.417 seconds
[2025-08-04T20:13:47.075+0000] {processor.py:161} INFO - Started process (PID=2896) to work on /home/airflow/.local/lib/python3.12/site-packages/airflow/example_dags/example_dag_decorator.py
[2025-08-04T20:13:47.077+0000] {processor.py:830} INFO - Processing file /home/airflow/.local/lib/python3.12/site-packages/airflow/example_dags/example_dag_decorator.py for tasks to queue
[2025-08-04T20:13:47.079+0000] {logging_mixin.py:188} INFO - [2025-08-04T20:13:47.078+0000] {dagbag.py:545} INFO - Filling up the DagBag from /home/airflow/.local/lib/python3.12/site-packages/airflow/example_dags/example_dag_decorator.py
[2025-08-04T20:13:47.262+0000] {processor.py:840} INFO - DAG(s) 'example_dag_decorator' retrieved from /home/airflow/.local/lib/python3.12/site-packages/airflow/example_dags/example_dag_decorator.py
[2025-08-04T20:13:47.437+0000] {logging_mixin.py:188} INFO - [2025-08-04T20:13:47.437+0000] {dag.py:3096} INFO - Sync 1 DAGs
[2025-08-04T20:13:47.457+0000] {logging_mixin.py:188} INFO - [2025-08-04T20:13:47.456+0000] {dag.py:3954} INFO - Setting next_dagrun for example_dag_decorator to None, run_after=None
[2025-08-04T20:13:47.491+0000] {processor.py:183} INFO - Processing /home/airflow/.local/lib/python3.12/site-packages/airflow/example_dags/example_dag_decorator.py took 0.427 seconds
[2025-08-04T20:14:18.337+0000] {processor.py:161} INFO - Started process (PID=2957) to work on /home/airflow/.local/lib/python3.12/site-packages/airflow/example_dags/example_dag_decorator.py
[2025-08-04T20:14:18.340+0000] {processor.py:830} INFO - Processing file /home/airflow/.local/lib/python3.12/site-packages/airflow/example_dags/example_dag_decorator.py for tasks to queue
[2025-08-04T20:14:18.342+0000] {logging_mixin.py:188} INFO - [2025-08-04T20:14:18.341+0000] {dagbag.py:545} INFO - Filling up the DagBag from /home/airflow/.local/lib/python3.12/site-packages/airflow/example_dags/example_dag_decorator.py
[2025-08-04T20:14:18.559+0000] {processor.py:840} INFO - DAG(s) 'example_dag_decorator' retrieved from /home/airflow/.local/lib/python3.12/site-packages/airflow/example_dags/example_dag_decorator.py
[2025-08-04T20:14:18.754+0000] {logging_mixin.py:188} INFO - [2025-08-04T20:14:18.753+0000] {dag.py:3096} INFO - Sync 1 DAGs
[2025-08-04T20:14:18.771+0000] {logging_mixin.py:188} INFO - [2025-08-04T20:14:18.771+0000] {dag.py:3954} INFO - Setting next_dagrun for example_dag_decorator to None, run_after=None
[2025-08-04T20:14:18.809+0000] {processor.py:183} INFO - Processing /home/airflow/.local/lib/python3.12/site-packages/airflow/example_dags/example_dag_decorator.py took 0.488 seconds
[2025-08-04T20:14:49.489+0000] {processor.py:161} INFO - Started process (PID=3017) to work on /home/airflow/.local/lib/python3.12/site-packages/airflow/example_dags/example_dag_decorator.py
[2025-08-04T20:14:49.492+0000] {processor.py:830} INFO - Processing file /home/airflow/.local/lib/python3.12/site-packages/airflow/example_dags/example_dag_decorator.py for tasks to queue
[2025-08-04T20:14:49.494+0000] {logging_mixin.py:188} INFO - [2025-08-04T20:14:49.493+0000] {dagbag.py:545} INFO - Filling up the DagBag from /home/airflow/.local/lib/python3.12/site-packages/airflow/example_dags/example_dag_decorator.py
[2025-08-04T20:14:49.785+0000] {processor.py:840} INFO - DAG(s) 'example_dag_decorator' retrieved from /home/airflow/.local/lib/python3.12/site-packages/airflow/example_dags/example_dag_decorator.py
[2025-08-04T20:14:49.968+0000] {logging_mixin.py:188} INFO - [2025-08-04T20:14:49.967+0000] {dag.py:3096} INFO - Sync 1 DAGs
[2025-08-04T20:14:49.985+0000] {logging_mixin.py:188} INFO - [2025-08-04T20:14:49.984+0000] {dag.py:3954} INFO - Setting next_dagrun for example_dag_decorator to None, run_after=None
[2025-08-04T20:14:50.026+0000] {processor.py:183} INFO - Processing /home/airflow/.local/lib/python3.12/site-packages/airflow/example_dags/example_dag_decorator.py took 0.556 seconds
[2025-08-04T20:15:20.909+0000] {processor.py:161} INFO - Started process (PID=3079) to work on /home/airflow/.local/lib/python3.12/site-packages/airflow/example_dags/example_dag_decorator.py
[2025-08-04T20:15:20.912+0000] {processor.py:830} INFO - Processing file /home/airflow/.local/lib/python3.12/site-packages/airflow/example_dags/example_dag_decorator.py for tasks to queue
[2025-08-04T20:15:20.914+0000] {logging_mixin.py:188} INFO - [2025-08-04T20:15:20.913+0000] {dagbag.py:545} INFO - Filling up the DagBag from /home/airflow/.local/lib/python3.12/site-packages/airflow/example_dags/example_dag_decorator.py
[2025-08-04T20:15:21.088+0000] {processor.py:840} INFO - DAG(s) 'example_dag_decorator' retrieved from /home/airflow/.local/lib/python3.12/site-packages/airflow/example_dags/example_dag_decorator.py
[2025-08-04T20:15:21.294+0000] {logging_mixin.py:188} INFO - [2025-08-04T20:15:21.294+0000] {dag.py:3096} INFO - Sync 1 DAGs
[2025-08-04T20:15:21.323+0000] {logging_mixin.py:188} INFO - [2025-08-04T20:15:21.322+0000] {dag.py:3954} INFO - Setting next_dagrun for example_dag_decorator to None, run_after=None
[2025-08-04T20:15:21.378+0000] {processor.py:183} INFO - Processing /home/airflow/.local/lib/python3.12/site-packages/airflow/example_dags/example_dag_decorator.py took 0.483 seconds
[2025-08-04T20:15:52.311+0000] {processor.py:161} INFO - Started process (PID=3140) to work on /home/airflow/.local/lib/python3.12/site-packages/airflow/example_dags/example_dag_decorator.py
[2025-08-04T20:15:52.313+0000] {processor.py:830} INFO - Processing file /home/airflow/.local/lib/python3.12/site-packages/airflow/example_dags/example_dag_decorator.py for tasks to queue
[2025-08-04T20:15:52.316+0000] {logging_mixin.py:188} INFO - [2025-08-04T20:15:52.315+0000] {dagbag.py:545} INFO - Filling up the DagBag from /home/airflow/.local/lib/python3.12/site-packages/airflow/example_dags/example_dag_decorator.py
[2025-08-04T20:15:52.520+0000] {processor.py:840} INFO - DAG(s) 'example_dag_decorator' retrieved from /home/airflow/.local/lib/python3.12/site-packages/airflow/example_dags/example_dag_decorator.py
[2025-08-04T20:15:52.738+0000] {logging_mixin.py:188} INFO - [2025-08-04T20:15:52.738+0000] {dag.py:3096} INFO - Sync 1 DAGs
[2025-08-04T20:15:52.764+0000] {logging_mixin.py:188} INFO - [2025-08-04T20:15:52.763+0000] {dag.py:3954} INFO - Setting next_dagrun for example_dag_decorator to None, run_after=None
[2025-08-04T20:15:52.819+0000] {processor.py:183} INFO - Processing /home/airflow/.local/lib/python3.12/site-packages/airflow/example_dags/example_dag_decorator.py took 0.520 seconds
[2025-08-04T20:16:22.944+0000] {processor.py:161} INFO - Started process (PID=3200) to work on /home/airflow/.local/lib/python3.12/site-packages/airflow/example_dags/example_dag_decorator.py
[2025-08-04T20:16:22.947+0000] {processor.py:830} INFO - Processing file /home/airflow/.local/lib/python3.12/site-packages/airflow/example_dags/example_dag_decorator.py for tasks to queue
[2025-08-04T20:16:22.949+0000] {logging_mixin.py:188} INFO - [2025-08-04T20:16:22.948+0000] {dagbag.py:545} INFO - Filling up the DagBag from /home/airflow/.local/lib/python3.12/site-packages/airflow/example_dags/example_dag_decorator.py
[2025-08-04T20:16:23.136+0000] {processor.py:840} INFO - DAG(s) 'example_dag_decorator' retrieved from /home/airflow/.local/lib/python3.12/site-packages/airflow/example_dags/example_dag_decorator.py
[2025-08-04T20:16:23.350+0000] {logging_mixin.py:188} INFO - [2025-08-04T20:16:23.349+0000] {dag.py:3096} INFO - Sync 1 DAGs
[2025-08-04T20:16:23.373+0000] {logging_mixin.py:188} INFO - [2025-08-04T20:16:23.372+0000] {dag.py:3954} INFO - Setting next_dagrun for example_dag_decorator to None, run_after=None
[2025-08-04T20:16:23.450+0000] {processor.py:183} INFO - Processing /home/airflow/.local/lib/python3.12/site-packages/airflow/example_dags/example_dag_decorator.py took 0.519 seconds
[2025-08-04T20:16:53.537+0000] {processor.py:161} INFO - Started process (PID=3267) to work on /home/airflow/.local/lib/python3.12/site-packages/airflow/example_dags/example_dag_decorator.py
[2025-08-04T20:16:53.539+0000] {processor.py:830} INFO - Processing file /home/airflow/.local/lib/python3.12/site-packages/airflow/example_dags/example_dag_decorator.py for tasks to queue
[2025-08-04T20:16:53.540+0000] {logging_mixin.py:188} INFO - [2025-08-04T20:16:53.540+0000] {dagbag.py:545} INFO - Filling up the DagBag from /home/airflow/.local/lib/python3.12/site-packages/airflow/example_dags/example_dag_decorator.py
[2025-08-04T20:16:53.694+0000] {processor.py:840} INFO - DAG(s) 'example_dag_decorator' retrieved from /home/airflow/.local/lib/python3.12/site-packages/airflow/example_dags/example_dag_decorator.py
[2025-08-04T20:16:53.867+0000] {logging_mixin.py:188} INFO - [2025-08-04T20:16:53.867+0000] {dag.py:3096} INFO - Sync 1 DAGs
[2025-08-04T20:16:53.888+0000] {logging_mixin.py:188} INFO - [2025-08-04T20:16:53.887+0000] {dag.py:3954} INFO - Setting next_dagrun for example_dag_decorator to None, run_after=None
[2025-08-04T20:16:53.926+0000] {processor.py:183} INFO - Processing /home/airflow/.local/lib/python3.12/site-packages/airflow/example_dags/example_dag_decorator.py took 0.397 seconds
[2025-08-04T20:17:24.667+0000] {processor.py:161} INFO - Started process (PID=3328) to work on /home/airflow/.local/lib/python3.12/site-packages/airflow/example_dags/example_dag_decorator.py
[2025-08-04T20:17:24.670+0000] {processor.py:830} INFO - Processing file /home/airflow/.local/lib/python3.12/site-packages/airflow/example_dags/example_dag_decorator.py for tasks to queue
[2025-08-04T20:17:24.672+0000] {logging_mixin.py:188} INFO - [2025-08-04T20:17:24.671+0000] {dagbag.py:545} INFO - Filling up the DagBag from /home/airflow/.local/lib/python3.12/site-packages/airflow/example_dags/example_dag_decorator.py
[2025-08-04T20:17:24.901+0000] {processor.py:840} INFO - DAG(s) 'example_dag_decorator' retrieved from /home/airflow/.local/lib/python3.12/site-packages/airflow/example_dags/example_dag_decorator.py
[2025-08-04T20:17:25.131+0000] {logging_mixin.py:188} INFO - [2025-08-04T20:17:25.130+0000] {dag.py:3096} INFO - Sync 1 DAGs
[2025-08-04T20:17:25.147+0000] {logging_mixin.py:188} INFO - [2025-08-04T20:17:25.147+0000] {dag.py:3954} INFO - Setting next_dagrun for example_dag_decorator to None, run_after=None
[2025-08-04T20:17:25.187+0000] {processor.py:183} INFO - Processing /home/airflow/.local/lib/python3.12/site-packages/airflow/example_dags/example_dag_decorator.py took 0.536 seconds
[2025-08-04T20:17:55.286+0000] {processor.py:161} INFO - Started process (PID=3389) to work on /home/airflow/.local/lib/python3.12/site-packages/airflow/example_dags/example_dag_decorator.py
[2025-08-04T20:17:55.289+0000] {processor.py:830} INFO - Processing file /home/airflow/.local/lib/python3.12/site-packages/airflow/example_dags/example_dag_decorator.py for tasks to queue
[2025-08-04T20:17:55.291+0000] {logging_mixin.py:188} INFO - [2025-08-04T20:17:55.290+0000] {dagbag.py:545} INFO - Filling up the DagBag from /home/airflow/.local/lib/python3.12/site-packages/airflow/example_dags/example_dag_decorator.py
[2025-08-04T20:17:55.496+0000] {processor.py:840} INFO - DAG(s) 'example_dag_decorator' retrieved from /home/airflow/.local/lib/python3.12/site-packages/airflow/example_dags/example_dag_decorator.py
[2025-08-04T20:17:55.731+0000] {logging_mixin.py:188} INFO - [2025-08-04T20:17:55.730+0000] {dag.py:3096} INFO - Sync 1 DAGs
[2025-08-04T20:17:55.754+0000] {logging_mixin.py:188} INFO - [2025-08-04T20:17:55.753+0000] {dag.py:3954} INFO - Setting next_dagrun for example_dag_decorator to None, run_after=None
[2025-08-04T20:17:55.819+0000] {processor.py:183} INFO - Processing /home/airflow/.local/lib/python3.12/site-packages/airflow/example_dags/example_dag_decorator.py took 0.546 seconds
[2025-08-04T20:18:26.385+0000] {processor.py:161} INFO - Started process (PID=3450) to work on /home/airflow/.local/lib/python3.12/site-packages/airflow/example_dags/example_dag_decorator.py
[2025-08-04T20:18:26.387+0000] {processor.py:830} INFO - Processing file /home/airflow/.local/lib/python3.12/site-packages/airflow/example_dags/example_dag_decorator.py for tasks to queue
[2025-08-04T20:18:26.389+0000] {logging_mixin.py:188} INFO - [2025-08-04T20:18:26.389+0000] {dagbag.py:545} INFO - Filling up the DagBag from /home/airflow/.local/lib/python3.12/site-packages/airflow/example_dags/example_dag_decorator.py
[2025-08-04T20:18:26.585+0000] {processor.py:840} INFO - DAG(s) 'example_dag_decorator' retrieved from /home/airflow/.local/lib/python3.12/site-packages/airflow/example_dags/example_dag_decorator.py
[2025-08-04T20:18:26.795+0000] {logging_mixin.py:188} INFO - [2025-08-04T20:18:26.794+0000] {dag.py:3096} INFO - Sync 1 DAGs
[2025-08-04T20:18:26.823+0000] {logging_mixin.py:188} INFO - [2025-08-04T20:18:26.823+0000] {dag.py:3954} INFO - Setting next_dagrun for example_dag_decorator to None, run_after=None
[2025-08-04T20:18:26.876+0000] {processor.py:183} INFO - Processing /home/airflow/.local/lib/python3.12/site-packages/airflow/example_dags/example_dag_decorator.py took 0.504 seconds
[2025-08-04T20:18:57.252+0000] {processor.py:161} INFO - Started process (PID=3511) to work on /home/airflow/.local/lib/python3.12/site-packages/airflow/example_dags/example_dag_decorator.py
[2025-08-04T20:18:57.253+0000] {processor.py:830} INFO - Processing file /home/airflow/.local/lib/python3.12/site-packages/airflow/example_dags/example_dag_decorator.py for tasks to queue
[2025-08-04T20:18:57.255+0000] {logging_mixin.py:188} INFO - [2025-08-04T20:18:57.254+0000] {dagbag.py:545} INFO - Filling up the DagBag from /home/airflow/.local/lib/python3.12/site-packages/airflow/example_dags/example_dag_decorator.py
[2025-08-04T20:18:57.436+0000] {processor.py:840} INFO - DAG(s) 'example_dag_decorator' retrieved from /home/airflow/.local/lib/python3.12/site-packages/airflow/example_dags/example_dag_decorator.py
[2025-08-04T20:18:57.612+0000] {logging_mixin.py:188} INFO - [2025-08-04T20:18:57.611+0000] {dag.py:3096} INFO - Sync 1 DAGs
[2025-08-04T20:18:57.630+0000] {logging_mixin.py:188} INFO - [2025-08-04T20:18:57.630+0000] {dag.py:3954} INFO - Setting next_dagrun for example_dag_decorator to None, run_after=None
[2025-08-04T20:18:57.672+0000] {processor.py:183} INFO - Processing /home/airflow/.local/lib/python3.12/site-packages/airflow/example_dags/example_dag_decorator.py took 0.430 seconds
[2025-08-04T20:19:27.775+0000] {processor.py:161} INFO - Started process (PID=3573) to work on /home/airflow/.local/lib/python3.12/site-packages/airflow/example_dags/example_dag_decorator.py
[2025-08-04T20:19:27.777+0000] {processor.py:830} INFO - Processing file /home/airflow/.local/lib/python3.12/site-packages/airflow/example_dags/example_dag_decorator.py for tasks to queue
[2025-08-04T20:19:27.779+0000] {logging_mixin.py:188} INFO - [2025-08-04T20:19:27.779+0000] {dagbag.py:545} INFO - Filling up the DagBag from /home/airflow/.local/lib/python3.12/site-packages/airflow/example_dags/example_dag_decorator.py
[2025-08-04T20:19:27.969+0000] {processor.py:840} INFO - DAG(s) 'example_dag_decorator' retrieved from /home/airflow/.local/lib/python3.12/site-packages/airflow/example_dags/example_dag_decorator.py
[2025-08-04T20:19:28.172+0000] {logging_mixin.py:188} INFO - [2025-08-04T20:19:28.172+0000] {dag.py:3096} INFO - Sync 1 DAGs
[2025-08-04T20:19:28.192+0000] {logging_mixin.py:188} INFO - [2025-08-04T20:19:28.191+0000] {dag.py:3954} INFO - Setting next_dagrun for example_dag_decorator to None, run_after=None
[2025-08-04T20:19:28.237+0000] {processor.py:183} INFO - Processing /home/airflow/.local/lib/python3.12/site-packages/airflow/example_dags/example_dag_decorator.py took 0.473 seconds
[2025-08-04T20:19:58.863+0000] {processor.py:161} INFO - Started process (PID=3636) to work on /home/airflow/.local/lib/python3.12/site-packages/airflow/example_dags/example_dag_decorator.py
[2025-08-04T20:19:58.865+0000] {processor.py:830} INFO - Processing file /home/airflow/.local/lib/python3.12/site-packages/airflow/example_dags/example_dag_decorator.py for tasks to queue
[2025-08-04T20:19:58.867+0000] {logging_mixin.py:188} INFO - [2025-08-04T20:19:58.866+0000] {dagbag.py:545} INFO - Filling up the DagBag from /home/airflow/.local/lib/python3.12/site-packages/airflow/example_dags/example_dag_decorator.py
[2025-08-04T20:19:59.031+0000] {processor.py:840} INFO - DAG(s) 'example_dag_decorator' retrieved from /home/airflow/.local/lib/python3.12/site-packages/airflow/example_dags/example_dag_decorator.py
[2025-08-04T20:19:59.207+0000] {logging_mixin.py:188} INFO - [2025-08-04T20:19:59.206+0000] {dag.py:3096} INFO - Sync 1 DAGs
[2025-08-04T20:19:59.227+0000] {logging_mixin.py:188} INFO - [2025-08-04T20:19:59.227+0000] {dag.py:3954} INFO - Setting next_dagrun for example_dag_decorator to None, run_after=None
[2025-08-04T20:19:59.273+0000] {processor.py:183} INFO - Processing /home/airflow/.local/lib/python3.12/site-packages/airflow/example_dags/example_dag_decorator.py took 0.420 seconds
[2025-08-04T20:20:30.000+0000] {processor.py:161} INFO - Started process (PID=3699) to work on /home/airflow/.local/lib/python3.12/site-packages/airflow/example_dags/example_dag_decorator.py
[2025-08-04T20:20:30.002+0000] {processor.py:830} INFO - Processing file /home/airflow/.local/lib/python3.12/site-packages/airflow/example_dags/example_dag_decorator.py for tasks to queue
[2025-08-04T20:20:30.004+0000] {logging_mixin.py:188} INFO - [2025-08-04T20:20:30.003+0000] {dagbag.py:545} INFO - Filling up the DagBag from /home/airflow/.local/lib/python3.12/site-packages/airflow/example_dags/example_dag_decorator.py
[2025-08-04T20:20:30.190+0000] {processor.py:840} INFO - DAG(s) 'example_dag_decorator' retrieved from /home/airflow/.local/lib/python3.12/site-packages/airflow/example_dags/example_dag_decorator.py
[2025-08-04T20:20:30.374+0000] {logging_mixin.py:188} INFO - [2025-08-04T20:20:30.373+0000] {dag.py:3096} INFO - Sync 1 DAGs
[2025-08-04T20:20:30.393+0000] {logging_mixin.py:188} INFO - [2025-08-04T20:20:30.393+0000] {dag.py:3954} INFO - Setting next_dagrun for example_dag_decorator to None, run_after=None
[2025-08-04T20:20:30.437+0000] {processor.py:183} INFO - Processing /home/airflow/.local/lib/python3.12/site-packages/airflow/example_dags/example_dag_decorator.py took 0.451 seconds
[2025-08-04T20:21:00.791+0000] {processor.py:161} INFO - Started process (PID=3759) to work on /home/airflow/.local/lib/python3.12/site-packages/airflow/example_dags/example_dag_decorator.py
[2025-08-04T20:21:00.793+0000] {processor.py:830} INFO - Processing file /home/airflow/.local/lib/python3.12/site-packages/airflow/example_dags/example_dag_decorator.py for tasks to queue
[2025-08-04T20:21:00.795+0000] {logging_mixin.py:188} INFO - [2025-08-04T20:21:00.794+0000] {dagbag.py:545} INFO - Filling up the DagBag from /home/airflow/.local/lib/python3.12/site-packages/airflow/example_dags/example_dag_decorator.py
[2025-08-04T20:21:00.990+0000] {processor.py:840} INFO - DAG(s) 'example_dag_decorator' retrieved from /home/airflow/.local/lib/python3.12/site-packages/airflow/example_dags/example_dag_decorator.py
[2025-08-04T20:21:01.182+0000] {logging_mixin.py:188} INFO - [2025-08-04T20:21:01.181+0000] {dag.py:3096} INFO - Sync 1 DAGs
[2025-08-04T20:21:01.201+0000] {logging_mixin.py:188} INFO - [2025-08-04T20:21:01.200+0000] {dag.py:3954} INFO - Setting next_dagrun for example_dag_decorator to None, run_after=None
[2025-08-04T20:21:01.248+0000] {processor.py:183} INFO - Processing /home/airflow/.local/lib/python3.12/site-packages/airflow/example_dags/example_dag_decorator.py took 0.467 seconds
[2025-08-04T20:21:31.422+0000] {processor.py:161} INFO - Started process (PID=3822) to work on /home/airflow/.local/lib/python3.12/site-packages/airflow/example_dags/example_dag_decorator.py
[2025-08-04T20:21:31.425+0000] {processor.py:830} INFO - Processing file /home/airflow/.local/lib/python3.12/site-packages/airflow/example_dags/example_dag_decorator.py for tasks to queue
[2025-08-04T20:21:31.427+0000] {logging_mixin.py:188} INFO - [2025-08-04T20:21:31.426+0000] {dagbag.py:545} INFO - Filling up the DagBag from /home/airflow/.local/lib/python3.12/site-packages/airflow/example_dags/example_dag_decorator.py
[2025-08-04T20:21:31.633+0000] {processor.py:840} INFO - DAG(s) 'example_dag_decorator' retrieved from /home/airflow/.local/lib/python3.12/site-packages/airflow/example_dags/example_dag_decorator.py
[2025-08-04T20:21:31.685+0000] {logging_mixin.py:188} INFO - [2025-08-04T20:21:31.685+0000] {dag.py:3096} INFO - Sync 1 DAGs
[2025-08-04T20:21:31.704+0000] {logging_mixin.py:188} INFO - [2025-08-04T20:21:31.704+0000] {dag.py:3954} INFO - Setting next_dagrun for example_dag_decorator to None, run_after=None
[2025-08-04T20:21:31.743+0000] {processor.py:183} INFO - Processing /home/airflow/.local/lib/python3.12/site-packages/airflow/example_dags/example_dag_decorator.py took 0.334 seconds
[2025-08-04T20:22:01.954+0000] {processor.py:161} INFO - Started process (PID=3877) to work on /home/airflow/.local/lib/python3.12/site-packages/airflow/example_dags/example_dag_decorator.py
[2025-08-04T20:22:01.957+0000] {processor.py:830} INFO - Processing file /home/airflow/.local/lib/python3.12/site-packages/airflow/example_dags/example_dag_decorator.py for tasks to queue
[2025-08-04T20:22:01.959+0000] {logging_mixin.py:188} INFO - [2025-08-04T20:22:01.958+0000] {dagbag.py:545} INFO - Filling up the DagBag from /home/airflow/.local/lib/python3.12/site-packages/airflow/example_dags/example_dag_decorator.py
[2025-08-04T20:22:02.147+0000] {processor.py:840} INFO - DAG(s) 'example_dag_decorator' retrieved from /home/airflow/.local/lib/python3.12/site-packages/airflow/example_dags/example_dag_decorator.py
[2025-08-04T20:22:02.364+0000] {logging_mixin.py:188} INFO - [2025-08-04T20:22:02.363+0000] {dag.py:3096} INFO - Sync 1 DAGs
[2025-08-04T20:22:02.386+0000] {logging_mixin.py:188} INFO - [2025-08-04T20:22:02.385+0000] {dag.py:3954} INFO - Setting next_dagrun for example_dag_decorator to None, run_after=None
[2025-08-04T20:22:02.434+0000] {processor.py:183} INFO - Processing /home/airflow/.local/lib/python3.12/site-packages/airflow/example_dags/example_dag_decorator.py took 0.494 seconds
[2025-08-04T20:22:32.653+0000] {processor.py:161} INFO - Started process (PID=3940) to work on /home/airflow/.local/lib/python3.12/site-packages/airflow/example_dags/example_dag_decorator.py
[2025-08-04T20:22:32.655+0000] {processor.py:830} INFO - Processing file /home/airflow/.local/lib/python3.12/site-packages/airflow/example_dags/example_dag_decorator.py for tasks to queue
[2025-08-04T20:22:32.656+0000] {logging_mixin.py:188} INFO - [2025-08-04T20:22:32.656+0000] {dagbag.py:545} INFO - Filling up the DagBag from /home/airflow/.local/lib/python3.12/site-packages/airflow/example_dags/example_dag_decorator.py
[2025-08-04T20:22:32.808+0000] {processor.py:840} INFO - DAG(s) 'example_dag_decorator' retrieved from /home/airflow/.local/lib/python3.12/site-packages/airflow/example_dags/example_dag_decorator.py
[2025-08-04T20:22:32.998+0000] {logging_mixin.py:188} INFO - [2025-08-04T20:22:32.997+0000] {dag.py:3096} INFO - Sync 1 DAGs
[2025-08-04T20:22:33.021+0000] {logging_mixin.py:188} INFO - [2025-08-04T20:22:33.020+0000] {dag.py:3954} INFO - Setting next_dagrun for example_dag_decorator to None, run_after=None
[2025-08-04T20:22:33.388+0000] {processor.py:183} INFO - Processing /home/airflow/.local/lib/python3.12/site-packages/airflow/example_dags/example_dag_decorator.py took 0.744 seconds
[2025-08-04T20:23:05.843+0000] {processor.py:161} INFO - Started process (PID=4000) to work on /home/airflow/.local/lib/python3.12/site-packages/airflow/example_dags/example_dag_decorator.py
[2025-08-04T20:23:05.846+0000] {processor.py:830} INFO - Processing file /home/airflow/.local/lib/python3.12/site-packages/airflow/example_dags/example_dag_decorator.py for tasks to queue
[2025-08-04T20:23:05.848+0000] {logging_mixin.py:188} INFO - [2025-08-04T20:23:05.847+0000] {dagbag.py:545} INFO - Filling up the DagBag from /home/airflow/.local/lib/python3.12/site-packages/airflow/example_dags/example_dag_decorator.py
[2025-08-04T20:23:06.168+0000] {processor.py:840} INFO - DAG(s) 'example_dag_decorator' retrieved from /home/airflow/.local/lib/python3.12/site-packages/airflow/example_dags/example_dag_decorator.py
[2025-08-04T21:10:23.504+0000] {logging_mixin.py:188} INFO - [2025-08-04T21:10:23.503+0000] {dag.py:3096} INFO - Sync 1 DAGs
[2025-08-04T21:10:23.548+0000] {logging_mixin.py:188} INFO - [2025-08-04T21:10:23.547+0000] {dag.py:3954} INFO - Setting next_dagrun for example_dag_decorator to None, run_after=None
[2025-08-04T21:10:23.666+0000] {processor.py:183} INFO - Processing /home/airflow/.local/lib/python3.12/site-packages/airflow/example_dags/example_dag_decorator.py took 0.914 seconds
[2025-08-04T21:10:54.078+0000] {processor.py:161} INFO - Started process (PID=4062) to work on /home/airflow/.local/lib/python3.12/site-packages/airflow/example_dags/example_dag_decorator.py
[2025-08-04T21:10:54.080+0000] {processor.py:830} INFO - Processing file /home/airflow/.local/lib/python3.12/site-packages/airflow/example_dags/example_dag_decorator.py for tasks to queue
[2025-08-04T21:10:54.082+0000] {logging_mixin.py:188} INFO - [2025-08-04T21:10:54.081+0000] {dagbag.py:545} INFO - Filling up the DagBag from /home/airflow/.local/lib/python3.12/site-packages/airflow/example_dags/example_dag_decorator.py
[2025-08-04T21:10:54.284+0000] {processor.py:840} INFO - DAG(s) 'example_dag_decorator' retrieved from /home/airflow/.local/lib/python3.12/site-packages/airflow/example_dags/example_dag_decorator.py
[2025-08-04T21:10:54.494+0000] {logging_mixin.py:188} INFO - [2025-08-04T21:10:54.494+0000] {dag.py:3096} INFO - Sync 1 DAGs
[2025-08-04T21:10:54.514+0000] {logging_mixin.py:188} INFO - [2025-08-04T21:10:54.513+0000] {dag.py:3954} INFO - Setting next_dagrun for example_dag_decorator to None, run_after=None
[2025-08-04T21:10:54.561+0000] {processor.py:183} INFO - Processing /home/airflow/.local/lib/python3.12/site-packages/airflow/example_dags/example_dag_decorator.py took 0.497 seconds
[2025-08-04T21:11:25.327+0000] {processor.py:161} INFO - Started process (PID=4123) to work on /home/airflow/.local/lib/python3.12/site-packages/airflow/example_dags/example_dag_decorator.py
[2025-08-04T21:11:25.329+0000] {processor.py:830} INFO - Processing file /home/airflow/.local/lib/python3.12/site-packages/airflow/example_dags/example_dag_decorator.py for tasks to queue
[2025-08-04T21:11:25.331+0000] {logging_mixin.py:188} INFO - [2025-08-04T21:11:25.330+0000] {dagbag.py:545} INFO - Filling up the DagBag from /home/airflow/.local/lib/python3.12/site-packages/airflow/example_dags/example_dag_decorator.py
[2025-08-04T21:11:25.541+0000] {processor.py:840} INFO - DAG(s) 'example_dag_decorator' retrieved from /home/airflow/.local/lib/python3.12/site-packages/airflow/example_dags/example_dag_decorator.py
[2025-08-04T21:11:25.779+0000] {logging_mixin.py:188} INFO - [2025-08-04T21:11:25.778+0000] {dag.py:3096} INFO - Sync 1 DAGs
[2025-08-04T21:11:25.804+0000] {logging_mixin.py:188} INFO - [2025-08-04T21:11:25.804+0000] {dag.py:3954} INFO - Setting next_dagrun for example_dag_decorator to None, run_after=None
[2025-08-04T21:11:25.856+0000] {processor.py:183} INFO - Processing /home/airflow/.local/lib/python3.12/site-packages/airflow/example_dags/example_dag_decorator.py took 0.541 seconds
[2025-08-04T21:11:56.535+0000] {processor.py:161} INFO - Started process (PID=4184) to work on /home/airflow/.local/lib/python3.12/site-packages/airflow/example_dags/example_dag_decorator.py
[2025-08-04T21:11:56.537+0000] {processor.py:830} INFO - Processing file /home/airflow/.local/lib/python3.12/site-packages/airflow/example_dags/example_dag_decorator.py for tasks to queue
[2025-08-04T21:11:56.539+0000] {logging_mixin.py:188} INFO - [2025-08-04T21:11:56.538+0000] {dagbag.py:545} INFO - Filling up the DagBag from /home/airflow/.local/lib/python3.12/site-packages/airflow/example_dags/example_dag_decorator.py
[2025-08-04T21:11:56.719+0000] {processor.py:840} INFO - DAG(s) 'example_dag_decorator' retrieved from /home/airflow/.local/lib/python3.12/site-packages/airflow/example_dags/example_dag_decorator.py
[2025-08-04T21:11:57.491+0000] {logging_mixin.py:188} INFO - [2025-08-04T21:11:57.491+0000] {dag.py:3096} INFO - Sync 1 DAGs
[2025-08-04T21:11:57.509+0000] {logging_mixin.py:188} INFO - [2025-08-04T21:11:57.508+0000] {dag.py:3954} INFO - Setting next_dagrun for example_dag_decorator to None, run_after=None
[2025-08-04T21:11:57.552+0000] {processor.py:183} INFO - Processing /home/airflow/.local/lib/python3.12/site-packages/airflow/example_dags/example_dag_decorator.py took 1.029 seconds
[2025-08-04T21:12:27.816+0000] {processor.py:161} INFO - Started process (PID=4249) to work on /home/airflow/.local/lib/python3.12/site-packages/airflow/example_dags/example_dag_decorator.py
[2025-08-04T21:12:27.818+0000] {processor.py:830} INFO - Processing file /home/airflow/.local/lib/python3.12/site-packages/airflow/example_dags/example_dag_decorator.py for tasks to queue
[2025-08-04T21:12:27.820+0000] {logging_mixin.py:188} INFO - [2025-08-04T21:12:27.819+0000] {dagbag.py:545} INFO - Filling up the DagBag from /home/airflow/.local/lib/python3.12/site-packages/airflow/example_dags/example_dag_decorator.py
[2025-08-04T21:12:28.019+0000] {processor.py:840} INFO - DAG(s) 'example_dag_decorator' retrieved from /home/airflow/.local/lib/python3.12/site-packages/airflow/example_dags/example_dag_decorator.py
[2025-08-04T21:12:28.240+0000] {logging_mixin.py:188} INFO - [2025-08-04T21:12:28.240+0000] {dag.py:3096} INFO - Sync 1 DAGs
[2025-08-04T21:12:28.798+0000] {logging_mixin.py:188} INFO - [2025-08-04T21:12:28.797+0000] {dag.py:3954} INFO - Setting next_dagrun for example_dag_decorator to None, run_after=None
[2025-08-04T21:12:28.835+0000] {processor.py:183} INFO - Processing /home/airflow/.local/lib/python3.12/site-packages/airflow/example_dags/example_dag_decorator.py took 1.032 seconds
[2025-08-04T21:12:59.140+0000] {processor.py:161} INFO - Started process (PID=4314) to work on /home/airflow/.local/lib/python3.12/site-packages/airflow/example_dags/example_dag_decorator.py
[2025-08-04T21:12:59.143+0000] {processor.py:830} INFO - Processing file /home/airflow/.local/lib/python3.12/site-packages/airflow/example_dags/example_dag_decorator.py for tasks to queue
[2025-08-04T21:12:59.145+0000] {logging_mixin.py:188} INFO - [2025-08-04T21:12:59.144+0000] {dagbag.py:545} INFO - Filling up the DagBag from /home/airflow/.local/lib/python3.12/site-packages/airflow/example_dags/example_dag_decorator.py
[2025-08-04T21:12:59.334+0000] {processor.py:840} INFO - DAG(s) 'example_dag_decorator' retrieved from /home/airflow/.local/lib/python3.12/site-packages/airflow/example_dags/example_dag_decorator.py
[2025-08-04T21:12:59.499+0000] {logging_mixin.py:188} INFO - [2025-08-04T21:12:59.499+0000] {dag.py:3096} INFO - Sync 1 DAGs
[2025-08-04T21:12:59.517+0000] {logging_mixin.py:188} INFO - [2025-08-04T21:12:59.517+0000] {dag.py:3954} INFO - Setting next_dagrun for example_dag_decorator to None, run_after=None
[2025-08-04T21:12:59.868+0000] {processor.py:183} INFO - Processing /home/airflow/.local/lib/python3.12/site-packages/airflow/example_dags/example_dag_decorator.py took 0.741 seconds
[2025-08-04T21:13:30.038+0000] {processor.py:161} INFO - Started process (PID=4376) to work on /home/airflow/.local/lib/python3.12/site-packages/airflow/example_dags/example_dag_decorator.py
[2025-08-04T21:13:30.041+0000] {processor.py:830} INFO - Processing file /home/airflow/.local/lib/python3.12/site-packages/airflow/example_dags/example_dag_decorator.py for tasks to queue
[2025-08-04T21:13:30.043+0000] {logging_mixin.py:188} INFO - [2025-08-04T21:13:30.042+0000] {dagbag.py:545} INFO - Filling up the DagBag from /home/airflow/.local/lib/python3.12/site-packages/airflow/example_dags/example_dag_decorator.py
[2025-08-04T21:13:30.223+0000] {processor.py:840} INFO - DAG(s) 'example_dag_decorator' retrieved from /home/airflow/.local/lib/python3.12/site-packages/airflow/example_dags/example_dag_decorator.py
[2025-08-04T21:13:30.401+0000] {logging_mixin.py:188} INFO - [2025-08-04T21:13:30.401+0000] {dag.py:3096} INFO - Sync 1 DAGs
[2025-08-04T21:13:30.418+0000] {logging_mixin.py:188} INFO - [2025-08-04T21:13:30.417+0000] {dag.py:3954} INFO - Setting next_dagrun for example_dag_decorator to None, run_after=None
[2025-08-04T21:13:30.449+0000] {processor.py:183} INFO - Processing /home/airflow/.local/lib/python3.12/site-packages/airflow/example_dags/example_dag_decorator.py took 0.426 seconds
[2025-08-04T21:14:00.773+0000] {processor.py:161} INFO - Started process (PID=4439) to work on /home/airflow/.local/lib/python3.12/site-packages/airflow/example_dags/example_dag_decorator.py
[2025-08-04T21:14:00.775+0000] {processor.py:830} INFO - Processing file /home/airflow/.local/lib/python3.12/site-packages/airflow/example_dags/example_dag_decorator.py for tasks to queue
[2025-08-04T21:14:00.777+0000] {logging_mixin.py:188} INFO - [2025-08-04T21:14:00.776+0000] {dagbag.py:545} INFO - Filling up the DagBag from /home/airflow/.local/lib/python3.12/site-packages/airflow/example_dags/example_dag_decorator.py
[2025-08-04T21:14:00.924+0000] {processor.py:840} INFO - DAG(s) 'example_dag_decorator' retrieved from /home/airflow/.local/lib/python3.12/site-packages/airflow/example_dags/example_dag_decorator.py
[2025-08-04T21:14:01.080+0000] {logging_mixin.py:188} INFO - [2025-08-04T21:14:01.079+0000] {dag.py:3096} INFO - Sync 1 DAGs
[2025-08-04T21:14:01.096+0000] {logging_mixin.py:188} INFO - [2025-08-04T21:14:01.095+0000] {dag.py:3954} INFO - Setting next_dagrun for example_dag_decorator to None, run_after=None
[2025-08-04T21:14:01.124+0000] {processor.py:183} INFO - Processing /home/airflow/.local/lib/python3.12/site-packages/airflow/example_dags/example_dag_decorator.py took 0.361 seconds
[2025-08-04T21:14:31.191+0000] {processor.py:161} INFO - Started process (PID=4501) to work on /home/airflow/.local/lib/python3.12/site-packages/airflow/example_dags/example_dag_decorator.py
[2025-08-04T21:14:31.193+0000] {processor.py:830} INFO - Processing file /home/airflow/.local/lib/python3.12/site-packages/airflow/example_dags/example_dag_decorator.py for tasks to queue
[2025-08-04T21:14:31.195+0000] {logging_mixin.py:188} INFO - [2025-08-04T21:14:31.194+0000] {dagbag.py:545} INFO - Filling up the DagBag from /home/airflow/.local/lib/python3.12/site-packages/airflow/example_dags/example_dag_decorator.py
[2025-08-04T21:14:31.359+0000] {processor.py:840} INFO - DAG(s) 'example_dag_decorator' retrieved from /home/airflow/.local/lib/python3.12/site-packages/airflow/example_dags/example_dag_decorator.py
[2025-08-04T21:14:31.921+0000] {logging_mixin.py:188} INFO - [2025-08-04T21:14:31.921+0000] {dag.py:3096} INFO - Sync 1 DAGs
[2025-08-04T21:14:31.934+0000] {logging_mixin.py:188} INFO - [2025-08-04T21:14:31.934+0000] {dag.py:3954} INFO - Setting next_dagrun for example_dag_decorator to None, run_after=None
[2025-08-04T21:14:31.971+0000] {processor.py:183} INFO - Processing /home/airflow/.local/lib/python3.12/site-packages/airflow/example_dags/example_dag_decorator.py took 0.789 seconds
[2025-08-04T21:22:53.704+0000] {processor.py:161} INFO - Started process (PID=4558) to work on /home/airflow/.local/lib/python3.12/site-packages/airflow/example_dags/example_dag_decorator.py
[2025-08-04T21:22:53.705+0000] {processor.py:830} INFO - Processing file /home/airflow/.local/lib/python3.12/site-packages/airflow/example_dags/example_dag_decorator.py for tasks to queue
[2025-08-04T21:22:53.707+0000] {logging_mixin.py:188} INFO - [2025-08-04T21:22:53.707+0000] {dagbag.py:545} INFO - Filling up the DagBag from /home/airflow/.local/lib/python3.12/site-packages/airflow/example_dags/example_dag_decorator.py
[2025-08-04T21:22:53.908+0000] {processor.py:840} INFO - DAG(s) 'example_dag_decorator' retrieved from /home/airflow/.local/lib/python3.12/site-packages/airflow/example_dags/example_dag_decorator.py
[2025-08-04T21:22:54.493+0000] {logging_mixin.py:188} INFO - [2025-08-04T21:22:54.493+0000] {dag.py:3096} INFO - Sync 1 DAGs
[2025-08-04T21:22:54.509+0000] {logging_mixin.py:188} INFO - [2025-08-04T21:22:54.508+0000] {dag.py:3954} INFO - Setting next_dagrun for example_dag_decorator to None, run_after=None
[2025-08-04T21:22:54.548+0000] {processor.py:183} INFO - Processing /home/airflow/.local/lib/python3.12/site-packages/airflow/example_dags/example_dag_decorator.py took 0.859 seconds
