[2025-08-04T18:59:56.678+0000] {processor.py:161} INFO - Started process (PID=117) to work on /home/airflow/.local/lib/python3.12/site-packages/airflow/example_dags/example_latest_only.py
[2025-08-04T18:59:56.679+0000] {processor.py:830} INFO - Processing file /home/airflow/.local/lib/python3.12/site-packages/airflow/example_dags/example_latest_only.py for tasks to queue
[2025-08-04T18:59:56.683+0000] {logging_mixin.py:188} INFO - [2025-08-04T18:59:56.682+0000] {dagbag.py:545} INFO - Filling up the DagBag from /home/airflow/.local/lib/python3.12/site-packages/airflow/example_dags/example_latest_only.py
[2025-08-04T18:59:56.693+0000] {processor.py:840} INFO - DAG(s) 'latest_only' retrieved from /home/airflow/.local/lib/python3.12/site-packages/airflow/example_dags/example_latest_only.py
[2025-08-04T18:59:56.877+0000] {logging_mixin.py:188} INFO - [2025-08-04T18:59:56.877+0000] {dag.py:3096} INFO - Sync 1 DAGs
[2025-08-04T18:59:56.907+0000] {logging_mixin.py:188} INFO - [2025-08-04T18:59:56.907+0000] {dag.py:3954} INFO - Setting next_dagrun for latest_only to 2025-08-04 12:00:00+00:00, run_after=2025-08-04 16:00:00+00:00
[2025-08-04T18:59:56.938+0000] {processor.py:183} INFO - Processing /home/airflow/.local/lib/python3.12/site-packages/airflow/example_dags/example_latest_only.py took 0.271 seconds
[2025-08-04T19:00:27.469+0000] {processor.py:161} INFO - Started process (PID=178) to work on /home/airflow/.local/lib/python3.12/site-packages/airflow/example_dags/example_latest_only.py
[2025-08-04T19:00:27.471+0000] {processor.py:830} INFO - Processing file /home/airflow/.local/lib/python3.12/site-packages/airflow/example_dags/example_latest_only.py for tasks to queue
[2025-08-04T19:00:27.474+0000] {logging_mixin.py:188} INFO - [2025-08-04T19:00:27.473+0000] {dagbag.py:545} INFO - Filling up the DagBag from /home/airflow/.local/lib/python3.12/site-packages/airflow/example_dags/example_latest_only.py
[2025-08-04T19:00:27.483+0000] {processor.py:840} INFO - DAG(s) 'latest_only' retrieved from /home/airflow/.local/lib/python3.12/site-packages/airflow/example_dags/example_latest_only.py
[2025-08-04T19:00:27.519+0000] {logging_mixin.py:188} INFO - [2025-08-04T19:00:27.518+0000] {dag.py:3096} INFO - Sync 1 DAGs
[2025-08-04T19:00:27.548+0000] {logging_mixin.py:188} INFO - [2025-08-04T19:00:27.548+0000] {dag.py:3954} INFO - Setting next_dagrun for latest_only to 2025-08-04 12:00:00+00:00, run_after=2025-08-04 16:00:00+00:00
[2025-08-04T19:00:27.576+0000] {processor.py:183} INFO - Processing /home/airflow/.local/lib/python3.12/site-packages/airflow/example_dags/example_latest_only.py took 0.115 seconds
[2025-08-04T19:00:58.557+0000] {processor.py:161} INFO - Started process (PID=239) to work on /home/airflow/.local/lib/python3.12/site-packages/airflow/example_dags/example_latest_only.py
[2025-08-04T19:00:58.560+0000] {processor.py:830} INFO - Processing file /home/airflow/.local/lib/python3.12/site-packages/airflow/example_dags/example_latest_only.py for tasks to queue
[2025-08-04T19:00:58.564+0000] {logging_mixin.py:188} INFO - [2025-08-04T19:00:58.564+0000] {dagbag.py:545} INFO - Filling up the DagBag from /home/airflow/.local/lib/python3.12/site-packages/airflow/example_dags/example_latest_only.py
[2025-08-04T19:00:58.577+0000] {processor.py:840} INFO - DAG(s) 'latest_only' retrieved from /home/airflow/.local/lib/python3.12/site-packages/airflow/example_dags/example_latest_only.py
[2025-08-04T19:00:58.625+0000] {logging_mixin.py:188} INFO - [2025-08-04T19:00:58.624+0000] {dag.py:3096} INFO - Sync 1 DAGs
[2025-08-04T19:00:58.670+0000] {logging_mixin.py:188} INFO - [2025-08-04T19:00:58.669+0000] {dag.py:3954} INFO - Setting next_dagrun for latest_only to 2025-08-04 12:00:00+00:00, run_after=2025-08-04 16:00:00+00:00
[2025-08-04T19:00:58.714+0000] {processor.py:183} INFO - Processing /home/airflow/.local/lib/python3.12/site-packages/airflow/example_dags/example_latest_only.py took 0.170 seconds
[2025-08-04T19:01:28.838+0000] {processor.py:161} INFO - Started process (PID=300) to work on /home/airflow/.local/lib/python3.12/site-packages/airflow/example_dags/example_latest_only.py
[2025-08-04T19:01:28.841+0000] {processor.py:830} INFO - Processing file /home/airflow/.local/lib/python3.12/site-packages/airflow/example_dags/example_latest_only.py for tasks to queue
[2025-08-04T19:01:28.846+0000] {logging_mixin.py:188} INFO - [2025-08-04T19:01:28.845+0000] {dagbag.py:545} INFO - Filling up the DagBag from /home/airflow/.local/lib/python3.12/site-packages/airflow/example_dags/example_latest_only.py
[2025-08-04T19:01:28.855+0000] {processor.py:840} INFO - DAG(s) 'latest_only' retrieved from /home/airflow/.local/lib/python3.12/site-packages/airflow/example_dags/example_latest_only.py
[2025-08-04T19:01:28.894+0000] {logging_mixin.py:188} INFO - [2025-08-04T19:01:28.893+0000] {dag.py:3096} INFO - Sync 1 DAGs
[2025-08-04T19:01:28.930+0000] {logging_mixin.py:188} INFO - [2025-08-04T19:01:28.929+0000] {dag.py:3954} INFO - Setting next_dagrun for latest_only to 2025-08-04 12:00:00+00:00, run_after=2025-08-04 16:00:00+00:00
[2025-08-04T19:01:28.969+0000] {processor.py:183} INFO - Processing /home/airflow/.local/lib/python3.12/site-packages/airflow/example_dags/example_latest_only.py took 0.141 seconds
[2025-08-04T19:01:59.755+0000] {processor.py:161} INFO - Started process (PID=361) to work on /home/airflow/.local/lib/python3.12/site-packages/airflow/example_dags/example_latest_only.py
[2025-08-04T19:01:59.756+0000] {processor.py:830} INFO - Processing file /home/airflow/.local/lib/python3.12/site-packages/airflow/example_dags/example_latest_only.py for tasks to queue
[2025-08-04T19:01:59.759+0000] {logging_mixin.py:188} INFO - [2025-08-04T19:01:59.759+0000] {dagbag.py:545} INFO - Filling up the DagBag from /home/airflow/.local/lib/python3.12/site-packages/airflow/example_dags/example_latest_only.py
[2025-08-04T19:01:59.769+0000] {processor.py:840} INFO - DAG(s) 'latest_only' retrieved from /home/airflow/.local/lib/python3.12/site-packages/airflow/example_dags/example_latest_only.py
[2025-08-04T19:01:59.803+0000] {logging_mixin.py:188} INFO - [2025-08-04T19:01:59.802+0000] {dag.py:3096} INFO - Sync 1 DAGs
[2025-08-04T19:01:59.837+0000] {logging_mixin.py:188} INFO - [2025-08-04T19:01:59.837+0000] {dag.py:3954} INFO - Setting next_dagrun for latest_only to 2025-08-04 12:00:00+00:00, run_after=2025-08-04 16:00:00+00:00
[2025-08-04T19:01:59.872+0000] {processor.py:183} INFO - Processing /home/airflow/.local/lib/python3.12/site-packages/airflow/example_dags/example_latest_only.py took 0.126 seconds
[2025-08-04T19:02:30.453+0000] {processor.py:161} INFO - Started process (PID=423) to work on /home/airflow/.local/lib/python3.12/site-packages/airflow/example_dags/example_latest_only.py
[2025-08-04T19:02:30.456+0000] {processor.py:830} INFO - Processing file /home/airflow/.local/lib/python3.12/site-packages/airflow/example_dags/example_latest_only.py for tasks to queue
[2025-08-04T19:02:30.461+0000] {logging_mixin.py:188} INFO - [2025-08-04T19:02:30.460+0000] {dagbag.py:545} INFO - Filling up the DagBag from /home/airflow/.local/lib/python3.12/site-packages/airflow/example_dags/example_latest_only.py
[2025-08-04T19:02:30.471+0000] {processor.py:840} INFO - DAG(s) 'latest_only' retrieved from /home/airflow/.local/lib/python3.12/site-packages/airflow/example_dags/example_latest_only.py
[2025-08-04T19:02:30.515+0000] {logging_mixin.py:188} INFO - [2025-08-04T19:02:30.514+0000] {dag.py:3096} INFO - Sync 1 DAGs
[2025-08-04T19:02:30.564+0000] {logging_mixin.py:188} INFO - [2025-08-04T19:02:30.564+0000] {dag.py:3954} INFO - Setting next_dagrun for latest_only to 2025-08-04 12:00:00+00:00, run_after=2025-08-04 16:00:00+00:00
[2025-08-04T19:02:30.600+0000] {processor.py:183} INFO - Processing /home/airflow/.local/lib/python3.12/site-packages/airflow/example_dags/example_latest_only.py took 0.156 seconds
[2025-08-04T19:03:01.428+0000] {processor.py:161} INFO - Started process (PID=484) to work on /home/airflow/.local/lib/python3.12/site-packages/airflow/example_dags/example_latest_only.py
[2025-08-04T19:03:01.430+0000] {processor.py:830} INFO - Processing file /home/airflow/.local/lib/python3.12/site-packages/airflow/example_dags/example_latest_only.py for tasks to queue
[2025-08-04T19:03:01.434+0000] {logging_mixin.py:188} INFO - [2025-08-04T19:03:01.434+0000] {dagbag.py:545} INFO - Filling up the DagBag from /home/airflow/.local/lib/python3.12/site-packages/airflow/example_dags/example_latest_only.py
[2025-08-04T19:03:01.443+0000] {processor.py:840} INFO - DAG(s) 'latest_only' retrieved from /home/airflow/.local/lib/python3.12/site-packages/airflow/example_dags/example_latest_only.py
[2025-08-04T19:03:01.488+0000] {logging_mixin.py:188} INFO - [2025-08-04T19:03:01.487+0000] {dag.py:3096} INFO - Sync 1 DAGs
[2025-08-04T19:03:01.525+0000] {logging_mixin.py:188} INFO - [2025-08-04T19:03:01.524+0000] {dag.py:3954} INFO - Setting next_dagrun for latest_only to 2025-08-04 12:00:00+00:00, run_after=2025-08-04 16:00:00+00:00
[2025-08-04T19:03:01.567+0000] {processor.py:183} INFO - Processing /home/airflow/.local/lib/python3.12/site-packages/airflow/example_dags/example_latest_only.py took 0.148 seconds
[2025-08-04T19:03:31.760+0000] {processor.py:161} INFO - Started process (PID=545) to work on /home/airflow/.local/lib/python3.12/site-packages/airflow/example_dags/example_latest_only.py
[2025-08-04T19:03:31.762+0000] {processor.py:830} INFO - Processing file /home/airflow/.local/lib/python3.12/site-packages/airflow/example_dags/example_latest_only.py for tasks to queue
[2025-08-04T19:03:31.765+0000] {logging_mixin.py:188} INFO - [2025-08-04T19:03:31.765+0000] {dagbag.py:545} INFO - Filling up the DagBag from /home/airflow/.local/lib/python3.12/site-packages/airflow/example_dags/example_latest_only.py
[2025-08-04T19:03:31.773+0000] {processor.py:840} INFO - DAG(s) 'latest_only' retrieved from /home/airflow/.local/lib/python3.12/site-packages/airflow/example_dags/example_latest_only.py
[2025-08-04T19:03:31.806+0000] {logging_mixin.py:188} INFO - [2025-08-04T19:03:31.805+0000] {dag.py:3096} INFO - Sync 1 DAGs
[2025-08-04T19:03:31.847+0000] {logging_mixin.py:188} INFO - [2025-08-04T19:03:31.847+0000] {dag.py:3954} INFO - Setting next_dagrun for latest_only to 2025-08-04 12:00:00+00:00, run_after=2025-08-04 16:00:00+00:00
[2025-08-04T19:03:31.887+0000] {processor.py:183} INFO - Processing /home/airflow/.local/lib/python3.12/site-packages/airflow/example_dags/example_latest_only.py took 0.135 seconds
[2025-08-04T19:04:02.738+0000] {processor.py:161} INFO - Started process (PID=606) to work on /home/airflow/.local/lib/python3.12/site-packages/airflow/example_dags/example_latest_only.py
[2025-08-04T19:04:02.740+0000] {processor.py:830} INFO - Processing file /home/airflow/.local/lib/python3.12/site-packages/airflow/example_dags/example_latest_only.py for tasks to queue
[2025-08-04T19:04:02.743+0000] {logging_mixin.py:188} INFO - [2025-08-04T19:04:02.743+0000] {dagbag.py:545} INFO - Filling up the DagBag from /home/airflow/.local/lib/python3.12/site-packages/airflow/example_dags/example_latest_only.py
[2025-08-04T19:04:02.754+0000] {processor.py:840} INFO - DAG(s) 'latest_only' retrieved from /home/airflow/.local/lib/python3.12/site-packages/airflow/example_dags/example_latest_only.py
[2025-08-04T19:04:02.791+0000] {logging_mixin.py:188} INFO - [2025-08-04T19:04:02.790+0000] {dag.py:3096} INFO - Sync 1 DAGs
[2025-08-04T19:04:02.824+0000] {logging_mixin.py:188} INFO - [2025-08-04T19:04:02.824+0000] {dag.py:3954} INFO - Setting next_dagrun for latest_only to 2025-08-04 12:00:00+00:00, run_after=2025-08-04 16:00:00+00:00
[2025-08-04T19:04:02.855+0000] {processor.py:183} INFO - Processing /home/airflow/.local/lib/python3.12/site-packages/airflow/example_dags/example_latest_only.py took 0.131 seconds
[2025-08-04T19:04:33.599+0000] {processor.py:161} INFO - Started process (PID=668) to work on /home/airflow/.local/lib/python3.12/site-packages/airflow/example_dags/example_latest_only.py
[2025-08-04T19:04:33.602+0000] {processor.py:830} INFO - Processing file /home/airflow/.local/lib/python3.12/site-packages/airflow/example_dags/example_latest_only.py for tasks to queue
[2025-08-04T19:04:33.606+0000] {logging_mixin.py:188} INFO - [2025-08-04T19:04:33.605+0000] {dagbag.py:545} INFO - Filling up the DagBag from /home/airflow/.local/lib/python3.12/site-packages/airflow/example_dags/example_latest_only.py
[2025-08-04T19:04:33.617+0000] {processor.py:840} INFO - DAG(s) 'latest_only' retrieved from /home/airflow/.local/lib/python3.12/site-packages/airflow/example_dags/example_latest_only.py
[2025-08-04T19:04:33.657+0000] {logging_mixin.py:188} INFO - [2025-08-04T19:04:33.656+0000] {dag.py:3096} INFO - Sync 1 DAGs
[2025-08-04T19:04:33.694+0000] {logging_mixin.py:188} INFO - [2025-08-04T19:04:33.693+0000] {dag.py:3954} INFO - Setting next_dagrun for latest_only to 2025-08-04 12:00:00+00:00, run_after=2025-08-04 16:00:00+00:00
[2025-08-04T19:04:33.736+0000] {processor.py:183} INFO - Processing /home/airflow/.local/lib/python3.12/site-packages/airflow/example_dags/example_latest_only.py took 0.147 seconds
[2025-08-04T19:05:04.554+0000] {processor.py:161} INFO - Started process (PID=729) to work on /home/airflow/.local/lib/python3.12/site-packages/airflow/example_dags/example_latest_only.py
[2025-08-04T19:05:04.557+0000] {processor.py:830} INFO - Processing file /home/airflow/.local/lib/python3.12/site-packages/airflow/example_dags/example_latest_only.py for tasks to queue
[2025-08-04T19:05:04.561+0000] {logging_mixin.py:188} INFO - [2025-08-04T19:05:04.560+0000] {dagbag.py:545} INFO - Filling up the DagBag from /home/airflow/.local/lib/python3.12/site-packages/airflow/example_dags/example_latest_only.py
[2025-08-04T19:05:04.571+0000] {processor.py:840} INFO - DAG(s) 'latest_only' retrieved from /home/airflow/.local/lib/python3.12/site-packages/airflow/example_dags/example_latest_only.py
[2025-08-04T19:05:04.615+0000] {logging_mixin.py:188} INFO - [2025-08-04T19:05:04.614+0000] {dag.py:3096} INFO - Sync 1 DAGs
[2025-08-04T19:05:04.653+0000] {logging_mixin.py:188} INFO - [2025-08-04T19:05:04.652+0000] {dag.py:3954} INFO - Setting next_dagrun for latest_only to 2025-08-04 12:00:00+00:00, run_after=2025-08-04 16:00:00+00:00
[2025-08-04T19:05:04.695+0000] {processor.py:183} INFO - Processing /home/airflow/.local/lib/python3.12/site-packages/airflow/example_dags/example_latest_only.py took 0.152 seconds
[2025-08-04T19:05:34.883+0000] {processor.py:161} INFO - Started process (PID=790) to work on /home/airflow/.local/lib/python3.12/site-packages/airflow/example_dags/example_latest_only.py
[2025-08-04T19:05:34.885+0000] {processor.py:830} INFO - Processing file /home/airflow/.local/lib/python3.12/site-packages/airflow/example_dags/example_latest_only.py for tasks to queue
[2025-08-04T19:05:34.888+0000] {logging_mixin.py:188} INFO - [2025-08-04T19:05:34.887+0000] {dagbag.py:545} INFO - Filling up the DagBag from /home/airflow/.local/lib/python3.12/site-packages/airflow/example_dags/example_latest_only.py
[2025-08-04T19:05:34.897+0000] {processor.py:840} INFO - DAG(s) 'latest_only' retrieved from /home/airflow/.local/lib/python3.12/site-packages/airflow/example_dags/example_latest_only.py
[2025-08-04T19:05:34.935+0000] {logging_mixin.py:188} INFO - [2025-08-04T19:05:34.935+0000] {dag.py:3096} INFO - Sync 1 DAGs
[2025-08-04T19:05:34.971+0000] {logging_mixin.py:188} INFO - [2025-08-04T19:05:34.970+0000] {dag.py:3954} INFO - Setting next_dagrun for latest_only to 2025-08-04 12:00:00+00:00, run_after=2025-08-04 16:00:00+00:00
[2025-08-04T19:05:35.003+0000] {processor.py:183} INFO - Processing /home/airflow/.local/lib/python3.12/site-packages/airflow/example_dags/example_latest_only.py took 0.129 seconds
[2025-08-04T19:06:05.578+0000] {processor.py:161} INFO - Started process (PID=851) to work on /home/airflow/.local/lib/python3.12/site-packages/airflow/example_dags/example_latest_only.py
[2025-08-04T19:06:05.580+0000] {processor.py:830} INFO - Processing file /home/airflow/.local/lib/python3.12/site-packages/airflow/example_dags/example_latest_only.py for tasks to queue
[2025-08-04T19:06:05.583+0000] {logging_mixin.py:188} INFO - [2025-08-04T19:06:05.582+0000] {dagbag.py:545} INFO - Filling up the DagBag from /home/airflow/.local/lib/python3.12/site-packages/airflow/example_dags/example_latest_only.py
[2025-08-04T19:06:05.593+0000] {processor.py:840} INFO - DAG(s) 'latest_only' retrieved from /home/airflow/.local/lib/python3.12/site-packages/airflow/example_dags/example_latest_only.py
[2025-08-04T19:06:05.639+0000] {logging_mixin.py:188} INFO - [2025-08-04T19:06:05.638+0000] {dag.py:3096} INFO - Sync 1 DAGs
[2025-08-04T19:06:05.675+0000] {logging_mixin.py:188} INFO - [2025-08-04T19:06:05.674+0000] {dag.py:3954} INFO - Setting next_dagrun for latest_only to 2025-08-04 12:00:00+00:00, run_after=2025-08-04 16:00:00+00:00
[2025-08-04T19:06:05.706+0000] {processor.py:183} INFO - Processing /home/airflow/.local/lib/python3.12/site-packages/airflow/example_dags/example_latest_only.py took 0.138 seconds
[2025-08-04T19:06:35.985+0000] {processor.py:161} INFO - Started process (PID=912) to work on /home/airflow/.local/lib/python3.12/site-packages/airflow/example_dags/example_latest_only.py
[2025-08-04T19:06:35.987+0000] {processor.py:830} INFO - Processing file /home/airflow/.local/lib/python3.12/site-packages/airflow/example_dags/example_latest_only.py for tasks to queue
[2025-08-04T19:06:35.990+0000] {logging_mixin.py:188} INFO - [2025-08-04T19:06:35.990+0000] {dagbag.py:545} INFO - Filling up the DagBag from /home/airflow/.local/lib/python3.12/site-packages/airflow/example_dags/example_latest_only.py
[2025-08-04T19:06:36.000+0000] {processor.py:840} INFO - DAG(s) 'latest_only' retrieved from /home/airflow/.local/lib/python3.12/site-packages/airflow/example_dags/example_latest_only.py
[2025-08-04T19:06:36.034+0000] {logging_mixin.py:188} INFO - [2025-08-04T19:06:36.033+0000] {dag.py:3096} INFO - Sync 1 DAGs
[2025-08-04T19:06:36.065+0000] {logging_mixin.py:188} INFO - [2025-08-04T19:06:36.064+0000] {dag.py:3954} INFO - Setting next_dagrun for latest_only to 2025-08-04 12:00:00+00:00, run_after=2025-08-04 16:00:00+00:00
[2025-08-04T19:06:36.094+0000] {processor.py:183} INFO - Processing /home/airflow/.local/lib/python3.12/site-packages/airflow/example_dags/example_latest_only.py took 0.118 seconds
[2025-08-04T19:07:07.214+0000] {processor.py:161} INFO - Started process (PID=973) to work on /home/airflow/.local/lib/python3.12/site-packages/airflow/example_dags/example_latest_only.py
[2025-08-04T19:07:07.216+0000] {processor.py:830} INFO - Processing file /home/airflow/.local/lib/python3.12/site-packages/airflow/example_dags/example_latest_only.py for tasks to queue
[2025-08-04T19:07:07.219+0000] {logging_mixin.py:188} INFO - [2025-08-04T19:07:07.219+0000] {dagbag.py:545} INFO - Filling up the DagBag from /home/airflow/.local/lib/python3.12/site-packages/airflow/example_dags/example_latest_only.py
[2025-08-04T19:07:07.228+0000] {processor.py:840} INFO - DAG(s) 'latest_only' retrieved from /home/airflow/.local/lib/python3.12/site-packages/airflow/example_dags/example_latest_only.py
[2025-08-04T19:07:07.263+0000] {logging_mixin.py:188} INFO - [2025-08-04T19:07:07.262+0000] {dag.py:3096} INFO - Sync 1 DAGs
[2025-08-04T19:07:07.294+0000] {logging_mixin.py:188} INFO - [2025-08-04T19:07:07.294+0000] {dag.py:3954} INFO - Setting next_dagrun for latest_only to 2025-08-04 12:00:00+00:00, run_after=2025-08-04 16:00:00+00:00
[2025-08-04T19:07:07.322+0000] {processor.py:183} INFO - Processing /home/airflow/.local/lib/python3.12/site-packages/airflow/example_dags/example_latest_only.py took 0.117 seconds
[2025-08-04T19:07:37.992+0000] {processor.py:161} INFO - Started process (PID=1034) to work on /home/airflow/.local/lib/python3.12/site-packages/airflow/example_dags/example_latest_only.py
[2025-08-04T19:07:37.994+0000] {processor.py:830} INFO - Processing file /home/airflow/.local/lib/python3.12/site-packages/airflow/example_dags/example_latest_only.py for tasks to queue
[2025-08-04T19:07:37.997+0000] {logging_mixin.py:188} INFO - [2025-08-04T19:07:37.997+0000] {dagbag.py:545} INFO - Filling up the DagBag from /home/airflow/.local/lib/python3.12/site-packages/airflow/example_dags/example_latest_only.py
[2025-08-04T19:07:38.005+0000] {processor.py:840} INFO - DAG(s) 'latest_only' retrieved from /home/airflow/.local/lib/python3.12/site-packages/airflow/example_dags/example_latest_only.py
[2025-08-04T19:07:38.038+0000] {logging_mixin.py:188} INFO - [2025-08-04T19:07:38.037+0000] {dag.py:3096} INFO - Sync 1 DAGs
[2025-08-04T19:07:38.069+0000] {logging_mixin.py:188} INFO - [2025-08-04T19:07:38.068+0000] {dag.py:3954} INFO - Setting next_dagrun for latest_only to 2025-08-04 12:00:00+00:00, run_after=2025-08-04 16:00:00+00:00
[2025-08-04T19:07:38.101+0000] {processor.py:183} INFO - Processing /home/airflow/.local/lib/python3.12/site-packages/airflow/example_dags/example_latest_only.py took 0.118 seconds
[2025-08-04T19:08:08.830+0000] {processor.py:161} INFO - Started process (PID=1095) to work on /home/airflow/.local/lib/python3.12/site-packages/airflow/example_dags/example_latest_only.py
[2025-08-04T19:08:08.832+0000] {processor.py:830} INFO - Processing file /home/airflow/.local/lib/python3.12/site-packages/airflow/example_dags/example_latest_only.py for tasks to queue
[2025-08-04T19:08:08.836+0000] {logging_mixin.py:188} INFO - [2025-08-04T19:08:08.835+0000] {dagbag.py:545} INFO - Filling up the DagBag from /home/airflow/.local/lib/python3.12/site-packages/airflow/example_dags/example_latest_only.py
[2025-08-04T19:08:08.844+0000] {processor.py:840} INFO - DAG(s) 'latest_only' retrieved from /home/airflow/.local/lib/python3.12/site-packages/airflow/example_dags/example_latest_only.py
[2025-08-04T19:08:08.877+0000] {logging_mixin.py:188} INFO - [2025-08-04T19:08:08.876+0000] {dag.py:3096} INFO - Sync 1 DAGs
[2025-08-04T19:08:08.909+0000] {logging_mixin.py:188} INFO - [2025-08-04T19:08:08.908+0000] {dag.py:3954} INFO - Setting next_dagrun for latest_only to 2025-08-04 12:00:00+00:00, run_after=2025-08-04 16:00:00+00:00
[2025-08-04T19:08:08.940+0000] {processor.py:183} INFO - Processing /home/airflow/.local/lib/python3.12/site-packages/airflow/example_dags/example_latest_only.py took 0.125 seconds
[2025-08-04T19:08:39.274+0000] {processor.py:161} INFO - Started process (PID=1162) to work on /home/airflow/.local/lib/python3.12/site-packages/airflow/example_dags/example_latest_only.py
[2025-08-04T19:08:39.276+0000] {processor.py:830} INFO - Processing file /home/airflow/.local/lib/python3.12/site-packages/airflow/example_dags/example_latest_only.py for tasks to queue
[2025-08-04T19:08:39.279+0000] {logging_mixin.py:188} INFO - [2025-08-04T19:08:39.278+0000] {dagbag.py:545} INFO - Filling up the DagBag from /home/airflow/.local/lib/python3.12/site-packages/airflow/example_dags/example_latest_only.py
[2025-08-04T19:08:39.288+0000] {processor.py:840} INFO - DAG(s) 'latest_only' retrieved from /home/airflow/.local/lib/python3.12/site-packages/airflow/example_dags/example_latest_only.py
[2025-08-04T19:08:39.325+0000] {logging_mixin.py:188} INFO - [2025-08-04T19:08:39.324+0000] {dag.py:3096} INFO - Sync 1 DAGs
[2025-08-04T19:08:39.361+0000] {logging_mixin.py:188} INFO - [2025-08-04T19:08:39.361+0000] {dag.py:3954} INFO - Setting next_dagrun for latest_only to 2025-08-04 12:00:00+00:00, run_after=2025-08-04 16:00:00+00:00
[2025-08-04T19:08:39.393+0000] {processor.py:183} INFO - Processing /home/airflow/.local/lib/python3.12/site-packages/airflow/example_dags/example_latest_only.py took 0.128 seconds
[2025-08-04T19:09:10.313+0000] {processor.py:161} INFO - Started process (PID=1223) to work on /home/airflow/.local/lib/python3.12/site-packages/airflow/example_dags/example_latest_only.py
[2025-08-04T19:09:10.315+0000] {processor.py:830} INFO - Processing file /home/airflow/.local/lib/python3.12/site-packages/airflow/example_dags/example_latest_only.py for tasks to queue
[2025-08-04T19:09:10.318+0000] {logging_mixin.py:188} INFO - [2025-08-04T19:09:10.318+0000] {dagbag.py:545} INFO - Filling up the DagBag from /home/airflow/.local/lib/python3.12/site-packages/airflow/example_dags/example_latest_only.py
[2025-08-04T19:09:10.327+0000] {processor.py:840} INFO - DAG(s) 'latest_only' retrieved from /home/airflow/.local/lib/python3.12/site-packages/airflow/example_dags/example_latest_only.py
[2025-08-04T19:09:10.366+0000] {logging_mixin.py:188} INFO - [2025-08-04T19:09:10.365+0000] {dag.py:3096} INFO - Sync 1 DAGs
[2025-08-04T19:09:10.407+0000] {logging_mixin.py:188} INFO - [2025-08-04T19:09:10.406+0000] {dag.py:3954} INFO - Setting next_dagrun for latest_only to 2025-08-04 12:00:00+00:00, run_after=2025-08-04 16:00:00+00:00
[2025-08-04T19:09:10.438+0000] {processor.py:183} INFO - Processing /home/airflow/.local/lib/python3.12/site-packages/airflow/example_dags/example_latest_only.py took 0.136 seconds
[2025-08-04T19:09:41.514+0000] {processor.py:161} INFO - Started process (PID=1285) to work on /home/airflow/.local/lib/python3.12/site-packages/airflow/example_dags/example_latest_only.py
[2025-08-04T19:09:41.515+0000] {processor.py:830} INFO - Processing file /home/airflow/.local/lib/python3.12/site-packages/airflow/example_dags/example_latest_only.py for tasks to queue
[2025-08-04T19:09:41.520+0000] {logging_mixin.py:188} INFO - [2025-08-04T19:09:41.519+0000] {dagbag.py:545} INFO - Filling up the DagBag from /home/airflow/.local/lib/python3.12/site-packages/airflow/example_dags/example_latest_only.py
[2025-08-04T19:09:41.528+0000] {processor.py:840} INFO - DAG(s) 'latest_only' retrieved from /home/airflow/.local/lib/python3.12/site-packages/airflow/example_dags/example_latest_only.py
[2025-08-04T19:09:41.569+0000] {logging_mixin.py:188} INFO - [2025-08-04T19:09:41.568+0000] {dag.py:3096} INFO - Sync 1 DAGs
[2025-08-04T19:09:41.610+0000] {logging_mixin.py:188} INFO - [2025-08-04T19:09:41.609+0000] {dag.py:3954} INFO - Setting next_dagrun for latest_only to 2025-08-04 12:00:00+00:00, run_after=2025-08-04 16:00:00+00:00
[2025-08-04T19:09:41.647+0000] {processor.py:183} INFO - Processing /home/airflow/.local/lib/python3.12/site-packages/airflow/example_dags/example_latest_only.py took 0.142 seconds
[2025-08-04T19:10:12.674+0000] {processor.py:161} INFO - Started process (PID=1346) to work on /home/airflow/.local/lib/python3.12/site-packages/airflow/example_dags/example_latest_only.py
[2025-08-04T19:10:12.677+0000] {processor.py:830} INFO - Processing file /home/airflow/.local/lib/python3.12/site-packages/airflow/example_dags/example_latest_only.py for tasks to queue
[2025-08-04T19:10:12.682+0000] {logging_mixin.py:188} INFO - [2025-08-04T19:10:12.681+0000] {dagbag.py:545} INFO - Filling up the DagBag from /home/airflow/.local/lib/python3.12/site-packages/airflow/example_dags/example_latest_only.py
[2025-08-04T19:10:12.694+0000] {processor.py:840} INFO - DAG(s) 'latest_only' retrieved from /home/airflow/.local/lib/python3.12/site-packages/airflow/example_dags/example_latest_only.py
[2025-08-04T19:10:12.734+0000] {logging_mixin.py:188} INFO - [2025-08-04T19:10:12.733+0000] {dag.py:3096} INFO - Sync 1 DAGs
[2025-08-04T19:10:12.769+0000] {logging_mixin.py:188} INFO - [2025-08-04T19:10:12.769+0000] {dag.py:3954} INFO - Setting next_dagrun for latest_only to 2025-08-04 12:00:00+00:00, run_after=2025-08-04 16:00:00+00:00
[2025-08-04T19:10:12.804+0000] {processor.py:183} INFO - Processing /home/airflow/.local/lib/python3.12/site-packages/airflow/example_dags/example_latest_only.py took 0.140 seconds
[2025-08-04T19:10:43.560+0000] {processor.py:161} INFO - Started process (PID=1408) to work on /home/airflow/.local/lib/python3.12/site-packages/airflow/example_dags/example_latest_only.py
[2025-08-04T19:10:43.562+0000] {processor.py:830} INFO - Processing file /home/airflow/.local/lib/python3.12/site-packages/airflow/example_dags/example_latest_only.py for tasks to queue
[2025-08-04T19:10:43.566+0000] {logging_mixin.py:188} INFO - [2025-08-04T19:10:43.565+0000] {dagbag.py:545} INFO - Filling up the DagBag from /home/airflow/.local/lib/python3.12/site-packages/airflow/example_dags/example_latest_only.py
[2025-08-04T19:10:43.575+0000] {processor.py:840} INFO - DAG(s) 'latest_only' retrieved from /home/airflow/.local/lib/python3.12/site-packages/airflow/example_dags/example_latest_only.py
[2025-08-04T19:10:43.613+0000] {logging_mixin.py:188} INFO - [2025-08-04T19:10:43.612+0000] {dag.py:3096} INFO - Sync 1 DAGs
[2025-08-04T19:10:43.653+0000] {logging_mixin.py:188} INFO - [2025-08-04T19:10:43.652+0000] {dag.py:3954} INFO - Setting next_dagrun for latest_only to 2025-08-04 12:00:00+00:00, run_after=2025-08-04 16:00:00+00:00
[2025-08-04T19:10:43.696+0000] {processor.py:183} INFO - Processing /home/airflow/.local/lib/python3.12/site-packages/airflow/example_dags/example_latest_only.py took 0.146 seconds
[2025-08-04T19:11:14.348+0000] {processor.py:161} INFO - Started process (PID=1471) to work on /home/airflow/.local/lib/python3.12/site-packages/airflow/example_dags/example_latest_only.py
[2025-08-04T19:11:14.351+0000] {processor.py:830} INFO - Processing file /home/airflow/.local/lib/python3.12/site-packages/airflow/example_dags/example_latest_only.py for tasks to queue
[2025-08-04T19:11:14.358+0000] {logging_mixin.py:188} INFO - [2025-08-04T19:11:14.357+0000] {dagbag.py:545} INFO - Filling up the DagBag from /home/airflow/.local/lib/python3.12/site-packages/airflow/example_dags/example_latest_only.py
[2025-08-04T19:11:14.370+0000] {processor.py:840} INFO - DAG(s) 'latest_only' retrieved from /home/airflow/.local/lib/python3.12/site-packages/airflow/example_dags/example_latest_only.py
[2025-08-04T19:11:14.409+0000] {logging_mixin.py:188} INFO - [2025-08-04T19:11:14.408+0000] {dag.py:3096} INFO - Sync 1 DAGs
[2025-08-04T19:11:14.447+0000] {logging_mixin.py:188} INFO - [2025-08-04T19:11:14.447+0000] {dag.py:3954} INFO - Setting next_dagrun for latest_only to 2025-08-04 12:00:00+00:00, run_after=2025-08-04 16:00:00+00:00
[2025-08-04T19:11:14.479+0000] {processor.py:183} INFO - Processing /home/airflow/.local/lib/python3.12/site-packages/airflow/example_dags/example_latest_only.py took 0.142 seconds
[2025-08-04T19:11:45.387+0000] {processor.py:161} INFO - Started process (PID=1532) to work on /home/airflow/.local/lib/python3.12/site-packages/airflow/example_dags/example_latest_only.py
[2025-08-04T19:11:45.389+0000] {processor.py:830} INFO - Processing file /home/airflow/.local/lib/python3.12/site-packages/airflow/example_dags/example_latest_only.py for tasks to queue
[2025-08-04T19:11:45.393+0000] {logging_mixin.py:188} INFO - [2025-08-04T19:11:45.392+0000] {dagbag.py:545} INFO - Filling up the DagBag from /home/airflow/.local/lib/python3.12/site-packages/airflow/example_dags/example_latest_only.py
[2025-08-04T19:11:45.402+0000] {processor.py:840} INFO - DAG(s) 'latest_only' retrieved from /home/airflow/.local/lib/python3.12/site-packages/airflow/example_dags/example_latest_only.py
[2025-08-04T19:11:45.442+0000] {logging_mixin.py:188} INFO - [2025-08-04T19:11:45.441+0000] {dag.py:3096} INFO - Sync 1 DAGs
[2025-08-04T19:11:45.478+0000] {logging_mixin.py:188} INFO - [2025-08-04T19:11:45.477+0000] {dag.py:3954} INFO - Setting next_dagrun for latest_only to 2025-08-04 12:00:00+00:00, run_after=2025-08-04 16:00:00+00:00
[2025-08-04T19:11:45.512+0000] {processor.py:183} INFO - Processing /home/airflow/.local/lib/python3.12/site-packages/airflow/example_dags/example_latest_only.py took 0.136 seconds
[2025-08-04T19:12:15.822+0000] {processor.py:161} INFO - Started process (PID=1591) to work on /home/airflow/.local/lib/python3.12/site-packages/airflow/example_dags/example_latest_only.py
[2025-08-04T19:12:15.825+0000] {processor.py:830} INFO - Processing file /home/airflow/.local/lib/python3.12/site-packages/airflow/example_dags/example_latest_only.py for tasks to queue
[2025-08-04T19:12:15.829+0000] {logging_mixin.py:188} INFO - [2025-08-04T19:12:15.828+0000] {dagbag.py:545} INFO - Filling up the DagBag from /home/airflow/.local/lib/python3.12/site-packages/airflow/example_dags/example_latest_only.py
[2025-08-04T19:12:15.840+0000] {processor.py:840} INFO - DAG(s) 'latest_only' retrieved from /home/airflow/.local/lib/python3.12/site-packages/airflow/example_dags/example_latest_only.py
[2025-08-04T19:12:15.885+0000] {logging_mixin.py:188} INFO - [2025-08-04T19:12:15.884+0000] {dag.py:3096} INFO - Sync 1 DAGs
[2025-08-04T19:12:15.935+0000] {logging_mixin.py:188} INFO - [2025-08-04T19:12:15.935+0000] {dag.py:3954} INFO - Setting next_dagrun for latest_only to 2025-08-04 12:00:00+00:00, run_after=2025-08-04 16:00:00+00:00
[2025-08-04T19:12:15.978+0000] {processor.py:183} INFO - Processing /home/airflow/.local/lib/python3.12/site-packages/airflow/example_dags/example_latest_only.py took 0.167 seconds
[2025-08-04T19:12:47.278+0000] {processor.py:161} INFO - Started process (PID=1652) to work on /home/airflow/.local/lib/python3.12/site-packages/airflow/example_dags/example_latest_only.py
[2025-08-04T19:12:47.281+0000] {processor.py:830} INFO - Processing file /home/airflow/.local/lib/python3.12/site-packages/airflow/example_dags/example_latest_only.py for tasks to queue
[2025-08-04T19:12:47.285+0000] {logging_mixin.py:188} INFO - [2025-08-04T19:12:47.284+0000] {dagbag.py:545} INFO - Filling up the DagBag from /home/airflow/.local/lib/python3.12/site-packages/airflow/example_dags/example_latest_only.py
[2025-08-04T19:12:47.295+0000] {processor.py:840} INFO - DAG(s) 'latest_only' retrieved from /home/airflow/.local/lib/python3.12/site-packages/airflow/example_dags/example_latest_only.py
[2025-08-04T19:12:47.335+0000] {logging_mixin.py:188} INFO - [2025-08-04T19:12:47.334+0000] {dag.py:3096} INFO - Sync 1 DAGs
[2025-08-04T19:12:47.371+0000] {logging_mixin.py:188} INFO - [2025-08-04T19:12:47.371+0000] {dag.py:3954} INFO - Setting next_dagrun for latest_only to 2025-08-04 12:00:00+00:00, run_after=2025-08-04 16:00:00+00:00
[2025-08-04T19:12:47.402+0000] {processor.py:183} INFO - Processing /home/airflow/.local/lib/python3.12/site-packages/airflow/example_dags/example_latest_only.py took 0.137 seconds
[2025-08-04T19:24:48.768+0000] {processor.py:161} INFO - Started process (PID=1705) to work on /home/airflow/.local/lib/python3.12/site-packages/airflow/example_dags/example_latest_only.py
[2025-08-04T19:24:48.770+0000] {processor.py:830} INFO - Processing file /home/airflow/.local/lib/python3.12/site-packages/airflow/example_dags/example_latest_only.py for tasks to queue
[2025-08-04T19:24:48.772+0000] {logging_mixin.py:188} INFO - [2025-08-04T19:24:48.772+0000] {dagbag.py:545} INFO - Filling up the DagBag from /home/airflow/.local/lib/python3.12/site-packages/airflow/example_dags/example_latest_only.py
[2025-08-04T19:24:48.779+0000] {processor.py:840} INFO - DAG(s) 'latest_only' retrieved from /home/airflow/.local/lib/python3.12/site-packages/airflow/example_dags/example_latest_only.py
[2025-08-04T19:24:48.812+0000] {logging_mixin.py:188} INFO - [2025-08-04T19:24:48.812+0000] {dag.py:3096} INFO - Sync 1 DAGs
[2025-08-04T19:24:48.853+0000] {logging_mixin.py:188} INFO - [2025-08-04T19:24:48.852+0000] {dag.py:3954} INFO - Setting next_dagrun for latest_only to 2025-08-04 12:00:00+00:00, run_after=2025-08-04 16:00:00+00:00
[2025-08-04T19:24:48.883+0000] {processor.py:183} INFO - Processing /home/airflow/.local/lib/python3.12/site-packages/airflow/example_dags/example_latest_only.py took 0.120 seconds
[2025-08-04T19:25:18.977+0000] {processor.py:161} INFO - Started process (PID=1765) to work on /home/airflow/.local/lib/python3.12/site-packages/airflow/example_dags/example_latest_only.py
[2025-08-04T19:25:18.978+0000] {processor.py:830} INFO - Processing file /home/airflow/.local/lib/python3.12/site-packages/airflow/example_dags/example_latest_only.py for tasks to queue
[2025-08-04T19:25:18.980+0000] {logging_mixin.py:188} INFO - [2025-08-04T19:25:18.980+0000] {dagbag.py:545} INFO - Filling up the DagBag from /home/airflow/.local/lib/python3.12/site-packages/airflow/example_dags/example_latest_only.py
[2025-08-04T19:25:18.987+0000] {processor.py:840} INFO - DAG(s) 'latest_only' retrieved from /home/airflow/.local/lib/python3.12/site-packages/airflow/example_dags/example_latest_only.py
[2025-08-04T19:25:19.012+0000] {logging_mixin.py:188} INFO - [2025-08-04T19:25:19.011+0000] {dag.py:3096} INFO - Sync 1 DAGs
[2025-08-04T19:25:19.033+0000] {logging_mixin.py:188} INFO - [2025-08-04T19:25:19.032+0000] {dag.py:3954} INFO - Setting next_dagrun for latest_only to 2025-08-04 12:00:00+00:00, run_after=2025-08-04 16:00:00+00:00
[2025-08-04T19:25:19.054+0000] {processor.py:183} INFO - Processing /home/airflow/.local/lib/python3.12/site-packages/airflow/example_dags/example_latest_only.py took 0.085 seconds
[2025-08-04T19:25:49.699+0000] {processor.py:161} INFO - Started process (PID=1827) to work on /home/airflow/.local/lib/python3.12/site-packages/airflow/example_dags/example_latest_only.py
[2025-08-04T19:25:49.700+0000] {processor.py:830} INFO - Processing file /home/airflow/.local/lib/python3.12/site-packages/airflow/example_dags/example_latest_only.py for tasks to queue
[2025-08-04T19:25:49.702+0000] {logging_mixin.py:188} INFO - [2025-08-04T19:25:49.702+0000] {dagbag.py:545} INFO - Filling up the DagBag from /home/airflow/.local/lib/python3.12/site-packages/airflow/example_dags/example_latest_only.py
[2025-08-04T19:25:49.708+0000] {processor.py:840} INFO - DAG(s) 'latest_only' retrieved from /home/airflow/.local/lib/python3.12/site-packages/airflow/example_dags/example_latest_only.py
[2025-08-04T19:25:49.732+0000] {logging_mixin.py:188} INFO - [2025-08-04T19:25:49.732+0000] {dag.py:3096} INFO - Sync 1 DAGs
[2025-08-04T19:25:49.755+0000] {logging_mixin.py:188} INFO - [2025-08-04T19:25:49.755+0000] {dag.py:3954} INFO - Setting next_dagrun for latest_only to 2025-08-04 12:00:00+00:00, run_after=2025-08-04 16:00:00+00:00
[2025-08-04T19:25:49.779+0000] {processor.py:183} INFO - Processing /home/airflow/.local/lib/python3.12/site-packages/airflow/example_dags/example_latest_only.py took 0.087 seconds
[2025-08-04T19:26:20.471+0000] {processor.py:161} INFO - Started process (PID=1888) to work on /home/airflow/.local/lib/python3.12/site-packages/airflow/example_dags/example_latest_only.py
[2025-08-04T19:26:20.472+0000] {processor.py:830} INFO - Processing file /home/airflow/.local/lib/python3.12/site-packages/airflow/example_dags/example_latest_only.py for tasks to queue
[2025-08-04T19:26:20.474+0000] {logging_mixin.py:188} INFO - [2025-08-04T19:26:20.474+0000] {dagbag.py:545} INFO - Filling up the DagBag from /home/airflow/.local/lib/python3.12/site-packages/airflow/example_dags/example_latest_only.py
[2025-08-04T19:26:20.479+0000] {processor.py:840} INFO - DAG(s) 'latest_only' retrieved from /home/airflow/.local/lib/python3.12/site-packages/airflow/example_dags/example_latest_only.py
[2025-08-04T19:26:20.500+0000] {logging_mixin.py:188} INFO - [2025-08-04T19:26:20.500+0000] {dag.py:3096} INFO - Sync 1 DAGs
[2025-08-04T19:26:20.520+0000] {logging_mixin.py:188} INFO - [2025-08-04T19:26:20.519+0000] {dag.py:3954} INFO - Setting next_dagrun for latest_only to 2025-08-04 12:00:00+00:00, run_after=2025-08-04 16:00:00+00:00
[2025-08-04T19:26:20.537+0000] {processor.py:183} INFO - Processing /home/airflow/.local/lib/python3.12/site-packages/airflow/example_dags/example_latest_only.py took 0.072 seconds
[2025-08-04T19:26:50.857+0000] {processor.py:161} INFO - Started process (PID=1955) to work on /home/airflow/.local/lib/python3.12/site-packages/airflow/example_dags/example_latest_only.py
[2025-08-04T19:26:50.858+0000] {processor.py:830} INFO - Processing file /home/airflow/.local/lib/python3.12/site-packages/airflow/example_dags/example_latest_only.py for tasks to queue
[2025-08-04T19:26:50.860+0000] {logging_mixin.py:188} INFO - [2025-08-04T19:26:50.860+0000] {dagbag.py:545} INFO - Filling up the DagBag from /home/airflow/.local/lib/python3.12/site-packages/airflow/example_dags/example_latest_only.py
[2025-08-04T19:26:50.866+0000] {processor.py:840} INFO - DAG(s) 'latest_only' retrieved from /home/airflow/.local/lib/python3.12/site-packages/airflow/example_dags/example_latest_only.py
[2025-08-04T19:26:50.886+0000] {logging_mixin.py:188} INFO - [2025-08-04T19:26:50.885+0000] {dag.py:3096} INFO - Sync 1 DAGs
[2025-08-04T19:26:50.904+0000] {logging_mixin.py:188} INFO - [2025-08-04T19:26:50.904+0000] {dag.py:3954} INFO - Setting next_dagrun for latest_only to 2025-08-04 12:00:00+00:00, run_after=2025-08-04 16:00:00+00:00
[2025-08-04T19:26:50.922+0000] {processor.py:183} INFO - Processing /home/airflow/.local/lib/python3.12/site-packages/airflow/example_dags/example_latest_only.py took 0.070 seconds
[2025-08-04T19:27:21.310+0000] {processor.py:161} INFO - Started process (PID=2010) to work on /home/airflow/.local/lib/python3.12/site-packages/airflow/example_dags/example_latest_only.py
[2025-08-04T19:27:21.311+0000] {processor.py:830} INFO - Processing file /home/airflow/.local/lib/python3.12/site-packages/airflow/example_dags/example_latest_only.py for tasks to queue
[2025-08-04T19:27:21.313+0000] {logging_mixin.py:188} INFO - [2025-08-04T19:27:21.313+0000] {dagbag.py:545} INFO - Filling up the DagBag from /home/airflow/.local/lib/python3.12/site-packages/airflow/example_dags/example_latest_only.py
[2025-08-04T19:27:21.318+0000] {processor.py:840} INFO - DAG(s) 'latest_only' retrieved from /home/airflow/.local/lib/python3.12/site-packages/airflow/example_dags/example_latest_only.py
[2025-08-04T19:27:21.338+0000] {logging_mixin.py:188} INFO - [2025-08-04T19:27:21.338+0000] {dag.py:3096} INFO - Sync 1 DAGs
[2025-08-04T19:27:21.356+0000] {logging_mixin.py:188} INFO - [2025-08-04T19:27:21.356+0000] {dag.py:3954} INFO - Setting next_dagrun for latest_only to 2025-08-04 12:00:00+00:00, run_after=2025-08-04 16:00:00+00:00
[2025-08-04T19:27:21.374+0000] {processor.py:183} INFO - Processing /home/airflow/.local/lib/python3.12/site-packages/airflow/example_dags/example_latest_only.py took 0.069 seconds
[2025-08-04T19:59:43.024+0000] {processor.py:161} INFO - Started process (PID=2071) to work on /home/airflow/.local/lib/python3.12/site-packages/airflow/example_dags/example_latest_only.py
[2025-08-04T19:59:43.025+0000] {processor.py:830} INFO - Processing file /home/airflow/.local/lib/python3.12/site-packages/airflow/example_dags/example_latest_only.py for tasks to queue
[2025-08-04T19:59:43.028+0000] {logging_mixin.py:188} INFO - [2025-08-04T19:59:43.028+0000] {dagbag.py:545} INFO - Filling up the DagBag from /home/airflow/.local/lib/python3.12/site-packages/airflow/example_dags/example_latest_only.py
[2025-08-04T19:59:43.036+0000] {processor.py:840} INFO - DAG(s) 'latest_only' retrieved from /home/airflow/.local/lib/python3.12/site-packages/airflow/example_dags/example_latest_only.py
[2025-08-04T19:59:43.069+0000] {logging_mixin.py:188} INFO - [2025-08-04T19:59:43.068+0000] {dag.py:3096} INFO - Sync 1 DAGs
[2025-08-04T19:59:43.104+0000] {logging_mixin.py:188} INFO - [2025-08-04T19:59:43.103+0000] {dag.py:3954} INFO - Setting next_dagrun for latest_only to 2025-08-04 12:00:00+00:00, run_after=2025-08-04 16:00:00+00:00
[2025-08-04T19:59:43.131+0000] {processor.py:183} INFO - Processing /home/airflow/.local/lib/python3.12/site-packages/airflow/example_dags/example_latest_only.py took 0.117 seconds
[2025-08-04T20:00:14.607+0000] {processor.py:161} INFO - Started process (PID=2134) to work on /home/airflow/.local/lib/python3.12/site-packages/airflow/example_dags/example_latest_only.py
[2025-08-04T20:00:14.608+0000] {processor.py:830} INFO - Processing file /home/airflow/.local/lib/python3.12/site-packages/airflow/example_dags/example_latest_only.py for tasks to queue
[2025-08-04T20:00:14.612+0000] {logging_mixin.py:188} INFO - [2025-08-04T20:00:14.611+0000] {dagbag.py:545} INFO - Filling up the DagBag from /home/airflow/.local/lib/python3.12/site-packages/airflow/example_dags/example_latest_only.py
[2025-08-04T20:00:14.620+0000] {processor.py:840} INFO - DAG(s) 'latest_only' retrieved from /home/airflow/.local/lib/python3.12/site-packages/airflow/example_dags/example_latest_only.py
[2025-08-04T20:00:14.666+0000] {logging_mixin.py:188} INFO - [2025-08-04T20:00:14.665+0000] {dag.py:3096} INFO - Sync 1 DAGs
[2025-08-04T20:00:14.715+0000] {logging_mixin.py:188} INFO - [2025-08-04T20:00:14.715+0000] {dag.py:3954} INFO - Setting next_dagrun for latest_only to 2025-08-04 16:00:00+00:00, run_after=2025-08-04 20:00:00+00:00
[2025-08-04T20:00:14.767+0000] {processor.py:183} INFO - Processing /home/airflow/.local/lib/python3.12/site-packages/airflow/example_dags/example_latest_only.py took 0.170 seconds
[2025-08-04T20:00:45.469+0000] {processor.py:161} INFO - Started process (PID=2195) to work on /home/airflow/.local/lib/python3.12/site-packages/airflow/example_dags/example_latest_only.py
[2025-08-04T20:00:45.471+0000] {processor.py:830} INFO - Processing file /home/airflow/.local/lib/python3.12/site-packages/airflow/example_dags/example_latest_only.py for tasks to queue
[2025-08-04T20:00:45.475+0000] {logging_mixin.py:188} INFO - [2025-08-04T20:00:45.474+0000] {dagbag.py:545} INFO - Filling up the DagBag from /home/airflow/.local/lib/python3.12/site-packages/airflow/example_dags/example_latest_only.py
[2025-08-04T20:00:45.486+0000] {processor.py:840} INFO - DAG(s) 'latest_only' retrieved from /home/airflow/.local/lib/python3.12/site-packages/airflow/example_dags/example_latest_only.py
[2025-08-04T20:00:45.522+0000] {logging_mixin.py:188} INFO - [2025-08-04T20:00:45.520+0000] {dag.py:3096} INFO - Sync 1 DAGs
[2025-08-04T20:00:45.582+0000] {logging_mixin.py:188} INFO - [2025-08-04T20:00:45.576+0000] {dag.py:3954} INFO - Setting next_dagrun for latest_only to 2025-08-04 16:00:00+00:00, run_after=2025-08-04 20:00:00+00:00
[2025-08-04T20:00:45.629+0000] {processor.py:183} INFO - Processing /home/airflow/.local/lib/python3.12/site-packages/airflow/example_dags/example_latest_only.py took 0.169 seconds
[2025-08-04T20:01:16.095+0000] {processor.py:161} INFO - Started process (PID=2262) to work on /home/airflow/.local/lib/python3.12/site-packages/airflow/example_dags/example_latest_only.py
[2025-08-04T20:01:16.097+0000] {processor.py:830} INFO - Processing file /home/airflow/.local/lib/python3.12/site-packages/airflow/example_dags/example_latest_only.py for tasks to queue
[2025-08-04T20:01:16.101+0000] {logging_mixin.py:188} INFO - [2025-08-04T20:01:16.100+0000] {dagbag.py:545} INFO - Filling up the DagBag from /home/airflow/.local/lib/python3.12/site-packages/airflow/example_dags/example_latest_only.py
[2025-08-04T20:01:16.109+0000] {processor.py:840} INFO - DAG(s) 'latest_only' retrieved from /home/airflow/.local/lib/python3.12/site-packages/airflow/example_dags/example_latest_only.py
[2025-08-04T20:01:16.147+0000] {logging_mixin.py:188} INFO - [2025-08-04T20:01:16.146+0000] {dag.py:3096} INFO - Sync 1 DAGs
[2025-08-04T20:01:16.182+0000] {logging_mixin.py:188} INFO - [2025-08-04T20:01:16.182+0000] {dag.py:3954} INFO - Setting next_dagrun for latest_only to 2025-08-04 16:00:00+00:00, run_after=2025-08-04 20:00:00+00:00
[2025-08-04T20:01:16.210+0000] {processor.py:183} INFO - Processing /home/airflow/.local/lib/python3.12/site-packages/airflow/example_dags/example_latest_only.py took 0.124 seconds
[2025-08-04T20:01:46.521+0000] {processor.py:161} INFO - Started process (PID=2323) to work on /home/airflow/.local/lib/python3.12/site-packages/airflow/example_dags/example_latest_only.py
[2025-08-04T20:01:46.523+0000] {processor.py:830} INFO - Processing file /home/airflow/.local/lib/python3.12/site-packages/airflow/example_dags/example_latest_only.py for tasks to queue
[2025-08-04T20:01:46.527+0000] {logging_mixin.py:188} INFO - [2025-08-04T20:01:46.527+0000] {dagbag.py:545} INFO - Filling up the DagBag from /home/airflow/.local/lib/python3.12/site-packages/airflow/example_dags/example_latest_only.py
[2025-08-04T20:01:46.539+0000] {processor.py:840} INFO - DAG(s) 'latest_only' retrieved from /home/airflow/.local/lib/python3.12/site-packages/airflow/example_dags/example_latest_only.py
[2025-08-04T20:01:46.575+0000] {logging_mixin.py:188} INFO - [2025-08-04T20:01:46.575+0000] {dag.py:3096} INFO - Sync 1 DAGs
[2025-08-04T20:01:46.615+0000] {logging_mixin.py:188} INFO - [2025-08-04T20:01:46.615+0000] {dag.py:3954} INFO - Setting next_dagrun for latest_only to 2025-08-04 16:00:00+00:00, run_after=2025-08-04 20:00:00+00:00
[2025-08-04T20:01:46.649+0000] {processor.py:183} INFO - Processing /home/airflow/.local/lib/python3.12/site-packages/airflow/example_dags/example_latest_only.py took 0.139 seconds
[2025-08-04T20:02:17.337+0000] {processor.py:161} INFO - Started process (PID=2384) to work on /home/airflow/.local/lib/python3.12/site-packages/airflow/example_dags/example_latest_only.py
[2025-08-04T20:02:17.339+0000] {processor.py:830} INFO - Processing file /home/airflow/.local/lib/python3.12/site-packages/airflow/example_dags/example_latest_only.py for tasks to queue
[2025-08-04T20:02:17.343+0000] {logging_mixin.py:188} INFO - [2025-08-04T20:02:17.342+0000] {dagbag.py:545} INFO - Filling up the DagBag from /home/airflow/.local/lib/python3.12/site-packages/airflow/example_dags/example_latest_only.py
[2025-08-04T20:02:17.356+0000] {processor.py:840} INFO - DAG(s) 'latest_only' retrieved from /home/airflow/.local/lib/python3.12/site-packages/airflow/example_dags/example_latest_only.py
[2025-08-04T20:02:17.389+0000] {logging_mixin.py:188} INFO - [2025-08-04T20:02:17.388+0000] {dag.py:3096} INFO - Sync 1 DAGs
[2025-08-04T20:02:17.421+0000] {logging_mixin.py:188} INFO - [2025-08-04T20:02:17.420+0000] {dag.py:3954} INFO - Setting next_dagrun for latest_only to 2025-08-04 16:00:00+00:00, run_after=2025-08-04 20:00:00+00:00
[2025-08-04T20:02:17.450+0000] {processor.py:183} INFO - Processing /home/airflow/.local/lib/python3.12/site-packages/airflow/example_dags/example_latest_only.py took 0.123 seconds
[2025-08-04T20:02:47.972+0000] {processor.py:161} INFO - Started process (PID=2446) to work on /home/airflow/.local/lib/python3.12/site-packages/airflow/example_dags/example_latest_only.py
[2025-08-04T20:02:47.974+0000] {processor.py:830} INFO - Processing file /home/airflow/.local/lib/python3.12/site-packages/airflow/example_dags/example_latest_only.py for tasks to queue
[2025-08-04T20:02:47.977+0000] {logging_mixin.py:188} INFO - [2025-08-04T20:02:47.977+0000] {dagbag.py:545} INFO - Filling up the DagBag from /home/airflow/.local/lib/python3.12/site-packages/airflow/example_dags/example_latest_only.py
[2025-08-04T20:02:47.989+0000] {processor.py:840} INFO - DAG(s) 'latest_only' retrieved from /home/airflow/.local/lib/python3.12/site-packages/airflow/example_dags/example_latest_only.py
[2025-08-04T20:02:48.025+0000] {logging_mixin.py:188} INFO - [2025-08-04T20:02:48.024+0000] {dag.py:3096} INFO - Sync 1 DAGs
[2025-08-04T20:02:48.061+0000] {logging_mixin.py:188} INFO - [2025-08-04T20:02:48.060+0000] {dag.py:3954} INFO - Setting next_dagrun for latest_only to 2025-08-04 16:00:00+00:00, run_after=2025-08-04 20:00:00+00:00
[2025-08-04T20:02:48.089+0000] {processor.py:183} INFO - Processing /home/airflow/.local/lib/python3.12/site-packages/airflow/example_dags/example_latest_only.py took 0.126 seconds
[2025-08-04T20:03:19.183+0000] {processor.py:161} INFO - Started process (PID=2506) to work on /home/airflow/.local/lib/python3.12/site-packages/airflow/example_dags/example_latest_only.py
[2025-08-04T20:03:19.185+0000] {processor.py:830} INFO - Processing file /home/airflow/.local/lib/python3.12/site-packages/airflow/example_dags/example_latest_only.py for tasks to queue
[2025-08-04T20:03:19.189+0000] {logging_mixin.py:188} INFO - [2025-08-04T20:03:19.188+0000] {dagbag.py:545} INFO - Filling up the DagBag from /home/airflow/.local/lib/python3.12/site-packages/airflow/example_dags/example_latest_only.py
[2025-08-04T20:03:19.199+0000] {processor.py:840} INFO - DAG(s) 'latest_only' retrieved from /home/airflow/.local/lib/python3.12/site-packages/airflow/example_dags/example_latest_only.py
[2025-08-04T20:03:19.245+0000] {logging_mixin.py:188} INFO - [2025-08-04T20:03:19.244+0000] {dag.py:3096} INFO - Sync 1 DAGs
[2025-08-04T20:03:19.289+0000] {logging_mixin.py:188} INFO - [2025-08-04T20:03:19.289+0000] {dag.py:3954} INFO - Setting next_dagrun for latest_only to 2025-08-04 16:00:00+00:00, run_after=2025-08-04 20:00:00+00:00
[2025-08-04T20:03:19.324+0000] {processor.py:183} INFO - Processing /home/airflow/.local/lib/python3.12/site-packages/airflow/example_dags/example_latest_only.py took 0.152 seconds
[2025-08-04T20:03:49.690+0000] {processor.py:161} INFO - Started process (PID=2567) to work on /home/airflow/.local/lib/python3.12/site-packages/airflow/example_dags/example_latest_only.py
[2025-08-04T20:03:49.692+0000] {processor.py:830} INFO - Processing file /home/airflow/.local/lib/python3.12/site-packages/airflow/example_dags/example_latest_only.py for tasks to queue
[2025-08-04T20:03:49.695+0000] {logging_mixin.py:188} INFO - [2025-08-04T20:03:49.695+0000] {dagbag.py:545} INFO - Filling up the DagBag from /home/airflow/.local/lib/python3.12/site-packages/airflow/example_dags/example_latest_only.py
[2025-08-04T20:03:49.704+0000] {processor.py:840} INFO - DAG(s) 'latest_only' retrieved from /home/airflow/.local/lib/python3.12/site-packages/airflow/example_dags/example_latest_only.py
[2025-08-04T20:03:49.741+0000] {logging_mixin.py:188} INFO - [2025-08-04T20:03:49.740+0000] {dag.py:3096} INFO - Sync 1 DAGs
[2025-08-04T20:03:49.776+0000] {logging_mixin.py:188} INFO - [2025-08-04T20:03:49.775+0000] {dag.py:3954} INFO - Setting next_dagrun for latest_only to 2025-08-04 16:00:00+00:00, run_after=2025-08-04 20:00:00+00:00
[2025-08-04T20:03:49.805+0000] {processor.py:183} INFO - Processing /home/airflow/.local/lib/python3.12/site-packages/airflow/example_dags/example_latest_only.py took 0.124 seconds
[2025-08-04T20:04:20.275+0000] {processor.py:161} INFO - Started process (PID=2628) to work on /home/airflow/.local/lib/python3.12/site-packages/airflow/example_dags/example_latest_only.py
[2025-08-04T20:04:20.277+0000] {processor.py:830} INFO - Processing file /home/airflow/.local/lib/python3.12/site-packages/airflow/example_dags/example_latest_only.py for tasks to queue
[2025-08-04T20:04:20.280+0000] {logging_mixin.py:188} INFO - [2025-08-04T20:04:20.280+0000] {dagbag.py:545} INFO - Filling up the DagBag from /home/airflow/.local/lib/python3.12/site-packages/airflow/example_dags/example_latest_only.py
[2025-08-04T20:04:20.289+0000] {processor.py:840} INFO - DAG(s) 'latest_only' retrieved from /home/airflow/.local/lib/python3.12/site-packages/airflow/example_dags/example_latest_only.py
[2025-08-04T20:04:20.325+0000] {logging_mixin.py:188} INFO - [2025-08-04T20:04:20.324+0000] {dag.py:3096} INFO - Sync 1 DAGs
[2025-08-04T20:04:20.355+0000] {logging_mixin.py:188} INFO - [2025-08-04T20:04:20.355+0000] {dag.py:3954} INFO - Setting next_dagrun for latest_only to 2025-08-04 16:00:00+00:00, run_after=2025-08-04 20:00:00+00:00
[2025-08-04T20:04:20.392+0000] {processor.py:183} INFO - Processing /home/airflow/.local/lib/python3.12/site-packages/airflow/example_dags/example_latest_only.py took 0.125 seconds
[2025-08-04T20:04:50.585+0000] {processor.py:161} INFO - Started process (PID=2689) to work on /home/airflow/.local/lib/python3.12/site-packages/airflow/example_dags/example_latest_only.py
[2025-08-04T20:04:50.587+0000] {processor.py:830} INFO - Processing file /home/airflow/.local/lib/python3.12/site-packages/airflow/example_dags/example_latest_only.py for tasks to queue
[2025-08-04T20:04:50.591+0000] {logging_mixin.py:188} INFO - [2025-08-04T20:04:50.591+0000] {dagbag.py:545} INFO - Filling up the DagBag from /home/airflow/.local/lib/python3.12/site-packages/airflow/example_dags/example_latest_only.py
[2025-08-04T20:04:50.599+0000] {processor.py:840} INFO - DAG(s) 'latest_only' retrieved from /home/airflow/.local/lib/python3.12/site-packages/airflow/example_dags/example_latest_only.py
[2025-08-04T20:04:50.634+0000] {logging_mixin.py:188} INFO - [2025-08-04T20:04:50.634+0000] {dag.py:3096} INFO - Sync 1 DAGs
[2025-08-04T20:04:50.669+0000] {logging_mixin.py:188} INFO - [2025-08-04T20:04:50.668+0000] {dag.py:3954} INFO - Setting next_dagrun for latest_only to 2025-08-04 16:00:00+00:00, run_after=2025-08-04 20:00:00+00:00
[2025-08-04T20:04:50.697+0000] {processor.py:183} INFO - Processing /home/airflow/.local/lib/python3.12/site-packages/airflow/example_dags/example_latest_only.py took 0.121 seconds
[2025-08-04T20:05:21.887+0000] {processor.py:161} INFO - Started process (PID=2750) to work on /home/airflow/.local/lib/python3.12/site-packages/airflow/example_dags/example_latest_only.py
[2025-08-04T20:05:21.890+0000] {processor.py:830} INFO - Processing file /home/airflow/.local/lib/python3.12/site-packages/airflow/example_dags/example_latest_only.py for tasks to queue
[2025-08-04T20:05:21.894+0000] {logging_mixin.py:188} INFO - [2025-08-04T20:05:21.893+0000] {dagbag.py:545} INFO - Filling up the DagBag from /home/airflow/.local/lib/python3.12/site-packages/airflow/example_dags/example_latest_only.py
[2025-08-04T20:05:21.904+0000] {processor.py:840} INFO - DAG(s) 'latest_only' retrieved from /home/airflow/.local/lib/python3.12/site-packages/airflow/example_dags/example_latest_only.py
[2025-08-04T20:05:21.937+0000] {logging_mixin.py:188} INFO - [2025-08-04T20:05:21.936+0000] {dag.py:3096} INFO - Sync 1 DAGs
[2025-08-04T20:05:21.977+0000] {logging_mixin.py:188} INFO - [2025-08-04T20:05:21.976+0000] {dag.py:3954} INFO - Setting next_dagrun for latest_only to 2025-08-04 16:00:00+00:00, run_after=2025-08-04 20:00:00+00:00
[2025-08-04T20:05:22.006+0000] {processor.py:183} INFO - Processing /home/airflow/.local/lib/python3.12/site-packages/airflow/example_dags/example_latest_only.py took 0.129 seconds
[2025-08-04T20:05:55.857+0000] {processor.py:161} INFO - Started process (PID=2812) to work on /home/airflow/.local/lib/python3.12/site-packages/airflow/example_dags/example_latest_only.py
[2025-08-04T20:05:55.860+0000] {processor.py:830} INFO - Processing file /home/airflow/.local/lib/python3.12/site-packages/airflow/example_dags/example_latest_only.py for tasks to queue
[2025-08-04T20:05:55.865+0000] {logging_mixin.py:188} INFO - [2025-08-04T20:05:55.864+0000] {dagbag.py:545} INFO - Filling up the DagBag from /home/airflow/.local/lib/python3.12/site-packages/airflow/example_dags/example_latest_only.py
[2025-08-04T20:05:55.875+0000] {processor.py:840} INFO - DAG(s) 'latest_only' retrieved from /home/airflow/.local/lib/python3.12/site-packages/airflow/example_dags/example_latest_only.py
[2025-08-04T20:05:55.928+0000] {logging_mixin.py:188} INFO - [2025-08-04T20:05:55.927+0000] {dag.py:3096} INFO - Sync 1 DAGs
[2025-08-04T20:05:55.967+0000] {logging_mixin.py:188} INFO - [2025-08-04T20:05:55.967+0000] {dag.py:3954} INFO - Setting next_dagrun for latest_only to 2025-08-04 16:00:00+00:00, run_after=2025-08-04 20:00:00+00:00
[2025-08-04T20:05:55.997+0000] {processor.py:183} INFO - Processing /home/airflow/.local/lib/python3.12/site-packages/airflow/example_dags/example_latest_only.py took 0.152 seconds
[2025-08-04T20:13:19.416+0000] {processor.py:161} INFO - Started process (PID=2866) to work on /home/airflow/.local/lib/python3.12/site-packages/airflow/example_dags/example_latest_only.py
[2025-08-04T20:13:19.418+0000] {processor.py:830} INFO - Processing file /home/airflow/.local/lib/python3.12/site-packages/airflow/example_dags/example_latest_only.py for tasks to queue
[2025-08-04T20:13:19.420+0000] {logging_mixin.py:188} INFO - [2025-08-04T20:13:19.419+0000] {dagbag.py:545} INFO - Filling up the DagBag from /home/airflow/.local/lib/python3.12/site-packages/airflow/example_dags/example_latest_only.py
[2025-08-04T20:13:19.431+0000] {processor.py:840} INFO - DAG(s) 'latest_only' retrieved from /home/airflow/.local/lib/python3.12/site-packages/airflow/example_dags/example_latest_only.py
[2025-08-04T20:13:19.468+0000] {logging_mixin.py:188} INFO - [2025-08-04T20:13:19.467+0000] {dag.py:3096} INFO - Sync 1 DAGs
[2025-08-04T20:13:19.508+0000] {logging_mixin.py:188} INFO - [2025-08-04T20:13:19.507+0000] {dag.py:3954} INFO - Setting next_dagrun for latest_only to 2025-08-04 16:00:00+00:00, run_after=2025-08-04 20:00:00+00:00
[2025-08-04T20:13:19.544+0000] {processor.py:183} INFO - Processing /home/airflow/.local/lib/python3.12/site-packages/airflow/example_dags/example_latest_only.py took 0.140 seconds
[2025-08-04T20:13:50.965+0000] {processor.py:161} INFO - Started process (PID=2928) to work on /home/airflow/.local/lib/python3.12/site-packages/airflow/example_dags/example_latest_only.py
[2025-08-04T20:13:50.966+0000] {processor.py:830} INFO - Processing file /home/airflow/.local/lib/python3.12/site-packages/airflow/example_dags/example_latest_only.py for tasks to queue
[2025-08-04T20:13:50.968+0000] {logging_mixin.py:188} INFO - [2025-08-04T20:13:50.967+0000] {dagbag.py:545} INFO - Filling up the DagBag from /home/airflow/.local/lib/python3.12/site-packages/airflow/example_dags/example_latest_only.py
[2025-08-04T20:13:50.979+0000] {processor.py:840} INFO - DAG(s) 'latest_only' retrieved from /home/airflow/.local/lib/python3.12/site-packages/airflow/example_dags/example_latest_only.py
[2025-08-04T20:13:51.014+0000] {logging_mixin.py:188} INFO - [2025-08-04T20:13:51.014+0000] {dag.py:3096} INFO - Sync 1 DAGs
[2025-08-04T20:13:51.048+0000] {logging_mixin.py:188} INFO - [2025-08-04T20:13:51.048+0000] {dag.py:3954} INFO - Setting next_dagrun for latest_only to 2025-08-04 16:00:00+00:00, run_after=2025-08-04 20:00:00+00:00
[2025-08-04T20:13:51.081+0000] {processor.py:183} INFO - Processing /home/airflow/.local/lib/python3.12/site-packages/airflow/example_dags/example_latest_only.py took 0.126 seconds
[2025-08-04T20:14:22.563+0000] {processor.py:161} INFO - Started process (PID=2989) to work on /home/airflow/.local/lib/python3.12/site-packages/airflow/example_dags/example_latest_only.py
[2025-08-04T20:14:22.564+0000] {processor.py:830} INFO - Processing file /home/airflow/.local/lib/python3.12/site-packages/airflow/example_dags/example_latest_only.py for tasks to queue
[2025-08-04T20:14:22.566+0000] {logging_mixin.py:188} INFO - [2025-08-04T20:14:22.565+0000] {dagbag.py:545} INFO - Filling up the DagBag from /home/airflow/.local/lib/python3.12/site-packages/airflow/example_dags/example_latest_only.py
[2025-08-04T20:14:22.577+0000] {processor.py:840} INFO - DAG(s) 'latest_only' retrieved from /home/airflow/.local/lib/python3.12/site-packages/airflow/example_dags/example_latest_only.py
[2025-08-04T20:14:22.614+0000] {logging_mixin.py:188} INFO - [2025-08-04T20:14:22.613+0000] {dag.py:3096} INFO - Sync 1 DAGs
[2025-08-04T20:14:22.647+0000] {logging_mixin.py:188} INFO - [2025-08-04T20:14:22.646+0000] {dag.py:3954} INFO - Setting next_dagrun for latest_only to 2025-08-04 16:00:00+00:00, run_after=2025-08-04 20:00:00+00:00
[2025-08-04T20:14:22.682+0000] {processor.py:183} INFO - Processing /home/airflow/.local/lib/python3.12/site-packages/airflow/example_dags/example_latest_only.py took 0.130 seconds
[2025-08-04T20:14:53.866+0000] {processor.py:161} INFO - Started process (PID=3050) to work on /home/airflow/.local/lib/python3.12/site-packages/airflow/example_dags/example_latest_only.py
[2025-08-04T20:14:53.868+0000] {processor.py:830} INFO - Processing file /home/airflow/.local/lib/python3.12/site-packages/airflow/example_dags/example_latest_only.py for tasks to queue
[2025-08-04T20:14:53.870+0000] {logging_mixin.py:188} INFO - [2025-08-04T20:14:53.869+0000] {dagbag.py:545} INFO - Filling up the DagBag from /home/airflow/.local/lib/python3.12/site-packages/airflow/example_dags/example_latest_only.py
[2025-08-04T20:14:53.879+0000] {processor.py:840} INFO - DAG(s) 'latest_only' retrieved from /home/airflow/.local/lib/python3.12/site-packages/airflow/example_dags/example_latest_only.py
[2025-08-04T20:14:53.914+0000] {logging_mixin.py:188} INFO - [2025-08-04T20:14:53.914+0000] {dag.py:3096} INFO - Sync 1 DAGs
[2025-08-04T20:14:53.945+0000] {logging_mixin.py:188} INFO - [2025-08-04T20:14:53.945+0000] {dag.py:3954} INFO - Setting next_dagrun for latest_only to 2025-08-04 16:00:00+00:00, run_after=2025-08-04 20:00:00+00:00
[2025-08-04T20:14:53.976+0000] {processor.py:183} INFO - Processing /home/airflow/.local/lib/python3.12/site-packages/airflow/example_dags/example_latest_only.py took 0.120 seconds
[2025-08-04T20:15:25.657+0000] {processor.py:161} INFO - Started process (PID=3118) to work on /home/airflow/.local/lib/python3.12/site-packages/airflow/example_dags/example_latest_only.py
[2025-08-04T20:15:25.659+0000] {processor.py:830} INFO - Processing file /home/airflow/.local/lib/python3.12/site-packages/airflow/example_dags/example_latest_only.py for tasks to queue
[2025-08-04T20:15:25.661+0000] {logging_mixin.py:188} INFO - [2025-08-04T20:15:25.660+0000] {dagbag.py:545} INFO - Filling up the DagBag from /home/airflow/.local/lib/python3.12/site-packages/airflow/example_dags/example_latest_only.py
[2025-08-04T20:15:25.670+0000] {processor.py:840} INFO - DAG(s) 'latest_only' retrieved from /home/airflow/.local/lib/python3.12/site-packages/airflow/example_dags/example_latest_only.py
[2025-08-04T20:15:25.707+0000] {logging_mixin.py:188} INFO - [2025-08-04T20:15:25.707+0000] {dag.py:3096} INFO - Sync 1 DAGs
[2025-08-04T20:15:25.743+0000] {logging_mixin.py:188} INFO - [2025-08-04T20:15:25.743+0000] {dag.py:3954} INFO - Setting next_dagrun for latest_only to 2025-08-04 16:00:00+00:00, run_after=2025-08-04 20:00:00+00:00
[2025-08-04T20:15:25.784+0000] {processor.py:183} INFO - Processing /home/airflow/.local/lib/python3.12/site-packages/airflow/example_dags/example_latest_only.py took 0.137 seconds
[2025-08-04T20:15:56.911+0000] {processor.py:161} INFO - Started process (PID=3179) to work on /home/airflow/.local/lib/python3.12/site-packages/airflow/example_dags/example_latest_only.py
[2025-08-04T20:15:56.913+0000] {processor.py:830} INFO - Processing file /home/airflow/.local/lib/python3.12/site-packages/airflow/example_dags/example_latest_only.py for tasks to queue
[2025-08-04T20:15:56.915+0000] {logging_mixin.py:188} INFO - [2025-08-04T20:15:56.914+0000] {dagbag.py:545} INFO - Filling up the DagBag from /home/airflow/.local/lib/python3.12/site-packages/airflow/example_dags/example_latest_only.py
[2025-08-04T20:15:56.927+0000] {processor.py:840} INFO - DAG(s) 'latest_only' retrieved from /home/airflow/.local/lib/python3.12/site-packages/airflow/example_dags/example_latest_only.py
[2025-08-04T20:15:56.965+0000] {logging_mixin.py:188} INFO - [2025-08-04T20:15:56.964+0000] {dag.py:3096} INFO - Sync 1 DAGs
[2025-08-04T20:15:57.003+0000] {logging_mixin.py:188} INFO - [2025-08-04T20:15:57.002+0000] {dag.py:3954} INFO - Setting next_dagrun for latest_only to 2025-08-04 16:00:00+00:00, run_after=2025-08-04 20:00:00+00:00
[2025-08-04T20:15:57.035+0000] {processor.py:183} INFO - Processing /home/airflow/.local/lib/python3.12/site-packages/airflow/example_dags/example_latest_only.py took 0.137 seconds
[2025-08-04T20:16:27.116+0000] {processor.py:161} INFO - Started process (PID=3240) to work on /home/airflow/.local/lib/python3.12/site-packages/airflow/example_dags/example_latest_only.py
[2025-08-04T20:16:27.118+0000] {processor.py:830} INFO - Processing file /home/airflow/.local/lib/python3.12/site-packages/airflow/example_dags/example_latest_only.py for tasks to queue
[2025-08-04T20:16:27.120+0000] {logging_mixin.py:188} INFO - [2025-08-04T20:16:27.119+0000] {dagbag.py:545} INFO - Filling up the DagBag from /home/airflow/.local/lib/python3.12/site-packages/airflow/example_dags/example_latest_only.py
[2025-08-04T20:16:27.131+0000] {processor.py:840} INFO - DAG(s) 'latest_only' retrieved from /home/airflow/.local/lib/python3.12/site-packages/airflow/example_dags/example_latest_only.py
[2025-08-04T20:16:27.170+0000] {logging_mixin.py:188} INFO - [2025-08-04T20:16:27.170+0000] {dag.py:3096} INFO - Sync 1 DAGs
[2025-08-04T20:16:27.211+0000] {logging_mixin.py:188} INFO - [2025-08-04T20:16:27.211+0000] {dag.py:3954} INFO - Setting next_dagrun for latest_only to 2025-08-04 16:00:00+00:00, run_after=2025-08-04 20:00:00+00:00
[2025-08-04T20:16:27.246+0000] {processor.py:183} INFO - Processing /home/airflow/.local/lib/python3.12/site-packages/airflow/example_dags/example_latest_only.py took 0.139 seconds
[2025-08-04T20:16:58.954+0000] {processor.py:161} INFO - Started process (PID=3301) to work on /home/airflow/.local/lib/python3.12/site-packages/airflow/example_dags/example_latest_only.py
[2025-08-04T20:16:58.956+0000] {processor.py:830} INFO - Processing file /home/airflow/.local/lib/python3.12/site-packages/airflow/example_dags/example_latest_only.py for tasks to queue
[2025-08-04T20:16:58.958+0000] {logging_mixin.py:188} INFO - [2025-08-04T20:16:58.957+0000] {dagbag.py:545} INFO - Filling up the DagBag from /home/airflow/.local/lib/python3.12/site-packages/airflow/example_dags/example_latest_only.py
[2025-08-04T20:16:58.967+0000] {processor.py:840} INFO - DAG(s) 'latest_only' retrieved from /home/airflow/.local/lib/python3.12/site-packages/airflow/example_dags/example_latest_only.py
[2025-08-04T20:16:58.998+0000] {logging_mixin.py:188} INFO - [2025-08-04T20:16:58.998+0000] {dag.py:3096} INFO - Sync 1 DAGs
[2025-08-04T20:16:59.028+0000] {logging_mixin.py:188} INFO - [2025-08-04T20:16:59.028+0000] {dag.py:3954} INFO - Setting next_dagrun for latest_only to 2025-08-04 16:00:00+00:00, run_after=2025-08-04 20:00:00+00:00
[2025-08-04T20:16:59.057+0000] {processor.py:183} INFO - Processing /home/airflow/.local/lib/python3.12/site-packages/airflow/example_dags/example_latest_only.py took 0.112 seconds
[2025-08-04T20:17:30.118+0000] {processor.py:161} INFO - Started process (PID=3362) to work on /home/airflow/.local/lib/python3.12/site-packages/airflow/example_dags/example_latest_only.py
[2025-08-04T20:17:30.119+0000] {processor.py:830} INFO - Processing file /home/airflow/.local/lib/python3.12/site-packages/airflow/example_dags/example_latest_only.py for tasks to queue
[2025-08-04T20:17:30.121+0000] {logging_mixin.py:188} INFO - [2025-08-04T20:17:30.121+0000] {dagbag.py:545} INFO - Filling up the DagBag from /home/airflow/.local/lib/python3.12/site-packages/airflow/example_dags/example_latest_only.py
[2025-08-04T20:17:30.131+0000] {processor.py:840} INFO - DAG(s) 'latest_only' retrieved from /home/airflow/.local/lib/python3.12/site-packages/airflow/example_dags/example_latest_only.py
[2025-08-04T20:17:30.167+0000] {logging_mixin.py:188} INFO - [2025-08-04T20:17:30.167+0000] {dag.py:3096} INFO - Sync 1 DAGs
[2025-08-04T20:17:30.201+0000] {logging_mixin.py:188} INFO - [2025-08-04T20:17:30.200+0000] {dag.py:3954} INFO - Setting next_dagrun for latest_only to 2025-08-04 16:00:00+00:00, run_after=2025-08-04 20:00:00+00:00
[2025-08-04T20:17:30.235+0000] {processor.py:183} INFO - Processing /home/airflow/.local/lib/python3.12/site-packages/airflow/example_dags/example_latest_only.py took 0.128 seconds
[2025-08-04T20:18:00.829+0000] {processor.py:161} INFO - Started process (PID=3423) to work on /home/airflow/.local/lib/python3.12/site-packages/airflow/example_dags/example_latest_only.py
[2025-08-04T20:18:00.831+0000] {processor.py:830} INFO - Processing file /home/airflow/.local/lib/python3.12/site-packages/airflow/example_dags/example_latest_only.py for tasks to queue
[2025-08-04T20:18:00.833+0000] {logging_mixin.py:188} INFO - [2025-08-04T20:18:00.832+0000] {dagbag.py:545} INFO - Filling up the DagBag from /home/airflow/.local/lib/python3.12/site-packages/airflow/example_dags/example_latest_only.py
[2025-08-04T20:18:00.844+0000] {processor.py:840} INFO - DAG(s) 'latest_only' retrieved from /home/airflow/.local/lib/python3.12/site-packages/airflow/example_dags/example_latest_only.py
[2025-08-04T20:18:00.881+0000] {logging_mixin.py:188} INFO - [2025-08-04T20:18:00.880+0000] {dag.py:3096} INFO - Sync 1 DAGs
[2025-08-04T20:18:00.917+0000] {logging_mixin.py:188} INFO - [2025-08-04T20:18:00.917+0000] {dag.py:3954} INFO - Setting next_dagrun for latest_only to 2025-08-04 16:00:00+00:00, run_after=2025-08-04 20:00:00+00:00
[2025-08-04T20:18:00.954+0000] {processor.py:183} INFO - Processing /home/airflow/.local/lib/python3.12/site-packages/airflow/example_dags/example_latest_only.py took 0.137 seconds
[2025-08-04T20:18:32.197+0000] {processor.py:161} INFO - Started process (PID=3484) to work on /home/airflow/.local/lib/python3.12/site-packages/airflow/example_dags/example_latest_only.py
[2025-08-04T20:18:32.200+0000] {processor.py:830} INFO - Processing file /home/airflow/.local/lib/python3.12/site-packages/airflow/example_dags/example_latest_only.py for tasks to queue
[2025-08-04T20:18:32.201+0000] {logging_mixin.py:188} INFO - [2025-08-04T20:18:32.201+0000] {dagbag.py:545} INFO - Filling up the DagBag from /home/airflow/.local/lib/python3.12/site-packages/airflow/example_dags/example_latest_only.py
[2025-08-04T20:18:32.211+0000] {processor.py:840} INFO - DAG(s) 'latest_only' retrieved from /home/airflow/.local/lib/python3.12/site-packages/airflow/example_dags/example_latest_only.py
[2025-08-04T20:18:32.247+0000] {logging_mixin.py:188} INFO - [2025-08-04T20:18:32.247+0000] {dag.py:3096} INFO - Sync 1 DAGs
[2025-08-04T20:18:32.282+0000] {logging_mixin.py:188} INFO - [2025-08-04T20:18:32.282+0000] {dag.py:3954} INFO - Setting next_dagrun for latest_only to 2025-08-04 16:00:00+00:00, run_after=2025-08-04 20:00:00+00:00
[2025-08-04T20:18:32.313+0000] {processor.py:183} INFO - Processing /home/airflow/.local/lib/python3.12/site-packages/airflow/example_dags/example_latest_only.py took 0.127 seconds
[2025-08-04T20:19:03.326+0000] {processor.py:161} INFO - Started process (PID=3545) to work on /home/airflow/.local/lib/python3.12/site-packages/airflow/example_dags/example_latest_only.py
[2025-08-04T20:19:03.328+0000] {processor.py:830} INFO - Processing file /home/airflow/.local/lib/python3.12/site-packages/airflow/example_dags/example_latest_only.py for tasks to queue
[2025-08-04T20:19:03.330+0000] {logging_mixin.py:188} INFO - [2025-08-04T20:19:03.329+0000] {dagbag.py:545} INFO - Filling up the DagBag from /home/airflow/.local/lib/python3.12/site-packages/airflow/example_dags/example_latest_only.py
[2025-08-04T20:19:03.339+0000] {processor.py:840} INFO - DAG(s) 'latest_only' retrieved from /home/airflow/.local/lib/python3.12/site-packages/airflow/example_dags/example_latest_only.py
[2025-08-04T20:19:03.373+0000] {logging_mixin.py:188} INFO - [2025-08-04T20:19:03.373+0000] {dag.py:3096} INFO - Sync 1 DAGs
[2025-08-04T20:19:03.404+0000] {logging_mixin.py:188} INFO - [2025-08-04T20:19:03.404+0000] {dag.py:3954} INFO - Setting next_dagrun for latest_only to 2025-08-04 16:00:00+00:00, run_after=2025-08-04 20:00:00+00:00
[2025-08-04T20:19:03.436+0000] {processor.py:183} INFO - Processing /home/airflow/.local/lib/python3.12/site-packages/airflow/example_dags/example_latest_only.py took 0.120 seconds
[2025-08-04T20:19:34.540+0000] {processor.py:161} INFO - Started process (PID=3606) to work on /home/airflow/.local/lib/python3.12/site-packages/airflow/example_dags/example_latest_only.py
[2025-08-04T20:19:34.542+0000] {processor.py:830} INFO - Processing file /home/airflow/.local/lib/python3.12/site-packages/airflow/example_dags/example_latest_only.py for tasks to queue
[2025-08-04T20:19:34.544+0000] {logging_mixin.py:188} INFO - [2025-08-04T20:19:34.544+0000] {dagbag.py:545} INFO - Filling up the DagBag from /home/airflow/.local/lib/python3.12/site-packages/airflow/example_dags/example_latest_only.py
[2025-08-04T20:19:34.555+0000] {processor.py:840} INFO - DAG(s) 'latest_only' retrieved from /home/airflow/.local/lib/python3.12/site-packages/airflow/example_dags/example_latest_only.py
[2025-08-04T20:19:34.601+0000] {logging_mixin.py:188} INFO - [2025-08-04T20:19:34.600+0000] {dag.py:3096} INFO - Sync 1 DAGs
[2025-08-04T20:19:34.639+0000] {logging_mixin.py:188} INFO - [2025-08-04T20:19:34.638+0000] {dag.py:3954} INFO - Setting next_dagrun for latest_only to 2025-08-04 16:00:00+00:00, run_after=2025-08-04 20:00:00+00:00
[2025-08-04T20:19:34.680+0000] {processor.py:183} INFO - Processing /home/airflow/.local/lib/python3.12/site-packages/airflow/example_dags/example_latest_only.py took 0.152 seconds
[2025-08-04T20:20:05.451+0000] {processor.py:161} INFO - Started process (PID=3667) to work on /home/airflow/.local/lib/python3.12/site-packages/airflow/example_dags/example_latest_only.py
[2025-08-04T20:20:05.453+0000] {processor.py:830} INFO - Processing file /home/airflow/.local/lib/python3.12/site-packages/airflow/example_dags/example_latest_only.py for tasks to queue
[2025-08-04T20:20:05.454+0000] {logging_mixin.py:188} INFO - [2025-08-04T20:20:05.454+0000] {dagbag.py:545} INFO - Filling up the DagBag from /home/airflow/.local/lib/python3.12/site-packages/airflow/example_dags/example_latest_only.py
[2025-08-04T20:20:05.464+0000] {processor.py:840} INFO - DAG(s) 'latest_only' retrieved from /home/airflow/.local/lib/python3.12/site-packages/airflow/example_dags/example_latest_only.py
[2025-08-04T20:20:05.499+0000] {logging_mixin.py:188} INFO - [2025-08-04T20:20:05.499+0000] {dag.py:3096} INFO - Sync 1 DAGs
[2025-08-04T20:20:05.535+0000] {logging_mixin.py:188} INFO - [2025-08-04T20:20:05.535+0000] {dag.py:3954} INFO - Setting next_dagrun for latest_only to 2025-08-04 16:00:00+00:00, run_after=2025-08-04 20:00:00+00:00
[2025-08-04T20:20:05.567+0000] {processor.py:183} INFO - Processing /home/airflow/.local/lib/python3.12/site-packages/airflow/example_dags/example_latest_only.py took 0.125 seconds
[2025-08-04T20:20:36.282+0000] {processor.py:161} INFO - Started process (PID=3728) to work on /home/airflow/.local/lib/python3.12/site-packages/airflow/example_dags/example_latest_only.py
[2025-08-04T20:20:36.284+0000] {processor.py:830} INFO - Processing file /home/airflow/.local/lib/python3.12/site-packages/airflow/example_dags/example_latest_only.py for tasks to queue
[2025-08-04T20:20:36.286+0000] {logging_mixin.py:188} INFO - [2025-08-04T20:20:36.285+0000] {dagbag.py:545} INFO - Filling up the DagBag from /home/airflow/.local/lib/python3.12/site-packages/airflow/example_dags/example_latest_only.py
[2025-08-04T20:20:36.297+0000] {processor.py:840} INFO - DAG(s) 'latest_only' retrieved from /home/airflow/.local/lib/python3.12/site-packages/airflow/example_dags/example_latest_only.py
[2025-08-04T20:20:36.334+0000] {logging_mixin.py:188} INFO - [2025-08-04T20:20:36.333+0000] {dag.py:3096} INFO - Sync 1 DAGs
[2025-08-04T20:20:36.372+0000] {logging_mixin.py:188} INFO - [2025-08-04T20:20:36.371+0000] {dag.py:3954} INFO - Setting next_dagrun for latest_only to 2025-08-04 16:00:00+00:00, run_after=2025-08-04 20:00:00+00:00
[2025-08-04T20:20:36.404+0000] {processor.py:183} INFO - Processing /home/airflow/.local/lib/python3.12/site-packages/airflow/example_dags/example_latest_only.py took 0.140 seconds
[2025-08-04T20:21:07.204+0000] {processor.py:161} INFO - Started process (PID=3789) to work on /home/airflow/.local/lib/python3.12/site-packages/airflow/example_dags/example_latest_only.py
[2025-08-04T20:21:07.206+0000] {processor.py:830} INFO - Processing file /home/airflow/.local/lib/python3.12/site-packages/airflow/example_dags/example_latest_only.py for tasks to queue
[2025-08-04T20:21:07.208+0000] {logging_mixin.py:188} INFO - [2025-08-04T20:21:07.207+0000] {dagbag.py:545} INFO - Filling up the DagBag from /home/airflow/.local/lib/python3.12/site-packages/airflow/example_dags/example_latest_only.py
[2025-08-04T20:21:07.218+0000] {processor.py:840} INFO - DAG(s) 'latest_only' retrieved from /home/airflow/.local/lib/python3.12/site-packages/airflow/example_dags/example_latest_only.py
[2025-08-04T20:21:07.255+0000] {logging_mixin.py:188} INFO - [2025-08-04T20:21:07.254+0000] {dag.py:3096} INFO - Sync 1 DAGs
[2025-08-04T20:21:07.313+0000] {logging_mixin.py:188} INFO - [2025-08-04T20:21:07.313+0000] {dag.py:3954} INFO - Setting next_dagrun for latest_only to 2025-08-04 16:00:00+00:00, run_after=2025-08-04 20:00:00+00:00
[2025-08-04T20:21:07.349+0000] {processor.py:183} INFO - Processing /home/airflow/.local/lib/python3.12/site-packages/airflow/example_dags/example_latest_only.py took 0.156 seconds
[2025-08-04T20:21:38.341+0000] {processor.py:161} INFO - Started process (PID=3850) to work on /home/airflow/.local/lib/python3.12/site-packages/airflow/example_dags/example_latest_only.py
[2025-08-04T20:21:38.342+0000] {processor.py:830} INFO - Processing file /home/airflow/.local/lib/python3.12/site-packages/airflow/example_dags/example_latest_only.py for tasks to queue
[2025-08-04T20:21:38.344+0000] {logging_mixin.py:188} INFO - [2025-08-04T20:21:38.343+0000] {dagbag.py:545} INFO - Filling up the DagBag from /home/airflow/.local/lib/python3.12/site-packages/airflow/example_dags/example_latest_only.py
[2025-08-04T20:21:38.354+0000] {processor.py:840} INFO - DAG(s) 'latest_only' retrieved from /home/airflow/.local/lib/python3.12/site-packages/airflow/example_dags/example_latest_only.py
[2025-08-04T20:21:38.391+0000] {logging_mixin.py:188} INFO - [2025-08-04T20:21:38.391+0000] {dag.py:3096} INFO - Sync 1 DAGs
[2025-08-04T20:21:38.426+0000] {logging_mixin.py:188} INFO - [2025-08-04T20:21:38.425+0000] {dag.py:3954} INFO - Setting next_dagrun for latest_only to 2025-08-04 16:00:00+00:00, run_after=2025-08-04 20:00:00+00:00
[2025-08-04T20:21:38.467+0000] {processor.py:183} INFO - Processing /home/airflow/.local/lib/python3.12/site-packages/airflow/example_dags/example_latest_only.py took 0.137 seconds
[2025-08-04T20:22:09.492+0000] {processor.py:161} INFO - Started process (PID=3911) to work on /home/airflow/.local/lib/python3.12/site-packages/airflow/example_dags/example_latest_only.py
[2025-08-04T20:22:09.495+0000] {processor.py:830} INFO - Processing file /home/airflow/.local/lib/python3.12/site-packages/airflow/example_dags/example_latest_only.py for tasks to queue
[2025-08-04T20:22:09.500+0000] {logging_mixin.py:188} INFO - [2025-08-04T20:22:09.499+0000] {dagbag.py:545} INFO - Filling up the DagBag from /home/airflow/.local/lib/python3.12/site-packages/airflow/example_dags/example_latest_only.py
[2025-08-04T20:22:09.514+0000] {processor.py:840} INFO - DAG(s) 'latest_only' retrieved from /home/airflow/.local/lib/python3.12/site-packages/airflow/example_dags/example_latest_only.py
[2025-08-04T20:22:09.568+0000] {logging_mixin.py:188} INFO - [2025-08-04T20:22:09.567+0000] {dag.py:3096} INFO - Sync 1 DAGs
[2025-08-04T20:22:09.621+0000] {logging_mixin.py:188} INFO - [2025-08-04T20:22:09.621+0000] {dag.py:3954} INFO - Setting next_dagrun for latest_only to 2025-08-04 16:00:00+00:00, run_after=2025-08-04 20:00:00+00:00
[2025-08-04T20:22:09.654+0000] {processor.py:183} INFO - Processing /home/airflow/.local/lib/python3.12/site-packages/airflow/example_dags/example_latest_only.py took 0.177 seconds
[2025-08-04T20:22:39.765+0000] {processor.py:161} INFO - Started process (PID=3971) to work on /home/airflow/.local/lib/python3.12/site-packages/airflow/example_dags/example_latest_only.py
[2025-08-04T20:22:39.767+0000] {processor.py:830} INFO - Processing file /home/airflow/.local/lib/python3.12/site-packages/airflow/example_dags/example_latest_only.py for tasks to queue
[2025-08-04T20:22:39.770+0000] {logging_mixin.py:188} INFO - [2025-08-04T20:22:39.769+0000] {dagbag.py:545} INFO - Filling up the DagBag from /home/airflow/.local/lib/python3.12/site-packages/airflow/example_dags/example_latest_only.py
[2025-08-04T20:22:39.788+0000] {processor.py:840} INFO - DAG(s) 'latest_only' retrieved from /home/airflow/.local/lib/python3.12/site-packages/airflow/example_dags/example_latest_only.py
[2025-08-04T20:22:39.848+0000] {logging_mixin.py:188} INFO - [2025-08-04T20:22:39.847+0000] {dag.py:3096} INFO - Sync 1 DAGs
[2025-08-04T20:22:39.912+0000] {logging_mixin.py:188} INFO - [2025-08-04T20:22:39.911+0000] {dag.py:3954} INFO - Setting next_dagrun for latest_only to 2025-08-04 16:00:00+00:00, run_after=2025-08-04 20:00:00+00:00
[2025-08-04T20:22:39.985+0000] {processor.py:183} INFO - Processing /home/airflow/.local/lib/python3.12/site-packages/airflow/example_dags/example_latest_only.py took 0.233 seconds
[2025-08-04T21:10:28.929+0000] {processor.py:161} INFO - Started process (PID=4043) to work on /home/airflow/.local/lib/python3.12/site-packages/airflow/example_dags/example_latest_only.py
[2025-08-04T21:10:28.931+0000] {processor.py:830} INFO - Processing file /home/airflow/.local/lib/python3.12/site-packages/airflow/example_dags/example_latest_only.py for tasks to queue
[2025-08-04T21:10:28.934+0000] {logging_mixin.py:188} INFO - [2025-08-04T21:10:28.932+0000] {dagbag.py:545} INFO - Filling up the DagBag from /home/airflow/.local/lib/python3.12/site-packages/airflow/example_dags/example_latest_only.py
[2025-08-04T21:10:28.956+0000] {processor.py:840} INFO - DAG(s) 'latest_only' retrieved from /home/airflow/.local/lib/python3.12/site-packages/airflow/example_dags/example_latest_only.py
[2025-08-04T21:10:29.000+0000] {logging_mixin.py:188} INFO - [2025-08-04T21:10:28.999+0000] {dag.py:3096} INFO - Sync 1 DAGs
[2025-08-04T21:10:29.035+0000] {logging_mixin.py:188} INFO - [2025-08-04T21:10:29.035+0000] {dag.py:3954} INFO - Setting next_dagrun for latest_only to 2025-08-04 16:00:00+00:00, run_after=2025-08-04 20:00:00+00:00
[2025-08-04T21:10:29.069+0000] {processor.py:183} INFO - Processing /home/airflow/.local/lib/python3.12/site-packages/airflow/example_dags/example_latest_only.py took 0.154 seconds
[2025-08-04T21:11:00.279+0000] {processor.py:161} INFO - Started process (PID=4104) to work on /home/airflow/.local/lib/python3.12/site-packages/airflow/example_dags/example_latest_only.py
[2025-08-04T21:11:00.281+0000] {processor.py:830} INFO - Processing file /home/airflow/.local/lib/python3.12/site-packages/airflow/example_dags/example_latest_only.py for tasks to queue
[2025-08-04T21:11:00.283+0000] {logging_mixin.py:188} INFO - [2025-08-04T21:11:00.283+0000] {dagbag.py:545} INFO - Filling up the DagBag from /home/airflow/.local/lib/python3.12/site-packages/airflow/example_dags/example_latest_only.py
[2025-08-04T21:11:00.294+0000] {processor.py:840} INFO - DAG(s) 'latest_only' retrieved from /home/airflow/.local/lib/python3.12/site-packages/airflow/example_dags/example_latest_only.py
[2025-08-04T21:11:00.336+0000] {logging_mixin.py:188} INFO - [2025-08-04T21:11:00.336+0000] {dag.py:3096} INFO - Sync 1 DAGs
[2025-08-04T21:11:00.372+0000] {logging_mixin.py:188} INFO - [2025-08-04T21:11:00.372+0000] {dag.py:3954} INFO - Setting next_dagrun for latest_only to 2025-08-04 16:00:00+00:00, run_after=2025-08-04 20:00:00+00:00
[2025-08-04T21:11:00.406+0000] {processor.py:183} INFO - Processing /home/airflow/.local/lib/python3.12/site-packages/airflow/example_dags/example_latest_only.py took 0.140 seconds
[2025-08-04T21:11:31.494+0000] {processor.py:161} INFO - Started process (PID=4165) to work on /home/airflow/.local/lib/python3.12/site-packages/airflow/example_dags/example_latest_only.py
[2025-08-04T21:11:31.496+0000] {processor.py:830} INFO - Processing file /home/airflow/.local/lib/python3.12/site-packages/airflow/example_dags/example_latest_only.py for tasks to queue
[2025-08-04T21:11:31.497+0000] {logging_mixin.py:188} INFO - [2025-08-04T21:11:31.497+0000] {dagbag.py:545} INFO - Filling up the DagBag from /home/airflow/.local/lib/python3.12/site-packages/airflow/example_dags/example_latest_only.py
[2025-08-04T21:11:31.507+0000] {processor.py:840} INFO - DAG(s) 'latest_only' retrieved from /home/airflow/.local/lib/python3.12/site-packages/airflow/example_dags/example_latest_only.py
[2025-08-04T21:11:31.544+0000] {logging_mixin.py:188} INFO - [2025-08-04T21:11:31.543+0000] {dag.py:3096} INFO - Sync 1 DAGs
[2025-08-04T21:11:31.593+0000] {logging_mixin.py:188} INFO - [2025-08-04T21:11:31.592+0000] {dag.py:3954} INFO - Setting next_dagrun for latest_only to 2025-08-04 16:00:00+00:00, run_after=2025-08-04 20:00:00+00:00
[2025-08-04T21:11:31.623+0000] {processor.py:183} INFO - Processing /home/airflow/.local/lib/python3.12/site-packages/airflow/example_dags/example_latest_only.py took 0.139 seconds
[2025-08-04T21:12:02.862+0000] {processor.py:161} INFO - Started process (PID=4226) to work on /home/airflow/.local/lib/python3.12/site-packages/airflow/example_dags/example_latest_only.py
[2025-08-04T21:12:02.865+0000] {processor.py:830} INFO - Processing file /home/airflow/.local/lib/python3.12/site-packages/airflow/example_dags/example_latest_only.py for tasks to queue
[2025-08-04T21:12:02.867+0000] {logging_mixin.py:188} INFO - [2025-08-04T21:12:02.866+0000] {dagbag.py:545} INFO - Filling up the DagBag from /home/airflow/.local/lib/python3.12/site-packages/airflow/example_dags/example_latest_only.py
[2025-08-04T21:12:02.881+0000] {processor.py:840} INFO - DAG(s) 'latest_only' retrieved from /home/airflow/.local/lib/python3.12/site-packages/airflow/example_dags/example_latest_only.py
[2025-08-04T21:12:02.925+0000] {logging_mixin.py:188} INFO - [2025-08-04T21:12:02.925+0000] {dag.py:3096} INFO - Sync 1 DAGs
[2025-08-04T21:12:02.963+0000] {logging_mixin.py:188} INFO - [2025-08-04T21:12:02.963+0000] {dag.py:3954} INFO - Setting next_dagrun for latest_only to 2025-08-04 16:00:00+00:00, run_after=2025-08-04 20:00:00+00:00
[2025-08-04T21:12:03.005+0000] {processor.py:183} INFO - Processing /home/airflow/.local/lib/python3.12/site-packages/airflow/example_dags/example_latest_only.py took 0.153 seconds
[2025-08-04T21:12:33.755+0000] {processor.py:161} INFO - Started process (PID=4287) to work on /home/airflow/.local/lib/python3.12/site-packages/airflow/example_dags/example_latest_only.py
[2025-08-04T21:12:33.757+0000] {processor.py:830} INFO - Processing file /home/airflow/.local/lib/python3.12/site-packages/airflow/example_dags/example_latest_only.py for tasks to queue
[2025-08-04T21:12:33.759+0000] {logging_mixin.py:188} INFO - [2025-08-04T21:12:33.758+0000] {dagbag.py:545} INFO - Filling up the DagBag from /home/airflow/.local/lib/python3.12/site-packages/airflow/example_dags/example_latest_only.py
[2025-08-04T21:12:33.770+0000] {processor.py:840} INFO - DAG(s) 'latest_only' retrieved from /home/airflow/.local/lib/python3.12/site-packages/airflow/example_dags/example_latest_only.py
[2025-08-04T21:12:33.806+0000] {logging_mixin.py:188} INFO - [2025-08-04T21:12:33.805+0000] {dag.py:3096} INFO - Sync 1 DAGs
[2025-08-04T21:12:33.841+0000] {logging_mixin.py:188} INFO - [2025-08-04T21:12:33.841+0000] {dag.py:3954} INFO - Setting next_dagrun for latest_only to 2025-08-04 16:00:00+00:00, run_after=2025-08-04 20:00:00+00:00
[2025-08-04T21:12:33.873+0000] {processor.py:183} INFO - Processing /home/airflow/.local/lib/python3.12/site-packages/airflow/example_dags/example_latest_only.py took 0.131 seconds
[2025-08-04T21:13:04.906+0000] {processor.py:161} INFO - Started process (PID=4348) to work on /home/airflow/.local/lib/python3.12/site-packages/airflow/example_dags/example_latest_only.py
[2025-08-04T21:13:04.908+0000] {processor.py:830} INFO - Processing file /home/airflow/.local/lib/python3.12/site-packages/airflow/example_dags/example_latest_only.py for tasks to queue
[2025-08-04T21:13:04.909+0000] {logging_mixin.py:188} INFO - [2025-08-04T21:13:04.909+0000] {dagbag.py:545} INFO - Filling up the DagBag from /home/airflow/.local/lib/python3.12/site-packages/airflow/example_dags/example_latest_only.py
[2025-08-04T21:13:04.917+0000] {processor.py:840} INFO - DAG(s) 'latest_only' retrieved from /home/airflow/.local/lib/python3.12/site-packages/airflow/example_dags/example_latest_only.py
[2025-08-04T21:13:04.949+0000] {logging_mixin.py:188} INFO - [2025-08-04T21:13:04.948+0000] {dag.py:3096} INFO - Sync 1 DAGs
[2025-08-04T21:13:04.981+0000] {logging_mixin.py:188} INFO - [2025-08-04T21:13:04.981+0000] {dag.py:3954} INFO - Setting next_dagrun for latest_only to 2025-08-04 16:00:00+00:00, run_after=2025-08-04 20:00:00+00:00
[2025-08-04T21:13:05.012+0000] {processor.py:183} INFO - Processing /home/airflow/.local/lib/python3.12/site-packages/airflow/example_dags/example_latest_only.py took 0.114 seconds
[2025-08-04T21:13:36.386+0000] {processor.py:161} INFO - Started process (PID=4409) to work on /home/airflow/.local/lib/python3.12/site-packages/airflow/example_dags/example_latest_only.py
[2025-08-04T21:13:36.388+0000] {processor.py:830} INFO - Processing file /home/airflow/.local/lib/python3.12/site-packages/airflow/example_dags/example_latest_only.py for tasks to queue
[2025-08-04T21:13:36.390+0000] {logging_mixin.py:188} INFO - [2025-08-04T21:13:36.389+0000] {dagbag.py:545} INFO - Filling up the DagBag from /home/airflow/.local/lib/python3.12/site-packages/airflow/example_dags/example_latest_only.py
[2025-08-04T21:13:36.399+0000] {processor.py:840} INFO - DAG(s) 'latest_only' retrieved from /home/airflow/.local/lib/python3.12/site-packages/airflow/example_dags/example_latest_only.py
[2025-08-04T21:13:36.434+0000] {logging_mixin.py:188} INFO - [2025-08-04T21:13:36.434+0000] {dag.py:3096} INFO - Sync 1 DAGs
[2025-08-04T21:13:36.466+0000] {logging_mixin.py:188} INFO - [2025-08-04T21:13:36.466+0000] {dag.py:3954} INFO - Setting next_dagrun for latest_only to 2025-08-04 16:00:00+00:00, run_after=2025-08-04 20:00:00+00:00
[2025-08-04T21:13:36.498+0000] {processor.py:183} INFO - Processing /home/airflow/.local/lib/python3.12/site-packages/airflow/example_dags/example_latest_only.py took 0.121 seconds
[2025-08-04T21:14:07.507+0000] {processor.py:161} INFO - Started process (PID=4471) to work on /home/airflow/.local/lib/python3.12/site-packages/airflow/example_dags/example_latest_only.py
[2025-08-04T21:14:07.509+0000] {processor.py:830} INFO - Processing file /home/airflow/.local/lib/python3.12/site-packages/airflow/example_dags/example_latest_only.py for tasks to queue
[2025-08-04T21:14:07.510+0000] {logging_mixin.py:188} INFO - [2025-08-04T21:14:07.510+0000] {dagbag.py:545} INFO - Filling up the DagBag from /home/airflow/.local/lib/python3.12/site-packages/airflow/example_dags/example_latest_only.py
[2025-08-04T21:14:07.521+0000] {processor.py:840} INFO - DAG(s) 'latest_only' retrieved from /home/airflow/.local/lib/python3.12/site-packages/airflow/example_dags/example_latest_only.py
[2025-08-04T21:14:07.557+0000] {logging_mixin.py:188} INFO - [2025-08-04T21:14:07.557+0000] {dag.py:3096} INFO - Sync 1 DAGs
[2025-08-04T21:14:07.594+0000] {logging_mixin.py:188} INFO - [2025-08-04T21:14:07.593+0000] {dag.py:3954} INFO - Setting next_dagrun for latest_only to 2025-08-04 16:00:00+00:00, run_after=2025-08-04 20:00:00+00:00
[2025-08-04T21:14:07.627+0000] {processor.py:183} INFO - Processing /home/airflow/.local/lib/python3.12/site-packages/airflow/example_dags/example_latest_only.py took 0.130 seconds
[2025-08-04T21:14:38.469+0000] {processor.py:161} INFO - Started process (PID=4538) to work on /home/airflow/.local/lib/python3.12/site-packages/airflow/example_dags/example_latest_only.py
[2025-08-04T21:14:38.471+0000] {processor.py:830} INFO - Processing file /home/airflow/.local/lib/python3.12/site-packages/airflow/example_dags/example_latest_only.py for tasks to queue
[2025-08-04T21:14:38.473+0000] {logging_mixin.py:188} INFO - [2025-08-04T21:14:38.473+0000] {dagbag.py:545} INFO - Filling up the DagBag from /home/airflow/.local/lib/python3.12/site-packages/airflow/example_dags/example_latest_only.py
[2025-08-04T21:14:38.486+0000] {processor.py:840} INFO - DAG(s) 'latest_only' retrieved from /home/airflow/.local/lib/python3.12/site-packages/airflow/example_dags/example_latest_only.py
[2025-08-04T21:14:38.524+0000] {logging_mixin.py:188} INFO - [2025-08-04T21:14:38.524+0000] {dag.py:3096} INFO - Sync 1 DAGs
[2025-08-04T21:14:38.562+0000] {logging_mixin.py:188} INFO - [2025-08-04T21:14:38.562+0000] {dag.py:3954} INFO - Setting next_dagrun for latest_only to 2025-08-04 16:00:00+00:00, run_after=2025-08-04 20:00:00+00:00
[2025-08-04T21:14:38.602+0000] {processor.py:183} INFO - Processing /home/airflow/.local/lib/python3.12/site-packages/airflow/example_dags/example_latest_only.py took 0.146 seconds
