[2025-08-04T18:59:54.209+0000] {processor.py:161} INFO - Started process (PID=104) to work on /home/airflow/.local/lib/python3.12/site-packages/airflow/example_dags/example_setup_teardown.py
[2025-08-04T18:59:54.211+0000] {processor.py:830} INFO - Processing file /home/airflow/.local/lib/python3.12/site-packages/airflow/example_dags/example_setup_teardown.py for tasks to queue
[2025-08-04T18:59:54.214+0000] {logging_mixin.py:188} INFO - [2025-08-04T18:59:54.214+0000] {dagbag.py:545} INFO - Filling up the DagBag from /home/airflow/.local/lib/python3.12/site-packages/airflow/example_dags/example_setup_teardown.py
[2025-08-04T18:59:54.231+0000] {processor.py:840} INFO - DAG(s) 'example_setup_teardown' retrieved from /home/airflow/.local/lib/python3.12/site-packages/airflow/example_dags/example_setup_teardown.py
[2025-08-04T18:59:54.406+0000] {logging_mixin.py:188} INFO - [2025-08-04T18:59:54.405+0000] {dag.py:3096} INFO - Sync 1 DAGs
[2025-08-04T18:59:54.434+0000] {logging_mixin.py:188} INFO - [2025-08-04T18:59:54.433+0000] {dag.py:3954} INFO - Setting next_dagrun for example_setup_teardown to 2025-08-03 00:00:00+00:00, run_after=2025-08-04 00:00:00+00:00
[2025-08-04T18:59:54.466+0000] {processor.py:183} INFO - Processing /home/airflow/.local/lib/python3.12/site-packages/airflow/example_dags/example_setup_teardown.py took 0.267 seconds
[2025-08-04T19:00:24.687+0000] {processor.py:161} INFO - Started process (PID=165) to work on /home/airflow/.local/lib/python3.12/site-packages/airflow/example_dags/example_setup_teardown.py
[2025-08-04T19:00:24.689+0000] {processor.py:830} INFO - Processing file /home/airflow/.local/lib/python3.12/site-packages/airflow/example_dags/example_setup_teardown.py for tasks to queue
[2025-08-04T19:00:24.693+0000] {logging_mixin.py:188} INFO - [2025-08-04T19:00:24.692+0000] {dagbag.py:545} INFO - Filling up the DagBag from /home/airflow/.local/lib/python3.12/site-packages/airflow/example_dags/example_setup_teardown.py
[2025-08-04T19:00:24.708+0000] {processor.py:840} INFO - DAG(s) 'example_setup_teardown' retrieved from /home/airflow/.local/lib/python3.12/site-packages/airflow/example_dags/example_setup_teardown.py
[2025-08-04T19:00:24.743+0000] {logging_mixin.py:188} INFO - [2025-08-04T19:00:24.743+0000] {dag.py:3096} INFO - Sync 1 DAGs
[2025-08-04T19:00:24.778+0000] {logging_mixin.py:188} INFO - [2025-08-04T19:00:24.778+0000] {dag.py:3954} INFO - Setting next_dagrun for example_setup_teardown to 2025-08-03 00:00:00+00:00, run_after=2025-08-04 00:00:00+00:00
[2025-08-04T19:00:24.812+0000] {processor.py:183} INFO - Processing /home/airflow/.local/lib/python3.12/site-packages/airflow/example_dags/example_setup_teardown.py took 0.134 seconds
[2025-08-04T19:00:55.290+0000] {processor.py:161} INFO - Started process (PID=226) to work on /home/airflow/.local/lib/python3.12/site-packages/airflow/example_dags/example_setup_teardown.py
[2025-08-04T19:00:55.291+0000] {processor.py:830} INFO - Processing file /home/airflow/.local/lib/python3.12/site-packages/airflow/example_dags/example_setup_teardown.py for tasks to queue
[2025-08-04T19:00:55.295+0000] {logging_mixin.py:188} INFO - [2025-08-04T19:00:55.294+0000] {dagbag.py:545} INFO - Filling up the DagBag from /home/airflow/.local/lib/python3.12/site-packages/airflow/example_dags/example_setup_teardown.py
[2025-08-04T19:00:55.306+0000] {processor.py:840} INFO - DAG(s) 'example_setup_teardown' retrieved from /home/airflow/.local/lib/python3.12/site-packages/airflow/example_dags/example_setup_teardown.py
[2025-08-04T19:00:55.340+0000] {logging_mixin.py:188} INFO - [2025-08-04T19:00:55.339+0000] {dag.py:3096} INFO - Sync 1 DAGs
[2025-08-04T19:00:55.373+0000] {logging_mixin.py:188} INFO - [2025-08-04T19:00:55.372+0000] {dag.py:3954} INFO - Setting next_dagrun for example_setup_teardown to 2025-08-03 00:00:00+00:00, run_after=2025-08-04 00:00:00+00:00
[2025-08-04T19:00:55.403+0000] {processor.py:183} INFO - Processing /home/airflow/.local/lib/python3.12/site-packages/airflow/example_dags/example_setup_teardown.py took 0.123 seconds
[2025-08-04T19:01:26.190+0000] {processor.py:161} INFO - Started process (PID=287) to work on /home/airflow/.local/lib/python3.12/site-packages/airflow/example_dags/example_setup_teardown.py
[2025-08-04T19:01:26.192+0000] {processor.py:830} INFO - Processing file /home/airflow/.local/lib/python3.12/site-packages/airflow/example_dags/example_setup_teardown.py for tasks to queue
[2025-08-04T19:01:26.197+0000] {logging_mixin.py:188} INFO - [2025-08-04T19:01:26.197+0000] {dagbag.py:545} INFO - Filling up the DagBag from /home/airflow/.local/lib/python3.12/site-packages/airflow/example_dags/example_setup_teardown.py
[2025-08-04T19:01:26.212+0000] {processor.py:840} INFO - DAG(s) 'example_setup_teardown' retrieved from /home/airflow/.local/lib/python3.12/site-packages/airflow/example_dags/example_setup_teardown.py
[2025-08-04T19:01:26.252+0000] {logging_mixin.py:188} INFO - [2025-08-04T19:01:26.251+0000] {dag.py:3096} INFO - Sync 1 DAGs
[2025-08-04T19:01:26.309+0000] {logging_mixin.py:188} INFO - [2025-08-04T19:01:26.309+0000] {dag.py:3954} INFO - Setting next_dagrun for example_setup_teardown to 2025-08-03 00:00:00+00:00, run_after=2025-08-04 00:00:00+00:00
[2025-08-04T19:01:26.351+0000] {processor.py:183} INFO - Processing /home/airflow/.local/lib/python3.12/site-packages/airflow/example_dags/example_setup_teardown.py took 0.175 seconds
[2025-08-04T19:01:56.870+0000] {processor.py:161} INFO - Started process (PID=348) to work on /home/airflow/.local/lib/python3.12/site-packages/airflow/example_dags/example_setup_teardown.py
[2025-08-04T19:01:56.873+0000] {processor.py:830} INFO - Processing file /home/airflow/.local/lib/python3.12/site-packages/airflow/example_dags/example_setup_teardown.py for tasks to queue
[2025-08-04T19:01:56.877+0000] {logging_mixin.py:188} INFO - [2025-08-04T19:01:56.876+0000] {dagbag.py:545} INFO - Filling up the DagBag from /home/airflow/.local/lib/python3.12/site-packages/airflow/example_dags/example_setup_teardown.py
[2025-08-04T19:01:56.889+0000] {processor.py:840} INFO - DAG(s) 'example_setup_teardown' retrieved from /home/airflow/.local/lib/python3.12/site-packages/airflow/example_dags/example_setup_teardown.py
[2025-08-04T19:01:56.932+0000] {logging_mixin.py:188} INFO - [2025-08-04T19:01:56.932+0000] {dag.py:3096} INFO - Sync 1 DAGs
[2025-08-04T19:01:56.977+0000] {logging_mixin.py:188} INFO - [2025-08-04T19:01:56.977+0000] {dag.py:3954} INFO - Setting next_dagrun for example_setup_teardown to 2025-08-03 00:00:00+00:00, run_after=2025-08-04 00:00:00+00:00
[2025-08-04T19:01:57.008+0000] {processor.py:183} INFO - Processing /home/airflow/.local/lib/python3.12/site-packages/airflow/example_dags/example_setup_teardown.py took 0.147 seconds
[2025-08-04T19:02:28.202+0000] {processor.py:161} INFO - Started process (PID=410) to work on /home/airflow/.local/lib/python3.12/site-packages/airflow/example_dags/example_setup_teardown.py
[2025-08-04T19:02:28.204+0000] {processor.py:830} INFO - Processing file /home/airflow/.local/lib/python3.12/site-packages/airflow/example_dags/example_setup_teardown.py for tasks to queue
[2025-08-04T19:02:28.208+0000] {logging_mixin.py:188} INFO - [2025-08-04T19:02:28.207+0000] {dagbag.py:545} INFO - Filling up the DagBag from /home/airflow/.local/lib/python3.12/site-packages/airflow/example_dags/example_setup_teardown.py
[2025-08-04T19:02:28.221+0000] {processor.py:840} INFO - DAG(s) 'example_setup_teardown' retrieved from /home/airflow/.local/lib/python3.12/site-packages/airflow/example_dags/example_setup_teardown.py
[2025-08-04T19:02:28.253+0000] {logging_mixin.py:188} INFO - [2025-08-04T19:02:28.253+0000] {dag.py:3096} INFO - Sync 1 DAGs
[2025-08-04T19:02:28.286+0000] {logging_mixin.py:188} INFO - [2025-08-04T19:02:28.285+0000] {dag.py:3954} INFO - Setting next_dagrun for example_setup_teardown to 2025-08-03 00:00:00+00:00, run_after=2025-08-04 00:00:00+00:00
[2025-08-04T19:02:28.315+0000] {processor.py:183} INFO - Processing /home/airflow/.local/lib/python3.12/site-packages/airflow/example_dags/example_setup_teardown.py took 0.124 seconds
[2025-08-04T19:02:58.867+0000] {processor.py:161} INFO - Started process (PID=471) to work on /home/airflow/.local/lib/python3.12/site-packages/airflow/example_dags/example_setup_teardown.py
[2025-08-04T19:02:58.869+0000] {processor.py:830} INFO - Processing file /home/airflow/.local/lib/python3.12/site-packages/airflow/example_dags/example_setup_teardown.py for tasks to queue
[2025-08-04T19:02:58.873+0000] {logging_mixin.py:188} INFO - [2025-08-04T19:02:58.872+0000] {dagbag.py:545} INFO - Filling up the DagBag from /home/airflow/.local/lib/python3.12/site-packages/airflow/example_dags/example_setup_teardown.py
[2025-08-04T19:02:58.886+0000] {processor.py:840} INFO - DAG(s) 'example_setup_teardown' retrieved from /home/airflow/.local/lib/python3.12/site-packages/airflow/example_dags/example_setup_teardown.py
[2025-08-04T19:02:58.920+0000] {logging_mixin.py:188} INFO - [2025-08-04T19:02:58.919+0000] {dag.py:3096} INFO - Sync 1 DAGs
[2025-08-04T19:02:58.951+0000] {logging_mixin.py:188} INFO - [2025-08-04T19:02:58.951+0000] {dag.py:3954} INFO - Setting next_dagrun for example_setup_teardown to 2025-08-03 00:00:00+00:00, run_after=2025-08-04 00:00:00+00:00
[2025-08-04T19:02:58.979+0000] {processor.py:183} INFO - Processing /home/airflow/.local/lib/python3.12/site-packages/airflow/example_dags/example_setup_teardown.py took 0.121 seconds
[2025-08-04T19:03:29.429+0000] {processor.py:161} INFO - Started process (PID=532) to work on /home/airflow/.local/lib/python3.12/site-packages/airflow/example_dags/example_setup_teardown.py
[2025-08-04T19:03:29.432+0000] {processor.py:830} INFO - Processing file /home/airflow/.local/lib/python3.12/site-packages/airflow/example_dags/example_setup_teardown.py for tasks to queue
[2025-08-04T19:03:29.437+0000] {logging_mixin.py:188} INFO - [2025-08-04T19:03:29.436+0000] {dagbag.py:545} INFO - Filling up the DagBag from /home/airflow/.local/lib/python3.12/site-packages/airflow/example_dags/example_setup_teardown.py
[2025-08-04T19:03:29.447+0000] {processor.py:840} INFO - DAG(s) 'example_setup_teardown' retrieved from /home/airflow/.local/lib/python3.12/site-packages/airflow/example_dags/example_setup_teardown.py
[2025-08-04T19:03:29.480+0000] {logging_mixin.py:188} INFO - [2025-08-04T19:03:29.480+0000] {dag.py:3096} INFO - Sync 1 DAGs
[2025-08-04T19:03:29.517+0000] {logging_mixin.py:188} INFO - [2025-08-04T19:03:29.517+0000] {dag.py:3954} INFO - Setting next_dagrun for example_setup_teardown to 2025-08-03 00:00:00+00:00, run_after=2025-08-04 00:00:00+00:00
[2025-08-04T19:03:29.545+0000] {processor.py:183} INFO - Processing /home/airflow/.local/lib/python3.12/site-packages/airflow/example_dags/example_setup_teardown.py took 0.127 seconds
[2025-08-04T19:04:00.231+0000] {processor.py:161} INFO - Started process (PID=593) to work on /home/airflow/.local/lib/python3.12/site-packages/airflow/example_dags/example_setup_teardown.py
[2025-08-04T19:04:00.233+0000] {processor.py:830} INFO - Processing file /home/airflow/.local/lib/python3.12/site-packages/airflow/example_dags/example_setup_teardown.py for tasks to queue
[2025-08-04T19:04:00.236+0000] {logging_mixin.py:188} INFO - [2025-08-04T19:04:00.236+0000] {dagbag.py:545} INFO - Filling up the DagBag from /home/airflow/.local/lib/python3.12/site-packages/airflow/example_dags/example_setup_teardown.py
[2025-08-04T19:04:00.246+0000] {processor.py:840} INFO - DAG(s) 'example_setup_teardown' retrieved from /home/airflow/.local/lib/python3.12/site-packages/airflow/example_dags/example_setup_teardown.py
[2025-08-04T19:04:00.281+0000] {logging_mixin.py:188} INFO - [2025-08-04T19:04:00.280+0000] {dag.py:3096} INFO - Sync 1 DAGs
[2025-08-04T19:04:00.312+0000] {logging_mixin.py:188} INFO - [2025-08-04T19:04:00.312+0000] {dag.py:3954} INFO - Setting next_dagrun for example_setup_teardown to 2025-08-03 00:00:00+00:00, run_after=2025-08-04 00:00:00+00:00
[2025-08-04T19:04:00.347+0000] {processor.py:183} INFO - Processing /home/airflow/.local/lib/python3.12/site-packages/airflow/example_dags/example_setup_teardown.py took 0.125 seconds
[2025-08-04T19:04:30.990+0000] {processor.py:161} INFO - Started process (PID=655) to work on /home/airflow/.local/lib/python3.12/site-packages/airflow/example_dags/example_setup_teardown.py
[2025-08-04T19:04:30.992+0000] {processor.py:830} INFO - Processing file /home/airflow/.local/lib/python3.12/site-packages/airflow/example_dags/example_setup_teardown.py for tasks to queue
[2025-08-04T19:04:30.996+0000] {logging_mixin.py:188} INFO - [2025-08-04T19:04:30.995+0000] {dagbag.py:545} INFO - Filling up the DagBag from /home/airflow/.local/lib/python3.12/site-packages/airflow/example_dags/example_setup_teardown.py
[2025-08-04T19:04:31.009+0000] {processor.py:840} INFO - DAG(s) 'example_setup_teardown' retrieved from /home/airflow/.local/lib/python3.12/site-packages/airflow/example_dags/example_setup_teardown.py
[2025-08-04T19:04:31.050+0000] {logging_mixin.py:188} INFO - [2025-08-04T19:04:31.050+0000] {dag.py:3096} INFO - Sync 1 DAGs
[2025-08-04T19:04:31.086+0000] {logging_mixin.py:188} INFO - [2025-08-04T19:04:31.085+0000] {dag.py:3954} INFO - Setting next_dagrun for example_setup_teardown to 2025-08-03 00:00:00+00:00, run_after=2025-08-04 00:00:00+00:00
[2025-08-04T19:04:31.126+0000] {processor.py:183} INFO - Processing /home/airflow/.local/lib/python3.12/site-packages/airflow/example_dags/example_setup_teardown.py took 0.145 seconds
[2025-08-04T19:05:01.938+0000] {processor.py:161} INFO - Started process (PID=716) to work on /home/airflow/.local/lib/python3.12/site-packages/airflow/example_dags/example_setup_teardown.py
[2025-08-04T19:05:01.940+0000] {processor.py:830} INFO - Processing file /home/airflow/.local/lib/python3.12/site-packages/airflow/example_dags/example_setup_teardown.py for tasks to queue
[2025-08-04T19:05:01.943+0000] {logging_mixin.py:188} INFO - [2025-08-04T19:05:01.943+0000] {dagbag.py:545} INFO - Filling up the DagBag from /home/airflow/.local/lib/python3.12/site-packages/airflow/example_dags/example_setup_teardown.py
[2025-08-04T19:05:01.960+0000] {processor.py:840} INFO - DAG(s) 'example_setup_teardown' retrieved from /home/airflow/.local/lib/python3.12/site-packages/airflow/example_dags/example_setup_teardown.py
[2025-08-04T19:05:01.996+0000] {logging_mixin.py:188} INFO - [2025-08-04T19:05:01.996+0000] {dag.py:3096} INFO - Sync 1 DAGs
[2025-08-04T19:05:02.027+0000] {logging_mixin.py:188} INFO - [2025-08-04T19:05:02.026+0000] {dag.py:3954} INFO - Setting next_dagrun for example_setup_teardown to 2025-08-03 00:00:00+00:00, run_after=2025-08-04 00:00:00+00:00
[2025-08-04T19:05:02.057+0000] {processor.py:183} INFO - Processing /home/airflow/.local/lib/python3.12/site-packages/airflow/example_dags/example_setup_teardown.py took 0.128 seconds
[2025-08-04T19:05:32.484+0000] {processor.py:161} INFO - Started process (PID=777) to work on /home/airflow/.local/lib/python3.12/site-packages/airflow/example_dags/example_setup_teardown.py
[2025-08-04T19:05:32.486+0000] {processor.py:830} INFO - Processing file /home/airflow/.local/lib/python3.12/site-packages/airflow/example_dags/example_setup_teardown.py for tasks to queue
[2025-08-04T19:05:32.489+0000] {logging_mixin.py:188} INFO - [2025-08-04T19:05:32.489+0000] {dagbag.py:545} INFO - Filling up the DagBag from /home/airflow/.local/lib/python3.12/site-packages/airflow/example_dags/example_setup_teardown.py
[2025-08-04T19:05:32.500+0000] {processor.py:840} INFO - DAG(s) 'example_setup_teardown' retrieved from /home/airflow/.local/lib/python3.12/site-packages/airflow/example_dags/example_setup_teardown.py
[2025-08-04T19:05:32.533+0000] {logging_mixin.py:188} INFO - [2025-08-04T19:05:32.532+0000] {dag.py:3096} INFO - Sync 1 DAGs
[2025-08-04T19:05:32.562+0000] {logging_mixin.py:188} INFO - [2025-08-04T19:05:32.562+0000] {dag.py:3954} INFO - Setting next_dagrun for example_setup_teardown to 2025-08-03 00:00:00+00:00, run_after=2025-08-04 00:00:00+00:00
[2025-08-04T19:05:32.590+0000] {processor.py:183} INFO - Processing /home/airflow/.local/lib/python3.12/site-packages/airflow/example_dags/example_setup_teardown.py took 0.114 seconds
[2025-08-04T19:06:03.220+0000] {processor.py:161} INFO - Started process (PID=838) to work on /home/airflow/.local/lib/python3.12/site-packages/airflow/example_dags/example_setup_teardown.py
[2025-08-04T19:06:03.222+0000] {processor.py:830} INFO - Processing file /home/airflow/.local/lib/python3.12/site-packages/airflow/example_dags/example_setup_teardown.py for tasks to queue
[2025-08-04T19:06:03.225+0000] {logging_mixin.py:188} INFO - [2025-08-04T19:06:03.225+0000] {dagbag.py:545} INFO - Filling up the DagBag from /home/airflow/.local/lib/python3.12/site-packages/airflow/example_dags/example_setup_teardown.py
[2025-08-04T19:06:03.236+0000] {processor.py:840} INFO - DAG(s) 'example_setup_teardown' retrieved from /home/airflow/.local/lib/python3.12/site-packages/airflow/example_dags/example_setup_teardown.py
[2025-08-04T19:06:03.270+0000] {logging_mixin.py:188} INFO - [2025-08-04T19:06:03.269+0000] {dag.py:3096} INFO - Sync 1 DAGs
[2025-08-04T19:06:03.300+0000] {logging_mixin.py:188} INFO - [2025-08-04T19:06:03.300+0000] {dag.py:3954} INFO - Setting next_dagrun for example_setup_teardown to 2025-08-03 00:00:00+00:00, run_after=2025-08-04 00:00:00+00:00
[2025-08-04T19:06:03.327+0000] {processor.py:183} INFO - Processing /home/airflow/.local/lib/python3.12/site-packages/airflow/example_dags/example_setup_teardown.py took 0.116 seconds
[2025-08-04T19:06:34.727+0000] {processor.py:161} INFO - Started process (PID=899) to work on /home/airflow/.local/lib/python3.12/site-packages/airflow/example_dags/example_setup_teardown.py
[2025-08-04T19:06:34.730+0000] {processor.py:830} INFO - Processing file /home/airflow/.local/lib/python3.12/site-packages/airflow/example_dags/example_setup_teardown.py for tasks to queue
[2025-08-04T19:06:34.734+0000] {logging_mixin.py:188} INFO - [2025-08-04T19:06:34.733+0000] {dagbag.py:545} INFO - Filling up the DagBag from /home/airflow/.local/lib/python3.12/site-packages/airflow/example_dags/example_setup_teardown.py
[2025-08-04T19:06:34.748+0000] {processor.py:840} INFO - DAG(s) 'example_setup_teardown' retrieved from /home/airflow/.local/lib/python3.12/site-packages/airflow/example_dags/example_setup_teardown.py
[2025-08-04T19:06:34.796+0000] {logging_mixin.py:188} INFO - [2025-08-04T19:06:34.795+0000] {dag.py:3096} INFO - Sync 1 DAGs
[2025-08-04T19:06:34.840+0000] {logging_mixin.py:188} INFO - [2025-08-04T19:06:34.839+0000] {dag.py:3954} INFO - Setting next_dagrun for example_setup_teardown to 2025-08-03 00:00:00+00:00, run_after=2025-08-04 00:00:00+00:00
[2025-08-04T19:06:34.871+0000] {processor.py:183} INFO - Processing /home/airflow/.local/lib/python3.12/site-packages/airflow/example_dags/example_setup_teardown.py took 0.155 seconds
[2025-08-04T19:07:05.874+0000] {processor.py:161} INFO - Started process (PID=960) to work on /home/airflow/.local/lib/python3.12/site-packages/airflow/example_dags/example_setup_teardown.py
[2025-08-04T19:07:05.876+0000] {processor.py:830} INFO - Processing file /home/airflow/.local/lib/python3.12/site-packages/airflow/example_dags/example_setup_teardown.py for tasks to queue
[2025-08-04T19:07:05.880+0000] {logging_mixin.py:188} INFO - [2025-08-04T19:07:05.880+0000] {dagbag.py:545} INFO - Filling up the DagBag from /home/airflow/.local/lib/python3.12/site-packages/airflow/example_dags/example_setup_teardown.py
[2025-08-04T19:07:05.895+0000] {processor.py:840} INFO - DAG(s) 'example_setup_teardown' retrieved from /home/airflow/.local/lib/python3.12/site-packages/airflow/example_dags/example_setup_teardown.py
[2025-08-04T19:07:05.938+0000] {logging_mixin.py:188} INFO - [2025-08-04T19:07:05.937+0000] {dag.py:3096} INFO - Sync 1 DAGs
[2025-08-04T19:07:05.983+0000] {logging_mixin.py:188} INFO - [2025-08-04T19:07:05.982+0000] {dag.py:3954} INFO - Setting next_dagrun for example_setup_teardown to 2025-08-03 00:00:00+00:00, run_after=2025-08-04 00:00:00+00:00
[2025-08-04T19:07:06.023+0000] {processor.py:183} INFO - Processing /home/airflow/.local/lib/python3.12/site-packages/airflow/example_dags/example_setup_teardown.py took 0.162 seconds
[2025-08-04T19:07:36.405+0000] {processor.py:161} INFO - Started process (PID=1021) to work on /home/airflow/.local/lib/python3.12/site-packages/airflow/example_dags/example_setup_teardown.py
[2025-08-04T19:07:36.407+0000] {processor.py:830} INFO - Processing file /home/airflow/.local/lib/python3.12/site-packages/airflow/example_dags/example_setup_teardown.py for tasks to queue
[2025-08-04T19:07:36.411+0000] {logging_mixin.py:188} INFO - [2025-08-04T19:07:36.410+0000] {dagbag.py:545} INFO - Filling up the DagBag from /home/airflow/.local/lib/python3.12/site-packages/airflow/example_dags/example_setup_teardown.py
[2025-08-04T19:07:36.423+0000] {processor.py:840} INFO - DAG(s) 'example_setup_teardown' retrieved from /home/airflow/.local/lib/python3.12/site-packages/airflow/example_dags/example_setup_teardown.py
[2025-08-04T19:07:36.459+0000] {logging_mixin.py:188} INFO - [2025-08-04T19:07:36.459+0000] {dag.py:3096} INFO - Sync 1 DAGs
[2025-08-04T19:07:36.494+0000] {logging_mixin.py:188} INFO - [2025-08-04T19:07:36.494+0000] {dag.py:3954} INFO - Setting next_dagrun for example_setup_teardown to 2025-08-03 00:00:00+00:00, run_after=2025-08-04 00:00:00+00:00
[2025-08-04T19:07:36.532+0000] {processor.py:183} INFO - Processing /home/airflow/.local/lib/python3.12/site-packages/airflow/example_dags/example_setup_teardown.py took 0.136 seconds
[2025-08-04T19:08:07.091+0000] {processor.py:161} INFO - Started process (PID=1082) to work on /home/airflow/.local/lib/python3.12/site-packages/airflow/example_dags/example_setup_teardown.py
[2025-08-04T19:08:07.093+0000] {processor.py:830} INFO - Processing file /home/airflow/.local/lib/python3.12/site-packages/airflow/example_dags/example_setup_teardown.py for tasks to queue
[2025-08-04T19:08:07.097+0000] {logging_mixin.py:188} INFO - [2025-08-04T19:08:07.096+0000] {dagbag.py:545} INFO - Filling up the DagBag from /home/airflow/.local/lib/python3.12/site-packages/airflow/example_dags/example_setup_teardown.py
[2025-08-04T19:08:07.110+0000] {processor.py:840} INFO - DAG(s) 'example_setup_teardown' retrieved from /home/airflow/.local/lib/python3.12/site-packages/airflow/example_dags/example_setup_teardown.py
[2025-08-04T19:08:07.149+0000] {logging_mixin.py:188} INFO - [2025-08-04T19:08:07.149+0000] {dag.py:3096} INFO - Sync 1 DAGs
[2025-08-04T19:08:07.190+0000] {logging_mixin.py:188} INFO - [2025-08-04T19:08:07.190+0000] {dag.py:3954} INFO - Setting next_dagrun for example_setup_teardown to 2025-08-03 00:00:00+00:00, run_after=2025-08-04 00:00:00+00:00
[2025-08-04T19:08:07.224+0000] {processor.py:183} INFO - Processing /home/airflow/.local/lib/python3.12/site-packages/airflow/example_dags/example_setup_teardown.py took 0.145 seconds
[2025-08-04T19:08:37.479+0000] {processor.py:161} INFO - Started process (PID=1143) to work on /home/airflow/.local/lib/python3.12/site-packages/airflow/example_dags/example_setup_teardown.py
[2025-08-04T19:08:37.481+0000] {processor.py:830} INFO - Processing file /home/airflow/.local/lib/python3.12/site-packages/airflow/example_dags/example_setup_teardown.py for tasks to queue
[2025-08-04T19:08:37.484+0000] {logging_mixin.py:188} INFO - [2025-08-04T19:08:37.484+0000] {dagbag.py:545} INFO - Filling up the DagBag from /home/airflow/.local/lib/python3.12/site-packages/airflow/example_dags/example_setup_teardown.py
[2025-08-04T19:08:37.497+0000] {processor.py:840} INFO - DAG(s) 'example_setup_teardown' retrieved from /home/airflow/.local/lib/python3.12/site-packages/airflow/example_dags/example_setup_teardown.py
[2025-08-04T19:08:37.533+0000] {logging_mixin.py:188} INFO - [2025-08-04T19:08:37.532+0000] {dag.py:3096} INFO - Sync 1 DAGs
[2025-08-04T19:08:37.567+0000] {logging_mixin.py:188} INFO - [2025-08-04T19:08:37.566+0000] {dag.py:3954} INFO - Setting next_dagrun for example_setup_teardown to 2025-08-03 00:00:00+00:00, run_after=2025-08-04 00:00:00+00:00
[2025-08-04T19:08:37.605+0000] {processor.py:183} INFO - Processing /home/airflow/.local/lib/python3.12/site-packages/airflow/example_dags/example_setup_teardown.py took 0.135 seconds
[2025-08-04T19:09:07.910+0000] {processor.py:161} INFO - Started process (PID=1202) to work on /home/airflow/.local/lib/python3.12/site-packages/airflow/example_dags/example_setup_teardown.py
[2025-08-04T19:09:07.912+0000] {processor.py:830} INFO - Processing file /home/airflow/.local/lib/python3.12/site-packages/airflow/example_dags/example_setup_teardown.py for tasks to queue
[2025-08-04T19:09:07.917+0000] {logging_mixin.py:188} INFO - [2025-08-04T19:09:07.916+0000] {dagbag.py:545} INFO - Filling up the DagBag from /home/airflow/.local/lib/python3.12/site-packages/airflow/example_dags/example_setup_teardown.py
[2025-08-04T19:09:07.933+0000] {processor.py:840} INFO - DAG(s) 'example_setup_teardown' retrieved from /home/airflow/.local/lib/python3.12/site-packages/airflow/example_dags/example_setup_teardown.py
[2025-08-04T19:09:07.971+0000] {logging_mixin.py:188} INFO - [2025-08-04T19:09:07.970+0000] {dag.py:3096} INFO - Sync 1 DAGs
[2025-08-04T19:09:08.013+0000] {logging_mixin.py:188} INFO - [2025-08-04T19:09:08.012+0000] {dag.py:3954} INFO - Setting next_dagrun for example_setup_teardown to 2025-08-03 00:00:00+00:00, run_after=2025-08-04 00:00:00+00:00
[2025-08-04T19:09:08.046+0000] {processor.py:183} INFO - Processing /home/airflow/.local/lib/python3.12/site-packages/airflow/example_dags/example_setup_teardown.py took 0.146 seconds
[2025-08-04T19:09:38.479+0000] {processor.py:161} INFO - Started process (PID=1270) to work on /home/airflow/.local/lib/python3.12/site-packages/airflow/example_dags/example_setup_teardown.py
[2025-08-04T19:09:38.481+0000] {processor.py:830} INFO - Processing file /home/airflow/.local/lib/python3.12/site-packages/airflow/example_dags/example_setup_teardown.py for tasks to queue
[2025-08-04T19:09:38.485+0000] {logging_mixin.py:188} INFO - [2025-08-04T19:09:38.485+0000] {dagbag.py:545} INFO - Filling up the DagBag from /home/airflow/.local/lib/python3.12/site-packages/airflow/example_dags/example_setup_teardown.py
[2025-08-04T19:09:38.498+0000] {processor.py:840} INFO - DAG(s) 'example_setup_teardown' retrieved from /home/airflow/.local/lib/python3.12/site-packages/airflow/example_dags/example_setup_teardown.py
[2025-08-04T19:09:38.538+0000] {logging_mixin.py:188} INFO - [2025-08-04T19:09:38.537+0000] {dag.py:3096} INFO - Sync 1 DAGs
[2025-08-04T19:09:38.581+0000] {logging_mixin.py:188} INFO - [2025-08-04T19:09:38.581+0000] {dag.py:3954} INFO - Setting next_dagrun for example_setup_teardown to 2025-08-03 00:00:00+00:00, run_after=2025-08-04 00:00:00+00:00
[2025-08-04T19:09:38.624+0000] {processor.py:183} INFO - Processing /home/airflow/.local/lib/python3.12/site-packages/airflow/example_dags/example_setup_teardown.py took 0.156 seconds
[2025-08-04T19:10:08.731+0000] {processor.py:161} INFO - Started process (PID=1331) to work on /home/airflow/.local/lib/python3.12/site-packages/airflow/example_dags/example_setup_teardown.py
[2025-08-04T19:10:08.734+0000] {processor.py:830} INFO - Processing file /home/airflow/.local/lib/python3.12/site-packages/airflow/example_dags/example_setup_teardown.py for tasks to queue
[2025-08-04T19:10:08.739+0000] {logging_mixin.py:188} INFO - [2025-08-04T19:10:08.738+0000] {dagbag.py:545} INFO - Filling up the DagBag from /home/airflow/.local/lib/python3.12/site-packages/airflow/example_dags/example_setup_teardown.py
[2025-08-04T19:10:08.764+0000] {processor.py:840} INFO - DAG(s) 'example_setup_teardown' retrieved from /home/airflow/.local/lib/python3.12/site-packages/airflow/example_dags/example_setup_teardown.py
[2025-08-04T19:10:08.840+0000] {logging_mixin.py:188} INFO - [2025-08-04T19:10:08.840+0000] {dag.py:3096} INFO - Sync 1 DAGs
[2025-08-04T19:10:08.910+0000] {logging_mixin.py:188} INFO - [2025-08-04T19:10:08.905+0000] {dag.py:3954} INFO - Setting next_dagrun for example_setup_teardown to 2025-08-03 00:00:00+00:00, run_after=2025-08-04 00:00:00+00:00
[2025-08-04T19:10:08.959+0000] {processor.py:183} INFO - Processing /home/airflow/.local/lib/python3.12/site-packages/airflow/example_dags/example_setup_teardown.py took 0.245 seconds
[2025-08-04T19:10:39.466+0000] {processor.py:161} INFO - Started process (PID=1393) to work on /home/airflow/.local/lib/python3.12/site-packages/airflow/example_dags/example_setup_teardown.py
[2025-08-04T19:10:39.468+0000] {processor.py:830} INFO - Processing file /home/airflow/.local/lib/python3.12/site-packages/airflow/example_dags/example_setup_teardown.py for tasks to queue
[2025-08-04T19:10:39.473+0000] {logging_mixin.py:188} INFO - [2025-08-04T19:10:39.472+0000] {dagbag.py:545} INFO - Filling up the DagBag from /home/airflow/.local/lib/python3.12/site-packages/airflow/example_dags/example_setup_teardown.py
[2025-08-04T19:10:39.485+0000] {processor.py:840} INFO - DAG(s) 'example_setup_teardown' retrieved from /home/airflow/.local/lib/python3.12/site-packages/airflow/example_dags/example_setup_teardown.py
[2025-08-04T19:10:39.525+0000] {logging_mixin.py:188} INFO - [2025-08-04T19:10:39.524+0000] {dag.py:3096} INFO - Sync 1 DAGs
[2025-08-04T19:10:39.565+0000] {logging_mixin.py:188} INFO - [2025-08-04T19:10:39.564+0000] {dag.py:3954} INFO - Setting next_dagrun for example_setup_teardown to 2025-08-03 00:00:00+00:00, run_after=2025-08-04 00:00:00+00:00
[2025-08-04T19:10:39.607+0000] {processor.py:183} INFO - Processing /home/airflow/.local/lib/python3.12/site-packages/airflow/example_dags/example_setup_teardown.py took 0.152 seconds
[2025-08-04T19:11:10.304+0000] {processor.py:161} INFO - Started process (PID=1454) to work on /home/airflow/.local/lib/python3.12/site-packages/airflow/example_dags/example_setup_teardown.py
[2025-08-04T19:11:10.306+0000] {processor.py:830} INFO - Processing file /home/airflow/.local/lib/python3.12/site-packages/airflow/example_dags/example_setup_teardown.py for tasks to queue
[2025-08-04T19:11:10.310+0000] {logging_mixin.py:188} INFO - [2025-08-04T19:11:10.309+0000] {dagbag.py:545} INFO - Filling up the DagBag from /home/airflow/.local/lib/python3.12/site-packages/airflow/example_dags/example_setup_teardown.py
[2025-08-04T19:11:10.322+0000] {processor.py:840} INFO - DAG(s) 'example_setup_teardown' retrieved from /home/airflow/.local/lib/python3.12/site-packages/airflow/example_dags/example_setup_teardown.py
[2025-08-04T19:11:10.361+0000] {logging_mixin.py:188} INFO - [2025-08-04T19:11:10.360+0000] {dag.py:3096} INFO - Sync 1 DAGs
[2025-08-04T19:11:10.395+0000] {logging_mixin.py:188} INFO - [2025-08-04T19:11:10.394+0000] {dag.py:3954} INFO - Setting next_dagrun for example_setup_teardown to 2025-08-03 00:00:00+00:00, run_after=2025-08-04 00:00:00+00:00
[2025-08-04T19:11:10.433+0000] {processor.py:183} INFO - Processing /home/airflow/.local/lib/python3.12/site-packages/airflow/example_dags/example_setup_teardown.py took 0.139 seconds
[2025-08-04T19:11:41.020+0000] {processor.py:161} INFO - Started process (PID=1515) to work on /home/airflow/.local/lib/python3.12/site-packages/airflow/example_dags/example_setup_teardown.py
[2025-08-04T19:11:41.022+0000] {processor.py:830} INFO - Processing file /home/airflow/.local/lib/python3.12/site-packages/airflow/example_dags/example_setup_teardown.py for tasks to queue
[2025-08-04T19:11:41.027+0000] {logging_mixin.py:188} INFO - [2025-08-04T19:11:41.026+0000] {dagbag.py:545} INFO - Filling up the DagBag from /home/airflow/.local/lib/python3.12/site-packages/airflow/example_dags/example_setup_teardown.py
[2025-08-04T19:11:41.039+0000] {processor.py:840} INFO - DAG(s) 'example_setup_teardown' retrieved from /home/airflow/.local/lib/python3.12/site-packages/airflow/example_dags/example_setup_teardown.py
[2025-08-04T19:11:41.079+0000] {logging_mixin.py:188} INFO - [2025-08-04T19:11:41.079+0000] {dag.py:3096} INFO - Sync 1 DAGs
[2025-08-04T19:11:41.115+0000] {logging_mixin.py:188} INFO - [2025-08-04T19:11:41.113+0000] {dag.py:3954} INFO - Setting next_dagrun for example_setup_teardown to 2025-08-03 00:00:00+00:00, run_after=2025-08-04 00:00:00+00:00
[2025-08-04T19:11:41.170+0000] {processor.py:183} INFO - Processing /home/airflow/.local/lib/python3.12/site-packages/airflow/example_dags/example_setup_teardown.py took 0.162 seconds
[2025-08-04T19:12:11.482+0000] {processor.py:161} INFO - Started process (PID=1576) to work on /home/airflow/.local/lib/python3.12/site-packages/airflow/example_dags/example_setup_teardown.py
[2025-08-04T19:12:11.484+0000] {processor.py:830} INFO - Processing file /home/airflow/.local/lib/python3.12/site-packages/airflow/example_dags/example_setup_teardown.py for tasks to queue
[2025-08-04T19:12:11.489+0000] {logging_mixin.py:188} INFO - [2025-08-04T19:12:11.488+0000] {dagbag.py:545} INFO - Filling up the DagBag from /home/airflow/.local/lib/python3.12/site-packages/airflow/example_dags/example_setup_teardown.py
[2025-08-04T19:12:11.502+0000] {processor.py:840} INFO - DAG(s) 'example_setup_teardown' retrieved from /home/airflow/.local/lib/python3.12/site-packages/airflow/example_dags/example_setup_teardown.py
[2025-08-04T19:12:11.547+0000] {logging_mixin.py:188} INFO - [2025-08-04T19:12:11.547+0000] {dag.py:3096} INFO - Sync 1 DAGs
[2025-08-04T19:12:11.584+0000] {logging_mixin.py:188} INFO - [2025-08-04T19:12:11.584+0000] {dag.py:3954} INFO - Setting next_dagrun for example_setup_teardown to 2025-08-03 00:00:00+00:00, run_after=2025-08-04 00:00:00+00:00
[2025-08-04T19:12:11.623+0000] {processor.py:183} INFO - Processing /home/airflow/.local/lib/python3.12/site-packages/airflow/example_dags/example_setup_teardown.py took 0.151 seconds
[2025-08-04T19:12:42.037+0000] {processor.py:161} INFO - Started process (PID=1637) to work on /home/airflow/.local/lib/python3.12/site-packages/airflow/example_dags/example_setup_teardown.py
[2025-08-04T19:12:42.040+0000] {processor.py:830} INFO - Processing file /home/airflow/.local/lib/python3.12/site-packages/airflow/example_dags/example_setup_teardown.py for tasks to queue
[2025-08-04T19:12:42.044+0000] {logging_mixin.py:188} INFO - [2025-08-04T19:12:42.044+0000] {dagbag.py:545} INFO - Filling up the DagBag from /home/airflow/.local/lib/python3.12/site-packages/airflow/example_dags/example_setup_teardown.py
[2025-08-04T19:12:42.057+0000] {processor.py:840} INFO - DAG(s) 'example_setup_teardown' retrieved from /home/airflow/.local/lib/python3.12/site-packages/airflow/example_dags/example_setup_teardown.py
[2025-08-04T19:12:42.096+0000] {logging_mixin.py:188} INFO - [2025-08-04T19:12:42.096+0000] {dag.py:3096} INFO - Sync 1 DAGs
[2025-08-04T19:12:42.132+0000] {logging_mixin.py:188} INFO - [2025-08-04T19:12:42.131+0000] {dag.py:3954} INFO - Setting next_dagrun for example_setup_teardown to 2025-08-03 00:00:00+00:00, run_after=2025-08-04 00:00:00+00:00
[2025-08-04T19:12:42.172+0000] {processor.py:183} INFO - Processing /home/airflow/.local/lib/python3.12/site-packages/airflow/example_dags/example_setup_teardown.py took 0.148 seconds
[2025-08-04T19:24:47.394+0000] {processor.py:161} INFO - Started process (PID=1692) to work on /home/airflow/.local/lib/python3.12/site-packages/airflow/example_dags/example_setup_teardown.py
[2025-08-04T19:24:47.395+0000] {processor.py:830} INFO - Processing file /home/airflow/.local/lib/python3.12/site-packages/airflow/example_dags/example_setup_teardown.py for tasks to queue
[2025-08-04T19:24:47.398+0000] {logging_mixin.py:188} INFO - [2025-08-04T19:24:47.397+0000] {dagbag.py:545} INFO - Filling up the DagBag from /home/airflow/.local/lib/python3.12/site-packages/airflow/example_dags/example_setup_teardown.py
[2025-08-04T19:24:47.407+0000] {processor.py:840} INFO - DAG(s) 'example_setup_teardown' retrieved from /home/airflow/.local/lib/python3.12/site-packages/airflow/example_dags/example_setup_teardown.py
[2025-08-04T19:24:47.434+0000] {logging_mixin.py:188} INFO - [2025-08-04T19:24:47.434+0000] {dag.py:3096} INFO - Sync 1 DAGs
[2025-08-04T19:24:47.458+0000] {logging_mixin.py:188} INFO - [2025-08-04T19:24:47.458+0000] {dag.py:3954} INFO - Setting next_dagrun for example_setup_teardown to 2025-08-03 00:00:00+00:00, run_after=2025-08-04 00:00:00+00:00
[2025-08-04T19:24:47.482+0000] {processor.py:183} INFO - Processing /home/airflow/.local/lib/python3.12/site-packages/airflow/example_dags/example_setup_teardown.py took 0.095 seconds
[2025-08-04T19:25:17.574+0000] {processor.py:161} INFO - Started process (PID=1753) to work on /home/airflow/.local/lib/python3.12/site-packages/airflow/example_dags/example_setup_teardown.py
[2025-08-04T19:25:17.575+0000] {processor.py:830} INFO - Processing file /home/airflow/.local/lib/python3.12/site-packages/airflow/example_dags/example_setup_teardown.py for tasks to queue
[2025-08-04T19:25:17.578+0000] {logging_mixin.py:188} INFO - [2025-08-04T19:25:17.577+0000] {dagbag.py:545} INFO - Filling up the DagBag from /home/airflow/.local/lib/python3.12/site-packages/airflow/example_dags/example_setup_teardown.py
[2025-08-04T19:25:17.586+0000] {processor.py:840} INFO - DAG(s) 'example_setup_teardown' retrieved from /home/airflow/.local/lib/python3.12/site-packages/airflow/example_dags/example_setup_teardown.py
[2025-08-04T19:25:17.610+0000] {logging_mixin.py:188} INFO - [2025-08-04T19:25:17.609+0000] {dag.py:3096} INFO - Sync 1 DAGs
[2025-08-04T19:25:17.632+0000] {logging_mixin.py:188} INFO - [2025-08-04T19:25:17.632+0000] {dag.py:3954} INFO - Setting next_dagrun for example_setup_teardown to 2025-08-03 00:00:00+00:00, run_after=2025-08-04 00:00:00+00:00
[2025-08-04T19:25:17.654+0000] {processor.py:183} INFO - Processing /home/airflow/.local/lib/python3.12/site-packages/airflow/example_dags/example_setup_teardown.py took 0.086 seconds
[2025-08-04T19:25:47.842+0000] {processor.py:161} INFO - Started process (PID=1814) to work on /home/airflow/.local/lib/python3.12/site-packages/airflow/example_dags/example_setup_teardown.py
[2025-08-04T19:25:47.844+0000] {processor.py:830} INFO - Processing file /home/airflow/.local/lib/python3.12/site-packages/airflow/example_dags/example_setup_teardown.py for tasks to queue
[2025-08-04T19:25:47.847+0000] {logging_mixin.py:188} INFO - [2025-08-04T19:25:47.846+0000] {dagbag.py:545} INFO - Filling up the DagBag from /home/airflow/.local/lib/python3.12/site-packages/airflow/example_dags/example_setup_teardown.py
[2025-08-04T19:25:47.854+0000] {processor.py:840} INFO - DAG(s) 'example_setup_teardown' retrieved from /home/airflow/.local/lib/python3.12/site-packages/airflow/example_dags/example_setup_teardown.py
[2025-08-04T19:25:47.881+0000] {logging_mixin.py:188} INFO - [2025-08-04T19:25:47.881+0000] {dag.py:3096} INFO - Sync 1 DAGs
[2025-08-04T19:25:47.904+0000] {logging_mixin.py:188} INFO - [2025-08-04T19:25:47.904+0000] {dag.py:3954} INFO - Setting next_dagrun for example_setup_teardown to 2025-08-03 00:00:00+00:00, run_after=2025-08-04 00:00:00+00:00
[2025-08-04T19:25:47.929+0000] {processor.py:183} INFO - Processing /home/airflow/.local/lib/python3.12/site-packages/airflow/example_dags/example_setup_teardown.py took 0.093 seconds
[2025-08-04T19:26:18.730+0000] {processor.py:161} INFO - Started process (PID=1875) to work on /home/airflow/.local/lib/python3.12/site-packages/airflow/example_dags/example_setup_teardown.py
[2025-08-04T19:26:18.731+0000] {processor.py:830} INFO - Processing file /home/airflow/.local/lib/python3.12/site-packages/airflow/example_dags/example_setup_teardown.py for tasks to queue
[2025-08-04T19:26:18.733+0000] {logging_mixin.py:188} INFO - [2025-08-04T19:26:18.733+0000] {dagbag.py:545} INFO - Filling up the DagBag from /home/airflow/.local/lib/python3.12/site-packages/airflow/example_dags/example_setup_teardown.py
[2025-08-04T19:26:18.740+0000] {processor.py:840} INFO - DAG(s) 'example_setup_teardown' retrieved from /home/airflow/.local/lib/python3.12/site-packages/airflow/example_dags/example_setup_teardown.py
[2025-08-04T19:26:18.759+0000] {logging_mixin.py:188} INFO - [2025-08-04T19:26:18.759+0000] {dag.py:3096} INFO - Sync 1 DAGs
[2025-08-04T19:26:18.777+0000] {logging_mixin.py:188} INFO - [2025-08-04T19:26:18.777+0000] {dag.py:3954} INFO - Setting next_dagrun for example_setup_teardown to 2025-08-03 00:00:00+00:00, run_after=2025-08-04 00:00:00+00:00
[2025-08-04T19:26:18.794+0000] {processor.py:183} INFO - Processing /home/airflow/.local/lib/python3.12/site-packages/airflow/example_dags/example_setup_teardown.py took 0.070 seconds
[2025-08-04T19:26:49.187+0000] {processor.py:161} INFO - Started process (PID=1936) to work on /home/airflow/.local/lib/python3.12/site-packages/airflow/example_dags/example_setup_teardown.py
[2025-08-04T19:26:49.188+0000] {processor.py:830} INFO - Processing file /home/airflow/.local/lib/python3.12/site-packages/airflow/example_dags/example_setup_teardown.py for tasks to queue
[2025-08-04T19:26:49.190+0000] {logging_mixin.py:188} INFO - [2025-08-04T19:26:49.190+0000] {dagbag.py:545} INFO - Filling up the DagBag from /home/airflow/.local/lib/python3.12/site-packages/airflow/example_dags/example_setup_teardown.py
[2025-08-04T19:26:49.196+0000] {processor.py:840} INFO - DAG(s) 'example_setup_teardown' retrieved from /home/airflow/.local/lib/python3.12/site-packages/airflow/example_dags/example_setup_teardown.py
[2025-08-04T19:26:49.216+0000] {logging_mixin.py:188} INFO - [2025-08-04T19:26:49.216+0000] {dag.py:3096} INFO - Sync 1 DAGs
[2025-08-04T19:26:49.234+0000] {logging_mixin.py:188} INFO - [2025-08-04T19:26:49.233+0000] {dag.py:3954} INFO - Setting next_dagrun for example_setup_teardown to 2025-08-03 00:00:00+00:00, run_after=2025-08-04 00:00:00+00:00
[2025-08-04T19:26:49.248+0000] {processor.py:183} INFO - Processing /home/airflow/.local/lib/python3.12/site-packages/airflow/example_dags/example_setup_teardown.py took 0.066 seconds
[2025-08-04T19:27:19.596+0000] {processor.py:161} INFO - Started process (PID=1997) to work on /home/airflow/.local/lib/python3.12/site-packages/airflow/example_dags/example_setup_teardown.py
[2025-08-04T19:27:19.597+0000] {processor.py:830} INFO - Processing file /home/airflow/.local/lib/python3.12/site-packages/airflow/example_dags/example_setup_teardown.py for tasks to queue
[2025-08-04T19:27:19.599+0000] {logging_mixin.py:188} INFO - [2025-08-04T19:27:19.599+0000] {dagbag.py:545} INFO - Filling up the DagBag from /home/airflow/.local/lib/python3.12/site-packages/airflow/example_dags/example_setup_teardown.py
[2025-08-04T19:27:19.605+0000] {processor.py:840} INFO - DAG(s) 'example_setup_teardown' retrieved from /home/airflow/.local/lib/python3.12/site-packages/airflow/example_dags/example_setup_teardown.py
[2025-08-04T19:27:19.624+0000] {logging_mixin.py:188} INFO - [2025-08-04T19:27:19.624+0000] {dag.py:3096} INFO - Sync 1 DAGs
[2025-08-04T19:27:19.641+0000] {logging_mixin.py:188} INFO - [2025-08-04T19:27:19.641+0000] {dag.py:3954} INFO - Setting next_dagrun for example_setup_teardown to 2025-08-03 00:00:00+00:00, run_after=2025-08-04 00:00:00+00:00
[2025-08-04T19:27:19.660+0000] {processor.py:183} INFO - Processing /home/airflow/.local/lib/python3.12/site-packages/airflow/example_dags/example_setup_teardown.py took 0.069 seconds
[2025-08-04T19:59:41.728+0000] {processor.py:161} INFO - Started process (PID=2058) to work on /home/airflow/.local/lib/python3.12/site-packages/airflow/example_dags/example_setup_teardown.py
[2025-08-04T19:59:41.730+0000] {processor.py:830} INFO - Processing file /home/airflow/.local/lib/python3.12/site-packages/airflow/example_dags/example_setup_teardown.py for tasks to queue
[2025-08-04T19:59:41.733+0000] {logging_mixin.py:188} INFO - [2025-08-04T19:59:41.732+0000] {dagbag.py:545} INFO - Filling up the DagBag from /home/airflow/.local/lib/python3.12/site-packages/airflow/example_dags/example_setup_teardown.py
[2025-08-04T19:59:41.747+0000] {processor.py:840} INFO - DAG(s) 'example_setup_teardown' retrieved from /home/airflow/.local/lib/python3.12/site-packages/airflow/example_dags/example_setup_teardown.py
[2025-08-04T19:59:41.789+0000] {logging_mixin.py:188} INFO - [2025-08-04T19:59:41.788+0000] {dag.py:3096} INFO - Sync 1 DAGs
[2025-08-04T19:59:41.825+0000] {logging_mixin.py:188} INFO - [2025-08-04T19:59:41.824+0000] {dag.py:3954} INFO - Setting next_dagrun for example_setup_teardown to 2025-08-03 00:00:00+00:00, run_after=2025-08-04 00:00:00+00:00
[2025-08-04T19:59:41.855+0000] {processor.py:183} INFO - Processing /home/airflow/.local/lib/python3.12/site-packages/airflow/example_dags/example_setup_teardown.py took 0.140 seconds
[2025-08-04T20:00:12.880+0000] {processor.py:161} INFO - Started process (PID=2120) to work on /home/airflow/.local/lib/python3.12/site-packages/airflow/example_dags/example_setup_teardown.py
[2025-08-04T20:00:12.882+0000] {processor.py:830} INFO - Processing file /home/airflow/.local/lib/python3.12/site-packages/airflow/example_dags/example_setup_teardown.py for tasks to queue
[2025-08-04T20:00:12.886+0000] {logging_mixin.py:188} INFO - [2025-08-04T20:00:12.885+0000] {dagbag.py:545} INFO - Filling up the DagBag from /home/airflow/.local/lib/python3.12/site-packages/airflow/example_dags/example_setup_teardown.py
[2025-08-04T20:00:12.897+0000] {processor.py:840} INFO - DAG(s) 'example_setup_teardown' retrieved from /home/airflow/.local/lib/python3.12/site-packages/airflow/example_dags/example_setup_teardown.py
[2025-08-04T20:00:12.932+0000] {logging_mixin.py:188} INFO - [2025-08-04T20:00:12.932+0000] {dag.py:3096} INFO - Sync 1 DAGs
[2025-08-04T20:00:12.967+0000] {logging_mixin.py:188} INFO - [2025-08-04T20:00:12.967+0000] {dag.py:3954} INFO - Setting next_dagrun for example_setup_teardown to 2025-08-03 00:00:00+00:00, run_after=2025-08-04 00:00:00+00:00
[2025-08-04T20:00:12.998+0000] {processor.py:183} INFO - Processing /home/airflow/.local/lib/python3.12/site-packages/airflow/example_dags/example_setup_teardown.py took 0.126 seconds
[2025-08-04T20:00:43.435+0000] {processor.py:161} INFO - Started process (PID=2181) to work on /home/airflow/.local/lib/python3.12/site-packages/airflow/example_dags/example_setup_teardown.py
[2025-08-04T20:00:43.437+0000] {processor.py:830} INFO - Processing file /home/airflow/.local/lib/python3.12/site-packages/airflow/example_dags/example_setup_teardown.py for tasks to queue
[2025-08-04T20:00:43.441+0000] {logging_mixin.py:188} INFO - [2025-08-04T20:00:43.440+0000] {dagbag.py:545} INFO - Filling up the DagBag from /home/airflow/.local/lib/python3.12/site-packages/airflow/example_dags/example_setup_teardown.py
[2025-08-04T20:00:43.453+0000] {processor.py:840} INFO - DAG(s) 'example_setup_teardown' retrieved from /home/airflow/.local/lib/python3.12/site-packages/airflow/example_dags/example_setup_teardown.py
[2025-08-04T20:00:43.485+0000] {logging_mixin.py:188} INFO - [2025-08-04T20:00:43.484+0000] {dag.py:3096} INFO - Sync 1 DAGs
[2025-08-04T20:00:43.515+0000] {logging_mixin.py:188} INFO - [2025-08-04T20:00:43.515+0000] {dag.py:3954} INFO - Setting next_dagrun for example_setup_teardown to 2025-08-03 00:00:00+00:00, run_after=2025-08-04 00:00:00+00:00
[2025-08-04T20:00:43.555+0000] {processor.py:183} INFO - Processing /home/airflow/.local/lib/python3.12/site-packages/airflow/example_dags/example_setup_teardown.py took 0.130 seconds
[2025-08-04T20:01:14.501+0000] {processor.py:161} INFO - Started process (PID=2242) to work on /home/airflow/.local/lib/python3.12/site-packages/airflow/example_dags/example_setup_teardown.py
[2025-08-04T20:01:14.503+0000] {processor.py:830} INFO - Processing file /home/airflow/.local/lib/python3.12/site-packages/airflow/example_dags/example_setup_teardown.py for tasks to queue
[2025-08-04T20:01:14.508+0000] {logging_mixin.py:188} INFO - [2025-08-04T20:01:14.507+0000] {dagbag.py:545} INFO - Filling up the DagBag from /home/airflow/.local/lib/python3.12/site-packages/airflow/example_dags/example_setup_teardown.py
[2025-08-04T20:01:14.520+0000] {processor.py:840} INFO - DAG(s) 'example_setup_teardown' retrieved from /home/airflow/.local/lib/python3.12/site-packages/airflow/example_dags/example_setup_teardown.py
[2025-08-04T20:01:14.556+0000] {logging_mixin.py:188} INFO - [2025-08-04T20:01:14.555+0000] {dag.py:3096} INFO - Sync 1 DAGs
[2025-08-04T20:01:14.590+0000] {logging_mixin.py:188} INFO - [2025-08-04T20:01:14.589+0000] {dag.py:3954} INFO - Setting next_dagrun for example_setup_teardown to 2025-08-03 00:00:00+00:00, run_after=2025-08-04 00:00:00+00:00
[2025-08-04T20:01:14.618+0000] {processor.py:183} INFO - Processing /home/airflow/.local/lib/python3.12/site-packages/airflow/example_dags/example_setup_teardown.py took 0.129 seconds
[2025-08-04T20:01:44.849+0000] {processor.py:161} INFO - Started process (PID=2303) to work on /home/airflow/.local/lib/python3.12/site-packages/airflow/example_dags/example_setup_teardown.py
[2025-08-04T20:01:44.851+0000] {processor.py:830} INFO - Processing file /home/airflow/.local/lib/python3.12/site-packages/airflow/example_dags/example_setup_teardown.py for tasks to queue
[2025-08-04T20:01:44.856+0000] {logging_mixin.py:188} INFO - [2025-08-04T20:01:44.856+0000] {dagbag.py:545} INFO - Filling up the DagBag from /home/airflow/.local/lib/python3.12/site-packages/airflow/example_dags/example_setup_teardown.py
[2025-08-04T20:01:44.870+0000] {processor.py:840} INFO - DAG(s) 'example_setup_teardown' retrieved from /home/airflow/.local/lib/python3.12/site-packages/airflow/example_dags/example_setup_teardown.py
[2025-08-04T20:01:44.908+0000] {logging_mixin.py:188} INFO - [2025-08-04T20:01:44.907+0000] {dag.py:3096} INFO - Sync 1 DAGs
[2025-08-04T20:01:44.963+0000] {logging_mixin.py:188} INFO - [2025-08-04T20:01:44.962+0000] {dag.py:3954} INFO - Setting next_dagrun for example_setup_teardown to 2025-08-03 00:00:00+00:00, run_after=2025-08-04 00:00:00+00:00
[2025-08-04T20:01:45.011+0000] {processor.py:183} INFO - Processing /home/airflow/.local/lib/python3.12/site-packages/airflow/example_dags/example_setup_teardown.py took 0.174 seconds
[2025-08-04T20:02:15.945+0000] {processor.py:161} INFO - Started process (PID=2370) to work on /home/airflow/.local/lib/python3.12/site-packages/airflow/example_dags/example_setup_teardown.py
[2025-08-04T20:02:15.947+0000] {processor.py:830} INFO - Processing file /home/airflow/.local/lib/python3.12/site-packages/airflow/example_dags/example_setup_teardown.py for tasks to queue
[2025-08-04T20:02:15.951+0000] {logging_mixin.py:188} INFO - [2025-08-04T20:02:15.950+0000] {dagbag.py:545} INFO - Filling up the DagBag from /home/airflow/.local/lib/python3.12/site-packages/airflow/example_dags/example_setup_teardown.py
[2025-08-04T20:02:15.962+0000] {processor.py:840} INFO - DAG(s) 'example_setup_teardown' retrieved from /home/airflow/.local/lib/python3.12/site-packages/airflow/example_dags/example_setup_teardown.py
[2025-08-04T20:02:16.000+0000] {logging_mixin.py:188} INFO - [2025-08-04T20:02:16.000+0000] {dag.py:3096} INFO - Sync 1 DAGs
[2025-08-04T20:02:16.034+0000] {logging_mixin.py:188} INFO - [2025-08-04T20:02:16.034+0000] {dag.py:3954} INFO - Setting next_dagrun for example_setup_teardown to 2025-08-03 00:00:00+00:00, run_after=2025-08-04 00:00:00+00:00
[2025-08-04T20:02:16.064+0000] {processor.py:183} INFO - Processing /home/airflow/.local/lib/python3.12/site-packages/airflow/example_dags/example_setup_teardown.py took 0.130 seconds
[2025-08-04T20:02:46.514+0000] {processor.py:161} INFO - Started process (PID=2431) to work on /home/airflow/.local/lib/python3.12/site-packages/airflow/example_dags/example_setup_teardown.py
[2025-08-04T20:02:46.516+0000] {processor.py:830} INFO - Processing file /home/airflow/.local/lib/python3.12/site-packages/airflow/example_dags/example_setup_teardown.py for tasks to queue
[2025-08-04T20:02:46.520+0000] {logging_mixin.py:188} INFO - [2025-08-04T20:02:46.520+0000] {dagbag.py:545} INFO - Filling up the DagBag from /home/airflow/.local/lib/python3.12/site-packages/airflow/example_dags/example_setup_teardown.py
[2025-08-04T20:02:46.533+0000] {processor.py:840} INFO - DAG(s) 'example_setup_teardown' retrieved from /home/airflow/.local/lib/python3.12/site-packages/airflow/example_dags/example_setup_teardown.py
[2025-08-04T20:02:46.575+0000] {logging_mixin.py:188} INFO - [2025-08-04T20:02:46.574+0000] {dag.py:3096} INFO - Sync 1 DAGs
[2025-08-04T20:02:46.611+0000] {logging_mixin.py:188} INFO - [2025-08-04T20:02:46.611+0000] {dag.py:3954} INFO - Setting next_dagrun for example_setup_teardown to 2025-08-03 00:00:00+00:00, run_after=2025-08-04 00:00:00+00:00
[2025-08-04T20:02:46.648+0000] {processor.py:183} INFO - Processing /home/airflow/.local/lib/python3.12/site-packages/airflow/example_dags/example_setup_teardown.py took 0.145 seconds
[2025-08-04T20:03:17.317+0000] {processor.py:161} INFO - Started process (PID=2492) to work on /home/airflow/.local/lib/python3.12/site-packages/airflow/example_dags/example_setup_teardown.py
[2025-08-04T20:03:17.319+0000] {processor.py:830} INFO - Processing file /home/airflow/.local/lib/python3.12/site-packages/airflow/example_dags/example_setup_teardown.py for tasks to queue
[2025-08-04T20:03:17.322+0000] {logging_mixin.py:188} INFO - [2025-08-04T20:03:17.321+0000] {dagbag.py:545} INFO - Filling up the DagBag from /home/airflow/.local/lib/python3.12/site-packages/airflow/example_dags/example_setup_teardown.py
[2025-08-04T20:03:17.332+0000] {processor.py:840} INFO - DAG(s) 'example_setup_teardown' retrieved from /home/airflow/.local/lib/python3.12/site-packages/airflow/example_dags/example_setup_teardown.py
[2025-08-04T20:03:17.367+0000] {logging_mixin.py:188} INFO - [2025-08-04T20:03:17.367+0000] {dag.py:3096} INFO - Sync 1 DAGs
[2025-08-04T20:03:17.400+0000] {logging_mixin.py:188} INFO - [2025-08-04T20:03:17.399+0000] {dag.py:3954} INFO - Setting next_dagrun for example_setup_teardown to 2025-08-03 00:00:00+00:00, run_after=2025-08-04 00:00:00+00:00
[2025-08-04T20:03:17.440+0000] {processor.py:183} INFO - Processing /home/airflow/.local/lib/python3.12/site-packages/airflow/example_dags/example_setup_teardown.py took 0.132 seconds
[2025-08-04T20:03:48.156+0000] {processor.py:161} INFO - Started process (PID=2555) to work on /home/airflow/.local/lib/python3.12/site-packages/airflow/example_dags/example_setup_teardown.py
[2025-08-04T20:03:48.158+0000] {processor.py:830} INFO - Processing file /home/airflow/.local/lib/python3.12/site-packages/airflow/example_dags/example_setup_teardown.py for tasks to queue
[2025-08-04T20:03:48.162+0000] {logging_mixin.py:188} INFO - [2025-08-04T20:03:48.161+0000] {dagbag.py:545} INFO - Filling up the DagBag from /home/airflow/.local/lib/python3.12/site-packages/airflow/example_dags/example_setup_teardown.py
[2025-08-04T20:03:48.175+0000] {processor.py:840} INFO - DAG(s) 'example_setup_teardown' retrieved from /home/airflow/.local/lib/python3.12/site-packages/airflow/example_dags/example_setup_teardown.py
[2025-08-04T20:03:48.216+0000] {logging_mixin.py:188} INFO - [2025-08-04T20:03:48.216+0000] {dag.py:3096} INFO - Sync 1 DAGs
[2025-08-04T20:03:48.258+0000] {logging_mixin.py:188} INFO - [2025-08-04T20:03:48.257+0000] {dag.py:3954} INFO - Setting next_dagrun for example_setup_teardown to 2025-08-03 00:00:00+00:00, run_after=2025-08-04 00:00:00+00:00
[2025-08-04T20:03:48.288+0000] {processor.py:183} INFO - Processing /home/airflow/.local/lib/python3.12/site-packages/airflow/example_dags/example_setup_teardown.py took 0.143 seconds
[2025-08-04T20:04:18.601+0000] {processor.py:161} INFO - Started process (PID=2616) to work on /home/airflow/.local/lib/python3.12/site-packages/airflow/example_dags/example_setup_teardown.py
[2025-08-04T20:04:18.603+0000] {processor.py:830} INFO - Processing file /home/airflow/.local/lib/python3.12/site-packages/airflow/example_dags/example_setup_teardown.py for tasks to queue
[2025-08-04T20:04:18.608+0000] {logging_mixin.py:188} INFO - [2025-08-04T20:04:18.607+0000] {dagbag.py:545} INFO - Filling up the DagBag from /home/airflow/.local/lib/python3.12/site-packages/airflow/example_dags/example_setup_teardown.py
[2025-08-04T20:04:18.621+0000] {processor.py:840} INFO - DAG(s) 'example_setup_teardown' retrieved from /home/airflow/.local/lib/python3.12/site-packages/airflow/example_dags/example_setup_teardown.py
[2025-08-04T20:04:18.659+0000] {logging_mixin.py:188} INFO - [2025-08-04T20:04:18.659+0000] {dag.py:3096} INFO - Sync 1 DAGs
[2025-08-04T20:04:18.694+0000] {logging_mixin.py:188} INFO - [2025-08-04T20:04:18.694+0000] {dag.py:3954} INFO - Setting next_dagrun for example_setup_teardown to 2025-08-03 00:00:00+00:00, run_after=2025-08-04 00:00:00+00:00
[2025-08-04T20:04:18.730+0000] {processor.py:183} INFO - Processing /home/airflow/.local/lib/python3.12/site-packages/airflow/example_dags/example_setup_teardown.py took 0.141 seconds
[2025-08-04T20:04:49.106+0000] {processor.py:161} INFO - Started process (PID=2677) to work on /home/airflow/.local/lib/python3.12/site-packages/airflow/example_dags/example_setup_teardown.py
[2025-08-04T20:04:49.109+0000] {processor.py:830} INFO - Processing file /home/airflow/.local/lib/python3.12/site-packages/airflow/example_dags/example_setup_teardown.py for tasks to queue
[2025-08-04T20:04:49.113+0000] {logging_mixin.py:188} INFO - [2025-08-04T20:04:49.112+0000] {dagbag.py:545} INFO - Filling up the DagBag from /home/airflow/.local/lib/python3.12/site-packages/airflow/example_dags/example_setup_teardown.py
[2025-08-04T20:04:49.128+0000] {processor.py:840} INFO - DAG(s) 'example_setup_teardown' retrieved from /home/airflow/.local/lib/python3.12/site-packages/airflow/example_dags/example_setup_teardown.py
[2025-08-04T20:04:49.171+0000] {logging_mixin.py:188} INFO - [2025-08-04T20:04:49.170+0000] {dag.py:3096} INFO - Sync 1 DAGs
[2025-08-04T20:04:49.211+0000] {logging_mixin.py:188} INFO - [2025-08-04T20:04:49.211+0000] {dag.py:3954} INFO - Setting next_dagrun for example_setup_teardown to 2025-08-03 00:00:00+00:00, run_after=2025-08-04 00:00:00+00:00
[2025-08-04T20:04:49.250+0000] {processor.py:183} INFO - Processing /home/airflow/.local/lib/python3.12/site-packages/airflow/example_dags/example_setup_teardown.py took 0.158 seconds
[2025-08-04T20:05:20.356+0000] {processor.py:161} INFO - Started process (PID=2737) to work on /home/airflow/.local/lib/python3.12/site-packages/airflow/example_dags/example_setup_teardown.py
[2025-08-04T20:05:20.358+0000] {processor.py:830} INFO - Processing file /home/airflow/.local/lib/python3.12/site-packages/airflow/example_dags/example_setup_teardown.py for tasks to queue
[2025-08-04T20:05:20.362+0000] {logging_mixin.py:188} INFO - [2025-08-04T20:05:20.362+0000] {dagbag.py:545} INFO - Filling up the DagBag from /home/airflow/.local/lib/python3.12/site-packages/airflow/example_dags/example_setup_teardown.py
[2025-08-04T20:05:20.375+0000] {processor.py:840} INFO - DAG(s) 'example_setup_teardown' retrieved from /home/airflow/.local/lib/python3.12/site-packages/airflow/example_dags/example_setup_teardown.py
[2025-08-04T20:05:20.417+0000] {logging_mixin.py:188} INFO - [2025-08-04T20:05:20.417+0000] {dag.py:3096} INFO - Sync 1 DAGs
[2025-08-04T20:05:20.452+0000] {logging_mixin.py:188} INFO - [2025-08-04T20:05:20.452+0000] {dag.py:3954} INFO - Setting next_dagrun for example_setup_teardown to 2025-08-03 00:00:00+00:00, run_after=2025-08-04 00:00:00+00:00
[2025-08-04T20:05:20.484+0000] {processor.py:183} INFO - Processing /home/airflow/.local/lib/python3.12/site-packages/airflow/example_dags/example_setup_teardown.py took 0.139 seconds
[2025-08-04T20:05:52.168+0000] {processor.py:161} INFO - Started process (PID=2799) to work on /home/airflow/.local/lib/python3.12/site-packages/airflow/example_dags/example_setup_teardown.py
[2025-08-04T20:05:52.185+0000] {processor.py:830} INFO - Processing file /home/airflow/.local/lib/python3.12/site-packages/airflow/example_dags/example_setup_teardown.py for tasks to queue
[2025-08-04T20:05:52.194+0000] {logging_mixin.py:188} INFO - [2025-08-04T20:05:52.192+0000] {dagbag.py:545} INFO - Filling up the DagBag from /home/airflow/.local/lib/python3.12/site-packages/airflow/example_dags/example_setup_teardown.py
[2025-08-04T20:05:52.253+0000] {processor.py:840} INFO - DAG(s) 'example_setup_teardown' retrieved from /home/airflow/.local/lib/python3.12/site-packages/airflow/example_dags/example_setup_teardown.py
[2025-08-04T20:05:52.472+0000] {logging_mixin.py:188} INFO - [2025-08-04T20:05:52.470+0000] {dag.py:3096} INFO - Sync 1 DAGs
[2025-08-04T20:05:52.735+0000] {logging_mixin.py:188} INFO - [2025-08-04T20:05:52.733+0000] {dag.py:3954} INFO - Setting next_dagrun for example_setup_teardown to 2025-08-03 00:00:00+00:00, run_after=2025-08-04 00:00:00+00:00
[2025-08-04T20:05:52.918+0000] {processor.py:183} INFO - Processing /home/airflow/.local/lib/python3.12/site-packages/airflow/example_dags/example_setup_teardown.py took 0.790 seconds
[2025-08-04T20:13:18.075+0000] {processor.py:161} INFO - Started process (PID=2854) to work on /home/airflow/.local/lib/python3.12/site-packages/airflow/example_dags/example_setup_teardown.py
[2025-08-04T20:13:18.077+0000] {processor.py:830} INFO - Processing file /home/airflow/.local/lib/python3.12/site-packages/airflow/example_dags/example_setup_teardown.py for tasks to queue
[2025-08-04T20:13:18.078+0000] {logging_mixin.py:188} INFO - [2025-08-04T20:13:18.078+0000] {dagbag.py:545} INFO - Filling up the DagBag from /home/airflow/.local/lib/python3.12/site-packages/airflow/example_dags/example_setup_teardown.py
[2025-08-04T20:13:18.094+0000] {processor.py:840} INFO - DAG(s) 'example_setup_teardown' retrieved from /home/airflow/.local/lib/python3.12/site-packages/airflow/example_dags/example_setup_teardown.py
[2025-08-04T20:13:18.154+0000] {logging_mixin.py:188} INFO - [2025-08-04T20:13:18.154+0000] {dag.py:3096} INFO - Sync 1 DAGs
[2025-08-04T20:13:18.202+0000] {logging_mixin.py:188} INFO - [2025-08-04T20:13:18.202+0000] {dag.py:3954} INFO - Setting next_dagrun for example_setup_teardown to 2025-08-03 00:00:00+00:00, run_after=2025-08-04 00:00:00+00:00
[2025-08-04T20:13:18.240+0000] {processor.py:183} INFO - Processing /home/airflow/.local/lib/python3.12/site-packages/airflow/example_dags/example_setup_teardown.py took 0.175 seconds
[2025-08-04T20:13:49.636+0000] {processor.py:161} INFO - Started process (PID=2916) to work on /home/airflow/.local/lib/python3.12/site-packages/airflow/example_dags/example_setup_teardown.py
[2025-08-04T20:13:49.638+0000] {processor.py:830} INFO - Processing file /home/airflow/.local/lib/python3.12/site-packages/airflow/example_dags/example_setup_teardown.py for tasks to queue
[2025-08-04T20:13:49.641+0000] {logging_mixin.py:188} INFO - [2025-08-04T20:13:49.640+0000] {dagbag.py:545} INFO - Filling up the DagBag from /home/airflow/.local/lib/python3.12/site-packages/airflow/example_dags/example_setup_teardown.py
[2025-08-04T20:13:49.674+0000] {processor.py:840} INFO - DAG(s) 'example_setup_teardown' retrieved from /home/airflow/.local/lib/python3.12/site-packages/airflow/example_dags/example_setup_teardown.py
[2025-08-04T20:13:49.743+0000] {logging_mixin.py:188} INFO - [2025-08-04T20:13:49.741+0000] {dag.py:3096} INFO - Sync 1 DAGs
[2025-08-04T20:13:49.789+0000] {logging_mixin.py:188} INFO - [2025-08-04T20:13:49.788+0000] {dag.py:3954} INFO - Setting next_dagrun for example_setup_teardown to 2025-08-03 00:00:00+00:00, run_after=2025-08-04 00:00:00+00:00
[2025-08-04T20:13:49.826+0000] {processor.py:183} INFO - Processing /home/airflow/.local/lib/python3.12/site-packages/airflow/example_dags/example_setup_teardown.py took 0.209 seconds
[2025-08-04T20:14:21.222+0000] {processor.py:161} INFO - Started process (PID=2977) to work on /home/airflow/.local/lib/python3.12/site-packages/airflow/example_dags/example_setup_teardown.py
[2025-08-04T20:14:21.223+0000] {processor.py:830} INFO - Processing file /home/airflow/.local/lib/python3.12/site-packages/airflow/example_dags/example_setup_teardown.py for tasks to queue
[2025-08-04T20:14:21.225+0000] {logging_mixin.py:188} INFO - [2025-08-04T20:14:21.225+0000] {dagbag.py:545} INFO - Filling up the DagBag from /home/airflow/.local/lib/python3.12/site-packages/airflow/example_dags/example_setup_teardown.py
[2025-08-04T20:14:21.240+0000] {processor.py:840} INFO - DAG(s) 'example_setup_teardown' retrieved from /home/airflow/.local/lib/python3.12/site-packages/airflow/example_dags/example_setup_teardown.py
[2025-08-04T20:14:21.276+0000] {logging_mixin.py:188} INFO - [2025-08-04T20:14:21.275+0000] {dag.py:3096} INFO - Sync 1 DAGs
[2025-08-04T20:14:21.311+0000] {logging_mixin.py:188} INFO - [2025-08-04T20:14:21.311+0000] {dag.py:3954} INFO - Setting next_dagrun for example_setup_teardown to 2025-08-03 00:00:00+00:00, run_after=2025-08-04 00:00:00+00:00
[2025-08-04T20:14:21.344+0000] {processor.py:183} INFO - Processing /home/airflow/.local/lib/python3.12/site-packages/airflow/example_dags/example_setup_teardown.py took 0.133 seconds
[2025-08-04T20:14:52.264+0000] {processor.py:161} INFO - Started process (PID=3038) to work on /home/airflow/.local/lib/python3.12/site-packages/airflow/example_dags/example_setup_teardown.py
[2025-08-04T20:14:52.266+0000] {processor.py:830} INFO - Processing file /home/airflow/.local/lib/python3.12/site-packages/airflow/example_dags/example_setup_teardown.py for tasks to queue
[2025-08-04T20:14:52.268+0000] {logging_mixin.py:188} INFO - [2025-08-04T20:14:52.267+0000] {dagbag.py:545} INFO - Filling up the DagBag from /home/airflow/.local/lib/python3.12/site-packages/airflow/example_dags/example_setup_teardown.py
[2025-08-04T20:14:52.284+0000] {processor.py:840} INFO - DAG(s) 'example_setup_teardown' retrieved from /home/airflow/.local/lib/python3.12/site-packages/airflow/example_dags/example_setup_teardown.py
[2025-08-04T20:14:52.324+0000] {logging_mixin.py:188} INFO - [2025-08-04T20:14:52.324+0000] {dag.py:3096} INFO - Sync 1 DAGs
[2025-08-04T20:14:52.357+0000] {logging_mixin.py:188} INFO - [2025-08-04T20:14:52.356+0000] {dag.py:3954} INFO - Setting next_dagrun for example_setup_teardown to 2025-08-03 00:00:00+00:00, run_after=2025-08-04 00:00:00+00:00
[2025-08-04T20:14:52.389+0000] {processor.py:183} INFO - Processing /home/airflow/.local/lib/python3.12/site-packages/airflow/example_dags/example_setup_teardown.py took 0.134 seconds
[2025-08-04T20:15:23.852+0000] {processor.py:161} INFO - Started process (PID=3100) to work on /home/airflow/.local/lib/python3.12/site-packages/airflow/example_dags/example_setup_teardown.py
[2025-08-04T20:15:23.854+0000] {processor.py:830} INFO - Processing file /home/airflow/.local/lib/python3.12/site-packages/airflow/example_dags/example_setup_teardown.py for tasks to queue
[2025-08-04T20:15:23.856+0000] {logging_mixin.py:188} INFO - [2025-08-04T20:15:23.855+0000] {dagbag.py:545} INFO - Filling up the DagBag from /home/airflow/.local/lib/python3.12/site-packages/airflow/example_dags/example_setup_teardown.py
[2025-08-04T20:15:23.872+0000] {processor.py:840} INFO - DAG(s) 'example_setup_teardown' retrieved from /home/airflow/.local/lib/python3.12/site-packages/airflow/example_dags/example_setup_teardown.py
[2025-08-04T20:15:23.909+0000] {logging_mixin.py:188} INFO - [2025-08-04T20:15:23.909+0000] {dag.py:3096} INFO - Sync 1 DAGs
[2025-08-04T20:15:23.943+0000] {logging_mixin.py:188} INFO - [2025-08-04T20:15:23.943+0000] {dag.py:3954} INFO - Setting next_dagrun for example_setup_teardown to 2025-08-03 00:00:00+00:00, run_after=2025-08-04 00:00:00+00:00
[2025-08-04T20:15:23.972+0000] {processor.py:183} INFO - Processing /home/airflow/.local/lib/python3.12/site-packages/airflow/example_dags/example_setup_teardown.py took 0.131 seconds
[2025-08-04T20:15:55.610+0000] {processor.py:161} INFO - Started process (PID=3167) to work on /home/airflow/.local/lib/python3.12/site-packages/airflow/example_dags/example_setup_teardown.py
[2025-08-04T20:15:55.612+0000] {processor.py:830} INFO - Processing file /home/airflow/.local/lib/python3.12/site-packages/airflow/example_dags/example_setup_teardown.py for tasks to queue
[2025-08-04T20:15:55.614+0000] {logging_mixin.py:188} INFO - [2025-08-04T20:15:55.613+0000] {dagbag.py:545} INFO - Filling up the DagBag from /home/airflow/.local/lib/python3.12/site-packages/airflow/example_dags/example_setup_teardown.py
[2025-08-04T20:15:55.626+0000] {processor.py:840} INFO - DAG(s) 'example_setup_teardown' retrieved from /home/airflow/.local/lib/python3.12/site-packages/airflow/example_dags/example_setup_teardown.py
[2025-08-04T20:15:55.660+0000] {logging_mixin.py:188} INFO - [2025-08-04T20:15:55.660+0000] {dag.py:3096} INFO - Sync 1 DAGs
[2025-08-04T20:15:55.698+0000] {logging_mixin.py:188} INFO - [2025-08-04T20:15:55.697+0000] {dag.py:3954} INFO - Setting next_dagrun for example_setup_teardown to 2025-08-03 00:00:00+00:00, run_after=2025-08-04 00:00:00+00:00
[2025-08-04T20:15:55.728+0000] {processor.py:183} INFO - Processing /home/airflow/.local/lib/python3.12/site-packages/airflow/example_dags/example_setup_teardown.py took 0.128 seconds
[2025-08-04T20:16:26.659+0000] {processor.py:161} INFO - Started process (PID=3228) to work on /home/airflow/.local/lib/python3.12/site-packages/airflow/example_dags/example_setup_teardown.py
[2025-08-04T20:16:26.661+0000] {processor.py:830} INFO - Processing file /home/airflow/.local/lib/python3.12/site-packages/airflow/example_dags/example_setup_teardown.py for tasks to queue
[2025-08-04T20:16:26.662+0000] {logging_mixin.py:188} INFO - [2025-08-04T20:16:26.662+0000] {dagbag.py:545} INFO - Filling up the DagBag from /home/airflow/.local/lib/python3.12/site-packages/airflow/example_dags/example_setup_teardown.py
[2025-08-04T20:16:26.675+0000] {processor.py:840} INFO - DAG(s) 'example_setup_teardown' retrieved from /home/airflow/.local/lib/python3.12/site-packages/airflow/example_dags/example_setup_teardown.py
[2025-08-04T20:16:26.709+0000] {logging_mixin.py:188} INFO - [2025-08-04T20:16:26.709+0000] {dag.py:3096} INFO - Sync 1 DAGs
[2025-08-04T20:16:26.740+0000] {logging_mixin.py:188} INFO - [2025-08-04T20:16:26.740+0000] {dag.py:3954} INFO - Setting next_dagrun for example_setup_teardown to 2025-08-03 00:00:00+00:00, run_after=2025-08-04 00:00:00+00:00
[2025-08-04T20:16:26.777+0000] {processor.py:183} INFO - Processing /home/airflow/.local/lib/python3.12/site-packages/airflow/example_dags/example_setup_teardown.py took 0.127 seconds
[2025-08-04T20:16:57.702+0000] {processor.py:161} INFO - Started process (PID=3289) to work on /home/airflow/.local/lib/python3.12/site-packages/airflow/example_dags/example_setup_teardown.py
[2025-08-04T20:16:57.704+0000] {processor.py:830} INFO - Processing file /home/airflow/.local/lib/python3.12/site-packages/airflow/example_dags/example_setup_teardown.py for tasks to queue
[2025-08-04T20:16:57.705+0000] {logging_mixin.py:188} INFO - [2025-08-04T20:16:57.705+0000] {dagbag.py:545} INFO - Filling up the DagBag from /home/airflow/.local/lib/python3.12/site-packages/airflow/example_dags/example_setup_teardown.py
[2025-08-04T20:16:57.718+0000] {processor.py:840} INFO - DAG(s) 'example_setup_teardown' retrieved from /home/airflow/.local/lib/python3.12/site-packages/airflow/example_dags/example_setup_teardown.py
[2025-08-04T20:16:57.750+0000] {logging_mixin.py:188} INFO - [2025-08-04T20:16:57.749+0000] {dag.py:3096} INFO - Sync 1 DAGs
[2025-08-04T20:16:57.793+0000] {logging_mixin.py:188} INFO - [2025-08-04T20:16:57.793+0000] {dag.py:3954} INFO - Setting next_dagrun for example_setup_teardown to 2025-08-03 00:00:00+00:00, run_after=2025-08-04 00:00:00+00:00
[2025-08-04T20:16:57.836+0000] {processor.py:183} INFO - Processing /home/airflow/.local/lib/python3.12/site-packages/airflow/example_dags/example_setup_teardown.py took 0.142 seconds
[2025-08-04T20:17:28.769+0000] {processor.py:161} INFO - Started process (PID=3350) to work on /home/airflow/.local/lib/python3.12/site-packages/airflow/example_dags/example_setup_teardown.py
[2025-08-04T20:17:28.771+0000] {processor.py:830} INFO - Processing file /home/airflow/.local/lib/python3.12/site-packages/airflow/example_dags/example_setup_teardown.py for tasks to queue
[2025-08-04T20:17:28.772+0000] {logging_mixin.py:188} INFO - [2025-08-04T20:17:28.772+0000] {dagbag.py:545} INFO - Filling up the DagBag from /home/airflow/.local/lib/python3.12/site-packages/airflow/example_dags/example_setup_teardown.py
[2025-08-04T20:17:28.786+0000] {processor.py:840} INFO - DAG(s) 'example_setup_teardown' retrieved from /home/airflow/.local/lib/python3.12/site-packages/airflow/example_dags/example_setup_teardown.py
[2025-08-04T20:17:28.821+0000] {logging_mixin.py:188} INFO - [2025-08-04T20:17:28.821+0000] {dag.py:3096} INFO - Sync 1 DAGs
[2025-08-04T20:17:28.856+0000] {logging_mixin.py:188} INFO - [2025-08-04T20:17:28.855+0000] {dag.py:3954} INFO - Setting next_dagrun for example_setup_teardown to 2025-08-03 00:00:00+00:00, run_after=2025-08-04 00:00:00+00:00
[2025-08-04T20:17:28.886+0000] {processor.py:183} INFO - Processing /home/airflow/.local/lib/python3.12/site-packages/airflow/example_dags/example_setup_teardown.py took 0.126 seconds
[2025-08-04T20:17:59.577+0000] {processor.py:161} INFO - Started process (PID=3411) to work on /home/airflow/.local/lib/python3.12/site-packages/airflow/example_dags/example_setup_teardown.py
[2025-08-04T20:17:59.579+0000] {processor.py:830} INFO - Processing file /home/airflow/.local/lib/python3.12/site-packages/airflow/example_dags/example_setup_teardown.py for tasks to queue
[2025-08-04T20:17:59.581+0000] {logging_mixin.py:188} INFO - [2025-08-04T20:17:59.580+0000] {dagbag.py:545} INFO - Filling up the DagBag from /home/airflow/.local/lib/python3.12/site-packages/airflow/example_dags/example_setup_teardown.py
[2025-08-04T20:17:59.593+0000] {processor.py:840} INFO - DAG(s) 'example_setup_teardown' retrieved from /home/airflow/.local/lib/python3.12/site-packages/airflow/example_dags/example_setup_teardown.py
[2025-08-04T20:17:59.633+0000] {logging_mixin.py:188} INFO - [2025-08-04T20:17:59.632+0000] {dag.py:3096} INFO - Sync 1 DAGs
[2025-08-04T20:17:59.670+0000] {logging_mixin.py:188} INFO - [2025-08-04T20:17:59.669+0000] {dag.py:3954} INFO - Setting next_dagrun for example_setup_teardown to 2025-08-03 00:00:00+00:00, run_after=2025-08-04 00:00:00+00:00
[2025-08-04T20:17:59.702+0000] {processor.py:183} INFO - Processing /home/airflow/.local/lib/python3.12/site-packages/airflow/example_dags/example_setup_teardown.py took 0.135 seconds
[2025-08-04T20:18:30.979+0000] {processor.py:161} INFO - Started process (PID=3472) to work on /home/airflow/.local/lib/python3.12/site-packages/airflow/example_dags/example_setup_teardown.py
[2025-08-04T20:18:30.981+0000] {processor.py:830} INFO - Processing file /home/airflow/.local/lib/python3.12/site-packages/airflow/example_dags/example_setup_teardown.py for tasks to queue
[2025-08-04T20:18:30.982+0000] {logging_mixin.py:188} INFO - [2025-08-04T20:18:30.982+0000] {dagbag.py:545} INFO - Filling up the DagBag from /home/airflow/.local/lib/python3.12/site-packages/airflow/example_dags/example_setup_teardown.py
[2025-08-04T20:18:30.995+0000] {processor.py:840} INFO - DAG(s) 'example_setup_teardown' retrieved from /home/airflow/.local/lib/python3.12/site-packages/airflow/example_dags/example_setup_teardown.py
[2025-08-04T20:18:31.029+0000] {logging_mixin.py:188} INFO - [2025-08-04T20:18:31.029+0000] {dag.py:3096} INFO - Sync 1 DAGs
[2025-08-04T20:18:31.066+0000] {logging_mixin.py:188} INFO - [2025-08-04T20:18:31.066+0000] {dag.py:3954} INFO - Setting next_dagrun for example_setup_teardown to 2025-08-03 00:00:00+00:00, run_after=2025-08-04 00:00:00+00:00
[2025-08-04T20:18:31.101+0000] {processor.py:183} INFO - Processing /home/airflow/.local/lib/python3.12/site-packages/airflow/example_dags/example_setup_teardown.py took 0.132 seconds
[2025-08-04T20:19:02.184+0000] {processor.py:161} INFO - Started process (PID=3533) to work on /home/airflow/.local/lib/python3.12/site-packages/airflow/example_dags/example_setup_teardown.py
[2025-08-04T20:19:02.186+0000] {processor.py:830} INFO - Processing file /home/airflow/.local/lib/python3.12/site-packages/airflow/example_dags/example_setup_teardown.py for tasks to queue
[2025-08-04T20:19:02.188+0000] {logging_mixin.py:188} INFO - [2025-08-04T20:19:02.187+0000] {dagbag.py:545} INFO - Filling up the DagBag from /home/airflow/.local/lib/python3.12/site-packages/airflow/example_dags/example_setup_teardown.py
[2025-08-04T20:19:02.202+0000] {processor.py:840} INFO - DAG(s) 'example_setup_teardown' retrieved from /home/airflow/.local/lib/python3.12/site-packages/airflow/example_dags/example_setup_teardown.py
[2025-08-04T20:19:02.239+0000] {logging_mixin.py:188} INFO - [2025-08-04T20:19:02.239+0000] {dag.py:3096} INFO - Sync 1 DAGs
[2025-08-04T20:19:02.275+0000] {logging_mixin.py:188} INFO - [2025-08-04T20:19:02.274+0000] {dag.py:3954} INFO - Setting next_dagrun for example_setup_teardown to 2025-08-03 00:00:00+00:00, run_after=2025-08-04 00:00:00+00:00
[2025-08-04T20:19:02.310+0000] {processor.py:183} INFO - Processing /home/airflow/.local/lib/python3.12/site-packages/airflow/example_dags/example_setup_teardown.py took 0.137 seconds
[2025-08-04T20:19:32.703+0000] {processor.py:161} INFO - Started process (PID=3594) to work on /home/airflow/.local/lib/python3.12/site-packages/airflow/example_dags/example_setup_teardown.py
[2025-08-04T20:19:32.705+0000] {processor.py:830} INFO - Processing file /home/airflow/.local/lib/python3.12/site-packages/airflow/example_dags/example_setup_teardown.py for tasks to queue
[2025-08-04T20:19:32.707+0000] {logging_mixin.py:188} INFO - [2025-08-04T20:19:32.707+0000] {dagbag.py:545} INFO - Filling up the DagBag from /home/airflow/.local/lib/python3.12/site-packages/airflow/example_dags/example_setup_teardown.py
[2025-08-04T20:19:32.720+0000] {processor.py:840} INFO - DAG(s) 'example_setup_teardown' retrieved from /home/airflow/.local/lib/python3.12/site-packages/airflow/example_dags/example_setup_teardown.py
[2025-08-04T20:19:32.760+0000] {logging_mixin.py:188} INFO - [2025-08-04T20:19:32.760+0000] {dag.py:3096} INFO - Sync 1 DAGs
[2025-08-04T20:19:32.797+0000] {logging_mixin.py:188} INFO - [2025-08-04T20:19:32.797+0000] {dag.py:3954} INFO - Setting next_dagrun for example_setup_teardown to 2025-08-03 00:00:00+00:00, run_after=2025-08-04 00:00:00+00:00
[2025-08-04T20:19:32.841+0000] {processor.py:183} INFO - Processing /home/airflow/.local/lib/python3.12/site-packages/airflow/example_dags/example_setup_teardown.py took 0.147 seconds
[2025-08-04T20:20:04.005+0000] {processor.py:161} INFO - Started process (PID=3655) to work on /home/airflow/.local/lib/python3.12/site-packages/airflow/example_dags/example_setup_teardown.py
[2025-08-04T20:20:04.008+0000] {processor.py:830} INFO - Processing file /home/airflow/.local/lib/python3.12/site-packages/airflow/example_dags/example_setup_teardown.py for tasks to queue
[2025-08-04T20:20:04.010+0000] {logging_mixin.py:188} INFO - [2025-08-04T20:20:04.009+0000] {dagbag.py:545} INFO - Filling up the DagBag from /home/airflow/.local/lib/python3.12/site-packages/airflow/example_dags/example_setup_teardown.py
[2025-08-04T20:20:04.031+0000] {processor.py:840} INFO - DAG(s) 'example_setup_teardown' retrieved from /home/airflow/.local/lib/python3.12/site-packages/airflow/example_dags/example_setup_teardown.py
[2025-08-04T20:20:04.080+0000] {logging_mixin.py:188} INFO - [2025-08-04T20:20:04.079+0000] {dag.py:3096} INFO - Sync 1 DAGs
[2025-08-04T20:20:04.129+0000] {logging_mixin.py:188} INFO - [2025-08-04T20:20:04.128+0000] {dag.py:3954} INFO - Setting next_dagrun for example_setup_teardown to 2025-08-03 00:00:00+00:00, run_after=2025-08-04 00:00:00+00:00
[2025-08-04T20:20:04.175+0000] {processor.py:183} INFO - Processing /home/airflow/.local/lib/python3.12/site-packages/airflow/example_dags/example_setup_teardown.py took 0.183 seconds
[2025-08-04T20:20:34.394+0000] {processor.py:161} INFO - Started process (PID=3714) to work on /home/airflow/.local/lib/python3.12/site-packages/airflow/example_dags/example_setup_teardown.py
[2025-08-04T20:20:34.396+0000] {processor.py:830} INFO - Processing file /home/airflow/.local/lib/python3.12/site-packages/airflow/example_dags/example_setup_teardown.py for tasks to queue
[2025-08-04T20:20:34.398+0000] {logging_mixin.py:188} INFO - [2025-08-04T20:20:34.397+0000] {dagbag.py:545} INFO - Filling up the DagBag from /home/airflow/.local/lib/python3.12/site-packages/airflow/example_dags/example_setup_teardown.py
[2025-08-04T20:20:34.413+0000] {processor.py:840} INFO - DAG(s) 'example_setup_teardown' retrieved from /home/airflow/.local/lib/python3.12/site-packages/airflow/example_dags/example_setup_teardown.py
[2025-08-04T20:20:34.455+0000] {logging_mixin.py:188} INFO - [2025-08-04T20:20:34.454+0000] {dag.py:3096} INFO - Sync 1 DAGs
[2025-08-04T20:20:34.494+0000] {logging_mixin.py:188} INFO - [2025-08-04T20:20:34.494+0000] {dag.py:3954} INFO - Setting next_dagrun for example_setup_teardown to 2025-08-03 00:00:00+00:00, run_after=2025-08-04 00:00:00+00:00
[2025-08-04T20:20:34.530+0000] {processor.py:183} INFO - Processing /home/airflow/.local/lib/python3.12/site-packages/airflow/example_dags/example_setup_teardown.py took 0.149 seconds
[2025-08-04T20:21:04.871+0000] {processor.py:161} INFO - Started process (PID=3775) to work on /home/airflow/.local/lib/python3.12/site-packages/airflow/example_dags/example_setup_teardown.py
[2025-08-04T20:21:04.874+0000] {processor.py:830} INFO - Processing file /home/airflow/.local/lib/python3.12/site-packages/airflow/example_dags/example_setup_teardown.py for tasks to queue
[2025-08-04T20:21:04.876+0000] {logging_mixin.py:188} INFO - [2025-08-04T20:21:04.875+0000] {dagbag.py:545} INFO - Filling up the DagBag from /home/airflow/.local/lib/python3.12/site-packages/airflow/example_dags/example_setup_teardown.py
[2025-08-04T20:21:04.891+0000] {processor.py:840} INFO - DAG(s) 'example_setup_teardown' retrieved from /home/airflow/.local/lib/python3.12/site-packages/airflow/example_dags/example_setup_teardown.py
[2025-08-04T20:21:04.935+0000] {logging_mixin.py:188} INFO - [2025-08-04T20:21:04.935+0000] {dag.py:3096} INFO - Sync 1 DAGs
[2025-08-04T20:21:04.973+0000] {logging_mixin.py:188} INFO - [2025-08-04T20:21:04.972+0000] {dag.py:3954} INFO - Setting next_dagrun for example_setup_teardown to 2025-08-03 00:00:00+00:00, run_after=2025-08-04 00:00:00+00:00
[2025-08-04T20:21:05.010+0000] {processor.py:183} INFO - Processing /home/airflow/.local/lib/python3.12/site-packages/airflow/example_dags/example_setup_teardown.py took 0.152 seconds
[2025-08-04T20:21:35.194+0000] {processor.py:161} INFO - Started process (PID=3836) to work on /home/airflow/.local/lib/python3.12/site-packages/airflow/example_dags/example_setup_teardown.py
[2025-08-04T20:21:35.197+0000] {processor.py:830} INFO - Processing file /home/airflow/.local/lib/python3.12/site-packages/airflow/example_dags/example_setup_teardown.py for tasks to queue
[2025-08-04T20:21:35.200+0000] {logging_mixin.py:188} INFO - [2025-08-04T20:21:35.199+0000] {dagbag.py:545} INFO - Filling up the DagBag from /home/airflow/.local/lib/python3.12/site-packages/airflow/example_dags/example_setup_teardown.py
[2025-08-04T20:21:35.222+0000] {processor.py:840} INFO - DAG(s) 'example_setup_teardown' retrieved from /home/airflow/.local/lib/python3.12/site-packages/airflow/example_dags/example_setup_teardown.py
[2025-08-04T20:21:35.271+0000] {logging_mixin.py:188} INFO - [2025-08-04T20:21:35.270+0000] {dag.py:3096} INFO - Sync 1 DAGs
[2025-08-04T20:21:35.323+0000] {logging_mixin.py:188} INFO - [2025-08-04T20:21:35.322+0000] {dag.py:3954} INFO - Setting next_dagrun for example_setup_teardown to 2025-08-03 00:00:00+00:00, run_after=2025-08-04 00:00:00+00:00
[2025-08-04T20:21:35.378+0000] {processor.py:183} INFO - Processing /home/airflow/.local/lib/python3.12/site-packages/airflow/example_dags/example_setup_teardown.py took 0.196 seconds
[2025-08-04T20:22:05.677+0000] {processor.py:161} INFO - Started process (PID=3897) to work on /home/airflow/.local/lib/python3.12/site-packages/airflow/example_dags/example_setup_teardown.py
[2025-08-04T20:22:05.679+0000] {processor.py:830} INFO - Processing file /home/airflow/.local/lib/python3.12/site-packages/airflow/example_dags/example_setup_teardown.py for tasks to queue
[2025-08-04T20:22:05.681+0000] {logging_mixin.py:188} INFO - [2025-08-04T20:22:05.681+0000] {dagbag.py:545} INFO - Filling up the DagBag from /home/airflow/.local/lib/python3.12/site-packages/airflow/example_dags/example_setup_teardown.py
[2025-08-04T20:22:05.694+0000] {processor.py:840} INFO - DAG(s) 'example_setup_teardown' retrieved from /home/airflow/.local/lib/python3.12/site-packages/airflow/example_dags/example_setup_teardown.py
[2025-08-04T20:22:05.732+0000] {logging_mixin.py:188} INFO - [2025-08-04T20:22:05.731+0000] {dag.py:3096} INFO - Sync 1 DAGs
[2025-08-04T20:22:05.768+0000] {logging_mixin.py:188} INFO - [2025-08-04T20:22:05.768+0000] {dag.py:3954} INFO - Setting next_dagrun for example_setup_teardown to 2025-08-03 00:00:00+00:00, run_after=2025-08-04 00:00:00+00:00
[2025-08-04T20:22:05.801+0000] {processor.py:183} INFO - Processing /home/airflow/.local/lib/python3.12/site-packages/airflow/example_dags/example_setup_teardown.py took 0.135 seconds
[2025-08-04T20:22:35.879+0000] {processor.py:161} INFO - Started process (PID=3959) to work on /home/airflow/.local/lib/python3.12/site-packages/airflow/example_dags/example_setup_teardown.py
[2025-08-04T20:22:35.881+0000] {processor.py:830} INFO - Processing file /home/airflow/.local/lib/python3.12/site-packages/airflow/example_dags/example_setup_teardown.py for tasks to queue
[2025-08-04T20:22:35.883+0000] {logging_mixin.py:188} INFO - [2025-08-04T20:22:35.882+0000] {dagbag.py:545} INFO - Filling up the DagBag from /home/airflow/.local/lib/python3.12/site-packages/airflow/example_dags/example_setup_teardown.py
[2025-08-04T20:22:35.896+0000] {processor.py:840} INFO - DAG(s) 'example_setup_teardown' retrieved from /home/airflow/.local/lib/python3.12/site-packages/airflow/example_dags/example_setup_teardown.py
[2025-08-04T20:22:35.929+0000] {logging_mixin.py:188} INFO - [2025-08-04T20:22:35.929+0000] {dag.py:3096} INFO - Sync 1 DAGs
[2025-08-04T20:22:35.960+0000] {logging_mixin.py:188} INFO - [2025-08-04T20:22:35.959+0000] {dag.py:3954} INFO - Setting next_dagrun for example_setup_teardown to 2025-08-03 00:00:00+00:00, run_after=2025-08-04 00:00:00+00:00
[2025-08-04T20:22:35.990+0000] {processor.py:183} INFO - Processing /home/airflow/.local/lib/python3.12/site-packages/airflow/example_dags/example_setup_teardown.py took 0.120 seconds
[2025-08-04T21:10:27.329+0000] {processor.py:161} INFO - Started process (PID=4030) to work on /home/airflow/.local/lib/python3.12/site-packages/airflow/example_dags/example_setup_teardown.py
[2025-08-04T21:10:27.331+0000] {processor.py:830} INFO - Processing file /home/airflow/.local/lib/python3.12/site-packages/airflow/example_dags/example_setup_teardown.py for tasks to queue
[2025-08-04T21:10:27.333+0000] {logging_mixin.py:188} INFO - [2025-08-04T21:10:27.332+0000] {dagbag.py:545} INFO - Filling up the DagBag from /home/airflow/.local/lib/python3.12/site-packages/airflow/example_dags/example_setup_teardown.py
[2025-08-04T21:10:27.349+0000] {processor.py:840} INFO - DAG(s) 'example_setup_teardown' retrieved from /home/airflow/.local/lib/python3.12/site-packages/airflow/example_dags/example_setup_teardown.py
[2025-08-04T21:10:27.389+0000] {logging_mixin.py:188} INFO - [2025-08-04T21:10:27.389+0000] {dag.py:3096} INFO - Sync 1 DAGs
[2025-08-04T21:10:27.428+0000] {logging_mixin.py:188} INFO - [2025-08-04T21:10:27.427+0000] {dag.py:3954} INFO - Setting next_dagrun for example_setup_teardown to 2025-08-03 00:00:00+00:00, run_after=2025-08-04 00:00:00+00:00
[2025-08-04T21:10:27.466+0000] {processor.py:183} INFO - Processing /home/airflow/.local/lib/python3.12/site-packages/airflow/example_dags/example_setup_teardown.py took 0.147 seconds
[2025-08-04T21:10:58.900+0000] {processor.py:161} INFO - Started process (PID=4091) to work on /home/airflow/.local/lib/python3.12/site-packages/airflow/example_dags/example_setup_teardown.py
[2025-08-04T21:10:58.902+0000] {processor.py:830} INFO - Processing file /home/airflow/.local/lib/python3.12/site-packages/airflow/example_dags/example_setup_teardown.py for tasks to queue
[2025-08-04T21:10:58.904+0000] {logging_mixin.py:188} INFO - [2025-08-04T21:10:58.903+0000] {dagbag.py:545} INFO - Filling up the DagBag from /home/airflow/.local/lib/python3.12/site-packages/airflow/example_dags/example_setup_teardown.py
[2025-08-04T21:10:58.924+0000] {processor.py:840} INFO - DAG(s) 'example_setup_teardown' retrieved from /home/airflow/.local/lib/python3.12/site-packages/airflow/example_dags/example_setup_teardown.py
[2025-08-04T21:10:58.974+0000] {logging_mixin.py:188} INFO - [2025-08-04T21:10:58.974+0000] {dag.py:3096} INFO - Sync 1 DAGs
[2025-08-04T21:10:59.043+0000] {logging_mixin.py:188} INFO - [2025-08-04T21:10:59.042+0000] {dag.py:3954} INFO - Setting next_dagrun for example_setup_teardown to 2025-08-03 00:00:00+00:00, run_after=2025-08-04 00:00:00+00:00
[2025-08-04T21:10:59.083+0000] {processor.py:183} INFO - Processing /home/airflow/.local/lib/python3.12/site-packages/airflow/example_dags/example_setup_teardown.py took 0.198 seconds
[2025-08-04T21:11:30.058+0000] {processor.py:161} INFO - Started process (PID=4152) to work on /home/airflow/.local/lib/python3.12/site-packages/airflow/example_dags/example_setup_teardown.py
[2025-08-04T21:11:30.060+0000] {processor.py:830} INFO - Processing file /home/airflow/.local/lib/python3.12/site-packages/airflow/example_dags/example_setup_teardown.py for tasks to queue
[2025-08-04T21:11:30.061+0000] {logging_mixin.py:188} INFO - [2025-08-04T21:11:30.061+0000] {dagbag.py:545} INFO - Filling up the DagBag from /home/airflow/.local/lib/python3.12/site-packages/airflow/example_dags/example_setup_teardown.py
[2025-08-04T21:11:30.075+0000] {processor.py:840} INFO - DAG(s) 'example_setup_teardown' retrieved from /home/airflow/.local/lib/python3.12/site-packages/airflow/example_dags/example_setup_teardown.py
[2025-08-04T21:11:30.110+0000] {logging_mixin.py:188} INFO - [2025-08-04T21:11:30.109+0000] {dag.py:3096} INFO - Sync 1 DAGs
[2025-08-04T21:11:30.144+0000] {logging_mixin.py:188} INFO - [2025-08-04T21:11:30.144+0000] {dag.py:3954} INFO - Setting next_dagrun for example_setup_teardown to 2025-08-03 00:00:00+00:00, run_after=2025-08-04 00:00:00+00:00
[2025-08-04T21:11:30.175+0000] {processor.py:183} INFO - Processing /home/airflow/.local/lib/python3.12/site-packages/airflow/example_dags/example_setup_teardown.py took 0.126 seconds
[2025-08-04T21:12:01.089+0000] {processor.py:161} INFO - Started process (PID=4213) to work on /home/airflow/.local/lib/python3.12/site-packages/airflow/example_dags/example_setup_teardown.py
[2025-08-04T21:12:01.091+0000] {processor.py:830} INFO - Processing file /home/airflow/.local/lib/python3.12/site-packages/airflow/example_dags/example_setup_teardown.py for tasks to queue
[2025-08-04T21:12:01.093+0000] {logging_mixin.py:188} INFO - [2025-08-04T21:12:01.092+0000] {dagbag.py:545} INFO - Filling up the DagBag from /home/airflow/.local/lib/python3.12/site-packages/airflow/example_dags/example_setup_teardown.py
[2025-08-04T21:12:01.108+0000] {processor.py:840} INFO - DAG(s) 'example_setup_teardown' retrieved from /home/airflow/.local/lib/python3.12/site-packages/airflow/example_dags/example_setup_teardown.py
[2025-08-04T21:12:01.155+0000] {logging_mixin.py:188} INFO - [2025-08-04T21:12:01.155+0000] {dag.py:3096} INFO - Sync 1 DAGs
[2025-08-04T21:12:01.189+0000] {logging_mixin.py:188} INFO - [2025-08-04T21:12:01.189+0000] {dag.py:3954} INFO - Setting next_dagrun for example_setup_teardown to 2025-08-03 00:00:00+00:00, run_after=2025-08-04 00:00:00+00:00
[2025-08-04T21:12:01.230+0000] {processor.py:183} INFO - Processing /home/airflow/.local/lib/python3.12/site-packages/airflow/example_dags/example_setup_teardown.py took 0.153 seconds
[2025-08-04T21:12:32.207+0000] {processor.py:161} INFO - Started process (PID=4274) to work on /home/airflow/.local/lib/python3.12/site-packages/airflow/example_dags/example_setup_teardown.py
[2025-08-04T21:12:32.209+0000] {processor.py:830} INFO - Processing file /home/airflow/.local/lib/python3.12/site-packages/airflow/example_dags/example_setup_teardown.py for tasks to queue
[2025-08-04T21:12:32.211+0000] {logging_mixin.py:188} INFO - [2025-08-04T21:12:32.210+0000] {dagbag.py:545} INFO - Filling up the DagBag from /home/airflow/.local/lib/python3.12/site-packages/airflow/example_dags/example_setup_teardown.py
[2025-08-04T21:12:32.228+0000] {processor.py:840} INFO - DAG(s) 'example_setup_teardown' retrieved from /home/airflow/.local/lib/python3.12/site-packages/airflow/example_dags/example_setup_teardown.py
[2025-08-04T21:12:32.268+0000] {logging_mixin.py:188} INFO - [2025-08-04T21:12:32.268+0000] {dag.py:3096} INFO - Sync 1 DAGs
[2025-08-04T21:12:32.309+0000] {logging_mixin.py:188} INFO - [2025-08-04T21:12:32.309+0000] {dag.py:3954} INFO - Setting next_dagrun for example_setup_teardown to 2025-08-03 00:00:00+00:00, run_after=2025-08-04 00:00:00+00:00
[2025-08-04T21:12:32.343+0000] {processor.py:183} INFO - Processing /home/airflow/.local/lib/python3.12/site-packages/airflow/example_dags/example_setup_teardown.py took 0.147 seconds
[2025-08-04T21:13:02.700+0000] {processor.py:161} INFO - Started process (PID=4333) to work on /home/airflow/.local/lib/python3.12/site-packages/airflow/example_dags/example_setup_teardown.py
[2025-08-04T21:13:02.702+0000] {processor.py:830} INFO - Processing file /home/airflow/.local/lib/python3.12/site-packages/airflow/example_dags/example_setup_teardown.py for tasks to queue
[2025-08-04T21:13:02.704+0000] {logging_mixin.py:188} INFO - [2025-08-04T21:13:02.704+0000] {dagbag.py:545} INFO - Filling up the DagBag from /home/airflow/.local/lib/python3.12/site-packages/airflow/example_dags/example_setup_teardown.py
[2025-08-04T21:13:02.720+0000] {processor.py:840} INFO - DAG(s) 'example_setup_teardown' retrieved from /home/airflow/.local/lib/python3.12/site-packages/airflow/example_dags/example_setup_teardown.py
[2025-08-04T21:13:02.760+0000] {logging_mixin.py:188} INFO - [2025-08-04T21:13:02.759+0000] {dag.py:3096} INFO - Sync 1 DAGs
[2025-08-04T21:13:02.799+0000] {logging_mixin.py:188} INFO - [2025-08-04T21:13:02.799+0000] {dag.py:3954} INFO - Setting next_dagrun for example_setup_teardown to 2025-08-03 00:00:00+00:00, run_after=2025-08-04 00:00:00+00:00
[2025-08-04T21:13:02.845+0000] {processor.py:183} INFO - Processing /home/airflow/.local/lib/python3.12/site-packages/airflow/example_dags/example_setup_teardown.py took 0.159 seconds
[2025-08-04T21:13:33.201+0000] {processor.py:161} INFO - Started process (PID=4394) to work on /home/airflow/.local/lib/python3.12/site-packages/airflow/example_dags/example_setup_teardown.py
[2025-08-04T21:13:33.204+0000] {processor.py:830} INFO - Processing file /home/airflow/.local/lib/python3.12/site-packages/airflow/example_dags/example_setup_teardown.py for tasks to queue
[2025-08-04T21:13:33.206+0000] {logging_mixin.py:188} INFO - [2025-08-04T21:13:33.205+0000] {dagbag.py:545} INFO - Filling up the DagBag from /home/airflow/.local/lib/python3.12/site-packages/airflow/example_dags/example_setup_teardown.py
[2025-08-04T21:13:33.222+0000] {processor.py:840} INFO - DAG(s) 'example_setup_teardown' retrieved from /home/airflow/.local/lib/python3.12/site-packages/airflow/example_dags/example_setup_teardown.py
[2025-08-04T21:13:33.266+0000] {logging_mixin.py:188} INFO - [2025-08-04T21:13:33.266+0000] {dag.py:3096} INFO - Sync 1 DAGs
[2025-08-04T21:13:33.306+0000] {logging_mixin.py:188} INFO - [2025-08-04T21:13:33.305+0000] {dag.py:3954} INFO - Setting next_dagrun for example_setup_teardown to 2025-08-03 00:00:00+00:00, run_after=2025-08-04 00:00:00+00:00
[2025-08-04T21:13:33.351+0000] {processor.py:183} INFO - Processing /home/airflow/.local/lib/python3.12/site-packages/airflow/example_dags/example_setup_teardown.py took 0.162 seconds
[2025-08-04T21:14:03.648+0000] {processor.py:161} INFO - Started process (PID=4456) to work on /home/airflow/.local/lib/python3.12/site-packages/airflow/example_dags/example_setup_teardown.py
[2025-08-04T21:14:03.650+0000] {processor.py:830} INFO - Processing file /home/airflow/.local/lib/python3.12/site-packages/airflow/example_dags/example_setup_teardown.py for tasks to queue
[2025-08-04T21:14:03.652+0000] {logging_mixin.py:188} INFO - [2025-08-04T21:14:03.652+0000] {dagbag.py:545} INFO - Filling up the DagBag from /home/airflow/.local/lib/python3.12/site-packages/airflow/example_dags/example_setup_teardown.py
[2025-08-04T21:14:03.668+0000] {processor.py:840} INFO - DAG(s) 'example_setup_teardown' retrieved from /home/airflow/.local/lib/python3.12/site-packages/airflow/example_dags/example_setup_teardown.py
[2025-08-04T21:14:03.711+0000] {logging_mixin.py:188} INFO - [2025-08-04T21:14:03.710+0000] {dag.py:3096} INFO - Sync 1 DAGs
[2025-08-04T21:14:03.750+0000] {logging_mixin.py:188} INFO - [2025-08-04T21:14:03.749+0000] {dag.py:3954} INFO - Setting next_dagrun for example_setup_teardown to 2025-08-03 00:00:00+00:00, run_after=2025-08-04 00:00:00+00:00
[2025-08-04T21:14:03.794+0000] {processor.py:183} INFO - Processing /home/airflow/.local/lib/python3.12/site-packages/airflow/example_dags/example_setup_teardown.py took 0.159 seconds
[2025-08-04T21:14:34.068+0000] {processor.py:161} INFO - Started process (PID=4517) to work on /home/airflow/.local/lib/python3.12/site-packages/airflow/example_dags/example_setup_teardown.py
[2025-08-04T21:14:34.071+0000] {processor.py:830} INFO - Processing file /home/airflow/.local/lib/python3.12/site-packages/airflow/example_dags/example_setup_teardown.py for tasks to queue
[2025-08-04T21:14:34.073+0000] {logging_mixin.py:188} INFO - [2025-08-04T21:14:34.072+0000] {dagbag.py:545} INFO - Filling up the DagBag from /home/airflow/.local/lib/python3.12/site-packages/airflow/example_dags/example_setup_teardown.py
[2025-08-04T21:14:34.088+0000] {processor.py:840} INFO - DAG(s) 'example_setup_teardown' retrieved from /home/airflow/.local/lib/python3.12/site-packages/airflow/example_dags/example_setup_teardown.py
[2025-08-04T21:14:34.129+0000] {logging_mixin.py:188} INFO - [2025-08-04T21:14:34.129+0000] {dag.py:3096} INFO - Sync 1 DAGs
[2025-08-04T21:14:34.165+0000] {logging_mixin.py:188} INFO - [2025-08-04T21:14:34.165+0000] {dag.py:3954} INFO - Setting next_dagrun for example_setup_teardown to 2025-08-03 00:00:00+00:00, run_after=2025-08-04 00:00:00+00:00
[2025-08-04T21:14:34.210+0000] {processor.py:183} INFO - Processing /home/airflow/.local/lib/python3.12/site-packages/airflow/example_dags/example_setup_teardown.py took 0.155 seconds
