[2025-08-04T18:59:52.495+0000] {processor.py:161} INFO - Started process (PID=95) to work on /home/airflow/.local/lib/python3.12/site-packages/airflow/example_dags/example_display_name.py
[2025-08-04T18:59:52.497+0000] {processor.py:830} INFO - Processing file /home/airflow/.local/lib/python3.12/site-packages/airflow/example_dags/example_display_name.py for tasks to queue
[2025-08-04T18:59:52.500+0000] {logging_mixin.py:188} INFO - [2025-08-04T18:59:52.500+0000] {dagbag.py:545} INFO - Filling up the DagBag from /home/airflow/.local/lib/python3.12/site-packages/airflow/example_dags/example_display_name.py
[2025-08-04T18:59:52.512+0000] {processor.py:840} INFO - DAG(s) 'example_display_name' retrieved from /home/airflow/.local/lib/python3.12/site-packages/airflow/example_dags/example_display_name.py
[2025-08-04T18:59:52.699+0000] {logging_mixin.py:188} INFO - [2025-08-04T18:59:52.698+0000] {dag.py:3096} INFO - Sync 1 DAGs
[2025-08-04T18:59:52.715+0000] {logging_mixin.py:188} INFO - [2025-08-04T18:59:52.715+0000] {dag.py:3954} INFO - Setting next_dagrun for example_display_name to None, run_after=None
[2025-08-04T18:59:52.743+0000] {processor.py:183} INFO - Processing /home/airflow/.local/lib/python3.12/site-packages/airflow/example_dags/example_display_name.py took 0.256 seconds
[2025-08-04T19:00:23.555+0000] {processor.py:161} INFO - Started process (PID=156) to work on /home/airflow/.local/lib/python3.12/site-packages/airflow/example_dags/example_display_name.py
[2025-08-04T19:00:23.557+0000] {processor.py:830} INFO - Processing file /home/airflow/.local/lib/python3.12/site-packages/airflow/example_dags/example_display_name.py for tasks to queue
[2025-08-04T19:00:23.560+0000] {logging_mixin.py:188} INFO - [2025-08-04T19:00:23.560+0000] {dagbag.py:545} INFO - Filling up the DagBag from /home/airflow/.local/lib/python3.12/site-packages/airflow/example_dags/example_display_name.py
[2025-08-04T19:00:23.570+0000] {processor.py:840} INFO - DAG(s) 'example_display_name' retrieved from /home/airflow/.local/lib/python3.12/site-packages/airflow/example_dags/example_display_name.py
[2025-08-04T19:00:23.606+0000] {logging_mixin.py:188} INFO - [2025-08-04T19:00:23.606+0000] {dag.py:3096} INFO - Sync 1 DAGs
[2025-08-04T19:00:23.633+0000] {logging_mixin.py:188} INFO - [2025-08-04T19:00:23.633+0000] {dag.py:3954} INFO - Setting next_dagrun for example_display_name to None, run_after=None
[2025-08-04T19:00:23.673+0000] {processor.py:183} INFO - Processing /home/airflow/.local/lib/python3.12/site-packages/airflow/example_dags/example_display_name.py took 0.128 seconds
[2025-08-04T19:00:54.188+0000] {processor.py:161} INFO - Started process (PID=217) to work on /home/airflow/.local/lib/python3.12/site-packages/airflow/example_dags/example_display_name.py
[2025-08-04T19:00:54.190+0000] {processor.py:830} INFO - Processing file /home/airflow/.local/lib/python3.12/site-packages/airflow/example_dags/example_display_name.py for tasks to queue
[2025-08-04T19:00:54.192+0000] {logging_mixin.py:188} INFO - [2025-08-04T19:00:54.192+0000] {dagbag.py:545} INFO - Filling up the DagBag from /home/airflow/.local/lib/python3.12/site-packages/airflow/example_dags/example_display_name.py
[2025-08-04T19:00:54.202+0000] {processor.py:840} INFO - DAG(s) 'example_display_name' retrieved from /home/airflow/.local/lib/python3.12/site-packages/airflow/example_dags/example_display_name.py
[2025-08-04T19:00:54.235+0000] {logging_mixin.py:188} INFO - [2025-08-04T19:00:54.234+0000] {dag.py:3096} INFO - Sync 1 DAGs
[2025-08-04T19:00:54.253+0000] {logging_mixin.py:188} INFO - [2025-08-04T19:00:54.253+0000] {dag.py:3954} INFO - Setting next_dagrun for example_display_name to None, run_after=None
[2025-08-04T19:00:54.279+0000] {processor.py:183} INFO - Processing /home/airflow/.local/lib/python3.12/site-packages/airflow/example_dags/example_display_name.py took 0.100 seconds
[2025-08-04T19:01:24.717+0000] {processor.py:161} INFO - Started process (PID=278) to work on /home/airflow/.local/lib/python3.12/site-packages/airflow/example_dags/example_display_name.py
[2025-08-04T19:01:24.718+0000] {processor.py:830} INFO - Processing file /home/airflow/.local/lib/python3.12/site-packages/airflow/example_dags/example_display_name.py for tasks to queue
[2025-08-04T19:01:24.721+0000] {logging_mixin.py:188} INFO - [2025-08-04T19:01:24.721+0000] {dagbag.py:545} INFO - Filling up the DagBag from /home/airflow/.local/lib/python3.12/site-packages/airflow/example_dags/example_display_name.py
[2025-08-04T19:01:24.730+0000] {processor.py:840} INFO - DAG(s) 'example_display_name' retrieved from /home/airflow/.local/lib/python3.12/site-packages/airflow/example_dags/example_display_name.py
[2025-08-04T19:01:24.763+0000] {logging_mixin.py:188} INFO - [2025-08-04T19:01:24.762+0000] {dag.py:3096} INFO - Sync 1 DAGs
[2025-08-04T19:01:24.781+0000] {logging_mixin.py:188} INFO - [2025-08-04T19:01:24.781+0000] {dag.py:3954} INFO - Setting next_dagrun for example_display_name to None, run_after=None
[2025-08-04T19:01:24.816+0000] {processor.py:183} INFO - Processing /home/airflow/.local/lib/python3.12/site-packages/airflow/example_dags/example_display_name.py took 0.108 seconds
[2025-08-04T19:01:55.721+0000] {processor.py:161} INFO - Started process (PID=339) to work on /home/airflow/.local/lib/python3.12/site-packages/airflow/example_dags/example_display_name.py
[2025-08-04T19:01:55.723+0000] {processor.py:830} INFO - Processing file /home/airflow/.local/lib/python3.12/site-packages/airflow/example_dags/example_display_name.py for tasks to queue
[2025-08-04T19:01:55.726+0000] {logging_mixin.py:188} INFO - [2025-08-04T19:01:55.726+0000] {dagbag.py:545} INFO - Filling up the DagBag from /home/airflow/.local/lib/python3.12/site-packages/airflow/example_dags/example_display_name.py
[2025-08-04T19:01:55.737+0000] {processor.py:840} INFO - DAG(s) 'example_display_name' retrieved from /home/airflow/.local/lib/python3.12/site-packages/airflow/example_dags/example_display_name.py
[2025-08-04T19:01:55.775+0000] {logging_mixin.py:188} INFO - [2025-08-04T19:01:55.774+0000] {dag.py:3096} INFO - Sync 1 DAGs
[2025-08-04T19:01:55.795+0000] {logging_mixin.py:188} INFO - [2025-08-04T19:01:55.794+0000] {dag.py:3954} INFO - Setting next_dagrun for example_display_name to None, run_after=None
[2025-08-04T19:01:55.833+0000] {processor.py:183} INFO - Processing /home/airflow/.local/lib/python3.12/site-packages/airflow/example_dags/example_display_name.py took 0.122 seconds
[2025-08-04T19:02:27.035+0000] {processor.py:161} INFO - Started process (PID=401) to work on /home/airflow/.local/lib/python3.12/site-packages/airflow/example_dags/example_display_name.py
[2025-08-04T19:02:27.037+0000] {processor.py:830} INFO - Processing file /home/airflow/.local/lib/python3.12/site-packages/airflow/example_dags/example_display_name.py for tasks to queue
[2025-08-04T19:02:27.041+0000] {logging_mixin.py:188} INFO - [2025-08-04T19:02:27.040+0000] {dagbag.py:545} INFO - Filling up the DagBag from /home/airflow/.local/lib/python3.12/site-packages/airflow/example_dags/example_display_name.py
[2025-08-04T19:02:27.051+0000] {processor.py:840} INFO - DAG(s) 'example_display_name' retrieved from /home/airflow/.local/lib/python3.12/site-packages/airflow/example_dags/example_display_name.py
[2025-08-04T19:02:27.089+0000] {logging_mixin.py:188} INFO - [2025-08-04T19:02:27.088+0000] {dag.py:3096} INFO - Sync 1 DAGs
[2025-08-04T19:02:27.110+0000] {logging_mixin.py:188} INFO - [2025-08-04T19:02:27.110+0000] {dag.py:3954} INFO - Setting next_dagrun for example_display_name to None, run_after=None
[2025-08-04T19:02:27.152+0000] {processor.py:183} INFO - Processing /home/airflow/.local/lib/python3.12/site-packages/airflow/example_dags/example_display_name.py took 0.128 seconds
[2025-08-04T19:02:57.866+0000] {processor.py:161} INFO - Started process (PID=462) to work on /home/airflow/.local/lib/python3.12/site-packages/airflow/example_dags/example_display_name.py
[2025-08-04T19:02:57.868+0000] {processor.py:830} INFO - Processing file /home/airflow/.local/lib/python3.12/site-packages/airflow/example_dags/example_display_name.py for tasks to queue
[2025-08-04T19:02:57.871+0000] {logging_mixin.py:188} INFO - [2025-08-04T19:02:57.870+0000] {dagbag.py:545} INFO - Filling up the DagBag from /home/airflow/.local/lib/python3.12/site-packages/airflow/example_dags/example_display_name.py
[2025-08-04T19:02:57.880+0000] {processor.py:840} INFO - DAG(s) 'example_display_name' retrieved from /home/airflow/.local/lib/python3.12/site-packages/airflow/example_dags/example_display_name.py
[2025-08-04T19:02:57.914+0000] {logging_mixin.py:188} INFO - [2025-08-04T19:02:57.913+0000] {dag.py:3096} INFO - Sync 1 DAGs
[2025-08-04T19:02:57.932+0000] {logging_mixin.py:188} INFO - [2025-08-04T19:02:57.932+0000] {dag.py:3954} INFO - Setting next_dagrun for example_display_name to None, run_after=None
[2025-08-04T19:02:57.970+0000] {processor.py:183} INFO - Processing /home/airflow/.local/lib/python3.12/site-packages/airflow/example_dags/example_display_name.py took 0.114 seconds
[2025-08-04T19:03:28.492+0000] {processor.py:161} INFO - Started process (PID=523) to work on /home/airflow/.local/lib/python3.12/site-packages/airflow/example_dags/example_display_name.py
[2025-08-04T19:03:28.495+0000] {processor.py:830} INFO - Processing file /home/airflow/.local/lib/python3.12/site-packages/airflow/example_dags/example_display_name.py for tasks to queue
[2025-08-04T19:03:28.499+0000] {logging_mixin.py:188} INFO - [2025-08-04T19:03:28.499+0000] {dagbag.py:545} INFO - Filling up the DagBag from /home/airflow/.local/lib/python3.12/site-packages/airflow/example_dags/example_display_name.py
[2025-08-04T19:03:28.523+0000] {processor.py:840} INFO - DAG(s) 'example_display_name' retrieved from /home/airflow/.local/lib/python3.12/site-packages/airflow/example_dags/example_display_name.py
[2025-08-04T19:03:28.577+0000] {logging_mixin.py:188} INFO - [2025-08-04T19:03:28.576+0000] {dag.py:3096} INFO - Sync 1 DAGs
[2025-08-04T19:03:28.604+0000] {logging_mixin.py:188} INFO - [2025-08-04T19:03:28.604+0000] {dag.py:3954} INFO - Setting next_dagrun for example_display_name to None, run_after=None
[2025-08-04T19:03:28.638+0000] {processor.py:183} INFO - Processing /home/airflow/.local/lib/python3.12/site-packages/airflow/example_dags/example_display_name.py took 0.160 seconds
[2025-08-04T19:03:59.007+0000] {processor.py:161} INFO - Started process (PID=584) to work on /home/airflow/.local/lib/python3.12/site-packages/airflow/example_dags/example_display_name.py
[2025-08-04T19:03:59.009+0000] {processor.py:830} INFO - Processing file /home/airflow/.local/lib/python3.12/site-packages/airflow/example_dags/example_display_name.py for tasks to queue
[2025-08-04T19:03:59.014+0000] {logging_mixin.py:188} INFO - [2025-08-04T19:03:59.013+0000] {dagbag.py:545} INFO - Filling up the DagBag from /home/airflow/.local/lib/python3.12/site-packages/airflow/example_dags/example_display_name.py
[2025-08-04T19:03:59.025+0000] {processor.py:840} INFO - DAG(s) 'example_display_name' retrieved from /home/airflow/.local/lib/python3.12/site-packages/airflow/example_dags/example_display_name.py
[2025-08-04T19:03:59.064+0000] {logging_mixin.py:188} INFO - [2025-08-04T19:03:59.063+0000] {dag.py:3096} INFO - Sync 1 DAGs
[2025-08-04T19:03:59.088+0000] {logging_mixin.py:188} INFO - [2025-08-04T19:03:59.087+0000] {dag.py:3954} INFO - Setting next_dagrun for example_display_name to None, run_after=None
[2025-08-04T19:03:59.117+0000] {processor.py:183} INFO - Processing /home/airflow/.local/lib/python3.12/site-packages/airflow/example_dags/example_display_name.py took 0.121 seconds
[2025-08-04T19:04:29.944+0000] {processor.py:161} INFO - Started process (PID=646) to work on /home/airflow/.local/lib/python3.12/site-packages/airflow/example_dags/example_display_name.py
[2025-08-04T19:04:29.947+0000] {processor.py:830} INFO - Processing file /home/airflow/.local/lib/python3.12/site-packages/airflow/example_dags/example_display_name.py for tasks to queue
[2025-08-04T19:04:29.952+0000] {logging_mixin.py:188} INFO - [2025-08-04T19:04:29.952+0000] {dagbag.py:545} INFO - Filling up the DagBag from /home/airflow/.local/lib/python3.12/site-packages/airflow/example_dags/example_display_name.py
[2025-08-04T19:04:29.968+0000] {processor.py:840} INFO - DAG(s) 'example_display_name' retrieved from /home/airflow/.local/lib/python3.12/site-packages/airflow/example_dags/example_display_name.py
[2025-08-04T19:04:30.017+0000] {logging_mixin.py:188} INFO - [2025-08-04T19:04:30.015+0000] {dag.py:3096} INFO - Sync 1 DAGs
[2025-08-04T19:04:30.039+0000] {logging_mixin.py:188} INFO - [2025-08-04T19:04:30.039+0000] {dag.py:3954} INFO - Setting next_dagrun for example_display_name to None, run_after=None
[2025-08-04T19:04:30.078+0000] {processor.py:183} INFO - Processing /home/airflow/.local/lib/python3.12/site-packages/airflow/example_dags/example_display_name.py took 0.148 seconds
[2025-08-04T19:05:00.769+0000] {processor.py:161} INFO - Started process (PID=707) to work on /home/airflow/.local/lib/python3.12/site-packages/airflow/example_dags/example_display_name.py
[2025-08-04T19:05:00.771+0000] {processor.py:830} INFO - Processing file /home/airflow/.local/lib/python3.12/site-packages/airflow/example_dags/example_display_name.py for tasks to queue
[2025-08-04T19:05:00.776+0000] {logging_mixin.py:188} INFO - [2025-08-04T19:05:00.776+0000] {dagbag.py:545} INFO - Filling up the DagBag from /home/airflow/.local/lib/python3.12/site-packages/airflow/example_dags/example_display_name.py
[2025-08-04T19:05:00.790+0000] {processor.py:840} INFO - DAG(s) 'example_display_name' retrieved from /home/airflow/.local/lib/python3.12/site-packages/airflow/example_dags/example_display_name.py
[2025-08-04T19:05:00.829+0000] {logging_mixin.py:188} INFO - [2025-08-04T19:05:00.828+0000] {dag.py:3096} INFO - Sync 1 DAGs
[2025-08-04T19:05:00.856+0000] {logging_mixin.py:188} INFO - [2025-08-04T19:05:00.856+0000] {dag.py:3954} INFO - Setting next_dagrun for example_display_name to None, run_after=None
[2025-08-04T19:05:00.903+0000] {processor.py:183} INFO - Processing /home/airflow/.local/lib/python3.12/site-packages/airflow/example_dags/example_display_name.py took 0.148 seconds
[2025-08-04T19:05:31.438+0000] {processor.py:161} INFO - Started process (PID=768) to work on /home/airflow/.local/lib/python3.12/site-packages/airflow/example_dags/example_display_name.py
[2025-08-04T19:05:31.441+0000] {processor.py:830} INFO - Processing file /home/airflow/.local/lib/python3.12/site-packages/airflow/example_dags/example_display_name.py for tasks to queue
[2025-08-04T19:05:31.449+0000] {logging_mixin.py:188} INFO - [2025-08-04T19:05:31.449+0000] {dagbag.py:545} INFO - Filling up the DagBag from /home/airflow/.local/lib/python3.12/site-packages/airflow/example_dags/example_display_name.py
[2025-08-04T19:05:31.465+0000] {processor.py:840} INFO - DAG(s) 'example_display_name' retrieved from /home/airflow/.local/lib/python3.12/site-packages/airflow/example_dags/example_display_name.py
[2025-08-04T19:05:31.513+0000] {logging_mixin.py:188} INFO - [2025-08-04T19:05:31.512+0000] {dag.py:3096} INFO - Sync 1 DAGs
[2025-08-04T19:05:31.539+0000] {logging_mixin.py:188} INFO - [2025-08-04T19:05:31.538+0000] {dag.py:3954} INFO - Setting next_dagrun for example_display_name to None, run_after=None
[2025-08-04T19:05:31.573+0000] {processor.py:183} INFO - Processing /home/airflow/.local/lib/python3.12/site-packages/airflow/example_dags/example_display_name.py took 0.148 seconds
[2025-08-04T19:06:01.982+0000] {processor.py:161} INFO - Started process (PID=829) to work on /home/airflow/.local/lib/python3.12/site-packages/airflow/example_dags/example_display_name.py
[2025-08-04T19:06:01.984+0000] {processor.py:830} INFO - Processing file /home/airflow/.local/lib/python3.12/site-packages/airflow/example_dags/example_display_name.py for tasks to queue
[2025-08-04T19:06:01.988+0000] {logging_mixin.py:188} INFO - [2025-08-04T19:06:01.988+0000] {dagbag.py:545} INFO - Filling up the DagBag from /home/airflow/.local/lib/python3.12/site-packages/airflow/example_dags/example_display_name.py
[2025-08-04T19:06:01.999+0000] {processor.py:840} INFO - DAG(s) 'example_display_name' retrieved from /home/airflow/.local/lib/python3.12/site-packages/airflow/example_dags/example_display_name.py
[2025-08-04T19:06:02.041+0000] {logging_mixin.py:188} INFO - [2025-08-04T19:06:02.040+0000] {dag.py:3096} INFO - Sync 1 DAGs
[2025-08-04T19:06:02.069+0000] {logging_mixin.py:188} INFO - [2025-08-04T19:06:02.069+0000] {dag.py:3954} INFO - Setting next_dagrun for example_display_name to None, run_after=None
[2025-08-04T19:06:02.114+0000] {processor.py:183} INFO - Processing /home/airflow/.local/lib/python3.12/site-packages/airflow/example_dags/example_display_name.py took 0.141 seconds
[2025-08-04T19:06:32.226+0000] {processor.py:161} INFO - Started process (PID=888) to work on /home/airflow/.local/lib/python3.12/site-packages/airflow/example_dags/example_display_name.py
[2025-08-04T19:06:32.228+0000] {processor.py:830} INFO - Processing file /home/airflow/.local/lib/python3.12/site-packages/airflow/example_dags/example_display_name.py for tasks to queue
[2025-08-04T19:06:32.231+0000] {logging_mixin.py:188} INFO - [2025-08-04T19:06:32.231+0000] {dagbag.py:545} INFO - Filling up the DagBag from /home/airflow/.local/lib/python3.12/site-packages/airflow/example_dags/example_display_name.py
[2025-08-04T19:06:32.241+0000] {processor.py:840} INFO - DAG(s) 'example_display_name' retrieved from /home/airflow/.local/lib/python3.12/site-packages/airflow/example_dags/example_display_name.py
[2025-08-04T19:06:32.278+0000] {logging_mixin.py:188} INFO - [2025-08-04T19:06:32.277+0000] {dag.py:3096} INFO - Sync 1 DAGs
[2025-08-04T19:06:32.295+0000] {logging_mixin.py:188} INFO - [2025-08-04T19:06:32.295+0000] {dag.py:3954} INFO - Setting next_dagrun for example_display_name to None, run_after=None
[2025-08-04T19:06:32.325+0000] {processor.py:183} INFO - Processing /home/airflow/.local/lib/python3.12/site-packages/airflow/example_dags/example_display_name.py took 0.108 seconds
[2025-08-04T19:07:02.479+0000] {processor.py:161} INFO - Started process (PID=949) to work on /home/airflow/.local/lib/python3.12/site-packages/airflow/example_dags/example_display_name.py
[2025-08-04T19:07:02.481+0000] {processor.py:830} INFO - Processing file /home/airflow/.local/lib/python3.12/site-packages/airflow/example_dags/example_display_name.py for tasks to queue
[2025-08-04T19:07:02.484+0000] {logging_mixin.py:188} INFO - [2025-08-04T19:07:02.483+0000] {dagbag.py:545} INFO - Filling up the DagBag from /home/airflow/.local/lib/python3.12/site-packages/airflow/example_dags/example_display_name.py
[2025-08-04T19:07:02.494+0000] {processor.py:840} INFO - DAG(s) 'example_display_name' retrieved from /home/airflow/.local/lib/python3.12/site-packages/airflow/example_dags/example_display_name.py
[2025-08-04T19:07:02.529+0000] {logging_mixin.py:188} INFO - [2025-08-04T19:07:02.528+0000] {dag.py:3096} INFO - Sync 1 DAGs
[2025-08-04T19:07:02.550+0000] {logging_mixin.py:188} INFO - [2025-08-04T19:07:02.550+0000] {dag.py:3954} INFO - Setting next_dagrun for example_display_name to None, run_after=None
[2025-08-04T19:07:02.580+0000] {processor.py:183} INFO - Processing /home/airflow/.local/lib/python3.12/site-packages/airflow/example_dags/example_display_name.py took 0.111 seconds
[2025-08-04T19:07:33.031+0000] {processor.py:161} INFO - Started process (PID=1010) to work on /home/airflow/.local/lib/python3.12/site-packages/airflow/example_dags/example_display_name.py
[2025-08-04T19:07:33.033+0000] {processor.py:830} INFO - Processing file /home/airflow/.local/lib/python3.12/site-packages/airflow/example_dags/example_display_name.py for tasks to queue
[2025-08-04T19:07:33.037+0000] {logging_mixin.py:188} INFO - [2025-08-04T19:07:33.036+0000] {dagbag.py:545} INFO - Filling up the DagBag from /home/airflow/.local/lib/python3.12/site-packages/airflow/example_dags/example_display_name.py
[2025-08-04T19:07:33.047+0000] {processor.py:840} INFO - DAG(s) 'example_display_name' retrieved from /home/airflow/.local/lib/python3.12/site-packages/airflow/example_dags/example_display_name.py
[2025-08-04T19:07:33.100+0000] {logging_mixin.py:188} INFO - [2025-08-04T19:07:33.099+0000] {dag.py:3096} INFO - Sync 1 DAGs
[2025-08-04T19:07:33.128+0000] {logging_mixin.py:188} INFO - [2025-08-04T19:07:33.128+0000] {dag.py:3954} INFO - Setting next_dagrun for example_display_name to None, run_after=None
[2025-08-04T19:07:33.161+0000] {processor.py:183} INFO - Processing /home/airflow/.local/lib/python3.12/site-packages/airflow/example_dags/example_display_name.py took 0.140 seconds
[2025-08-04T19:08:03.432+0000] {processor.py:161} INFO - Started process (PID=1071) to work on /home/airflow/.local/lib/python3.12/site-packages/airflow/example_dags/example_display_name.py
[2025-08-04T19:08:03.434+0000] {processor.py:830} INFO - Processing file /home/airflow/.local/lib/python3.12/site-packages/airflow/example_dags/example_display_name.py for tasks to queue
[2025-08-04T19:08:03.437+0000] {logging_mixin.py:188} INFO - [2025-08-04T19:08:03.437+0000] {dagbag.py:545} INFO - Filling up the DagBag from /home/airflow/.local/lib/python3.12/site-packages/airflow/example_dags/example_display_name.py
[2025-08-04T19:08:03.447+0000] {processor.py:840} INFO - DAG(s) 'example_display_name' retrieved from /home/airflow/.local/lib/python3.12/site-packages/airflow/example_dags/example_display_name.py
[2025-08-04T19:08:03.485+0000] {logging_mixin.py:188} INFO - [2025-08-04T19:08:03.485+0000] {dag.py:3096} INFO - Sync 1 DAGs
[2025-08-04T19:08:03.506+0000] {logging_mixin.py:188} INFO - [2025-08-04T19:08:03.505+0000] {dag.py:3954} INFO - Setting next_dagrun for example_display_name to None, run_after=None
[2025-08-04T19:08:03.537+0000] {processor.py:183} INFO - Processing /home/airflow/.local/lib/python3.12/site-packages/airflow/example_dags/example_display_name.py took 0.117 seconds
[2025-08-04T19:08:33.914+0000] {processor.py:161} INFO - Started process (PID=1132) to work on /home/airflow/.local/lib/python3.12/site-packages/airflow/example_dags/example_display_name.py
[2025-08-04T19:08:33.916+0000] {processor.py:830} INFO - Processing file /home/airflow/.local/lib/python3.12/site-packages/airflow/example_dags/example_display_name.py for tasks to queue
[2025-08-04T19:08:33.919+0000] {logging_mixin.py:188} INFO - [2025-08-04T19:08:33.919+0000] {dagbag.py:545} INFO - Filling up the DagBag from /home/airflow/.local/lib/python3.12/site-packages/airflow/example_dags/example_display_name.py
[2025-08-04T19:08:33.929+0000] {processor.py:840} INFO - DAG(s) 'example_display_name' retrieved from /home/airflow/.local/lib/python3.12/site-packages/airflow/example_dags/example_display_name.py
[2025-08-04T19:08:33.963+0000] {logging_mixin.py:188} INFO - [2025-08-04T19:08:33.962+0000] {dag.py:3096} INFO - Sync 1 DAGs
[2025-08-04T19:08:33.987+0000] {logging_mixin.py:188} INFO - [2025-08-04T19:08:33.987+0000] {dag.py:3954} INFO - Setting next_dagrun for example_display_name to None, run_after=None
[2025-08-04T19:08:34.014+0000] {processor.py:183} INFO - Processing /home/airflow/.local/lib/python3.12/site-packages/airflow/example_dags/example_display_name.py took 0.111 seconds
[2025-08-04T19:09:04.741+0000] {processor.py:161} INFO - Started process (PID=1193) to work on /home/airflow/.local/lib/python3.12/site-packages/airflow/example_dags/example_display_name.py
[2025-08-04T19:09:04.743+0000] {processor.py:830} INFO - Processing file /home/airflow/.local/lib/python3.12/site-packages/airflow/example_dags/example_display_name.py for tasks to queue
[2025-08-04T19:09:04.748+0000] {logging_mixin.py:188} INFO - [2025-08-04T19:09:04.747+0000] {dagbag.py:545} INFO - Filling up the DagBag from /home/airflow/.local/lib/python3.12/site-packages/airflow/example_dags/example_display_name.py
[2025-08-04T19:09:04.760+0000] {processor.py:840} INFO - DAG(s) 'example_display_name' retrieved from /home/airflow/.local/lib/python3.12/site-packages/airflow/example_dags/example_display_name.py
[2025-08-04T19:09:04.803+0000] {logging_mixin.py:188} INFO - [2025-08-04T19:09:04.802+0000] {dag.py:3096} INFO - Sync 1 DAGs
[2025-08-04T19:09:04.829+0000] {logging_mixin.py:188} INFO - [2025-08-04T19:09:04.828+0000] {dag.py:3954} INFO - Setting next_dagrun for example_display_name to None, run_after=None
[2025-08-04T19:09:04.880+0000] {processor.py:183} INFO - Processing /home/airflow/.local/lib/python3.12/site-packages/airflow/example_dags/example_display_name.py took 0.154 seconds
[2025-08-04T19:09:35.210+0000] {processor.py:161} INFO - Started process (PID=1254) to work on /home/airflow/.local/lib/python3.12/site-packages/airflow/example_dags/example_display_name.py
[2025-08-04T19:09:35.212+0000] {processor.py:830} INFO - Processing file /home/airflow/.local/lib/python3.12/site-packages/airflow/example_dags/example_display_name.py for tasks to queue
[2025-08-04T19:09:35.216+0000] {logging_mixin.py:188} INFO - [2025-08-04T19:09:35.216+0000] {dagbag.py:545} INFO - Filling up the DagBag from /home/airflow/.local/lib/python3.12/site-packages/airflow/example_dags/example_display_name.py
[2025-08-04T19:09:35.229+0000] {processor.py:840} INFO - DAG(s) 'example_display_name' retrieved from /home/airflow/.local/lib/python3.12/site-packages/airflow/example_dags/example_display_name.py
[2025-08-04T19:09:35.268+0000] {logging_mixin.py:188} INFO - [2025-08-04T19:09:35.267+0000] {dag.py:3096} INFO - Sync 1 DAGs
[2025-08-04T19:09:35.289+0000] {logging_mixin.py:188} INFO - [2025-08-04T19:09:35.289+0000] {dag.py:3954} INFO - Setting next_dagrun for example_display_name to None, run_after=None
[2025-08-04T19:09:35.321+0000] {processor.py:183} INFO - Processing /home/airflow/.local/lib/python3.12/site-packages/airflow/example_dags/example_display_name.py took 0.123 seconds
[2025-08-04T19:10:05.696+0000] {processor.py:161} INFO - Started process (PID=1316) to work on /home/airflow/.local/lib/python3.12/site-packages/airflow/example_dags/example_display_name.py
[2025-08-04T19:10:05.699+0000] {processor.py:830} INFO - Processing file /home/airflow/.local/lib/python3.12/site-packages/airflow/example_dags/example_display_name.py for tasks to queue
[2025-08-04T19:10:05.703+0000] {logging_mixin.py:188} INFO - [2025-08-04T19:10:05.702+0000] {dagbag.py:545} INFO - Filling up the DagBag from /home/airflow/.local/lib/python3.12/site-packages/airflow/example_dags/example_display_name.py
[2025-08-04T19:10:05.717+0000] {processor.py:840} INFO - DAG(s) 'example_display_name' retrieved from /home/airflow/.local/lib/python3.12/site-packages/airflow/example_dags/example_display_name.py
[2025-08-04T19:10:05.759+0000] {logging_mixin.py:188} INFO - [2025-08-04T19:10:05.758+0000] {dag.py:3096} INFO - Sync 1 DAGs
[2025-08-04T19:10:05.781+0000] {logging_mixin.py:188} INFO - [2025-08-04T19:10:05.781+0000] {dag.py:3954} INFO - Setting next_dagrun for example_display_name to None, run_after=None
[2025-08-04T19:10:05.811+0000] {processor.py:183} INFO - Processing /home/airflow/.local/lib/python3.12/site-packages/airflow/example_dags/example_display_name.py took 0.127 seconds
[2025-08-04T19:10:36.196+0000] {processor.py:161} INFO - Started process (PID=1377) to work on /home/airflow/.local/lib/python3.12/site-packages/airflow/example_dags/example_display_name.py
[2025-08-04T19:10:36.199+0000] {processor.py:830} INFO - Processing file /home/airflow/.local/lib/python3.12/site-packages/airflow/example_dags/example_display_name.py for tasks to queue
[2025-08-04T19:10:36.203+0000] {logging_mixin.py:188} INFO - [2025-08-04T19:10:36.202+0000] {dagbag.py:545} INFO - Filling up the DagBag from /home/airflow/.local/lib/python3.12/site-packages/airflow/example_dags/example_display_name.py
[2025-08-04T19:10:36.214+0000] {processor.py:840} INFO - DAG(s) 'example_display_name' retrieved from /home/airflow/.local/lib/python3.12/site-packages/airflow/example_dags/example_display_name.py
[2025-08-04T19:10:36.254+0000] {logging_mixin.py:188} INFO - [2025-08-04T19:10:36.253+0000] {dag.py:3096} INFO - Sync 1 DAGs
[2025-08-04T19:10:36.276+0000] {logging_mixin.py:188} INFO - [2025-08-04T19:10:36.276+0000] {dag.py:3954} INFO - Setting next_dagrun for example_display_name to None, run_after=None
[2025-08-04T19:10:36.324+0000] {processor.py:183} INFO - Processing /home/airflow/.local/lib/python3.12/site-packages/airflow/example_dags/example_display_name.py took 0.140 seconds
[2025-08-04T19:11:07.028+0000] {processor.py:161} INFO - Started process (PID=1445) to work on /home/airflow/.local/lib/python3.12/site-packages/airflow/example_dags/example_display_name.py
[2025-08-04T19:11:07.031+0000] {processor.py:830} INFO - Processing file /home/airflow/.local/lib/python3.12/site-packages/airflow/example_dags/example_display_name.py for tasks to queue
[2025-08-04T19:11:07.036+0000] {logging_mixin.py:188} INFO - [2025-08-04T19:11:07.035+0000] {dagbag.py:545} INFO - Filling up the DagBag from /home/airflow/.local/lib/python3.12/site-packages/airflow/example_dags/example_display_name.py
[2025-08-04T19:11:07.047+0000] {processor.py:840} INFO - DAG(s) 'example_display_name' retrieved from /home/airflow/.local/lib/python3.12/site-packages/airflow/example_dags/example_display_name.py
[2025-08-04T19:11:07.092+0000] {logging_mixin.py:188} INFO - [2025-08-04T19:11:07.090+0000] {dag.py:3096} INFO - Sync 1 DAGs
[2025-08-04T19:11:07.120+0000] {logging_mixin.py:188} INFO - [2025-08-04T19:11:07.119+0000] {dag.py:3954} INFO - Setting next_dagrun for example_display_name to None, run_after=None
[2025-08-04T19:11:07.176+0000] {processor.py:183} INFO - Processing /home/airflow/.local/lib/python3.12/site-packages/airflow/example_dags/example_display_name.py took 0.161 seconds
[2025-08-04T19:11:37.683+0000] {processor.py:161} INFO - Started process (PID=1506) to work on /home/airflow/.local/lib/python3.12/site-packages/airflow/example_dags/example_display_name.py
[2025-08-04T19:11:37.686+0000] {processor.py:830} INFO - Processing file /home/airflow/.local/lib/python3.12/site-packages/airflow/example_dags/example_display_name.py for tasks to queue
[2025-08-04T19:11:37.690+0000] {logging_mixin.py:188} INFO - [2025-08-04T19:11:37.689+0000] {dagbag.py:545} INFO - Filling up the DagBag from /home/airflow/.local/lib/python3.12/site-packages/airflow/example_dags/example_display_name.py
[2025-08-04T19:11:37.704+0000] {processor.py:840} INFO - DAG(s) 'example_display_name' retrieved from /home/airflow/.local/lib/python3.12/site-packages/airflow/example_dags/example_display_name.py
[2025-08-04T19:11:37.746+0000] {logging_mixin.py:188} INFO - [2025-08-04T19:11:37.745+0000] {dag.py:3096} INFO - Sync 1 DAGs
[2025-08-04T19:11:37.771+0000] {logging_mixin.py:188} INFO - [2025-08-04T19:11:37.770+0000] {dag.py:3954} INFO - Setting next_dagrun for example_display_name to None, run_after=None
[2025-08-04T19:11:37.816+0000] {processor.py:183} INFO - Processing /home/airflow/.local/lib/python3.12/site-packages/airflow/example_dags/example_display_name.py took 0.147 seconds
[2025-08-04T19:12:08.205+0000] {processor.py:161} INFO - Started process (PID=1567) to work on /home/airflow/.local/lib/python3.12/site-packages/airflow/example_dags/example_display_name.py
[2025-08-04T19:12:08.208+0000] {processor.py:830} INFO - Processing file /home/airflow/.local/lib/python3.12/site-packages/airflow/example_dags/example_display_name.py for tasks to queue
[2025-08-04T19:12:08.212+0000] {logging_mixin.py:188} INFO - [2025-08-04T19:12:08.211+0000] {dagbag.py:545} INFO - Filling up the DagBag from /home/airflow/.local/lib/python3.12/site-packages/airflow/example_dags/example_display_name.py
[2025-08-04T19:12:08.223+0000] {processor.py:840} INFO - DAG(s) 'example_display_name' retrieved from /home/airflow/.local/lib/python3.12/site-packages/airflow/example_dags/example_display_name.py
[2025-08-04T19:12:08.269+0000] {logging_mixin.py:188} INFO - [2025-08-04T19:12:08.268+0000] {dag.py:3096} INFO - Sync 1 DAGs
[2025-08-04T19:12:08.291+0000] {logging_mixin.py:188} INFO - [2025-08-04T19:12:08.291+0000] {dag.py:3954} INFO - Setting next_dagrun for example_display_name to None, run_after=None
[2025-08-04T19:12:08.337+0000] {processor.py:183} INFO - Processing /home/airflow/.local/lib/python3.12/site-packages/airflow/example_dags/example_display_name.py took 0.143 seconds
[2025-08-04T19:12:39.428+0000] {processor.py:161} INFO - Started process (PID=1628) to work on /home/airflow/.local/lib/python3.12/site-packages/airflow/example_dags/example_display_name.py
[2025-08-04T19:12:39.430+0000] {processor.py:830} INFO - Processing file /home/airflow/.local/lib/python3.12/site-packages/airflow/example_dags/example_display_name.py for tasks to queue
[2025-08-04T19:12:39.434+0000] {logging_mixin.py:188} INFO - [2025-08-04T19:12:39.434+0000] {dagbag.py:545} INFO - Filling up the DagBag from /home/airflow/.local/lib/python3.12/site-packages/airflow/example_dags/example_display_name.py
[2025-08-04T19:12:39.446+0000] {processor.py:840} INFO - DAG(s) 'example_display_name' retrieved from /home/airflow/.local/lib/python3.12/site-packages/airflow/example_dags/example_display_name.py
[2025-08-04T19:12:39.487+0000] {logging_mixin.py:188} INFO - [2025-08-04T19:12:39.487+0000] {dag.py:3096} INFO - Sync 1 DAGs
[2025-08-04T19:12:39.508+0000] {logging_mixin.py:188} INFO - [2025-08-04T19:12:39.508+0000] {dag.py:3954} INFO - Setting next_dagrun for example_display_name to None, run_after=None
[2025-08-04T19:12:39.549+0000] {processor.py:183} INFO - Processing /home/airflow/.local/lib/python3.12/site-packages/airflow/example_dags/example_display_name.py took 0.132 seconds
[2025-08-04T19:24:46.333+0000] {processor.py:161} INFO - Started process (PID=1683) to work on /home/airflow/.local/lib/python3.12/site-packages/airflow/example_dags/example_display_name.py
[2025-08-04T19:24:46.335+0000] {processor.py:830} INFO - Processing file /home/airflow/.local/lib/python3.12/site-packages/airflow/example_dags/example_display_name.py for tasks to queue
[2025-08-04T19:24:46.339+0000] {logging_mixin.py:188} INFO - [2025-08-04T19:24:46.338+0000] {dagbag.py:545} INFO - Filling up the DagBag from /home/airflow/.local/lib/python3.12/site-packages/airflow/example_dags/example_display_name.py
[2025-08-04T19:24:46.347+0000] {processor.py:840} INFO - DAG(s) 'example_display_name' retrieved from /home/airflow/.local/lib/python3.12/site-packages/airflow/example_dags/example_display_name.py
[2025-08-04T19:24:46.380+0000] {logging_mixin.py:188} INFO - [2025-08-04T19:24:46.379+0000] {dag.py:3096} INFO - Sync 1 DAGs
[2025-08-04T19:24:46.398+0000] {logging_mixin.py:188} INFO - [2025-08-04T19:24:46.398+0000] {dag.py:3954} INFO - Setting next_dagrun for example_display_name to None, run_after=None
[2025-08-04T19:24:46.428+0000] {processor.py:183} INFO - Processing /home/airflow/.local/lib/python3.12/site-packages/airflow/example_dags/example_display_name.py took 0.106 seconds
[2025-08-04T19:25:16.668+0000] {processor.py:161} INFO - Started process (PID=1744) to work on /home/airflow/.local/lib/python3.12/site-packages/airflow/example_dags/example_display_name.py
[2025-08-04T19:25:16.669+0000] {processor.py:830} INFO - Processing file /home/airflow/.local/lib/python3.12/site-packages/airflow/example_dags/example_display_name.py for tasks to queue
[2025-08-04T19:25:16.671+0000] {logging_mixin.py:188} INFO - [2025-08-04T19:25:16.671+0000] {dagbag.py:545} INFO - Filling up the DagBag from /home/airflow/.local/lib/python3.12/site-packages/airflow/example_dags/example_display_name.py
[2025-08-04T19:25:16.678+0000] {processor.py:840} INFO - DAG(s) 'example_display_name' retrieved from /home/airflow/.local/lib/python3.12/site-packages/airflow/example_dags/example_display_name.py
[2025-08-04T19:25:16.703+0000] {logging_mixin.py:188} INFO - [2025-08-04T19:25:16.702+0000] {dag.py:3096} INFO - Sync 1 DAGs
[2025-08-04T19:25:16.716+0000] {logging_mixin.py:188} INFO - [2025-08-04T19:25:16.716+0000] {dag.py:3954} INFO - Setting next_dagrun for example_display_name to None, run_after=None
[2025-08-04T19:25:16.737+0000] {processor.py:183} INFO - Processing /home/airflow/.local/lib/python3.12/site-packages/airflow/example_dags/example_display_name.py took 0.076 seconds
[2025-08-04T19:25:47.102+0000] {processor.py:161} INFO - Started process (PID=1805) to work on /home/airflow/.local/lib/python3.12/site-packages/airflow/example_dags/example_display_name.py
[2025-08-04T19:25:47.103+0000] {processor.py:830} INFO - Processing file /home/airflow/.local/lib/python3.12/site-packages/airflow/example_dags/example_display_name.py for tasks to queue
[2025-08-04T19:25:47.106+0000] {logging_mixin.py:188} INFO - [2025-08-04T19:25:47.105+0000] {dagbag.py:545} INFO - Filling up the DagBag from /home/airflow/.local/lib/python3.12/site-packages/airflow/example_dags/example_display_name.py
[2025-08-04T19:25:47.113+0000] {processor.py:840} INFO - DAG(s) 'example_display_name' retrieved from /home/airflow/.local/lib/python3.12/site-packages/airflow/example_dags/example_display_name.py
[2025-08-04T19:25:47.139+0000] {logging_mixin.py:188} INFO - [2025-08-04T19:25:47.138+0000] {dag.py:3096} INFO - Sync 1 DAGs
[2025-08-04T19:25:47.154+0000] {logging_mixin.py:188} INFO - [2025-08-04T19:25:47.154+0000] {dag.py:3954} INFO - Setting next_dagrun for example_display_name to None, run_after=None
[2025-08-04T19:25:47.176+0000] {processor.py:183} INFO - Processing /home/airflow/.local/lib/python3.12/site-packages/airflow/example_dags/example_display_name.py took 0.080 seconds
[2025-08-04T19:26:17.259+0000] {processor.py:161} INFO - Started process (PID=1866) to work on /home/airflow/.local/lib/python3.12/site-packages/airflow/example_dags/example_display_name.py
[2025-08-04T19:26:17.260+0000] {processor.py:830} INFO - Processing file /home/airflow/.local/lib/python3.12/site-packages/airflow/example_dags/example_display_name.py for tasks to queue
[2025-08-04T19:26:17.262+0000] {logging_mixin.py:188} INFO - [2025-08-04T19:26:17.262+0000] {dagbag.py:545} INFO - Filling up the DagBag from /home/airflow/.local/lib/python3.12/site-packages/airflow/example_dags/example_display_name.py
[2025-08-04T19:26:17.268+0000] {processor.py:840} INFO - DAG(s) 'example_display_name' retrieved from /home/airflow/.local/lib/python3.12/site-packages/airflow/example_dags/example_display_name.py
[2025-08-04T19:26:17.289+0000] {logging_mixin.py:188} INFO - [2025-08-04T19:26:17.288+0000] {dag.py:3096} INFO - Sync 1 DAGs
[2025-08-04T19:26:17.301+0000] {logging_mixin.py:188} INFO - [2025-08-04T19:26:17.300+0000] {dag.py:3954} INFO - Setting next_dagrun for example_display_name to None, run_after=None
[2025-08-04T19:26:17.320+0000] {processor.py:183} INFO - Processing /home/airflow/.local/lib/python3.12/site-packages/airflow/example_dags/example_display_name.py took 0.066 seconds
[2025-08-04T19:26:47.669+0000] {processor.py:161} INFO - Started process (PID=1927) to work on /home/airflow/.local/lib/python3.12/site-packages/airflow/example_dags/example_display_name.py
[2025-08-04T19:26:47.670+0000] {processor.py:830} INFO - Processing file /home/airflow/.local/lib/python3.12/site-packages/airflow/example_dags/example_display_name.py for tasks to queue
[2025-08-04T19:26:47.672+0000] {logging_mixin.py:188} INFO - [2025-08-04T19:26:47.672+0000] {dagbag.py:545} INFO - Filling up the DagBag from /home/airflow/.local/lib/python3.12/site-packages/airflow/example_dags/example_display_name.py
[2025-08-04T19:26:47.678+0000] {processor.py:840} INFO - DAG(s) 'example_display_name' retrieved from /home/airflow/.local/lib/python3.12/site-packages/airflow/example_dags/example_display_name.py
[2025-08-04T19:26:47.697+0000] {logging_mixin.py:188} INFO - [2025-08-04T19:26:47.697+0000] {dag.py:3096} INFO - Sync 1 DAGs
[2025-08-04T19:26:47.709+0000] {logging_mixin.py:188} INFO - [2025-08-04T19:26:47.708+0000] {dag.py:3954} INFO - Setting next_dagrun for example_display_name to None, run_after=None
[2025-08-04T19:26:47.727+0000] {processor.py:183} INFO - Processing /home/airflow/.local/lib/python3.12/site-packages/airflow/example_dags/example_display_name.py took 0.063 seconds
[2025-08-04T19:27:18.151+0000] {processor.py:161} INFO - Started process (PID=1988) to work on /home/airflow/.local/lib/python3.12/site-packages/airflow/example_dags/example_display_name.py
[2025-08-04T19:27:18.152+0000] {processor.py:830} INFO - Processing file /home/airflow/.local/lib/python3.12/site-packages/airflow/example_dags/example_display_name.py for tasks to queue
[2025-08-04T19:27:18.154+0000] {logging_mixin.py:188} INFO - [2025-08-04T19:27:18.154+0000] {dagbag.py:545} INFO - Filling up the DagBag from /home/airflow/.local/lib/python3.12/site-packages/airflow/example_dags/example_display_name.py
[2025-08-04T19:27:18.159+0000] {processor.py:840} INFO - DAG(s) 'example_display_name' retrieved from /home/airflow/.local/lib/python3.12/site-packages/airflow/example_dags/example_display_name.py
[2025-08-04T19:27:18.180+0000] {logging_mixin.py:188} INFO - [2025-08-04T19:27:18.179+0000] {dag.py:3096} INFO - Sync 1 DAGs
[2025-08-04T19:27:18.190+0000] {logging_mixin.py:188} INFO - [2025-08-04T19:27:18.190+0000] {dag.py:3954} INFO - Setting next_dagrun for example_display_name to None, run_after=None
[2025-08-04T19:27:18.207+0000] {processor.py:183} INFO - Processing /home/airflow/.local/lib/python3.12/site-packages/airflow/example_dags/example_display_name.py took 0.061 seconds
[2025-08-04T19:59:40.595+0000] {processor.py:161} INFO - Started process (PID=2049) to work on /home/airflow/.local/lib/python3.12/site-packages/airflow/example_dags/example_display_name.py
[2025-08-04T19:59:40.596+0000] {processor.py:830} INFO - Processing file /home/airflow/.local/lib/python3.12/site-packages/airflow/example_dags/example_display_name.py for tasks to queue
[2025-08-04T19:59:40.601+0000] {logging_mixin.py:188} INFO - [2025-08-04T19:59:40.600+0000] {dagbag.py:545} INFO - Filling up the DagBag from /home/airflow/.local/lib/python3.12/site-packages/airflow/example_dags/example_display_name.py
[2025-08-04T19:59:40.616+0000] {processor.py:840} INFO - DAG(s) 'example_display_name' retrieved from /home/airflow/.local/lib/python3.12/site-packages/airflow/example_dags/example_display_name.py
[2025-08-04T19:59:40.652+0000] {logging_mixin.py:188} INFO - [2025-08-04T19:59:40.651+0000] {dag.py:3096} INFO - Sync 1 DAGs
[2025-08-04T19:59:40.672+0000] {logging_mixin.py:188} INFO - [2025-08-04T19:59:40.672+0000] {dag.py:3954} INFO - Setting next_dagrun for example_display_name to None, run_after=None
[2025-08-04T19:59:40.705+0000] {processor.py:183} INFO - Processing /home/airflow/.local/lib/python3.12/site-packages/airflow/example_dags/example_display_name.py took 0.120 seconds
[2025-08-04T20:00:11.551+0000] {processor.py:161} INFO - Started process (PID=2111) to work on /home/airflow/.local/lib/python3.12/site-packages/airflow/example_dags/example_display_name.py
[2025-08-04T20:00:11.553+0000] {processor.py:830} INFO - Processing file /home/airflow/.local/lib/python3.12/site-packages/airflow/example_dags/example_display_name.py for tasks to queue
[2025-08-04T20:00:11.558+0000] {logging_mixin.py:188} INFO - [2025-08-04T20:00:11.557+0000] {dagbag.py:545} INFO - Filling up the DagBag from /home/airflow/.local/lib/python3.12/site-packages/airflow/example_dags/example_display_name.py
[2025-08-04T20:00:11.568+0000] {processor.py:840} INFO - DAG(s) 'example_display_name' retrieved from /home/airflow/.local/lib/python3.12/site-packages/airflow/example_dags/example_display_name.py
[2025-08-04T20:00:11.605+0000] {logging_mixin.py:188} INFO - [2025-08-04T20:00:11.604+0000] {dag.py:3096} INFO - Sync 1 DAGs
[2025-08-04T20:00:11.626+0000] {logging_mixin.py:188} INFO - [2025-08-04T20:00:11.626+0000] {dag.py:3954} INFO - Setting next_dagrun for example_display_name to None, run_after=None
[2025-08-04T20:00:11.667+0000] {processor.py:183} INFO - Processing /home/airflow/.local/lib/python3.12/site-packages/airflow/example_dags/example_display_name.py took 0.126 seconds
[2025-08-04T20:00:42.430+0000] {processor.py:161} INFO - Started process (PID=2172) to work on /home/airflow/.local/lib/python3.12/site-packages/airflow/example_dags/example_display_name.py
[2025-08-04T20:00:42.432+0000] {processor.py:830} INFO - Processing file /home/airflow/.local/lib/python3.12/site-packages/airflow/example_dags/example_display_name.py for tasks to queue
[2025-08-04T20:00:42.435+0000] {logging_mixin.py:188} INFO - [2025-08-04T20:00:42.435+0000] {dagbag.py:545} INFO - Filling up the DagBag from /home/airflow/.local/lib/python3.12/site-packages/airflow/example_dags/example_display_name.py
[2025-08-04T20:00:42.445+0000] {processor.py:840} INFO - DAG(s) 'example_display_name' retrieved from /home/airflow/.local/lib/python3.12/site-packages/airflow/example_dags/example_display_name.py
[2025-08-04T20:00:42.478+0000] {logging_mixin.py:188} INFO - [2025-08-04T20:00:42.478+0000] {dag.py:3096} INFO - Sync 1 DAGs
[2025-08-04T20:00:42.496+0000] {logging_mixin.py:188} INFO - [2025-08-04T20:00:42.496+0000] {dag.py:3954} INFO - Setting next_dagrun for example_display_name to None, run_after=None
[2025-08-04T20:00:42.525+0000] {processor.py:183} INFO - Processing /home/airflow/.local/lib/python3.12/site-packages/airflow/example_dags/example_display_name.py took 0.104 seconds
[2025-08-04T20:01:12.826+0000] {processor.py:161} INFO - Started process (PID=2233) to work on /home/airflow/.local/lib/python3.12/site-packages/airflow/example_dags/example_display_name.py
[2025-08-04T20:01:12.828+0000] {processor.py:830} INFO - Processing file /home/airflow/.local/lib/python3.12/site-packages/airflow/example_dags/example_display_name.py for tasks to queue
[2025-08-04T20:01:12.832+0000] {logging_mixin.py:188} INFO - [2025-08-04T20:01:12.832+0000] {dagbag.py:545} INFO - Filling up the DagBag from /home/airflow/.local/lib/python3.12/site-packages/airflow/example_dags/example_display_name.py
[2025-08-04T20:01:12.844+0000] {processor.py:840} INFO - DAG(s) 'example_display_name' retrieved from /home/airflow/.local/lib/python3.12/site-packages/airflow/example_dags/example_display_name.py
[2025-08-04T20:01:12.896+0000] {logging_mixin.py:188} INFO - [2025-08-04T20:01:12.894+0000] {dag.py:3096} INFO - Sync 1 DAGs
[2025-08-04T20:01:12.923+0000] {logging_mixin.py:188} INFO - [2025-08-04T20:01:12.922+0000] {dag.py:3954} INFO - Setting next_dagrun for example_display_name to None, run_after=None
[2025-08-04T20:01:12.976+0000] {processor.py:183} INFO - Processing /home/airflow/.local/lib/python3.12/site-packages/airflow/example_dags/example_display_name.py took 0.162 seconds
[2025-08-04T20:01:43.835+0000] {processor.py:161} INFO - Started process (PID=2294) to work on /home/airflow/.local/lib/python3.12/site-packages/airflow/example_dags/example_display_name.py
[2025-08-04T20:01:43.839+0000] {processor.py:830} INFO - Processing file /home/airflow/.local/lib/python3.12/site-packages/airflow/example_dags/example_display_name.py for tasks to queue
[2025-08-04T20:01:43.846+0000] {logging_mixin.py:188} INFO - [2025-08-04T20:01:43.846+0000] {dagbag.py:545} INFO - Filling up the DagBag from /home/airflow/.local/lib/python3.12/site-packages/airflow/example_dags/example_display_name.py
[2025-08-04T20:01:43.866+0000] {processor.py:840} INFO - DAG(s) 'example_display_name' retrieved from /home/airflow/.local/lib/python3.12/site-packages/airflow/example_dags/example_display_name.py
[2025-08-04T20:01:43.921+0000] {logging_mixin.py:188} INFO - [2025-08-04T20:01:43.920+0000] {dag.py:3096} INFO - Sync 1 DAGs
[2025-08-04T20:01:43.958+0000] {logging_mixin.py:188} INFO - [2025-08-04T20:01:43.957+0000] {dag.py:3954} INFO - Setting next_dagrun for example_display_name to None, run_after=None
[2025-08-04T20:01:44.010+0000] {processor.py:183} INFO - Processing /home/airflow/.local/lib/python3.12/site-packages/airflow/example_dags/example_display_name.py took 0.188 seconds
[2025-08-04T20:02:14.976+0000] {processor.py:161} INFO - Started process (PID=2361) to work on /home/airflow/.local/lib/python3.12/site-packages/airflow/example_dags/example_display_name.py
[2025-08-04T20:02:14.982+0000] {processor.py:830} INFO - Processing file /home/airflow/.local/lib/python3.12/site-packages/airflow/example_dags/example_display_name.py for tasks to queue
[2025-08-04T20:02:14.987+0000] {logging_mixin.py:188} INFO - [2025-08-04T20:02:14.986+0000] {dagbag.py:545} INFO - Filling up the DagBag from /home/airflow/.local/lib/python3.12/site-packages/airflow/example_dags/example_display_name.py
[2025-08-04T20:02:15.002+0000] {processor.py:840} INFO - DAG(s) 'example_display_name' retrieved from /home/airflow/.local/lib/python3.12/site-packages/airflow/example_dags/example_display_name.py
[2025-08-04T20:02:15.052+0000] {logging_mixin.py:188} INFO - [2025-08-04T20:02:15.051+0000] {dag.py:3096} INFO - Sync 1 DAGs
[2025-08-04T20:02:15.084+0000] {logging_mixin.py:188} INFO - [2025-08-04T20:02:15.083+0000] {dag.py:3954} INFO - Setting next_dagrun for example_display_name to None, run_after=None
[2025-08-04T20:02:15.144+0000] {processor.py:183} INFO - Processing /home/airflow/.local/lib/python3.12/site-packages/airflow/example_dags/example_display_name.py took 0.189 seconds
[2025-08-04T20:02:45.419+0000] {processor.py:161} INFO - Started process (PID=2422) to work on /home/airflow/.local/lib/python3.12/site-packages/airflow/example_dags/example_display_name.py
[2025-08-04T20:02:45.421+0000] {processor.py:830} INFO - Processing file /home/airflow/.local/lib/python3.12/site-packages/airflow/example_dags/example_display_name.py for tasks to queue
[2025-08-04T20:02:45.425+0000] {logging_mixin.py:188} INFO - [2025-08-04T20:02:45.425+0000] {dagbag.py:545} INFO - Filling up the DagBag from /home/airflow/.local/lib/python3.12/site-packages/airflow/example_dags/example_display_name.py
[2025-08-04T20:02:45.437+0000] {processor.py:840} INFO - DAG(s) 'example_display_name' retrieved from /home/airflow/.local/lib/python3.12/site-packages/airflow/example_dags/example_display_name.py
[2025-08-04T20:02:45.481+0000] {logging_mixin.py:188} INFO - [2025-08-04T20:02:45.479+0000] {dag.py:3096} INFO - Sync 1 DAGs
[2025-08-04T20:02:45.503+0000] {logging_mixin.py:188} INFO - [2025-08-04T20:02:45.503+0000] {dag.py:3954} INFO - Setting next_dagrun for example_display_name to None, run_after=None
[2025-08-04T20:02:45.540+0000] {processor.py:183} INFO - Processing /home/airflow/.local/lib/python3.12/site-packages/airflow/example_dags/example_display_name.py took 0.133 seconds
[2025-08-04T20:03:15.866+0000] {processor.py:161} INFO - Started process (PID=2483) to work on /home/airflow/.local/lib/python3.12/site-packages/airflow/example_dags/example_display_name.py
[2025-08-04T20:03:15.869+0000] {processor.py:830} INFO - Processing file /home/airflow/.local/lib/python3.12/site-packages/airflow/example_dags/example_display_name.py for tasks to queue
[2025-08-04T20:03:15.876+0000] {logging_mixin.py:188} INFO - [2025-08-04T20:03:15.875+0000] {dagbag.py:545} INFO - Filling up the DagBag from /home/airflow/.local/lib/python3.12/site-packages/airflow/example_dags/example_display_name.py
[2025-08-04T20:03:15.891+0000] {processor.py:840} INFO - DAG(s) 'example_display_name' retrieved from /home/airflow/.local/lib/python3.12/site-packages/airflow/example_dags/example_display_name.py
[2025-08-04T20:03:15.936+0000] {logging_mixin.py:188} INFO - [2025-08-04T20:03:15.935+0000] {dag.py:3096} INFO - Sync 1 DAGs
[2025-08-04T20:03:15.960+0000] {logging_mixin.py:188} INFO - [2025-08-04T20:03:15.959+0000] {dag.py:3954} INFO - Setting next_dagrun for example_display_name to None, run_after=None
[2025-08-04T20:03:16.002+0000] {processor.py:183} INFO - Processing /home/airflow/.local/lib/python3.12/site-packages/airflow/example_dags/example_display_name.py took 0.150 seconds
[2025-08-04T20:03:46.394+0000] {processor.py:161} INFO - Started process (PID=2544) to work on /home/airflow/.local/lib/python3.12/site-packages/airflow/example_dags/example_display_name.py
[2025-08-04T20:03:46.396+0000] {processor.py:830} INFO - Processing file /home/airflow/.local/lib/python3.12/site-packages/airflow/example_dags/example_display_name.py for tasks to queue
[2025-08-04T20:03:46.402+0000] {logging_mixin.py:188} INFO - [2025-08-04T20:03:46.401+0000] {dagbag.py:545} INFO - Filling up the DagBag from /home/airflow/.local/lib/python3.12/site-packages/airflow/example_dags/example_display_name.py
[2025-08-04T20:03:46.413+0000] {processor.py:840} INFO - DAG(s) 'example_display_name' retrieved from /home/airflow/.local/lib/python3.12/site-packages/airflow/example_dags/example_display_name.py
[2025-08-04T20:03:46.454+0000] {logging_mixin.py:188} INFO - [2025-08-04T20:03:46.453+0000] {dag.py:3096} INFO - Sync 1 DAGs
[2025-08-04T20:03:46.476+0000] {logging_mixin.py:188} INFO - [2025-08-04T20:03:46.475+0000] {dag.py:3954} INFO - Setting next_dagrun for example_display_name to None, run_after=None
[2025-08-04T20:03:46.507+0000] {processor.py:183} INFO - Processing /home/airflow/.local/lib/python3.12/site-packages/airflow/example_dags/example_display_name.py took 0.124 seconds
[2025-08-04T20:04:16.903+0000] {processor.py:161} INFO - Started process (PID=2605) to work on /home/airflow/.local/lib/python3.12/site-packages/airflow/example_dags/example_display_name.py
[2025-08-04T20:04:16.906+0000] {processor.py:830} INFO - Processing file /home/airflow/.local/lib/python3.12/site-packages/airflow/example_dags/example_display_name.py for tasks to queue
[2025-08-04T20:04:16.915+0000] {logging_mixin.py:188} INFO - [2025-08-04T20:04:16.913+0000] {dagbag.py:545} INFO - Filling up the DagBag from /home/airflow/.local/lib/python3.12/site-packages/airflow/example_dags/example_display_name.py
[2025-08-04T20:04:16.929+0000] {processor.py:840} INFO - DAG(s) 'example_display_name' retrieved from /home/airflow/.local/lib/python3.12/site-packages/airflow/example_dags/example_display_name.py
[2025-08-04T20:04:16.978+0000] {logging_mixin.py:188} INFO - [2025-08-04T20:04:16.977+0000] {dag.py:3096} INFO - Sync 1 DAGs
[2025-08-04T20:04:17.005+0000] {logging_mixin.py:188} INFO - [2025-08-04T20:04:17.004+0000] {dag.py:3954} INFO - Setting next_dagrun for example_display_name to None, run_after=None
[2025-08-04T20:04:17.050+0000] {processor.py:183} INFO - Processing /home/airflow/.local/lib/python3.12/site-packages/airflow/example_dags/example_display_name.py took 0.166 seconds
[2025-08-04T20:04:47.792+0000] {processor.py:161} INFO - Started process (PID=2666) to work on /home/airflow/.local/lib/python3.12/site-packages/airflow/example_dags/example_display_name.py
[2025-08-04T20:04:47.795+0000] {processor.py:830} INFO - Processing file /home/airflow/.local/lib/python3.12/site-packages/airflow/example_dags/example_display_name.py for tasks to queue
[2025-08-04T20:04:47.800+0000] {logging_mixin.py:188} INFO - [2025-08-04T20:04:47.799+0000] {dagbag.py:545} INFO - Filling up the DagBag from /home/airflow/.local/lib/python3.12/site-packages/airflow/example_dags/example_display_name.py
[2025-08-04T20:04:47.810+0000] {processor.py:840} INFO - DAG(s) 'example_display_name' retrieved from /home/airflow/.local/lib/python3.12/site-packages/airflow/example_dags/example_display_name.py
[2025-08-04T20:04:47.855+0000] {logging_mixin.py:188} INFO - [2025-08-04T20:04:47.854+0000] {dag.py:3096} INFO - Sync 1 DAGs
[2025-08-04T20:04:47.883+0000] {logging_mixin.py:188} INFO - [2025-08-04T20:04:47.882+0000] {dag.py:3954} INFO - Setting next_dagrun for example_display_name to None, run_after=None
[2025-08-04T20:04:47.930+0000] {processor.py:183} INFO - Processing /home/airflow/.local/lib/python3.12/site-packages/airflow/example_dags/example_display_name.py took 0.150 seconds
[2025-08-04T20:05:18.068+0000] {processor.py:161} INFO - Started process (PID=2727) to work on /home/airflow/.local/lib/python3.12/site-packages/airflow/example_dags/example_display_name.py
[2025-08-04T20:05:18.070+0000] {processor.py:830} INFO - Processing file /home/airflow/.local/lib/python3.12/site-packages/airflow/example_dags/example_display_name.py for tasks to queue
[2025-08-04T20:05:18.077+0000] {logging_mixin.py:188} INFO - [2025-08-04T20:05:18.075+0000] {dagbag.py:545} INFO - Filling up the DagBag from /home/airflow/.local/lib/python3.12/site-packages/airflow/example_dags/example_display_name.py
[2025-08-04T20:05:18.088+0000] {processor.py:840} INFO - DAG(s) 'example_display_name' retrieved from /home/airflow/.local/lib/python3.12/site-packages/airflow/example_dags/example_display_name.py
[2025-08-04T20:05:18.128+0000] {logging_mixin.py:188} INFO - [2025-08-04T20:05:18.128+0000] {dag.py:3096} INFO - Sync 1 DAGs
[2025-08-04T20:05:19.280+0000] {logging_mixin.py:188} INFO - [2025-08-04T20:05:19.279+0000] {dag.py:3954} INFO - Setting next_dagrun for example_display_name to None, run_after=None
[2025-08-04T20:05:19.326+0000] {processor.py:183} INFO - Processing /home/airflow/.local/lib/python3.12/site-packages/airflow/example_dags/example_display_name.py took 0.142 seconds
[2025-08-04T20:05:49.782+0000] {processor.py:161} INFO - Started process (PID=2789) to work on /home/airflow/.local/lib/python3.12/site-packages/airflow/example_dags/example_display_name.py
[2025-08-04T20:05:49.783+0000] {processor.py:830} INFO - Processing file /home/airflow/.local/lib/python3.12/site-packages/airflow/example_dags/example_display_name.py for tasks to queue
[2025-08-04T20:05:49.788+0000] {logging_mixin.py:188} INFO - [2025-08-04T20:05:49.787+0000] {dagbag.py:545} INFO - Filling up the DagBag from /home/airflow/.local/lib/python3.12/site-packages/airflow/example_dags/example_display_name.py
[2025-08-04T20:05:49.798+0000] {processor.py:840} INFO - DAG(s) 'example_display_name' retrieved from /home/airflow/.local/lib/python3.12/site-packages/airflow/example_dags/example_display_name.py
[2025-08-04T20:05:49.837+0000] {logging_mixin.py:188} INFO - [2025-08-04T20:05:49.836+0000] {dag.py:3096} INFO - Sync 1 DAGs
[2025-08-04T20:05:49.857+0000] {logging_mixin.py:188} INFO - [2025-08-04T20:05:49.856+0000] {dag.py:3954} INFO - Setting next_dagrun for example_display_name to None, run_after=None
[2025-08-04T20:05:49.897+0000] {processor.py:183} INFO - Processing /home/airflow/.local/lib/python3.12/site-packages/airflow/example_dags/example_display_name.py took 0.125 seconds
[2025-08-04T20:13:16.958+0000] {processor.py:161} INFO - Started process (PID=2845) to work on /home/airflow/.local/lib/python3.12/site-packages/airflow/example_dags/example_display_name.py
[2025-08-04T20:13:16.960+0000] {processor.py:830} INFO - Processing file /home/airflow/.local/lib/python3.12/site-packages/airflow/example_dags/example_display_name.py for tasks to queue
[2025-08-04T20:13:16.962+0000] {logging_mixin.py:188} INFO - [2025-08-04T20:13:16.961+0000] {dagbag.py:545} INFO - Filling up the DagBag from /home/airflow/.local/lib/python3.12/site-packages/airflow/example_dags/example_display_name.py
[2025-08-04T20:13:16.971+0000] {processor.py:840} INFO - DAG(s) 'example_display_name' retrieved from /home/airflow/.local/lib/python3.12/site-packages/airflow/example_dags/example_display_name.py
[2025-08-04T20:13:17.009+0000] {logging_mixin.py:188} INFO - [2025-08-04T20:13:17.008+0000] {dag.py:3096} INFO - Sync 1 DAGs
[2025-08-04T20:13:17.032+0000] {logging_mixin.py:188} INFO - [2025-08-04T20:13:17.032+0000] {dag.py:3954} INFO - Setting next_dagrun for example_display_name to None, run_after=None
[2025-08-04T20:13:17.068+0000] {processor.py:183} INFO - Processing /home/airflow/.local/lib/python3.12/site-packages/airflow/example_dags/example_display_name.py took 0.120 seconds
[2025-08-04T20:13:48.417+0000] {processor.py:161} INFO - Started process (PID=2907) to work on /home/airflow/.local/lib/python3.12/site-packages/airflow/example_dags/example_display_name.py
[2025-08-04T20:13:48.420+0000] {processor.py:830} INFO - Processing file /home/airflow/.local/lib/python3.12/site-packages/airflow/example_dags/example_display_name.py for tasks to queue
[2025-08-04T20:13:48.423+0000] {logging_mixin.py:188} INFO - [2025-08-04T20:13:48.422+0000] {dagbag.py:545} INFO - Filling up the DagBag from /home/airflow/.local/lib/python3.12/site-packages/airflow/example_dags/example_display_name.py
[2025-08-04T20:13:48.438+0000] {processor.py:840} INFO - DAG(s) 'example_display_name' retrieved from /home/airflow/.local/lib/python3.12/site-packages/airflow/example_dags/example_display_name.py
[2025-08-04T20:13:48.481+0000] {logging_mixin.py:188} INFO - [2025-08-04T20:13:48.480+0000] {dag.py:3096} INFO - Sync 1 DAGs
[2025-08-04T20:13:48.505+0000] {logging_mixin.py:188} INFO - [2025-08-04T20:13:48.504+0000] {dag.py:3954} INFO - Setting next_dagrun for example_display_name to None, run_after=None
[2025-08-04T20:13:48.543+0000] {processor.py:183} INFO - Processing /home/airflow/.local/lib/python3.12/site-packages/airflow/example_dags/example_display_name.py took 0.142 seconds
[2025-08-04T20:14:19.979+0000] {processor.py:161} INFO - Started process (PID=2968) to work on /home/airflow/.local/lib/python3.12/site-packages/airflow/example_dags/example_display_name.py
[2025-08-04T20:14:19.982+0000] {processor.py:830} INFO - Processing file /home/airflow/.local/lib/python3.12/site-packages/airflow/example_dags/example_display_name.py for tasks to queue
[2025-08-04T20:14:19.983+0000] {logging_mixin.py:188} INFO - [2025-08-04T20:14:19.983+0000] {dagbag.py:545} INFO - Filling up the DagBag from /home/airflow/.local/lib/python3.12/site-packages/airflow/example_dags/example_display_name.py
[2025-08-04T20:14:19.994+0000] {processor.py:840} INFO - DAG(s) 'example_display_name' retrieved from /home/airflow/.local/lib/python3.12/site-packages/airflow/example_dags/example_display_name.py
[2025-08-04T20:14:20.033+0000] {logging_mixin.py:188} INFO - [2025-08-04T20:14:20.032+0000] {dag.py:3096} INFO - Sync 1 DAGs
[2025-08-04T20:14:20.053+0000] {logging_mixin.py:188} INFO - [2025-08-04T20:14:20.052+0000] {dag.py:3954} INFO - Setting next_dagrun for example_display_name to None, run_after=None
[2025-08-04T20:14:20.091+0000] {processor.py:183} INFO - Processing /home/airflow/.local/lib/python3.12/site-packages/airflow/example_dags/example_display_name.py took 0.122 seconds
[2025-08-04T20:14:51.287+0000] {processor.py:161} INFO - Started process (PID=3029) to work on /home/airflow/.local/lib/python3.12/site-packages/airflow/example_dags/example_display_name.py
[2025-08-04T20:14:51.289+0000] {processor.py:830} INFO - Processing file /home/airflow/.local/lib/python3.12/site-packages/airflow/example_dags/example_display_name.py for tasks to queue
[2025-08-04T20:14:51.291+0000] {logging_mixin.py:188} INFO - [2025-08-04T20:14:51.290+0000] {dagbag.py:545} INFO - Filling up the DagBag from /home/airflow/.local/lib/python3.12/site-packages/airflow/example_dags/example_display_name.py
[2025-08-04T20:14:51.302+0000] {processor.py:840} INFO - DAG(s) 'example_display_name' retrieved from /home/airflow/.local/lib/python3.12/site-packages/airflow/example_dags/example_display_name.py
[2025-08-04T20:14:51.336+0000] {logging_mixin.py:188} INFO - [2025-08-04T20:14:51.336+0000] {dag.py:3096} INFO - Sync 1 DAGs
[2025-08-04T20:14:51.362+0000] {logging_mixin.py:188} INFO - [2025-08-04T20:14:51.362+0000] {dag.py:3954} INFO - Setting next_dagrun for example_display_name to None, run_after=None
[2025-08-04T20:14:51.398+0000] {processor.py:183} INFO - Processing /home/airflow/.local/lib/python3.12/site-packages/airflow/example_dags/example_display_name.py took 0.121 seconds
[2025-08-04T20:15:22.843+0000] {processor.py:161} INFO - Started process (PID=3091) to work on /home/airflow/.local/lib/python3.12/site-packages/airflow/example_dags/example_display_name.py
[2025-08-04T20:15:22.845+0000] {processor.py:830} INFO - Processing file /home/airflow/.local/lib/python3.12/site-packages/airflow/example_dags/example_display_name.py for tasks to queue
[2025-08-04T20:15:22.846+0000] {logging_mixin.py:188} INFO - [2025-08-04T20:15:22.846+0000] {dagbag.py:545} INFO - Filling up the DagBag from /home/airflow/.local/lib/python3.12/site-packages/airflow/example_dags/example_display_name.py
[2025-08-04T20:15:22.855+0000] {processor.py:840} INFO - DAG(s) 'example_display_name' retrieved from /home/airflow/.local/lib/python3.12/site-packages/airflow/example_dags/example_display_name.py
[2025-08-04T20:15:22.890+0000] {logging_mixin.py:188} INFO - [2025-08-04T20:15:22.890+0000] {dag.py:3096} INFO - Sync 1 DAGs
[2025-08-04T20:15:22.908+0000] {logging_mixin.py:188} INFO - [2025-08-04T20:15:22.908+0000] {dag.py:3954} INFO - Setting next_dagrun for example_display_name to None, run_after=None
[2025-08-04T20:15:22.939+0000] {processor.py:183} INFO - Processing /home/airflow/.local/lib/python3.12/site-packages/airflow/example_dags/example_display_name.py took 0.104 seconds
[2025-08-04T20:15:54.765+0000] {processor.py:161} INFO - Started process (PID=3158) to work on /home/airflow/.local/lib/python3.12/site-packages/airflow/example_dags/example_display_name.py
[2025-08-04T20:15:54.766+0000] {processor.py:830} INFO - Processing file /home/airflow/.local/lib/python3.12/site-packages/airflow/example_dags/example_display_name.py for tasks to queue
[2025-08-04T20:15:54.768+0000] {logging_mixin.py:188} INFO - [2025-08-04T20:15:54.768+0000] {dagbag.py:545} INFO - Filling up the DagBag from /home/airflow/.local/lib/python3.12/site-packages/airflow/example_dags/example_display_name.py
[2025-08-04T20:15:54.777+0000] {processor.py:840} INFO - DAG(s) 'example_display_name' retrieved from /home/airflow/.local/lib/python3.12/site-packages/airflow/example_dags/example_display_name.py
[2025-08-04T20:15:54.812+0000] {logging_mixin.py:188} INFO - [2025-08-04T20:15:54.812+0000] {dag.py:3096} INFO - Sync 1 DAGs
[2025-08-04T20:15:54.831+0000] {logging_mixin.py:188} INFO - [2025-08-04T20:15:54.831+0000] {dag.py:3954} INFO - Setting next_dagrun for example_display_name to None, run_after=None
[2025-08-04T20:15:54.868+0000] {processor.py:183} INFO - Processing /home/airflow/.local/lib/python3.12/site-packages/airflow/example_dags/example_display_name.py took 0.114 seconds
[2025-08-04T20:16:25.775+0000] {processor.py:161} INFO - Started process (PID=3219) to work on /home/airflow/.local/lib/python3.12/site-packages/airflow/example_dags/example_display_name.py
[2025-08-04T20:16:25.777+0000] {processor.py:830} INFO - Processing file /home/airflow/.local/lib/python3.12/site-packages/airflow/example_dags/example_display_name.py for tasks to queue
[2025-08-04T20:16:25.778+0000] {logging_mixin.py:188} INFO - [2025-08-04T20:16:25.778+0000] {dagbag.py:545} INFO - Filling up the DagBag from /home/airflow/.local/lib/python3.12/site-packages/airflow/example_dags/example_display_name.py
[2025-08-04T20:16:25.788+0000] {processor.py:840} INFO - DAG(s) 'example_display_name' retrieved from /home/airflow/.local/lib/python3.12/site-packages/airflow/example_dags/example_display_name.py
[2025-08-04T20:16:25.821+0000] {logging_mixin.py:188} INFO - [2025-08-04T20:16:25.821+0000] {dag.py:3096} INFO - Sync 1 DAGs
[2025-08-04T20:16:25.843+0000] {logging_mixin.py:188} INFO - [2025-08-04T20:16:25.842+0000] {dag.py:3954} INFO - Setting next_dagrun for example_display_name to None, run_after=None
[2025-08-04T20:16:25.877+0000] {processor.py:183} INFO - Processing /home/airflow/.local/lib/python3.12/site-packages/airflow/example_dags/example_display_name.py took 0.110 seconds
[2025-08-04T20:16:56.440+0000] {processor.py:161} INFO - Started process (PID=3280) to work on /home/airflow/.local/lib/python3.12/site-packages/airflow/example_dags/example_display_name.py
[2025-08-04T20:16:56.442+0000] {processor.py:830} INFO - Processing file /home/airflow/.local/lib/python3.12/site-packages/airflow/example_dags/example_display_name.py for tasks to queue
[2025-08-04T20:16:56.444+0000] {logging_mixin.py:188} INFO - [2025-08-04T20:16:56.443+0000] {dagbag.py:545} INFO - Filling up the DagBag from /home/airflow/.local/lib/python3.12/site-packages/airflow/example_dags/example_display_name.py
[2025-08-04T20:16:56.457+0000] {processor.py:840} INFO - DAG(s) 'example_display_name' retrieved from /home/airflow/.local/lib/python3.12/site-packages/airflow/example_dags/example_display_name.py
[2025-08-04T20:16:56.501+0000] {logging_mixin.py:188} INFO - [2025-08-04T20:16:56.500+0000] {dag.py:3096} INFO - Sync 1 DAGs
[2025-08-04T20:16:56.523+0000] {logging_mixin.py:188} INFO - [2025-08-04T20:16:56.522+0000] {dag.py:3954} INFO - Setting next_dagrun for example_display_name to None, run_after=None
[2025-08-04T20:16:56.567+0000] {processor.py:183} INFO - Processing /home/airflow/.local/lib/python3.12/site-packages/airflow/example_dags/example_display_name.py took 0.138 seconds
[2025-08-04T20:17:27.740+0000] {processor.py:161} INFO - Started process (PID=3341) to work on /home/airflow/.local/lib/python3.12/site-packages/airflow/example_dags/example_display_name.py
[2025-08-04T20:17:27.742+0000] {processor.py:830} INFO - Processing file /home/airflow/.local/lib/python3.12/site-packages/airflow/example_dags/example_display_name.py for tasks to queue
[2025-08-04T20:17:27.744+0000] {logging_mixin.py:188} INFO - [2025-08-04T20:17:27.743+0000] {dagbag.py:545} INFO - Filling up the DagBag from /home/airflow/.local/lib/python3.12/site-packages/airflow/example_dags/example_display_name.py
[2025-08-04T20:17:27.754+0000] {processor.py:840} INFO - DAG(s) 'example_display_name' retrieved from /home/airflow/.local/lib/python3.12/site-packages/airflow/example_dags/example_display_name.py
[2025-08-04T20:17:27.792+0000] {logging_mixin.py:188} INFO - [2025-08-04T20:17:27.792+0000] {dag.py:3096} INFO - Sync 1 DAGs
[2025-08-04T20:17:27.812+0000] {logging_mixin.py:188} INFO - [2025-08-04T20:17:27.811+0000] {dag.py:3954} INFO - Setting next_dagrun for example_display_name to None, run_after=None
[2025-08-04T20:17:27.850+0000] {processor.py:183} INFO - Processing /home/airflow/.local/lib/python3.12/site-packages/airflow/example_dags/example_display_name.py took 0.119 seconds
[2025-08-04T20:17:58.058+0000] {processor.py:161} INFO - Started process (PID=3402) to work on /home/airflow/.local/lib/python3.12/site-packages/airflow/example_dags/example_display_name.py
[2025-08-04T20:17:58.060+0000] {processor.py:830} INFO - Processing file /home/airflow/.local/lib/python3.12/site-packages/airflow/example_dags/example_display_name.py for tasks to queue
[2025-08-04T20:17:58.061+0000] {logging_mixin.py:188} INFO - [2025-08-04T20:17:58.061+0000] {dagbag.py:545} INFO - Filling up the DagBag from /home/airflow/.local/lib/python3.12/site-packages/airflow/example_dags/example_display_name.py
[2025-08-04T20:17:58.073+0000] {processor.py:840} INFO - DAG(s) 'example_display_name' retrieved from /home/airflow/.local/lib/python3.12/site-packages/airflow/example_dags/example_display_name.py
[2025-08-04T20:17:58.120+0000] {logging_mixin.py:188} INFO - [2025-08-04T20:17:58.119+0000] {dag.py:3096} INFO - Sync 1 DAGs
[2025-08-04T20:17:58.151+0000] {logging_mixin.py:188} INFO - [2025-08-04T20:17:58.150+0000] {dag.py:3954} INFO - Setting next_dagrun for example_display_name to None, run_after=None
[2025-08-04T20:17:58.191+0000] {processor.py:183} INFO - Processing /home/airflow/.local/lib/python3.12/site-packages/airflow/example_dags/example_display_name.py took 0.143 seconds
[2025-08-04T20:18:28.935+0000] {processor.py:161} INFO - Started process (PID=3461) to work on /home/airflow/.local/lib/python3.12/site-packages/airflow/example_dags/example_display_name.py
[2025-08-04T20:18:28.937+0000] {processor.py:830} INFO - Processing file /home/airflow/.local/lib/python3.12/site-packages/airflow/example_dags/example_display_name.py for tasks to queue
[2025-08-04T20:18:28.939+0000] {logging_mixin.py:188} INFO - [2025-08-04T20:18:28.938+0000] {dagbag.py:545} INFO - Filling up the DagBag from /home/airflow/.local/lib/python3.12/site-packages/airflow/example_dags/example_display_name.py
[2025-08-04T20:18:28.953+0000] {processor.py:840} INFO - DAG(s) 'example_display_name' retrieved from /home/airflow/.local/lib/python3.12/site-packages/airflow/example_dags/example_display_name.py
[2025-08-04T20:18:29.007+0000] {logging_mixin.py:188} INFO - [2025-08-04T20:18:29.006+0000] {dag.py:3096} INFO - Sync 1 DAGs
[2025-08-04T20:18:29.042+0000] {logging_mixin.py:188} INFO - [2025-08-04T20:18:29.040+0000] {dag.py:3954} INFO - Setting next_dagrun for example_display_name to None, run_after=None
[2025-08-04T20:18:29.113+0000] {processor.py:183} INFO - Processing /home/airflow/.local/lib/python3.12/site-packages/airflow/example_dags/example_display_name.py took 0.191 seconds
[2025-08-04T20:18:59.742+0000] {processor.py:161} INFO - Started process (PID=3522) to work on /home/airflow/.local/lib/python3.12/site-packages/airflow/example_dags/example_display_name.py
[2025-08-04T20:18:59.744+0000] {processor.py:830} INFO - Processing file /home/airflow/.local/lib/python3.12/site-packages/airflow/example_dags/example_display_name.py for tasks to queue
[2025-08-04T20:18:59.746+0000] {logging_mixin.py:188} INFO - [2025-08-04T20:18:59.745+0000] {dagbag.py:545} INFO - Filling up the DagBag from /home/airflow/.local/lib/python3.12/site-packages/airflow/example_dags/example_display_name.py
[2025-08-04T20:18:59.755+0000] {processor.py:840} INFO - DAG(s) 'example_display_name' retrieved from /home/airflow/.local/lib/python3.12/site-packages/airflow/example_dags/example_display_name.py
[2025-08-04T20:18:59.790+0000] {logging_mixin.py:188} INFO - [2025-08-04T20:18:59.790+0000] {dag.py:3096} INFO - Sync 1 DAGs
[2025-08-04T20:18:59.809+0000] {logging_mixin.py:188} INFO - [2025-08-04T20:18:59.809+0000] {dag.py:3954} INFO - Setting next_dagrun for example_display_name to None, run_after=None
[2025-08-04T20:18:59.847+0000] {processor.py:183} INFO - Processing /home/airflow/.local/lib/python3.12/site-packages/airflow/example_dags/example_display_name.py took 0.115 seconds
[2025-08-04T20:19:30.025+0000] {processor.py:161} INFO - Started process (PID=3583) to work on /home/airflow/.local/lib/python3.12/site-packages/airflow/example_dags/example_display_name.py
[2025-08-04T20:19:30.028+0000] {processor.py:830} INFO - Processing file /home/airflow/.local/lib/python3.12/site-packages/airflow/example_dags/example_display_name.py for tasks to queue
[2025-08-04T20:19:30.029+0000] {logging_mixin.py:188} INFO - [2025-08-04T20:19:30.029+0000] {dagbag.py:545} INFO - Filling up the DagBag from /home/airflow/.local/lib/python3.12/site-packages/airflow/example_dags/example_display_name.py
[2025-08-04T20:19:30.042+0000] {processor.py:840} INFO - DAG(s) 'example_display_name' retrieved from /home/airflow/.local/lib/python3.12/site-packages/airflow/example_dags/example_display_name.py
[2025-08-04T20:19:30.089+0000] {logging_mixin.py:188} INFO - [2025-08-04T20:19:30.088+0000] {dag.py:3096} INFO - Sync 1 DAGs
[2025-08-04T20:19:30.112+0000] {logging_mixin.py:188} INFO - [2025-08-04T20:19:30.112+0000] {dag.py:3954} INFO - Setting next_dagrun for example_display_name to None, run_after=None
[2025-08-04T20:19:30.155+0000] {processor.py:183} INFO - Processing /home/airflow/.local/lib/python3.12/site-packages/airflow/example_dags/example_display_name.py took 0.141 seconds
[2025-08-04T20:20:00.690+0000] {processor.py:161} INFO - Started process (PID=3644) to work on /home/airflow/.local/lib/python3.12/site-packages/airflow/example_dags/example_display_name.py
[2025-08-04T20:20:00.691+0000] {processor.py:830} INFO - Processing file /home/airflow/.local/lib/python3.12/site-packages/airflow/example_dags/example_display_name.py for tasks to queue
[2025-08-04T20:20:00.693+0000] {logging_mixin.py:188} INFO - [2025-08-04T20:20:00.693+0000] {dagbag.py:545} INFO - Filling up the DagBag from /home/airflow/.local/lib/python3.12/site-packages/airflow/example_dags/example_display_name.py
[2025-08-04T20:20:00.704+0000] {processor.py:840} INFO - DAG(s) 'example_display_name' retrieved from /home/airflow/.local/lib/python3.12/site-packages/airflow/example_dags/example_display_name.py
[2025-08-04T20:20:00.753+0000] {logging_mixin.py:188} INFO - [2025-08-04T20:20:00.752+0000] {dag.py:3096} INFO - Sync 1 DAGs
[2025-08-04T20:20:00.780+0000] {logging_mixin.py:188} INFO - [2025-08-04T20:20:00.780+0000] {dag.py:3954} INFO - Setting next_dagrun for example_display_name to None, run_after=None
[2025-08-04T20:20:00.814+0000] {processor.py:183} INFO - Processing /home/airflow/.local/lib/python3.12/site-packages/airflow/example_dags/example_display_name.py took 0.133 seconds
[2025-08-04T20:20:31.019+0000] {processor.py:161} INFO - Started process (PID=3705) to work on /home/airflow/.local/lib/python3.12/site-packages/airflow/example_dags/example_display_name.py
[2025-08-04T20:20:31.021+0000] {processor.py:830} INFO - Processing file /home/airflow/.local/lib/python3.12/site-packages/airflow/example_dags/example_display_name.py for tasks to queue
[2025-08-04T20:20:31.022+0000] {logging_mixin.py:188} INFO - [2025-08-04T20:20:31.022+0000] {dagbag.py:545} INFO - Filling up the DagBag from /home/airflow/.local/lib/python3.12/site-packages/airflow/example_dags/example_display_name.py
[2025-08-04T20:20:31.032+0000] {processor.py:840} INFO - DAG(s) 'example_display_name' retrieved from /home/airflow/.local/lib/python3.12/site-packages/airflow/example_dags/example_display_name.py
[2025-08-04T20:20:31.069+0000] {logging_mixin.py:188} INFO - [2025-08-04T20:20:31.068+0000] {dag.py:3096} INFO - Sync 1 DAGs
[2025-08-04T20:20:31.087+0000] {logging_mixin.py:188} INFO - [2025-08-04T20:20:31.087+0000] {dag.py:3954} INFO - Setting next_dagrun for example_display_name to None, run_after=None
[2025-08-04T20:20:31.116+0000] {processor.py:183} INFO - Processing /home/airflow/.local/lib/python3.12/site-packages/airflow/example_dags/example_display_name.py took 0.106 seconds
[2025-08-04T20:21:01.665+0000] {processor.py:161} INFO - Started process (PID=3766) to work on /home/airflow/.local/lib/python3.12/site-packages/airflow/example_dags/example_display_name.py
[2025-08-04T20:21:01.667+0000] {processor.py:830} INFO - Processing file /home/airflow/.local/lib/python3.12/site-packages/airflow/example_dags/example_display_name.py for tasks to queue
[2025-08-04T20:21:01.669+0000] {logging_mixin.py:188} INFO - [2025-08-04T20:21:01.668+0000] {dagbag.py:545} INFO - Filling up the DagBag from /home/airflow/.local/lib/python3.12/site-packages/airflow/example_dags/example_display_name.py
[2025-08-04T20:21:01.681+0000] {processor.py:840} INFO - DAG(s) 'example_display_name' retrieved from /home/airflow/.local/lib/python3.12/site-packages/airflow/example_dags/example_display_name.py
[2025-08-04T20:21:01.717+0000] {logging_mixin.py:188} INFO - [2025-08-04T20:21:01.716+0000] {dag.py:3096} INFO - Sync 1 DAGs
[2025-08-04T20:21:01.738+0000] {logging_mixin.py:188} INFO - [2025-08-04T20:21:01.737+0000] {dag.py:3954} INFO - Setting next_dagrun for example_display_name to None, run_after=None
[2025-08-04T20:21:01.780+0000] {processor.py:183} INFO - Processing /home/airflow/.local/lib/python3.12/site-packages/airflow/example_dags/example_display_name.py took 0.124 seconds
[2025-08-04T20:21:31.982+0000] {processor.py:161} INFO - Started process (PID=3827) to work on /home/airflow/.local/lib/python3.12/site-packages/airflow/example_dags/example_display_name.py
[2025-08-04T20:21:31.984+0000] {processor.py:830} INFO - Processing file /home/airflow/.local/lib/python3.12/site-packages/airflow/example_dags/example_display_name.py for tasks to queue
[2025-08-04T20:21:31.985+0000] {logging_mixin.py:188} INFO - [2025-08-04T20:21:31.985+0000] {dagbag.py:545} INFO - Filling up the DagBag from /home/airflow/.local/lib/python3.12/site-packages/airflow/example_dags/example_display_name.py
[2025-08-04T20:21:31.996+0000] {processor.py:840} INFO - DAG(s) 'example_display_name' retrieved from /home/airflow/.local/lib/python3.12/site-packages/airflow/example_dags/example_display_name.py
[2025-08-04T20:21:32.030+0000] {logging_mixin.py:188} INFO - [2025-08-04T20:21:32.029+0000] {dag.py:3096} INFO - Sync 1 DAGs
[2025-08-04T20:21:32.049+0000] {logging_mixin.py:188} INFO - [2025-08-04T20:21:32.048+0000] {dag.py:3954} INFO - Setting next_dagrun for example_display_name to None, run_after=None
[2025-08-04T20:21:32.079+0000] {processor.py:183} INFO - Processing /home/airflow/.local/lib/python3.12/site-packages/airflow/example_dags/example_display_name.py took 0.106 seconds
[2025-08-04T20:22:03.402+0000] {processor.py:161} INFO - Started process (PID=3888) to work on /home/airflow/.local/lib/python3.12/site-packages/airflow/example_dags/example_display_name.py
[2025-08-04T20:22:03.404+0000] {processor.py:830} INFO - Processing file /home/airflow/.local/lib/python3.12/site-packages/airflow/example_dags/example_display_name.py for tasks to queue
[2025-08-04T20:22:03.406+0000] {logging_mixin.py:188} INFO - [2025-08-04T20:22:03.405+0000] {dagbag.py:545} INFO - Filling up the DagBag from /home/airflow/.local/lib/python3.12/site-packages/airflow/example_dags/example_display_name.py
[2025-08-04T20:22:03.416+0000] {processor.py:840} INFO - DAG(s) 'example_display_name' retrieved from /home/airflow/.local/lib/python3.12/site-packages/airflow/example_dags/example_display_name.py
[2025-08-04T20:22:03.455+0000] {logging_mixin.py:188} INFO - [2025-08-04T20:22:03.454+0000] {dag.py:3096} INFO - Sync 1 DAGs
[2025-08-04T20:22:03.476+0000] {logging_mixin.py:188} INFO - [2025-08-04T20:22:03.476+0000] {dag.py:3954} INFO - Setting next_dagrun for example_display_name to None, run_after=None
[2025-08-04T20:22:03.511+0000] {processor.py:183} INFO - Processing /home/airflow/.local/lib/python3.12/site-packages/airflow/example_dags/example_display_name.py took 0.120 seconds
[2025-08-04T20:22:33.833+0000] {processor.py:161} INFO - Started process (PID=3950) to work on /home/airflow/.local/lib/python3.12/site-packages/airflow/example_dags/example_display_name.py
[2025-08-04T20:22:33.835+0000] {processor.py:830} INFO - Processing file /home/airflow/.local/lib/python3.12/site-packages/airflow/example_dags/example_display_name.py for tasks to queue
[2025-08-04T20:22:33.837+0000] {logging_mixin.py:188} INFO - [2025-08-04T20:22:33.836+0000] {dagbag.py:545} INFO - Filling up the DagBag from /home/airflow/.local/lib/python3.12/site-packages/airflow/example_dags/example_display_name.py
[2025-08-04T20:22:33.849+0000] {processor.py:840} INFO - DAG(s) 'example_display_name' retrieved from /home/airflow/.local/lib/python3.12/site-packages/airflow/example_dags/example_display_name.py
[2025-08-04T20:22:33.888+0000] {logging_mixin.py:188} INFO - [2025-08-04T20:22:33.887+0000] {dag.py:3096} INFO - Sync 1 DAGs
[2025-08-04T20:22:33.911+0000] {logging_mixin.py:188} INFO - [2025-08-04T20:22:33.911+0000] {dag.py:3954} INFO - Setting next_dagrun for example_display_name to None, run_after=None
[2025-08-04T20:22:33.941+0000] {processor.py:183} INFO - Processing /home/airflow/.local/lib/python3.12/site-packages/airflow/example_dags/example_display_name.py took 0.117 seconds
[2025-08-04T21:10:25.068+0000] {processor.py:161} INFO - Started process (PID=4011) to work on /home/airflow/.local/lib/python3.12/site-packages/airflow/example_dags/example_display_name.py
[2025-08-04T21:10:25.070+0000] {processor.py:830} INFO - Processing file /home/airflow/.local/lib/python3.12/site-packages/airflow/example_dags/example_display_name.py for tasks to queue
[2025-08-04T21:10:25.072+0000] {logging_mixin.py:188} INFO - [2025-08-04T21:10:25.071+0000] {dagbag.py:545} INFO - Filling up the DagBag from /home/airflow/.local/lib/python3.12/site-packages/airflow/example_dags/example_display_name.py
[2025-08-04T21:10:25.084+0000] {processor.py:840} INFO - DAG(s) 'example_display_name' retrieved from /home/airflow/.local/lib/python3.12/site-packages/airflow/example_dags/example_display_name.py
[2025-08-04T21:10:25.132+0000] {logging_mixin.py:188} INFO - [2025-08-04T21:10:25.132+0000] {dag.py:3096} INFO - Sync 1 DAGs
[2025-08-04T21:10:25.158+0000] {logging_mixin.py:188} INFO - [2025-08-04T21:10:25.158+0000] {dag.py:3954} INFO - Setting next_dagrun for example_display_name to None, run_after=None
[2025-08-04T21:10:25.198+0000] {processor.py:183} INFO - Processing /home/airflow/.local/lib/python3.12/site-packages/airflow/example_dags/example_display_name.py took 0.138 seconds
[2025-08-04T21:10:55.339+0000] {processor.py:161} INFO - Started process (PID=4072) to work on /home/airflow/.local/lib/python3.12/site-packages/airflow/example_dags/example_display_name.py
[2025-08-04T21:10:55.341+0000] {processor.py:830} INFO - Processing file /home/airflow/.local/lib/python3.12/site-packages/airflow/example_dags/example_display_name.py for tasks to queue
[2025-08-04T21:10:55.343+0000] {logging_mixin.py:188} INFO - [2025-08-04T21:10:55.342+0000] {dagbag.py:545} INFO - Filling up the DagBag from /home/airflow/.local/lib/python3.12/site-packages/airflow/example_dags/example_display_name.py
[2025-08-04T21:10:55.352+0000] {processor.py:840} INFO - DAG(s) 'example_display_name' retrieved from /home/airflow/.local/lib/python3.12/site-packages/airflow/example_dags/example_display_name.py
[2025-08-04T21:10:55.385+0000] {logging_mixin.py:188} INFO - [2025-08-04T21:10:55.384+0000] {dag.py:3096} INFO - Sync 1 DAGs
[2025-08-04T21:10:55.403+0000] {logging_mixin.py:188} INFO - [2025-08-04T21:10:55.402+0000] {dag.py:3954} INFO - Setting next_dagrun for example_display_name to None, run_after=None
[2025-08-04T21:10:55.430+0000] {processor.py:183} INFO - Processing /home/airflow/.local/lib/python3.12/site-packages/airflow/example_dags/example_display_name.py took 0.100 seconds
[2025-08-04T21:11:26.803+0000] {processor.py:161} INFO - Started process (PID=4135) to work on /home/airflow/.local/lib/python3.12/site-packages/airflow/example_dags/example_display_name.py
[2025-08-04T21:11:26.805+0000] {processor.py:830} INFO - Processing file /home/airflow/.local/lib/python3.12/site-packages/airflow/example_dags/example_display_name.py for tasks to queue
[2025-08-04T21:11:26.807+0000] {logging_mixin.py:188} INFO - [2025-08-04T21:11:26.806+0000] {dagbag.py:545} INFO - Filling up the DagBag from /home/airflow/.local/lib/python3.12/site-packages/airflow/example_dags/example_display_name.py
[2025-08-04T21:11:26.821+0000] {processor.py:840} INFO - DAG(s) 'example_display_name' retrieved from /home/airflow/.local/lib/python3.12/site-packages/airflow/example_dags/example_display_name.py
[2025-08-04T21:11:26.865+0000] {logging_mixin.py:188} INFO - [2025-08-04T21:11:26.865+0000] {dag.py:3096} INFO - Sync 1 DAGs
[2025-08-04T21:11:26.894+0000] {logging_mixin.py:188} INFO - [2025-08-04T21:11:26.893+0000] {dag.py:3954} INFO - Setting next_dagrun for example_display_name to None, run_after=None
[2025-08-04T21:11:26.928+0000] {processor.py:183} INFO - Processing /home/airflow/.local/lib/python3.12/site-packages/airflow/example_dags/example_display_name.py took 0.138 seconds
[2025-08-04T21:11:58.362+0000] {processor.py:161} INFO - Started process (PID=4196) to work on /home/airflow/.local/lib/python3.12/site-packages/airflow/example_dags/example_display_name.py
[2025-08-04T21:11:58.364+0000] {processor.py:830} INFO - Processing file /home/airflow/.local/lib/python3.12/site-packages/airflow/example_dags/example_display_name.py for tasks to queue
[2025-08-04T21:11:58.365+0000] {logging_mixin.py:188} INFO - [2025-08-04T21:11:58.365+0000] {dagbag.py:545} INFO - Filling up the DagBag from /home/airflow/.local/lib/python3.12/site-packages/airflow/example_dags/example_display_name.py
[2025-08-04T21:11:58.375+0000] {processor.py:840} INFO - DAG(s) 'example_display_name' retrieved from /home/airflow/.local/lib/python3.12/site-packages/airflow/example_dags/example_display_name.py
[2025-08-04T21:11:58.410+0000] {logging_mixin.py:188} INFO - [2025-08-04T21:11:58.410+0000] {dag.py:3096} INFO - Sync 1 DAGs
[2025-08-04T21:11:58.431+0000] {logging_mixin.py:188} INFO - [2025-08-04T21:11:58.430+0000] {dag.py:3954} INFO - Setting next_dagrun for example_display_name to None, run_after=None
[2025-08-04T21:11:58.463+0000] {processor.py:183} INFO - Processing /home/airflow/.local/lib/python3.12/site-packages/airflow/example_dags/example_display_name.py took 0.111 seconds
[2025-08-04T21:12:29.176+0000] {processor.py:161} INFO - Started process (PID=4257) to work on /home/airflow/.local/lib/python3.12/site-packages/airflow/example_dags/example_display_name.py
[2025-08-04T21:12:29.178+0000] {processor.py:830} INFO - Processing file /home/airflow/.local/lib/python3.12/site-packages/airflow/example_dags/example_display_name.py for tasks to queue
[2025-08-04T21:12:29.180+0000] {logging_mixin.py:188} INFO - [2025-08-04T21:12:29.179+0000] {dagbag.py:545} INFO - Filling up the DagBag from /home/airflow/.local/lib/python3.12/site-packages/airflow/example_dags/example_display_name.py
[2025-08-04T21:12:29.192+0000] {processor.py:840} INFO - DAG(s) 'example_display_name' retrieved from /home/airflow/.local/lib/python3.12/site-packages/airflow/example_dags/example_display_name.py
[2025-08-04T21:12:29.231+0000] {logging_mixin.py:188} INFO - [2025-08-04T21:12:29.231+0000] {dag.py:3096} INFO - Sync 1 DAGs
[2025-08-04T21:12:29.251+0000] {logging_mixin.py:188} INFO - [2025-08-04T21:12:29.250+0000] {dag.py:3954} INFO - Setting next_dagrun for example_display_name to None, run_after=None
[2025-08-04T21:12:29.282+0000] {processor.py:183} INFO - Processing /home/airflow/.local/lib/python3.12/site-packages/airflow/example_dags/example_display_name.py took 0.117 seconds
[2025-08-04T21:12:59.949+0000] {processor.py:161} INFO - Started process (PID=4318) to work on /home/airflow/.local/lib/python3.12/site-packages/airflow/example_dags/example_display_name.py
[2025-08-04T21:12:59.950+0000] {processor.py:830} INFO - Processing file /home/airflow/.local/lib/python3.12/site-packages/airflow/example_dags/example_display_name.py for tasks to queue
[2025-08-04T21:12:59.952+0000] {logging_mixin.py:188} INFO - [2025-08-04T21:12:59.952+0000] {dagbag.py:545} INFO - Filling up the DagBag from /home/airflow/.local/lib/python3.12/site-packages/airflow/example_dags/example_display_name.py
[2025-08-04T21:12:59.963+0000] {processor.py:840} INFO - DAG(s) 'example_display_name' retrieved from /home/airflow/.local/lib/python3.12/site-packages/airflow/example_dags/example_display_name.py
[2025-08-04T21:12:59.997+0000] {logging_mixin.py:188} INFO - [2025-08-04T21:12:59.996+0000] {dag.py:3096} INFO - Sync 1 DAGs
[2025-08-04T21:13:00.015+0000] {logging_mixin.py:188} INFO - [2025-08-04T21:13:00.015+0000] {dag.py:3954} INFO - Setting next_dagrun for example_display_name to None, run_after=None
[2025-08-04T21:13:00.052+0000] {processor.py:183} INFO - Processing /home/airflow/.local/lib/python3.12/site-packages/airflow/example_dags/example_display_name.py took 0.114 seconds
[2025-08-04T21:13:30.454+0000] {processor.py:161} INFO - Started process (PID=4379) to work on /home/airflow/.local/lib/python3.12/site-packages/airflow/example_dags/example_display_name.py
[2025-08-04T21:13:30.456+0000] {processor.py:830} INFO - Processing file /home/airflow/.local/lib/python3.12/site-packages/airflow/example_dags/example_display_name.py for tasks to queue
[2025-08-04T21:13:30.457+0000] {logging_mixin.py:188} INFO - [2025-08-04T21:13:30.457+0000] {dagbag.py:545} INFO - Filling up the DagBag from /home/airflow/.local/lib/python3.12/site-packages/airflow/example_dags/example_display_name.py
[2025-08-04T21:13:30.468+0000] {processor.py:840} INFO - DAG(s) 'example_display_name' retrieved from /home/airflow/.local/lib/python3.12/site-packages/airflow/example_dags/example_display_name.py
[2025-08-04T21:13:30.505+0000] {logging_mixin.py:188} INFO - [2025-08-04T21:13:30.504+0000] {dag.py:3096} INFO - Sync 1 DAGs
[2025-08-04T21:13:30.523+0000] {logging_mixin.py:188} INFO - [2025-08-04T21:13:30.523+0000] {dag.py:3954} INFO - Setting next_dagrun for example_display_name to None, run_after=None
[2025-08-04T21:13:30.563+0000] {processor.py:183} INFO - Processing /home/airflow/.local/lib/python3.12/site-packages/airflow/example_dags/example_display_name.py took 0.118 seconds
[2025-08-04T21:14:01.008+0000] {processor.py:161} INFO - Started process (PID=4441) to work on /home/airflow/.local/lib/python3.12/site-packages/airflow/example_dags/example_display_name.py
[2025-08-04T21:14:01.009+0000] {processor.py:830} INFO - Processing file /home/airflow/.local/lib/python3.12/site-packages/airflow/example_dags/example_display_name.py for tasks to queue
[2025-08-04T21:14:01.011+0000] {logging_mixin.py:188} INFO - [2025-08-04T21:14:01.010+0000] {dagbag.py:545} INFO - Filling up the DagBag from /home/airflow/.local/lib/python3.12/site-packages/airflow/example_dags/example_display_name.py
[2025-08-04T21:14:01.020+0000] {processor.py:840} INFO - DAG(s) 'example_display_name' retrieved from /home/airflow/.local/lib/python3.12/site-packages/airflow/example_dags/example_display_name.py
[2025-08-04T21:14:01.054+0000] {logging_mixin.py:188} INFO - [2025-08-04T21:14:01.054+0000] {dag.py:3096} INFO - Sync 1 DAGs
[2025-08-04T21:14:01.075+0000] {logging_mixin.py:188} INFO - [2025-08-04T21:14:01.075+0000] {dag.py:3954} INFO - Setting next_dagrun for example_display_name to None, run_after=None
[2025-08-04T21:14:01.107+0000] {processor.py:183} INFO - Processing /home/airflow/.local/lib/python3.12/site-packages/airflow/example_dags/example_display_name.py took 0.108 seconds
[2025-08-04T21:14:31.242+0000] {processor.py:161} INFO - Started process (PID=4502) to work on /home/airflow/.local/lib/python3.12/site-packages/airflow/example_dags/example_display_name.py
[2025-08-04T21:14:31.244+0000] {processor.py:830} INFO - Processing file /home/airflow/.local/lib/python3.12/site-packages/airflow/example_dags/example_display_name.py for tasks to queue
[2025-08-04T21:14:31.245+0000] {logging_mixin.py:188} INFO - [2025-08-04T21:14:31.245+0000] {dagbag.py:545} INFO - Filling up the DagBag from /home/airflow/.local/lib/python3.12/site-packages/airflow/example_dags/example_display_name.py
[2025-08-04T21:14:31.255+0000] {processor.py:840} INFO - DAG(s) 'example_display_name' retrieved from /home/airflow/.local/lib/python3.12/site-packages/airflow/example_dags/example_display_name.py
[2025-08-04T21:14:31.292+0000] {logging_mixin.py:188} INFO - [2025-08-04T21:14:31.291+0000] {dag.py:3096} INFO - Sync 1 DAGs
[2025-08-04T21:14:31.314+0000] {logging_mixin.py:188} INFO - [2025-08-04T21:14:31.314+0000] {dag.py:3954} INFO - Setting next_dagrun for example_display_name to None, run_after=None
[2025-08-04T21:14:31.351+0000] {processor.py:183} INFO - Processing /home/airflow/.local/lib/python3.12/site-packages/airflow/example_dags/example_display_name.py took 0.119 seconds
