[2025-08-04T18:59:54.528+0000] {processor.py:161} INFO - Started process (PID=105) to work on /home/airflow/.local/lib/python3.12/site-packages/airflow/example_dags/example_complex.py
[2025-08-04T18:59:54.530+0000] {processor.py:830} INFO - Processing file /home/airflow/.local/lib/python3.12/site-packages/airflow/example_dags/example_complex.py for tasks to queue
[2025-08-04T18:59:54.535+0000] {logging_mixin.py:188} INFO - [2025-08-04T18:59:54.535+0000] {dagbag.py:545} INFO - Filling up the DagBag from /home/airflow/.local/lib/python3.12/site-packages/airflow/example_dags/example_complex.py
[2025-08-04T18:59:54.554+0000] {processor.py:840} INFO - DAG(s) 'example_complex' retrieved from /home/airflow/.local/lib/python3.12/site-packages/airflow/example_dags/example_complex.py
[2025-08-04T18:59:54.781+0000] {logging_mixin.py:188} INFO - [2025-08-04T18:59:54.781+0000] {dag.py:3096} INFO - Sync 1 DAGs
[2025-08-04T18:59:54.803+0000] {logging_mixin.py:188} INFO - [2025-08-04T18:59:54.803+0000] {dag.py:3954} INFO - Setting next_dagrun for example_complex to None, run_after=None
[2025-08-04T18:59:54.840+0000] {processor.py:183} INFO - Processing /home/airflow/.local/lib/python3.12/site-packages/airflow/example_dags/example_complex.py took 0.322 seconds
[2025-08-04T19:00:25.723+0000] {processor.py:161} INFO - Started process (PID=166) to work on /home/airflow/.local/lib/python3.12/site-packages/airflow/example_dags/example_complex.py
[2025-08-04T19:00:25.725+0000] {processor.py:830} INFO - Processing file /home/airflow/.local/lib/python3.12/site-packages/airflow/example_dags/example_complex.py for tasks to queue
[2025-08-04T19:00:25.728+0000] {logging_mixin.py:188} INFO - [2025-08-04T19:00:25.727+0000] {dagbag.py:545} INFO - Filling up the DagBag from /home/airflow/.local/lib/python3.12/site-packages/airflow/example_dags/example_complex.py
[2025-08-04T19:00:25.742+0000] {processor.py:840} INFO - DAG(s) 'example_complex' retrieved from /home/airflow/.local/lib/python3.12/site-packages/airflow/example_dags/example_complex.py
[2025-08-04T19:00:25.794+0000] {logging_mixin.py:188} INFO - [2025-08-04T19:00:25.793+0000] {dag.py:3096} INFO - Sync 1 DAGs
[2025-08-04T19:00:25.813+0000] {logging_mixin.py:188} INFO - [2025-08-04T19:00:25.812+0000] {dag.py:3954} INFO - Setting next_dagrun for example_complex to None, run_after=None
[2025-08-04T19:00:25.842+0000] {processor.py:183} INFO - Processing /home/airflow/.local/lib/python3.12/site-packages/airflow/example_dags/example_complex.py took 0.127 seconds
[2025-08-04T19:00:55.940+0000] {processor.py:161} INFO - Started process (PID=227) to work on /home/airflow/.local/lib/python3.12/site-packages/airflow/example_dags/example_complex.py
[2025-08-04T19:00:55.943+0000] {processor.py:830} INFO - Processing file /home/airflow/.local/lib/python3.12/site-packages/airflow/example_dags/example_complex.py for tasks to queue
[2025-08-04T19:00:55.947+0000] {logging_mixin.py:188} INFO - [2025-08-04T19:00:55.947+0000] {dagbag.py:545} INFO - Filling up the DagBag from /home/airflow/.local/lib/python3.12/site-packages/airflow/example_dags/example_complex.py
[2025-08-04T19:00:55.965+0000] {processor.py:840} INFO - DAG(s) 'example_complex' retrieved from /home/airflow/.local/lib/python3.12/site-packages/airflow/example_dags/example_complex.py
[2025-08-04T19:00:56.029+0000] {logging_mixin.py:188} INFO - [2025-08-04T19:00:56.029+0000] {dag.py:3096} INFO - Sync 1 DAGs
[2025-08-04T19:00:56.054+0000] {logging_mixin.py:188} INFO - [2025-08-04T19:00:56.054+0000] {dag.py:3954} INFO - Setting next_dagrun for example_complex to None, run_after=None
[2025-08-04T19:00:56.098+0000] {processor.py:183} INFO - Processing /home/airflow/.local/lib/python3.12/site-packages/airflow/example_dags/example_complex.py took 0.170 seconds
[2025-08-04T19:01:26.442+0000] {processor.py:161} INFO - Started process (PID=288) to work on /home/airflow/.local/lib/python3.12/site-packages/airflow/example_dags/example_complex.py
[2025-08-04T19:01:26.444+0000] {processor.py:830} INFO - Processing file /home/airflow/.local/lib/python3.12/site-packages/airflow/example_dags/example_complex.py for tasks to queue
[2025-08-04T19:01:26.449+0000] {logging_mixin.py:188} INFO - [2025-08-04T19:01:26.448+0000] {dagbag.py:545} INFO - Filling up the DagBag from /home/airflow/.local/lib/python3.12/site-packages/airflow/example_dags/example_complex.py
[2025-08-04T19:01:26.465+0000] {processor.py:840} INFO - DAG(s) 'example_complex' retrieved from /home/airflow/.local/lib/python3.12/site-packages/airflow/example_dags/example_complex.py
[2025-08-04T19:01:26.509+0000] {logging_mixin.py:188} INFO - [2025-08-04T19:01:26.509+0000] {dag.py:3096} INFO - Sync 1 DAGs
[2025-08-04T19:01:26.529+0000] {logging_mixin.py:188} INFO - [2025-08-04T19:01:26.529+0000] {dag.py:3954} INFO - Setting next_dagrun for example_complex to None, run_after=None
[2025-08-04T19:01:26.558+0000] {processor.py:183} INFO - Processing /home/airflow/.local/lib/python3.12/site-packages/airflow/example_dags/example_complex.py took 0.127 seconds
[2025-08-04T19:01:57.115+0000] {processor.py:161} INFO - Started process (PID=349) to work on /home/airflow/.local/lib/python3.12/site-packages/airflow/example_dags/example_complex.py
[2025-08-04T19:01:57.118+0000] {processor.py:830} INFO - Processing file /home/airflow/.local/lib/python3.12/site-packages/airflow/example_dags/example_complex.py for tasks to queue
[2025-08-04T19:01:57.124+0000] {logging_mixin.py:188} INFO - [2025-08-04T19:01:57.123+0000] {dagbag.py:545} INFO - Filling up the DagBag from /home/airflow/.local/lib/python3.12/site-packages/airflow/example_dags/example_complex.py
[2025-08-04T19:01:57.151+0000] {processor.py:840} INFO - DAG(s) 'example_complex' retrieved from /home/airflow/.local/lib/python3.12/site-packages/airflow/example_dags/example_complex.py
[2025-08-04T19:01:57.227+0000] {logging_mixin.py:188} INFO - [2025-08-04T19:01:57.226+0000] {dag.py:3096} INFO - Sync 1 DAGs
[2025-08-04T19:01:57.249+0000] {logging_mixin.py:188} INFO - [2025-08-04T19:01:57.248+0000] {dag.py:3954} INFO - Setting next_dagrun for example_complex to None, run_after=None
[2025-08-04T19:01:57.287+0000] {processor.py:183} INFO - Processing /home/airflow/.local/lib/python3.12/site-packages/airflow/example_dags/example_complex.py took 0.189 seconds
[2025-08-04T19:02:28.252+0000] {processor.py:161} INFO - Started process (PID=411) to work on /home/airflow/.local/lib/python3.12/site-packages/airflow/example_dags/example_complex.py
[2025-08-04T19:02:28.253+0000] {processor.py:830} INFO - Processing file /home/airflow/.local/lib/python3.12/site-packages/airflow/example_dags/example_complex.py for tasks to queue
[2025-08-04T19:02:28.257+0000] {logging_mixin.py:188} INFO - [2025-08-04T19:02:28.256+0000] {dagbag.py:545} INFO - Filling up the DagBag from /home/airflow/.local/lib/python3.12/site-packages/airflow/example_dags/example_complex.py
[2025-08-04T19:02:28.271+0000] {processor.py:840} INFO - DAG(s) 'example_complex' retrieved from /home/airflow/.local/lib/python3.12/site-packages/airflow/example_dags/example_complex.py
[2025-08-04T19:02:28.319+0000] {logging_mixin.py:188} INFO - [2025-08-04T19:02:28.319+0000] {dag.py:3096} INFO - Sync 1 DAGs
[2025-08-04T19:02:28.338+0000] {logging_mixin.py:188} INFO - [2025-08-04T19:02:28.338+0000] {dag.py:3954} INFO - Setting next_dagrun for example_complex to None, run_after=None
[2025-08-04T19:02:28.369+0000] {processor.py:183} INFO - Processing /home/airflow/.local/lib/python3.12/site-packages/airflow/example_dags/example_complex.py took 0.126 seconds
[2025-08-04T19:02:58.904+0000] {processor.py:161} INFO - Started process (PID=472) to work on /home/airflow/.local/lib/python3.12/site-packages/airflow/example_dags/example_complex.py
[2025-08-04T19:02:58.906+0000] {processor.py:830} INFO - Processing file /home/airflow/.local/lib/python3.12/site-packages/airflow/example_dags/example_complex.py for tasks to queue
[2025-08-04T19:02:58.909+0000] {logging_mixin.py:188} INFO - [2025-08-04T19:02:58.908+0000] {dagbag.py:545} INFO - Filling up the DagBag from /home/airflow/.local/lib/python3.12/site-packages/airflow/example_dags/example_complex.py
[2025-08-04T19:02:58.924+0000] {processor.py:840} INFO - DAG(s) 'example_complex' retrieved from /home/airflow/.local/lib/python3.12/site-packages/airflow/example_dags/example_complex.py
[2025-08-04T19:02:58.971+0000] {logging_mixin.py:188} INFO - [2025-08-04T19:02:58.970+0000] {dag.py:3096} INFO - Sync 1 DAGs
[2025-08-04T19:02:58.988+0000] {logging_mixin.py:188} INFO - [2025-08-04T19:02:58.988+0000] {dag.py:3954} INFO - Setting next_dagrun for example_complex to None, run_after=None
[2025-08-04T19:02:59.017+0000] {processor.py:183} INFO - Processing /home/airflow/.local/lib/python3.12/site-packages/airflow/example_dags/example_complex.py took 0.123 seconds
[2025-08-04T19:03:29.474+0000] {processor.py:161} INFO - Started process (PID=533) to work on /home/airflow/.local/lib/python3.12/site-packages/airflow/example_dags/example_complex.py
[2025-08-04T19:03:29.476+0000] {processor.py:830} INFO - Processing file /home/airflow/.local/lib/python3.12/site-packages/airflow/example_dags/example_complex.py for tasks to queue
[2025-08-04T19:03:29.479+0000] {logging_mixin.py:188} INFO - [2025-08-04T19:03:29.479+0000] {dagbag.py:545} INFO - Filling up the DagBag from /home/airflow/.local/lib/python3.12/site-packages/airflow/example_dags/example_complex.py
[2025-08-04T19:03:29.500+0000] {processor.py:840} INFO - DAG(s) 'example_complex' retrieved from /home/airflow/.local/lib/python3.12/site-packages/airflow/example_dags/example_complex.py
[2025-08-04T19:03:29.549+0000] {logging_mixin.py:188} INFO - [2025-08-04T19:03:29.549+0000] {dag.py:3096} INFO - Sync 1 DAGs
[2025-08-04T19:03:29.571+0000] {logging_mixin.py:188} INFO - [2025-08-04T19:03:29.570+0000] {dag.py:3954} INFO - Setting next_dagrun for example_complex to None, run_after=None
[2025-08-04T19:03:29.605+0000] {processor.py:183} INFO - Processing /home/airflow/.local/lib/python3.12/site-packages/airflow/example_dags/example_complex.py took 0.139 seconds
[2025-08-04T19:04:00.425+0000] {processor.py:161} INFO - Started process (PID=594) to work on /home/airflow/.local/lib/python3.12/site-packages/airflow/example_dags/example_complex.py
[2025-08-04T19:04:00.426+0000] {processor.py:830} INFO - Processing file /home/airflow/.local/lib/python3.12/site-packages/airflow/example_dags/example_complex.py for tasks to queue
[2025-08-04T19:04:00.430+0000] {logging_mixin.py:188} INFO - [2025-08-04T19:04:00.429+0000] {dagbag.py:545} INFO - Filling up the DagBag from /home/airflow/.local/lib/python3.12/site-packages/airflow/example_dags/example_complex.py
[2025-08-04T19:04:00.446+0000] {processor.py:840} INFO - DAG(s) 'example_complex' retrieved from /home/airflow/.local/lib/python3.12/site-packages/airflow/example_dags/example_complex.py
[2025-08-04T19:04:00.494+0000] {logging_mixin.py:188} INFO - [2025-08-04T19:04:00.494+0000] {dag.py:3096} INFO - Sync 1 DAGs
[2025-08-04T19:04:00.514+0000] {logging_mixin.py:188} INFO - [2025-08-04T19:04:00.514+0000] {dag.py:3954} INFO - Setting next_dagrun for example_complex to None, run_after=None
[2025-08-04T19:04:00.543+0000] {processor.py:183} INFO - Processing /home/airflow/.local/lib/python3.12/site-packages/airflow/example_dags/example_complex.py took 0.127 seconds
[2025-08-04T19:04:31.131+0000] {processor.py:161} INFO - Started process (PID=656) to work on /home/airflow/.local/lib/python3.12/site-packages/airflow/example_dags/example_complex.py
[2025-08-04T19:04:31.133+0000] {processor.py:830} INFO - Processing file /home/airflow/.local/lib/python3.12/site-packages/airflow/example_dags/example_complex.py for tasks to queue
[2025-08-04T19:04:31.137+0000] {logging_mixin.py:188} INFO - [2025-08-04T19:04:31.136+0000] {dagbag.py:545} INFO - Filling up the DagBag from /home/airflow/.local/lib/python3.12/site-packages/airflow/example_dags/example_complex.py
[2025-08-04T19:04:31.153+0000] {processor.py:840} INFO - DAG(s) 'example_complex' retrieved from /home/airflow/.local/lib/python3.12/site-packages/airflow/example_dags/example_complex.py
[2025-08-04T19:04:31.204+0000] {logging_mixin.py:188} INFO - [2025-08-04T19:04:31.204+0000] {dag.py:3096} INFO - Sync 1 DAGs
[2025-08-04T19:04:31.225+0000] {logging_mixin.py:188} INFO - [2025-08-04T19:04:31.224+0000] {dag.py:3954} INFO - Setting next_dagrun for example_complex to None, run_after=None
[2025-08-04T19:04:31.265+0000] {processor.py:183} INFO - Processing /home/airflow/.local/lib/python3.12/site-packages/airflow/example_dags/example_complex.py took 0.143 seconds
[2025-08-04T19:05:01.944+0000] {processor.py:161} INFO - Started process (PID=717) to work on /home/airflow/.local/lib/python3.12/site-packages/airflow/example_dags/example_complex.py
[2025-08-04T19:05:01.946+0000] {processor.py:830} INFO - Processing file /home/airflow/.local/lib/python3.12/site-packages/airflow/example_dags/example_complex.py for tasks to queue
[2025-08-04T19:05:01.950+0000] {logging_mixin.py:188} INFO - [2025-08-04T19:05:01.950+0000] {dagbag.py:545} INFO - Filling up the DagBag from /home/airflow/.local/lib/python3.12/site-packages/airflow/example_dags/example_complex.py
[2025-08-04T19:05:01.971+0000] {processor.py:840} INFO - DAG(s) 'example_complex' retrieved from /home/airflow/.local/lib/python3.12/site-packages/airflow/example_dags/example_complex.py
[2025-08-04T19:05:02.020+0000] {logging_mixin.py:188} INFO - [2025-08-04T19:05:02.020+0000] {dag.py:3096} INFO - Sync 1 DAGs
[2025-08-04T19:05:02.038+0000] {logging_mixin.py:188} INFO - [2025-08-04T19:05:02.038+0000] {dag.py:3954} INFO - Setting next_dagrun for example_complex to None, run_after=None
[2025-08-04T19:05:02.069+0000] {processor.py:183} INFO - Processing /home/airflow/.local/lib/python3.12/site-packages/airflow/example_dags/example_complex.py took 0.137 seconds
[2025-08-04T19:05:32.623+0000] {processor.py:161} INFO - Started process (PID=778) to work on /home/airflow/.local/lib/python3.12/site-packages/airflow/example_dags/example_complex.py
[2025-08-04T19:05:32.625+0000] {processor.py:830} INFO - Processing file /home/airflow/.local/lib/python3.12/site-packages/airflow/example_dags/example_complex.py for tasks to queue
[2025-08-04T19:05:32.629+0000] {logging_mixin.py:188} INFO - [2025-08-04T19:05:32.629+0000] {dagbag.py:545} INFO - Filling up the DagBag from /home/airflow/.local/lib/python3.12/site-packages/airflow/example_dags/example_complex.py
[2025-08-04T19:05:32.646+0000] {processor.py:840} INFO - DAG(s) 'example_complex' retrieved from /home/airflow/.local/lib/python3.12/site-packages/airflow/example_dags/example_complex.py
[2025-08-04T19:05:32.695+0000] {logging_mixin.py:188} INFO - [2025-08-04T19:05:32.695+0000] {dag.py:3096} INFO - Sync 1 DAGs
[2025-08-04T19:05:32.718+0000] {logging_mixin.py:188} INFO - [2025-08-04T19:05:32.717+0000] {dag.py:3954} INFO - Setting next_dagrun for example_complex to None, run_after=None
[2025-08-04T19:05:32.747+0000] {processor.py:183} INFO - Processing /home/airflow/.local/lib/python3.12/site-packages/airflow/example_dags/example_complex.py took 0.136 seconds
[2025-08-04T19:06:03.394+0000] {processor.py:161} INFO - Started process (PID=839) to work on /home/airflow/.local/lib/python3.12/site-packages/airflow/example_dags/example_complex.py
[2025-08-04T19:06:03.396+0000] {processor.py:830} INFO - Processing file /home/airflow/.local/lib/python3.12/site-packages/airflow/example_dags/example_complex.py for tasks to queue
[2025-08-04T19:06:03.399+0000] {logging_mixin.py:188} INFO - [2025-08-04T19:06:03.399+0000] {dagbag.py:545} INFO - Filling up the DagBag from /home/airflow/.local/lib/python3.12/site-packages/airflow/example_dags/example_complex.py
[2025-08-04T19:06:03.414+0000] {processor.py:840} INFO - DAG(s) 'example_complex' retrieved from /home/airflow/.local/lib/python3.12/site-packages/airflow/example_dags/example_complex.py
[2025-08-04T19:06:03.468+0000] {logging_mixin.py:188} INFO - [2025-08-04T19:06:03.467+0000] {dag.py:3096} INFO - Sync 1 DAGs
[2025-08-04T19:06:03.485+0000] {logging_mixin.py:188} INFO - [2025-08-04T19:06:03.485+0000] {dag.py:3954} INFO - Setting next_dagrun for example_complex to None, run_after=None
[2025-08-04T19:06:03.513+0000] {processor.py:183} INFO - Processing /home/airflow/.local/lib/python3.12/site-packages/airflow/example_dags/example_complex.py took 0.129 seconds
[2025-08-04T19:06:34.831+0000] {processor.py:161} INFO - Started process (PID=900) to work on /home/airflow/.local/lib/python3.12/site-packages/airflow/example_dags/example_complex.py
[2025-08-04T19:06:34.833+0000] {processor.py:830} INFO - Processing file /home/airflow/.local/lib/python3.12/site-packages/airflow/example_dags/example_complex.py for tasks to queue
[2025-08-04T19:06:34.837+0000] {logging_mixin.py:188} INFO - [2025-08-04T19:06:34.836+0000] {dagbag.py:545} INFO - Filling up the DagBag from /home/airflow/.local/lib/python3.12/site-packages/airflow/example_dags/example_complex.py
[2025-08-04T19:06:34.853+0000] {processor.py:840} INFO - DAG(s) 'example_complex' retrieved from /home/airflow/.local/lib/python3.12/site-packages/airflow/example_dags/example_complex.py
[2025-08-04T19:06:34.909+0000] {logging_mixin.py:188} INFO - [2025-08-04T19:06:34.909+0000] {dag.py:3096} INFO - Sync 1 DAGs
[2025-08-04T19:06:34.939+0000] {logging_mixin.py:188} INFO - [2025-08-04T19:06:34.938+0000] {dag.py:3954} INFO - Setting next_dagrun for example_complex to None, run_after=None
[2025-08-04T19:06:34.974+0000] {processor.py:183} INFO - Processing /home/airflow/.local/lib/python3.12/site-packages/airflow/example_dags/example_complex.py took 0.154 seconds
[2025-08-04T19:07:05.997+0000] {processor.py:161} INFO - Started process (PID=961) to work on /home/airflow/.local/lib/python3.12/site-packages/airflow/example_dags/example_complex.py
[2025-08-04T19:07:05.999+0000] {processor.py:830} INFO - Processing file /home/airflow/.local/lib/python3.12/site-packages/airflow/example_dags/example_complex.py for tasks to queue
[2025-08-04T19:07:06.003+0000] {logging_mixin.py:188} INFO - [2025-08-04T19:07:06.002+0000] {dagbag.py:545} INFO - Filling up the DagBag from /home/airflow/.local/lib/python3.12/site-packages/airflow/example_dags/example_complex.py
[2025-08-04T19:07:06.021+0000] {processor.py:840} INFO - DAG(s) 'example_complex' retrieved from /home/airflow/.local/lib/python3.12/site-packages/airflow/example_dags/example_complex.py
[2025-08-04T19:07:06.082+0000] {logging_mixin.py:188} INFO - [2025-08-04T19:07:06.081+0000] {dag.py:3096} INFO - Sync 1 DAGs
[2025-08-04T19:07:06.108+0000] {logging_mixin.py:188} INFO - [2025-08-04T19:07:06.108+0000] {dag.py:3954} INFO - Setting next_dagrun for example_complex to None, run_after=None
[2025-08-04T19:07:06.141+0000] {processor.py:183} INFO - Processing /home/airflow/.local/lib/python3.12/site-packages/airflow/example_dags/example_complex.py took 0.155 seconds
[2025-08-04T19:07:36.540+0000] {processor.py:161} INFO - Started process (PID=1022) to work on /home/airflow/.local/lib/python3.12/site-packages/airflow/example_dags/example_complex.py
[2025-08-04T19:07:36.542+0000] {processor.py:830} INFO - Processing file /home/airflow/.local/lib/python3.12/site-packages/airflow/example_dags/example_complex.py for tasks to queue
[2025-08-04T19:07:36.547+0000] {logging_mixin.py:188} INFO - [2025-08-04T19:07:36.546+0000] {dagbag.py:545} INFO - Filling up the DagBag from /home/airflow/.local/lib/python3.12/site-packages/airflow/example_dags/example_complex.py
[2025-08-04T19:07:36.567+0000] {processor.py:840} INFO - DAG(s) 'example_complex' retrieved from /home/airflow/.local/lib/python3.12/site-packages/airflow/example_dags/example_complex.py
[2025-08-04T19:07:36.618+0000] {logging_mixin.py:188} INFO - [2025-08-04T19:07:36.618+0000] {dag.py:3096} INFO - Sync 1 DAGs
[2025-08-04T19:07:36.637+0000] {logging_mixin.py:188} INFO - [2025-08-04T19:07:36.637+0000] {dag.py:3954} INFO - Setting next_dagrun for example_complex to None, run_after=None
[2025-08-04T19:07:36.673+0000] {processor.py:183} INFO - Processing /home/airflow/.local/lib/python3.12/site-packages/airflow/example_dags/example_complex.py took 0.145 seconds
[2025-08-04T19:08:07.094+0000] {processor.py:161} INFO - Started process (PID=1083) to work on /home/airflow/.local/lib/python3.12/site-packages/airflow/example_dags/example_complex.py
[2025-08-04T19:08:07.096+0000] {processor.py:830} INFO - Processing file /home/airflow/.local/lib/python3.12/site-packages/airflow/example_dags/example_complex.py for tasks to queue
[2025-08-04T19:08:07.100+0000] {logging_mixin.py:188} INFO - [2025-08-04T19:08:07.099+0000] {dagbag.py:545} INFO - Filling up the DagBag from /home/airflow/.local/lib/python3.12/site-packages/airflow/example_dags/example_complex.py
[2025-08-04T19:08:07.121+0000] {processor.py:840} INFO - DAG(s) 'example_complex' retrieved from /home/airflow/.local/lib/python3.12/site-packages/airflow/example_dags/example_complex.py
[2025-08-04T19:08:07.184+0000] {logging_mixin.py:188} INFO - [2025-08-04T19:08:07.183+0000] {dag.py:3096} INFO - Sync 1 DAGs
[2025-08-04T19:08:07.208+0000] {logging_mixin.py:188} INFO - [2025-08-04T19:08:07.208+0000] {dag.py:3954} INFO - Setting next_dagrun for example_complex to None, run_after=None
[2025-08-04T19:08:07.241+0000] {processor.py:183} INFO - Processing /home/airflow/.local/lib/python3.12/site-packages/airflow/example_dags/example_complex.py took 0.156 seconds
[2025-08-04T19:08:37.671+0000] {processor.py:161} INFO - Started process (PID=1144) to work on /home/airflow/.local/lib/python3.12/site-packages/airflow/example_dags/example_complex.py
[2025-08-04T19:08:37.673+0000] {processor.py:830} INFO - Processing file /home/airflow/.local/lib/python3.12/site-packages/airflow/example_dags/example_complex.py for tasks to queue
[2025-08-04T19:08:37.677+0000] {logging_mixin.py:188} INFO - [2025-08-04T19:08:37.676+0000] {dagbag.py:545} INFO - Filling up the DagBag from /home/airflow/.local/lib/python3.12/site-packages/airflow/example_dags/example_complex.py
[2025-08-04T19:08:37.693+0000] {processor.py:840} INFO - DAG(s) 'example_complex' retrieved from /home/airflow/.local/lib/python3.12/site-packages/airflow/example_dags/example_complex.py
[2025-08-04T19:08:37.746+0000] {logging_mixin.py:188} INFO - [2025-08-04T19:08:37.746+0000] {dag.py:3096} INFO - Sync 1 DAGs
[2025-08-04T19:08:37.767+0000] {logging_mixin.py:188} INFO - [2025-08-04T19:08:37.766+0000] {dag.py:3954} INFO - Setting next_dagrun for example_complex to None, run_after=None
[2025-08-04T19:08:37.796+0000] {processor.py:183} INFO - Processing /home/airflow/.local/lib/python3.12/site-packages/airflow/example_dags/example_complex.py took 0.134 seconds
[2025-08-04T19:09:08.924+0000] {processor.py:161} INFO - Started process (PID=1211) to work on /home/airflow/.local/lib/python3.12/site-packages/airflow/example_dags/example_complex.py
[2025-08-04T19:09:08.926+0000] {processor.py:830} INFO - Processing file /home/airflow/.local/lib/python3.12/site-packages/airflow/example_dags/example_complex.py for tasks to queue
[2025-08-04T19:09:08.930+0000] {logging_mixin.py:188} INFO - [2025-08-04T19:09:08.929+0000] {dagbag.py:545} INFO - Filling up the DagBag from /home/airflow/.local/lib/python3.12/site-packages/airflow/example_dags/example_complex.py
[2025-08-04T19:09:08.963+0000] {processor.py:840} INFO - DAG(s) 'example_complex' retrieved from /home/airflow/.local/lib/python3.12/site-packages/airflow/example_dags/example_complex.py
[2025-08-04T19:09:09.054+0000] {logging_mixin.py:188} INFO - [2025-08-04T19:09:09.053+0000] {dag.py:3096} INFO - Sync 1 DAGs
[2025-08-04T19:09:09.085+0000] {logging_mixin.py:188} INFO - [2025-08-04T19:09:09.085+0000] {dag.py:3954} INFO - Setting next_dagrun for example_complex to None, run_after=None
[2025-08-04T19:09:09.139+0000] {processor.py:183} INFO - Processing /home/airflow/.local/lib/python3.12/site-packages/airflow/example_dags/example_complex.py took 0.228 seconds
[2025-08-04T19:09:39.536+0000] {processor.py:161} INFO - Started process (PID=1272) to work on /home/airflow/.local/lib/python3.12/site-packages/airflow/example_dags/example_complex.py
[2025-08-04T19:09:39.538+0000] {processor.py:830} INFO - Processing file /home/airflow/.local/lib/python3.12/site-packages/airflow/example_dags/example_complex.py for tasks to queue
[2025-08-04T19:09:39.541+0000] {logging_mixin.py:188} INFO - [2025-08-04T19:09:39.541+0000] {dagbag.py:545} INFO - Filling up the DagBag from /home/airflow/.local/lib/python3.12/site-packages/airflow/example_dags/example_complex.py
[2025-08-04T19:09:39.559+0000] {processor.py:840} INFO - DAG(s) 'example_complex' retrieved from /home/airflow/.local/lib/python3.12/site-packages/airflow/example_dags/example_complex.py
[2025-08-04T19:09:39.614+0000] {logging_mixin.py:188} INFO - [2025-08-04T19:09:39.613+0000] {dag.py:3096} INFO - Sync 1 DAGs
[2025-08-04T19:09:39.635+0000] {logging_mixin.py:188} INFO - [2025-08-04T19:09:39.634+0000] {dag.py:3954} INFO - Setting next_dagrun for example_complex to None, run_after=None
[2025-08-04T19:09:39.683+0000] {processor.py:183} INFO - Processing /home/airflow/.local/lib/python3.12/site-packages/airflow/example_dags/example_complex.py took 0.158 seconds
[2025-08-04T19:10:09.842+0000] {processor.py:161} INFO - Started process (PID=1332) to work on /home/airflow/.local/lib/python3.12/site-packages/airflow/example_dags/example_complex.py
[2025-08-04T19:10:09.844+0000] {processor.py:830} INFO - Processing file /home/airflow/.local/lib/python3.12/site-packages/airflow/example_dags/example_complex.py for tasks to queue
[2025-08-04T19:10:09.848+0000] {logging_mixin.py:188} INFO - [2025-08-04T19:10:09.848+0000] {dagbag.py:545} INFO - Filling up the DagBag from /home/airflow/.local/lib/python3.12/site-packages/airflow/example_dags/example_complex.py
[2025-08-04T19:10:09.866+0000] {processor.py:840} INFO - DAG(s) 'example_complex' retrieved from /home/airflow/.local/lib/python3.12/site-packages/airflow/example_dags/example_complex.py
[2025-08-04T19:10:09.939+0000] {logging_mixin.py:188} INFO - [2025-08-04T19:10:09.938+0000] {dag.py:3096} INFO - Sync 1 DAGs
[2025-08-04T19:10:09.967+0000] {logging_mixin.py:188} INFO - [2025-08-04T19:10:09.967+0000] {dag.py:3954} INFO - Setting next_dagrun for example_complex to None, run_after=None
[2025-08-04T19:10:10.009+0000] {processor.py:183} INFO - Processing /home/airflow/.local/lib/python3.12/site-packages/airflow/example_dags/example_complex.py took 0.181 seconds
[2025-08-04T19:10:40.504+0000] {processor.py:161} INFO - Started process (PID=1394) to work on /home/airflow/.local/lib/python3.12/site-packages/airflow/example_dags/example_complex.py
[2025-08-04T19:10:40.506+0000] {processor.py:830} INFO - Processing file /home/airflow/.local/lib/python3.12/site-packages/airflow/example_dags/example_complex.py for tasks to queue
[2025-08-04T19:10:40.510+0000] {logging_mixin.py:188} INFO - [2025-08-04T19:10:40.509+0000] {dagbag.py:545} INFO - Filling up the DagBag from /home/airflow/.local/lib/python3.12/site-packages/airflow/example_dags/example_complex.py
[2025-08-04T19:10:40.526+0000] {processor.py:840} INFO - DAG(s) 'example_complex' retrieved from /home/airflow/.local/lib/python3.12/site-packages/airflow/example_dags/example_complex.py
[2025-08-04T19:10:40.583+0000] {logging_mixin.py:188} INFO - [2025-08-04T19:10:40.582+0000] {dag.py:3096} INFO - Sync 1 DAGs
[2025-08-04T19:10:40.603+0000] {logging_mixin.py:188} INFO - [2025-08-04T19:10:40.602+0000] {dag.py:3954} INFO - Setting next_dagrun for example_complex to None, run_after=None
[2025-08-04T19:10:40.646+0000] {processor.py:183} INFO - Processing /home/airflow/.local/lib/python3.12/site-packages/airflow/example_dags/example_complex.py took 0.152 seconds
[2025-08-04T19:11:11.337+0000] {processor.py:161} INFO - Started process (PID=1455) to work on /home/airflow/.local/lib/python3.12/site-packages/airflow/example_dags/example_complex.py
[2025-08-04T19:11:11.340+0000] {processor.py:830} INFO - Processing file /home/airflow/.local/lib/python3.12/site-packages/airflow/example_dags/example_complex.py for tasks to queue
[2025-08-04T19:11:11.344+0000] {logging_mixin.py:188} INFO - [2025-08-04T19:11:11.344+0000] {dagbag.py:545} INFO - Filling up the DagBag from /home/airflow/.local/lib/python3.12/site-packages/airflow/example_dags/example_complex.py
[2025-08-04T19:11:11.361+0000] {processor.py:840} INFO - DAG(s) 'example_complex' retrieved from /home/airflow/.local/lib/python3.12/site-packages/airflow/example_dags/example_complex.py
[2025-08-04T19:11:11.415+0000] {logging_mixin.py:188} INFO - [2025-08-04T19:11:11.415+0000] {dag.py:3096} INFO - Sync 1 DAGs
[2025-08-04T19:11:11.439+0000] {logging_mixin.py:188} INFO - [2025-08-04T19:11:11.438+0000] {dag.py:3954} INFO - Setting next_dagrun for example_complex to None, run_after=None
[2025-08-04T19:11:11.477+0000] {processor.py:183} INFO - Processing /home/airflow/.local/lib/python3.12/site-packages/airflow/example_dags/example_complex.py took 0.151 seconds
[2025-08-04T19:11:42.056+0000] {processor.py:161} INFO - Started process (PID=1516) to work on /home/airflow/.local/lib/python3.12/site-packages/airflow/example_dags/example_complex.py
[2025-08-04T19:11:42.059+0000] {processor.py:830} INFO - Processing file /home/airflow/.local/lib/python3.12/site-packages/airflow/example_dags/example_complex.py for tasks to queue
[2025-08-04T19:11:42.063+0000] {logging_mixin.py:188} INFO - [2025-08-04T19:11:42.062+0000] {dagbag.py:545} INFO - Filling up the DagBag from /home/airflow/.local/lib/python3.12/site-packages/airflow/example_dags/example_complex.py
[2025-08-04T19:11:42.079+0000] {processor.py:840} INFO - DAG(s) 'example_complex' retrieved from /home/airflow/.local/lib/python3.12/site-packages/airflow/example_dags/example_complex.py
[2025-08-04T19:11:42.135+0000] {logging_mixin.py:188} INFO - [2025-08-04T19:11:42.134+0000] {dag.py:3096} INFO - Sync 1 DAGs
[2025-08-04T19:11:42.161+0000] {logging_mixin.py:188} INFO - [2025-08-04T19:11:42.160+0000] {dag.py:3954} INFO - Setting next_dagrun for example_complex to None, run_after=None
[2025-08-04T19:11:42.223+0000] {processor.py:183} INFO - Processing /home/airflow/.local/lib/python3.12/site-packages/airflow/example_dags/example_complex.py took 0.177 seconds
[2025-08-04T19:12:12.865+0000] {processor.py:161} INFO - Started process (PID=1577) to work on /home/airflow/.local/lib/python3.12/site-packages/airflow/example_dags/example_complex.py
[2025-08-04T19:12:12.868+0000] {processor.py:830} INFO - Processing file /home/airflow/.local/lib/python3.12/site-packages/airflow/example_dags/example_complex.py for tasks to queue
[2025-08-04T19:12:12.872+0000] {logging_mixin.py:188} INFO - [2025-08-04T19:12:12.871+0000] {dagbag.py:545} INFO - Filling up the DagBag from /home/airflow/.local/lib/python3.12/site-packages/airflow/example_dags/example_complex.py
[2025-08-04T19:12:12.888+0000] {processor.py:840} INFO - DAG(s) 'example_complex' retrieved from /home/airflow/.local/lib/python3.12/site-packages/airflow/example_dags/example_complex.py
[2025-08-04T19:12:12.943+0000] {logging_mixin.py:188} INFO - [2025-08-04T19:12:12.943+0000] {dag.py:3096} INFO - Sync 1 DAGs
[2025-08-04T19:12:12.966+0000] {logging_mixin.py:188} INFO - [2025-08-04T19:12:12.965+0000] {dag.py:3954} INFO - Setting next_dagrun for example_complex to None, run_after=None
[2025-08-04T19:12:13.005+0000] {processor.py:183} INFO - Processing /home/airflow/.local/lib/python3.12/site-packages/airflow/example_dags/example_complex.py took 0.150 seconds
[2025-08-04T19:12:43.100+0000] {processor.py:161} INFO - Started process (PID=1638) to work on /home/airflow/.local/lib/python3.12/site-packages/airflow/example_dags/example_complex.py
[2025-08-04T19:12:43.102+0000] {processor.py:830} INFO - Processing file /home/airflow/.local/lib/python3.12/site-packages/airflow/example_dags/example_complex.py for tasks to queue
[2025-08-04T19:12:43.106+0000] {logging_mixin.py:188} INFO - [2025-08-04T19:12:43.105+0000] {dagbag.py:545} INFO - Filling up the DagBag from /home/airflow/.local/lib/python3.12/site-packages/airflow/example_dags/example_complex.py
[2025-08-04T19:12:43.122+0000] {processor.py:840} INFO - DAG(s) 'example_complex' retrieved from /home/airflow/.local/lib/python3.12/site-packages/airflow/example_dags/example_complex.py
[2025-08-04T19:12:43.174+0000] {logging_mixin.py:188} INFO - [2025-08-04T19:12:43.174+0000] {dag.py:3096} INFO - Sync 1 DAGs
[2025-08-04T19:12:43.194+0000] {logging_mixin.py:188} INFO - [2025-08-04T19:12:43.193+0000] {dag.py:3954} INFO - Setting next_dagrun for example_complex to None, run_after=None
[2025-08-04T19:12:43.234+0000] {processor.py:183} INFO - Processing /home/airflow/.local/lib/python3.12/site-packages/airflow/example_dags/example_complex.py took 0.146 seconds
[2025-08-04T19:24:47.549+0000] {processor.py:161} INFO - Started process (PID=1693) to work on /home/airflow/.local/lib/python3.12/site-packages/airflow/example_dags/example_complex.py
[2025-08-04T19:24:47.550+0000] {processor.py:830} INFO - Processing file /home/airflow/.local/lib/python3.12/site-packages/airflow/example_dags/example_complex.py for tasks to queue
[2025-08-04T19:24:47.553+0000] {logging_mixin.py:188} INFO - [2025-08-04T19:24:47.553+0000] {dagbag.py:545} INFO - Filling up the DagBag from /home/airflow/.local/lib/python3.12/site-packages/airflow/example_dags/example_complex.py
[2025-08-04T19:24:47.563+0000] {processor.py:840} INFO - DAG(s) 'example_complex' retrieved from /home/airflow/.local/lib/python3.12/site-packages/airflow/example_dags/example_complex.py
[2025-08-04T19:24:47.597+0000] {logging_mixin.py:188} INFO - [2025-08-04T19:24:47.597+0000] {dag.py:3096} INFO - Sync 1 DAGs
[2025-08-04T19:24:47.610+0000] {logging_mixin.py:188} INFO - [2025-08-04T19:24:47.610+0000] {dag.py:3954} INFO - Setting next_dagrun for example_complex to None, run_after=None
[2025-08-04T19:24:47.637+0000] {processor.py:183} INFO - Processing /home/airflow/.local/lib/python3.12/site-packages/airflow/example_dags/example_complex.py took 0.095 seconds
[2025-08-04T19:25:17.715+0000] {processor.py:161} INFO - Started process (PID=1754) to work on /home/airflow/.local/lib/python3.12/site-packages/airflow/example_dags/example_complex.py
[2025-08-04T19:25:17.716+0000] {processor.py:830} INFO - Processing file /home/airflow/.local/lib/python3.12/site-packages/airflow/example_dags/example_complex.py for tasks to queue
[2025-08-04T19:25:17.718+0000] {logging_mixin.py:188} INFO - [2025-08-04T19:25:17.718+0000] {dagbag.py:545} INFO - Filling up the DagBag from /home/airflow/.local/lib/python3.12/site-packages/airflow/example_dags/example_complex.py
[2025-08-04T19:25:17.728+0000] {processor.py:840} INFO - DAG(s) 'example_complex' retrieved from /home/airflow/.local/lib/python3.12/site-packages/airflow/example_dags/example_complex.py
[2025-08-04T19:25:17.759+0000] {logging_mixin.py:188} INFO - [2025-08-04T19:25:17.759+0000] {dag.py:3096} INFO - Sync 1 DAGs
[2025-08-04T19:25:17.772+0000] {logging_mixin.py:188} INFO - [2025-08-04T19:25:17.772+0000] {dag.py:3954} INFO - Setting next_dagrun for example_complex to None, run_after=None
[2025-08-04T19:25:17.794+0000] {processor.py:183} INFO - Processing /home/airflow/.local/lib/python3.12/site-packages/airflow/example_dags/example_complex.py took 0.086 seconds
[2025-08-04T19:25:47.974+0000] {processor.py:161} INFO - Started process (PID=1815) to work on /home/airflow/.local/lib/python3.12/site-packages/airflow/example_dags/example_complex.py
[2025-08-04T19:25:47.976+0000] {processor.py:830} INFO - Processing file /home/airflow/.local/lib/python3.12/site-packages/airflow/example_dags/example_complex.py for tasks to queue
[2025-08-04T19:25:47.979+0000] {logging_mixin.py:188} INFO - [2025-08-04T19:25:47.978+0000] {dagbag.py:545} INFO - Filling up the DagBag from /home/airflow/.local/lib/python3.12/site-packages/airflow/example_dags/example_complex.py
[2025-08-04T19:25:47.989+0000] {processor.py:840} INFO - DAG(s) 'example_complex' retrieved from /home/airflow/.local/lib/python3.12/site-packages/airflow/example_dags/example_complex.py
[2025-08-04T19:25:48.025+0000] {logging_mixin.py:188} INFO - [2025-08-04T19:25:48.025+0000] {dag.py:3096} INFO - Sync 1 DAGs
[2025-08-04T19:25:48.038+0000] {logging_mixin.py:188} INFO - [2025-08-04T19:25:48.037+0000] {dag.py:3954} INFO - Setting next_dagrun for example_complex to None, run_after=None
[2025-08-04T19:25:48.061+0000] {processor.py:183} INFO - Processing /home/airflow/.local/lib/python3.12/site-packages/airflow/example_dags/example_complex.py took 0.094 seconds
[2025-08-04T19:26:18.814+0000] {processor.py:161} INFO - Started process (PID=1876) to work on /home/airflow/.local/lib/python3.12/site-packages/airflow/example_dags/example_complex.py
[2025-08-04T19:26:18.815+0000] {processor.py:830} INFO - Processing file /home/airflow/.local/lib/python3.12/site-packages/airflow/example_dags/example_complex.py for tasks to queue
[2025-08-04T19:26:18.817+0000] {logging_mixin.py:188} INFO - [2025-08-04T19:26:18.817+0000] {dagbag.py:545} INFO - Filling up the DagBag from /home/airflow/.local/lib/python3.12/site-packages/airflow/example_dags/example_complex.py
[2025-08-04T19:26:18.826+0000] {processor.py:840} INFO - DAG(s) 'example_complex' retrieved from /home/airflow/.local/lib/python3.12/site-packages/airflow/example_dags/example_complex.py
[2025-08-04T19:26:18.853+0000] {logging_mixin.py:188} INFO - [2025-08-04T19:26:18.853+0000] {dag.py:3096} INFO - Sync 1 DAGs
[2025-08-04T19:26:18.865+0000] {logging_mixin.py:188} INFO - [2025-08-04T19:26:18.865+0000] {dag.py:3954} INFO - Setting next_dagrun for example_complex to None, run_after=None
[2025-08-04T19:26:18.882+0000] {processor.py:183} INFO - Processing /home/airflow/.local/lib/python3.12/site-packages/airflow/example_dags/example_complex.py took 0.074 seconds
[2025-08-04T19:26:49.190+0000] {processor.py:161} INFO - Started process (PID=1937) to work on /home/airflow/.local/lib/python3.12/site-packages/airflow/example_dags/example_complex.py
[2025-08-04T19:26:49.191+0000] {processor.py:830} INFO - Processing file /home/airflow/.local/lib/python3.12/site-packages/airflow/example_dags/example_complex.py for tasks to queue
[2025-08-04T19:26:49.192+0000] {logging_mixin.py:188} INFO - [2025-08-04T19:26:49.192+0000] {dagbag.py:545} INFO - Filling up the DagBag from /home/airflow/.local/lib/python3.12/site-packages/airflow/example_dags/example_complex.py
[2025-08-04T19:26:49.199+0000] {processor.py:840} INFO - DAG(s) 'example_complex' retrieved from /home/airflow/.local/lib/python3.12/site-packages/airflow/example_dags/example_complex.py
[2025-08-04T19:26:49.225+0000] {logging_mixin.py:188} INFO - [2025-08-04T19:26:49.224+0000] {dag.py:3096} INFO - Sync 1 DAGs
[2025-08-04T19:26:49.235+0000] {logging_mixin.py:188} INFO - [2025-08-04T19:26:49.235+0000] {dag.py:3954} INFO - Setting next_dagrun for example_complex to None, run_after=None
[2025-08-04T19:26:49.249+0000] {processor.py:183} INFO - Processing /home/airflow/.local/lib/python3.12/site-packages/airflow/example_dags/example_complex.py took 0.065 seconds
[2025-08-04T19:27:19.691+0000] {processor.py:161} INFO - Started process (PID=1998) to work on /home/airflow/.local/lib/python3.12/site-packages/airflow/example_dags/example_complex.py
[2025-08-04T19:27:19.692+0000] {processor.py:830} INFO - Processing file /home/airflow/.local/lib/python3.12/site-packages/airflow/example_dags/example_complex.py for tasks to queue
[2025-08-04T19:27:19.694+0000] {logging_mixin.py:188} INFO - [2025-08-04T19:27:19.694+0000] {dagbag.py:545} INFO - Filling up the DagBag from /home/airflow/.local/lib/python3.12/site-packages/airflow/example_dags/example_complex.py
[2025-08-04T19:27:19.702+0000] {processor.py:840} INFO - DAG(s) 'example_complex' retrieved from /home/airflow/.local/lib/python3.12/site-packages/airflow/example_dags/example_complex.py
[2025-08-04T19:27:19.731+0000] {logging_mixin.py:188} INFO - [2025-08-04T19:27:19.731+0000] {dag.py:3096} INFO - Sync 1 DAGs
[2025-08-04T19:27:19.745+0000] {logging_mixin.py:188} INFO - [2025-08-04T19:27:19.744+0000] {dag.py:3954} INFO - Setting next_dagrun for example_complex to None, run_after=None
[2025-08-04T19:27:19.762+0000] {processor.py:183} INFO - Processing /home/airflow/.local/lib/python3.12/site-packages/airflow/example_dags/example_complex.py took 0.076 seconds
[2025-08-04T19:59:41.832+0000] {processor.py:161} INFO - Started process (PID=2059) to work on /home/airflow/.local/lib/python3.12/site-packages/airflow/example_dags/example_complex.py
[2025-08-04T19:59:41.834+0000] {processor.py:830} INFO - Processing file /home/airflow/.local/lib/python3.12/site-packages/airflow/example_dags/example_complex.py for tasks to queue
[2025-08-04T19:59:41.837+0000] {logging_mixin.py:188} INFO - [2025-08-04T19:59:41.837+0000] {dagbag.py:545} INFO - Filling up the DagBag from /home/airflow/.local/lib/python3.12/site-packages/airflow/example_dags/example_complex.py
[2025-08-04T19:59:41.856+0000] {processor.py:840} INFO - DAG(s) 'example_complex' retrieved from /home/airflow/.local/lib/python3.12/site-packages/airflow/example_dags/example_complex.py
[2025-08-04T19:59:41.915+0000] {logging_mixin.py:188} INFO - [2025-08-04T19:59:41.915+0000] {dag.py:3096} INFO - Sync 1 DAGs
[2025-08-04T19:59:41.940+0000] {logging_mixin.py:188} INFO - [2025-08-04T19:59:41.940+0000] {dag.py:3954} INFO - Setting next_dagrun for example_complex to None, run_after=None
[2025-08-04T19:59:41.973+0000] {processor.py:183} INFO - Processing /home/airflow/.local/lib/python3.12/site-packages/airflow/example_dags/example_complex.py took 0.153 seconds
[2025-08-04T20:00:13.071+0000] {processor.py:161} INFO - Started process (PID=2121) to work on /home/airflow/.local/lib/python3.12/site-packages/airflow/example_dags/example_complex.py
[2025-08-04T20:00:13.073+0000] {processor.py:830} INFO - Processing file /home/airflow/.local/lib/python3.12/site-packages/airflow/example_dags/example_complex.py for tasks to queue
[2025-08-04T20:00:13.077+0000] {logging_mixin.py:188} INFO - [2025-08-04T20:00:13.076+0000] {dagbag.py:545} INFO - Filling up the DagBag from /home/airflow/.local/lib/python3.12/site-packages/airflow/example_dags/example_complex.py
[2025-08-04T20:00:13.090+0000] {processor.py:840} INFO - DAG(s) 'example_complex' retrieved from /home/airflow/.local/lib/python3.12/site-packages/airflow/example_dags/example_complex.py
[2025-08-04T20:00:13.132+0000] {logging_mixin.py:188} INFO - [2025-08-04T20:00:13.131+0000] {dag.py:3096} INFO - Sync 1 DAGs
[2025-08-04T20:00:13.150+0000] {logging_mixin.py:188} INFO - [2025-08-04T20:00:13.149+0000] {dag.py:3954} INFO - Setting next_dagrun for example_complex to None, run_after=None
[2025-08-04T20:00:13.183+0000] {processor.py:183} INFO - Processing /home/airflow/.local/lib/python3.12/site-packages/airflow/example_dags/example_complex.py took 0.119 seconds
[2025-08-04T20:00:43.570+0000] {processor.py:161} INFO - Started process (PID=2182) to work on /home/airflow/.local/lib/python3.12/site-packages/airflow/example_dags/example_complex.py
[2025-08-04T20:00:43.572+0000] {processor.py:830} INFO - Processing file /home/airflow/.local/lib/python3.12/site-packages/airflow/example_dags/example_complex.py for tasks to queue
[2025-08-04T20:00:43.576+0000] {logging_mixin.py:188} INFO - [2025-08-04T20:00:43.575+0000] {dagbag.py:545} INFO - Filling up the DagBag from /home/airflow/.local/lib/python3.12/site-packages/airflow/example_dags/example_complex.py
[2025-08-04T20:00:43.593+0000] {processor.py:840} INFO - DAG(s) 'example_complex' retrieved from /home/airflow/.local/lib/python3.12/site-packages/airflow/example_dags/example_complex.py
[2025-08-04T20:00:43.639+0000] {logging_mixin.py:188} INFO - [2025-08-04T20:00:43.639+0000] {dag.py:3096} INFO - Sync 1 DAGs
[2025-08-04T20:00:43.658+0000] {logging_mixin.py:188} INFO - [2025-08-04T20:00:43.658+0000] {dag.py:3954} INFO - Setting next_dagrun for example_complex to None, run_after=None
[2025-08-04T20:00:43.686+0000] {processor.py:183} INFO - Processing /home/airflow/.local/lib/python3.12/site-packages/airflow/example_dags/example_complex.py took 0.126 seconds
[2025-08-04T20:01:14.653+0000] {processor.py:161} INFO - Started process (PID=2243) to work on /home/airflow/.local/lib/python3.12/site-packages/airflow/example_dags/example_complex.py
[2025-08-04T20:01:14.655+0000] {processor.py:830} INFO - Processing file /home/airflow/.local/lib/python3.12/site-packages/airflow/example_dags/example_complex.py for tasks to queue
[2025-08-04T20:01:14.659+0000] {logging_mixin.py:188} INFO - [2025-08-04T20:01:14.658+0000] {dagbag.py:545} INFO - Filling up the DagBag from /home/airflow/.local/lib/python3.12/site-packages/airflow/example_dags/example_complex.py
[2025-08-04T20:01:14.672+0000] {processor.py:840} INFO - DAG(s) 'example_complex' retrieved from /home/airflow/.local/lib/python3.12/site-packages/airflow/example_dags/example_complex.py
[2025-08-04T20:01:14.722+0000] {logging_mixin.py:188} INFO - [2025-08-04T20:01:14.721+0000] {dag.py:3096} INFO - Sync 1 DAGs
[2025-08-04T20:01:14.741+0000] {logging_mixin.py:188} INFO - [2025-08-04T20:01:14.740+0000] {dag.py:3954} INFO - Setting next_dagrun for example_complex to None, run_after=None
[2025-08-04T20:01:14.780+0000] {processor.py:183} INFO - Processing /home/airflow/.local/lib/python3.12/site-packages/airflow/example_dags/example_complex.py took 0.136 seconds
[2025-08-04T20:01:44.963+0000] {processor.py:161} INFO - Started process (PID=2310) to work on /home/airflow/.local/lib/python3.12/site-packages/airflow/example_dags/example_complex.py
[2025-08-04T20:01:44.968+0000] {processor.py:830} INFO - Processing file /home/airflow/.local/lib/python3.12/site-packages/airflow/example_dags/example_complex.py for tasks to queue
[2025-08-04T20:01:44.973+0000] {logging_mixin.py:188} INFO - [2025-08-04T20:01:44.972+0000] {dagbag.py:545} INFO - Filling up the DagBag from /home/airflow/.local/lib/python3.12/site-packages/airflow/example_dags/example_complex.py
[2025-08-04T20:01:44.998+0000] {processor.py:840} INFO - DAG(s) 'example_complex' retrieved from /home/airflow/.local/lib/python3.12/site-packages/airflow/example_dags/example_complex.py
[2025-08-04T20:01:45.081+0000] {logging_mixin.py:188} INFO - [2025-08-04T20:01:45.080+0000] {dag.py:3096} INFO - Sync 1 DAGs
[2025-08-04T20:01:45.112+0000] {logging_mixin.py:188} INFO - [2025-08-04T20:01:45.112+0000] {dag.py:3954} INFO - Setting next_dagrun for example_complex to None, run_after=None
[2025-08-04T20:01:45.155+0000] {processor.py:183} INFO - Processing /home/airflow/.local/lib/python3.12/site-packages/airflow/example_dags/example_complex.py took 0.210 seconds
[2025-08-04T20:02:15.983+0000] {processor.py:161} INFO - Started process (PID=2371) to work on /home/airflow/.local/lib/python3.12/site-packages/airflow/example_dags/example_complex.py
[2025-08-04T20:02:15.984+0000] {processor.py:830} INFO - Processing file /home/airflow/.local/lib/python3.12/site-packages/airflow/example_dags/example_complex.py for tasks to queue
[2025-08-04T20:02:15.988+0000] {logging_mixin.py:188} INFO - [2025-08-04T20:02:15.987+0000] {dagbag.py:545} INFO - Filling up the DagBag from /home/airflow/.local/lib/python3.12/site-packages/airflow/example_dags/example_complex.py
[2025-08-04T20:02:16.003+0000] {processor.py:840} INFO - DAG(s) 'example_complex' retrieved from /home/airflow/.local/lib/python3.12/site-packages/airflow/example_dags/example_complex.py
[2025-08-04T20:02:16.051+0000] {logging_mixin.py:188} INFO - [2025-08-04T20:02:16.051+0000] {dag.py:3096} INFO - Sync 1 DAGs
[2025-08-04T20:02:16.072+0000] {logging_mixin.py:188} INFO - [2025-08-04T20:02:16.072+0000] {dag.py:3954} INFO - Setting next_dagrun for example_complex to None, run_after=None
[2025-08-04T20:02:16.109+0000] {processor.py:183} INFO - Processing /home/airflow/.local/lib/python3.12/site-packages/airflow/example_dags/example_complex.py took 0.135 seconds
[2025-08-04T20:02:46.747+0000] {processor.py:161} INFO - Started process (PID=2432) to work on /home/airflow/.local/lib/python3.12/site-packages/airflow/example_dags/example_complex.py
[2025-08-04T20:02:46.750+0000] {processor.py:830} INFO - Processing file /home/airflow/.local/lib/python3.12/site-packages/airflow/example_dags/example_complex.py for tasks to queue
[2025-08-04T20:02:46.756+0000] {logging_mixin.py:188} INFO - [2025-08-04T20:02:46.755+0000] {dagbag.py:545} INFO - Filling up the DagBag from /home/airflow/.local/lib/python3.12/site-packages/airflow/example_dags/example_complex.py
[2025-08-04T20:02:46.777+0000] {processor.py:840} INFO - DAG(s) 'example_complex' retrieved from /home/airflow/.local/lib/python3.12/site-packages/airflow/example_dags/example_complex.py
[2025-08-04T20:02:46.826+0000] {logging_mixin.py:188} INFO - [2025-08-04T20:02:46.826+0000] {dag.py:3096} INFO - Sync 1 DAGs
[2025-08-04T20:02:46.848+0000] {logging_mixin.py:188} INFO - [2025-08-04T20:02:46.848+0000] {dag.py:3954} INFO - Setting next_dagrun for example_complex to None, run_after=None
[2025-08-04T20:02:46.886+0000] {processor.py:183} INFO - Processing /home/airflow/.local/lib/python3.12/site-packages/airflow/example_dags/example_complex.py took 0.153 seconds
[2025-08-04T20:03:17.333+0000] {processor.py:161} INFO - Started process (PID=2493) to work on /home/airflow/.local/lib/python3.12/site-packages/airflow/example_dags/example_complex.py
[2025-08-04T20:03:17.335+0000] {processor.py:830} INFO - Processing file /home/airflow/.local/lib/python3.12/site-packages/airflow/example_dags/example_complex.py for tasks to queue
[2025-08-04T20:03:17.338+0000] {logging_mixin.py:188} INFO - [2025-08-04T20:03:17.337+0000] {dagbag.py:545} INFO - Filling up the DagBag from /home/airflow/.local/lib/python3.12/site-packages/airflow/example_dags/example_complex.py
[2025-08-04T20:03:17.352+0000] {processor.py:840} INFO - DAG(s) 'example_complex' retrieved from /home/airflow/.local/lib/python3.12/site-packages/airflow/example_dags/example_complex.py
[2025-08-04T20:03:17.400+0000] {logging_mixin.py:188} INFO - [2025-08-04T20:03:17.400+0000] {dag.py:3096} INFO - Sync 1 DAGs
[2025-08-04T20:03:17.418+0000] {logging_mixin.py:188} INFO - [2025-08-04T20:03:17.418+0000] {dag.py:3954} INFO - Setting next_dagrun for example_complex to None, run_after=None
[2025-08-04T20:03:17.449+0000] {processor.py:183} INFO - Processing /home/airflow/.local/lib/python3.12/site-packages/airflow/example_dags/example_complex.py took 0.124 seconds
[2025-08-04T20:03:48.381+0000] {processor.py:161} INFO - Started process (PID=2556) to work on /home/airflow/.local/lib/python3.12/site-packages/airflow/example_dags/example_complex.py
[2025-08-04T20:03:48.383+0000] {processor.py:830} INFO - Processing file /home/airflow/.local/lib/python3.12/site-packages/airflow/example_dags/example_complex.py for tasks to queue
[2025-08-04T20:03:48.387+0000] {logging_mixin.py:188} INFO - [2025-08-04T20:03:48.387+0000] {dagbag.py:545} INFO - Filling up the DagBag from /home/airflow/.local/lib/python3.12/site-packages/airflow/example_dags/example_complex.py
[2025-08-04T20:03:48.405+0000] {processor.py:840} INFO - DAG(s) 'example_complex' retrieved from /home/airflow/.local/lib/python3.12/site-packages/airflow/example_dags/example_complex.py
[2025-08-04T20:03:48.460+0000] {logging_mixin.py:188} INFO - [2025-08-04T20:03:48.459+0000] {dag.py:3096} INFO - Sync 1 DAGs
[2025-08-04T20:03:48.481+0000] {logging_mixin.py:188} INFO - [2025-08-04T20:03:48.480+0000] {dag.py:3954} INFO - Setting next_dagrun for example_complex to None, run_after=None
[2025-08-04T20:03:48.525+0000] {processor.py:183} INFO - Processing /home/airflow/.local/lib/python3.12/site-packages/airflow/example_dags/example_complex.py took 0.156 seconds
[2025-08-04T20:04:18.819+0000] {processor.py:161} INFO - Started process (PID=2617) to work on /home/airflow/.local/lib/python3.12/site-packages/airflow/example_dags/example_complex.py
[2025-08-04T20:04:18.821+0000] {processor.py:830} INFO - Processing file /home/airflow/.local/lib/python3.12/site-packages/airflow/example_dags/example_complex.py for tasks to queue
[2025-08-04T20:04:18.825+0000] {logging_mixin.py:188} INFO - [2025-08-04T20:04:18.824+0000] {dagbag.py:545} INFO - Filling up the DagBag from /home/airflow/.local/lib/python3.12/site-packages/airflow/example_dags/example_complex.py
[2025-08-04T20:04:18.841+0000] {processor.py:840} INFO - DAG(s) 'example_complex' retrieved from /home/airflow/.local/lib/python3.12/site-packages/airflow/example_dags/example_complex.py
[2025-08-04T20:04:18.903+0000] {logging_mixin.py:188} INFO - [2025-08-04T20:04:18.902+0000] {dag.py:3096} INFO - Sync 1 DAGs
[2025-08-04T20:04:18.925+0000] {logging_mixin.py:188} INFO - [2025-08-04T20:04:18.924+0000] {dag.py:3954} INFO - Setting next_dagrun for example_complex to None, run_after=None
[2025-08-04T20:04:18.971+0000] {processor.py:183} INFO - Processing /home/airflow/.local/lib/python3.12/site-packages/airflow/example_dags/example_complex.py took 0.163 seconds
[2025-08-04T20:04:49.270+0000] {processor.py:161} INFO - Started process (PID=2678) to work on /home/airflow/.local/lib/python3.12/site-packages/airflow/example_dags/example_complex.py
[2025-08-04T20:04:49.272+0000] {processor.py:830} INFO - Processing file /home/airflow/.local/lib/python3.12/site-packages/airflow/example_dags/example_complex.py for tasks to queue
[2025-08-04T20:04:49.277+0000] {logging_mixin.py:188} INFO - [2025-08-04T20:04:49.276+0000] {dagbag.py:545} INFO - Filling up the DagBag from /home/airflow/.local/lib/python3.12/site-packages/airflow/example_dags/example_complex.py
[2025-08-04T20:04:49.298+0000] {processor.py:840} INFO - DAG(s) 'example_complex' retrieved from /home/airflow/.local/lib/python3.12/site-packages/airflow/example_dags/example_complex.py
[2025-08-04T20:04:49.360+0000] {logging_mixin.py:188} INFO - [2025-08-04T20:04:49.360+0000] {dag.py:3096} INFO - Sync 1 DAGs
[2025-08-04T20:04:49.383+0000] {logging_mixin.py:188} INFO - [2025-08-04T20:04:49.382+0000] {dag.py:3954} INFO - Setting next_dagrun for example_complex to None, run_after=None
[2025-08-04T20:04:49.418+0000] {processor.py:183} INFO - Processing /home/airflow/.local/lib/python3.12/site-packages/airflow/example_dags/example_complex.py took 0.162 seconds
[2025-08-04T20:05:20.828+0000] {processor.py:161} INFO - Started process (PID=2740) to work on /home/airflow/.local/lib/python3.12/site-packages/airflow/example_dags/example_complex.py
[2025-08-04T20:05:20.830+0000] {processor.py:830} INFO - Processing file /home/airflow/.local/lib/python3.12/site-packages/airflow/example_dags/example_complex.py for tasks to queue
[2025-08-04T20:05:20.834+0000] {logging_mixin.py:188} INFO - [2025-08-04T20:05:20.833+0000] {dagbag.py:545} INFO - Filling up the DagBag from /home/airflow/.local/lib/python3.12/site-packages/airflow/example_dags/example_complex.py
[2025-08-04T20:05:20.850+0000] {processor.py:840} INFO - DAG(s) 'example_complex' retrieved from /home/airflow/.local/lib/python3.12/site-packages/airflow/example_dags/example_complex.py
[2025-08-04T20:05:20.911+0000] {logging_mixin.py:188} INFO - [2025-08-04T20:05:20.910+0000] {dag.py:3096} INFO - Sync 1 DAGs
[2025-08-04T20:05:20.936+0000] {logging_mixin.py:188} INFO - [2025-08-04T20:05:20.935+0000] {dag.py:3954} INFO - Setting next_dagrun for example_complex to None, run_after=None
[2025-08-04T20:05:20.974+0000] {processor.py:183} INFO - Processing /home/airflow/.local/lib/python3.12/site-packages/airflow/example_dags/example_complex.py took 0.156 seconds
[2025-08-04T20:05:52.630+0000] {processor.py:161} INFO - Started process (PID=2800) to work on /home/airflow/.local/lib/python3.12/site-packages/airflow/example_dags/example_complex.py
[2025-08-04T20:05:52.645+0000] {processor.py:830} INFO - Processing file /home/airflow/.local/lib/python3.12/site-packages/airflow/example_dags/example_complex.py for tasks to queue
[2025-08-04T20:05:52.656+0000] {logging_mixin.py:188} INFO - [2025-08-04T20:05:52.655+0000] {dagbag.py:545} INFO - Filling up the DagBag from /home/airflow/.local/lib/python3.12/site-packages/airflow/example_dags/example_complex.py
[2025-08-04T20:05:52.713+0000] {processor.py:840} INFO - DAG(s) 'example_complex' retrieved from /home/airflow/.local/lib/python3.12/site-packages/airflow/example_dags/example_complex.py
[2025-08-04T20:05:52.912+0000] {logging_mixin.py:188} INFO - [2025-08-04T20:05:52.908+0000] {dag.py:3096} INFO - Sync 1 DAGs
[2025-08-04T20:05:52.991+0000] {logging_mixin.py:188} INFO - [2025-08-04T20:05:52.990+0000] {dag.py:3954} INFO - Setting next_dagrun for example_complex to None, run_after=None
[2025-08-04T20:05:53.107+0000] {processor.py:183} INFO - Processing /home/airflow/.local/lib/python3.12/site-packages/airflow/example_dags/example_complex.py took 0.518 seconds
[2025-08-04T20:13:18.241+0000] {processor.py:161} INFO - Started process (PID=2855) to work on /home/airflow/.local/lib/python3.12/site-packages/airflow/example_dags/example_complex.py
[2025-08-04T20:13:18.246+0000] {processor.py:830} INFO - Processing file /home/airflow/.local/lib/python3.12/site-packages/airflow/example_dags/example_complex.py for tasks to queue
[2025-08-04T20:13:18.248+0000] {logging_mixin.py:188} INFO - [2025-08-04T20:13:18.247+0000] {dagbag.py:545} INFO - Filling up the DagBag from /home/airflow/.local/lib/python3.12/site-packages/airflow/example_dags/example_complex.py
[2025-08-04T20:13:18.268+0000] {processor.py:840} INFO - DAG(s) 'example_complex' retrieved from /home/airflow/.local/lib/python3.12/site-packages/airflow/example_dags/example_complex.py
[2025-08-04T20:13:18.321+0000] {logging_mixin.py:188} INFO - [2025-08-04T20:13:18.321+0000] {dag.py:3096} INFO - Sync 1 DAGs
[2025-08-04T20:13:18.341+0000] {logging_mixin.py:188} INFO - [2025-08-04T20:13:18.341+0000] {dag.py:3954} INFO - Setting next_dagrun for example_complex to None, run_after=None
[2025-08-04T20:13:18.375+0000] {processor.py:183} INFO - Processing /home/airflow/.local/lib/python3.12/site-packages/airflow/example_dags/example_complex.py took 0.143 seconds
[2025-08-04T20:13:49.821+0000] {processor.py:161} INFO - Started process (PID=2917) to work on /home/airflow/.local/lib/python3.12/site-packages/airflow/example_dags/example_complex.py
[2025-08-04T20:13:49.823+0000] {processor.py:830} INFO - Processing file /home/airflow/.local/lib/python3.12/site-packages/airflow/example_dags/example_complex.py for tasks to queue
[2025-08-04T20:13:49.826+0000] {logging_mixin.py:188} INFO - [2025-08-04T20:13:49.825+0000] {dagbag.py:545} INFO - Filling up the DagBag from /home/airflow/.local/lib/python3.12/site-packages/airflow/example_dags/example_complex.py
[2025-08-04T20:13:49.842+0000] {processor.py:840} INFO - DAG(s) 'example_complex' retrieved from /home/airflow/.local/lib/python3.12/site-packages/airflow/example_dags/example_complex.py
[2025-08-04T20:13:49.900+0000] {logging_mixin.py:188} INFO - [2025-08-04T20:13:49.900+0000] {dag.py:3096} INFO - Sync 1 DAGs
[2025-08-04T20:13:49.922+0000] {logging_mixin.py:188} INFO - [2025-08-04T20:13:49.922+0000] {dag.py:3954} INFO - Setting next_dagrun for example_complex to None, run_after=None
[2025-08-04T20:13:49.961+0000] {processor.py:183} INFO - Processing /home/airflow/.local/lib/python3.12/site-packages/airflow/example_dags/example_complex.py took 0.150 seconds
[2025-08-04T20:14:21.240+0000] {processor.py:161} INFO - Started process (PID=2978) to work on /home/airflow/.local/lib/python3.12/site-packages/airflow/example_dags/example_complex.py
[2025-08-04T20:14:21.242+0000] {processor.py:830} INFO - Processing file /home/airflow/.local/lib/python3.12/site-packages/airflow/example_dags/example_complex.py for tasks to queue
[2025-08-04T20:14:21.244+0000] {logging_mixin.py:188} INFO - [2025-08-04T20:14:21.243+0000] {dagbag.py:545} INFO - Filling up the DagBag from /home/airflow/.local/lib/python3.12/site-packages/airflow/example_dags/example_complex.py
[2025-08-04T20:14:21.260+0000] {processor.py:840} INFO - DAG(s) 'example_complex' retrieved from /home/airflow/.local/lib/python3.12/site-packages/airflow/example_dags/example_complex.py
[2025-08-04T20:14:21.317+0000] {logging_mixin.py:188} INFO - [2025-08-04T20:14:21.317+0000] {dag.py:3096} INFO - Sync 1 DAGs
[2025-08-04T20:14:21.337+0000] {logging_mixin.py:188} INFO - [2025-08-04T20:14:21.337+0000] {dag.py:3954} INFO - Setting next_dagrun for example_complex to None, run_after=None
[2025-08-04T20:14:21.371+0000] {processor.py:183} INFO - Processing /home/airflow/.local/lib/python3.12/site-packages/airflow/example_dags/example_complex.py took 0.141 seconds
[2025-08-04T20:14:52.422+0000] {processor.py:161} INFO - Started process (PID=3039) to work on /home/airflow/.local/lib/python3.12/site-packages/airflow/example_dags/example_complex.py
[2025-08-04T20:14:52.424+0000] {processor.py:830} INFO - Processing file /home/airflow/.local/lib/python3.12/site-packages/airflow/example_dags/example_complex.py for tasks to queue
[2025-08-04T20:14:52.426+0000] {logging_mixin.py:188} INFO - [2025-08-04T20:14:52.425+0000] {dagbag.py:545} INFO - Filling up the DagBag from /home/airflow/.local/lib/python3.12/site-packages/airflow/example_dags/example_complex.py
[2025-08-04T20:14:52.442+0000] {processor.py:840} INFO - DAG(s) 'example_complex' retrieved from /home/airflow/.local/lib/python3.12/site-packages/airflow/example_dags/example_complex.py
[2025-08-04T20:14:52.493+0000] {logging_mixin.py:188} INFO - [2025-08-04T20:14:52.493+0000] {dag.py:3096} INFO - Sync 1 DAGs
[2025-08-04T20:14:52.512+0000] {logging_mixin.py:188} INFO - [2025-08-04T20:14:52.511+0000] {dag.py:3954} INFO - Setting next_dagrun for example_complex to None, run_after=None
[2025-08-04T20:14:52.544+0000] {processor.py:183} INFO - Processing /home/airflow/.local/lib/python3.12/site-packages/airflow/example_dags/example_complex.py took 0.131 seconds
[2025-08-04T20:15:24.043+0000] {processor.py:161} INFO - Started process (PID=3101) to work on /home/airflow/.local/lib/python3.12/site-packages/airflow/example_dags/example_complex.py
[2025-08-04T20:15:24.045+0000] {processor.py:830} INFO - Processing file /home/airflow/.local/lib/python3.12/site-packages/airflow/example_dags/example_complex.py for tasks to queue
[2025-08-04T20:15:24.047+0000] {logging_mixin.py:188} INFO - [2025-08-04T20:15:24.046+0000] {dagbag.py:545} INFO - Filling up the DagBag from /home/airflow/.local/lib/python3.12/site-packages/airflow/example_dags/example_complex.py
[2025-08-04T20:15:24.062+0000] {processor.py:840} INFO - DAG(s) 'example_complex' retrieved from /home/airflow/.local/lib/python3.12/site-packages/airflow/example_dags/example_complex.py
[2025-08-04T20:15:24.114+0000] {logging_mixin.py:188} INFO - [2025-08-04T20:15:24.113+0000] {dag.py:3096} INFO - Sync 1 DAGs
[2025-08-04T20:15:24.132+0000] {logging_mixin.py:188} INFO - [2025-08-04T20:15:24.131+0000] {dag.py:3954} INFO - Setting next_dagrun for example_complex to None, run_after=None
[2025-08-04T20:15:24.170+0000] {processor.py:183} INFO - Processing /home/airflow/.local/lib/python3.12/site-packages/airflow/example_dags/example_complex.py took 0.137 seconds
[2025-08-04T20:15:55.644+0000] {processor.py:161} INFO - Started process (PID=3168) to work on /home/airflow/.local/lib/python3.12/site-packages/airflow/example_dags/example_complex.py
[2025-08-04T20:15:55.646+0000] {processor.py:830} INFO - Processing file /home/airflow/.local/lib/python3.12/site-packages/airflow/example_dags/example_complex.py for tasks to queue
[2025-08-04T20:15:55.647+0000] {logging_mixin.py:188} INFO - [2025-08-04T20:15:55.647+0000] {dagbag.py:545} INFO - Filling up the DagBag from /home/airflow/.local/lib/python3.12/site-packages/airflow/example_dags/example_complex.py
[2025-08-04T20:15:55.663+0000] {processor.py:840} INFO - DAG(s) 'example_complex' retrieved from /home/airflow/.local/lib/python3.12/site-packages/airflow/example_dags/example_complex.py
[2025-08-04T20:15:55.715+0000] {logging_mixin.py:188} INFO - [2025-08-04T20:15:55.715+0000] {dag.py:3096} INFO - Sync 1 DAGs
[2025-08-04T20:15:55.734+0000] {logging_mixin.py:188} INFO - [2025-08-04T20:15:55.734+0000] {dag.py:3954} INFO - Setting next_dagrun for example_complex to None, run_after=None
[2025-08-04T20:15:55.771+0000] {processor.py:183} INFO - Processing /home/airflow/.local/lib/python3.12/site-packages/airflow/example_dags/example_complex.py took 0.137 seconds
[2025-08-04T20:16:26.676+0000] {processor.py:161} INFO - Started process (PID=3229) to work on /home/airflow/.local/lib/python3.12/site-packages/airflow/example_dags/example_complex.py
[2025-08-04T20:16:26.678+0000] {processor.py:830} INFO - Processing file /home/airflow/.local/lib/python3.12/site-packages/airflow/example_dags/example_complex.py for tasks to queue
[2025-08-04T20:16:26.680+0000] {logging_mixin.py:188} INFO - [2025-08-04T20:16:26.679+0000] {dagbag.py:545} INFO - Filling up the DagBag from /home/airflow/.local/lib/python3.12/site-packages/airflow/example_dags/example_complex.py
[2025-08-04T20:16:26.698+0000] {processor.py:840} INFO - DAG(s) 'example_complex' retrieved from /home/airflow/.local/lib/python3.12/site-packages/airflow/example_dags/example_complex.py
[2025-08-04T20:16:26.749+0000] {logging_mixin.py:188} INFO - [2025-08-04T20:16:26.749+0000] {dag.py:3096} INFO - Sync 1 DAGs
[2025-08-04T20:16:26.767+0000] {logging_mixin.py:188} INFO - [2025-08-04T20:16:26.767+0000] {dag.py:3954} INFO - Setting next_dagrun for example_complex to None, run_after=None
[2025-08-04T20:16:26.795+0000] {processor.py:183} INFO - Processing /home/airflow/.local/lib/python3.12/site-packages/airflow/example_dags/example_complex.py took 0.129 seconds
[2025-08-04T20:16:57.903+0000] {processor.py:161} INFO - Started process (PID=3290) to work on /home/airflow/.local/lib/python3.12/site-packages/airflow/example_dags/example_complex.py
[2025-08-04T20:16:57.905+0000] {processor.py:830} INFO - Processing file /home/airflow/.local/lib/python3.12/site-packages/airflow/example_dags/example_complex.py for tasks to queue
[2025-08-04T20:16:57.907+0000] {logging_mixin.py:188} INFO - [2025-08-04T20:16:57.906+0000] {dagbag.py:545} INFO - Filling up the DagBag from /home/airflow/.local/lib/python3.12/site-packages/airflow/example_dags/example_complex.py
[2025-08-04T20:16:57.922+0000] {processor.py:840} INFO - DAG(s) 'example_complex' retrieved from /home/airflow/.local/lib/python3.12/site-packages/airflow/example_dags/example_complex.py
[2025-08-04T20:16:57.971+0000] {logging_mixin.py:188} INFO - [2025-08-04T20:16:57.971+0000] {dag.py:3096} INFO - Sync 1 DAGs
[2025-08-04T20:16:57.989+0000] {logging_mixin.py:188} INFO - [2025-08-04T20:16:57.989+0000] {dag.py:3954} INFO - Setting next_dagrun for example_complex to None, run_after=None
[2025-08-04T20:16:58.029+0000] {processor.py:183} INFO - Processing /home/airflow/.local/lib/python3.12/site-packages/airflow/example_dags/example_complex.py took 0.135 seconds
[2025-08-04T20:17:28.876+0000] {processor.py:161} INFO - Started process (PID=3351) to work on /home/airflow/.local/lib/python3.12/site-packages/airflow/example_dags/example_complex.py
[2025-08-04T20:17:28.878+0000] {processor.py:830} INFO - Processing file /home/airflow/.local/lib/python3.12/site-packages/airflow/example_dags/example_complex.py for tasks to queue
[2025-08-04T20:17:28.880+0000] {logging_mixin.py:188} INFO - [2025-08-04T20:17:28.879+0000] {dagbag.py:545} INFO - Filling up the DagBag from /home/airflow/.local/lib/python3.12/site-packages/airflow/example_dags/example_complex.py
[2025-08-04T20:17:28.897+0000] {processor.py:840} INFO - DAG(s) 'example_complex' retrieved from /home/airflow/.local/lib/python3.12/site-packages/airflow/example_dags/example_complex.py
[2025-08-04T20:17:28.956+0000] {logging_mixin.py:188} INFO - [2025-08-04T20:17:28.955+0000] {dag.py:3096} INFO - Sync 1 DAGs
[2025-08-04T20:17:28.977+0000] {logging_mixin.py:188} INFO - [2025-08-04T20:17:28.976+0000] {dag.py:3954} INFO - Setting next_dagrun for example_complex to None, run_after=None
[2025-08-04T20:17:29.022+0000] {processor.py:183} INFO - Processing /home/airflow/.local/lib/python3.12/site-packages/airflow/example_dags/example_complex.py took 0.156 seconds
[2025-08-04T20:17:59.654+0000] {processor.py:161} INFO - Started process (PID=3412) to work on /home/airflow/.local/lib/python3.12/site-packages/airflow/example_dags/example_complex.py
[2025-08-04T20:17:59.656+0000] {processor.py:830} INFO - Processing file /home/airflow/.local/lib/python3.12/site-packages/airflow/example_dags/example_complex.py for tasks to queue
[2025-08-04T20:17:59.657+0000] {logging_mixin.py:188} INFO - [2025-08-04T20:17:59.657+0000] {dagbag.py:545} INFO - Filling up the DagBag from /home/airflow/.local/lib/python3.12/site-packages/airflow/example_dags/example_complex.py
[2025-08-04T20:17:59.674+0000] {processor.py:840} INFO - DAG(s) 'example_complex' retrieved from /home/airflow/.local/lib/python3.12/site-packages/airflow/example_dags/example_complex.py
[2025-08-04T20:17:59.744+0000] {logging_mixin.py:188} INFO - [2025-08-04T20:17:59.744+0000] {dag.py:3096} INFO - Sync 1 DAGs
[2025-08-04T20:17:59.773+0000] {logging_mixin.py:188} INFO - [2025-08-04T20:17:59.772+0000] {dag.py:3954} INFO - Setting next_dagrun for example_complex to None, run_after=None
[2025-08-04T20:17:59.814+0000] {processor.py:183} INFO - Processing /home/airflow/.local/lib/python3.12/site-packages/airflow/example_dags/example_complex.py took 0.169 seconds
[2025-08-04T20:18:31.079+0000] {processor.py:161} INFO - Started process (PID=3473) to work on /home/airflow/.local/lib/python3.12/site-packages/airflow/example_dags/example_complex.py
[2025-08-04T20:18:31.080+0000] {processor.py:830} INFO - Processing file /home/airflow/.local/lib/python3.12/site-packages/airflow/example_dags/example_complex.py for tasks to queue
[2025-08-04T20:18:31.082+0000] {logging_mixin.py:188} INFO - [2025-08-04T20:18:31.082+0000] {dagbag.py:545} INFO - Filling up the DagBag from /home/airflow/.local/lib/python3.12/site-packages/airflow/example_dags/example_complex.py
[2025-08-04T20:18:31.098+0000] {processor.py:840} INFO - DAG(s) 'example_complex' retrieved from /home/airflow/.local/lib/python3.12/site-packages/airflow/example_dags/example_complex.py
[2025-08-04T20:18:31.150+0000] {logging_mixin.py:188} INFO - [2025-08-04T20:18:31.149+0000] {dag.py:3096} INFO - Sync 1 DAGs
[2025-08-04T20:18:31.169+0000] {logging_mixin.py:188} INFO - [2025-08-04T20:18:31.169+0000] {dag.py:3954} INFO - Setting next_dagrun for example_complex to None, run_after=None
[2025-08-04T20:18:31.201+0000] {processor.py:183} INFO - Processing /home/airflow/.local/lib/python3.12/site-packages/airflow/example_dags/example_complex.py took 0.131 seconds
[2025-08-04T20:19:02.285+0000] {processor.py:161} INFO - Started process (PID=3534) to work on /home/airflow/.local/lib/python3.12/site-packages/airflow/example_dags/example_complex.py
[2025-08-04T20:19:02.287+0000] {processor.py:830} INFO - Processing file /home/airflow/.local/lib/python3.12/site-packages/airflow/example_dags/example_complex.py for tasks to queue
[2025-08-04T20:19:02.289+0000] {logging_mixin.py:188} INFO - [2025-08-04T20:19:02.288+0000] {dagbag.py:545} INFO - Filling up the DagBag from /home/airflow/.local/lib/python3.12/site-packages/airflow/example_dags/example_complex.py
[2025-08-04T20:19:02.305+0000] {processor.py:840} INFO - DAG(s) 'example_complex' retrieved from /home/airflow/.local/lib/python3.12/site-packages/airflow/example_dags/example_complex.py
[2025-08-04T20:19:02.363+0000] {logging_mixin.py:188} INFO - [2025-08-04T20:19:02.363+0000] {dag.py:3096} INFO - Sync 1 DAGs
[2025-08-04T20:19:02.383+0000] {logging_mixin.py:188} INFO - [2025-08-04T20:19:02.382+0000] {dag.py:3954} INFO - Setting next_dagrun for example_complex to None, run_after=None
[2025-08-04T20:19:02.416+0000] {processor.py:183} INFO - Processing /home/airflow/.local/lib/python3.12/site-packages/airflow/example_dags/example_complex.py took 0.140 seconds
[2025-08-04T20:19:32.908+0000] {processor.py:161} INFO - Started process (PID=3595) to work on /home/airflow/.local/lib/python3.12/site-packages/airflow/example_dags/example_complex.py
[2025-08-04T20:19:32.911+0000] {processor.py:830} INFO - Processing file /home/airflow/.local/lib/python3.12/site-packages/airflow/example_dags/example_complex.py for tasks to queue
[2025-08-04T20:19:32.912+0000] {logging_mixin.py:188} INFO - [2025-08-04T20:19:32.912+0000] {dagbag.py:545} INFO - Filling up the DagBag from /home/airflow/.local/lib/python3.12/site-packages/airflow/example_dags/example_complex.py
[2025-08-04T20:19:32.932+0000] {processor.py:840} INFO - DAG(s) 'example_complex' retrieved from /home/airflow/.local/lib/python3.12/site-packages/airflow/example_dags/example_complex.py
[2025-08-04T20:19:32.992+0000] {logging_mixin.py:188} INFO - [2025-08-04T20:19:32.992+0000] {dag.py:3096} INFO - Sync 1 DAGs
[2025-08-04T20:19:33.016+0000] {logging_mixin.py:188} INFO - [2025-08-04T20:19:33.015+0000] {dag.py:3954} INFO - Setting next_dagrun for example_complex to None, run_after=None
[2025-08-04T20:19:33.059+0000] {processor.py:183} INFO - Processing /home/airflow/.local/lib/python3.12/site-packages/airflow/example_dags/example_complex.py took 0.161 seconds
[2025-08-04T20:20:04.247+0000] {processor.py:161} INFO - Started process (PID=3656) to work on /home/airflow/.local/lib/python3.12/site-packages/airflow/example_dags/example_complex.py
[2025-08-04T20:20:04.250+0000] {processor.py:830} INFO - Processing file /home/airflow/.local/lib/python3.12/site-packages/airflow/example_dags/example_complex.py for tasks to queue
[2025-08-04T20:20:04.251+0000] {logging_mixin.py:188} INFO - [2025-08-04T20:20:04.251+0000] {dagbag.py:545} INFO - Filling up the DagBag from /home/airflow/.local/lib/python3.12/site-packages/airflow/example_dags/example_complex.py
[2025-08-04T20:20:04.269+0000] {processor.py:840} INFO - DAG(s) 'example_complex' retrieved from /home/airflow/.local/lib/python3.12/site-packages/airflow/example_dags/example_complex.py
[2025-08-04T20:20:04.324+0000] {logging_mixin.py:188} INFO - [2025-08-04T20:20:04.323+0000] {dag.py:3096} INFO - Sync 1 DAGs
[2025-08-04T20:20:04.345+0000] {logging_mixin.py:188} INFO - [2025-08-04T20:20:04.345+0000] {dag.py:3954} INFO - Setting next_dagrun for example_complex to None, run_after=None
[2025-08-04T20:20:04.384+0000] {processor.py:183} INFO - Processing /home/airflow/.local/lib/python3.12/site-packages/airflow/example_dags/example_complex.py took 0.148 seconds
[2025-08-04T20:20:34.650+0000] {processor.py:161} INFO - Started process (PID=3716) to work on /home/airflow/.local/lib/python3.12/site-packages/airflow/example_dags/example_complex.py
[2025-08-04T20:20:34.652+0000] {processor.py:830} INFO - Processing file /home/airflow/.local/lib/python3.12/site-packages/airflow/example_dags/example_complex.py for tasks to queue
[2025-08-04T20:20:34.654+0000] {logging_mixin.py:188} INFO - [2025-08-04T20:20:34.654+0000] {dagbag.py:545} INFO - Filling up the DagBag from /home/airflow/.local/lib/python3.12/site-packages/airflow/example_dags/example_complex.py
[2025-08-04T20:20:34.673+0000] {processor.py:840} INFO - DAG(s) 'example_complex' retrieved from /home/airflow/.local/lib/python3.12/site-packages/airflow/example_dags/example_complex.py
[2025-08-04T20:20:34.741+0000] {logging_mixin.py:188} INFO - [2025-08-04T20:20:34.740+0000] {dag.py:3096} INFO - Sync 1 DAGs
[2025-08-04T20:20:34.765+0000] {logging_mixin.py:188} INFO - [2025-08-04T20:20:34.764+0000] {dag.py:3954} INFO - Setting next_dagrun for example_complex to None, run_after=None
[2025-08-04T20:20:34.803+0000] {processor.py:183} INFO - Processing /home/airflow/.local/lib/python3.12/site-packages/airflow/example_dags/example_complex.py took 0.166 seconds
[2025-08-04T20:21:05.111+0000] {processor.py:161} INFO - Started process (PID=3776) to work on /home/airflow/.local/lib/python3.12/site-packages/airflow/example_dags/example_complex.py
[2025-08-04T20:21:05.114+0000] {processor.py:830} INFO - Processing file /home/airflow/.local/lib/python3.12/site-packages/airflow/example_dags/example_complex.py for tasks to queue
[2025-08-04T20:21:05.116+0000] {logging_mixin.py:188} INFO - [2025-08-04T20:21:05.115+0000] {dagbag.py:545} INFO - Filling up the DagBag from /home/airflow/.local/lib/python3.12/site-packages/airflow/example_dags/example_complex.py
[2025-08-04T20:21:05.133+0000] {processor.py:840} INFO - DAG(s) 'example_complex' retrieved from /home/airflow/.local/lib/python3.12/site-packages/airflow/example_dags/example_complex.py
[2025-08-04T20:21:05.199+0000] {logging_mixin.py:188} INFO - [2025-08-04T20:21:05.198+0000] {dag.py:3096} INFO - Sync 1 DAGs
[2025-08-04T20:21:05.220+0000] {logging_mixin.py:188} INFO - [2025-08-04T20:21:05.219+0000] {dag.py:3954} INFO - Setting next_dagrun for example_complex to None, run_after=None
[2025-08-04T20:21:05.262+0000] {processor.py:183} INFO - Processing /home/airflow/.local/lib/python3.12/site-packages/airflow/example_dags/example_complex.py took 0.164 seconds
[2025-08-04T20:21:35.453+0000] {processor.py:161} INFO - Started process (PID=3837) to work on /home/airflow/.local/lib/python3.12/site-packages/airflow/example_dags/example_complex.py
[2025-08-04T20:21:35.455+0000] {processor.py:830} INFO - Processing file /home/airflow/.local/lib/python3.12/site-packages/airflow/example_dags/example_complex.py for tasks to queue
[2025-08-04T20:21:35.456+0000] {logging_mixin.py:188} INFO - [2025-08-04T20:21:35.456+0000] {dagbag.py:545} INFO - Filling up the DagBag from /home/airflow/.local/lib/python3.12/site-packages/airflow/example_dags/example_complex.py
[2025-08-04T20:21:35.473+0000] {processor.py:840} INFO - DAG(s) 'example_complex' retrieved from /home/airflow/.local/lib/python3.12/site-packages/airflow/example_dags/example_complex.py
[2025-08-04T20:21:35.525+0000] {logging_mixin.py:188} INFO - [2025-08-04T20:21:35.524+0000] {dag.py:3096} INFO - Sync 1 DAGs
[2025-08-04T20:21:35.545+0000] {logging_mixin.py:188} INFO - [2025-08-04T20:21:35.545+0000] {dag.py:3954} INFO - Setting next_dagrun for example_complex to None, run_after=None
[2025-08-04T20:21:35.584+0000] {processor.py:183} INFO - Processing /home/airflow/.local/lib/python3.12/site-packages/airflow/example_dags/example_complex.py took 0.142 seconds
[2025-08-04T20:22:05.680+0000] {processor.py:161} INFO - Started process (PID=3898) to work on /home/airflow/.local/lib/python3.12/site-packages/airflow/example_dags/example_complex.py
[2025-08-04T20:22:05.682+0000] {processor.py:830} INFO - Processing file /home/airflow/.local/lib/python3.12/site-packages/airflow/example_dags/example_complex.py for tasks to queue
[2025-08-04T20:22:05.684+0000] {logging_mixin.py:188} INFO - [2025-08-04T20:22:05.683+0000] {dagbag.py:545} INFO - Filling up the DagBag from /home/airflow/.local/lib/python3.12/site-packages/airflow/example_dags/example_complex.py
[2025-08-04T20:22:05.699+0000] {processor.py:840} INFO - DAG(s) 'example_complex' retrieved from /home/airflow/.local/lib/python3.12/site-packages/airflow/example_dags/example_complex.py
[2025-08-04T20:22:05.757+0000] {logging_mixin.py:188} INFO - [2025-08-04T20:22:05.757+0000] {dag.py:3096} INFO - Sync 1 DAGs
[2025-08-04T20:22:05.776+0000] {logging_mixin.py:188} INFO - [2025-08-04T20:22:05.776+0000] {dag.py:3954} INFO - Setting next_dagrun for example_complex to None, run_after=None
[2025-08-04T20:22:05.808+0000] {processor.py:183} INFO - Processing /home/airflow/.local/lib/python3.12/site-packages/airflow/example_dags/example_complex.py took 0.138 seconds
[2025-08-04T20:22:36.066+0000] {processor.py:161} INFO - Started process (PID=3960) to work on /home/airflow/.local/lib/python3.12/site-packages/airflow/example_dags/example_complex.py
[2025-08-04T20:22:36.068+0000] {processor.py:830} INFO - Processing file /home/airflow/.local/lib/python3.12/site-packages/airflow/example_dags/example_complex.py for tasks to queue
[2025-08-04T20:22:36.070+0000] {logging_mixin.py:188} INFO - [2025-08-04T20:22:36.069+0000] {dagbag.py:545} INFO - Filling up the DagBag from /home/airflow/.local/lib/python3.12/site-packages/airflow/example_dags/example_complex.py
[2025-08-04T20:22:36.095+0000] {processor.py:840} INFO - DAG(s) 'example_complex' retrieved from /home/airflow/.local/lib/python3.12/site-packages/airflow/example_dags/example_complex.py
[2025-08-04T20:22:36.149+0000] {logging_mixin.py:188} INFO - [2025-08-04T20:22:36.149+0000] {dag.py:3096} INFO - Sync 1 DAGs
[2025-08-04T20:22:36.171+0000] {logging_mixin.py:188} INFO - [2025-08-04T20:22:36.170+0000] {dag.py:3954} INFO - Setting next_dagrun for example_complex to None, run_after=None
[2025-08-04T20:22:36.202+0000] {processor.py:183} INFO - Processing /home/airflow/.local/lib/python3.12/site-packages/airflow/example_dags/example_complex.py took 0.145 seconds
[2025-08-04T21:10:27.512+0000] {processor.py:161} INFO - Started process (PID=4031) to work on /home/airflow/.local/lib/python3.12/site-packages/airflow/example_dags/example_complex.py
[2025-08-04T21:10:27.514+0000] {processor.py:830} INFO - Processing file /home/airflow/.local/lib/python3.12/site-packages/airflow/example_dags/example_complex.py for tasks to queue
[2025-08-04T21:10:27.516+0000] {logging_mixin.py:188} INFO - [2025-08-04T21:10:27.515+0000] {dagbag.py:545} INFO - Filling up the DagBag from /home/airflow/.local/lib/python3.12/site-packages/airflow/example_dags/example_complex.py
[2025-08-04T21:10:27.531+0000] {processor.py:840} INFO - DAG(s) 'example_complex' retrieved from /home/airflow/.local/lib/python3.12/site-packages/airflow/example_dags/example_complex.py
[2025-08-04T21:10:27.586+0000] {logging_mixin.py:188} INFO - [2025-08-04T21:10:27.585+0000] {dag.py:3096} INFO - Sync 1 DAGs
[2025-08-04T21:10:27.610+0000] {logging_mixin.py:188} INFO - [2025-08-04T21:10:27.610+0000] {dag.py:3954} INFO - Setting next_dagrun for example_complex to None, run_after=None
[2025-08-04T21:10:27.648+0000] {processor.py:183} INFO - Processing /home/airflow/.local/lib/python3.12/site-packages/airflow/example_dags/example_complex.py took 0.146 seconds
[2025-08-04T21:10:59.062+0000] {processor.py:161} INFO - Started process (PID=4092) to work on /home/airflow/.local/lib/python3.12/site-packages/airflow/example_dags/example_complex.py
[2025-08-04T21:10:59.063+0000] {processor.py:830} INFO - Processing file /home/airflow/.local/lib/python3.12/site-packages/airflow/example_dags/example_complex.py for tasks to queue
[2025-08-04T21:10:59.065+0000] {logging_mixin.py:188} INFO - [2025-08-04T21:10:59.064+0000] {dagbag.py:545} INFO - Filling up the DagBag from /home/airflow/.local/lib/python3.12/site-packages/airflow/example_dags/example_complex.py
[2025-08-04T21:10:59.080+0000] {processor.py:840} INFO - DAG(s) 'example_complex' retrieved from /home/airflow/.local/lib/python3.12/site-packages/airflow/example_dags/example_complex.py
[2025-08-04T21:10:59.132+0000] {logging_mixin.py:188} INFO - [2025-08-04T21:10:59.131+0000] {dag.py:3096} INFO - Sync 1 DAGs
[2025-08-04T21:10:59.152+0000] {logging_mixin.py:188} INFO - [2025-08-04T21:10:59.151+0000] {dag.py:3954} INFO - Setting next_dagrun for example_complex to None, run_after=None
[2025-08-04T21:10:59.187+0000] {processor.py:183} INFO - Processing /home/airflow/.local/lib/python3.12/site-packages/airflow/example_dags/example_complex.py took 0.136 seconds
[2025-08-04T21:11:30.200+0000] {processor.py:161} INFO - Started process (PID=4153) to work on /home/airflow/.local/lib/python3.12/site-packages/airflow/example_dags/example_complex.py
[2025-08-04T21:11:30.202+0000] {processor.py:830} INFO - Processing file /home/airflow/.local/lib/python3.12/site-packages/airflow/example_dags/example_complex.py for tasks to queue
[2025-08-04T21:11:30.204+0000] {logging_mixin.py:188} INFO - [2025-08-04T21:11:30.203+0000] {dagbag.py:545} INFO - Filling up the DagBag from /home/airflow/.local/lib/python3.12/site-packages/airflow/example_dags/example_complex.py
[2025-08-04T21:11:30.221+0000] {processor.py:840} INFO - DAG(s) 'example_complex' retrieved from /home/airflow/.local/lib/python3.12/site-packages/airflow/example_dags/example_complex.py
[2025-08-04T21:11:30.280+0000] {logging_mixin.py:188} INFO - [2025-08-04T21:11:30.279+0000] {dag.py:3096} INFO - Sync 1 DAGs
[2025-08-04T21:11:30.300+0000] {logging_mixin.py:188} INFO - [2025-08-04T21:11:30.299+0000] {dag.py:3954} INFO - Setting next_dagrun for example_complex to None, run_after=None
[2025-08-04T21:11:30.339+0000] {processor.py:183} INFO - Processing /home/airflow/.local/lib/python3.12/site-packages/airflow/example_dags/example_complex.py took 0.149 seconds
[2025-08-04T21:12:01.239+0000] {processor.py:161} INFO - Started process (PID=4214) to work on /home/airflow/.local/lib/python3.12/site-packages/airflow/example_dags/example_complex.py
[2025-08-04T21:12:01.241+0000] {processor.py:830} INFO - Processing file /home/airflow/.local/lib/python3.12/site-packages/airflow/example_dags/example_complex.py for tasks to queue
[2025-08-04T21:12:01.243+0000] {logging_mixin.py:188} INFO - [2025-08-04T21:12:01.243+0000] {dagbag.py:545} INFO - Filling up the DagBag from /home/airflow/.local/lib/python3.12/site-packages/airflow/example_dags/example_complex.py
[2025-08-04T21:12:01.259+0000] {processor.py:840} INFO - DAG(s) 'example_complex' retrieved from /home/airflow/.local/lib/python3.12/site-packages/airflow/example_dags/example_complex.py
[2025-08-04T21:12:01.311+0000] {logging_mixin.py:188} INFO - [2025-08-04T21:12:01.311+0000] {dag.py:3096} INFO - Sync 1 DAGs
[2025-08-04T21:12:01.331+0000] {logging_mixin.py:188} INFO - [2025-08-04T21:12:01.330+0000] {dag.py:3954} INFO - Setting next_dagrun for example_complex to None, run_after=None
[2025-08-04T21:12:01.369+0000] {processor.py:183} INFO - Processing /home/airflow/.local/lib/python3.12/site-packages/airflow/example_dags/example_complex.py took 0.140 seconds
[2025-08-04T21:12:32.406+0000] {processor.py:161} INFO - Started process (PID=4275) to work on /home/airflow/.local/lib/python3.12/site-packages/airflow/example_dags/example_complex.py
[2025-08-04T21:12:32.408+0000] {processor.py:830} INFO - Processing file /home/airflow/.local/lib/python3.12/site-packages/airflow/example_dags/example_complex.py for tasks to queue
[2025-08-04T21:12:32.410+0000] {logging_mixin.py:188} INFO - [2025-08-04T21:12:32.409+0000] {dagbag.py:545} INFO - Filling up the DagBag from /home/airflow/.local/lib/python3.12/site-packages/airflow/example_dags/example_complex.py
[2025-08-04T21:12:32.425+0000] {processor.py:840} INFO - DAG(s) 'example_complex' retrieved from /home/airflow/.local/lib/python3.12/site-packages/airflow/example_dags/example_complex.py
[2025-08-04T21:12:32.480+0000] {logging_mixin.py:188} INFO - [2025-08-04T21:12:32.480+0000] {dag.py:3096} INFO - Sync 1 DAGs
[2025-08-04T21:12:32.506+0000] {logging_mixin.py:188} INFO - [2025-08-04T21:12:32.506+0000] {dag.py:3954} INFO - Setting next_dagrun for example_complex to None, run_after=None
[2025-08-04T21:12:32.545+0000] {processor.py:183} INFO - Processing /home/airflow/.local/lib/python3.12/site-packages/airflow/example_dags/example_complex.py took 0.147 seconds
[2025-08-04T21:13:02.726+0000] {processor.py:161} INFO - Started process (PID=4334) to work on /home/airflow/.local/lib/python3.12/site-packages/airflow/example_dags/example_complex.py
[2025-08-04T21:13:02.730+0000] {processor.py:830} INFO - Processing file /home/airflow/.local/lib/python3.12/site-packages/airflow/example_dags/example_complex.py for tasks to queue
[2025-08-04T21:13:02.732+0000] {logging_mixin.py:188} INFO - [2025-08-04T21:13:02.732+0000] {dagbag.py:545} INFO - Filling up the DagBag from /home/airflow/.local/lib/python3.12/site-packages/airflow/example_dags/example_complex.py
[2025-08-04T21:13:02.750+0000] {processor.py:840} INFO - DAG(s) 'example_complex' retrieved from /home/airflow/.local/lib/python3.12/site-packages/airflow/example_dags/example_complex.py
[2025-08-04T21:13:02.811+0000] {logging_mixin.py:188} INFO - [2025-08-04T21:13:02.810+0000] {dag.py:3096} INFO - Sync 1 DAGs
[2025-08-04T21:13:02.836+0000] {logging_mixin.py:188} INFO - [2025-08-04T21:13:02.835+0000] {dag.py:3954} INFO - Setting next_dagrun for example_complex to None, run_after=None
[2025-08-04T21:13:02.872+0000] {processor.py:183} INFO - Processing /home/airflow/.local/lib/python3.12/site-packages/airflow/example_dags/example_complex.py took 0.158 seconds
[2025-08-04T21:13:33.457+0000] {processor.py:161} INFO - Started process (PID=4395) to work on /home/airflow/.local/lib/python3.12/site-packages/airflow/example_dags/example_complex.py
[2025-08-04T21:13:33.460+0000] {processor.py:830} INFO - Processing file /home/airflow/.local/lib/python3.12/site-packages/airflow/example_dags/example_complex.py for tasks to queue
[2025-08-04T21:13:33.462+0000] {logging_mixin.py:188} INFO - [2025-08-04T21:13:33.461+0000] {dagbag.py:545} INFO - Filling up the DagBag from /home/airflow/.local/lib/python3.12/site-packages/airflow/example_dags/example_complex.py
[2025-08-04T21:13:33.485+0000] {processor.py:840} INFO - DAG(s) 'example_complex' retrieved from /home/airflow/.local/lib/python3.12/site-packages/airflow/example_dags/example_complex.py
[2025-08-04T21:13:33.546+0000] {logging_mixin.py:188} INFO - [2025-08-04T21:13:33.546+0000] {dag.py:3096} INFO - Sync 1 DAGs
[2025-08-04T21:13:33.571+0000] {logging_mixin.py:188} INFO - [2025-08-04T21:13:33.570+0000] {dag.py:3954} INFO - Setting next_dagrun for example_complex to None, run_after=None
[2025-08-04T21:13:33.606+0000] {processor.py:183} INFO - Processing /home/airflow/.local/lib/python3.12/site-packages/airflow/example_dags/example_complex.py took 0.165 seconds
[2025-08-04T21:14:03.884+0000] {processor.py:161} INFO - Started process (PID=4457) to work on /home/airflow/.local/lib/python3.12/site-packages/airflow/example_dags/example_complex.py
[2025-08-04T21:14:03.886+0000] {processor.py:830} INFO - Processing file /home/airflow/.local/lib/python3.12/site-packages/airflow/example_dags/example_complex.py for tasks to queue
[2025-08-04T21:14:03.888+0000] {logging_mixin.py:188} INFO - [2025-08-04T21:14:03.888+0000] {dagbag.py:545} INFO - Filling up the DagBag from /home/airflow/.local/lib/python3.12/site-packages/airflow/example_dags/example_complex.py
[2025-08-04T21:14:03.907+0000] {processor.py:840} INFO - DAG(s) 'example_complex' retrieved from /home/airflow/.local/lib/python3.12/site-packages/airflow/example_dags/example_complex.py
[2025-08-04T21:14:03.967+0000] {logging_mixin.py:188} INFO - [2025-08-04T21:14:03.967+0000] {dag.py:3096} INFO - Sync 1 DAGs
[2025-08-04T21:14:03.991+0000] {logging_mixin.py:188} INFO - [2025-08-04T21:14:03.991+0000] {dag.py:3954} INFO - Setting next_dagrun for example_complex to None, run_after=None
[2025-08-04T21:14:04.037+0000] {processor.py:183} INFO - Processing /home/airflow/.local/lib/python3.12/site-packages/airflow/example_dags/example_complex.py took 0.167 seconds
[2025-08-04T21:14:34.294+0000] {processor.py:161} INFO - Started process (PID=4518) to work on /home/airflow/.local/lib/python3.12/site-packages/airflow/example_dags/example_complex.py
[2025-08-04T21:14:34.296+0000] {processor.py:830} INFO - Processing file /home/airflow/.local/lib/python3.12/site-packages/airflow/example_dags/example_complex.py for tasks to queue
[2025-08-04T21:14:34.298+0000] {logging_mixin.py:188} INFO - [2025-08-04T21:14:34.298+0000] {dagbag.py:545} INFO - Filling up the DagBag from /home/airflow/.local/lib/python3.12/site-packages/airflow/example_dags/example_complex.py
[2025-08-04T21:14:34.316+0000] {processor.py:840} INFO - DAG(s) 'example_complex' retrieved from /home/airflow/.local/lib/python3.12/site-packages/airflow/example_dags/example_complex.py
[2025-08-04T21:14:34.374+0000] {logging_mixin.py:188} INFO - [2025-08-04T21:14:34.373+0000] {dag.py:3096} INFO - Sync 1 DAGs
[2025-08-04T21:14:34.396+0000] {logging_mixin.py:188} INFO - [2025-08-04T21:14:34.395+0000] {dag.py:3954} INFO - Setting next_dagrun for example_complex to None, run_after=None
[2025-08-04T21:14:34.439+0000] {processor.py:183} INFO - Processing /home/airflow/.local/lib/python3.12/site-packages/airflow/example_dags/example_complex.py took 0.157 seconds
