[2025-08-04T18:59:52.075+0000] {processor.py:161} INFO - Started process (PID=92) to work on /home/airflow/.local/lib/python3.12/site-packages/airflow/example_dags/tutorial.py
[2025-08-04T18:59:52.076+0000] {processor.py:830} INFO - Processing file /home/airflow/.local/lib/python3.12/site-packages/airflow/example_dags/tutorial.py for tasks to queue
[2025-08-04T18:59:52.080+0000] {logging_mixin.py:188} INFO - [2025-08-04T18:59:52.079+0000] {dagbag.py:545} INFO - Filling up the DagBag from /home/airflow/.local/lib/python3.12/site-packages/airflow/example_dags/tutorial.py
[2025-08-04T18:59:52.093+0000] {processor.py:840} INFO - DAG(s) 'tutorial' retrieved from /home/airflow/.local/lib/python3.12/site-packages/airflow/example_dags/tutorial.py
[2025-08-04T18:59:52.271+0000] {logging_mixin.py:188} INFO - [2025-08-04T18:59:52.271+0000] {dag.py:3096} INFO - Sync 1 DAGs
[2025-08-04T18:59:52.303+0000] {logging_mixin.py:188} INFO - [2025-08-04T18:59:52.303+0000] {dag.py:3954} INFO - Setting next_dagrun for tutorial to 2025-08-03 00:00:00+00:00, run_after=2025-08-04 00:00:00+00:00
[2025-08-04T18:59:52.332+0000] {processor.py:183} INFO - Processing /home/airflow/.local/lib/python3.12/site-packages/airflow/example_dags/tutorial.py took 0.266 seconds
[2025-08-04T19:00:22.514+0000] {processor.py:161} INFO - Started process (PID=153) to work on /home/airflow/.local/lib/python3.12/site-packages/airflow/example_dags/tutorial.py
[2025-08-04T19:00:22.516+0000] {processor.py:830} INFO - Processing file /home/airflow/.local/lib/python3.12/site-packages/airflow/example_dags/tutorial.py for tasks to queue
[2025-08-04T19:00:22.519+0000] {logging_mixin.py:188} INFO - [2025-08-04T19:00:22.519+0000] {dagbag.py:545} INFO - Filling up the DagBag from /home/airflow/.local/lib/python3.12/site-packages/airflow/example_dags/tutorial.py
[2025-08-04T19:00:22.529+0000] {processor.py:840} INFO - DAG(s) 'tutorial' retrieved from /home/airflow/.local/lib/python3.12/site-packages/airflow/example_dags/tutorial.py
[2025-08-04T19:00:22.564+0000] {logging_mixin.py:188} INFO - [2025-08-04T19:00:22.563+0000] {dag.py:3096} INFO - Sync 1 DAGs
[2025-08-04T19:00:22.596+0000] {logging_mixin.py:188} INFO - [2025-08-04T19:00:22.596+0000] {dag.py:3954} INFO - Setting next_dagrun for tutorial to 2025-08-03 00:00:00+00:00, run_after=2025-08-04 00:00:00+00:00
[2025-08-04T19:00:22.627+0000] {processor.py:183} INFO - Processing /home/airflow/.local/lib/python3.12/site-packages/airflow/example_dags/tutorial.py took 0.122 seconds
[2025-08-04T19:00:52.957+0000] {processor.py:161} INFO - Started process (PID=214) to work on /home/airflow/.local/lib/python3.12/site-packages/airflow/example_dags/tutorial.py
[2025-08-04T19:00:52.959+0000] {processor.py:830} INFO - Processing file /home/airflow/.local/lib/python3.12/site-packages/airflow/example_dags/tutorial.py for tasks to queue
[2025-08-04T19:00:52.962+0000] {logging_mixin.py:188} INFO - [2025-08-04T19:00:52.961+0000] {dagbag.py:545} INFO - Filling up the DagBag from /home/airflow/.local/lib/python3.12/site-packages/airflow/example_dags/tutorial.py
[2025-08-04T19:00:52.977+0000] {processor.py:840} INFO - DAG(s) 'tutorial' retrieved from /home/airflow/.local/lib/python3.12/site-packages/airflow/example_dags/tutorial.py
[2025-08-04T19:00:53.020+0000] {logging_mixin.py:188} INFO - [2025-08-04T19:00:53.020+0000] {dag.py:3096} INFO - Sync 1 DAGs
[2025-08-04T19:00:53.061+0000] {logging_mixin.py:188} INFO - [2025-08-04T19:00:53.061+0000] {dag.py:3954} INFO - Setting next_dagrun for tutorial to 2025-08-03 00:00:00+00:00, run_after=2025-08-04 00:00:00+00:00
[2025-08-04T19:00:53.100+0000] {processor.py:183} INFO - Processing /home/airflow/.local/lib/python3.12/site-packages/airflow/example_dags/tutorial.py took 0.155 seconds
[2025-08-04T19:01:24.486+0000] {processor.py:161} INFO - Started process (PID=275) to work on /home/airflow/.local/lib/python3.12/site-packages/airflow/example_dags/tutorial.py
[2025-08-04T19:01:24.488+0000] {processor.py:830} INFO - Processing file /home/airflow/.local/lib/python3.12/site-packages/airflow/example_dags/tutorial.py for tasks to queue
[2025-08-04T19:01:24.492+0000] {logging_mixin.py:188} INFO - [2025-08-04T19:01:24.492+0000] {dagbag.py:545} INFO - Filling up the DagBag from /home/airflow/.local/lib/python3.12/site-packages/airflow/example_dags/tutorial.py
[2025-08-04T19:01:24.504+0000] {processor.py:840} INFO - DAG(s) 'tutorial' retrieved from /home/airflow/.local/lib/python3.12/site-packages/airflow/example_dags/tutorial.py
[2025-08-04T19:01:24.548+0000] {logging_mixin.py:188} INFO - [2025-08-04T19:01:24.547+0000] {dag.py:3096} INFO - Sync 1 DAGs
[2025-08-04T19:01:24.585+0000] {logging_mixin.py:188} INFO - [2025-08-04T19:01:24.585+0000] {dag.py:3954} INFO - Setting next_dagrun for tutorial to 2025-08-03 00:00:00+00:00, run_after=2025-08-04 00:00:00+00:00
[2025-08-04T19:01:24.630+0000] {processor.py:183} INFO - Processing /home/airflow/.local/lib/python3.12/site-packages/airflow/example_dags/tutorial.py took 0.155 seconds
[2025-08-04T19:01:55.509+0000] {processor.py:161} INFO - Started process (PID=336) to work on /home/airflow/.local/lib/python3.12/site-packages/airflow/example_dags/tutorial.py
[2025-08-04T19:01:55.512+0000] {processor.py:830} INFO - Processing file /home/airflow/.local/lib/python3.12/site-packages/airflow/example_dags/tutorial.py for tasks to queue
[2025-08-04T19:01:55.515+0000] {logging_mixin.py:188} INFO - [2025-08-04T19:01:55.515+0000] {dagbag.py:545} INFO - Filling up the DagBag from /home/airflow/.local/lib/python3.12/site-packages/airflow/example_dags/tutorial.py
[2025-08-04T19:01:55.527+0000] {processor.py:840} INFO - DAG(s) 'tutorial' retrieved from /home/airflow/.local/lib/python3.12/site-packages/airflow/example_dags/tutorial.py
[2025-08-04T19:01:55.569+0000] {logging_mixin.py:188} INFO - [2025-08-04T19:01:55.568+0000] {dag.py:3096} INFO - Sync 1 DAGs
[2025-08-04T19:01:55.607+0000] {logging_mixin.py:188} INFO - [2025-08-04T19:01:55.607+0000] {dag.py:3954} INFO - Setting next_dagrun for tutorial to 2025-08-03 00:00:00+00:00, run_after=2025-08-04 00:00:00+00:00
[2025-08-04T19:01:55.636+0000] {processor.py:183} INFO - Processing /home/airflow/.local/lib/python3.12/site-packages/airflow/example_dags/tutorial.py took 0.138 seconds
[2025-08-04T19:02:26.621+0000] {processor.py:161} INFO - Started process (PID=398) to work on /home/airflow/.local/lib/python3.12/site-packages/airflow/example_dags/tutorial.py
[2025-08-04T19:02:26.623+0000] {processor.py:830} INFO - Processing file /home/airflow/.local/lib/python3.12/site-packages/airflow/example_dags/tutorial.py for tasks to queue
[2025-08-04T19:02:26.627+0000] {logging_mixin.py:188} INFO - [2025-08-04T19:02:26.627+0000] {dagbag.py:545} INFO - Filling up the DagBag from /home/airflow/.local/lib/python3.12/site-packages/airflow/example_dags/tutorial.py
[2025-08-04T19:02:26.637+0000] {processor.py:840} INFO - DAG(s) 'tutorial' retrieved from /home/airflow/.local/lib/python3.12/site-packages/airflow/example_dags/tutorial.py
[2025-08-04T19:02:26.675+0000] {logging_mixin.py:188} INFO - [2025-08-04T19:02:26.675+0000] {dag.py:3096} INFO - Sync 1 DAGs
[2025-08-04T19:02:26.711+0000] {logging_mixin.py:188} INFO - [2025-08-04T19:02:26.710+0000] {dag.py:3954} INFO - Setting next_dagrun for tutorial to 2025-08-03 00:00:00+00:00, run_after=2025-08-04 00:00:00+00:00
[2025-08-04T19:02:26.739+0000] {processor.py:183} INFO - Processing /home/airflow/.local/lib/python3.12/site-packages/airflow/example_dags/tutorial.py took 0.129 seconds
[2025-08-04T19:02:57.437+0000] {processor.py:161} INFO - Started process (PID=459) to work on /home/airflow/.local/lib/python3.12/site-packages/airflow/example_dags/tutorial.py
[2025-08-04T19:02:57.440+0000] {processor.py:830} INFO - Processing file /home/airflow/.local/lib/python3.12/site-packages/airflow/example_dags/tutorial.py for tasks to queue
[2025-08-04T19:02:57.447+0000] {logging_mixin.py:188} INFO - [2025-08-04T19:02:57.446+0000] {dagbag.py:545} INFO - Filling up the DagBag from /home/airflow/.local/lib/python3.12/site-packages/airflow/example_dags/tutorial.py
[2025-08-04T19:02:57.460+0000] {processor.py:840} INFO - DAG(s) 'tutorial' retrieved from /home/airflow/.local/lib/python3.12/site-packages/airflow/example_dags/tutorial.py
[2025-08-04T19:02:57.512+0000] {logging_mixin.py:188} INFO - [2025-08-04T19:02:57.511+0000] {dag.py:3096} INFO - Sync 1 DAGs
[2025-08-04T19:02:57.559+0000] {logging_mixin.py:188} INFO - [2025-08-04T19:02:57.558+0000] {dag.py:3954} INFO - Setting next_dagrun for tutorial to 2025-08-03 00:00:00+00:00, run_after=2025-08-04 00:00:00+00:00
[2025-08-04T19:02:57.589+0000] {processor.py:183} INFO - Processing /home/airflow/.local/lib/python3.12/site-packages/airflow/example_dags/tutorial.py took 0.166 seconds
[2025-08-04T19:03:27.939+0000] {processor.py:161} INFO - Started process (PID=520) to work on /home/airflow/.local/lib/python3.12/site-packages/airflow/example_dags/tutorial.py
[2025-08-04T19:03:27.941+0000] {processor.py:830} INFO - Processing file /home/airflow/.local/lib/python3.12/site-packages/airflow/example_dags/tutorial.py for tasks to queue
[2025-08-04T19:03:27.948+0000] {logging_mixin.py:188} INFO - [2025-08-04T19:03:27.947+0000] {dagbag.py:545} INFO - Filling up the DagBag from /home/airflow/.local/lib/python3.12/site-packages/airflow/example_dags/tutorial.py
[2025-08-04T19:03:27.964+0000] {processor.py:840} INFO - DAG(s) 'tutorial' retrieved from /home/airflow/.local/lib/python3.12/site-packages/airflow/example_dags/tutorial.py
[2025-08-04T19:03:28.012+0000] {logging_mixin.py:188} INFO - [2025-08-04T19:03:28.011+0000] {dag.py:3096} INFO - Sync 1 DAGs
[2025-08-04T19:03:28.073+0000] {logging_mixin.py:188} INFO - [2025-08-04T19:03:28.072+0000] {dag.py:3954} INFO - Setting next_dagrun for tutorial to 2025-08-03 00:00:00+00:00, run_after=2025-08-04 00:00:00+00:00
[2025-08-04T19:03:28.125+0000] {processor.py:183} INFO - Processing /home/airflow/.local/lib/python3.12/site-packages/airflow/example_dags/tutorial.py took 0.200 seconds
[2025-08-04T19:03:58.740+0000] {processor.py:161} INFO - Started process (PID=581) to work on /home/airflow/.local/lib/python3.12/site-packages/airflow/example_dags/tutorial.py
[2025-08-04T19:03:58.742+0000] {processor.py:830} INFO - Processing file /home/airflow/.local/lib/python3.12/site-packages/airflow/example_dags/tutorial.py for tasks to queue
[2025-08-04T19:03:58.747+0000] {logging_mixin.py:188} INFO - [2025-08-04T19:03:58.747+0000] {dagbag.py:545} INFO - Filling up the DagBag from /home/airflow/.local/lib/python3.12/site-packages/airflow/example_dags/tutorial.py
[2025-08-04T19:03:58.762+0000] {processor.py:840} INFO - DAG(s) 'tutorial' retrieved from /home/airflow/.local/lib/python3.12/site-packages/airflow/example_dags/tutorial.py
[2025-08-04T19:03:58.803+0000] {logging_mixin.py:188} INFO - [2025-08-04T19:03:58.803+0000] {dag.py:3096} INFO - Sync 1 DAGs
[2025-08-04T19:03:58.840+0000] {logging_mixin.py:188} INFO - [2025-08-04T19:03:58.840+0000] {dag.py:3954} INFO - Setting next_dagrun for tutorial to 2025-08-03 00:00:00+00:00, run_after=2025-08-04 00:00:00+00:00
[2025-08-04T19:03:58.877+0000] {processor.py:183} INFO - Processing /home/airflow/.local/lib/python3.12/site-packages/airflow/example_dags/tutorial.py took 0.149 seconds
[2025-08-04T19:04:29.672+0000] {processor.py:161} INFO - Started process (PID=643) to work on /home/airflow/.local/lib/python3.12/site-packages/airflow/example_dags/tutorial.py
[2025-08-04T19:04:29.674+0000] {processor.py:830} INFO - Processing file /home/airflow/.local/lib/python3.12/site-packages/airflow/example_dags/tutorial.py for tasks to queue
[2025-08-04T19:04:29.679+0000] {logging_mixin.py:188} INFO - [2025-08-04T19:04:29.678+0000] {dagbag.py:545} INFO - Filling up the DagBag from /home/airflow/.local/lib/python3.12/site-packages/airflow/example_dags/tutorial.py
[2025-08-04T19:04:29.694+0000] {processor.py:840} INFO - DAG(s) 'tutorial' retrieved from /home/airflow/.local/lib/python3.12/site-packages/airflow/example_dags/tutorial.py
[2025-08-04T19:04:29.734+0000] {logging_mixin.py:188} INFO - [2025-08-04T19:04:29.733+0000] {dag.py:3096} INFO - Sync 1 DAGs
[2025-08-04T19:04:29.771+0000] {logging_mixin.py:188} INFO - [2025-08-04T19:04:29.771+0000] {dag.py:3954} INFO - Setting next_dagrun for tutorial to 2025-08-03 00:00:00+00:00, run_after=2025-08-04 00:00:00+00:00
[2025-08-04T19:04:29.810+0000] {processor.py:183} INFO - Processing /home/airflow/.local/lib/python3.12/site-packages/airflow/example_dags/tutorial.py took 0.148 seconds
[2025-08-04T19:05:00.395+0000] {processor.py:161} INFO - Started process (PID=704) to work on /home/airflow/.local/lib/python3.12/site-packages/airflow/example_dags/tutorial.py
[2025-08-04T19:05:00.397+0000] {processor.py:830} INFO - Processing file /home/airflow/.local/lib/python3.12/site-packages/airflow/example_dags/tutorial.py for tasks to queue
[2025-08-04T19:05:00.401+0000] {logging_mixin.py:188} INFO - [2025-08-04T19:05:00.400+0000] {dagbag.py:545} INFO - Filling up the DagBag from /home/airflow/.local/lib/python3.12/site-packages/airflow/example_dags/tutorial.py
[2025-08-04T19:05:00.417+0000] {processor.py:840} INFO - DAG(s) 'tutorial' retrieved from /home/airflow/.local/lib/python3.12/site-packages/airflow/example_dags/tutorial.py
[2025-08-04T19:05:00.491+0000] {logging_mixin.py:188} INFO - [2025-08-04T19:05:00.490+0000] {dag.py:3096} INFO - Sync 1 DAGs
[2025-08-04T19:05:00.550+0000] {logging_mixin.py:188} INFO - [2025-08-04T19:05:00.549+0000] {dag.py:3954} INFO - Setting next_dagrun for tutorial to 2025-08-03 00:00:00+00:00, run_after=2025-08-04 00:00:00+00:00
[2025-08-04T19:05:00.607+0000] {processor.py:183} INFO - Processing /home/airflow/.local/lib/python3.12/site-packages/airflow/example_dags/tutorial.py took 0.222 seconds
[2025-08-04T19:05:30.781+0000] {processor.py:161} INFO - Started process (PID=765) to work on /home/airflow/.local/lib/python3.12/site-packages/airflow/example_dags/tutorial.py
[2025-08-04T19:05:30.783+0000] {processor.py:830} INFO - Processing file /home/airflow/.local/lib/python3.12/site-packages/airflow/example_dags/tutorial.py for tasks to queue
[2025-08-04T19:05:30.787+0000] {logging_mixin.py:188} INFO - [2025-08-04T19:05:30.786+0000] {dagbag.py:545} INFO - Filling up the DagBag from /home/airflow/.local/lib/python3.12/site-packages/airflow/example_dags/tutorial.py
[2025-08-04T19:05:30.801+0000] {processor.py:840} INFO - DAG(s) 'tutorial' retrieved from /home/airflow/.local/lib/python3.12/site-packages/airflow/example_dags/tutorial.py
[2025-08-04T19:05:30.846+0000] {logging_mixin.py:188} INFO - [2025-08-04T19:05:30.846+0000] {dag.py:3096} INFO - Sync 1 DAGs
[2025-08-04T19:05:30.886+0000] {logging_mixin.py:188} INFO - [2025-08-04T19:05:30.886+0000] {dag.py:3954} INFO - Setting next_dagrun for tutorial to 2025-08-03 00:00:00+00:00, run_after=2025-08-04 00:00:00+00:00
[2025-08-04T19:05:30.921+0000] {processor.py:183} INFO - Processing /home/airflow/.local/lib/python3.12/site-packages/airflow/example_dags/tutorial.py took 0.151 seconds
[2025-08-04T19:06:01.191+0000] {processor.py:161} INFO - Started process (PID=824) to work on /home/airflow/.local/lib/python3.12/site-packages/airflow/example_dags/tutorial.py
[2025-08-04T19:06:01.194+0000] {processor.py:830} INFO - Processing file /home/airflow/.local/lib/python3.12/site-packages/airflow/example_dags/tutorial.py for tasks to queue
[2025-08-04T19:06:01.198+0000] {logging_mixin.py:188} INFO - [2025-08-04T19:06:01.198+0000] {dagbag.py:545} INFO - Filling up the DagBag from /home/airflow/.local/lib/python3.12/site-packages/airflow/example_dags/tutorial.py
[2025-08-04T19:06:01.210+0000] {processor.py:840} INFO - DAG(s) 'tutorial' retrieved from /home/airflow/.local/lib/python3.12/site-packages/airflow/example_dags/tutorial.py
[2025-08-04T19:06:01.254+0000] {logging_mixin.py:188} INFO - [2025-08-04T19:06:01.254+0000] {dag.py:3096} INFO - Sync 1 DAGs
[2025-08-04T19:06:01.297+0000] {logging_mixin.py:188} INFO - [2025-08-04T19:06:01.297+0000] {dag.py:3954} INFO - Setting next_dagrun for tutorial to 2025-08-03 00:00:00+00:00, run_after=2025-08-04 00:00:00+00:00
[2025-08-04T19:06:01.344+0000] {processor.py:183} INFO - Processing /home/airflow/.local/lib/python3.12/site-packages/airflow/example_dags/tutorial.py took 0.164 seconds
[2025-08-04T19:06:31.961+0000] {processor.py:161} INFO - Started process (PID=885) to work on /home/airflow/.local/lib/python3.12/site-packages/airflow/example_dags/tutorial.py
[2025-08-04T19:06:31.963+0000] {processor.py:830} INFO - Processing file /home/airflow/.local/lib/python3.12/site-packages/airflow/example_dags/tutorial.py for tasks to queue
[2025-08-04T19:06:31.967+0000] {logging_mixin.py:188} INFO - [2025-08-04T19:06:31.966+0000] {dagbag.py:545} INFO - Filling up the DagBag from /home/airflow/.local/lib/python3.12/site-packages/airflow/example_dags/tutorial.py
[2025-08-04T19:06:31.977+0000] {processor.py:840} INFO - DAG(s) 'tutorial' retrieved from /home/airflow/.local/lib/python3.12/site-packages/airflow/example_dags/tutorial.py
[2025-08-04T19:06:32.016+0000] {logging_mixin.py:188} INFO - [2025-08-04T19:06:32.016+0000] {dag.py:3096} INFO - Sync 1 DAGs
[2025-08-04T19:06:32.054+0000] {logging_mixin.py:188} INFO - [2025-08-04T19:06:32.054+0000] {dag.py:3954} INFO - Setting next_dagrun for tutorial to 2025-08-03 00:00:00+00:00, run_after=2025-08-04 00:00:00+00:00
[2025-08-04T19:06:32.089+0000] {processor.py:183} INFO - Processing /home/airflow/.local/lib/python3.12/site-packages/airflow/example_dags/tutorial.py took 0.138 seconds
[2025-08-04T19:07:02.266+0000] {processor.py:161} INFO - Started process (PID=946) to work on /home/airflow/.local/lib/python3.12/site-packages/airflow/example_dags/tutorial.py
[2025-08-04T19:07:02.268+0000] {processor.py:830} INFO - Processing file /home/airflow/.local/lib/python3.12/site-packages/airflow/example_dags/tutorial.py for tasks to queue
[2025-08-04T19:07:02.273+0000] {logging_mixin.py:188} INFO - [2025-08-04T19:07:02.272+0000] {dagbag.py:545} INFO - Filling up the DagBag from /home/airflow/.local/lib/python3.12/site-packages/airflow/example_dags/tutorial.py
[2025-08-04T19:07:02.286+0000] {processor.py:840} INFO - DAG(s) 'tutorial' retrieved from /home/airflow/.local/lib/python3.12/site-packages/airflow/example_dags/tutorial.py
[2025-08-04T19:07:02.320+0000] {logging_mixin.py:188} INFO - [2025-08-04T19:07:02.319+0000] {dag.py:3096} INFO - Sync 1 DAGs
[2025-08-04T19:07:02.351+0000] {logging_mixin.py:188} INFO - [2025-08-04T19:07:02.350+0000] {dag.py:3954} INFO - Setting next_dagrun for tutorial to 2025-08-03 00:00:00+00:00, run_after=2025-08-04 00:00:00+00:00
[2025-08-04T19:07:02.378+0000] {processor.py:183} INFO - Processing /home/airflow/.local/lib/python3.12/site-packages/airflow/example_dags/tutorial.py took 0.123 seconds
[2025-08-04T19:07:32.703+0000] {processor.py:161} INFO - Started process (PID=1007) to work on /home/airflow/.local/lib/python3.12/site-packages/airflow/example_dags/tutorial.py
[2025-08-04T19:07:32.705+0000] {processor.py:830} INFO - Processing file /home/airflow/.local/lib/python3.12/site-packages/airflow/example_dags/tutorial.py for tasks to queue
[2025-08-04T19:07:32.709+0000] {logging_mixin.py:188} INFO - [2025-08-04T19:07:32.708+0000] {dagbag.py:545} INFO - Filling up the DagBag from /home/airflow/.local/lib/python3.12/site-packages/airflow/example_dags/tutorial.py
[2025-08-04T19:07:32.719+0000] {processor.py:840} INFO - DAG(s) 'tutorial' retrieved from /home/airflow/.local/lib/python3.12/site-packages/airflow/example_dags/tutorial.py
[2025-08-04T19:07:32.758+0000] {logging_mixin.py:188} INFO - [2025-08-04T19:07:32.758+0000] {dag.py:3096} INFO - Sync 1 DAGs
[2025-08-04T19:07:32.808+0000] {logging_mixin.py:188} INFO - [2025-08-04T19:07:32.808+0000] {dag.py:3954} INFO - Setting next_dagrun for tutorial to 2025-08-03 00:00:00+00:00, run_after=2025-08-04 00:00:00+00:00
[2025-08-04T19:07:32.858+0000] {processor.py:183} INFO - Processing /home/airflow/.local/lib/python3.12/site-packages/airflow/example_dags/tutorial.py took 0.163 seconds
[2025-08-04T19:08:03.155+0000] {processor.py:161} INFO - Started process (PID=1068) to work on /home/airflow/.local/lib/python3.12/site-packages/airflow/example_dags/tutorial.py
[2025-08-04T19:08:03.157+0000] {processor.py:830} INFO - Processing file /home/airflow/.local/lib/python3.12/site-packages/airflow/example_dags/tutorial.py for tasks to queue
[2025-08-04T19:08:03.160+0000] {logging_mixin.py:188} INFO - [2025-08-04T19:08:03.160+0000] {dagbag.py:545} INFO - Filling up the DagBag from /home/airflow/.local/lib/python3.12/site-packages/airflow/example_dags/tutorial.py
[2025-08-04T19:08:03.170+0000] {processor.py:840} INFO - DAG(s) 'tutorial' retrieved from /home/airflow/.local/lib/python3.12/site-packages/airflow/example_dags/tutorial.py
[2025-08-04T19:08:03.202+0000] {logging_mixin.py:188} INFO - [2025-08-04T19:08:03.201+0000] {dag.py:3096} INFO - Sync 1 DAGs
[2025-08-04T19:08:03.237+0000] {logging_mixin.py:188} INFO - [2025-08-04T19:08:03.236+0000] {dag.py:3954} INFO - Setting next_dagrun for tutorial to 2025-08-03 00:00:00+00:00, run_after=2025-08-04 00:00:00+00:00
[2025-08-04T19:08:03.273+0000] {processor.py:183} INFO - Processing /home/airflow/.local/lib/python3.12/site-packages/airflow/example_dags/tutorial.py took 0.127 seconds
[2025-08-04T19:08:33.598+0000] {processor.py:161} INFO - Started process (PID=1129) to work on /home/airflow/.local/lib/python3.12/site-packages/airflow/example_dags/tutorial.py
[2025-08-04T19:08:33.600+0000] {processor.py:830} INFO - Processing file /home/airflow/.local/lib/python3.12/site-packages/airflow/example_dags/tutorial.py for tasks to queue
[2025-08-04T19:08:33.603+0000] {logging_mixin.py:188} INFO - [2025-08-04T19:08:33.603+0000] {dagbag.py:545} INFO - Filling up the DagBag from /home/airflow/.local/lib/python3.12/site-packages/airflow/example_dags/tutorial.py
[2025-08-04T19:08:33.613+0000] {processor.py:840} INFO - DAG(s) 'tutorial' retrieved from /home/airflow/.local/lib/python3.12/site-packages/airflow/example_dags/tutorial.py
[2025-08-04T19:08:33.651+0000] {logging_mixin.py:188} INFO - [2025-08-04T19:08:33.651+0000] {dag.py:3096} INFO - Sync 1 DAGs
[2025-08-04T19:08:33.693+0000] {logging_mixin.py:188} INFO - [2025-08-04T19:08:33.693+0000] {dag.py:3954} INFO - Setting next_dagrun for tutorial to 2025-08-03 00:00:00+00:00, run_after=2025-08-04 00:00:00+00:00
[2025-08-04T19:08:33.735+0000] {processor.py:183} INFO - Processing /home/airflow/.local/lib/python3.12/site-packages/airflow/example_dags/tutorial.py took 0.145 seconds
[2025-08-04T19:09:04.349+0000] {processor.py:161} INFO - Started process (PID=1190) to work on /home/airflow/.local/lib/python3.12/site-packages/airflow/example_dags/tutorial.py
[2025-08-04T19:09:04.352+0000] {processor.py:830} INFO - Processing file /home/airflow/.local/lib/python3.12/site-packages/airflow/example_dags/tutorial.py for tasks to queue
[2025-08-04T19:09:04.361+0000] {logging_mixin.py:188} INFO - [2025-08-04T19:09:04.360+0000] {dagbag.py:545} INFO - Filling up the DagBag from /home/airflow/.local/lib/python3.12/site-packages/airflow/example_dags/tutorial.py
[2025-08-04T19:09:04.380+0000] {processor.py:840} INFO - DAG(s) 'tutorial' retrieved from /home/airflow/.local/lib/python3.12/site-packages/airflow/example_dags/tutorial.py
[2025-08-04T19:09:04.431+0000] {logging_mixin.py:188} INFO - [2025-08-04T19:09:04.430+0000] {dag.py:3096} INFO - Sync 1 DAGs
[2025-08-04T19:09:04.478+0000] {logging_mixin.py:188} INFO - [2025-08-04T19:09:04.478+0000] {dag.py:3954} INFO - Setting next_dagrun for tutorial to 2025-08-03 00:00:00+00:00, run_after=2025-08-04 00:00:00+00:00
[2025-08-04T19:09:04.529+0000] {processor.py:183} INFO - Processing /home/airflow/.local/lib/python3.12/site-packages/airflow/example_dags/tutorial.py took 0.201 seconds
[2025-08-04T19:09:34.842+0000] {processor.py:161} INFO - Started process (PID=1251) to work on /home/airflow/.local/lib/python3.12/site-packages/airflow/example_dags/tutorial.py
[2025-08-04T19:09:34.845+0000] {processor.py:830} INFO - Processing file /home/airflow/.local/lib/python3.12/site-packages/airflow/example_dags/tutorial.py for tasks to queue
[2025-08-04T19:09:34.848+0000] {logging_mixin.py:188} INFO - [2025-08-04T19:09:34.848+0000] {dagbag.py:545} INFO - Filling up the DagBag from /home/airflow/.local/lib/python3.12/site-packages/airflow/example_dags/tutorial.py
[2025-08-04T19:09:34.860+0000] {processor.py:840} INFO - DAG(s) 'tutorial' retrieved from /home/airflow/.local/lib/python3.12/site-packages/airflow/example_dags/tutorial.py
[2025-08-04T19:09:34.903+0000] {logging_mixin.py:188} INFO - [2025-08-04T19:09:34.902+0000] {dag.py:3096} INFO - Sync 1 DAGs
[2025-08-04T19:09:34.938+0000] {logging_mixin.py:188} INFO - [2025-08-04T19:09:34.937+0000] {dag.py:3954} INFO - Setting next_dagrun for tutorial to 2025-08-03 00:00:00+00:00, run_after=2025-08-04 00:00:00+00:00
[2025-08-04T19:09:34.971+0000] {processor.py:183} INFO - Processing /home/airflow/.local/lib/python3.12/site-packages/airflow/example_dags/tutorial.py took 0.139 seconds
[2025-08-04T19:10:05.211+0000] {processor.py:161} INFO - Started process (PID=1313) to work on /home/airflow/.local/lib/python3.12/site-packages/airflow/example_dags/tutorial.py
[2025-08-04T19:10:05.213+0000] {processor.py:830} INFO - Processing file /home/airflow/.local/lib/python3.12/site-packages/airflow/example_dags/tutorial.py for tasks to queue
[2025-08-04T19:10:05.217+0000] {logging_mixin.py:188} INFO - [2025-08-04T19:10:05.216+0000] {dagbag.py:545} INFO - Filling up the DagBag from /home/airflow/.local/lib/python3.12/site-packages/airflow/example_dags/tutorial.py
[2025-08-04T19:10:05.228+0000] {processor.py:840} INFO - DAG(s) 'tutorial' retrieved from /home/airflow/.local/lib/python3.12/site-packages/airflow/example_dags/tutorial.py
[2025-08-04T19:10:05.265+0000] {logging_mixin.py:188} INFO - [2025-08-04T19:10:05.265+0000] {dag.py:3096} INFO - Sync 1 DAGs
[2025-08-04T19:10:05.327+0000] {logging_mixin.py:188} INFO - [2025-08-04T19:10:05.326+0000] {dag.py:3954} INFO - Setting next_dagrun for tutorial to 2025-08-03 00:00:00+00:00, run_after=2025-08-04 00:00:00+00:00
[2025-08-04T19:10:05.377+0000] {processor.py:183} INFO - Processing /home/airflow/.local/lib/python3.12/site-packages/airflow/example_dags/tutorial.py took 0.176 seconds
[2025-08-04T19:10:35.705+0000] {processor.py:161} INFO - Started process (PID=1374) to work on /home/airflow/.local/lib/python3.12/site-packages/airflow/example_dags/tutorial.py
[2025-08-04T19:10:35.707+0000] {processor.py:830} INFO - Processing file /home/airflow/.local/lib/python3.12/site-packages/airflow/example_dags/tutorial.py for tasks to queue
[2025-08-04T19:10:35.711+0000] {logging_mixin.py:188} INFO - [2025-08-04T19:10:35.711+0000] {dagbag.py:545} INFO - Filling up the DagBag from /home/airflow/.local/lib/python3.12/site-packages/airflow/example_dags/tutorial.py
[2025-08-04T19:10:35.724+0000] {processor.py:840} INFO - DAG(s) 'tutorial' retrieved from /home/airflow/.local/lib/python3.12/site-packages/airflow/example_dags/tutorial.py
[2025-08-04T19:10:35.758+0000] {logging_mixin.py:188} INFO - [2025-08-04T19:10:35.758+0000] {dag.py:3096} INFO - Sync 1 DAGs
[2025-08-04T19:10:35.795+0000] {logging_mixin.py:188} INFO - [2025-08-04T19:10:35.795+0000] {dag.py:3954} INFO - Setting next_dagrun for tutorial to 2025-08-03 00:00:00+00:00, run_after=2025-08-04 00:00:00+00:00
[2025-08-04T19:10:35.835+0000] {processor.py:183} INFO - Processing /home/airflow/.local/lib/python3.12/site-packages/airflow/example_dags/tutorial.py took 0.140 seconds
[2025-08-04T19:11:06.497+0000] {processor.py:161} INFO - Started process (PID=1436) to work on /home/airflow/.local/lib/python3.12/site-packages/airflow/example_dags/tutorial.py
[2025-08-04T19:11:06.501+0000] {processor.py:830} INFO - Processing file /home/airflow/.local/lib/python3.12/site-packages/airflow/example_dags/tutorial.py for tasks to queue
[2025-08-04T19:11:06.509+0000] {logging_mixin.py:188} INFO - [2025-08-04T19:11:06.507+0000] {dagbag.py:545} INFO - Filling up the DagBag from /home/airflow/.local/lib/python3.12/site-packages/airflow/example_dags/tutorial.py
[2025-08-04T19:11:06.530+0000] {processor.py:840} INFO - DAG(s) 'tutorial' retrieved from /home/airflow/.local/lib/python3.12/site-packages/airflow/example_dags/tutorial.py
[2025-08-04T19:11:06.584+0000] {logging_mixin.py:188} INFO - [2025-08-04T19:11:06.583+0000] {dag.py:3096} INFO - Sync 1 DAGs
[2025-08-04T19:11:06.653+0000] {logging_mixin.py:188} INFO - [2025-08-04T19:11:06.652+0000] {dag.py:3954} INFO - Setting next_dagrun for tutorial to 2025-08-03 00:00:00+00:00, run_after=2025-08-04 00:00:00+00:00
[2025-08-04T19:11:06.716+0000] {processor.py:183} INFO - Processing /home/airflow/.local/lib/python3.12/site-packages/airflow/example_dags/tutorial.py took 0.230 seconds
[2025-08-04T19:11:37.167+0000] {processor.py:161} INFO - Started process (PID=1503) to work on /home/airflow/.local/lib/python3.12/site-packages/airflow/example_dags/tutorial.py
[2025-08-04T19:11:37.169+0000] {processor.py:830} INFO - Processing file /home/airflow/.local/lib/python3.12/site-packages/airflow/example_dags/tutorial.py for tasks to queue
[2025-08-04T19:11:37.173+0000] {logging_mixin.py:188} INFO - [2025-08-04T19:11:37.172+0000] {dagbag.py:545} INFO - Filling up the DagBag from /home/airflow/.local/lib/python3.12/site-packages/airflow/example_dags/tutorial.py
[2025-08-04T19:11:37.185+0000] {processor.py:840} INFO - DAG(s) 'tutorial' retrieved from /home/airflow/.local/lib/python3.12/site-packages/airflow/example_dags/tutorial.py
[2025-08-04T19:11:37.228+0000] {logging_mixin.py:188} INFO - [2025-08-04T19:11:37.227+0000] {dag.py:3096} INFO - Sync 1 DAGs
[2025-08-04T19:11:37.263+0000] {logging_mixin.py:188} INFO - [2025-08-04T19:11:37.263+0000] {dag.py:3954} INFO - Setting next_dagrun for tutorial to 2025-08-03 00:00:00+00:00, run_after=2025-08-04 00:00:00+00:00
[2025-08-04T19:11:37.305+0000] {processor.py:183} INFO - Processing /home/airflow/.local/lib/python3.12/site-packages/airflow/example_dags/tutorial.py took 0.147 seconds
[2025-08-04T19:12:07.444+0000] {processor.py:161} INFO - Started process (PID=1563) to work on /home/airflow/.local/lib/python3.12/site-packages/airflow/example_dags/tutorial.py
[2025-08-04T19:12:07.447+0000] {processor.py:830} INFO - Processing file /home/airflow/.local/lib/python3.12/site-packages/airflow/example_dags/tutorial.py for tasks to queue
[2025-08-04T19:12:07.450+0000] {logging_mixin.py:188} INFO - [2025-08-04T19:12:07.450+0000] {dagbag.py:545} INFO - Filling up the DagBag from /home/airflow/.local/lib/python3.12/site-packages/airflow/example_dags/tutorial.py
[2025-08-04T19:12:07.462+0000] {processor.py:840} INFO - DAG(s) 'tutorial' retrieved from /home/airflow/.local/lib/python3.12/site-packages/airflow/example_dags/tutorial.py
[2025-08-04T19:12:07.499+0000] {logging_mixin.py:188} INFO - [2025-08-04T19:12:07.499+0000] {dag.py:3096} INFO - Sync 1 DAGs
[2025-08-04T19:12:07.533+0000] {logging_mixin.py:188} INFO - [2025-08-04T19:12:07.532+0000] {dag.py:3954} INFO - Setting next_dagrun for tutorial to 2025-08-03 00:00:00+00:00, run_after=2025-08-04 00:00:00+00:00
[2025-08-04T19:12:07.576+0000] {processor.py:183} INFO - Processing /home/airflow/.local/lib/python3.12/site-packages/airflow/example_dags/tutorial.py took 0.143 seconds
[2025-08-04T19:12:37.737+0000] {processor.py:161} INFO - Started process (PID=1624) to work on /home/airflow/.local/lib/python3.12/site-packages/airflow/example_dags/tutorial.py
[2025-08-04T19:12:37.739+0000] {processor.py:830} INFO - Processing file /home/airflow/.local/lib/python3.12/site-packages/airflow/example_dags/tutorial.py for tasks to queue
[2025-08-04T19:12:37.742+0000] {logging_mixin.py:188} INFO - [2025-08-04T19:12:37.741+0000] {dagbag.py:545} INFO - Filling up the DagBag from /home/airflow/.local/lib/python3.12/site-packages/airflow/example_dags/tutorial.py
[2025-08-04T19:12:37.753+0000] {processor.py:840} INFO - DAG(s) 'tutorial' retrieved from /home/airflow/.local/lib/python3.12/site-packages/airflow/example_dags/tutorial.py
[2025-08-04T19:12:37.793+0000] {logging_mixin.py:188} INFO - [2025-08-04T19:12:37.792+0000] {dag.py:3096} INFO - Sync 1 DAGs
[2025-08-04T19:12:37.829+0000] {logging_mixin.py:188} INFO - [2025-08-04T19:12:37.828+0000] {dag.py:3954} INFO - Setting next_dagrun for tutorial to 2025-08-03 00:00:00+00:00, run_after=2025-08-04 00:00:00+00:00
[2025-08-04T19:12:37.870+0000] {processor.py:183} INFO - Processing /home/airflow/.local/lib/python3.12/site-packages/airflow/example_dags/tutorial.py took 0.142 seconds
[2025-08-04T19:24:46.094+0000] {processor.py:161} INFO - Started process (PID=1680) to work on /home/airflow/.local/lib/python3.12/site-packages/airflow/example_dags/tutorial.py
[2025-08-04T19:24:46.096+0000] {processor.py:830} INFO - Processing file /home/airflow/.local/lib/python3.12/site-packages/airflow/example_dags/tutorial.py for tasks to queue
[2025-08-04T19:24:46.100+0000] {logging_mixin.py:188} INFO - [2025-08-04T19:24:46.099+0000] {dagbag.py:545} INFO - Filling up the DagBag from /home/airflow/.local/lib/python3.12/site-packages/airflow/example_dags/tutorial.py
[2025-08-04T19:24:46.110+0000] {processor.py:840} INFO - DAG(s) 'tutorial' retrieved from /home/airflow/.local/lib/python3.12/site-packages/airflow/example_dags/tutorial.py
[2025-08-04T19:24:46.141+0000] {logging_mixin.py:188} INFO - [2025-08-04T19:24:46.140+0000] {dag.py:3096} INFO - Sync 1 DAGs
[2025-08-04T19:24:46.174+0000] {logging_mixin.py:188} INFO - [2025-08-04T19:24:46.173+0000] {dag.py:3954} INFO - Setting next_dagrun for tutorial to 2025-08-03 00:00:00+00:00, run_after=2025-08-04 00:00:00+00:00
[2025-08-04T19:24:46.207+0000] {processor.py:183} INFO - Processing /home/airflow/.local/lib/python3.12/site-packages/airflow/example_dags/tutorial.py took 0.121 seconds
[2025-08-04T19:25:16.374+0000] {processor.py:161} INFO - Started process (PID=1741) to work on /home/airflow/.local/lib/python3.12/site-packages/airflow/example_dags/tutorial.py
[2025-08-04T19:25:16.375+0000] {processor.py:830} INFO - Processing file /home/airflow/.local/lib/python3.12/site-packages/airflow/example_dags/tutorial.py for tasks to queue
[2025-08-04T19:25:16.378+0000] {logging_mixin.py:188} INFO - [2025-08-04T19:25:16.377+0000] {dagbag.py:545} INFO - Filling up the DagBag from /home/airflow/.local/lib/python3.12/site-packages/airflow/example_dags/tutorial.py
[2025-08-04T19:25:16.385+0000] {processor.py:840} INFO - DAG(s) 'tutorial' retrieved from /home/airflow/.local/lib/python3.12/site-packages/airflow/example_dags/tutorial.py
[2025-08-04T19:25:16.410+0000] {logging_mixin.py:188} INFO - [2025-08-04T19:25:16.410+0000] {dag.py:3096} INFO - Sync 1 DAGs
[2025-08-04T19:25:16.435+0000] {logging_mixin.py:188} INFO - [2025-08-04T19:25:16.435+0000] {dag.py:3954} INFO - Setting next_dagrun for tutorial to 2025-08-03 00:00:00+00:00, run_after=2025-08-04 00:00:00+00:00
[2025-08-04T19:25:16.461+0000] {processor.py:183} INFO - Processing /home/airflow/.local/lib/python3.12/site-packages/airflow/example_dags/tutorial.py took 0.094 seconds
[2025-08-04T19:25:46.899+0000] {processor.py:161} INFO - Started process (PID=1802) to work on /home/airflow/.local/lib/python3.12/site-packages/airflow/example_dags/tutorial.py
[2025-08-04T19:25:46.901+0000] {processor.py:830} INFO - Processing file /home/airflow/.local/lib/python3.12/site-packages/airflow/example_dags/tutorial.py for tasks to queue
[2025-08-04T19:25:46.903+0000] {logging_mixin.py:188} INFO - [2025-08-04T19:25:46.903+0000] {dagbag.py:545} INFO - Filling up the DagBag from /home/airflow/.local/lib/python3.12/site-packages/airflow/example_dags/tutorial.py
[2025-08-04T19:25:46.911+0000] {processor.py:840} INFO - DAG(s) 'tutorial' retrieved from /home/airflow/.local/lib/python3.12/site-packages/airflow/example_dags/tutorial.py
[2025-08-04T19:25:46.935+0000] {logging_mixin.py:188} INFO - [2025-08-04T19:25:46.934+0000] {dag.py:3096} INFO - Sync 1 DAGs
[2025-08-04T19:25:46.957+0000] {logging_mixin.py:188} INFO - [2025-08-04T19:25:46.957+0000] {dag.py:3954} INFO - Setting next_dagrun for tutorial to 2025-08-03 00:00:00+00:00, run_after=2025-08-04 00:00:00+00:00
[2025-08-04T19:25:46.982+0000] {processor.py:183} INFO - Processing /home/airflow/.local/lib/python3.12/site-packages/airflow/example_dags/tutorial.py took 0.089 seconds
[2025-08-04T19:26:17.088+0000] {processor.py:161} INFO - Started process (PID=1863) to work on /home/airflow/.local/lib/python3.12/site-packages/airflow/example_dags/tutorial.py
[2025-08-04T19:26:17.090+0000] {processor.py:830} INFO - Processing file /home/airflow/.local/lib/python3.12/site-packages/airflow/example_dags/tutorial.py for tasks to queue
[2025-08-04T19:26:17.092+0000] {logging_mixin.py:188} INFO - [2025-08-04T19:26:17.092+0000] {dagbag.py:545} INFO - Filling up the DagBag from /home/airflow/.local/lib/python3.12/site-packages/airflow/example_dags/tutorial.py
[2025-08-04T19:26:17.098+0000] {processor.py:840} INFO - DAG(s) 'tutorial' retrieved from /home/airflow/.local/lib/python3.12/site-packages/airflow/example_dags/tutorial.py
[2025-08-04T19:26:17.120+0000] {logging_mixin.py:188} INFO - [2025-08-04T19:26:17.119+0000] {dag.py:3096} INFO - Sync 1 DAGs
[2025-08-04T19:26:17.142+0000] {logging_mixin.py:188} INFO - [2025-08-04T19:26:17.142+0000] {dag.py:3954} INFO - Setting next_dagrun for tutorial to 2025-08-03 00:00:00+00:00, run_after=2025-08-04 00:00:00+00:00
[2025-08-04T19:26:17.161+0000] {processor.py:183} INFO - Processing /home/airflow/.local/lib/python3.12/site-packages/airflow/example_dags/tutorial.py took 0.078 seconds
[2025-08-04T19:26:47.512+0000] {processor.py:161} INFO - Started process (PID=1924) to work on /home/airflow/.local/lib/python3.12/site-packages/airflow/example_dags/tutorial.py
[2025-08-04T19:26:47.514+0000] {processor.py:830} INFO - Processing file /home/airflow/.local/lib/python3.12/site-packages/airflow/example_dags/tutorial.py for tasks to queue
[2025-08-04T19:26:47.516+0000] {logging_mixin.py:188} INFO - [2025-08-04T19:26:47.516+0000] {dagbag.py:545} INFO - Filling up the DagBag from /home/airflow/.local/lib/python3.12/site-packages/airflow/example_dags/tutorial.py
[2025-08-04T19:26:47.522+0000] {processor.py:840} INFO - DAG(s) 'tutorial' retrieved from /home/airflow/.local/lib/python3.12/site-packages/airflow/example_dags/tutorial.py
[2025-08-04T19:26:47.541+0000] {logging_mixin.py:188} INFO - [2025-08-04T19:26:47.541+0000] {dag.py:3096} INFO - Sync 1 DAGs
[2025-08-04T19:26:47.560+0000] {logging_mixin.py:188} INFO - [2025-08-04T19:26:47.560+0000] {dag.py:3954} INFO - Setting next_dagrun for tutorial to 2025-08-03 00:00:00+00:00, run_after=2025-08-04 00:00:00+00:00
[2025-08-04T19:26:47.577+0000] {processor.py:183} INFO - Processing /home/airflow/.local/lib/python3.12/site-packages/airflow/example_dags/tutorial.py took 0.070 seconds
[2025-08-04T19:27:18.012+0000] {processor.py:161} INFO - Started process (PID=1985) to work on /home/airflow/.local/lib/python3.12/site-packages/airflow/example_dags/tutorial.py
[2025-08-04T19:27:18.013+0000] {processor.py:830} INFO - Processing file /home/airflow/.local/lib/python3.12/site-packages/airflow/example_dags/tutorial.py for tasks to queue
[2025-08-04T19:27:18.015+0000] {logging_mixin.py:188} INFO - [2025-08-04T19:27:18.015+0000] {dagbag.py:545} INFO - Filling up the DagBag from /home/airflow/.local/lib/python3.12/site-packages/airflow/example_dags/tutorial.py
[2025-08-04T19:27:18.021+0000] {processor.py:840} INFO - DAG(s) 'tutorial' retrieved from /home/airflow/.local/lib/python3.12/site-packages/airflow/example_dags/tutorial.py
[2025-08-04T19:27:18.042+0000] {logging_mixin.py:188} INFO - [2025-08-04T19:27:18.042+0000] {dag.py:3096} INFO - Sync 1 DAGs
[2025-08-04T19:27:18.062+0000] {logging_mixin.py:188} INFO - [2025-08-04T19:27:18.061+0000] {dag.py:3954} INFO - Setting next_dagrun for tutorial to 2025-08-03 00:00:00+00:00, run_after=2025-08-04 00:00:00+00:00
[2025-08-04T19:27:18.079+0000] {processor.py:183} INFO - Processing /home/airflow/.local/lib/python3.12/site-packages/airflow/example_dags/tutorial.py took 0.072 seconds
[2025-08-04T19:59:40.077+0000] {processor.py:161} INFO - Started process (PID=2046) to work on /home/airflow/.local/lib/python3.12/site-packages/airflow/example_dags/tutorial.py
[2025-08-04T19:59:40.079+0000] {processor.py:830} INFO - Processing file /home/airflow/.local/lib/python3.12/site-packages/airflow/example_dags/tutorial.py for tasks to queue
[2025-08-04T19:59:40.086+0000] {logging_mixin.py:188} INFO - [2025-08-04T19:59:40.085+0000] {dagbag.py:545} INFO - Filling up the DagBag from /home/airflow/.local/lib/python3.12/site-packages/airflow/example_dags/tutorial.py
[2025-08-04T19:59:40.098+0000] {processor.py:840} INFO - DAG(s) 'tutorial' retrieved from /home/airflow/.local/lib/python3.12/site-packages/airflow/example_dags/tutorial.py
[2025-08-04T19:59:40.146+0000] {logging_mixin.py:188} INFO - [2025-08-04T19:59:40.145+0000] {dag.py:3096} INFO - Sync 1 DAGs
[2025-08-04T19:59:40.203+0000] {logging_mixin.py:188} INFO - [2025-08-04T19:59:40.202+0000] {dag.py:3954} INFO - Setting next_dagrun for tutorial to 2025-08-03 00:00:00+00:00, run_after=2025-08-04 00:00:00+00:00
[2025-08-04T19:59:40.271+0000] {processor.py:183} INFO - Processing /home/airflow/.local/lib/python3.12/site-packages/airflow/example_dags/tutorial.py took 0.207 seconds
[2025-08-04T20:00:11.132+0000] {processor.py:161} INFO - Started process (PID=2108) to work on /home/airflow/.local/lib/python3.12/site-packages/airflow/example_dags/tutorial.py
[2025-08-04T20:00:11.134+0000] {processor.py:830} INFO - Processing file /home/airflow/.local/lib/python3.12/site-packages/airflow/example_dags/tutorial.py for tasks to queue
[2025-08-04T20:00:11.139+0000] {logging_mixin.py:188} INFO - [2025-08-04T20:00:11.137+0000] {dagbag.py:545} INFO - Filling up the DagBag from /home/airflow/.local/lib/python3.12/site-packages/airflow/example_dags/tutorial.py
[2025-08-04T20:00:11.151+0000] {processor.py:840} INFO - DAG(s) 'tutorial' retrieved from /home/airflow/.local/lib/python3.12/site-packages/airflow/example_dags/tutorial.py
[2025-08-04T20:00:11.193+0000] {logging_mixin.py:188} INFO - [2025-08-04T20:00:11.192+0000] {dag.py:3096} INFO - Sync 1 DAGs
[2025-08-04T20:00:11.227+0000] {logging_mixin.py:188} INFO - [2025-08-04T20:00:11.227+0000] {dag.py:3954} INFO - Setting next_dagrun for tutorial to 2025-08-03 00:00:00+00:00, run_after=2025-08-04 00:00:00+00:00
[2025-08-04T20:00:11.260+0000] {processor.py:183} INFO - Processing /home/airflow/.local/lib/python3.12/site-packages/airflow/example_dags/tutorial.py took 0.137 seconds
[2025-08-04T20:00:42.016+0000] {processor.py:161} INFO - Started process (PID=2169) to work on /home/airflow/.local/lib/python3.12/site-packages/airflow/example_dags/tutorial.py
[2025-08-04T20:00:42.019+0000] {processor.py:830} INFO - Processing file /home/airflow/.local/lib/python3.12/site-packages/airflow/example_dags/tutorial.py for tasks to queue
[2025-08-04T20:00:42.026+0000] {logging_mixin.py:188} INFO - [2025-08-04T20:00:42.025+0000] {dagbag.py:545} INFO - Filling up the DagBag from /home/airflow/.local/lib/python3.12/site-packages/airflow/example_dags/tutorial.py
[2025-08-04T20:00:42.038+0000] {processor.py:840} INFO - DAG(s) 'tutorial' retrieved from /home/airflow/.local/lib/python3.12/site-packages/airflow/example_dags/tutorial.py
[2025-08-04T20:00:42.076+0000] {logging_mixin.py:188} INFO - [2025-08-04T20:00:42.075+0000] {dag.py:3096} INFO - Sync 1 DAGs
[2025-08-04T20:00:42.111+0000] {logging_mixin.py:188} INFO - [2025-08-04T20:00:42.110+0000] {dag.py:3954} INFO - Setting next_dagrun for tutorial to 2025-08-03 00:00:00+00:00, run_after=2025-08-04 00:00:00+00:00
[2025-08-04T20:00:42.144+0000] {processor.py:183} INFO - Processing /home/airflow/.local/lib/python3.12/site-packages/airflow/example_dags/tutorial.py took 0.140 seconds
[2025-08-04T20:01:12.302+0000] {processor.py:161} INFO - Started process (PID=2230) to work on /home/airflow/.local/lib/python3.12/site-packages/airflow/example_dags/tutorial.py
[2025-08-04T20:01:12.305+0000] {processor.py:830} INFO - Processing file /home/airflow/.local/lib/python3.12/site-packages/airflow/example_dags/tutorial.py for tasks to queue
[2025-08-04T20:01:12.310+0000] {logging_mixin.py:188} INFO - [2025-08-04T20:01:12.309+0000] {dagbag.py:545} INFO - Filling up the DagBag from /home/airflow/.local/lib/python3.12/site-packages/airflow/example_dags/tutorial.py
[2025-08-04T20:01:12.324+0000] {processor.py:840} INFO - DAG(s) 'tutorial' retrieved from /home/airflow/.local/lib/python3.12/site-packages/airflow/example_dags/tutorial.py
[2025-08-04T20:01:12.364+0000] {logging_mixin.py:188} INFO - [2025-08-04T20:01:12.363+0000] {dag.py:3096} INFO - Sync 1 DAGs
[2025-08-04T20:01:12.406+0000] {logging_mixin.py:188} INFO - [2025-08-04T20:01:12.406+0000] {dag.py:3954} INFO - Setting next_dagrun for tutorial to 2025-08-03 00:00:00+00:00, run_after=2025-08-04 00:00:00+00:00
[2025-08-04T20:01:12.455+0000] {processor.py:183} INFO - Processing /home/airflow/.local/lib/python3.12/site-packages/airflow/example_dags/tutorial.py took 0.164 seconds
[2025-08-04T20:01:42.573+0000] {processor.py:161} INFO - Started process (PID=2291) to work on /home/airflow/.local/lib/python3.12/site-packages/airflow/example_dags/tutorial.py
[2025-08-04T20:01:42.575+0000] {processor.py:830} INFO - Processing file /home/airflow/.local/lib/python3.12/site-packages/airflow/example_dags/tutorial.py for tasks to queue
[2025-08-04T20:01:42.579+0000] {logging_mixin.py:188} INFO - [2025-08-04T20:01:42.578+0000] {dagbag.py:545} INFO - Filling up the DagBag from /home/airflow/.local/lib/python3.12/site-packages/airflow/example_dags/tutorial.py
[2025-08-04T20:01:42.589+0000] {processor.py:840} INFO - DAG(s) 'tutorial' retrieved from /home/airflow/.local/lib/python3.12/site-packages/airflow/example_dags/tutorial.py
[2025-08-04T20:01:42.623+0000] {logging_mixin.py:188} INFO - [2025-08-04T20:01:42.622+0000] {dag.py:3096} INFO - Sync 1 DAGs
[2025-08-04T20:01:42.652+0000] {logging_mixin.py:188} INFO - [2025-08-04T20:01:42.652+0000] {dag.py:3954} INFO - Setting next_dagrun for tutorial to 2025-08-03 00:00:00+00:00, run_after=2025-08-04 00:00:00+00:00
[2025-08-04T20:01:42.689+0000] {processor.py:183} INFO - Processing /home/airflow/.local/lib/python3.12/site-packages/airflow/example_dags/tutorial.py took 0.124 seconds
[2025-08-04T20:02:13.499+0000] {processor.py:161} INFO - Started process (PID=2352) to work on /home/airflow/.local/lib/python3.12/site-packages/airflow/example_dags/tutorial.py
[2025-08-04T20:02:13.502+0000] {processor.py:830} INFO - Processing file /home/airflow/.local/lib/python3.12/site-packages/airflow/example_dags/tutorial.py for tasks to queue
[2025-08-04T20:02:13.511+0000] {logging_mixin.py:188} INFO - [2025-08-04T20:02:13.510+0000] {dagbag.py:545} INFO - Filling up the DagBag from /home/airflow/.local/lib/python3.12/site-packages/airflow/example_dags/tutorial.py
[2025-08-04T20:02:13.526+0000] {processor.py:840} INFO - DAG(s) 'tutorial' retrieved from /home/airflow/.local/lib/python3.12/site-packages/airflow/example_dags/tutorial.py
[2025-08-04T20:02:13.567+0000] {logging_mixin.py:188} INFO - [2025-08-04T20:02:13.567+0000] {dag.py:3096} INFO - Sync 1 DAGs
[2025-08-04T20:02:13.615+0000] {logging_mixin.py:188} INFO - [2025-08-04T20:02:13.614+0000] {dag.py:3954} INFO - Setting next_dagrun for tutorial to 2025-08-03 00:00:00+00:00, run_after=2025-08-04 00:00:00+00:00
[2025-08-04T20:02:13.656+0000] {processor.py:183} INFO - Processing /home/airflow/.local/lib/python3.12/site-packages/airflow/example_dags/tutorial.py took 0.171 seconds
[2025-08-04T20:02:43.791+0000] {processor.py:161} INFO - Started process (PID=2419) to work on /home/airflow/.local/lib/python3.12/site-packages/airflow/example_dags/tutorial.py
[2025-08-04T20:02:43.792+0000] {processor.py:830} INFO - Processing file /home/airflow/.local/lib/python3.12/site-packages/airflow/example_dags/tutorial.py for tasks to queue
[2025-08-04T20:02:43.797+0000] {logging_mixin.py:188} INFO - [2025-08-04T20:02:43.796+0000] {dagbag.py:545} INFO - Filling up the DagBag from /home/airflow/.local/lib/python3.12/site-packages/airflow/example_dags/tutorial.py
[2025-08-04T20:02:43.807+0000] {processor.py:840} INFO - DAG(s) 'tutorial' retrieved from /home/airflow/.local/lib/python3.12/site-packages/airflow/example_dags/tutorial.py
[2025-08-04T20:02:43.848+0000] {logging_mixin.py:188} INFO - [2025-08-04T20:02:43.847+0000] {dag.py:3096} INFO - Sync 1 DAGs
[2025-08-04T20:02:43.885+0000] {logging_mixin.py:188} INFO - [2025-08-04T20:02:43.884+0000] {dag.py:3954} INFO - Setting next_dagrun for tutorial to 2025-08-03 00:00:00+00:00, run_after=2025-08-04 00:00:00+00:00
[2025-08-04T20:02:43.936+0000] {processor.py:183} INFO - Processing /home/airflow/.local/lib/python3.12/site-packages/airflow/example_dags/tutorial.py took 0.155 seconds
[2025-08-04T20:03:14.367+0000] {processor.py:161} INFO - Started process (PID=2480) to work on /home/airflow/.local/lib/python3.12/site-packages/airflow/example_dags/tutorial.py
[2025-08-04T20:03:14.369+0000] {processor.py:830} INFO - Processing file /home/airflow/.local/lib/python3.12/site-packages/airflow/example_dags/tutorial.py for tasks to queue
[2025-08-04T20:03:14.374+0000] {logging_mixin.py:188} INFO - [2025-08-04T20:03:14.373+0000] {dagbag.py:545} INFO - Filling up the DagBag from /home/airflow/.local/lib/python3.12/site-packages/airflow/example_dags/tutorial.py
[2025-08-04T20:03:14.386+0000] {processor.py:840} INFO - DAG(s) 'tutorial' retrieved from /home/airflow/.local/lib/python3.12/site-packages/airflow/example_dags/tutorial.py
[2025-08-04T20:03:14.426+0000] {logging_mixin.py:188} INFO - [2025-08-04T20:03:14.426+0000] {dag.py:3096} INFO - Sync 1 DAGs
[2025-08-04T20:03:14.460+0000] {logging_mixin.py:188} INFO - [2025-08-04T20:03:14.460+0000] {dag.py:3954} INFO - Setting next_dagrun for tutorial to 2025-08-03 00:00:00+00:00, run_after=2025-08-04 00:00:00+00:00
[2025-08-04T20:03:14.501+0000] {processor.py:183} INFO - Processing /home/airflow/.local/lib/python3.12/site-packages/airflow/example_dags/tutorial.py took 0.146 seconds
[2025-08-04T20:03:45.169+0000] {processor.py:161} INFO - Started process (PID=2541) to work on /home/airflow/.local/lib/python3.12/site-packages/airflow/example_dags/tutorial.py
[2025-08-04T20:03:45.172+0000] {processor.py:830} INFO - Processing file /home/airflow/.local/lib/python3.12/site-packages/airflow/example_dags/tutorial.py for tasks to queue
[2025-08-04T20:03:45.181+0000] {logging_mixin.py:188} INFO - [2025-08-04T20:03:45.179+0000] {dagbag.py:545} INFO - Filling up the DagBag from /home/airflow/.local/lib/python3.12/site-packages/airflow/example_dags/tutorial.py
[2025-08-04T20:03:45.210+0000] {processor.py:840} INFO - DAG(s) 'tutorial' retrieved from /home/airflow/.local/lib/python3.12/site-packages/airflow/example_dags/tutorial.py
[2025-08-04T20:03:45.264+0000] {logging_mixin.py:188} INFO - [2025-08-04T20:03:45.264+0000] {dag.py:3096} INFO - Sync 1 DAGs
[2025-08-04T20:03:45.321+0000] {logging_mixin.py:188} INFO - [2025-08-04T20:03:45.321+0000] {dag.py:3954} INFO - Setting next_dagrun for tutorial to 2025-08-03 00:00:00+00:00, run_after=2025-08-04 00:00:00+00:00
[2025-08-04T20:03:45.365+0000] {processor.py:183} INFO - Processing /home/airflow/.local/lib/python3.12/site-packages/airflow/example_dags/tutorial.py took 0.216 seconds
[2025-08-04T20:04:15.474+0000] {processor.py:161} INFO - Started process (PID=2602) to work on /home/airflow/.local/lib/python3.12/site-packages/airflow/example_dags/tutorial.py
[2025-08-04T20:04:15.476+0000] {processor.py:830} INFO - Processing file /home/airflow/.local/lib/python3.12/site-packages/airflow/example_dags/tutorial.py for tasks to queue
[2025-08-04T20:04:15.479+0000] {logging_mixin.py:188} INFO - [2025-08-04T20:04:15.479+0000] {dagbag.py:545} INFO - Filling up the DagBag from /home/airflow/.local/lib/python3.12/site-packages/airflow/example_dags/tutorial.py
[2025-08-04T20:04:15.491+0000] {processor.py:840} INFO - DAG(s) 'tutorial' retrieved from /home/airflow/.local/lib/python3.12/site-packages/airflow/example_dags/tutorial.py
[2025-08-04T20:04:15.532+0000] {logging_mixin.py:188} INFO - [2025-08-04T20:04:15.532+0000] {dag.py:3096} INFO - Sync 1 DAGs
[2025-08-04T20:04:15.573+0000] {logging_mixin.py:188} INFO - [2025-08-04T20:04:15.573+0000] {dag.py:3954} INFO - Setting next_dagrun for tutorial to 2025-08-03 00:00:00+00:00, run_after=2025-08-04 00:00:00+00:00
[2025-08-04T20:04:15.627+0000] {processor.py:183} INFO - Processing /home/airflow/.local/lib/python3.12/site-packages/airflow/example_dags/tutorial.py took 0.162 seconds
[2025-08-04T20:04:46.522+0000] {processor.py:161} INFO - Started process (PID=2663) to work on /home/airflow/.local/lib/python3.12/site-packages/airflow/example_dags/tutorial.py
[2025-08-04T20:04:46.524+0000] {processor.py:830} INFO - Processing file /home/airflow/.local/lib/python3.12/site-packages/airflow/example_dags/tutorial.py for tasks to queue
[2025-08-04T20:04:46.529+0000] {logging_mixin.py:188} INFO - [2025-08-04T20:04:46.528+0000] {dagbag.py:545} INFO - Filling up the DagBag from /home/airflow/.local/lib/python3.12/site-packages/airflow/example_dags/tutorial.py
[2025-08-04T20:04:46.542+0000] {processor.py:840} INFO - DAG(s) 'tutorial' retrieved from /home/airflow/.local/lib/python3.12/site-packages/airflow/example_dags/tutorial.py
[2025-08-04T20:04:46.582+0000] {logging_mixin.py:188} INFO - [2025-08-04T20:04:46.582+0000] {dag.py:3096} INFO - Sync 1 DAGs
[2025-08-04T20:04:46.617+0000] {logging_mixin.py:188} INFO - [2025-08-04T20:04:46.617+0000] {dag.py:3954} INFO - Setting next_dagrun for tutorial to 2025-08-03 00:00:00+00:00, run_after=2025-08-04 00:00:00+00:00
[2025-08-04T20:04:46.659+0000] {processor.py:183} INFO - Processing /home/airflow/.local/lib/python3.12/site-packages/airflow/example_dags/tutorial.py took 0.151 seconds
[2025-08-04T20:05:16.816+0000] {processor.py:161} INFO - Started process (PID=2724) to work on /home/airflow/.local/lib/python3.12/site-packages/airflow/example_dags/tutorial.py
[2025-08-04T20:05:16.819+0000] {processor.py:830} INFO - Processing file /home/airflow/.local/lib/python3.12/site-packages/airflow/example_dags/tutorial.py for tasks to queue
[2025-08-04T20:05:16.823+0000] {logging_mixin.py:188} INFO - [2025-08-04T20:05:16.822+0000] {dagbag.py:545} INFO - Filling up the DagBag from /home/airflow/.local/lib/python3.12/site-packages/airflow/example_dags/tutorial.py
[2025-08-04T20:05:16.834+0000] {processor.py:840} INFO - DAG(s) 'tutorial' retrieved from /home/airflow/.local/lib/python3.12/site-packages/airflow/example_dags/tutorial.py
[2025-08-04T20:05:16.874+0000] {logging_mixin.py:188} INFO - [2025-08-04T20:05:16.873+0000] {dag.py:3096} INFO - Sync 1 DAGs
[2025-08-04T20:05:16.907+0000] {logging_mixin.py:188} INFO - [2025-08-04T20:05:16.907+0000] {dag.py:3954} INFO - Setting next_dagrun for tutorial to 2025-08-03 00:00:00+00:00, run_after=2025-08-04 00:00:00+00:00
[2025-08-04T20:05:16.941+0000] {processor.py:183} INFO - Processing /home/airflow/.local/lib/python3.12/site-packages/airflow/example_dags/tutorial.py took 0.136 seconds
[2025-08-04T20:05:47.498+0000] {processor.py:161} INFO - Started process (PID=2785) to work on /home/airflow/.local/lib/python3.12/site-packages/airflow/example_dags/tutorial.py
[2025-08-04T20:05:47.501+0000] {processor.py:830} INFO - Processing file /home/airflow/.local/lib/python3.12/site-packages/airflow/example_dags/tutorial.py for tasks to queue
[2025-08-04T20:05:47.505+0000] {logging_mixin.py:188} INFO - [2025-08-04T20:05:47.504+0000] {dagbag.py:545} INFO - Filling up the DagBag from /home/airflow/.local/lib/python3.12/site-packages/airflow/example_dags/tutorial.py
[2025-08-04T20:05:47.517+0000] {processor.py:840} INFO - DAG(s) 'tutorial' retrieved from /home/airflow/.local/lib/python3.12/site-packages/airflow/example_dags/tutorial.py
[2025-08-04T20:05:47.559+0000] {logging_mixin.py:188} INFO - [2025-08-04T20:05:47.558+0000] {dag.py:3096} INFO - Sync 1 DAGs
[2025-08-04T20:05:47.601+0000] {logging_mixin.py:188} INFO - [2025-08-04T20:05:47.601+0000] {dag.py:3954} INFO - Setting next_dagrun for tutorial to 2025-08-03 00:00:00+00:00, run_after=2025-08-04 00:00:00+00:00
[2025-08-04T20:05:47.641+0000] {processor.py:183} INFO - Processing /home/airflow/.local/lib/python3.12/site-packages/airflow/example_dags/tutorial.py took 0.155 seconds
[2025-08-04T20:13:16.576+0000] {processor.py:161} INFO - Started process (PID=2842) to work on /home/airflow/.local/lib/python3.12/site-packages/airflow/example_dags/tutorial.py
[2025-08-04T20:13:16.577+0000] {processor.py:830} INFO - Processing file /home/airflow/.local/lib/python3.12/site-packages/airflow/example_dags/tutorial.py for tasks to queue
[2025-08-04T20:13:16.579+0000] {logging_mixin.py:188} INFO - [2025-08-04T20:13:16.578+0000] {dagbag.py:545} INFO - Filling up the DagBag from /home/airflow/.local/lib/python3.12/site-packages/airflow/example_dags/tutorial.py
[2025-08-04T20:13:16.589+0000] {processor.py:840} INFO - DAG(s) 'tutorial' retrieved from /home/airflow/.local/lib/python3.12/site-packages/airflow/example_dags/tutorial.py
[2025-08-04T20:13:16.626+0000] {logging_mixin.py:188} INFO - [2025-08-04T20:13:16.626+0000] {dag.py:3096} INFO - Sync 1 DAGs
[2025-08-04T20:13:16.660+0000] {logging_mixin.py:188} INFO - [2025-08-04T20:13:16.659+0000] {dag.py:3954} INFO - Setting next_dagrun for tutorial to 2025-08-03 00:00:00+00:00, run_after=2025-08-04 00:00:00+00:00
[2025-08-04T20:13:16.690+0000] {processor.py:183} INFO - Processing /home/airflow/.local/lib/python3.12/site-packages/airflow/example_dags/tutorial.py took 0.124 seconds
[2025-08-04T20:13:48.103+0000] {processor.py:161} INFO - Started process (PID=2904) to work on /home/airflow/.local/lib/python3.12/site-packages/airflow/example_dags/tutorial.py
[2025-08-04T20:13:48.105+0000] {processor.py:830} INFO - Processing file /home/airflow/.local/lib/python3.12/site-packages/airflow/example_dags/tutorial.py for tasks to queue
[2025-08-04T20:13:48.107+0000] {logging_mixin.py:188} INFO - [2025-08-04T20:13:48.107+0000] {dagbag.py:545} INFO - Filling up the DagBag from /home/airflow/.local/lib/python3.12/site-packages/airflow/example_dags/tutorial.py
[2025-08-04T20:13:48.125+0000] {processor.py:840} INFO - DAG(s) 'tutorial' retrieved from /home/airflow/.local/lib/python3.12/site-packages/airflow/example_dags/tutorial.py
[2025-08-04T20:13:48.172+0000] {logging_mixin.py:188} INFO - [2025-08-04T20:13:48.172+0000] {dag.py:3096} INFO - Sync 1 DAGs
[2025-08-04T20:13:48.225+0000] {logging_mixin.py:188} INFO - [2025-08-04T20:13:48.225+0000] {dag.py:3954} INFO - Setting next_dagrun for tutorial to 2025-08-03 00:00:00+00:00, run_after=2025-08-04 00:00:00+00:00
[2025-08-04T20:13:48.262+0000] {processor.py:183} INFO - Processing /home/airflow/.local/lib/python3.12/site-packages/airflow/example_dags/tutorial.py took 0.170 seconds
[2025-08-04T20:14:19.560+0000] {processor.py:161} INFO - Started process (PID=2965) to work on /home/airflow/.local/lib/python3.12/site-packages/airflow/example_dags/tutorial.py
[2025-08-04T20:14:19.566+0000] {processor.py:830} INFO - Processing file /home/airflow/.local/lib/python3.12/site-packages/airflow/example_dags/tutorial.py for tasks to queue
[2025-08-04T20:14:19.570+0000] {logging_mixin.py:188} INFO - [2025-08-04T20:14:19.569+0000] {dagbag.py:545} INFO - Filling up the DagBag from /home/airflow/.local/lib/python3.12/site-packages/airflow/example_dags/tutorial.py
[2025-08-04T20:14:19.587+0000] {processor.py:840} INFO - DAG(s) 'tutorial' retrieved from /home/airflow/.local/lib/python3.12/site-packages/airflow/example_dags/tutorial.py
[2025-08-04T20:14:19.629+0000] {logging_mixin.py:188} INFO - [2025-08-04T20:14:19.628+0000] {dag.py:3096} INFO - Sync 1 DAGs
[2025-08-04T20:14:19.665+0000] {logging_mixin.py:188} INFO - [2025-08-04T20:14:19.665+0000] {dag.py:3954} INFO - Setting next_dagrun for tutorial to 2025-08-03 00:00:00+00:00, run_after=2025-08-04 00:00:00+00:00
[2025-08-04T20:14:19.705+0000] {processor.py:183} INFO - Processing /home/airflow/.local/lib/python3.12/site-packages/airflow/example_dags/tutorial.py took 0.163 seconds
[2025-08-04T20:14:50.987+0000] {processor.py:161} INFO - Started process (PID=3026) to work on /home/airflow/.local/lib/python3.12/site-packages/airflow/example_dags/tutorial.py
[2025-08-04T20:14:50.989+0000] {processor.py:830} INFO - Processing file /home/airflow/.local/lib/python3.12/site-packages/airflow/example_dags/tutorial.py for tasks to queue
[2025-08-04T20:14:50.991+0000] {logging_mixin.py:188} INFO - [2025-08-04T20:14:50.990+0000] {dagbag.py:545} INFO - Filling up the DagBag from /home/airflow/.local/lib/python3.12/site-packages/airflow/example_dags/tutorial.py
[2025-08-04T20:14:51.003+0000] {processor.py:840} INFO - DAG(s) 'tutorial' retrieved from /home/airflow/.local/lib/python3.12/site-packages/airflow/example_dags/tutorial.py
[2025-08-04T20:14:51.043+0000] {logging_mixin.py:188} INFO - [2025-08-04T20:14:51.042+0000] {dag.py:3096} INFO - Sync 1 DAGs
[2025-08-04T20:14:51.088+0000] {logging_mixin.py:188} INFO - [2025-08-04T20:14:51.087+0000] {dag.py:3954} INFO - Setting next_dagrun for tutorial to 2025-08-03 00:00:00+00:00, run_after=2025-08-04 00:00:00+00:00
[2025-08-04T20:14:51.122+0000] {processor.py:183} INFO - Processing /home/airflow/.local/lib/python3.12/site-packages/airflow/example_dags/tutorial.py took 0.148 seconds
[2025-08-04T20:15:22.648+0000] {processor.py:161} INFO - Started process (PID=3088) to work on /home/airflow/.local/lib/python3.12/site-packages/airflow/example_dags/tutorial.py
[2025-08-04T20:15:22.649+0000] {processor.py:830} INFO - Processing file /home/airflow/.local/lib/python3.12/site-packages/airflow/example_dags/tutorial.py for tasks to queue
[2025-08-04T20:15:22.651+0000] {logging_mixin.py:188} INFO - [2025-08-04T20:15:22.650+0000] {dagbag.py:545} INFO - Filling up the DagBag from /home/airflow/.local/lib/python3.12/site-packages/airflow/example_dags/tutorial.py
[2025-08-04T20:15:22.662+0000] {processor.py:840} INFO - DAG(s) 'tutorial' retrieved from /home/airflow/.local/lib/python3.12/site-packages/airflow/example_dags/tutorial.py
[2025-08-04T20:15:22.698+0000] {logging_mixin.py:188} INFO - [2025-08-04T20:15:22.698+0000] {dag.py:3096} INFO - Sync 1 DAGs
[2025-08-04T20:15:22.730+0000] {logging_mixin.py:188} INFO - [2025-08-04T20:15:22.730+0000] {dag.py:3954} INFO - Setting next_dagrun for tutorial to 2025-08-03 00:00:00+00:00, run_after=2025-08-04 00:00:00+00:00
[2025-08-04T20:15:22.770+0000] {processor.py:183} INFO - Processing /home/airflow/.local/lib/python3.12/site-packages/airflow/example_dags/tutorial.py took 0.131 seconds
[2025-08-04T20:15:54.338+0000] {processor.py:161} INFO - Started process (PID=3155) to work on /home/airflow/.local/lib/python3.12/site-packages/airflow/example_dags/tutorial.py
[2025-08-04T20:15:54.340+0000] {processor.py:830} INFO - Processing file /home/airflow/.local/lib/python3.12/site-packages/airflow/example_dags/tutorial.py for tasks to queue
[2025-08-04T20:15:54.342+0000] {logging_mixin.py:188} INFO - [2025-08-04T20:15:54.341+0000] {dagbag.py:545} INFO - Filling up the DagBag from /home/airflow/.local/lib/python3.12/site-packages/airflow/example_dags/tutorial.py
[2025-08-04T20:15:54.352+0000] {processor.py:840} INFO - DAG(s) 'tutorial' retrieved from /home/airflow/.local/lib/python3.12/site-packages/airflow/example_dags/tutorial.py
[2025-08-04T20:15:54.392+0000] {logging_mixin.py:188} INFO - [2025-08-04T20:15:54.391+0000] {dag.py:3096} INFO - Sync 1 DAGs
[2025-08-04T20:15:54.438+0000] {logging_mixin.py:188} INFO - [2025-08-04T20:15:54.437+0000] {dag.py:3954} INFO - Setting next_dagrun for tutorial to 2025-08-03 00:00:00+00:00, run_after=2025-08-04 00:00:00+00:00
[2025-08-04T20:15:54.479+0000] {processor.py:183} INFO - Processing /home/airflow/.local/lib/python3.12/site-packages/airflow/example_dags/tutorial.py took 0.150 seconds
[2025-08-04T20:16:25.168+0000] {processor.py:161} INFO - Started process (PID=3216) to work on /home/airflow/.local/lib/python3.12/site-packages/airflow/example_dags/tutorial.py
[2025-08-04T20:16:25.169+0000] {processor.py:830} INFO - Processing file /home/airflow/.local/lib/python3.12/site-packages/airflow/example_dags/tutorial.py for tasks to queue
[2025-08-04T20:16:25.170+0000] {logging_mixin.py:188} INFO - [2025-08-04T20:16:25.170+0000] {dagbag.py:545} INFO - Filling up the DagBag from /home/airflow/.local/lib/python3.12/site-packages/airflow/example_dags/tutorial.py
[2025-08-04T20:16:25.181+0000] {processor.py:840} INFO - DAG(s) 'tutorial' retrieved from /home/airflow/.local/lib/python3.12/site-packages/airflow/example_dags/tutorial.py
[2025-08-04T20:16:25.217+0000] {logging_mixin.py:188} INFO - [2025-08-04T20:16:25.217+0000] {dag.py:3096} INFO - Sync 1 DAGs
[2025-08-04T20:16:25.248+0000] {logging_mixin.py:188} INFO - [2025-08-04T20:16:25.247+0000] {dag.py:3954} INFO - Setting next_dagrun for tutorial to 2025-08-03 00:00:00+00:00, run_after=2025-08-04 00:00:00+00:00
[2025-08-04T20:16:25.286+0000] {processor.py:183} INFO - Processing /home/airflow/.local/lib/python3.12/site-packages/airflow/example_dags/tutorial.py took 0.127 seconds
[2025-08-04T20:16:56.162+0000] {processor.py:161} INFO - Started process (PID=3277) to work on /home/airflow/.local/lib/python3.12/site-packages/airflow/example_dags/tutorial.py
[2025-08-04T20:16:56.164+0000] {processor.py:830} INFO - Processing file /home/airflow/.local/lib/python3.12/site-packages/airflow/example_dags/tutorial.py for tasks to queue
[2025-08-04T20:16:56.166+0000] {logging_mixin.py:188} INFO - [2025-08-04T20:16:56.165+0000] {dagbag.py:545} INFO - Filling up the DagBag from /home/airflow/.local/lib/python3.12/site-packages/airflow/example_dags/tutorial.py
[2025-08-04T20:16:56.181+0000] {processor.py:840} INFO - DAG(s) 'tutorial' retrieved from /home/airflow/.local/lib/python3.12/site-packages/airflow/example_dags/tutorial.py
[2025-08-04T20:16:56.224+0000] {logging_mixin.py:188} INFO - [2025-08-04T20:16:56.224+0000] {dag.py:3096} INFO - Sync 1 DAGs
[2025-08-04T20:16:56.264+0000] {logging_mixin.py:188} INFO - [2025-08-04T20:16:56.263+0000] {dag.py:3954} INFO - Setting next_dagrun for tutorial to 2025-08-03 00:00:00+00:00, run_after=2025-08-04 00:00:00+00:00
[2025-08-04T20:16:56.323+0000] {processor.py:183} INFO - Processing /home/airflow/.local/lib/python3.12/site-packages/airflow/example_dags/tutorial.py took 0.173 seconds
[2025-08-04T20:17:27.131+0000] {processor.py:161} INFO - Started process (PID=3338) to work on /home/airflow/.local/lib/python3.12/site-packages/airflow/example_dags/tutorial.py
[2025-08-04T20:17:27.133+0000] {processor.py:830} INFO - Processing file /home/airflow/.local/lib/python3.12/site-packages/airflow/example_dags/tutorial.py for tasks to queue
[2025-08-04T20:17:27.135+0000] {logging_mixin.py:188} INFO - [2025-08-04T20:17:27.134+0000] {dagbag.py:545} INFO - Filling up the DagBag from /home/airflow/.local/lib/python3.12/site-packages/airflow/example_dags/tutorial.py
[2025-08-04T20:17:27.146+0000] {processor.py:840} INFO - DAG(s) 'tutorial' retrieved from /home/airflow/.local/lib/python3.12/site-packages/airflow/example_dags/tutorial.py
[2025-08-04T20:17:27.186+0000] {logging_mixin.py:188} INFO - [2025-08-04T20:17:27.186+0000] {dag.py:3096} INFO - Sync 1 DAGs
[2025-08-04T20:17:27.224+0000] {logging_mixin.py:188} INFO - [2025-08-04T20:17:27.224+0000] {dag.py:3954} INFO - Setting next_dagrun for tutorial to 2025-08-03 00:00:00+00:00, run_after=2025-08-04 00:00:00+00:00
[2025-08-04T20:17:27.265+0000] {processor.py:183} INFO - Processing /home/airflow/.local/lib/python3.12/site-packages/airflow/example_dags/tutorial.py took 0.146 seconds
[2025-08-04T20:17:57.425+0000] {processor.py:161} INFO - Started process (PID=3397) to work on /home/airflow/.local/lib/python3.12/site-packages/airflow/example_dags/tutorial.py
[2025-08-04T20:17:57.427+0000] {processor.py:830} INFO - Processing file /home/airflow/.local/lib/python3.12/site-packages/airflow/example_dags/tutorial.py for tasks to queue
[2025-08-04T20:17:57.429+0000] {logging_mixin.py:188} INFO - [2025-08-04T20:17:57.428+0000] {dagbag.py:545} INFO - Filling up the DagBag from /home/airflow/.local/lib/python3.12/site-packages/airflow/example_dags/tutorial.py
[2025-08-04T20:17:57.440+0000] {processor.py:840} INFO - DAG(s) 'tutorial' retrieved from /home/airflow/.local/lib/python3.12/site-packages/airflow/example_dags/tutorial.py
[2025-08-04T20:17:57.476+0000] {logging_mixin.py:188} INFO - [2025-08-04T20:17:57.475+0000] {dag.py:3096} INFO - Sync 1 DAGs
[2025-08-04T20:17:57.508+0000] {logging_mixin.py:188} INFO - [2025-08-04T20:17:57.508+0000] {dag.py:3954} INFO - Setting next_dagrun for tutorial to 2025-08-03 00:00:00+00:00, run_after=2025-08-04 00:00:00+00:00
[2025-08-04T20:17:57.544+0000] {processor.py:183} INFO - Processing /home/airflow/.local/lib/python3.12/site-packages/airflow/example_dags/tutorial.py took 0.129 seconds
[2025-08-04T20:18:28.479+0000] {processor.py:161} INFO - Started process (PID=3458) to work on /home/airflow/.local/lib/python3.12/site-packages/airflow/example_dags/tutorial.py
[2025-08-04T20:18:28.481+0000] {processor.py:830} INFO - Processing file /home/airflow/.local/lib/python3.12/site-packages/airflow/example_dags/tutorial.py for tasks to queue
[2025-08-04T20:18:28.483+0000] {logging_mixin.py:188} INFO - [2025-08-04T20:18:28.482+0000] {dagbag.py:545} INFO - Filling up the DagBag from /home/airflow/.local/lib/python3.12/site-packages/airflow/example_dags/tutorial.py
[2025-08-04T20:18:28.497+0000] {processor.py:840} INFO - DAG(s) 'tutorial' retrieved from /home/airflow/.local/lib/python3.12/site-packages/airflow/example_dags/tutorial.py
[2025-08-04T20:18:28.538+0000] {logging_mixin.py:188} INFO - [2025-08-04T20:18:28.538+0000] {dag.py:3096} INFO - Sync 1 DAGs
[2025-08-04T20:18:28.575+0000] {logging_mixin.py:188} INFO - [2025-08-04T20:18:28.574+0000] {dag.py:3954} INFO - Setting next_dagrun for tutorial to 2025-08-03 00:00:00+00:00, run_after=2025-08-04 00:00:00+00:00
[2025-08-04T20:18:28.618+0000] {processor.py:183} INFO - Processing /home/airflow/.local/lib/python3.12/site-packages/airflow/example_dags/tutorial.py took 0.150 seconds
[2025-08-04T20:18:59.219+0000] {processor.py:161} INFO - Started process (PID=3519) to work on /home/airflow/.local/lib/python3.12/site-packages/airflow/example_dags/tutorial.py
[2025-08-04T20:18:59.223+0000] {processor.py:830} INFO - Processing file /home/airflow/.local/lib/python3.12/site-packages/airflow/example_dags/tutorial.py for tasks to queue
[2025-08-04T20:18:59.225+0000] {logging_mixin.py:188} INFO - [2025-08-04T20:18:59.225+0000] {dagbag.py:545} INFO - Filling up the DagBag from /home/airflow/.local/lib/python3.12/site-packages/airflow/example_dags/tutorial.py
[2025-08-04T20:18:59.247+0000] {processor.py:840} INFO - DAG(s) 'tutorial' retrieved from /home/airflow/.local/lib/python3.12/site-packages/airflow/example_dags/tutorial.py
[2025-08-04T20:18:59.313+0000] {logging_mixin.py:188} INFO - [2025-08-04T20:18:59.313+0000] {dag.py:3096} INFO - Sync 1 DAGs
[2025-08-04T20:18:59.387+0000] {logging_mixin.py:188} INFO - [2025-08-04T20:18:59.386+0000] {dag.py:3954} INFO - Setting next_dagrun for tutorial to 2025-08-03 00:00:00+00:00, run_after=2025-08-04 00:00:00+00:00
[2025-08-04T20:18:59.435+0000] {processor.py:183} INFO - Processing /home/airflow/.local/lib/python3.12/site-packages/airflow/example_dags/tutorial.py took 0.233 seconds
[2025-08-04T20:19:29.792+0000] {processor.py:161} INFO - Started process (PID=3580) to work on /home/airflow/.local/lib/python3.12/site-packages/airflow/example_dags/tutorial.py
[2025-08-04T20:19:29.794+0000] {processor.py:830} INFO - Processing file /home/airflow/.local/lib/python3.12/site-packages/airflow/example_dags/tutorial.py for tasks to queue
[2025-08-04T20:19:29.796+0000] {logging_mixin.py:188} INFO - [2025-08-04T20:19:29.796+0000] {dagbag.py:545} INFO - Filling up the DagBag from /home/airflow/.local/lib/python3.12/site-packages/airflow/example_dags/tutorial.py
[2025-08-04T20:19:29.811+0000] {processor.py:840} INFO - DAG(s) 'tutorial' retrieved from /home/airflow/.local/lib/python3.12/site-packages/airflow/example_dags/tutorial.py
[2025-08-04T20:19:29.854+0000] {logging_mixin.py:188} INFO - [2025-08-04T20:19:29.853+0000] {dag.py:3096} INFO - Sync 1 DAGs
[2025-08-04T20:19:29.894+0000] {logging_mixin.py:188} INFO - [2025-08-04T20:19:29.894+0000] {dag.py:3954} INFO - Setting next_dagrun for tutorial to 2025-08-03 00:00:00+00:00, run_after=2025-08-04 00:00:00+00:00
[2025-08-04T20:19:29.927+0000] {processor.py:183} INFO - Processing /home/airflow/.local/lib/python3.12/site-packages/airflow/example_dags/tutorial.py took 0.147 seconds
[2025-08-04T20:20:00.492+0000] {processor.py:161} INFO - Started process (PID=3641) to work on /home/airflow/.local/lib/python3.12/site-packages/airflow/example_dags/tutorial.py
[2025-08-04T20:20:00.495+0000] {processor.py:830} INFO - Processing file /home/airflow/.local/lib/python3.12/site-packages/airflow/example_dags/tutorial.py for tasks to queue
[2025-08-04T20:20:00.497+0000] {logging_mixin.py:188} INFO - [2025-08-04T20:20:00.496+0000] {dagbag.py:545} INFO - Filling up the DagBag from /home/airflow/.local/lib/python3.12/site-packages/airflow/example_dags/tutorial.py
[2025-08-04T20:20:00.508+0000] {processor.py:840} INFO - DAG(s) 'tutorial' retrieved from /home/airflow/.local/lib/python3.12/site-packages/airflow/example_dags/tutorial.py
[2025-08-04T20:20:00.547+0000] {logging_mixin.py:188} INFO - [2025-08-04T20:20:00.546+0000] {dag.py:3096} INFO - Sync 1 DAGs
[2025-08-04T20:20:00.580+0000] {logging_mixin.py:188} INFO - [2025-08-04T20:20:00.580+0000] {dag.py:3954} INFO - Setting next_dagrun for tutorial to 2025-08-03 00:00:00+00:00, run_after=2025-08-04 00:00:00+00:00
[2025-08-04T20:20:00.618+0000] {processor.py:183} INFO - Processing /home/airflow/.local/lib/python3.12/site-packages/airflow/example_dags/tutorial.py took 0.138 seconds
[2025-08-04T20:20:30.811+0000] {processor.py:161} INFO - Started process (PID=3702) to work on /home/airflow/.local/lib/python3.12/site-packages/airflow/example_dags/tutorial.py
[2025-08-04T20:20:30.814+0000] {processor.py:830} INFO - Processing file /home/airflow/.local/lib/python3.12/site-packages/airflow/example_dags/tutorial.py for tasks to queue
[2025-08-04T20:20:30.816+0000] {logging_mixin.py:188} INFO - [2025-08-04T20:20:30.815+0000] {dagbag.py:545} INFO - Filling up the DagBag from /home/airflow/.local/lib/python3.12/site-packages/airflow/example_dags/tutorial.py
[2025-08-04T20:20:30.830+0000] {processor.py:840} INFO - DAG(s) 'tutorial' retrieved from /home/airflow/.local/lib/python3.12/site-packages/airflow/example_dags/tutorial.py
[2025-08-04T20:20:30.871+0000] {logging_mixin.py:188} INFO - [2025-08-04T20:20:30.871+0000] {dag.py:3096} INFO - Sync 1 DAGs
[2025-08-04T20:20:30.913+0000] {logging_mixin.py:188} INFO - [2025-08-04T20:20:30.913+0000] {dag.py:3954} INFO - Setting next_dagrun for tutorial to 2025-08-03 00:00:00+00:00, run_after=2025-08-04 00:00:00+00:00
[2025-08-04T20:20:30.945+0000] {processor.py:183} INFO - Processing /home/airflow/.local/lib/python3.12/site-packages/airflow/example_dags/tutorial.py took 0.145 seconds
[2025-08-04T20:21:01.327+0000] {processor.py:161} INFO - Started process (PID=3763) to work on /home/airflow/.local/lib/python3.12/site-packages/airflow/example_dags/tutorial.py
[2025-08-04T20:21:01.329+0000] {processor.py:830} INFO - Processing file /home/airflow/.local/lib/python3.12/site-packages/airflow/example_dags/tutorial.py for tasks to queue
[2025-08-04T20:21:01.331+0000] {logging_mixin.py:188} INFO - [2025-08-04T20:21:01.331+0000] {dagbag.py:545} INFO - Filling up the DagBag from /home/airflow/.local/lib/python3.12/site-packages/airflow/example_dags/tutorial.py
[2025-08-04T20:21:01.346+0000] {processor.py:840} INFO - DAG(s) 'tutorial' retrieved from /home/airflow/.local/lib/python3.12/site-packages/airflow/example_dags/tutorial.py
[2025-08-04T20:21:01.386+0000] {logging_mixin.py:188} INFO - [2025-08-04T20:21:01.386+0000] {dag.py:3096} INFO - Sync 1 DAGs
[2025-08-04T20:21:01.425+0000] {logging_mixin.py:188} INFO - [2025-08-04T20:21:01.424+0000] {dag.py:3954} INFO - Setting next_dagrun for tutorial to 2025-08-03 00:00:00+00:00, run_after=2025-08-04 00:00:00+00:00
[2025-08-04T20:21:01.471+0000] {processor.py:183} INFO - Processing /home/airflow/.local/lib/python3.12/site-packages/airflow/example_dags/tutorial.py took 0.156 seconds
[2025-08-04T20:21:31.737+0000] {processor.py:161} INFO - Started process (PID=3824) to work on /home/airflow/.local/lib/python3.12/site-packages/airflow/example_dags/tutorial.py
[2025-08-04T20:21:31.739+0000] {processor.py:830} INFO - Processing file /home/airflow/.local/lib/python3.12/site-packages/airflow/example_dags/tutorial.py for tasks to queue
[2025-08-04T20:21:31.740+0000] {logging_mixin.py:188} INFO - [2025-08-04T20:21:31.740+0000] {dagbag.py:545} INFO - Filling up the DagBag from /home/airflow/.local/lib/python3.12/site-packages/airflow/example_dags/tutorial.py
[2025-08-04T20:21:31.752+0000] {processor.py:840} INFO - DAG(s) 'tutorial' retrieved from /home/airflow/.local/lib/python3.12/site-packages/airflow/example_dags/tutorial.py
[2025-08-04T20:21:31.787+0000] {logging_mixin.py:188} INFO - [2025-08-04T20:21:31.787+0000] {dag.py:3096} INFO - Sync 1 DAGs
[2025-08-04T20:21:31.820+0000] {logging_mixin.py:188} INFO - [2025-08-04T20:21:31.819+0000] {dag.py:3954} INFO - Setting next_dagrun for tutorial to 2025-08-03 00:00:00+00:00, run_after=2025-08-04 00:00:00+00:00
[2025-08-04T20:21:31.849+0000] {processor.py:183} INFO - Processing /home/airflow/.local/lib/python3.12/site-packages/airflow/example_dags/tutorial.py took 0.121 seconds
[2025-08-04T20:22:03.087+0000] {processor.py:161} INFO - Started process (PID=3885) to work on /home/airflow/.local/lib/python3.12/site-packages/airflow/example_dags/tutorial.py
[2025-08-04T20:22:03.090+0000] {processor.py:830} INFO - Processing file /home/airflow/.local/lib/python3.12/site-packages/airflow/example_dags/tutorial.py for tasks to queue
[2025-08-04T20:22:03.092+0000] {logging_mixin.py:188} INFO - [2025-08-04T20:22:03.092+0000] {dagbag.py:545} INFO - Filling up the DagBag from /home/airflow/.local/lib/python3.12/site-packages/airflow/example_dags/tutorial.py
[2025-08-04T20:22:03.108+0000] {processor.py:840} INFO - DAG(s) 'tutorial' retrieved from /home/airflow/.local/lib/python3.12/site-packages/airflow/example_dags/tutorial.py
[2025-08-04T20:22:03.143+0000] {logging_mixin.py:188} INFO - [2025-08-04T20:22:03.142+0000] {dag.py:3096} INFO - Sync 1 DAGs
[2025-08-04T20:22:03.177+0000] {logging_mixin.py:188} INFO - [2025-08-04T20:22:03.176+0000] {dag.py:3954} INFO - Setting next_dagrun for tutorial to 2025-08-03 00:00:00+00:00, run_after=2025-08-04 00:00:00+00:00
[2025-08-04T20:22:03.209+0000] {processor.py:183} INFO - Processing /home/airflow/.local/lib/python3.12/site-packages/airflow/example_dags/tutorial.py took 0.134 seconds
[2025-08-04T20:22:33.626+0000] {processor.py:161} INFO - Started process (PID=3947) to work on /home/airflow/.local/lib/python3.12/site-packages/airflow/example_dags/tutorial.py
[2025-08-04T20:22:33.628+0000] {processor.py:830} INFO - Processing file /home/airflow/.local/lib/python3.12/site-packages/airflow/example_dags/tutorial.py for tasks to queue
[2025-08-04T20:22:33.630+0000] {logging_mixin.py:188} INFO - [2025-08-04T20:22:33.629+0000] {dagbag.py:545} INFO - Filling up the DagBag from /home/airflow/.local/lib/python3.12/site-packages/airflow/example_dags/tutorial.py
[2025-08-04T20:22:33.642+0000] {processor.py:840} INFO - DAG(s) 'tutorial' retrieved from /home/airflow/.local/lib/python3.12/site-packages/airflow/example_dags/tutorial.py
[2025-08-04T20:22:33.679+0000] {logging_mixin.py:188} INFO - [2025-08-04T20:22:33.679+0000] {dag.py:3096} INFO - Sync 1 DAGs
[2025-08-04T20:22:33.716+0000] {logging_mixin.py:188} INFO - [2025-08-04T20:22:33.715+0000] {dag.py:3954} INFO - Setting next_dagrun for tutorial to 2025-08-03 00:00:00+00:00, run_after=2025-08-04 00:00:00+00:00
[2025-08-04T20:22:33.742+0000] {processor.py:183} INFO - Processing /home/airflow/.local/lib/python3.12/site-packages/airflow/example_dags/tutorial.py took 0.125 seconds
[2025-08-04T21:10:24.635+0000] {processor.py:161} INFO - Started process (PID=4008) to work on /home/airflow/.local/lib/python3.12/site-packages/airflow/example_dags/tutorial.py
[2025-08-04T21:10:24.637+0000] {processor.py:830} INFO - Processing file /home/airflow/.local/lib/python3.12/site-packages/airflow/example_dags/tutorial.py for tasks to queue
[2025-08-04T21:10:24.639+0000] {logging_mixin.py:188} INFO - [2025-08-04T21:10:24.638+0000] {dagbag.py:545} INFO - Filling up the DagBag from /home/airflow/.local/lib/python3.12/site-packages/airflow/example_dags/tutorial.py
[2025-08-04T21:10:24.653+0000] {processor.py:840} INFO - DAG(s) 'tutorial' retrieved from /home/airflow/.local/lib/python3.12/site-packages/airflow/example_dags/tutorial.py
[2025-08-04T21:10:24.696+0000] {logging_mixin.py:188} INFO - [2025-08-04T21:10:24.696+0000] {dag.py:3096} INFO - Sync 1 DAGs
[2025-08-04T21:10:24.742+0000] {logging_mixin.py:188} INFO - [2025-08-04T21:10:24.742+0000] {dag.py:3954} INFO - Setting next_dagrun for tutorial to 2025-08-03 00:00:00+00:00, run_after=2025-08-04 00:00:00+00:00
[2025-08-04T21:10:24.782+0000] {processor.py:183} INFO - Processing /home/airflow/.local/lib/python3.12/site-packages/airflow/example_dags/tutorial.py took 0.157 seconds
[2025-08-04T21:10:55.016+0000] {processor.py:161} INFO - Started process (PID=4070) to work on /home/airflow/.local/lib/python3.12/site-packages/airflow/example_dags/tutorial.py
[2025-08-04T21:10:55.018+0000] {processor.py:830} INFO - Processing file /home/airflow/.local/lib/python3.12/site-packages/airflow/example_dags/tutorial.py for tasks to queue
[2025-08-04T21:10:55.020+0000] {logging_mixin.py:188} INFO - [2025-08-04T21:10:55.019+0000] {dagbag.py:545} INFO - Filling up the DagBag from /home/airflow/.local/lib/python3.12/site-packages/airflow/example_dags/tutorial.py
[2025-08-04T21:10:55.030+0000] {processor.py:840} INFO - DAG(s) 'tutorial' retrieved from /home/airflow/.local/lib/python3.12/site-packages/airflow/example_dags/tutorial.py
[2025-08-04T21:10:55.060+0000] {logging_mixin.py:188} INFO - [2025-08-04T21:10:55.060+0000] {dag.py:3096} INFO - Sync 1 DAGs
[2025-08-04T21:10:55.091+0000] {logging_mixin.py:188} INFO - [2025-08-04T21:10:55.090+0000] {dag.py:3954} INFO - Setting next_dagrun for tutorial to 2025-08-03 00:00:00+00:00, run_after=2025-08-04 00:00:00+00:00
[2025-08-04T21:10:55.120+0000] {processor.py:183} INFO - Processing /home/airflow/.local/lib/python3.12/site-packages/airflow/example_dags/tutorial.py took 0.111 seconds
[2025-08-04T21:11:26.305+0000] {processor.py:161} INFO - Started process (PID=4130) to work on /home/airflow/.local/lib/python3.12/site-packages/airflow/example_dags/tutorial.py
[2025-08-04T21:11:26.307+0000] {processor.py:830} INFO - Processing file /home/airflow/.local/lib/python3.12/site-packages/airflow/example_dags/tutorial.py for tasks to queue
[2025-08-04T21:11:26.309+0000] {logging_mixin.py:188} INFO - [2025-08-04T21:11:26.308+0000] {dagbag.py:545} INFO - Filling up the DagBag from /home/airflow/.local/lib/python3.12/site-packages/airflow/example_dags/tutorial.py
[2025-08-04T21:11:26.321+0000] {processor.py:840} INFO - DAG(s) 'tutorial' retrieved from /home/airflow/.local/lib/python3.12/site-packages/airflow/example_dags/tutorial.py
[2025-08-04T21:11:26.360+0000] {logging_mixin.py:188} INFO - [2025-08-04T21:11:26.360+0000] {dag.py:3096} INFO - Sync 1 DAGs
[2025-08-04T21:11:26.395+0000] {logging_mixin.py:188} INFO - [2025-08-04T21:11:26.395+0000] {dag.py:3954} INFO - Setting next_dagrun for tutorial to 2025-08-03 00:00:00+00:00, run_after=2025-08-04 00:00:00+00:00
[2025-08-04T21:11:26.435+0000] {processor.py:183} INFO - Processing /home/airflow/.local/lib/python3.12/site-packages/airflow/example_dags/tutorial.py took 0.140 seconds
[2025-08-04T21:11:57.759+0000] {processor.py:161} INFO - Started process (PID=4191) to work on /home/airflow/.local/lib/python3.12/site-packages/airflow/example_dags/tutorial.py
[2025-08-04T21:11:57.761+0000] {processor.py:830} INFO - Processing file /home/airflow/.local/lib/python3.12/site-packages/airflow/example_dags/tutorial.py for tasks to queue
[2025-08-04T21:11:57.763+0000] {logging_mixin.py:188} INFO - [2025-08-04T21:11:57.763+0000] {dagbag.py:545} INFO - Filling up the DagBag from /home/airflow/.local/lib/python3.12/site-packages/airflow/example_dags/tutorial.py
[2025-08-04T21:11:57.778+0000] {processor.py:840} INFO - DAG(s) 'tutorial' retrieved from /home/airflow/.local/lib/python3.12/site-packages/airflow/example_dags/tutorial.py
[2025-08-04T21:11:57.822+0000] {logging_mixin.py:188} INFO - [2025-08-04T21:11:57.821+0000] {dag.py:3096} INFO - Sync 1 DAGs
[2025-08-04T21:11:57.864+0000] {logging_mixin.py:188} INFO - [2025-08-04T21:11:57.863+0000] {dag.py:3954} INFO - Setting next_dagrun for tutorial to 2025-08-03 00:00:00+00:00, run_after=2025-08-04 00:00:00+00:00
[2025-08-04T21:11:57.915+0000] {processor.py:183} INFO - Processing /home/airflow/.local/lib/python3.12/site-packages/airflow/example_dags/tutorial.py took 0.167 seconds
[2025-08-04T21:12:28.297+0000] {processor.py:161} INFO - Started process (PID=4252) to work on /home/airflow/.local/lib/python3.12/site-packages/airflow/example_dags/tutorial.py
[2025-08-04T21:12:28.300+0000] {processor.py:830} INFO - Processing file /home/airflow/.local/lib/python3.12/site-packages/airflow/example_dags/tutorial.py for tasks to queue
[2025-08-04T21:12:28.303+0000] {logging_mixin.py:188} INFO - [2025-08-04T21:12:28.302+0000] {dagbag.py:545} INFO - Filling up the DagBag from /home/airflow/.local/lib/python3.12/site-packages/airflow/example_dags/tutorial.py
[2025-08-04T21:12:28.324+0000] {processor.py:840} INFO - DAG(s) 'tutorial' retrieved from /home/airflow/.local/lib/python3.12/site-packages/airflow/example_dags/tutorial.py
[2025-08-04T21:12:28.383+0000] {logging_mixin.py:188} INFO - [2025-08-04T21:12:28.382+0000] {dag.py:3096} INFO - Sync 1 DAGs
[2025-08-04T21:12:28.443+0000] {logging_mixin.py:188} INFO - [2025-08-04T21:12:28.442+0000] {dag.py:3954} INFO - Setting next_dagrun for tutorial to 2025-08-03 00:00:00+00:00, run_after=2025-08-04 00:00:00+00:00
[2025-08-04T21:12:28.499+0000] {processor.py:183} INFO - Processing /home/airflow/.local/lib/python3.12/site-packages/airflow/example_dags/tutorial.py took 0.215 seconds
[2025-08-04T21:12:58.750+0000] {processor.py:161} INFO - Started process (PID=4312) to work on /home/airflow/.local/lib/python3.12/site-packages/airflow/example_dags/tutorial.py
[2025-08-04T21:12:58.753+0000] {processor.py:830} INFO - Processing file /home/airflow/.local/lib/python3.12/site-packages/airflow/example_dags/tutorial.py for tasks to queue
[2025-08-04T21:12:58.756+0000] {logging_mixin.py:188} INFO - [2025-08-04T21:12:58.755+0000] {dagbag.py:545} INFO - Filling up the DagBag from /home/airflow/.local/lib/python3.12/site-packages/airflow/example_dags/tutorial.py
[2025-08-04T21:12:58.775+0000] {processor.py:840} INFO - DAG(s) 'tutorial' retrieved from /home/airflow/.local/lib/python3.12/site-packages/airflow/example_dags/tutorial.py
[2025-08-04T21:12:58.846+0000] {logging_mixin.py:188} INFO - [2025-08-04T21:12:58.845+0000] {dag.py:3096} INFO - Sync 1 DAGs
[2025-08-04T21:12:58.915+0000] {logging_mixin.py:188} INFO - [2025-08-04T21:12:58.914+0000] {dag.py:3954} INFO - Setting next_dagrun for tutorial to 2025-08-03 00:00:00+00:00, run_after=2025-08-04 00:00:00+00:00
[2025-08-04T21:12:58.993+0000] {processor.py:183} INFO - Processing /home/airflow/.local/lib/python3.12/site-packages/airflow/example_dags/tutorial.py took 0.255 seconds
[2025-08-04T21:13:29.221+0000] {processor.py:161} INFO - Started process (PID=4373) to work on /home/airflow/.local/lib/python3.12/site-packages/airflow/example_dags/tutorial.py
[2025-08-04T21:13:29.224+0000] {processor.py:830} INFO - Processing file /home/airflow/.local/lib/python3.12/site-packages/airflow/example_dags/tutorial.py for tasks to queue
[2025-08-04T21:13:29.225+0000] {logging_mixin.py:188} INFO - [2025-08-04T21:13:29.225+0000] {dagbag.py:545} INFO - Filling up the DagBag from /home/airflow/.local/lib/python3.12/site-packages/airflow/example_dags/tutorial.py
[2025-08-04T21:13:29.240+0000] {processor.py:840} INFO - DAG(s) 'tutorial' retrieved from /home/airflow/.local/lib/python3.12/site-packages/airflow/example_dags/tutorial.py
[2025-08-04T21:13:29.284+0000] {logging_mixin.py:188} INFO - [2025-08-04T21:13:29.283+0000] {dag.py:3096} INFO - Sync 1 DAGs
[2025-08-04T21:13:29.326+0000] {logging_mixin.py:188} INFO - [2025-08-04T21:13:29.326+0000] {dag.py:3954} INFO - Setting next_dagrun for tutorial to 2025-08-03 00:00:00+00:00, run_after=2025-08-04 00:00:00+00:00
[2025-08-04T21:13:29.376+0000] {processor.py:183} INFO - Processing /home/airflow/.local/lib/python3.12/site-packages/airflow/example_dags/tutorial.py took 0.166 seconds
[2025-08-04T21:14:00.552+0000] {processor.py:161} INFO - Started process (PID=4437) to work on /home/airflow/.local/lib/python3.12/site-packages/airflow/example_dags/tutorial.py
[2025-08-04T21:14:00.554+0000] {processor.py:830} INFO - Processing file /home/airflow/.local/lib/python3.12/site-packages/airflow/example_dags/tutorial.py for tasks to queue
[2025-08-04T21:14:00.556+0000] {logging_mixin.py:188} INFO - [2025-08-04T21:14:00.556+0000] {dagbag.py:545} INFO - Filling up the DagBag from /home/airflow/.local/lib/python3.12/site-packages/airflow/example_dags/tutorial.py
[2025-08-04T21:14:00.572+0000] {processor.py:840} INFO - DAG(s) 'tutorial' retrieved from /home/airflow/.local/lib/python3.12/site-packages/airflow/example_dags/tutorial.py
[2025-08-04T21:14:00.616+0000] {logging_mixin.py:188} INFO - [2025-08-04T21:14:00.616+0000] {dag.py:3096} INFO - Sync 1 DAGs
[2025-08-04T21:14:00.654+0000] {logging_mixin.py:188} INFO - [2025-08-04T21:14:00.653+0000] {dag.py:3954} INFO - Setting next_dagrun for tutorial to 2025-08-03 00:00:00+00:00, run_after=2025-08-04 00:00:00+00:00
[2025-08-04T21:14:00.698+0000] {processor.py:183} INFO - Processing /home/airflow/.local/lib/python3.12/site-packages/airflow/example_dags/tutorial.py took 0.158 seconds
[2025-08-04T21:14:30.803+0000] {processor.py:161} INFO - Started process (PID=4498) to work on /home/airflow/.local/lib/python3.12/site-packages/airflow/example_dags/tutorial.py
[2025-08-04T21:14:30.805+0000] {processor.py:830} INFO - Processing file /home/airflow/.local/lib/python3.12/site-packages/airflow/example_dags/tutorial.py for tasks to queue
[2025-08-04T21:14:30.807+0000] {logging_mixin.py:188} INFO - [2025-08-04T21:14:30.806+0000] {dagbag.py:545} INFO - Filling up the DagBag from /home/airflow/.local/lib/python3.12/site-packages/airflow/example_dags/tutorial.py
[2025-08-04T21:14:30.818+0000] {processor.py:840} INFO - DAG(s) 'tutorial' retrieved from /home/airflow/.local/lib/python3.12/site-packages/airflow/example_dags/tutorial.py
[2025-08-04T21:14:30.851+0000] {logging_mixin.py:188} INFO - [2025-08-04T21:14:30.851+0000] {dag.py:3096} INFO - Sync 1 DAGs
[2025-08-04T21:14:30.881+0000] {logging_mixin.py:188} INFO - [2025-08-04T21:14:30.881+0000] {dag.py:3954} INFO - Setting next_dagrun for tutorial to 2025-08-03 00:00:00+00:00, run_after=2025-08-04 00:00:00+00:00
[2025-08-04T21:14:30.923+0000] {processor.py:183} INFO - Processing /home/airflow/.local/lib/python3.12/site-packages/airflow/example_dags/tutorial.py took 0.129 seconds
