[2025-08-12T03:09:04.249+0000] {local_task_job_runner.py:120} INFO - ::group::Pre task execution logs
[2025-08-12T03:09:04.287+0000] {taskinstance.py:2076} INFO - Dependencies all met for dep_context=non-requeueable deps ti=<TaskInstance: dbt_run_pipeline_v1.dbt_run manual__2025-08-12T03:09:02.116327+00:00 [queued]>
[2025-08-12T03:09:04.298+0000] {taskinstance.py:2076} INFO - Dependencies all met for dep_context=requeueable deps ti=<TaskInstance: dbt_run_pipeline_v1.dbt_run manual__2025-08-12T03:09:02.116327+00:00 [queued]>
[2025-08-12T03:09:04.307+0000] {taskinstance.py:2306} INFO - Starting attempt 1 of 1
[2025-08-12T03:09:04.334+0000] {taskinstance.py:2330} INFO - Executing <Task(BashOperator): dbt_run> on 2025-08-12 03:09:02.116327+00:00
[2025-08-12T03:09:04.346+0000] {warnings.py:112} WARNING - /home/***/.local/lib/python3.12/site-packages/***/task/task_runner/standard_task_runner.py:61: DeprecationWarning: This process (pid=2085) is multi-threaded, use of fork() may lead to deadlocks in the child.
  pid = os.fork()

[2025-08-12T03:09:04.349+0000] {standard_task_runner.py:63} INFO - Started process 2086 to run task
[2025-08-12T03:09:04.349+0000] {standard_task_runner.py:90} INFO - Running: ['***', 'tasks', 'run', 'dbt_run_pipeline_v1', 'dbt_run', 'manual__2025-08-12T03:09:02.116327+00:00', '--job-id', '17', '--raw', '--subdir', 'DAGS_FOLDER/dbt_run_pipeline_v1.py', '--cfg-path', '/tmp/tmpynznwhqw']
[2025-08-12T03:09:04.351+0000] {standard_task_runner.py:91} INFO - Job 17: Subtask dbt_run
[2025-08-12T03:09:04.449+0000] {task_command.py:426} INFO - Running <TaskInstance: dbt_run_pipeline_v1.dbt_run manual__2025-08-12T03:09:02.116327+00:00 [running]> on host ef2de7cf7633
[2025-08-12T03:09:04.622+0000] {taskinstance.py:2648} INFO - Exporting env vars: AIRFLOW_CTX_DAG_OWNER='***' AIRFLOW_CTX_DAG_ID='dbt_run_pipeline_v1' AIRFLOW_CTX_TASK_ID='dbt_run' AIRFLOW_CTX_EXECUTION_DATE='2025-08-12T03:09:02.116327+00:00' AIRFLOW_CTX_TRY_NUMBER='1' AIRFLOW_CTX_DAG_RUN_ID='manual__2025-08-12T03:09:02.116327+00:00'
[2025-08-12T03:09:04.624+0000] {taskinstance.py:430} INFO - ::endgroup::
[2025-08-12T03:09:04.646+0000] {subprocess.py:63} INFO - Tmp dir root location: /tmp
[2025-08-12T03:09:04.647+0000] {subprocess.py:75} INFO - Running command: ['/usr/bin/bash', '-c', 'dbt run']
[2025-08-12T03:09:04.669+0000] {subprocess.py:86} INFO - Output:
[2025-08-12T03:09:08.083+0000] {subprocess.py:93} INFO - [0m03:09:08  Running with dbt=1.10.7
[2025-08-12T03:09:12.711+0000] {subprocess.py:93} INFO - [0m03:09:12  Registered adapter: bigquery=1.10.1
[2025-08-12T03:09:13.835+0000] {subprocess.py:93} INFO - [0m03:09:13  Found 8 models, 4 sources, 496 macros
[2025-08-12T03:09:13.843+0000] {subprocess.py:93} INFO - [0m03:09:13
[2025-08-12T03:09:13.846+0000] {subprocess.py:93} INFO - [0m03:09:13  Concurrency: 1 threads (target='dev')
[2025-08-12T03:09:13.849+0000] {subprocess.py:93} INFO - [0m03:09:13
[2025-08-12T03:09:16.296+0000] {subprocess.py:93} INFO - [0m03:09:16  1 of 8 START sql view model transaction_analytics.stg_cards .................... [RUN]
[2025-08-12T03:09:18.542+0000] {subprocess.py:93} INFO - [0m03:09:18  1 of 8 OK created sql view model transaction_analytics.stg_cards ............... [[32mCREATE VIEW (0 processed)[0m in 2.24s]
[2025-08-12T03:09:18.549+0000] {subprocess.py:93} INFO - [0m03:09:18  2 of 8 START sql view model transaction_analytics.stg_mcc ...................... [RUN]
[2025-08-12T03:09:20.288+0000] {subprocess.py:93} INFO - [0m03:09:20  2 of 8 OK created sql view model transaction_analytics.stg_mcc ................. [[32mCREATE VIEW (0 processed)[0m in 1.73s]
[2025-08-12T03:09:20.294+0000] {subprocess.py:93} INFO - [0m03:09:20  3 of 8 START sql view model transaction_analytics.stg_transactions ............. [RUN]
[2025-08-12T03:09:22.351+0000] {subprocess.py:93} INFO - [0m03:09:22  3 of 8 OK created sql view model transaction_analytics.stg_transactions ........ [[32mCREATE VIEW (0 processed)[0m in 2.05s]
[2025-08-12T03:09:22.358+0000] {subprocess.py:93} INFO - [0m03:09:22  4 of 8 START sql view model transaction_analytics.stg_users .................... [RUN]
[2025-08-12T03:09:24.780+0000] {subprocess.py:93} INFO - [0m03:09:24  4 of 8 OK created sql view model transaction_analytics.stg_users ............... [[32mCREATE VIEW (0 processed)[0m in 2.42s]
[2025-08-12T03:09:24.786+0000] {subprocess.py:93} INFO - [0m03:09:24  5 of 8 START sql view model transaction_analytics.dim_cards .................... [RUN]
[2025-08-12T03:09:26.656+0000] {subprocess.py:93} INFO - [0m03:09:26  5 of 8 OK created sql view model transaction_analytics.dim_cards ............... [[32mCREATE VIEW (0 processed)[0m in 1.86s]
[2025-08-12T03:09:26.663+0000] {subprocess.py:93} INFO - [0m03:09:26  6 of 8 START sql view model transaction_analytics.dim_mcc_codes ................ [RUN]
[2025-08-12T03:09:28.898+0000] {subprocess.py:93} INFO - [0m03:09:28  6 of 8 OK created sql view model transaction_analytics.dim_mcc_codes ........... [[32mCREATE VIEW (0 processed)[0m in 2.20s]
[2025-08-12T03:09:28.921+0000] {subprocess.py:93} INFO - [0m03:09:28  7 of 8 START sql view model transaction_analytics.dim_users .................... [RUN]
[2025-08-12T03:09:31.137+0000] {subprocess.py:93} INFO - [0m03:09:31  7 of 8 OK created sql view model transaction_analytics.dim_users ............... [[32mCREATE VIEW (0 processed)[0m in 2.21s]
[2025-08-12T03:09:31.143+0000] {subprocess.py:93} INFO - [0m03:09:31  8 of 8 START sql view model transaction_analytics.fct_transactions ............. [RUN]
[2025-08-12T03:09:33.385+0000] {subprocess.py:93} INFO - [0m03:09:33  8 of 8 OK created sql view model transaction_analytics.fct_transactions ........ [[32mCREATE VIEW (0 processed)[0m in 2.23s]
[2025-08-12T03:09:33.472+0000] {subprocess.py:93} INFO - [0m03:09:33
[2025-08-12T03:09:33.474+0000] {subprocess.py:93} INFO - [0m03:09:33  Finished running 8 view models in 0 hours 0 minutes and 19.62 seconds (19.62s).
[2025-08-12T03:09:33.698+0000] {subprocess.py:93} INFO - [0m03:09:33
[2025-08-12T03:09:33.700+0000] {subprocess.py:93} INFO - [0m03:09:33  [32mCompleted successfully[0m
[2025-08-12T03:09:33.701+0000] {subprocess.py:93} INFO - [0m03:09:33
[2025-08-12T03:09:33.703+0000] {subprocess.py:93} INFO - [0m03:09:33  Done. PASS=8 WARN=0 ERROR=0 SKIP=0 NO-OP=0 TOTAL=8
[2025-08-12T03:09:36.810+0000] {subprocess.py:97} INFO - Command exited with return code 0
[2025-08-12T03:09:36.812+0000] {taskinstance.py:441} INFO - ::group::Post task execution logs
[2025-08-12T03:09:36.865+0000] {taskinstance.py:1206} INFO - Marking task as SUCCESS. dag_id=dbt_run_pipeline_v1, task_id=dbt_run, run_id=manual__2025-08-12T03:09:02.116327+00:00, execution_date=20250812T030902, start_date=20250812T030904, end_date=20250812T030936
[2025-08-12T03:09:36.919+0000] {local_task_job_runner.py:240} INFO - Task exited with return code 0
[2025-08-12T03:09:36.944+0000] {taskinstance.py:3503} INFO - 0 downstream tasks scheduled from follow-on schedule check
[2025-08-12T03:09:36.957+0000] {local_task_job_runner.py:222} INFO - ::endgroup::
