[2025-08-10T18:26:21.555+0000] {local_task_job_runner.py:120} INFO - ::group::Pre task execution logs
[2025-08-10T18:26:21.590+0000] {taskinstance.py:2076} INFO - Dependencies all met for dep_context=non-requeueable deps ti=<TaskInstance: dbt_run_pipeline_v1.dbt_run manual__2025-08-10T18:26:19.531756+00:00 [queued]>
[2025-08-10T18:26:21.601+0000] {taskinstance.py:2076} INFO - Dependencies all met for dep_context=requeueable deps ti=<TaskInstance: dbt_run_pipeline_v1.dbt_run manual__2025-08-10T18:26:19.531756+00:00 [queued]>
[2025-08-10T18:26:21.610+0000] {taskinstance.py:2306} INFO - Starting attempt 1 of 1
[2025-08-10T18:26:21.630+0000] {taskinstance.py:2330} INFO - Executing <Task(BashOperator): dbt_run> on 2025-08-10 18:26:19.531756+00:00
[2025-08-10T18:26:21.642+0000] {warnings.py:112} WARNING - /home/***/.local/lib/python3.12/site-packages/***/task/task_runner/standard_task_runner.py:61: DeprecationWarning: This process (pid=438) is multi-threaded, use of fork() may lead to deadlocks in the child.
  pid = os.fork()

[2025-08-10T18:26:21.645+0000] {standard_task_runner.py:63} INFO - Started process 439 to run task
[2025-08-10T18:26:21.645+0000] {standard_task_runner.py:90} INFO - Running: ['***', 'tasks', 'run', 'dbt_run_pipeline_v1', 'dbt_run', 'manual__2025-08-10T18:26:19.531756+00:00', '--job-id', '6', '--raw', '--subdir', 'DAGS_FOLDER/dbt_run_pipeline_v1.py', '--cfg-path', '/tmp/tmpbr5f_2ne']
[2025-08-10T18:26:21.647+0000] {standard_task_runner.py:91} INFO - Job 6: Subtask dbt_run
[2025-08-10T18:26:21.743+0000] {task_command.py:426} INFO - Running <TaskInstance: dbt_run_pipeline_v1.dbt_run manual__2025-08-10T18:26:19.531756+00:00 [running]> on host e94eaa51f89a
[2025-08-10T18:26:21.892+0000] {taskinstance.py:2648} INFO - Exporting env vars: AIRFLOW_CTX_DAG_OWNER='***' AIRFLOW_CTX_DAG_ID='dbt_run_pipeline_v1' AIRFLOW_CTX_TASK_ID='dbt_run' AIRFLOW_CTX_EXECUTION_DATE='2025-08-10T18:26:19.531756+00:00' AIRFLOW_CTX_TRY_NUMBER='1' AIRFLOW_CTX_DAG_RUN_ID='manual__2025-08-10T18:26:19.531756+00:00'
[2025-08-10T18:26:21.894+0000] {taskinstance.py:430} INFO - ::endgroup::
[2025-08-10T18:26:21.916+0000] {subprocess.py:63} INFO - Tmp dir root location: /tmp
[2025-08-10T18:26:21.917+0000] {subprocess.py:75} INFO - Running command: ['/usr/bin/bash', '-c', 'dbt run']
[2025-08-10T18:26:21.936+0000] {subprocess.py:86} INFO - Output:
[2025-08-10T18:26:25.240+0000] {subprocess.py:93} INFO - [0m18:26:25  Running with dbt=1.10.7
[2025-08-10T18:26:29.746+0000] {subprocess.py:93} INFO - [0m18:26:29  Registered adapter: bigquery=1.10.1
[2025-08-10T18:26:31.573+0000] {subprocess.py:93} INFO - [0m18:26:31  Found 8 models, 4 sources, 496 macros
[2025-08-10T18:26:31.578+0000] {subprocess.py:93} INFO - [0m18:26:31
[2025-08-10T18:26:31.581+0000] {subprocess.py:93} INFO - [0m18:26:31  Concurrency: 1 threads (target='dev')
[2025-08-10T18:26:31.582+0000] {subprocess.py:93} INFO - [0m18:26:31
[2025-08-10T18:26:34.078+0000] {subprocess.py:93} INFO - [0m18:26:34  1 of 8 START sql view model transaction_analytics.stg_cards .................... [RUN]
[2025-08-10T18:26:36.380+0000] {subprocess.py:93} INFO - [0m18:26:36  1 of 8 OK created sql view model transaction_analytics.stg_cards ............... [[32mCREATE VIEW (0 processed)[0m in 2.29s]
[2025-08-10T18:26:36.387+0000] {subprocess.py:93} INFO - [0m18:26:36  2 of 8 START sql view model transaction_analytics.stg_mcc ...................... [RUN]
[2025-08-10T18:26:37.993+0000] {subprocess.py:93} INFO - [0m18:26:37  2 of 8 OK created sql view model transaction_analytics.stg_mcc ................. [[32mCREATE VIEW (0 processed)[0m in 1.60s]
[2025-08-10T18:26:38.003+0000] {subprocess.py:93} INFO - [0m18:26:38  3 of 8 START sql view model transaction_analytics.stg_transactions ............. [RUN]
[2025-08-10T18:26:39.736+0000] {subprocess.py:93} INFO - [0m18:26:39  3 of 8 OK created sql view model transaction_analytics.stg_transactions ........ [[32mCREATE VIEW (0 processed)[0m in 1.73s]
[2025-08-10T18:26:39.743+0000] {subprocess.py:93} INFO - [0m18:26:39  4 of 8 START sql view model transaction_analytics.stg_users .................... [RUN]
[2025-08-10T18:26:41.503+0000] {subprocess.py:93} INFO - [0m18:26:41  4 of 8 OK created sql view model transaction_analytics.stg_users ............... [[32mCREATE VIEW (0 processed)[0m in 1.75s]
[2025-08-10T18:26:41.514+0000] {subprocess.py:93} INFO - [0m18:26:41  5 of 8 START sql view model transaction_analytics.dim_cards .................... [RUN]
[2025-08-10T18:26:43.489+0000] {subprocess.py:93} INFO - [0m18:26:43  5 of 8 OK created sql view model transaction_analytics.dim_cards ............... [[32mCREATE VIEW (0 processed)[0m in 1.97s]
[2025-08-10T18:26:43.497+0000] {subprocess.py:93} INFO - [0m18:26:43  6 of 8 START sql view model transaction_analytics.dim_mcc_codes ................ [RUN]
[2025-08-10T18:26:45.600+0000] {subprocess.py:93} INFO - [0m18:26:45  6 of 8 OK created sql view model transaction_analytics.dim_mcc_codes ........... [[32mCREATE VIEW (0 processed)[0m in 2.10s]
[2025-08-10T18:26:45.608+0000] {subprocess.py:93} INFO - [0m18:26:45  7 of 8 START sql view model transaction_analytics.dim_users .................... [RUN]
[2025-08-10T18:26:47.666+0000] {subprocess.py:93} INFO - [0m18:26:47  7 of 8 OK created sql view model transaction_analytics.dim_users ............... [[32mCREATE VIEW (0 processed)[0m in 2.05s]
[2025-08-10T18:26:47.673+0000] {subprocess.py:93} INFO - [0m18:26:47  8 of 8 START sql view model transaction_analytics.fct_transactions ............. [RUN]
[2025-08-10T18:26:49.690+0000] {subprocess.py:93} INFO - [0m18:26:49  8 of 8 OK created sql view model transaction_analytics.fct_transactions ........ [[32mCREATE VIEW (0 processed)[0m in 2.01s]
[2025-08-10T18:26:49.765+0000] {subprocess.py:93} INFO - [0m18:26:49
[2025-08-10T18:26:49.767+0000] {subprocess.py:93} INFO - [0m18:26:49  Finished running 8 view models in 0 hours 0 minutes and 18.18 seconds (18.18s).
[2025-08-10T18:26:49.882+0000] {subprocess.py:93} INFO - [0m18:26:49
[2025-08-10T18:26:49.883+0000] {subprocess.py:93} INFO - [0m18:26:49  [32mCompleted successfully[0m
[2025-08-10T18:26:49.885+0000] {subprocess.py:93} INFO - [0m18:26:49
[2025-08-10T18:26:49.887+0000] {subprocess.py:93} INFO - [0m18:26:49  Done. PASS=8 WARN=0 ERROR=0 SKIP=0 NO-OP=0 TOTAL=8
[2025-08-10T18:26:52.895+0000] {subprocess.py:97} INFO - Command exited with return code 0
[2025-08-10T18:26:52.909+0000] {taskinstance.py:441} INFO - ::group::Post task execution logs
[2025-08-10T18:26:52.961+0000] {taskinstance.py:1206} INFO - Marking task as SUCCESS. dag_id=dbt_run_pipeline_v1, task_id=dbt_run, run_id=manual__2025-08-10T18:26:19.531756+00:00, execution_date=20250810T182619, start_date=20250810T182621, end_date=20250810T182652
[2025-08-10T18:26:53.027+0000] {local_task_job_runner.py:240} INFO - Task exited with return code 0
[2025-08-10T18:26:53.051+0000] {taskinstance.py:3503} INFO - 0 downstream tasks scheduled from follow-on schedule check
[2025-08-10T18:26:53.063+0000] {local_task_job_runner.py:222} INFO - ::endgroup::
