[2025-08-02T22:10:21.414+0000] {local_task_job_runner.py:120} INFO - ::group::Pre task execution logs
[2025-08-02T22:10:21.446+0000] {taskinstance.py:2076} INFO - Dependencies all met for dep_context=non-requeueable deps ti=<TaskInstance: gcs_process_all_files_v1.move_transactions_file manual__2025-08-02T22:10:17.299359+00:00 [queued]>
[2025-08-02T22:10:21.459+0000] {taskinstance.py:2076} INFO - Dependencies all met for dep_context=requeueable deps ti=<TaskInstance: gcs_process_all_files_v1.move_transactions_file manual__2025-08-02T22:10:17.299359+00:00 [queued]>
[2025-08-02T22:10:21.460+0000] {taskinstance.py:2306} INFO - Starting attempt 1 of 1
[2025-08-02T22:10:21.483+0000] {taskinstance.py:2330} INFO - Executing <Task(GCSToGCSOperator): move_transactions_file> on 2025-08-02 22:10:17.299359+00:00
[2025-08-02T22:10:21.498+0000] {warnings.py:112} WARNING - /home/***/.local/lib/python3.12/site-packages/***/task/task_runner/standard_task_runner.py:61: DeprecationWarning: This process (pid=1234) is multi-threaded, use of fork() may lead to deadlocks in the child.
  pid = os.fork()

[2025-08-02T22:10:21.502+0000] {standard_task_runner.py:63} INFO - Started process 1242 to run task
[2025-08-02T22:10:21.502+0000] {standard_task_runner.py:90} INFO - Running: ['***', 'tasks', 'run', 'gcs_process_all_files_v1', 'move_transactions_file', 'manual__2025-08-02T22:10:17.299359+00:00', '--job-id', '60', '--raw', '--subdir', 'DAGS_FOLDER/gcs_load_dag v2.py', '--cfg-path', '/tmp/tmpkrvunkpr']
[2025-08-02T22:10:21.504+0000] {standard_task_runner.py:91} INFO - Job 60: Subtask move_transactions_file
[2025-08-02T22:10:21.601+0000] {task_command.py:426} INFO - Running <TaskInstance: gcs_process_all_files_v1.move_transactions_file manual__2025-08-02T22:10:17.299359+00:00 [running]> on host 06d424bf0ee1
[2025-08-02T22:10:21.771+0000] {taskinstance.py:2648} INFO - Exporting env vars: AIRFLOW_CTX_DAG_OWNER='***' AIRFLOW_CTX_DAG_ID='gcs_process_all_files_v1' AIRFLOW_CTX_TASK_ID='move_transactions_file' AIRFLOW_CTX_EXECUTION_DATE='2025-08-02T22:10:17.299359+00:00' AIRFLOW_CTX_TRY_NUMBER='1' AIRFLOW_CTX_DAG_RUN_ID='manual__2025-08-02T22:10:17.299359+00:00'
[2025-08-02T22:10:21.773+0000] {taskinstance.py:430} INFO - ::endgroup::
[2025-08-02T22:10:21.787+0000] {connection.py:274} WARNING - Connection schemes (type: google_cloud_platform) shall not contain '_' according to RFC3986.
[2025-08-02T22:10:21.793+0000] {base.py:84} INFO - Using connection ID 'google_cloud_default' for task execution.
[2025-08-02T22:10:22.972+0000] {gcs_to_gcs.py:534} INFO - Executing copy of gs://dataverse360-raw-data-rmk/landing/transactions_data.csv to gs://dataverse360-raw-data-rmk/raw/transaction_data.csv
[2025-08-02T22:10:23.247+0000] {gcs.py:261} INFO - Total Bytes: 1258531040 | Bytes Written: 1258531040
[2025-08-02T22:10:23.248+0000] {gcs.py:269} INFO - Object landing/transactions_data.csv in bucket dataverse360-raw-data-rmk rewritten to object raw/transaction_data.csv in bucket dataverse360-raw-data-rmk
[2025-08-02T22:10:23.249+0000] {taskinstance.py:441} INFO - ::group::Post task execution logs
[2025-08-02T22:10:23.271+0000] {taskinstance.py:1206} INFO - Marking task as SUCCESS. dag_id=gcs_process_all_files_v1, task_id=move_transactions_file, run_id=manual__2025-08-02T22:10:17.299359+00:00, execution_date=20250802T221017, start_date=20250802T221021, end_date=20250802T221023
[2025-08-02T22:10:23.367+0000] {local_task_job_runner.py:240} INFO - Task exited with return code 0
[2025-08-02T22:10:23.396+0000] {local_task_job_runner.py:222} INFO - ::endgroup::
