[2025-08-10T02:55:22.646+0000] {processor.py:161} INFO - Started process (PID=103) to work on /home/airflow/.local/lib/python3.12/site-packages/airflow/example_dags/example_latest_only.py
[2025-08-10T02:55:22.649+0000] {processor.py:830} INFO - Processing file /home/airflow/.local/lib/python3.12/site-packages/airflow/example_dags/example_latest_only.py for tasks to queue
[2025-08-10T02:55:22.652+0000] {logging_mixin.py:188} INFO - [2025-08-10T02:55:22.651+0000] {dagbag.py:545} INFO - Filling up the DagBag from /home/airflow/.local/lib/python3.12/site-packages/airflow/example_dags/example_latest_only.py
[2025-08-10T02:55:22.661+0000] {processor.py:840} INFO - DAG(s) 'latest_only' retrieved from /home/airflow/.local/lib/python3.12/site-packages/airflow/example_dags/example_latest_only.py
[2025-08-10T02:55:22.838+0000] {logging_mixin.py:188} INFO - [2025-08-10T02:55:22.838+0000] {dag.py:3096} INFO - Sync 1 DAGs
[2025-08-10T02:55:22.873+0000] {logging_mixin.py:188} INFO - [2025-08-10T02:55:22.872+0000] {dag.py:3954} INFO - Setting next_dagrun for latest_only to 2025-08-09 20:00:00+00:00, run_after=2025-08-10 00:00:00+00:00
[2025-08-10T02:55:22.900+0000] {processor.py:183} INFO - Processing /home/airflow/.local/lib/python3.12/site-packages/airflow/example_dags/example_latest_only.py took 0.265 seconds
[2025-08-10T02:55:53.486+0000] {processor.py:161} INFO - Started process (PID=165) to work on /home/airflow/.local/lib/python3.12/site-packages/airflow/example_dags/example_latest_only.py
[2025-08-10T02:55:53.488+0000] {processor.py:830} INFO - Processing file /home/airflow/.local/lib/python3.12/site-packages/airflow/example_dags/example_latest_only.py for tasks to queue
[2025-08-10T02:55:53.491+0000] {logging_mixin.py:188} INFO - [2025-08-10T02:55:53.491+0000] {dagbag.py:545} INFO - Filling up the DagBag from /home/airflow/.local/lib/python3.12/site-packages/airflow/example_dags/example_latest_only.py
[2025-08-10T02:55:53.500+0000] {processor.py:840} INFO - DAG(s) 'latest_only' retrieved from /home/airflow/.local/lib/python3.12/site-packages/airflow/example_dags/example_latest_only.py
[2025-08-10T02:55:53.535+0000] {logging_mixin.py:188} INFO - [2025-08-10T02:55:53.535+0000] {dag.py:3096} INFO - Sync 1 DAGs
[2025-08-10T02:55:53.574+0000] {logging_mixin.py:188} INFO - [2025-08-10T02:55:53.574+0000] {dag.py:3954} INFO - Setting next_dagrun for latest_only to 2025-08-09 20:00:00+00:00, run_after=2025-08-10 00:00:00+00:00
[2025-08-10T02:55:53.600+0000] {processor.py:183} INFO - Processing /home/airflow/.local/lib/python3.12/site-packages/airflow/example_dags/example_latest_only.py took 0.124 seconds
[2025-08-10T02:56:23.749+0000] {processor.py:161} INFO - Started process (PID=227) to work on /home/airflow/.local/lib/python3.12/site-packages/airflow/example_dags/example_latest_only.py
[2025-08-10T02:56:23.750+0000] {processor.py:830} INFO - Processing file /home/airflow/.local/lib/python3.12/site-packages/airflow/example_dags/example_latest_only.py for tasks to queue
[2025-08-10T02:56:23.754+0000] {logging_mixin.py:188} INFO - [2025-08-10T02:56:23.753+0000] {dagbag.py:545} INFO - Filling up the DagBag from /home/airflow/.local/lib/python3.12/site-packages/airflow/example_dags/example_latest_only.py
[2025-08-10T02:56:23.761+0000] {processor.py:840} INFO - DAG(s) 'latest_only' retrieved from /home/airflow/.local/lib/python3.12/site-packages/airflow/example_dags/example_latest_only.py
[2025-08-10T02:56:23.796+0000] {logging_mixin.py:188} INFO - [2025-08-10T02:56:23.795+0000] {dag.py:3096} INFO - Sync 1 DAGs
[2025-08-10T02:56:23.827+0000] {logging_mixin.py:188} INFO - [2025-08-10T02:56:23.827+0000] {dag.py:3954} INFO - Setting next_dagrun for latest_only to 2025-08-09 20:00:00+00:00, run_after=2025-08-10 00:00:00+00:00
[2025-08-10T02:56:23.869+0000] {processor.py:183} INFO - Processing /home/airflow/.local/lib/python3.12/site-packages/airflow/example_dags/example_latest_only.py took 0.130 seconds
[2025-08-10T02:56:54.419+0000] {processor.py:161} INFO - Started process (PID=289) to work on /home/airflow/.local/lib/python3.12/site-packages/airflow/example_dags/example_latest_only.py
[2025-08-10T02:56:54.421+0000] {processor.py:830} INFO - Processing file /home/airflow/.local/lib/python3.12/site-packages/airflow/example_dags/example_latest_only.py for tasks to queue
[2025-08-10T02:56:54.425+0000] {logging_mixin.py:188} INFO - [2025-08-10T02:56:54.424+0000] {dagbag.py:545} INFO - Filling up the DagBag from /home/airflow/.local/lib/python3.12/site-packages/airflow/example_dags/example_latest_only.py
[2025-08-10T02:56:54.438+0000] {processor.py:840} INFO - DAG(s) 'latest_only' retrieved from /home/airflow/.local/lib/python3.12/site-packages/airflow/example_dags/example_latest_only.py
[2025-08-10T02:56:54.483+0000] {logging_mixin.py:188} INFO - [2025-08-10T02:56:54.482+0000] {dag.py:3096} INFO - Sync 1 DAGs
[2025-08-10T02:56:54.520+0000] {logging_mixin.py:188} INFO - [2025-08-10T02:56:54.520+0000] {dag.py:3954} INFO - Setting next_dagrun for latest_only to 2025-08-09 20:00:00+00:00, run_after=2025-08-10 00:00:00+00:00
[2025-08-10T02:56:54.549+0000] {processor.py:183} INFO - Processing /home/airflow/.local/lib/python3.12/site-packages/airflow/example_dags/example_latest_only.py took 0.141 seconds
[2025-08-10T02:57:24.742+0000] {processor.py:161} INFO - Started process (PID=351) to work on /home/airflow/.local/lib/python3.12/site-packages/airflow/example_dags/example_latest_only.py
[2025-08-10T02:57:24.744+0000] {processor.py:830} INFO - Processing file /home/airflow/.local/lib/python3.12/site-packages/airflow/example_dags/example_latest_only.py for tasks to queue
[2025-08-10T02:57:24.748+0000] {logging_mixin.py:188} INFO - [2025-08-10T02:57:24.747+0000] {dagbag.py:545} INFO - Filling up the DagBag from /home/airflow/.local/lib/python3.12/site-packages/airflow/example_dags/example_latest_only.py
[2025-08-10T02:57:24.756+0000] {processor.py:840} INFO - DAG(s) 'latest_only' retrieved from /home/airflow/.local/lib/python3.12/site-packages/airflow/example_dags/example_latest_only.py
[2025-08-10T02:57:24.795+0000] {logging_mixin.py:188} INFO - [2025-08-10T02:57:24.794+0000] {dag.py:3096} INFO - Sync 1 DAGs
[2025-08-10T02:57:24.826+0000] {logging_mixin.py:188} INFO - [2025-08-10T02:57:24.826+0000] {dag.py:3954} INFO - Setting next_dagrun for latest_only to 2025-08-09 20:00:00+00:00, run_after=2025-08-10 00:00:00+00:00
[2025-08-10T02:57:24.855+0000] {processor.py:183} INFO - Processing /home/airflow/.local/lib/python3.12/site-packages/airflow/example_dags/example_latest_only.py took 0.123 seconds
[2025-08-10T02:57:55.945+0000] {processor.py:161} INFO - Started process (PID=413) to work on /home/airflow/.local/lib/python3.12/site-packages/airflow/example_dags/example_latest_only.py
[2025-08-10T02:57:55.947+0000] {processor.py:830} INFO - Processing file /home/airflow/.local/lib/python3.12/site-packages/airflow/example_dags/example_latest_only.py for tasks to queue
[2025-08-10T02:57:55.951+0000] {logging_mixin.py:188} INFO - [2025-08-10T02:57:55.950+0000] {dagbag.py:545} INFO - Filling up the DagBag from /home/airflow/.local/lib/python3.12/site-packages/airflow/example_dags/example_latest_only.py
[2025-08-10T02:57:55.959+0000] {processor.py:840} INFO - DAG(s) 'latest_only' retrieved from /home/airflow/.local/lib/python3.12/site-packages/airflow/example_dags/example_latest_only.py
[2025-08-10T02:57:55.992+0000] {logging_mixin.py:188} INFO - [2025-08-10T02:57:55.991+0000] {dag.py:3096} INFO - Sync 1 DAGs
[2025-08-10T02:57:56.028+0000] {logging_mixin.py:188} INFO - [2025-08-10T02:57:56.027+0000] {dag.py:3954} INFO - Setting next_dagrun for latest_only to 2025-08-09 20:00:00+00:00, run_after=2025-08-10 00:00:00+00:00
[2025-08-10T02:57:56.059+0000] {processor.py:183} INFO - Processing /home/airflow/.local/lib/python3.12/site-packages/airflow/example_dags/example_latest_only.py took 0.122 seconds
[2025-08-10T02:58:26.681+0000] {processor.py:161} INFO - Started process (PID=475) to work on /home/airflow/.local/lib/python3.12/site-packages/airflow/example_dags/example_latest_only.py
[2025-08-10T02:58:26.683+0000] {processor.py:830} INFO - Processing file /home/airflow/.local/lib/python3.12/site-packages/airflow/example_dags/example_latest_only.py for tasks to queue
[2025-08-10T02:58:26.687+0000] {logging_mixin.py:188} INFO - [2025-08-10T02:58:26.686+0000] {dagbag.py:545} INFO - Filling up the DagBag from /home/airflow/.local/lib/python3.12/site-packages/airflow/example_dags/example_latest_only.py
[2025-08-10T02:58:26.697+0000] {processor.py:840} INFO - DAG(s) 'latest_only' retrieved from /home/airflow/.local/lib/python3.12/site-packages/airflow/example_dags/example_latest_only.py
[2025-08-10T02:58:26.736+0000] {logging_mixin.py:188} INFO - [2025-08-10T02:58:26.735+0000] {dag.py:3096} INFO - Sync 1 DAGs
[2025-08-10T02:58:26.768+0000] {logging_mixin.py:188} INFO - [2025-08-10T02:58:26.768+0000] {dag.py:3954} INFO - Setting next_dagrun for latest_only to 2025-08-09 20:00:00+00:00, run_after=2025-08-10 00:00:00+00:00
[2025-08-10T02:58:26.796+0000] {processor.py:183} INFO - Processing /home/airflow/.local/lib/python3.12/site-packages/airflow/example_dags/example_latest_only.py took 0.128 seconds
[2025-08-10T02:58:57.354+0000] {processor.py:161} INFO - Started process (PID=537) to work on /home/airflow/.local/lib/python3.12/site-packages/airflow/example_dags/example_latest_only.py
[2025-08-10T02:58:57.355+0000] {processor.py:830} INFO - Processing file /home/airflow/.local/lib/python3.12/site-packages/airflow/example_dags/example_latest_only.py for tasks to queue
[2025-08-10T02:58:57.359+0000] {logging_mixin.py:188} INFO - [2025-08-10T02:58:57.358+0000] {dagbag.py:545} INFO - Filling up the DagBag from /home/airflow/.local/lib/python3.12/site-packages/airflow/example_dags/example_latest_only.py
[2025-08-10T02:58:57.367+0000] {processor.py:840} INFO - DAG(s) 'latest_only' retrieved from /home/airflow/.local/lib/python3.12/site-packages/airflow/example_dags/example_latest_only.py
[2025-08-10T02:58:57.407+0000] {logging_mixin.py:188} INFO - [2025-08-10T02:58:57.406+0000] {dag.py:3096} INFO - Sync 1 DAGs
[2025-08-10T02:58:57.447+0000] {logging_mixin.py:188} INFO - [2025-08-10T02:58:57.446+0000] {dag.py:3954} INFO - Setting next_dagrun for latest_only to 2025-08-09 20:00:00+00:00, run_after=2025-08-10 00:00:00+00:00
[2025-08-10T02:58:57.490+0000] {processor.py:183} INFO - Processing /home/airflow/.local/lib/python3.12/site-packages/airflow/example_dags/example_latest_only.py took 0.145 seconds
[2025-08-10T02:59:28.313+0000] {processor.py:161} INFO - Started process (PID=599) to work on /home/airflow/.local/lib/python3.12/site-packages/airflow/example_dags/example_latest_only.py
[2025-08-10T02:59:28.315+0000] {processor.py:830} INFO - Processing file /home/airflow/.local/lib/python3.12/site-packages/airflow/example_dags/example_latest_only.py for tasks to queue
[2025-08-10T02:59:28.318+0000] {logging_mixin.py:188} INFO - [2025-08-10T02:59:28.318+0000] {dagbag.py:545} INFO - Filling up the DagBag from /home/airflow/.local/lib/python3.12/site-packages/airflow/example_dags/example_latest_only.py
[2025-08-10T02:59:28.327+0000] {processor.py:840} INFO - DAG(s) 'latest_only' retrieved from /home/airflow/.local/lib/python3.12/site-packages/airflow/example_dags/example_latest_only.py
[2025-08-10T02:59:28.361+0000] {logging_mixin.py:188} INFO - [2025-08-10T02:59:28.361+0000] {dag.py:3096} INFO - Sync 1 DAGs
[2025-08-10T02:59:28.396+0000] {logging_mixin.py:188} INFO - [2025-08-10T02:59:28.395+0000] {dag.py:3954} INFO - Setting next_dagrun for latest_only to 2025-08-09 20:00:00+00:00, run_after=2025-08-10 00:00:00+00:00
[2025-08-10T02:59:28.424+0000] {processor.py:183} INFO - Processing /home/airflow/.local/lib/python3.12/site-packages/airflow/example_dags/example_latest_only.py took 0.121 seconds
[2025-08-10T02:59:59.097+0000] {processor.py:161} INFO - Started process (PID=661) to work on /home/airflow/.local/lib/python3.12/site-packages/airflow/example_dags/example_latest_only.py
[2025-08-10T02:59:59.099+0000] {processor.py:830} INFO - Processing file /home/airflow/.local/lib/python3.12/site-packages/airflow/example_dags/example_latest_only.py for tasks to queue
[2025-08-10T02:59:59.102+0000] {logging_mixin.py:188} INFO - [2025-08-10T02:59:59.102+0000] {dagbag.py:545} INFO - Filling up the DagBag from /home/airflow/.local/lib/python3.12/site-packages/airflow/example_dags/example_latest_only.py
[2025-08-10T02:59:59.110+0000] {processor.py:840} INFO - DAG(s) 'latest_only' retrieved from /home/airflow/.local/lib/python3.12/site-packages/airflow/example_dags/example_latest_only.py
[2025-08-10T02:59:59.147+0000] {logging_mixin.py:188} INFO - [2025-08-10T02:59:59.146+0000] {dag.py:3096} INFO - Sync 1 DAGs
[2025-08-10T02:59:59.181+0000] {logging_mixin.py:188} INFO - [2025-08-10T02:59:59.181+0000] {dag.py:3954} INFO - Setting next_dagrun for latest_only to 2025-08-09 20:00:00+00:00, run_after=2025-08-10 00:00:00+00:00
[2025-08-10T02:59:59.214+0000] {processor.py:183} INFO - Processing /home/airflow/.local/lib/python3.12/site-packages/airflow/example_dags/example_latest_only.py took 0.126 seconds
[2025-08-10T03:00:30.064+0000] {processor.py:161} INFO - Started process (PID=723) to work on /home/airflow/.local/lib/python3.12/site-packages/airflow/example_dags/example_latest_only.py
[2025-08-10T03:00:30.067+0000] {processor.py:830} INFO - Processing file /home/airflow/.local/lib/python3.12/site-packages/airflow/example_dags/example_latest_only.py for tasks to queue
[2025-08-10T03:00:30.071+0000] {logging_mixin.py:188} INFO - [2025-08-10T03:00:30.070+0000] {dagbag.py:545} INFO - Filling up the DagBag from /home/airflow/.local/lib/python3.12/site-packages/airflow/example_dags/example_latest_only.py
[2025-08-10T03:00:30.079+0000] {processor.py:840} INFO - DAG(s) 'latest_only' retrieved from /home/airflow/.local/lib/python3.12/site-packages/airflow/example_dags/example_latest_only.py
[2025-08-10T03:00:30.114+0000] {logging_mixin.py:188} INFO - [2025-08-10T03:00:30.113+0000] {dag.py:3096} INFO - Sync 1 DAGs
[2025-08-10T03:00:30.145+0000] {logging_mixin.py:188} INFO - [2025-08-10T03:00:30.145+0000] {dag.py:3954} INFO - Setting next_dagrun for latest_only to 2025-08-09 20:00:00+00:00, run_after=2025-08-10 00:00:00+00:00
[2025-08-10T03:00:30.171+0000] {processor.py:183} INFO - Processing /home/airflow/.local/lib/python3.12/site-packages/airflow/example_dags/example_latest_only.py took 0.117 seconds
[2025-08-10T03:01:01.215+0000] {processor.py:161} INFO - Started process (PID=785) to work on /home/airflow/.local/lib/python3.12/site-packages/airflow/example_dags/example_latest_only.py
[2025-08-10T03:01:01.217+0000] {processor.py:830} INFO - Processing file /home/airflow/.local/lib/python3.12/site-packages/airflow/example_dags/example_latest_only.py for tasks to queue
[2025-08-10T03:01:01.220+0000] {logging_mixin.py:188} INFO - [2025-08-10T03:01:01.220+0000] {dagbag.py:545} INFO - Filling up the DagBag from /home/airflow/.local/lib/python3.12/site-packages/airflow/example_dags/example_latest_only.py
[2025-08-10T03:01:01.228+0000] {processor.py:840} INFO - DAG(s) 'latest_only' retrieved from /home/airflow/.local/lib/python3.12/site-packages/airflow/example_dags/example_latest_only.py
[2025-08-10T03:01:01.263+0000] {logging_mixin.py:188} INFO - [2025-08-10T03:01:01.262+0000] {dag.py:3096} INFO - Sync 1 DAGs
[2025-08-10T03:01:01.293+0000] {logging_mixin.py:188} INFO - [2025-08-10T03:01:01.293+0000] {dag.py:3954} INFO - Setting next_dagrun for latest_only to 2025-08-09 20:00:00+00:00, run_after=2025-08-10 00:00:00+00:00
[2025-08-10T03:01:01.323+0000] {processor.py:183} INFO - Processing /home/airflow/.local/lib/python3.12/site-packages/airflow/example_dags/example_latest_only.py took 0.117 seconds
[2025-08-10T03:01:31.930+0000] {processor.py:161} INFO - Started process (PID=848) to work on /home/airflow/.local/lib/python3.12/site-packages/airflow/example_dags/example_latest_only.py
[2025-08-10T03:01:31.932+0000] {processor.py:830} INFO - Processing file /home/airflow/.local/lib/python3.12/site-packages/airflow/example_dags/example_latest_only.py for tasks to queue
[2025-08-10T03:01:31.935+0000] {logging_mixin.py:188} INFO - [2025-08-10T03:01:31.934+0000] {dagbag.py:545} INFO - Filling up the DagBag from /home/airflow/.local/lib/python3.12/site-packages/airflow/example_dags/example_latest_only.py
[2025-08-10T03:01:31.942+0000] {processor.py:840} INFO - DAG(s) 'latest_only' retrieved from /home/airflow/.local/lib/python3.12/site-packages/airflow/example_dags/example_latest_only.py
[2025-08-10T03:01:31.975+0000] {logging_mixin.py:188} INFO - [2025-08-10T03:01:31.974+0000] {dag.py:3096} INFO - Sync 1 DAGs
[2025-08-10T03:01:32.008+0000] {logging_mixin.py:188} INFO - [2025-08-10T03:01:32.007+0000] {dag.py:3954} INFO - Setting next_dagrun for latest_only to 2025-08-09 20:00:00+00:00, run_after=2025-08-10 00:00:00+00:00
[2025-08-10T03:01:32.035+0000] {processor.py:183} INFO - Processing /home/airflow/.local/lib/python3.12/site-packages/airflow/example_dags/example_latest_only.py took 0.114 seconds
[2025-08-10T03:02:03.514+0000] {processor.py:161} INFO - Started process (PID=910) to work on /home/airflow/.local/lib/python3.12/site-packages/airflow/example_dags/example_latest_only.py
[2025-08-10T03:02:03.516+0000] {processor.py:830} INFO - Processing file /home/airflow/.local/lib/python3.12/site-packages/airflow/example_dags/example_latest_only.py for tasks to queue
[2025-08-10T03:02:03.519+0000] {logging_mixin.py:188} INFO - [2025-08-10T03:02:03.519+0000] {dagbag.py:545} INFO - Filling up the DagBag from /home/airflow/.local/lib/python3.12/site-packages/airflow/example_dags/example_latest_only.py
[2025-08-10T03:02:03.527+0000] {processor.py:840} INFO - DAG(s) 'latest_only' retrieved from /home/airflow/.local/lib/python3.12/site-packages/airflow/example_dags/example_latest_only.py
[2025-08-10T03:02:03.569+0000] {logging_mixin.py:188} INFO - [2025-08-10T03:02:03.567+0000] {dag.py:3096} INFO - Sync 1 DAGs
[2025-08-10T03:02:03.612+0000] {logging_mixin.py:188} INFO - [2025-08-10T03:02:03.611+0000] {dag.py:3954} INFO - Setting next_dagrun for latest_only to 2025-08-09 20:00:00+00:00, run_after=2025-08-10 00:00:00+00:00
[2025-08-10T03:02:03.644+0000] {processor.py:183} INFO - Processing /home/airflow/.local/lib/python3.12/site-packages/airflow/example_dags/example_latest_only.py took 0.139 seconds
[2025-08-10T03:02:34.190+0000] {processor.py:161} INFO - Started process (PID=972) to work on /home/airflow/.local/lib/python3.12/site-packages/airflow/example_dags/example_latest_only.py
[2025-08-10T03:02:34.192+0000] {processor.py:830} INFO - Processing file /home/airflow/.local/lib/python3.12/site-packages/airflow/example_dags/example_latest_only.py for tasks to queue
[2025-08-10T03:02:34.194+0000] {logging_mixin.py:188} INFO - [2025-08-10T03:02:34.193+0000] {dagbag.py:545} INFO - Filling up the DagBag from /home/airflow/.local/lib/python3.12/site-packages/airflow/example_dags/example_latest_only.py
[2025-08-10T03:02:34.204+0000] {processor.py:840} INFO - DAG(s) 'latest_only' retrieved from /home/airflow/.local/lib/python3.12/site-packages/airflow/example_dags/example_latest_only.py
[2025-08-10T03:02:34.239+0000] {logging_mixin.py:188} INFO - [2025-08-10T03:02:34.238+0000] {dag.py:3096} INFO - Sync 1 DAGs
[2025-08-10T03:02:34.273+0000] {logging_mixin.py:188} INFO - [2025-08-10T03:02:34.273+0000] {dag.py:3954} INFO - Setting next_dagrun for latest_only to 2025-08-09 20:00:00+00:00, run_after=2025-08-10 00:00:00+00:00
[2025-08-10T03:02:34.314+0000] {processor.py:183} INFO - Processing /home/airflow/.local/lib/python3.12/site-packages/airflow/example_dags/example_latest_only.py took 0.134 seconds
[2025-08-10T03:03:05.278+0000] {processor.py:161} INFO - Started process (PID=1035) to work on /home/airflow/.local/lib/python3.12/site-packages/airflow/example_dags/example_latest_only.py
[2025-08-10T03:03:05.279+0000] {processor.py:830} INFO - Processing file /home/airflow/.local/lib/python3.12/site-packages/airflow/example_dags/example_latest_only.py for tasks to queue
[2025-08-10T03:03:05.281+0000] {logging_mixin.py:188} INFO - [2025-08-10T03:03:05.280+0000] {dagbag.py:545} INFO - Filling up the DagBag from /home/airflow/.local/lib/python3.12/site-packages/airflow/example_dags/example_latest_only.py
[2025-08-10T03:03:05.289+0000] {processor.py:840} INFO - DAG(s) 'latest_only' retrieved from /home/airflow/.local/lib/python3.12/site-packages/airflow/example_dags/example_latest_only.py
[2025-08-10T03:03:05.325+0000] {logging_mixin.py:188} INFO - [2025-08-10T03:03:05.324+0000] {dag.py:3096} INFO - Sync 1 DAGs
[2025-08-10T03:03:05.356+0000] {logging_mixin.py:188} INFO - [2025-08-10T03:03:05.355+0000] {dag.py:3954} INFO - Setting next_dagrun for latest_only to 2025-08-09 20:00:00+00:00, run_after=2025-08-10 00:00:00+00:00
[2025-08-10T03:03:05.384+0000] {processor.py:183} INFO - Processing /home/airflow/.local/lib/python3.12/site-packages/airflow/example_dags/example_latest_only.py took 0.119 seconds
[2025-08-10T03:03:35.961+0000] {processor.py:161} INFO - Started process (PID=1097) to work on /home/airflow/.local/lib/python3.12/site-packages/airflow/example_dags/example_latest_only.py
[2025-08-10T03:03:35.963+0000] {processor.py:830} INFO - Processing file /home/airflow/.local/lib/python3.12/site-packages/airflow/example_dags/example_latest_only.py for tasks to queue
[2025-08-10T03:03:35.965+0000] {logging_mixin.py:188} INFO - [2025-08-10T03:03:35.965+0000] {dagbag.py:545} INFO - Filling up the DagBag from /home/airflow/.local/lib/python3.12/site-packages/airflow/example_dags/example_latest_only.py
[2025-08-10T03:03:35.975+0000] {processor.py:840} INFO - DAG(s) 'latest_only' retrieved from /home/airflow/.local/lib/python3.12/site-packages/airflow/example_dags/example_latest_only.py
[2025-08-10T03:03:36.009+0000] {logging_mixin.py:188} INFO - [2025-08-10T03:03:36.008+0000] {dag.py:3096} INFO - Sync 1 DAGs
[2025-08-10T03:03:36.042+0000] {logging_mixin.py:188} INFO - [2025-08-10T03:03:36.042+0000] {dag.py:3954} INFO - Setting next_dagrun for latest_only to 2025-08-09 20:00:00+00:00, run_after=2025-08-10 00:00:00+00:00
[2025-08-10T03:03:36.081+0000] {processor.py:183} INFO - Processing /home/airflow/.local/lib/python3.12/site-packages/airflow/example_dags/example_latest_only.py took 0.130 seconds
[2025-08-10T03:04:06.448+0000] {processor.py:161} INFO - Started process (PID=1159) to work on /home/airflow/.local/lib/python3.12/site-packages/airflow/example_dags/example_latest_only.py
[2025-08-10T03:04:06.450+0000] {processor.py:830} INFO - Processing file /home/airflow/.local/lib/python3.12/site-packages/airflow/example_dags/example_latest_only.py for tasks to queue
[2025-08-10T03:04:06.451+0000] {logging_mixin.py:188} INFO - [2025-08-10T03:04:06.451+0000] {dagbag.py:545} INFO - Filling up the DagBag from /home/airflow/.local/lib/python3.12/site-packages/airflow/example_dags/example_latest_only.py
[2025-08-10T03:04:06.462+0000] {processor.py:840} INFO - DAG(s) 'latest_only' retrieved from /home/airflow/.local/lib/python3.12/site-packages/airflow/example_dags/example_latest_only.py
[2025-08-10T03:04:06.497+0000] {logging_mixin.py:188} INFO - [2025-08-10T03:04:06.497+0000] {dag.py:3096} INFO - Sync 1 DAGs
[2025-08-10T03:04:06.535+0000] {logging_mixin.py:188} INFO - [2025-08-10T03:04:06.535+0000] {dag.py:3954} INFO - Setting next_dagrun for latest_only to 2025-08-09 20:00:00+00:00, run_after=2025-08-10 00:00:00+00:00
[2025-08-10T03:04:06.575+0000] {processor.py:183} INFO - Processing /home/airflow/.local/lib/python3.12/site-packages/airflow/example_dags/example_latest_only.py took 0.137 seconds
[2025-08-10T03:04:37.432+0000] {processor.py:161} INFO - Started process (PID=1221) to work on /home/airflow/.local/lib/python3.12/site-packages/airflow/example_dags/example_latest_only.py
[2025-08-10T03:04:37.434+0000] {processor.py:830} INFO - Processing file /home/airflow/.local/lib/python3.12/site-packages/airflow/example_dags/example_latest_only.py for tasks to queue
[2025-08-10T03:04:37.435+0000] {logging_mixin.py:188} INFO - [2025-08-10T03:04:37.435+0000] {dagbag.py:545} INFO - Filling up the DagBag from /home/airflow/.local/lib/python3.12/site-packages/airflow/example_dags/example_latest_only.py
[2025-08-10T03:04:37.447+0000] {processor.py:840} INFO - DAG(s) 'latest_only' retrieved from /home/airflow/.local/lib/python3.12/site-packages/airflow/example_dags/example_latest_only.py
[2025-08-10T03:04:37.484+0000] {logging_mixin.py:188} INFO - [2025-08-10T03:04:37.483+0000] {dag.py:3096} INFO - Sync 1 DAGs
[2025-08-10T03:04:37.521+0000] {logging_mixin.py:188} INFO - [2025-08-10T03:04:37.521+0000] {dag.py:3954} INFO - Setting next_dagrun for latest_only to 2025-08-09 20:00:00+00:00, run_after=2025-08-10 00:00:00+00:00
[2025-08-10T03:04:37.560+0000] {processor.py:183} INFO - Processing /home/airflow/.local/lib/python3.12/site-packages/airflow/example_dags/example_latest_only.py took 0.140 seconds
[2025-08-10T03:05:08.480+0000] {processor.py:161} INFO - Started process (PID=1283) to work on /home/airflow/.local/lib/python3.12/site-packages/airflow/example_dags/example_latest_only.py
[2025-08-10T03:05:08.481+0000] {processor.py:830} INFO - Processing file /home/airflow/.local/lib/python3.12/site-packages/airflow/example_dags/example_latest_only.py for tasks to queue
[2025-08-10T03:05:08.483+0000] {logging_mixin.py:188} INFO - [2025-08-10T03:05:08.482+0000] {dagbag.py:545} INFO - Filling up the DagBag from /home/airflow/.local/lib/python3.12/site-packages/airflow/example_dags/example_latest_only.py
[2025-08-10T03:05:08.493+0000] {processor.py:840} INFO - DAG(s) 'latest_only' retrieved from /home/airflow/.local/lib/python3.12/site-packages/airflow/example_dags/example_latest_only.py
[2025-08-10T03:05:08.534+0000] {logging_mixin.py:188} INFO - [2025-08-10T03:05:08.534+0000] {dag.py:3096} INFO - Sync 1 DAGs
[2025-08-10T03:05:08.574+0000] {logging_mixin.py:188} INFO - [2025-08-10T03:05:08.574+0000] {dag.py:3954} INFO - Setting next_dagrun for latest_only to 2025-08-09 20:00:00+00:00, run_after=2025-08-10 00:00:00+00:00
[2025-08-10T03:05:08.605+0000] {processor.py:183} INFO - Processing /home/airflow/.local/lib/python3.12/site-packages/airflow/example_dags/example_latest_only.py took 0.136 seconds
[2025-08-10T03:05:39.054+0000] {processor.py:161} INFO - Started process (PID=1346) to work on /home/airflow/.local/lib/python3.12/site-packages/airflow/example_dags/example_latest_only.py
[2025-08-10T03:05:39.056+0000] {processor.py:830} INFO - Processing file /home/airflow/.local/lib/python3.12/site-packages/airflow/example_dags/example_latest_only.py for tasks to queue
[2025-08-10T03:05:39.057+0000] {logging_mixin.py:188} INFO - [2025-08-10T03:05:39.057+0000] {dagbag.py:545} INFO - Filling up the DagBag from /home/airflow/.local/lib/python3.12/site-packages/airflow/example_dags/example_latest_only.py
[2025-08-10T03:05:39.067+0000] {processor.py:840} INFO - DAG(s) 'latest_only' retrieved from /home/airflow/.local/lib/python3.12/site-packages/airflow/example_dags/example_latest_only.py
[2025-08-10T03:05:39.101+0000] {logging_mixin.py:188} INFO - [2025-08-10T03:05:39.100+0000] {dag.py:3096} INFO - Sync 1 DAGs
[2025-08-10T03:05:39.134+0000] {logging_mixin.py:188} INFO - [2025-08-10T03:05:39.133+0000] {dag.py:3954} INFO - Setting next_dagrun for latest_only to 2025-08-09 20:00:00+00:00, run_after=2025-08-10 00:00:00+00:00
[2025-08-10T03:05:39.170+0000] {processor.py:183} INFO - Processing /home/airflow/.local/lib/python3.12/site-packages/airflow/example_dags/example_latest_only.py took 0.125 seconds
[2025-08-10T03:06:09.484+0000] {processor.py:161} INFO - Started process (PID=1408) to work on /home/airflow/.local/lib/python3.12/site-packages/airflow/example_dags/example_latest_only.py
[2025-08-10T03:06:09.486+0000] {processor.py:830} INFO - Processing file /home/airflow/.local/lib/python3.12/site-packages/airflow/example_dags/example_latest_only.py for tasks to queue
[2025-08-10T03:06:09.488+0000] {logging_mixin.py:188} INFO - [2025-08-10T03:06:09.487+0000] {dagbag.py:545} INFO - Filling up the DagBag from /home/airflow/.local/lib/python3.12/site-packages/airflow/example_dags/example_latest_only.py
[2025-08-10T03:06:09.497+0000] {processor.py:840} INFO - DAG(s) 'latest_only' retrieved from /home/airflow/.local/lib/python3.12/site-packages/airflow/example_dags/example_latest_only.py
[2025-08-10T03:06:09.539+0000] {logging_mixin.py:188} INFO - [2025-08-10T03:06:09.538+0000] {dag.py:3096} INFO - Sync 1 DAGs
[2025-08-10T03:06:09.583+0000] {logging_mixin.py:188} INFO - [2025-08-10T03:06:09.583+0000] {dag.py:3954} INFO - Setting next_dagrun for latest_only to 2025-08-09 20:00:00+00:00, run_after=2025-08-10 00:00:00+00:00
[2025-08-10T03:06:09.621+0000] {processor.py:183} INFO - Processing /home/airflow/.local/lib/python3.12/site-packages/airflow/example_dags/example_latest_only.py took 0.146 seconds
[2025-08-10T03:06:40.050+0000] {processor.py:161} INFO - Started process (PID=1469) to work on /home/airflow/.local/lib/python3.12/site-packages/airflow/example_dags/example_latest_only.py
[2025-08-10T03:06:40.051+0000] {processor.py:830} INFO - Processing file /home/airflow/.local/lib/python3.12/site-packages/airflow/example_dags/example_latest_only.py for tasks to queue
[2025-08-10T03:06:40.053+0000] {logging_mixin.py:188} INFO - [2025-08-10T03:06:40.052+0000] {dagbag.py:545} INFO - Filling up the DagBag from /home/airflow/.local/lib/python3.12/site-packages/airflow/example_dags/example_latest_only.py
[2025-08-10T03:06:40.062+0000] {processor.py:840} INFO - DAG(s) 'latest_only' retrieved from /home/airflow/.local/lib/python3.12/site-packages/airflow/example_dags/example_latest_only.py
[2025-08-10T03:06:40.101+0000] {logging_mixin.py:188} INFO - [2025-08-10T03:06:40.100+0000] {dag.py:3096} INFO - Sync 1 DAGs
[2025-08-10T03:06:40.150+0000] {logging_mixin.py:188} INFO - [2025-08-10T03:06:40.149+0000] {dag.py:3954} INFO - Setting next_dagrun for latest_only to 2025-08-09 20:00:00+00:00, run_after=2025-08-10 00:00:00+00:00
[2025-08-10T03:06:40.203+0000] {processor.py:183} INFO - Processing /home/airflow/.local/lib/python3.12/site-packages/airflow/example_dags/example_latest_only.py took 0.164 seconds
[2025-08-10T03:17:49.610+0000] {processor.py:161} INFO - Started process (PID=1549) to work on /home/airflow/.local/lib/python3.12/site-packages/airflow/example_dags/example_latest_only.py
[2025-08-10T03:17:49.612+0000] {processor.py:830} INFO - Processing file /home/airflow/.local/lib/python3.12/site-packages/airflow/example_dags/example_latest_only.py for tasks to queue
[2025-08-10T03:17:49.613+0000] {logging_mixin.py:188} INFO - [2025-08-10T03:17:49.613+0000] {dagbag.py:545} INFO - Filling up the DagBag from /home/airflow/.local/lib/python3.12/site-packages/airflow/example_dags/example_latest_only.py
[2025-08-10T03:17:49.624+0000] {processor.py:840} INFO - DAG(s) 'latest_only' retrieved from /home/airflow/.local/lib/python3.12/site-packages/airflow/example_dags/example_latest_only.py
[2025-08-10T03:17:49.664+0000] {logging_mixin.py:188} INFO - [2025-08-10T03:17:49.664+0000] {dag.py:3096} INFO - Sync 1 DAGs
[2025-08-10T03:17:49.705+0000] {logging_mixin.py:188} INFO - [2025-08-10T03:17:49.705+0000] {dag.py:3954} INFO - Setting next_dagrun for latest_only to 2025-08-09 20:00:00+00:00, run_after=2025-08-10 00:00:00+00:00
[2025-08-10T03:17:49.740+0000] {processor.py:183} INFO - Processing /home/airflow/.local/lib/python3.12/site-packages/airflow/example_dags/example_latest_only.py took 0.140 seconds
[2025-08-10T03:18:20.630+0000] {processor.py:161} INFO - Started process (PID=1611) to work on /home/airflow/.local/lib/python3.12/site-packages/airflow/example_dags/example_latest_only.py
[2025-08-10T03:18:20.633+0000] {processor.py:830} INFO - Processing file /home/airflow/.local/lib/python3.12/site-packages/airflow/example_dags/example_latest_only.py for tasks to queue
[2025-08-10T03:18:20.635+0000] {logging_mixin.py:188} INFO - [2025-08-10T03:18:20.635+0000] {dagbag.py:545} INFO - Filling up the DagBag from /home/airflow/.local/lib/python3.12/site-packages/airflow/example_dags/example_latest_only.py
[2025-08-10T03:18:20.644+0000] {processor.py:840} INFO - DAG(s) 'latest_only' retrieved from /home/airflow/.local/lib/python3.12/site-packages/airflow/example_dags/example_latest_only.py
[2025-08-10T03:18:20.680+0000] {logging_mixin.py:188} INFO - [2025-08-10T03:18:20.680+0000] {dag.py:3096} INFO - Sync 1 DAGs
[2025-08-10T03:18:20.730+0000] {logging_mixin.py:188} INFO - [2025-08-10T03:18:20.729+0000] {dag.py:3954} INFO - Setting next_dagrun for latest_only to 2025-08-09 20:00:00+00:00, run_after=2025-08-10 00:00:00+00:00
[2025-08-10T03:18:20.780+0000] {processor.py:183} INFO - Processing /home/airflow/.local/lib/python3.12/site-packages/airflow/example_dags/example_latest_only.py took 0.158 seconds
[2025-08-10T03:18:51.051+0000] {processor.py:161} INFO - Started process (PID=1674) to work on /home/airflow/.local/lib/python3.12/site-packages/airflow/example_dags/example_latest_only.py
[2025-08-10T03:18:51.054+0000] {processor.py:830} INFO - Processing file /home/airflow/.local/lib/python3.12/site-packages/airflow/example_dags/example_latest_only.py for tasks to queue
[2025-08-10T03:18:51.055+0000] {logging_mixin.py:188} INFO - [2025-08-10T03:18:51.055+0000] {dagbag.py:545} INFO - Filling up the DagBag from /home/airflow/.local/lib/python3.12/site-packages/airflow/example_dags/example_latest_only.py
[2025-08-10T03:18:51.065+0000] {processor.py:840} INFO - DAG(s) 'latest_only' retrieved from /home/airflow/.local/lib/python3.12/site-packages/airflow/example_dags/example_latest_only.py
[2025-08-10T03:18:51.102+0000] {logging_mixin.py:188} INFO - [2025-08-10T03:18:51.101+0000] {dag.py:3096} INFO - Sync 1 DAGs
[2025-08-10T03:18:51.137+0000] {logging_mixin.py:188} INFO - [2025-08-10T03:18:51.136+0000] {dag.py:3954} INFO - Setting next_dagrun for latest_only to 2025-08-09 20:00:00+00:00, run_after=2025-08-10 00:00:00+00:00
[2025-08-10T03:18:51.171+0000] {processor.py:183} INFO - Processing /home/airflow/.local/lib/python3.12/site-packages/airflow/example_dags/example_latest_only.py took 0.130 seconds
[2025-08-10T03:19:22.627+0000] {processor.py:161} INFO - Started process (PID=1736) to work on /home/airflow/.local/lib/python3.12/site-packages/airflow/example_dags/example_latest_only.py
[2025-08-10T03:19:22.629+0000] {processor.py:830} INFO - Processing file /home/airflow/.local/lib/python3.12/site-packages/airflow/example_dags/example_latest_only.py for tasks to queue
[2025-08-10T03:19:22.630+0000] {logging_mixin.py:188} INFO - [2025-08-10T03:19:22.630+0000] {dagbag.py:545} INFO - Filling up the DagBag from /home/airflow/.local/lib/python3.12/site-packages/airflow/example_dags/example_latest_only.py
[2025-08-10T03:19:22.639+0000] {processor.py:840} INFO - DAG(s) 'latest_only' retrieved from /home/airflow/.local/lib/python3.12/site-packages/airflow/example_dags/example_latest_only.py
[2025-08-10T03:19:22.702+0000] {logging_mixin.py:188} INFO - [2025-08-10T03:19:22.702+0000] {dag.py:3096} INFO - Sync 1 DAGs
[2025-08-10T03:19:22.749+0000] {logging_mixin.py:188} INFO - [2025-08-10T03:19:22.748+0000] {dag.py:3954} INFO - Setting next_dagrun for latest_only to 2025-08-09 20:00:00+00:00, run_after=2025-08-10 00:00:00+00:00
[2025-08-10T03:19:22.779+0000] {processor.py:183} INFO - Processing /home/airflow/.local/lib/python3.12/site-packages/airflow/example_dags/example_latest_only.py took 0.161 seconds
[2025-08-10T03:19:53.548+0000] {processor.py:161} INFO - Started process (PID=1798) to work on /home/airflow/.local/lib/python3.12/site-packages/airflow/example_dags/example_latest_only.py
[2025-08-10T03:19:53.550+0000] {processor.py:830} INFO - Processing file /home/airflow/.local/lib/python3.12/site-packages/airflow/example_dags/example_latest_only.py for tasks to queue
[2025-08-10T03:19:53.552+0000] {logging_mixin.py:188} INFO - [2025-08-10T03:19:53.551+0000] {dagbag.py:545} INFO - Filling up the DagBag from /home/airflow/.local/lib/python3.12/site-packages/airflow/example_dags/example_latest_only.py
[2025-08-10T03:19:53.561+0000] {processor.py:840} INFO - DAG(s) 'latest_only' retrieved from /home/airflow/.local/lib/python3.12/site-packages/airflow/example_dags/example_latest_only.py
[2025-08-10T03:19:53.598+0000] {logging_mixin.py:188} INFO - [2025-08-10T03:19:53.597+0000] {dag.py:3096} INFO - Sync 1 DAGs
[2025-08-10T03:19:53.634+0000] {logging_mixin.py:188} INFO - [2025-08-10T03:19:53.633+0000] {dag.py:3954} INFO - Setting next_dagrun for latest_only to 2025-08-09 20:00:00+00:00, run_after=2025-08-10 00:00:00+00:00
[2025-08-10T03:19:53.676+0000] {processor.py:183} INFO - Processing /home/airflow/.local/lib/python3.12/site-packages/airflow/example_dags/example_latest_only.py took 0.137 seconds
[2025-08-10T03:20:24.584+0000] {processor.py:161} INFO - Started process (PID=1867) to work on /home/airflow/.local/lib/python3.12/site-packages/airflow/example_dags/example_latest_only.py
[2025-08-10T03:20:24.585+0000] {processor.py:830} INFO - Processing file /home/airflow/.local/lib/python3.12/site-packages/airflow/example_dags/example_latest_only.py for tasks to queue
[2025-08-10T03:20:24.587+0000] {logging_mixin.py:188} INFO - [2025-08-10T03:20:24.587+0000] {dagbag.py:545} INFO - Filling up the DagBag from /home/airflow/.local/lib/python3.12/site-packages/airflow/example_dags/example_latest_only.py
[2025-08-10T03:20:24.596+0000] {processor.py:840} INFO - DAG(s) 'latest_only' retrieved from /home/airflow/.local/lib/python3.12/site-packages/airflow/example_dags/example_latest_only.py
[2025-08-10T03:20:24.630+0000] {logging_mixin.py:188} INFO - [2025-08-10T03:20:24.630+0000] {dag.py:3096} INFO - Sync 1 DAGs
[2025-08-10T03:20:24.661+0000] {logging_mixin.py:188} INFO - [2025-08-10T03:20:24.661+0000] {dag.py:3954} INFO - Setting next_dagrun for latest_only to 2025-08-09 20:00:00+00:00, run_after=2025-08-10 00:00:00+00:00
[2025-08-10T03:20:24.704+0000] {processor.py:183} INFO - Processing /home/airflow/.local/lib/python3.12/site-packages/airflow/example_dags/example_latest_only.py took 0.129 seconds
[2025-08-10T03:20:55.530+0000] {processor.py:161} INFO - Started process (PID=1929) to work on /home/airflow/.local/lib/python3.12/site-packages/airflow/example_dags/example_latest_only.py
[2025-08-10T03:20:55.532+0000] {processor.py:830} INFO - Processing file /home/airflow/.local/lib/python3.12/site-packages/airflow/example_dags/example_latest_only.py for tasks to queue
[2025-08-10T03:20:55.534+0000] {logging_mixin.py:188} INFO - [2025-08-10T03:20:55.534+0000] {dagbag.py:545} INFO - Filling up the DagBag from /home/airflow/.local/lib/python3.12/site-packages/airflow/example_dags/example_latest_only.py
[2025-08-10T03:20:55.543+0000] {processor.py:840} INFO - DAG(s) 'latest_only' retrieved from /home/airflow/.local/lib/python3.12/site-packages/airflow/example_dags/example_latest_only.py
[2025-08-10T03:20:55.581+0000] {logging_mixin.py:188} INFO - [2025-08-10T03:20:55.581+0000] {dag.py:3096} INFO - Sync 1 DAGs
[2025-08-10T03:20:55.616+0000] {logging_mixin.py:188} INFO - [2025-08-10T03:20:55.616+0000] {dag.py:3954} INFO - Setting next_dagrun for latest_only to 2025-08-09 20:00:00+00:00, run_after=2025-08-10 00:00:00+00:00
[2025-08-10T03:20:55.645+0000] {processor.py:183} INFO - Processing /home/airflow/.local/lib/python3.12/site-packages/airflow/example_dags/example_latest_only.py took 0.123 seconds
[2025-08-10T03:21:26.260+0000] {processor.py:161} INFO - Started process (PID=1991) to work on /home/airflow/.local/lib/python3.12/site-packages/airflow/example_dags/example_latest_only.py
[2025-08-10T03:21:26.262+0000] {processor.py:830} INFO - Processing file /home/airflow/.local/lib/python3.12/site-packages/airflow/example_dags/example_latest_only.py for tasks to queue
[2025-08-10T03:21:26.265+0000] {logging_mixin.py:188} INFO - [2025-08-10T03:21:26.264+0000] {dagbag.py:545} INFO - Filling up the DagBag from /home/airflow/.local/lib/python3.12/site-packages/airflow/example_dags/example_latest_only.py
[2025-08-10T03:21:26.273+0000] {processor.py:840} INFO - DAG(s) 'latest_only' retrieved from /home/airflow/.local/lib/python3.12/site-packages/airflow/example_dags/example_latest_only.py
[2025-08-10T03:21:26.306+0000] {logging_mixin.py:188} INFO - [2025-08-10T03:21:26.305+0000] {dag.py:3096} INFO - Sync 1 DAGs
[2025-08-10T03:21:26.337+0000] {logging_mixin.py:188} INFO - [2025-08-10T03:21:26.337+0000] {dag.py:3954} INFO - Setting next_dagrun for latest_only to 2025-08-09 20:00:00+00:00, run_after=2025-08-10 00:00:00+00:00
[2025-08-10T03:21:26.369+0000] {processor.py:183} INFO - Processing /home/airflow/.local/lib/python3.12/site-packages/airflow/example_dags/example_latest_only.py took 0.117 seconds
[2025-08-10T03:21:57.539+0000] {processor.py:161} INFO - Started process (PID=2053) to work on /home/airflow/.local/lib/python3.12/site-packages/airflow/example_dags/example_latest_only.py
[2025-08-10T03:21:57.541+0000] {processor.py:830} INFO - Processing file /home/airflow/.local/lib/python3.12/site-packages/airflow/example_dags/example_latest_only.py for tasks to queue
[2025-08-10T03:21:57.543+0000] {logging_mixin.py:188} INFO - [2025-08-10T03:21:57.542+0000] {dagbag.py:545} INFO - Filling up the DagBag from /home/airflow/.local/lib/python3.12/site-packages/airflow/example_dags/example_latest_only.py
[2025-08-10T03:21:57.554+0000] {processor.py:840} INFO - DAG(s) 'latest_only' retrieved from /home/airflow/.local/lib/python3.12/site-packages/airflow/example_dags/example_latest_only.py
[2025-08-10T03:21:57.590+0000] {logging_mixin.py:188} INFO - [2025-08-10T03:21:57.590+0000] {dag.py:3096} INFO - Sync 1 DAGs
[2025-08-10T03:21:57.625+0000] {logging_mixin.py:188} INFO - [2025-08-10T03:21:57.625+0000] {dag.py:3954} INFO - Setting next_dagrun for latest_only to 2025-08-09 20:00:00+00:00, run_after=2025-08-10 00:00:00+00:00
[2025-08-10T03:21:57.654+0000] {processor.py:183} INFO - Processing /home/airflow/.local/lib/python3.12/site-packages/airflow/example_dags/example_latest_only.py took 0.126 seconds
[2025-08-10T03:22:27.891+0000] {processor.py:161} INFO - Started process (PID=2115) to work on /home/airflow/.local/lib/python3.12/site-packages/airflow/example_dags/example_latest_only.py
[2025-08-10T03:22:27.893+0000] {processor.py:830} INFO - Processing file /home/airflow/.local/lib/python3.12/site-packages/airflow/example_dags/example_latest_only.py for tasks to queue
[2025-08-10T03:22:27.894+0000] {logging_mixin.py:188} INFO - [2025-08-10T03:22:27.894+0000] {dagbag.py:545} INFO - Filling up the DagBag from /home/airflow/.local/lib/python3.12/site-packages/airflow/example_dags/example_latest_only.py
[2025-08-10T03:22:27.904+0000] {processor.py:840} INFO - DAG(s) 'latest_only' retrieved from /home/airflow/.local/lib/python3.12/site-packages/airflow/example_dags/example_latest_only.py
[2025-08-10T03:22:27.938+0000] {logging_mixin.py:188} INFO - [2025-08-10T03:22:27.938+0000] {dag.py:3096} INFO - Sync 1 DAGs
[2025-08-10T03:22:27.970+0000] {logging_mixin.py:188} INFO - [2025-08-10T03:22:27.970+0000] {dag.py:3954} INFO - Setting next_dagrun for latest_only to 2025-08-09 20:00:00+00:00, run_after=2025-08-10 00:00:00+00:00
[2025-08-10T03:22:27.998+0000] {processor.py:183} INFO - Processing /home/airflow/.local/lib/python3.12/site-packages/airflow/example_dags/example_latest_only.py took 0.118 seconds
[2025-08-10T08:22:58.186+0000] {processor.py:161} INFO - Started process (PID=2177) to work on /home/airflow/.local/lib/python3.12/site-packages/airflow/example_dags/example_latest_only.py
[2025-08-10T08:22:58.188+0000] {processor.py:830} INFO - Processing file /home/airflow/.local/lib/python3.12/site-packages/airflow/example_dags/example_latest_only.py for tasks to queue
[2025-08-10T08:22:58.190+0000] {logging_mixin.py:188} INFO - [2025-08-10T08:22:58.190+0000] {dagbag.py:545} INFO - Filling up the DagBag from /home/airflow/.local/lib/python3.12/site-packages/airflow/example_dags/example_latest_only.py
[2025-08-10T08:22:58.201+0000] {processor.py:840} INFO - DAG(s) 'latest_only' retrieved from /home/airflow/.local/lib/python3.12/site-packages/airflow/example_dags/example_latest_only.py
[2025-08-10T08:22:58.245+0000] {logging_mixin.py:188} INFO - [2025-08-10T08:22:58.245+0000] {dag.py:3096} INFO - Sync 1 DAGs
[2025-08-10T08:22:58.291+0000] {logging_mixin.py:188} INFO - [2025-08-10T08:22:58.291+0000] {dag.py:3954} INFO - Setting next_dagrun for latest_only to 2025-08-10 04:00:00+00:00, run_after=2025-08-10 08:00:00+00:00
[2025-08-10T08:22:58.324+0000] {processor.py:183} INFO - Processing /home/airflow/.local/lib/python3.12/site-packages/airflow/example_dags/example_latest_only.py took 0.151 seconds
[2025-08-10T15:12:19.499+0000] {processor.py:161} INFO - Started process (PID=2245) to work on /home/airflow/.local/lib/python3.12/site-packages/airflow/example_dags/example_latest_only.py
[2025-08-10T15:12:19.500+0000] {processor.py:830} INFO - Processing file /home/airflow/.local/lib/python3.12/site-packages/airflow/example_dags/example_latest_only.py for tasks to queue
[2025-08-10T15:12:19.502+0000] {logging_mixin.py:188} INFO - [2025-08-10T15:12:19.501+0000] {dagbag.py:545} INFO - Filling up the DagBag from /home/airflow/.local/lib/python3.12/site-packages/airflow/example_dags/example_latest_only.py
[2025-08-10T15:12:19.510+0000] {processor.py:840} INFO - DAG(s) 'latest_only' retrieved from /home/airflow/.local/lib/python3.12/site-packages/airflow/example_dags/example_latest_only.py
[2025-08-10T15:12:19.537+0000] {logging_mixin.py:188} INFO - [2025-08-10T15:12:19.537+0000] {dag.py:3096} INFO - Sync 1 DAGs
[2025-08-10T15:12:19.566+0000] {logging_mixin.py:188} INFO - [2025-08-10T15:12:19.566+0000] {dag.py:3954} INFO - Setting next_dagrun for latest_only to 2025-08-10 08:00:00+00:00, run_after=2025-08-10 12:00:00+00:00
[2025-08-10T15:12:19.590+0000] {processor.py:183} INFO - Processing /home/airflow/.local/lib/python3.12/site-packages/airflow/example_dags/example_latest_only.py took 0.099 seconds
[2025-08-10T15:12:49.726+0000] {processor.py:161} INFO - Started process (PID=2307) to work on /home/airflow/.local/lib/python3.12/site-packages/airflow/example_dags/example_latest_only.py
[2025-08-10T15:12:49.727+0000] {processor.py:830} INFO - Processing file /home/airflow/.local/lib/python3.12/site-packages/airflow/example_dags/example_latest_only.py for tasks to queue
[2025-08-10T15:12:49.728+0000] {logging_mixin.py:188} INFO - [2025-08-10T15:12:49.728+0000] {dagbag.py:545} INFO - Filling up the DagBag from /home/airflow/.local/lib/python3.12/site-packages/airflow/example_dags/example_latest_only.py
[2025-08-10T15:12:49.735+0000] {processor.py:840} INFO - DAG(s) 'latest_only' retrieved from /home/airflow/.local/lib/python3.12/site-packages/airflow/example_dags/example_latest_only.py
[2025-08-10T15:12:49.764+0000] {logging_mixin.py:188} INFO - [2025-08-10T15:12:49.763+0000] {dag.py:3096} INFO - Sync 1 DAGs
[2025-08-10T15:12:49.788+0000] {logging_mixin.py:188} INFO - [2025-08-10T15:12:49.787+0000] {dag.py:3954} INFO - Setting next_dagrun for latest_only to 2025-08-10 08:00:00+00:00, run_after=2025-08-10 12:00:00+00:00
[2025-08-10T15:12:49.812+0000] {processor.py:183} INFO - Processing /home/airflow/.local/lib/python3.12/site-packages/airflow/example_dags/example_latest_only.py took 0.094 seconds
[2025-08-10T15:13:20.846+0000] {processor.py:161} INFO - Started process (PID=2369) to work on /home/airflow/.local/lib/python3.12/site-packages/airflow/example_dags/example_latest_only.py
[2025-08-10T15:13:20.847+0000] {processor.py:830} INFO - Processing file /home/airflow/.local/lib/python3.12/site-packages/airflow/example_dags/example_latest_only.py for tasks to queue
[2025-08-10T15:13:20.848+0000] {logging_mixin.py:188} INFO - [2025-08-10T15:13:20.848+0000] {dagbag.py:545} INFO - Filling up the DagBag from /home/airflow/.local/lib/python3.12/site-packages/airflow/example_dags/example_latest_only.py
[2025-08-10T15:13:20.856+0000] {processor.py:840} INFO - DAG(s) 'latest_only' retrieved from /home/airflow/.local/lib/python3.12/site-packages/airflow/example_dags/example_latest_only.py
[2025-08-10T15:13:20.884+0000] {logging_mixin.py:188} INFO - [2025-08-10T15:13:20.883+0000] {dag.py:3096} INFO - Sync 1 DAGs
[2025-08-10T15:13:20.908+0000] {logging_mixin.py:188} INFO - [2025-08-10T15:13:20.908+0000] {dag.py:3954} INFO - Setting next_dagrun for latest_only to 2025-08-10 08:00:00+00:00, run_after=2025-08-10 12:00:00+00:00
[2025-08-10T15:13:20.932+0000] {processor.py:183} INFO - Processing /home/airflow/.local/lib/python3.12/site-packages/airflow/example_dags/example_latest_only.py took 0.095 seconds
[2025-08-10T15:13:53.449+0000] {processor.py:161} INFO - Started process (PID=2431) to work on /home/airflow/.local/lib/python3.12/site-packages/airflow/example_dags/example_latest_only.py
[2025-08-10T15:13:53.452+0000] {processor.py:830} INFO - Processing file /home/airflow/.local/lib/python3.12/site-packages/airflow/example_dags/example_latest_only.py for tasks to queue
[2025-08-10T15:13:53.455+0000] {logging_mixin.py:188} INFO - [2025-08-10T15:13:53.454+0000] {dagbag.py:545} INFO - Filling up the DagBag from /home/airflow/.local/lib/python3.12/site-packages/airflow/example_dags/example_latest_only.py
[2025-08-10T15:13:53.465+0000] {processor.py:840} INFO - DAG(s) 'latest_only' retrieved from /home/airflow/.local/lib/python3.12/site-packages/airflow/example_dags/example_latest_only.py
[2025-08-10T15:13:53.499+0000] {logging_mixin.py:188} INFO - [2025-08-10T15:13:53.498+0000] {dag.py:3096} INFO - Sync 1 DAGs
[2025-08-10T15:13:53.535+0000] {logging_mixin.py:188} INFO - [2025-08-10T15:13:53.534+0000] {dag.py:3954} INFO - Setting next_dagrun for latest_only to 2025-08-10 08:00:00+00:00, run_after=2025-08-10 12:00:00+00:00
[2025-08-10T15:13:53.566+0000] {processor.py:183} INFO - Processing /home/airflow/.local/lib/python3.12/site-packages/airflow/example_dags/example_latest_only.py took 0.125 seconds
[2025-08-10T15:14:24.166+0000] {processor.py:161} INFO - Started process (PID=2493) to work on /home/airflow/.local/lib/python3.12/site-packages/airflow/example_dags/example_latest_only.py
[2025-08-10T15:14:24.168+0000] {processor.py:830} INFO - Processing file /home/airflow/.local/lib/python3.12/site-packages/airflow/example_dags/example_latest_only.py for tasks to queue
[2025-08-10T15:14:24.169+0000] {logging_mixin.py:188} INFO - [2025-08-10T15:14:24.169+0000] {dagbag.py:545} INFO - Filling up the DagBag from /home/airflow/.local/lib/python3.12/site-packages/airflow/example_dags/example_latest_only.py
[2025-08-10T15:14:24.179+0000] {processor.py:840} INFO - DAG(s) 'latest_only' retrieved from /home/airflow/.local/lib/python3.12/site-packages/airflow/example_dags/example_latest_only.py
[2025-08-10T15:14:24.220+0000] {logging_mixin.py:188} INFO - [2025-08-10T15:14:24.220+0000] {dag.py:3096} INFO - Sync 1 DAGs
[2025-08-10T15:14:24.263+0000] {logging_mixin.py:188} INFO - [2025-08-10T15:14:24.263+0000] {dag.py:3954} INFO - Setting next_dagrun for latest_only to 2025-08-10 08:00:00+00:00, run_after=2025-08-10 12:00:00+00:00
[2025-08-10T15:14:24.295+0000] {processor.py:183} INFO - Processing /home/airflow/.local/lib/python3.12/site-packages/airflow/example_dags/example_latest_only.py took 0.139 seconds
[2025-08-10T15:14:54.891+0000] {processor.py:161} INFO - Started process (PID=2553) to work on /home/airflow/.local/lib/python3.12/site-packages/airflow/example_dags/example_latest_only.py
[2025-08-10T15:14:54.893+0000] {processor.py:830} INFO - Processing file /home/airflow/.local/lib/python3.12/site-packages/airflow/example_dags/example_latest_only.py for tasks to queue
[2025-08-10T15:14:54.895+0000] {logging_mixin.py:188} INFO - [2025-08-10T15:14:54.895+0000] {dagbag.py:545} INFO - Filling up the DagBag from /home/airflow/.local/lib/python3.12/site-packages/airflow/example_dags/example_latest_only.py
[2025-08-10T15:14:54.908+0000] {processor.py:840} INFO - DAG(s) 'latest_only' retrieved from /home/airflow/.local/lib/python3.12/site-packages/airflow/example_dags/example_latest_only.py
[2025-08-10T15:14:54.954+0000] {logging_mixin.py:188} INFO - [2025-08-10T15:14:54.953+0000] {dag.py:3096} INFO - Sync 1 DAGs
[2025-08-10T15:14:54.995+0000] {logging_mixin.py:188} INFO - [2025-08-10T15:14:54.995+0000] {dag.py:3954} INFO - Setting next_dagrun for latest_only to 2025-08-10 08:00:00+00:00, run_after=2025-08-10 12:00:00+00:00
[2025-08-10T15:14:55.044+0000] {processor.py:183} INFO - Processing /home/airflow/.local/lib/python3.12/site-packages/airflow/example_dags/example_latest_only.py took 0.165 seconds
[2025-08-10T15:15:25.653+0000] {processor.py:161} INFO - Started process (PID=2615) to work on /home/airflow/.local/lib/python3.12/site-packages/airflow/example_dags/example_latest_only.py
[2025-08-10T15:15:25.655+0000] {processor.py:830} INFO - Processing file /home/airflow/.local/lib/python3.12/site-packages/airflow/example_dags/example_latest_only.py for tasks to queue
[2025-08-10T15:15:25.657+0000] {logging_mixin.py:188} INFO - [2025-08-10T15:15:25.656+0000] {dagbag.py:545} INFO - Filling up the DagBag from /home/airflow/.local/lib/python3.12/site-packages/airflow/example_dags/example_latest_only.py
[2025-08-10T15:15:25.668+0000] {processor.py:840} INFO - DAG(s) 'latest_only' retrieved from /home/airflow/.local/lib/python3.12/site-packages/airflow/example_dags/example_latest_only.py
[2025-08-10T15:15:25.707+0000] {logging_mixin.py:188} INFO - [2025-08-10T15:15:25.706+0000] {dag.py:3096} INFO - Sync 1 DAGs
[2025-08-10T15:15:25.745+0000] {logging_mixin.py:188} INFO - [2025-08-10T15:15:25.744+0000] {dag.py:3954} INFO - Setting next_dagrun for latest_only to 2025-08-10 08:00:00+00:00, run_after=2025-08-10 12:00:00+00:00
[2025-08-10T15:15:25.775+0000] {processor.py:183} INFO - Processing /home/airflow/.local/lib/python3.12/site-packages/airflow/example_dags/example_latest_only.py took 0.131 seconds
[2025-08-10T15:15:56.157+0000] {processor.py:161} INFO - Started process (PID=2677) to work on /home/airflow/.local/lib/python3.12/site-packages/airflow/example_dags/example_latest_only.py
[2025-08-10T15:15:56.160+0000] {processor.py:830} INFO - Processing file /home/airflow/.local/lib/python3.12/site-packages/airflow/example_dags/example_latest_only.py for tasks to queue
[2025-08-10T15:15:56.161+0000] {logging_mixin.py:188} INFO - [2025-08-10T15:15:56.161+0000] {dagbag.py:545} INFO - Filling up the DagBag from /home/airflow/.local/lib/python3.12/site-packages/airflow/example_dags/example_latest_only.py
[2025-08-10T15:15:56.170+0000] {processor.py:840} INFO - DAG(s) 'latest_only' retrieved from /home/airflow/.local/lib/python3.12/site-packages/airflow/example_dags/example_latest_only.py
[2025-08-10T15:15:56.209+0000] {logging_mixin.py:188} INFO - [2025-08-10T15:15:56.208+0000] {dag.py:3096} INFO - Sync 1 DAGs
[2025-08-10T15:15:56.244+0000] {logging_mixin.py:188} INFO - [2025-08-10T15:15:56.243+0000] {dag.py:3954} INFO - Setting next_dagrun for latest_only to 2025-08-10 08:00:00+00:00, run_after=2025-08-10 12:00:00+00:00
[2025-08-10T15:15:56.276+0000] {processor.py:183} INFO - Processing /home/airflow/.local/lib/python3.12/site-packages/airflow/example_dags/example_latest_only.py took 0.127 seconds
[2025-08-10T15:16:26.487+0000] {processor.py:161} INFO - Started process (PID=2739) to work on /home/airflow/.local/lib/python3.12/site-packages/airflow/example_dags/example_latest_only.py
[2025-08-10T15:16:26.489+0000] {processor.py:830} INFO - Processing file /home/airflow/.local/lib/python3.12/site-packages/airflow/example_dags/example_latest_only.py for tasks to queue
[2025-08-10T15:16:26.491+0000] {logging_mixin.py:188} INFO - [2025-08-10T15:16:26.491+0000] {dagbag.py:545} INFO - Filling up the DagBag from /home/airflow/.local/lib/python3.12/site-packages/airflow/example_dags/example_latest_only.py
[2025-08-10T15:16:26.500+0000] {processor.py:840} INFO - DAG(s) 'latest_only' retrieved from /home/airflow/.local/lib/python3.12/site-packages/airflow/example_dags/example_latest_only.py
[2025-08-10T15:16:26.535+0000] {logging_mixin.py:188} INFO - [2025-08-10T15:16:26.535+0000] {dag.py:3096} INFO - Sync 1 DAGs
[2025-08-10T15:16:26.567+0000] {logging_mixin.py:188} INFO - [2025-08-10T15:16:26.567+0000] {dag.py:3954} INFO - Setting next_dagrun for latest_only to 2025-08-10 08:00:00+00:00, run_after=2025-08-10 12:00:00+00:00
[2025-08-10T15:16:26.603+0000] {processor.py:183} INFO - Processing /home/airflow/.local/lib/python3.12/site-packages/airflow/example_dags/example_latest_only.py took 0.124 seconds
