[2025-08-10T02:55:21.575+0000] {processor.py:161} INFO - Started process (PID=97) to work on /home/airflow/.local/lib/python3.12/site-packages/airflow/example_dags/example_branch_operator.py
[2025-08-10T02:55:21.577+0000] {processor.py:830} INFO - Processing file /home/airflow/.local/lib/python3.12/site-packages/airflow/example_dags/example_branch_operator.py for tasks to queue
[2025-08-10T02:55:21.581+0000] {logging_mixin.py:188} INFO - [2025-08-10T02:55:21.581+0000] {dagbag.py:545} INFO - Filling up the DagBag from /home/airflow/.local/lib/python3.12/site-packages/airflow/example_dags/example_branch_operator.py
[2025-08-10T02:55:21.614+0000] {processor.py:840} INFO - DAG(s) 'example_branch_operator' retrieved from /home/airflow/.local/lib/python3.12/site-packages/airflow/example_dags/example_branch_operator.py
[2025-08-10T02:55:21.795+0000] {logging_mixin.py:188} INFO - [2025-08-10T02:55:21.794+0000] {dag.py:3096} INFO - Sync 1 DAGs
[2025-08-10T02:55:21.825+0000] {logging_mixin.py:188} INFO - [2025-08-10T02:55:21.825+0000] {dag.py:3954} INFO - Setting next_dagrun for example_branch_operator to 2025-08-09 00:00:00+00:00, run_after=2025-08-10 00:00:00+00:00
[2025-08-10T02:55:21.857+0000] {processor.py:183} INFO - Processing /home/airflow/.local/lib/python3.12/site-packages/airflow/example_dags/example_branch_operator.py took 0.291 seconds
[2025-08-10T02:55:52.436+0000] {processor.py:161} INFO - Started process (PID=159) to work on /home/airflow/.local/lib/python3.12/site-packages/airflow/example_dags/example_branch_operator.py
[2025-08-10T02:55:52.438+0000] {processor.py:830} INFO - Processing file /home/airflow/.local/lib/python3.12/site-packages/airflow/example_dags/example_branch_operator.py for tasks to queue
[2025-08-10T02:55:52.442+0000] {logging_mixin.py:188} INFO - [2025-08-10T02:55:52.441+0000] {dagbag.py:545} INFO - Filling up the DagBag from /home/airflow/.local/lib/python3.12/site-packages/airflow/example_dags/example_branch_operator.py
[2025-08-10T02:55:52.475+0000] {processor.py:840} INFO - DAG(s) 'example_branch_operator' retrieved from /home/airflow/.local/lib/python3.12/site-packages/airflow/example_dags/example_branch_operator.py
[2025-08-10T02:55:52.536+0000] {logging_mixin.py:188} INFO - [2025-08-10T02:55:52.535+0000] {dag.py:3096} INFO - Sync 1 DAGs
[2025-08-10T02:55:52.580+0000] {logging_mixin.py:188} INFO - [2025-08-10T02:55:52.580+0000] {dag.py:3954} INFO - Setting next_dagrun for example_branch_operator to 2025-08-09 00:00:00+00:00, run_after=2025-08-10 00:00:00+00:00
[2025-08-10T02:55:52.626+0000] {processor.py:183} INFO - Processing /home/airflow/.local/lib/python3.12/site-packages/airflow/example_dags/example_branch_operator.py took 0.201 seconds
[2025-08-10T02:56:22.880+0000] {processor.py:161} INFO - Started process (PID=221) to work on /home/airflow/.local/lib/python3.12/site-packages/airflow/example_dags/example_branch_operator.py
[2025-08-10T02:56:22.881+0000] {processor.py:830} INFO - Processing file /home/airflow/.local/lib/python3.12/site-packages/airflow/example_dags/example_branch_operator.py for tasks to queue
[2025-08-10T02:56:22.884+0000] {logging_mixin.py:188} INFO - [2025-08-10T02:56:22.884+0000] {dagbag.py:545} INFO - Filling up the DagBag from /home/airflow/.local/lib/python3.12/site-packages/airflow/example_dags/example_branch_operator.py
[2025-08-10T02:56:22.911+0000] {processor.py:840} INFO - DAG(s) 'example_branch_operator' retrieved from /home/airflow/.local/lib/python3.12/site-packages/airflow/example_dags/example_branch_operator.py
[2025-08-10T02:56:22.980+0000] {logging_mixin.py:188} INFO - [2025-08-10T02:56:22.979+0000] {dag.py:3096} INFO - Sync 1 DAGs
[2025-08-10T02:56:23.025+0000] {logging_mixin.py:188} INFO - [2025-08-10T02:56:23.024+0000] {dag.py:3954} INFO - Setting next_dagrun for example_branch_operator to 2025-08-09 00:00:00+00:00, run_after=2025-08-10 00:00:00+00:00
[2025-08-10T02:56:23.055+0000] {processor.py:183} INFO - Processing /home/airflow/.local/lib/python3.12/site-packages/airflow/example_dags/example_branch_operator.py took 0.185 seconds
[2025-08-10T02:56:53.821+0000] {processor.py:161} INFO - Started process (PID=283) to work on /home/airflow/.local/lib/python3.12/site-packages/airflow/example_dags/example_branch_operator.py
[2025-08-10T02:56:53.823+0000] {processor.py:830} INFO - Processing file /home/airflow/.local/lib/python3.12/site-packages/airflow/example_dags/example_branch_operator.py for tasks to queue
[2025-08-10T02:56:53.826+0000] {logging_mixin.py:188} INFO - [2025-08-10T02:56:53.825+0000] {dagbag.py:545} INFO - Filling up the DagBag from /home/airflow/.local/lib/python3.12/site-packages/airflow/example_dags/example_branch_operator.py
[2025-08-10T02:56:53.849+0000] {processor.py:840} INFO - DAG(s) 'example_branch_operator' retrieved from /home/airflow/.local/lib/python3.12/site-packages/airflow/example_dags/example_branch_operator.py
[2025-08-10T02:56:53.894+0000] {logging_mixin.py:188} INFO - [2025-08-10T02:56:53.893+0000] {dag.py:3096} INFO - Sync 1 DAGs
[2025-08-10T02:56:53.929+0000] {logging_mixin.py:188} INFO - [2025-08-10T02:56:53.928+0000] {dag.py:3954} INFO - Setting next_dagrun for example_branch_operator to 2025-08-09 00:00:00+00:00, run_after=2025-08-10 00:00:00+00:00
[2025-08-10T02:56:53.969+0000] {processor.py:183} INFO - Processing /home/airflow/.local/lib/python3.12/site-packages/airflow/example_dags/example_branch_operator.py took 0.159 seconds
[2025-08-10T02:57:24.077+0000] {processor.py:161} INFO - Started process (PID=345) to work on /home/airflow/.local/lib/python3.12/site-packages/airflow/example_dags/example_branch_operator.py
[2025-08-10T02:57:24.079+0000] {processor.py:830} INFO - Processing file /home/airflow/.local/lib/python3.12/site-packages/airflow/example_dags/example_branch_operator.py for tasks to queue
[2025-08-10T02:57:24.082+0000] {logging_mixin.py:188} INFO - [2025-08-10T02:57:24.082+0000] {dagbag.py:545} INFO - Filling up the DagBag from /home/airflow/.local/lib/python3.12/site-packages/airflow/example_dags/example_branch_operator.py
[2025-08-10T02:57:24.114+0000] {processor.py:840} INFO - DAG(s) 'example_branch_operator' retrieved from /home/airflow/.local/lib/python3.12/site-packages/airflow/example_dags/example_branch_operator.py
[2025-08-10T02:57:24.158+0000] {logging_mixin.py:188} INFO - [2025-08-10T02:57:24.157+0000] {dag.py:3096} INFO - Sync 1 DAGs
[2025-08-10T02:57:24.190+0000] {logging_mixin.py:188} INFO - [2025-08-10T02:57:24.190+0000] {dag.py:3954} INFO - Setting next_dagrun for example_branch_operator to 2025-08-09 00:00:00+00:00, run_after=2025-08-10 00:00:00+00:00
[2025-08-10T02:57:24.220+0000] {processor.py:183} INFO - Processing /home/airflow/.local/lib/python3.12/site-packages/airflow/example_dags/example_branch_operator.py took 0.151 seconds
[2025-08-10T02:57:55.373+0000] {processor.py:161} INFO - Started process (PID=407) to work on /home/airflow/.local/lib/python3.12/site-packages/airflow/example_dags/example_branch_operator.py
[2025-08-10T02:57:55.375+0000] {processor.py:830} INFO - Processing file /home/airflow/.local/lib/python3.12/site-packages/airflow/example_dags/example_branch_operator.py for tasks to queue
[2025-08-10T02:57:55.378+0000] {logging_mixin.py:188} INFO - [2025-08-10T02:57:55.378+0000] {dagbag.py:545} INFO - Filling up the DagBag from /home/airflow/.local/lib/python3.12/site-packages/airflow/example_dags/example_branch_operator.py
[2025-08-10T02:57:55.406+0000] {processor.py:840} INFO - DAG(s) 'example_branch_operator' retrieved from /home/airflow/.local/lib/python3.12/site-packages/airflow/example_dags/example_branch_operator.py
[2025-08-10T02:57:55.453+0000] {logging_mixin.py:188} INFO - [2025-08-10T02:57:55.453+0000] {dag.py:3096} INFO - Sync 1 DAGs
[2025-08-10T02:57:55.495+0000] {logging_mixin.py:188} INFO - [2025-08-10T02:57:55.494+0000] {dag.py:3954} INFO - Setting next_dagrun for example_branch_operator to 2025-08-09 00:00:00+00:00, run_after=2025-08-10 00:00:00+00:00
[2025-08-10T02:57:55.528+0000] {processor.py:183} INFO - Processing /home/airflow/.local/lib/python3.12/site-packages/airflow/example_dags/example_branch_operator.py took 0.164 seconds
[2025-08-10T02:58:26.052+0000] {processor.py:161} INFO - Started process (PID=469) to work on /home/airflow/.local/lib/python3.12/site-packages/airflow/example_dags/example_branch_operator.py
[2025-08-10T02:58:26.054+0000] {processor.py:830} INFO - Processing file /home/airflow/.local/lib/python3.12/site-packages/airflow/example_dags/example_branch_operator.py for tasks to queue
[2025-08-10T02:58:26.058+0000] {logging_mixin.py:188} INFO - [2025-08-10T02:58:26.058+0000] {dagbag.py:545} INFO - Filling up the DagBag from /home/airflow/.local/lib/python3.12/site-packages/airflow/example_dags/example_branch_operator.py
[2025-08-10T02:58:26.082+0000] {processor.py:840} INFO - DAG(s) 'example_branch_operator' retrieved from /home/airflow/.local/lib/python3.12/site-packages/airflow/example_dags/example_branch_operator.py
[2025-08-10T02:58:26.129+0000] {logging_mixin.py:188} INFO - [2025-08-10T02:58:26.128+0000] {dag.py:3096} INFO - Sync 1 DAGs
[2025-08-10T02:58:26.167+0000] {logging_mixin.py:188} INFO - [2025-08-10T02:58:26.166+0000] {dag.py:3954} INFO - Setting next_dagrun for example_branch_operator to 2025-08-09 00:00:00+00:00, run_after=2025-08-10 00:00:00+00:00
[2025-08-10T02:58:26.198+0000] {processor.py:183} INFO - Processing /home/airflow/.local/lib/python3.12/site-packages/airflow/example_dags/example_branch_operator.py took 0.158 seconds
[2025-08-10T02:58:56.786+0000] {processor.py:161} INFO - Started process (PID=531) to work on /home/airflow/.local/lib/python3.12/site-packages/airflow/example_dags/example_branch_operator.py
[2025-08-10T02:58:56.788+0000] {processor.py:830} INFO - Processing file /home/airflow/.local/lib/python3.12/site-packages/airflow/example_dags/example_branch_operator.py for tasks to queue
[2025-08-10T02:58:56.792+0000] {logging_mixin.py:188} INFO - [2025-08-10T02:58:56.791+0000] {dagbag.py:545} INFO - Filling up the DagBag from /home/airflow/.local/lib/python3.12/site-packages/airflow/example_dags/example_branch_operator.py
[2025-08-10T02:58:56.817+0000] {processor.py:840} INFO - DAG(s) 'example_branch_operator' retrieved from /home/airflow/.local/lib/python3.12/site-packages/airflow/example_dags/example_branch_operator.py
[2025-08-10T02:58:56.865+0000] {logging_mixin.py:188} INFO - [2025-08-10T02:58:56.864+0000] {dag.py:3096} INFO - Sync 1 DAGs
[2025-08-10T02:58:56.901+0000] {logging_mixin.py:188} INFO - [2025-08-10T02:58:56.900+0000] {dag.py:3954} INFO - Setting next_dagrun for example_branch_operator to 2025-08-09 00:00:00+00:00, run_after=2025-08-10 00:00:00+00:00
[2025-08-10T02:58:56.932+0000] {processor.py:183} INFO - Processing /home/airflow/.local/lib/python3.12/site-packages/airflow/example_dags/example_branch_operator.py took 0.156 seconds
[2025-08-10T02:59:27.549+0000] {processor.py:161} INFO - Started process (PID=593) to work on /home/airflow/.local/lib/python3.12/site-packages/airflow/example_dags/example_branch_operator.py
[2025-08-10T02:59:27.551+0000] {processor.py:830} INFO - Processing file /home/airflow/.local/lib/python3.12/site-packages/airflow/example_dags/example_branch_operator.py for tasks to queue
[2025-08-10T02:59:27.555+0000] {logging_mixin.py:188} INFO - [2025-08-10T02:59:27.554+0000] {dagbag.py:545} INFO - Filling up the DagBag from /home/airflow/.local/lib/python3.12/site-packages/airflow/example_dags/example_branch_operator.py
[2025-08-10T02:59:27.582+0000] {processor.py:840} INFO - DAG(s) 'example_branch_operator' retrieved from /home/airflow/.local/lib/python3.12/site-packages/airflow/example_dags/example_branch_operator.py
[2025-08-10T02:59:27.627+0000] {logging_mixin.py:188} INFO - [2025-08-10T02:59:27.626+0000] {dag.py:3096} INFO - Sync 1 DAGs
[2025-08-10T02:59:27.666+0000] {logging_mixin.py:188} INFO - [2025-08-10T02:59:27.666+0000] {dag.py:3954} INFO - Setting next_dagrun for example_branch_operator to 2025-08-09 00:00:00+00:00, run_after=2025-08-10 00:00:00+00:00
[2025-08-10T02:59:27.699+0000] {processor.py:183} INFO - Processing /home/airflow/.local/lib/python3.12/site-packages/airflow/example_dags/example_branch_operator.py took 0.161 seconds
[2025-08-10T02:59:58.344+0000] {processor.py:161} INFO - Started process (PID=655) to work on /home/airflow/.local/lib/python3.12/site-packages/airflow/example_dags/example_branch_operator.py
[2025-08-10T02:59:58.346+0000] {processor.py:830} INFO - Processing file /home/airflow/.local/lib/python3.12/site-packages/airflow/example_dags/example_branch_operator.py for tasks to queue
[2025-08-10T02:59:58.350+0000] {logging_mixin.py:188} INFO - [2025-08-10T02:59:58.349+0000] {dagbag.py:545} INFO - Filling up the DagBag from /home/airflow/.local/lib/python3.12/site-packages/airflow/example_dags/example_branch_operator.py
[2025-08-10T02:59:58.375+0000] {processor.py:840} INFO - DAG(s) 'example_branch_operator' retrieved from /home/airflow/.local/lib/python3.12/site-packages/airflow/example_dags/example_branch_operator.py
[2025-08-10T02:59:58.420+0000] {logging_mixin.py:188} INFO - [2025-08-10T02:59:58.419+0000] {dag.py:3096} INFO - Sync 1 DAGs
[2025-08-10T02:59:58.456+0000] {logging_mixin.py:188} INFO - [2025-08-10T02:59:58.456+0000] {dag.py:3954} INFO - Setting next_dagrun for example_branch_operator to 2025-08-09 00:00:00+00:00, run_after=2025-08-10 00:00:00+00:00
[2025-08-10T02:59:58.502+0000] {processor.py:183} INFO - Processing /home/airflow/.local/lib/python3.12/site-packages/airflow/example_dags/example_branch_operator.py took 0.167 seconds
[2025-08-10T03:00:29.485+0000] {processor.py:161} INFO - Started process (PID=717) to work on /home/airflow/.local/lib/python3.12/site-packages/airflow/example_dags/example_branch_operator.py
[2025-08-10T03:00:29.487+0000] {processor.py:830} INFO - Processing file /home/airflow/.local/lib/python3.12/site-packages/airflow/example_dags/example_branch_operator.py for tasks to queue
[2025-08-10T03:00:29.491+0000] {logging_mixin.py:188} INFO - [2025-08-10T03:00:29.490+0000] {dagbag.py:545} INFO - Filling up the DagBag from /home/airflow/.local/lib/python3.12/site-packages/airflow/example_dags/example_branch_operator.py
[2025-08-10T03:00:29.522+0000] {processor.py:840} INFO - DAG(s) 'example_branch_operator' retrieved from /home/airflow/.local/lib/python3.12/site-packages/airflow/example_dags/example_branch_operator.py
[2025-08-10T03:00:29.576+0000] {logging_mixin.py:188} INFO - [2025-08-10T03:00:29.575+0000] {dag.py:3096} INFO - Sync 1 DAGs
[2025-08-10T03:00:29.614+0000] {logging_mixin.py:188} INFO - [2025-08-10T03:00:29.613+0000] {dag.py:3954} INFO - Setting next_dagrun for example_branch_operator to 2025-08-09 00:00:00+00:00, run_after=2025-08-10 00:00:00+00:00
[2025-08-10T03:00:29.647+0000] {processor.py:183} INFO - Processing /home/airflow/.local/lib/python3.12/site-packages/airflow/example_dags/example_branch_operator.py took 0.172 seconds
[2025-08-10T03:01:00.639+0000] {processor.py:161} INFO - Started process (PID=779) to work on /home/airflow/.local/lib/python3.12/site-packages/airflow/example_dags/example_branch_operator.py
[2025-08-10T03:01:00.641+0000] {processor.py:830} INFO - Processing file /home/airflow/.local/lib/python3.12/site-packages/airflow/example_dags/example_branch_operator.py for tasks to queue
[2025-08-10T03:01:00.644+0000] {logging_mixin.py:188} INFO - [2025-08-10T03:01:00.644+0000] {dagbag.py:545} INFO - Filling up the DagBag from /home/airflow/.local/lib/python3.12/site-packages/airflow/example_dags/example_branch_operator.py
[2025-08-10T03:01:00.675+0000] {processor.py:840} INFO - DAG(s) 'example_branch_operator' retrieved from /home/airflow/.local/lib/python3.12/site-packages/airflow/example_dags/example_branch_operator.py
[2025-08-10T03:01:00.727+0000] {logging_mixin.py:188} INFO - [2025-08-10T03:01:00.727+0000] {dag.py:3096} INFO - Sync 1 DAGs
[2025-08-10T03:01:00.759+0000] {logging_mixin.py:188} INFO - [2025-08-10T03:01:00.759+0000] {dag.py:3954} INFO - Setting next_dagrun for example_branch_operator to 2025-08-09 00:00:00+00:00, run_after=2025-08-10 00:00:00+00:00
[2025-08-10T03:01:00.792+0000] {processor.py:183} INFO - Processing /home/airflow/.local/lib/python3.12/site-packages/airflow/example_dags/example_branch_operator.py took 0.163 seconds
[2025-08-10T03:01:31.193+0000] {processor.py:161} INFO - Started process (PID=841) to work on /home/airflow/.local/lib/python3.12/site-packages/airflow/example_dags/example_branch_operator.py
[2025-08-10T03:01:31.194+0000] {processor.py:830} INFO - Processing file /home/airflow/.local/lib/python3.12/site-packages/airflow/example_dags/example_branch_operator.py for tasks to queue
[2025-08-10T03:01:31.198+0000] {logging_mixin.py:188} INFO - [2025-08-10T03:01:31.197+0000] {dagbag.py:545} INFO - Filling up the DagBag from /home/airflow/.local/lib/python3.12/site-packages/airflow/example_dags/example_branch_operator.py
[2025-08-10T03:01:31.222+0000] {processor.py:840} INFO - DAG(s) 'example_branch_operator' retrieved from /home/airflow/.local/lib/python3.12/site-packages/airflow/example_dags/example_branch_operator.py
[2025-08-10T03:01:31.269+0000] {logging_mixin.py:188} INFO - [2025-08-10T03:01:31.268+0000] {dag.py:3096} INFO - Sync 1 DAGs
[2025-08-10T03:01:31.302+0000] {logging_mixin.py:188} INFO - [2025-08-10T03:01:31.301+0000] {dag.py:3954} INFO - Setting next_dagrun for example_branch_operator to 2025-08-09 00:00:00+00:00, run_after=2025-08-10 00:00:00+00:00
[2025-08-10T03:01:31.340+0000] {processor.py:183} INFO - Processing /home/airflow/.local/lib/python3.12/site-packages/airflow/example_dags/example_branch_operator.py took 0.156 seconds
[2025-08-10T03:02:02.617+0000] {processor.py:161} INFO - Started process (PID=904) to work on /home/airflow/.local/lib/python3.12/site-packages/airflow/example_dags/example_branch_operator.py
[2025-08-10T03:02:02.619+0000] {processor.py:830} INFO - Processing file /home/airflow/.local/lib/python3.12/site-packages/airflow/example_dags/example_branch_operator.py for tasks to queue
[2025-08-10T03:02:02.623+0000] {logging_mixin.py:188} INFO - [2025-08-10T03:02:02.623+0000] {dagbag.py:545} INFO - Filling up the DagBag from /home/airflow/.local/lib/python3.12/site-packages/airflow/example_dags/example_branch_operator.py
[2025-08-10T03:02:02.652+0000] {processor.py:840} INFO - DAG(s) 'example_branch_operator' retrieved from /home/airflow/.local/lib/python3.12/site-packages/airflow/example_dags/example_branch_operator.py
[2025-08-10T03:02:02.711+0000] {logging_mixin.py:188} INFO - [2025-08-10T03:02:02.710+0000] {dag.py:3096} INFO - Sync 1 DAGs
[2025-08-10T03:02:02.760+0000] {logging_mixin.py:188} INFO - [2025-08-10T03:02:02.760+0000] {dag.py:3954} INFO - Setting next_dagrun for example_branch_operator to 2025-08-09 00:00:00+00:00, run_after=2025-08-10 00:00:00+00:00
[2025-08-10T03:02:02.794+0000] {processor.py:183} INFO - Processing /home/airflow/.local/lib/python3.12/site-packages/airflow/example_dags/example_branch_operator.py took 0.189 seconds
[2025-08-10T03:02:33.598+0000] {processor.py:161} INFO - Started process (PID=966) to work on /home/airflow/.local/lib/python3.12/site-packages/airflow/example_dags/example_branch_operator.py
[2025-08-10T03:02:33.600+0000] {processor.py:830} INFO - Processing file /home/airflow/.local/lib/python3.12/site-packages/airflow/example_dags/example_branch_operator.py for tasks to queue
[2025-08-10T03:02:33.602+0000] {logging_mixin.py:188} INFO - [2025-08-10T03:02:33.601+0000] {dagbag.py:545} INFO - Filling up the DagBag from /home/airflow/.local/lib/python3.12/site-packages/airflow/example_dags/example_branch_operator.py
[2025-08-10T03:02:33.629+0000] {processor.py:840} INFO - DAG(s) 'example_branch_operator' retrieved from /home/airflow/.local/lib/python3.12/site-packages/airflow/example_dags/example_branch_operator.py
[2025-08-10T03:02:33.675+0000] {logging_mixin.py:188} INFO - [2025-08-10T03:02:33.674+0000] {dag.py:3096} INFO - Sync 1 DAGs
[2025-08-10T03:02:33.709+0000] {logging_mixin.py:188} INFO - [2025-08-10T03:02:33.709+0000] {dag.py:3954} INFO - Setting next_dagrun for example_branch_operator to 2025-08-09 00:00:00+00:00, run_after=2025-08-10 00:00:00+00:00
[2025-08-10T03:02:33.748+0000] {processor.py:183} INFO - Processing /home/airflow/.local/lib/python3.12/site-packages/airflow/example_dags/example_branch_operator.py took 0.161 seconds
[2025-08-10T03:03:04.646+0000] {processor.py:161} INFO - Started process (PID=1029) to work on /home/airflow/.local/lib/python3.12/site-packages/airflow/example_dags/example_branch_operator.py
[2025-08-10T03:03:04.648+0000] {processor.py:830} INFO - Processing file /home/airflow/.local/lib/python3.12/site-packages/airflow/example_dags/example_branch_operator.py for tasks to queue
[2025-08-10T03:03:04.650+0000] {logging_mixin.py:188} INFO - [2025-08-10T03:03:04.649+0000] {dagbag.py:545} INFO - Filling up the DagBag from /home/airflow/.local/lib/python3.12/site-packages/airflow/example_dags/example_branch_operator.py
[2025-08-10T03:03:04.681+0000] {processor.py:840} INFO - DAG(s) 'example_branch_operator' retrieved from /home/airflow/.local/lib/python3.12/site-packages/airflow/example_dags/example_branch_operator.py
[2025-08-10T03:03:04.734+0000] {logging_mixin.py:188} INFO - [2025-08-10T03:03:04.734+0000] {dag.py:3096} INFO - Sync 1 DAGs
[2025-08-10T03:03:04.773+0000] {logging_mixin.py:188} INFO - [2025-08-10T03:03:04.773+0000] {dag.py:3954} INFO - Setting next_dagrun for example_branch_operator to 2025-08-09 00:00:00+00:00, run_after=2025-08-10 00:00:00+00:00
[2025-08-10T03:03:04.818+0000] {processor.py:183} INFO - Processing /home/airflow/.local/lib/python3.12/site-packages/airflow/example_dags/example_branch_operator.py took 0.181 seconds
[2025-08-10T03:03:35.112+0000] {processor.py:161} INFO - Started process (PID=1091) to work on /home/airflow/.local/lib/python3.12/site-packages/airflow/example_dags/example_branch_operator.py
[2025-08-10T03:03:35.113+0000] {processor.py:830} INFO - Processing file /home/airflow/.local/lib/python3.12/site-packages/airflow/example_dags/example_branch_operator.py for tasks to queue
[2025-08-10T03:03:35.115+0000] {logging_mixin.py:188} INFO - [2025-08-10T03:03:35.114+0000] {dagbag.py:545} INFO - Filling up the DagBag from /home/airflow/.local/lib/python3.12/site-packages/airflow/example_dags/example_branch_operator.py
[2025-08-10T03:03:35.146+0000] {processor.py:840} INFO - DAG(s) 'example_branch_operator' retrieved from /home/airflow/.local/lib/python3.12/site-packages/airflow/example_dags/example_branch_operator.py
[2025-08-10T03:03:35.193+0000] {logging_mixin.py:188} INFO - [2025-08-10T03:03:35.193+0000] {dag.py:3096} INFO - Sync 1 DAGs
[2025-08-10T03:03:35.227+0000] {logging_mixin.py:188} INFO - [2025-08-10T03:03:35.227+0000] {dag.py:3954} INFO - Setting next_dagrun for example_branch_operator to 2025-08-09 00:00:00+00:00, run_after=2025-08-10 00:00:00+00:00
[2025-08-10T03:03:35.257+0000] {processor.py:183} INFO - Processing /home/airflow/.local/lib/python3.12/site-packages/airflow/example_dags/example_branch_operator.py took 0.155 seconds
[2025-08-10T03:04:05.827+0000] {processor.py:161} INFO - Started process (PID=1153) to work on /home/airflow/.local/lib/python3.12/site-packages/airflow/example_dags/example_branch_operator.py
[2025-08-10T03:04:05.829+0000] {processor.py:830} INFO - Processing file /home/airflow/.local/lib/python3.12/site-packages/airflow/example_dags/example_branch_operator.py for tasks to queue
[2025-08-10T03:04:05.830+0000] {logging_mixin.py:188} INFO - [2025-08-10T03:04:05.830+0000] {dagbag.py:545} INFO - Filling up the DagBag from /home/airflow/.local/lib/python3.12/site-packages/airflow/example_dags/example_branch_operator.py
[2025-08-10T03:04:05.859+0000] {processor.py:840} INFO - DAG(s) 'example_branch_operator' retrieved from /home/airflow/.local/lib/python3.12/site-packages/airflow/example_dags/example_branch_operator.py
[2025-08-10T03:04:05.905+0000] {logging_mixin.py:188} INFO - [2025-08-10T03:04:05.904+0000] {dag.py:3096} INFO - Sync 1 DAGs
[2025-08-10T03:04:05.941+0000] {logging_mixin.py:188} INFO - [2025-08-10T03:04:05.941+0000] {dag.py:3954} INFO - Setting next_dagrun for example_branch_operator to 2025-08-09 00:00:00+00:00, run_after=2025-08-10 00:00:00+00:00
[2025-08-10T03:04:05.982+0000] {processor.py:183} INFO - Processing /home/airflow/.local/lib/python3.12/site-packages/airflow/example_dags/example_branch_operator.py took 0.166 seconds
[2025-08-10T03:04:36.363+0000] {processor.py:161} INFO - Started process (PID=1214) to work on /home/airflow/.local/lib/python3.12/site-packages/airflow/example_dags/example_branch_operator.py
[2025-08-10T03:04:36.365+0000] {processor.py:830} INFO - Processing file /home/airflow/.local/lib/python3.12/site-packages/airflow/example_dags/example_branch_operator.py for tasks to queue
[2025-08-10T03:04:36.366+0000] {logging_mixin.py:188} INFO - [2025-08-10T03:04:36.366+0000] {dagbag.py:545} INFO - Filling up the DagBag from /home/airflow/.local/lib/python3.12/site-packages/airflow/example_dags/example_branch_operator.py
[2025-08-10T03:04:36.394+0000] {processor.py:840} INFO - DAG(s) 'example_branch_operator' retrieved from /home/airflow/.local/lib/python3.12/site-packages/airflow/example_dags/example_branch_operator.py
[2025-08-10T03:04:36.440+0000] {logging_mixin.py:188} INFO - [2025-08-10T03:04:36.440+0000] {dag.py:3096} INFO - Sync 1 DAGs
[2025-08-10T03:04:36.474+0000] {logging_mixin.py:188} INFO - [2025-08-10T03:04:36.473+0000] {dag.py:3954} INFO - Setting next_dagrun for example_branch_operator to 2025-08-09 00:00:00+00:00, run_after=2025-08-10 00:00:00+00:00
[2025-08-10T03:04:36.513+0000] {processor.py:183} INFO - Processing /home/airflow/.local/lib/python3.12/site-packages/airflow/example_dags/example_branch_operator.py took 0.159 seconds
[2025-08-10T03:05:07.118+0000] {processor.py:161} INFO - Started process (PID=1275) to work on /home/airflow/.local/lib/python3.12/site-packages/airflow/example_dags/example_branch_operator.py
[2025-08-10T03:05:07.121+0000] {processor.py:830} INFO - Processing file /home/airflow/.local/lib/python3.12/site-packages/airflow/example_dags/example_branch_operator.py for tasks to queue
[2025-08-10T03:05:07.123+0000] {logging_mixin.py:188} INFO - [2025-08-10T03:05:07.123+0000] {dagbag.py:545} INFO - Filling up the DagBag from /home/airflow/.local/lib/python3.12/site-packages/airflow/example_dags/example_branch_operator.py
[2025-08-10T03:05:07.154+0000] {processor.py:840} INFO - DAG(s) 'example_branch_operator' retrieved from /home/airflow/.local/lib/python3.12/site-packages/airflow/example_dags/example_branch_operator.py
[2025-08-10T03:05:07.224+0000] {logging_mixin.py:188} INFO - [2025-08-10T03:05:07.223+0000] {dag.py:3096} INFO - Sync 1 DAGs
[2025-08-10T03:05:07.265+0000] {logging_mixin.py:188} INFO - [2025-08-10T03:05:07.264+0000] {dag.py:3954} INFO - Setting next_dagrun for example_branch_operator to 2025-08-09 00:00:00+00:00, run_after=2025-08-10 00:00:00+00:00
[2025-08-10T03:05:07.313+0000] {processor.py:183} INFO - Processing /home/airflow/.local/lib/python3.12/site-packages/airflow/example_dags/example_branch_operator.py took 0.210 seconds
[2025-08-10T03:05:37.664+0000] {processor.py:161} INFO - Started process (PID=1338) to work on /home/airflow/.local/lib/python3.12/site-packages/airflow/example_dags/example_branch_operator.py
[2025-08-10T03:05:37.667+0000] {processor.py:830} INFO - Processing file /home/airflow/.local/lib/python3.12/site-packages/airflow/example_dags/example_branch_operator.py for tasks to queue
[2025-08-10T03:05:37.669+0000] {logging_mixin.py:188} INFO - [2025-08-10T03:05:37.668+0000] {dagbag.py:545} INFO - Filling up the DagBag from /home/airflow/.local/lib/python3.12/site-packages/airflow/example_dags/example_branch_operator.py
[2025-08-10T03:05:37.722+0000] {processor.py:840} INFO - DAG(s) 'example_branch_operator' retrieved from /home/airflow/.local/lib/python3.12/site-packages/airflow/example_dags/example_branch_operator.py
[2025-08-10T03:05:37.793+0000] {logging_mixin.py:188} INFO - [2025-08-10T03:05:37.793+0000] {dag.py:3096} INFO - Sync 1 DAGs
[2025-08-10T03:05:37.849+0000] {logging_mixin.py:188} INFO - [2025-08-10T03:05:37.849+0000] {dag.py:3954} INFO - Setting next_dagrun for example_branch_operator to 2025-08-09 00:00:00+00:00, run_after=2025-08-10 00:00:00+00:00
[2025-08-10T03:05:37.905+0000] {processor.py:183} INFO - Processing /home/airflow/.local/lib/python3.12/site-packages/airflow/example_dags/example_branch_operator.py took 0.255 seconds
[2025-08-10T03:06:08.016+0000] {processor.py:161} INFO - Started process (PID=1400) to work on /home/airflow/.local/lib/python3.12/site-packages/airflow/example_dags/example_branch_operator.py
[2025-08-10T03:06:08.018+0000] {processor.py:830} INFO - Processing file /home/airflow/.local/lib/python3.12/site-packages/airflow/example_dags/example_branch_operator.py for tasks to queue
[2025-08-10T03:06:08.020+0000] {logging_mixin.py:188} INFO - [2025-08-10T03:06:08.019+0000] {dagbag.py:545} INFO - Filling up the DagBag from /home/airflow/.local/lib/python3.12/site-packages/airflow/example_dags/example_branch_operator.py
[2025-08-10T03:06:08.049+0000] {processor.py:840} INFO - DAG(s) 'example_branch_operator' retrieved from /home/airflow/.local/lib/python3.12/site-packages/airflow/example_dags/example_branch_operator.py
[2025-08-10T03:06:08.100+0000] {logging_mixin.py:188} INFO - [2025-08-10T03:06:08.099+0000] {dag.py:3096} INFO - Sync 1 DAGs
[2025-08-10T03:06:08.136+0000] {logging_mixin.py:188} INFO - [2025-08-10T03:06:08.136+0000] {dag.py:3954} INFO - Setting next_dagrun for example_branch_operator to 2025-08-09 00:00:00+00:00, run_after=2025-08-10 00:00:00+00:00
[2025-08-10T03:06:08.169+0000] {processor.py:183} INFO - Processing /home/airflow/.local/lib/python3.12/site-packages/airflow/example_dags/example_branch_operator.py took 0.164 seconds
[2025-08-10T03:06:38.356+0000] {processor.py:161} INFO - Started process (PID=1462) to work on /home/airflow/.local/lib/python3.12/site-packages/airflow/example_dags/example_branch_operator.py
[2025-08-10T03:06:38.358+0000] {processor.py:830} INFO - Processing file /home/airflow/.local/lib/python3.12/site-packages/airflow/example_dags/example_branch_operator.py for tasks to queue
[2025-08-10T03:06:38.359+0000] {logging_mixin.py:188} INFO - [2025-08-10T03:06:38.359+0000] {dagbag.py:545} INFO - Filling up the DagBag from /home/airflow/.local/lib/python3.12/site-packages/airflow/example_dags/example_branch_operator.py
[2025-08-10T03:06:38.385+0000] {processor.py:840} INFO - DAG(s) 'example_branch_operator' retrieved from /home/airflow/.local/lib/python3.12/site-packages/airflow/example_dags/example_branch_operator.py
[2025-08-10T03:06:38.432+0000] {logging_mixin.py:188} INFO - [2025-08-10T03:06:38.431+0000] {dag.py:3096} INFO - Sync 1 DAGs
[2025-08-10T03:06:38.473+0000] {logging_mixin.py:188} INFO - [2025-08-10T03:06:38.473+0000] {dag.py:3954} INFO - Setting next_dagrun for example_branch_operator to 2025-08-09 00:00:00+00:00, run_after=2025-08-10 00:00:00+00:00
[2025-08-10T03:06:38.514+0000] {processor.py:183} INFO - Processing /home/airflow/.local/lib/python3.12/site-packages/airflow/example_dags/example_branch_operator.py took 0.166 seconds
[2025-08-10T03:07:11.604+0000] {processor.py:161} INFO - Started process (PID=1524) to work on /home/airflow/.local/lib/python3.12/site-packages/airflow/example_dags/example_branch_operator.py
[2025-08-10T03:07:11.610+0000] {processor.py:830} INFO - Processing file /home/airflow/.local/lib/python3.12/site-packages/airflow/example_dags/example_branch_operator.py for tasks to queue
[2025-08-10T03:07:11.618+0000] {logging_mixin.py:188} INFO - [2025-08-10T03:07:11.617+0000] {dagbag.py:545} INFO - Filling up the DagBag from /home/airflow/.local/lib/python3.12/site-packages/airflow/example_dags/example_branch_operator.py
[2025-08-10T03:17:45.594+0000] {processor.py:840} INFO - DAG(s) 'example_branch_operator' retrieved from /home/airflow/.local/lib/python3.12/site-packages/airflow/example_dags/example_branch_operator.py
[2025-08-10T03:17:45.769+0000] {logging_mixin.py:188} INFO - [2025-08-10T03:17:45.768+0000] {dag.py:3096} INFO - Sync 1 DAGs
[2025-08-10T03:17:45.907+0000] {logging_mixin.py:188} INFO - [2025-08-10T03:17:45.907+0000] {dag.py:3954} INFO - Setting next_dagrun for example_branch_operator to 2025-08-09 00:00:00+00:00, run_after=2025-08-10 00:00:00+00:00
[2025-08-10T03:17:46.001+0000] {processor.py:183} INFO - Processing /home/airflow/.local/lib/python3.12/site-packages/airflow/example_dags/example_branch_operator.py took 0.741 seconds
[2025-08-10T03:18:16.778+0000] {processor.py:161} INFO - Started process (PID=1586) to work on /home/airflow/.local/lib/python3.12/site-packages/airflow/example_dags/example_branch_operator.py
[2025-08-10T03:18:16.781+0000] {processor.py:830} INFO - Processing file /home/airflow/.local/lib/python3.12/site-packages/airflow/example_dags/example_branch_operator.py for tasks to queue
[2025-08-10T03:18:16.783+0000] {logging_mixin.py:188} INFO - [2025-08-10T03:18:16.782+0000] {dagbag.py:545} INFO - Filling up the DagBag from /home/airflow/.local/lib/python3.12/site-packages/airflow/example_dags/example_branch_operator.py
[2025-08-10T03:18:16.817+0000] {processor.py:840} INFO - DAG(s) 'example_branch_operator' retrieved from /home/airflow/.local/lib/python3.12/site-packages/airflow/example_dags/example_branch_operator.py
[2025-08-10T03:18:16.879+0000] {logging_mixin.py:188} INFO - [2025-08-10T03:18:16.878+0000] {dag.py:3096} INFO - Sync 1 DAGs
[2025-08-10T03:18:16.925+0000] {logging_mixin.py:188} INFO - [2025-08-10T03:18:16.924+0000] {dag.py:3954} INFO - Setting next_dagrun for example_branch_operator to 2025-08-09 00:00:00+00:00, run_after=2025-08-10 00:00:00+00:00
[2025-08-10T03:18:16.960+0000] {processor.py:183} INFO - Processing /home/airflow/.local/lib/python3.12/site-packages/airflow/example_dags/example_branch_operator.py took 0.198 seconds
[2025-08-10T03:18:47.534+0000] {processor.py:161} INFO - Started process (PID=1649) to work on /home/airflow/.local/lib/python3.12/site-packages/airflow/example_dags/example_branch_operator.py
[2025-08-10T03:18:47.537+0000] {processor.py:830} INFO - Processing file /home/airflow/.local/lib/python3.12/site-packages/airflow/example_dags/example_branch_operator.py for tasks to queue
[2025-08-10T03:18:47.540+0000] {logging_mixin.py:188} INFO - [2025-08-10T03:18:47.539+0000] {dagbag.py:545} INFO - Filling up the DagBag from /home/airflow/.local/lib/python3.12/site-packages/airflow/example_dags/example_branch_operator.py
[2025-08-10T03:18:47.584+0000] {processor.py:840} INFO - DAG(s) 'example_branch_operator' retrieved from /home/airflow/.local/lib/python3.12/site-packages/airflow/example_dags/example_branch_operator.py
[2025-08-10T03:18:47.658+0000] {logging_mixin.py:188} INFO - [2025-08-10T03:18:47.657+0000] {dag.py:3096} INFO - Sync 1 DAGs
[2025-08-10T03:18:47.709+0000] {logging_mixin.py:188} INFO - [2025-08-10T03:18:47.708+0000] {dag.py:3954} INFO - Setting next_dagrun for example_branch_operator to 2025-08-09 00:00:00+00:00, run_after=2025-08-10 00:00:00+00:00
[2025-08-10T03:18:47.743+0000] {processor.py:183} INFO - Processing /home/airflow/.local/lib/python3.12/site-packages/airflow/example_dags/example_branch_operator.py took 0.225 seconds
[2025-08-10T03:19:18.265+0000] {processor.py:161} INFO - Started process (PID=1711) to work on /home/airflow/.local/lib/python3.12/site-packages/airflow/example_dags/example_branch_operator.py
[2025-08-10T03:19:18.268+0000] {processor.py:830} INFO - Processing file /home/airflow/.local/lib/python3.12/site-packages/airflow/example_dags/example_branch_operator.py for tasks to queue
[2025-08-10T03:19:18.270+0000] {logging_mixin.py:188} INFO - [2025-08-10T03:19:18.269+0000] {dagbag.py:545} INFO - Filling up the DagBag from /home/airflow/.local/lib/python3.12/site-packages/airflow/example_dags/example_branch_operator.py
[2025-08-10T03:19:18.311+0000] {processor.py:840} INFO - DAG(s) 'example_branch_operator' retrieved from /home/airflow/.local/lib/python3.12/site-packages/airflow/example_dags/example_branch_operator.py
[2025-08-10T03:19:18.378+0000] {logging_mixin.py:188} INFO - [2025-08-10T03:19:18.377+0000] {dag.py:3096} INFO - Sync 1 DAGs
[2025-08-10T03:19:18.428+0000] {logging_mixin.py:188} INFO - [2025-08-10T03:19:18.428+0000] {dag.py:3954} INFO - Setting next_dagrun for example_branch_operator to 2025-08-09 00:00:00+00:00, run_after=2025-08-10 00:00:00+00:00
[2025-08-10T03:19:18.474+0000] {processor.py:183} INFO - Processing /home/airflow/.local/lib/python3.12/site-packages/airflow/example_dags/example_branch_operator.py took 0.233 seconds
[2025-08-10T03:19:49.574+0000] {processor.py:161} INFO - Started process (PID=1775) to work on /home/airflow/.local/lib/python3.12/site-packages/airflow/example_dags/example_branch_operator.py
[2025-08-10T03:19:49.575+0000] {processor.py:830} INFO - Processing file /home/airflow/.local/lib/python3.12/site-packages/airflow/example_dags/example_branch_operator.py for tasks to queue
[2025-08-10T03:19:49.578+0000] {logging_mixin.py:188} INFO - [2025-08-10T03:19:49.577+0000] {dagbag.py:545} INFO - Filling up the DagBag from /home/airflow/.local/lib/python3.12/site-packages/airflow/example_dags/example_branch_operator.py
[2025-08-10T03:19:49.613+0000] {processor.py:840} INFO - DAG(s) 'example_branch_operator' retrieved from /home/airflow/.local/lib/python3.12/site-packages/airflow/example_dags/example_branch_operator.py
[2025-08-10T03:19:49.662+0000] {logging_mixin.py:188} INFO - [2025-08-10T03:19:49.662+0000] {dag.py:3096} INFO - Sync 1 DAGs
[2025-08-10T03:19:49.698+0000] {logging_mixin.py:188} INFO - [2025-08-10T03:19:49.698+0000] {dag.py:3954} INFO - Setting next_dagrun for example_branch_operator to 2025-08-09 00:00:00+00:00, run_after=2025-08-10 00:00:00+00:00
[2025-08-10T03:19:49.744+0000] {processor.py:183} INFO - Processing /home/airflow/.local/lib/python3.12/site-packages/airflow/example_dags/example_branch_operator.py took 0.182 seconds
[2025-08-10T03:20:19.948+0000] {processor.py:161} INFO - Started process (PID=1838) to work on /home/airflow/.local/lib/python3.12/site-packages/airflow/example_dags/example_branch_operator.py
[2025-08-10T03:20:19.950+0000] {processor.py:830} INFO - Processing file /home/airflow/.local/lib/python3.12/site-packages/airflow/example_dags/example_branch_operator.py for tasks to queue
[2025-08-10T03:20:19.952+0000] {logging_mixin.py:188} INFO - [2025-08-10T03:20:19.952+0000] {dagbag.py:545} INFO - Filling up the DagBag from /home/airflow/.local/lib/python3.12/site-packages/airflow/example_dags/example_branch_operator.py
[2025-08-10T03:20:19.987+0000] {processor.py:840} INFO - DAG(s) 'example_branch_operator' retrieved from /home/airflow/.local/lib/python3.12/site-packages/airflow/example_dags/example_branch_operator.py
[2025-08-10T03:20:20.049+0000] {logging_mixin.py:188} INFO - [2025-08-10T03:20:20.049+0000] {dag.py:3096} INFO - Sync 1 DAGs
[2025-08-10T03:20:20.088+0000] {logging_mixin.py:188} INFO - [2025-08-10T03:20:20.088+0000] {dag.py:3954} INFO - Setting next_dagrun for example_branch_operator to 2025-08-09 00:00:00+00:00, run_after=2025-08-10 00:00:00+00:00
[2025-08-10T03:20:20.132+0000] {processor.py:183} INFO - Processing /home/airflow/.local/lib/python3.12/site-packages/airflow/example_dags/example_branch_operator.py took 0.196 seconds
[2025-08-10T03:20:50.767+0000] {processor.py:161} INFO - Started process (PID=1900) to work on /home/airflow/.local/lib/python3.12/site-packages/airflow/example_dags/example_branch_operator.py
[2025-08-10T03:20:50.769+0000] {processor.py:830} INFO - Processing file /home/airflow/.local/lib/python3.12/site-packages/airflow/example_dags/example_branch_operator.py for tasks to queue
[2025-08-10T03:20:50.771+0000] {logging_mixin.py:188} INFO - [2025-08-10T03:20:50.770+0000] {dagbag.py:545} INFO - Filling up the DagBag from /home/airflow/.local/lib/python3.12/site-packages/airflow/example_dags/example_branch_operator.py
[2025-08-10T03:20:50.808+0000] {processor.py:840} INFO - DAG(s) 'example_branch_operator' retrieved from /home/airflow/.local/lib/python3.12/site-packages/airflow/example_dags/example_branch_operator.py
[2025-08-10T03:20:50.868+0000] {logging_mixin.py:188} INFO - [2025-08-10T03:20:50.868+0000] {dag.py:3096} INFO - Sync 1 DAGs
[2025-08-10T03:20:50.923+0000] {logging_mixin.py:188} INFO - [2025-08-10T03:20:50.922+0000] {dag.py:3954} INFO - Setting next_dagrun for example_branch_operator to 2025-08-09 00:00:00+00:00, run_after=2025-08-10 00:00:00+00:00
[2025-08-10T03:20:50.990+0000] {processor.py:183} INFO - Processing /home/airflow/.local/lib/python3.12/site-packages/airflow/example_dags/example_branch_operator.py took 0.233 seconds
[2025-08-10T03:21:21.688+0000] {processor.py:161} INFO - Started process (PID=1962) to work on /home/airflow/.local/lib/python3.12/site-packages/airflow/example_dags/example_branch_operator.py
[2025-08-10T03:21:21.691+0000] {processor.py:830} INFO - Processing file /home/airflow/.local/lib/python3.12/site-packages/airflow/example_dags/example_branch_operator.py for tasks to queue
[2025-08-10T03:21:21.696+0000] {logging_mixin.py:188} INFO - [2025-08-10T03:21:21.695+0000] {dagbag.py:545} INFO - Filling up the DagBag from /home/airflow/.local/lib/python3.12/site-packages/airflow/example_dags/example_branch_operator.py
[2025-08-10T03:21:21.743+0000] {processor.py:840} INFO - DAG(s) 'example_branch_operator' retrieved from /home/airflow/.local/lib/python3.12/site-packages/airflow/example_dags/example_branch_operator.py
[2025-08-10T03:21:21.815+0000] {logging_mixin.py:188} INFO - [2025-08-10T03:21:21.815+0000] {dag.py:3096} INFO - Sync 1 DAGs
[2025-08-10T03:21:21.851+0000] {logging_mixin.py:188} INFO - [2025-08-10T03:21:21.850+0000] {dag.py:3954} INFO - Setting next_dagrun for example_branch_operator to 2025-08-09 00:00:00+00:00, run_after=2025-08-10 00:00:00+00:00
[2025-08-10T03:21:21.895+0000] {processor.py:183} INFO - Processing /home/airflow/.local/lib/python3.12/site-packages/airflow/example_dags/example_branch_operator.py took 0.226 seconds
[2025-08-10T03:21:52.616+0000] {processor.py:161} INFO - Started process (PID=2026) to work on /home/airflow/.local/lib/python3.12/site-packages/airflow/example_dags/example_branch_operator.py
[2025-08-10T03:21:52.619+0000] {processor.py:830} INFO - Processing file /home/airflow/.local/lib/python3.12/site-packages/airflow/example_dags/example_branch_operator.py for tasks to queue
[2025-08-10T03:21:52.622+0000] {logging_mixin.py:188} INFO - [2025-08-10T03:21:52.621+0000] {dagbag.py:545} INFO - Filling up the DagBag from /home/airflow/.local/lib/python3.12/site-packages/airflow/example_dags/example_branch_operator.py
[2025-08-10T03:21:52.659+0000] {processor.py:840} INFO - DAG(s) 'example_branch_operator' retrieved from /home/airflow/.local/lib/python3.12/site-packages/airflow/example_dags/example_branch_operator.py
[2025-08-10T03:21:52.722+0000] {logging_mixin.py:188} INFO - [2025-08-10T03:21:52.722+0000] {dag.py:3096} INFO - Sync 1 DAGs
[2025-08-10T03:21:52.767+0000] {logging_mixin.py:188} INFO - [2025-08-10T03:21:52.766+0000] {dag.py:3954} INFO - Setting next_dagrun for example_branch_operator to 2025-08-09 00:00:00+00:00, run_after=2025-08-10 00:00:00+00:00
[2025-08-10T03:21:52.796+0000] {processor.py:183} INFO - Processing /home/airflow/.local/lib/python3.12/site-packages/airflow/example_dags/example_branch_operator.py took 0.194 seconds
[2025-08-10T03:22:22.958+0000] {processor.py:161} INFO - Started process (PID=2088) to work on /home/airflow/.local/lib/python3.12/site-packages/airflow/example_dags/example_branch_operator.py
[2025-08-10T03:22:22.960+0000] {processor.py:830} INFO - Processing file /home/airflow/.local/lib/python3.12/site-packages/airflow/example_dags/example_branch_operator.py for tasks to queue
[2025-08-10T03:22:22.961+0000] {logging_mixin.py:188} INFO - [2025-08-10T03:22:22.961+0000] {dagbag.py:545} INFO - Filling up the DagBag from /home/airflow/.local/lib/python3.12/site-packages/airflow/example_dags/example_branch_operator.py
[2025-08-10T03:22:22.990+0000] {processor.py:840} INFO - DAG(s) 'example_branch_operator' retrieved from /home/airflow/.local/lib/python3.12/site-packages/airflow/example_dags/example_branch_operator.py
[2025-08-10T03:22:23.041+0000] {logging_mixin.py:188} INFO - [2025-08-10T03:22:23.041+0000] {dag.py:3096} INFO - Sync 1 DAGs
[2025-08-10T03:22:23.080+0000] {logging_mixin.py:188} INFO - [2025-08-10T03:22:23.080+0000] {dag.py:3954} INFO - Setting next_dagrun for example_branch_operator to 2025-08-09 00:00:00+00:00, run_after=2025-08-10 00:00:00+00:00
[2025-08-10T03:22:23.128+0000] {processor.py:183} INFO - Processing /home/airflow/.local/lib/python3.12/site-packages/airflow/example_dags/example_branch_operator.py took 0.179 seconds
[2025-08-10T03:22:54.099+0000] {processor.py:161} INFO - Started process (PID=2150) to work on /home/airflow/.local/lib/python3.12/site-packages/airflow/example_dags/example_branch_operator.py
[2025-08-10T03:22:54.105+0000] {processor.py:830} INFO - Processing file /home/airflow/.local/lib/python3.12/site-packages/airflow/example_dags/example_branch_operator.py for tasks to queue
[2025-08-10T03:22:54.111+0000] {logging_mixin.py:188} INFO - [2025-08-10T03:22:54.108+0000] {dagbag.py:545} INFO - Filling up the DagBag from /home/airflow/.local/lib/python3.12/site-packages/airflow/example_dags/example_branch_operator.py
[2025-08-10T03:22:54.486+0000] {processor.py:840} INFO - DAG(s) 'example_branch_operator' retrieved from /home/airflow/.local/lib/python3.12/site-packages/airflow/example_dags/example_branch_operator.py
[2025-08-10T03:22:55.171+0000] {logging_mixin.py:188} INFO - [2025-08-10T03:22:55.170+0000] {dag.py:3096} INFO - Sync 1 DAGs
[2025-08-10T03:22:55.591+0000] {logging_mixin.py:188} INFO - [2025-08-10T03:22:55.591+0000] {dag.py:3954} INFO - Setting next_dagrun for example_branch_operator to 2025-08-09 00:00:00+00:00, run_after=2025-08-10 00:00:00+00:00
[2025-08-10T03:22:55.949+0000] {processor.py:183} INFO - Processing /home/airflow/.local/lib/python3.12/site-packages/airflow/example_dags/example_branch_operator.py took 1.884 seconds
[2025-08-10T08:22:59.610+0000] {processor.py:161} INFO - Started process (PID=2186) to work on /home/airflow/.local/lib/python3.12/site-packages/airflow/example_dags/example_branch_operator.py
[2025-08-10T08:22:59.611+0000] {processor.py:830} INFO - Processing file /home/airflow/.local/lib/python3.12/site-packages/airflow/example_dags/example_branch_operator.py for tasks to queue
[2025-08-10T08:22:59.613+0000] {logging_mixin.py:188} INFO - [2025-08-10T08:22:59.612+0000] {dagbag.py:545} INFO - Filling up the DagBag from /home/airflow/.local/lib/python3.12/site-packages/airflow/example_dags/example_branch_operator.py
[2025-08-10T08:22:59.642+0000] {processor.py:840} INFO - DAG(s) 'example_branch_operator' retrieved from /home/airflow/.local/lib/python3.12/site-packages/airflow/example_dags/example_branch_operator.py
[2025-08-10T08:22:59.689+0000] {logging_mixin.py:188} INFO - [2025-08-10T08:22:59.689+0000] {dag.py:3096} INFO - Sync 1 DAGs
[2025-08-10T08:22:59.725+0000] {logging_mixin.py:188} INFO - [2025-08-10T08:22:59.724+0000] {dag.py:3954} INFO - Setting next_dagrun for example_branch_operator to 2025-08-09 00:00:00+00:00, run_after=2025-08-10 00:00:00+00:00
[2025-08-10T08:22:59.756+0000] {processor.py:183} INFO - Processing /home/airflow/.local/lib/python3.12/site-packages/airflow/example_dags/example_branch_operator.py took 0.154 seconds
[2025-08-10T15:12:18.917+0000] {processor.py:161} INFO - Started process (PID=2239) to work on /home/airflow/.local/lib/python3.12/site-packages/airflow/example_dags/example_branch_operator.py
[2025-08-10T15:12:18.919+0000] {processor.py:830} INFO - Processing file /home/airflow/.local/lib/python3.12/site-packages/airflow/example_dags/example_branch_operator.py for tasks to queue
[2025-08-10T15:12:18.920+0000] {logging_mixin.py:188} INFO - [2025-08-10T15:12:18.919+0000] {dagbag.py:545} INFO - Filling up the DagBag from /home/airflow/.local/lib/python3.12/site-packages/airflow/example_dags/example_branch_operator.py
[2025-08-10T15:12:18.940+0000] {processor.py:840} INFO - DAG(s) 'example_branch_operator' retrieved from /home/airflow/.local/lib/python3.12/site-packages/airflow/example_dags/example_branch_operator.py
[2025-08-10T15:12:18.980+0000] {logging_mixin.py:188} INFO - [2025-08-10T15:12:18.980+0000] {dag.py:3096} INFO - Sync 1 DAGs
[2025-08-10T15:12:19.009+0000] {logging_mixin.py:188} INFO - [2025-08-10T15:12:19.009+0000] {dag.py:3954} INFO - Setting next_dagrun for example_branch_operator to 2025-08-09 00:00:00+00:00, run_after=2025-08-10 00:00:00+00:00
[2025-08-10T15:12:19.033+0000] {processor.py:183} INFO - Processing /home/airflow/.local/lib/python3.12/site-packages/airflow/example_dags/example_branch_operator.py took 0.124 seconds
[2025-08-10T15:12:49.256+0000] {processor.py:161} INFO - Started process (PID=2301) to work on /home/airflow/.local/lib/python3.12/site-packages/airflow/example_dags/example_branch_operator.py
[2025-08-10T15:12:49.258+0000] {processor.py:830} INFO - Processing file /home/airflow/.local/lib/python3.12/site-packages/airflow/example_dags/example_branch_operator.py for tasks to queue
[2025-08-10T15:12:49.259+0000] {logging_mixin.py:188} INFO - [2025-08-10T15:12:49.259+0000] {dagbag.py:545} INFO - Filling up the DagBag from /home/airflow/.local/lib/python3.12/site-packages/airflow/example_dags/example_branch_operator.py
[2025-08-10T15:12:49.279+0000] {processor.py:840} INFO - DAG(s) 'example_branch_operator' retrieved from /home/airflow/.local/lib/python3.12/site-packages/airflow/example_dags/example_branch_operator.py
[2025-08-10T15:12:49.314+0000] {logging_mixin.py:188} INFO - [2025-08-10T15:12:49.313+0000] {dag.py:3096} INFO - Sync 1 DAGs
[2025-08-10T15:12:49.339+0000] {logging_mixin.py:188} INFO - [2025-08-10T15:12:49.339+0000] {dag.py:3954} INFO - Setting next_dagrun for example_branch_operator to 2025-08-09 00:00:00+00:00, run_after=2025-08-10 00:00:00+00:00
[2025-08-10T15:12:49.364+0000] {processor.py:183} INFO - Processing /home/airflow/.local/lib/python3.12/site-packages/airflow/example_dags/example_branch_operator.py took 0.115 seconds
[2025-08-10T15:13:20.399+0000] {processor.py:161} INFO - Started process (PID=2363) to work on /home/airflow/.local/lib/python3.12/site-packages/airflow/example_dags/example_branch_operator.py
[2025-08-10T15:13:20.401+0000] {processor.py:830} INFO - Processing file /home/airflow/.local/lib/python3.12/site-packages/airflow/example_dags/example_branch_operator.py for tasks to queue
[2025-08-10T15:13:20.402+0000] {logging_mixin.py:188} INFO - [2025-08-10T15:13:20.402+0000] {dagbag.py:545} INFO - Filling up the DagBag from /home/airflow/.local/lib/python3.12/site-packages/airflow/example_dags/example_branch_operator.py
[2025-08-10T15:13:20.422+0000] {processor.py:840} INFO - DAG(s) 'example_branch_operator' retrieved from /home/airflow/.local/lib/python3.12/site-packages/airflow/example_dags/example_branch_operator.py
[2025-08-10T15:13:20.460+0000] {logging_mixin.py:188} INFO - [2025-08-10T15:13:20.460+0000] {dag.py:3096} INFO - Sync 1 DAGs
[2025-08-10T15:13:20.487+0000] {logging_mixin.py:188} INFO - [2025-08-10T15:13:20.487+0000] {dag.py:3954} INFO - Setting next_dagrun for example_branch_operator to 2025-08-09 00:00:00+00:00, run_after=2025-08-10 00:00:00+00:00
[2025-08-10T15:13:20.514+0000] {processor.py:183} INFO - Processing /home/airflow/.local/lib/python3.12/site-packages/airflow/example_dags/example_branch_operator.py took 0.124 seconds
[2025-08-10T15:13:51.982+0000] {processor.py:161} INFO - Started process (PID=2423) to work on /home/airflow/.local/lib/python3.12/site-packages/airflow/example_dags/example_branch_operator.py
[2025-08-10T15:13:51.984+0000] {processor.py:830} INFO - Processing file /home/airflow/.local/lib/python3.12/site-packages/airflow/example_dags/example_branch_operator.py for tasks to queue
[2025-08-10T15:13:51.986+0000] {logging_mixin.py:188} INFO - [2025-08-10T15:13:51.985+0000] {dagbag.py:545} INFO - Filling up the DagBag from /home/airflow/.local/lib/python3.12/site-packages/airflow/example_dags/example_branch_operator.py
[2025-08-10T15:13:52.014+0000] {processor.py:840} INFO - DAG(s) 'example_branch_operator' retrieved from /home/airflow/.local/lib/python3.12/site-packages/airflow/example_dags/example_branch_operator.py
[2025-08-10T15:13:52.063+0000] {logging_mixin.py:188} INFO - [2025-08-10T15:13:52.063+0000] {dag.py:3096} INFO - Sync 1 DAGs
[2025-08-10T15:13:52.098+0000] {logging_mixin.py:188} INFO - [2025-08-10T15:13:52.098+0000] {dag.py:3954} INFO - Setting next_dagrun for example_branch_operator to 2025-08-09 00:00:00+00:00, run_after=2025-08-10 00:00:00+00:00
[2025-08-10T15:13:52.132+0000] {processor.py:183} INFO - Processing /home/airflow/.local/lib/python3.12/site-packages/airflow/example_dags/example_branch_operator.py took 0.160 seconds
[2025-08-10T15:14:22.805+0000] {processor.py:161} INFO - Started process (PID=2485) to work on /home/airflow/.local/lib/python3.12/site-packages/airflow/example_dags/example_branch_operator.py
[2025-08-10T15:14:22.806+0000] {processor.py:830} INFO - Processing file /home/airflow/.local/lib/python3.12/site-packages/airflow/example_dags/example_branch_operator.py for tasks to queue
[2025-08-10T15:14:22.808+0000] {logging_mixin.py:188} INFO - [2025-08-10T15:14:22.807+0000] {dagbag.py:545} INFO - Filling up the DagBag from /home/airflow/.local/lib/python3.12/site-packages/airflow/example_dags/example_branch_operator.py
[2025-08-10T15:14:22.838+0000] {processor.py:840} INFO - DAG(s) 'example_branch_operator' retrieved from /home/airflow/.local/lib/python3.12/site-packages/airflow/example_dags/example_branch_operator.py
[2025-08-10T15:14:22.902+0000] {logging_mixin.py:188} INFO - [2025-08-10T15:14:22.901+0000] {dag.py:3096} INFO - Sync 1 DAGs
[2025-08-10T15:14:22.948+0000] {logging_mixin.py:188} INFO - [2025-08-10T15:14:22.947+0000] {dag.py:3954} INFO - Setting next_dagrun for example_branch_operator to 2025-08-09 00:00:00+00:00, run_after=2025-08-10 00:00:00+00:00
[2025-08-10T15:14:22.987+0000] {processor.py:183} INFO - Processing /home/airflow/.local/lib/python3.12/site-packages/airflow/example_dags/example_branch_operator.py took 0.193 seconds
[2025-08-10T15:14:53.317+0000] {processor.py:161} INFO - Started process (PID=2547) to work on /home/airflow/.local/lib/python3.12/site-packages/airflow/example_dags/example_branch_operator.py
[2025-08-10T15:14:53.318+0000] {processor.py:830} INFO - Processing file /home/airflow/.local/lib/python3.12/site-packages/airflow/example_dags/example_branch_operator.py for tasks to queue
[2025-08-10T15:14:53.321+0000] {logging_mixin.py:188} INFO - [2025-08-10T15:14:53.320+0000] {dagbag.py:545} INFO - Filling up the DagBag from /home/airflow/.local/lib/python3.12/site-packages/airflow/example_dags/example_branch_operator.py
[2025-08-10T15:14:53.347+0000] {processor.py:840} INFO - DAG(s) 'example_branch_operator' retrieved from /home/airflow/.local/lib/python3.12/site-packages/airflow/example_dags/example_branch_operator.py
[2025-08-10T15:14:53.393+0000] {logging_mixin.py:188} INFO - [2025-08-10T15:14:53.392+0000] {dag.py:3096} INFO - Sync 1 DAGs
[2025-08-10T15:14:53.424+0000] {logging_mixin.py:188} INFO - [2025-08-10T15:14:53.423+0000] {dag.py:3954} INFO - Setting next_dagrun for example_branch_operator to 2025-08-09 00:00:00+00:00, run_after=2025-08-10 00:00:00+00:00
[2025-08-10T15:14:53.464+0000] {processor.py:183} INFO - Processing /home/airflow/.local/lib/python3.12/site-packages/airflow/example_dags/example_branch_operator.py took 0.157 seconds
[2025-08-10T15:15:23.884+0000] {processor.py:161} INFO - Started process (PID=2609) to work on /home/airflow/.local/lib/python3.12/site-packages/airflow/example_dags/example_branch_operator.py
[2025-08-10T15:15:23.886+0000] {processor.py:830} INFO - Processing file /home/airflow/.local/lib/python3.12/site-packages/airflow/example_dags/example_branch_operator.py for tasks to queue
[2025-08-10T15:15:23.888+0000] {logging_mixin.py:188} INFO - [2025-08-10T15:15:23.887+0000] {dagbag.py:545} INFO - Filling up the DagBag from /home/airflow/.local/lib/python3.12/site-packages/airflow/example_dags/example_branch_operator.py
[2025-08-10T15:15:23.913+0000] {processor.py:840} INFO - DAG(s) 'example_branch_operator' retrieved from /home/airflow/.local/lib/python3.12/site-packages/airflow/example_dags/example_branch_operator.py
[2025-08-10T15:15:23.964+0000] {logging_mixin.py:188} INFO - [2025-08-10T15:15:23.964+0000] {dag.py:3096} INFO - Sync 1 DAGs
[2025-08-10T15:15:24.002+0000] {logging_mixin.py:188} INFO - [2025-08-10T15:15:24.002+0000] {dag.py:3954} INFO - Setting next_dagrun for example_branch_operator to 2025-08-09 00:00:00+00:00, run_after=2025-08-10 00:00:00+00:00
[2025-08-10T15:15:24.037+0000] {processor.py:183} INFO - Processing /home/airflow/.local/lib/python3.12/site-packages/airflow/example_dags/example_branch_operator.py took 0.162 seconds
[2025-08-10T15:15:55.258+0000] {processor.py:161} INFO - Started process (PID=2671) to work on /home/airflow/.local/lib/python3.12/site-packages/airflow/example_dags/example_branch_operator.py
[2025-08-10T15:15:55.260+0000] {processor.py:830} INFO - Processing file /home/airflow/.local/lib/python3.12/site-packages/airflow/example_dags/example_branch_operator.py for tasks to queue
[2025-08-10T15:15:55.262+0000] {logging_mixin.py:188} INFO - [2025-08-10T15:15:55.261+0000] {dagbag.py:545} INFO - Filling up the DagBag from /home/airflow/.local/lib/python3.12/site-packages/airflow/example_dags/example_branch_operator.py
[2025-08-10T15:15:55.289+0000] {processor.py:840} INFO - DAG(s) 'example_branch_operator' retrieved from /home/airflow/.local/lib/python3.12/site-packages/airflow/example_dags/example_branch_operator.py
[2025-08-10T15:15:55.338+0000] {logging_mixin.py:188} INFO - [2025-08-10T15:15:55.337+0000] {dag.py:3096} INFO - Sync 1 DAGs
[2025-08-10T15:15:55.386+0000] {logging_mixin.py:188} INFO - [2025-08-10T15:15:55.386+0000] {dag.py:3954} INFO - Setting next_dagrun for example_branch_operator to 2025-08-09 00:00:00+00:00, run_after=2025-08-10 00:00:00+00:00
[2025-08-10T15:15:55.425+0000] {processor.py:183} INFO - Processing /home/airflow/.local/lib/python3.12/site-packages/airflow/example_dags/example_branch_operator.py took 0.176 seconds
[2025-08-10T15:16:25.882+0000] {processor.py:161} INFO - Started process (PID=2733) to work on /home/airflow/.local/lib/python3.12/site-packages/airflow/example_dags/example_branch_operator.py
[2025-08-10T15:16:25.886+0000] {processor.py:830} INFO - Processing file /home/airflow/.local/lib/python3.12/site-packages/airflow/example_dags/example_branch_operator.py for tasks to queue
[2025-08-10T15:16:25.887+0000] {logging_mixin.py:188} INFO - [2025-08-10T15:16:25.887+0000] {dagbag.py:545} INFO - Filling up the DagBag from /home/airflow/.local/lib/python3.12/site-packages/airflow/example_dags/example_branch_operator.py
[2025-08-10T15:16:25.915+0000] {processor.py:840} INFO - DAG(s) 'example_branch_operator' retrieved from /home/airflow/.local/lib/python3.12/site-packages/airflow/example_dags/example_branch_operator.py
[2025-08-10T15:16:25.967+0000] {logging_mixin.py:188} INFO - [2025-08-10T15:16:25.966+0000] {dag.py:3096} INFO - Sync 1 DAGs
[2025-08-10T15:16:26.003+0000] {logging_mixin.py:188} INFO - [2025-08-10T15:16:26.003+0000] {dag.py:3954} INFO - Setting next_dagrun for example_branch_operator to 2025-08-09 00:00:00+00:00, run_after=2025-08-10 00:00:00+00:00
[2025-08-10T15:16:26.032+0000] {processor.py:183} INFO - Processing /home/airflow/.local/lib/python3.12/site-packages/airflow/example_dags/example_branch_operator.py took 0.161 seconds
