[2025-08-10T02:55:23.973+0000] {processor.py:161} INFO - Started process (PID=110) to work on /home/airflow/.local/lib/python3.12/site-packages/airflow/example_dags/example_short_circuit_decorator.py
[2025-08-10T02:55:23.975+0000] {processor.py:830} INFO - Processing file /home/airflow/.local/lib/python3.12/site-packages/airflow/example_dags/example_short_circuit_decorator.py for tasks to queue
[2025-08-10T02:55:23.978+0000] {logging_mixin.py:188} INFO - [2025-08-10T02:55:23.978+0000] {dagbag.py:545} INFO - Filling up the DagBag from /home/airflow/.local/lib/python3.12/site-packages/airflow/example_dags/example_short_circuit_decorator.py
[2025-08-10T02:55:23.994+0000] {processor.py:840} INFO - DAG(s) 'example_short_circuit_decorator' retrieved from /home/airflow/.local/lib/python3.12/site-packages/airflow/example_dags/example_short_circuit_decorator.py
[2025-08-10T02:55:24.178+0000] {logging_mixin.py:188} INFO - [2025-08-10T02:55:24.177+0000] {dag.py:3096} INFO - Sync 1 DAGs
[2025-08-10T02:55:24.210+0000] {logging_mixin.py:188} INFO - [2025-08-10T02:55:24.210+0000] {dag.py:3954} INFO - Setting next_dagrun for example_short_circuit_decorator to 2025-08-09 00:00:00+00:00, run_after=2025-08-10 00:00:00+00:00
[2025-08-10T02:55:24.241+0000] {processor.py:183} INFO - Processing /home/airflow/.local/lib/python3.12/site-packages/airflow/example_dags/example_short_circuit_decorator.py took 0.279 seconds
[2025-08-10T02:55:54.454+0000] {processor.py:161} INFO - Started process (PID=172) to work on /home/airflow/.local/lib/python3.12/site-packages/airflow/example_dags/example_short_circuit_decorator.py
[2025-08-10T02:55:54.456+0000] {processor.py:830} INFO - Processing file /home/airflow/.local/lib/python3.12/site-packages/airflow/example_dags/example_short_circuit_decorator.py for tasks to queue
[2025-08-10T02:55:54.459+0000] {logging_mixin.py:188} INFO - [2025-08-10T02:55:54.459+0000] {dagbag.py:545} INFO - Filling up the DagBag from /home/airflow/.local/lib/python3.12/site-packages/airflow/example_dags/example_short_circuit_decorator.py
[2025-08-10T02:55:54.476+0000] {processor.py:840} INFO - DAG(s) 'example_short_circuit_decorator' retrieved from /home/airflow/.local/lib/python3.12/site-packages/airflow/example_dags/example_short_circuit_decorator.py
[2025-08-10T02:55:54.509+0000] {logging_mixin.py:188} INFO - [2025-08-10T02:55:54.508+0000] {dag.py:3096} INFO - Sync 1 DAGs
[2025-08-10T02:55:54.540+0000] {logging_mixin.py:188} INFO - [2025-08-10T02:55:54.540+0000] {dag.py:3954} INFO - Setting next_dagrun for example_short_circuit_decorator to 2025-08-09 00:00:00+00:00, run_after=2025-08-10 00:00:00+00:00
[2025-08-10T02:55:54.574+0000] {processor.py:183} INFO - Processing /home/airflow/.local/lib/python3.12/site-packages/airflow/example_dags/example_short_circuit_decorator.py took 0.128 seconds
[2025-08-10T02:56:24.708+0000] {processor.py:161} INFO - Started process (PID=234) to work on /home/airflow/.local/lib/python3.12/site-packages/airflow/example_dags/example_short_circuit_decorator.py
[2025-08-10T02:56:24.710+0000] {processor.py:830} INFO - Processing file /home/airflow/.local/lib/python3.12/site-packages/airflow/example_dags/example_short_circuit_decorator.py for tasks to queue
[2025-08-10T02:56:24.713+0000] {logging_mixin.py:188} INFO - [2025-08-10T02:56:24.712+0000] {dagbag.py:545} INFO - Filling up the DagBag from /home/airflow/.local/lib/python3.12/site-packages/airflow/example_dags/example_short_circuit_decorator.py
[2025-08-10T02:56:24.726+0000] {processor.py:840} INFO - DAG(s) 'example_short_circuit_decorator' retrieved from /home/airflow/.local/lib/python3.12/site-packages/airflow/example_dags/example_short_circuit_decorator.py
[2025-08-10T02:56:24.763+0000] {logging_mixin.py:188} INFO - [2025-08-10T02:56:24.763+0000] {dag.py:3096} INFO - Sync 1 DAGs
[2025-08-10T02:56:24.795+0000] {logging_mixin.py:188} INFO - [2025-08-10T02:56:24.795+0000] {dag.py:3954} INFO - Setting next_dagrun for example_short_circuit_decorator to 2025-08-09 00:00:00+00:00, run_after=2025-08-10 00:00:00+00:00
[2025-08-10T02:56:24.827+0000] {processor.py:183} INFO - Processing /home/airflow/.local/lib/python3.12/site-packages/airflow/example_dags/example_short_circuit_decorator.py took 0.128 seconds
[2025-08-10T02:56:55.397+0000] {processor.py:161} INFO - Started process (PID=296) to work on /home/airflow/.local/lib/python3.12/site-packages/airflow/example_dags/example_short_circuit_decorator.py
[2025-08-10T02:56:55.399+0000] {processor.py:830} INFO - Processing file /home/airflow/.local/lib/python3.12/site-packages/airflow/example_dags/example_short_circuit_decorator.py for tasks to queue
[2025-08-10T02:56:55.402+0000] {logging_mixin.py:188} INFO - [2025-08-10T02:56:55.401+0000] {dagbag.py:545} INFO - Filling up the DagBag from /home/airflow/.local/lib/python3.12/site-packages/airflow/example_dags/example_short_circuit_decorator.py
[2025-08-10T02:56:55.415+0000] {processor.py:840} INFO - DAG(s) 'example_short_circuit_decorator' retrieved from /home/airflow/.local/lib/python3.12/site-packages/airflow/example_dags/example_short_circuit_decorator.py
[2025-08-10T02:56:55.459+0000] {logging_mixin.py:188} INFO - [2025-08-10T02:56:55.458+0000] {dag.py:3096} INFO - Sync 1 DAGs
[2025-08-10T02:56:55.497+0000] {logging_mixin.py:188} INFO - [2025-08-10T02:56:55.496+0000] {dag.py:3954} INFO - Setting next_dagrun for example_short_circuit_decorator to 2025-08-09 00:00:00+00:00, run_after=2025-08-10 00:00:00+00:00
[2025-08-10T02:56:55.526+0000] {processor.py:183} INFO - Processing /home/airflow/.local/lib/python3.12/site-packages/airflow/example_dags/example_short_circuit_decorator.py took 0.139 seconds
[2025-08-10T02:57:25.680+0000] {processor.py:161} INFO - Started process (PID=358) to work on /home/airflow/.local/lib/python3.12/site-packages/airflow/example_dags/example_short_circuit_decorator.py
[2025-08-10T02:57:25.681+0000] {processor.py:830} INFO - Processing file /home/airflow/.local/lib/python3.12/site-packages/airflow/example_dags/example_short_circuit_decorator.py for tasks to queue
[2025-08-10T02:57:25.684+0000] {logging_mixin.py:188} INFO - [2025-08-10T02:57:25.684+0000] {dagbag.py:545} INFO - Filling up the DagBag from /home/airflow/.local/lib/python3.12/site-packages/airflow/example_dags/example_short_circuit_decorator.py
[2025-08-10T02:57:25.698+0000] {processor.py:840} INFO - DAG(s) 'example_short_circuit_decorator' retrieved from /home/airflow/.local/lib/python3.12/site-packages/airflow/example_dags/example_short_circuit_decorator.py
[2025-08-10T02:57:25.732+0000] {logging_mixin.py:188} INFO - [2025-08-10T02:57:25.731+0000] {dag.py:3096} INFO - Sync 1 DAGs
[2025-08-10T02:57:25.761+0000] {logging_mixin.py:188} INFO - [2025-08-10T02:57:25.761+0000] {dag.py:3954} INFO - Setting next_dagrun for example_short_circuit_decorator to 2025-08-09 00:00:00+00:00, run_after=2025-08-10 00:00:00+00:00
[2025-08-10T02:57:25.787+0000] {processor.py:183} INFO - Processing /home/airflow/.local/lib/python3.12/site-packages/airflow/example_dags/example_short_circuit_decorator.py took 0.115 seconds
[2025-08-10T02:57:56.684+0000] {processor.py:161} INFO - Started process (PID=420) to work on /home/airflow/.local/lib/python3.12/site-packages/airflow/example_dags/example_short_circuit_decorator.py
[2025-08-10T02:57:56.686+0000] {processor.py:830} INFO - Processing file /home/airflow/.local/lib/python3.12/site-packages/airflow/example_dags/example_short_circuit_decorator.py for tasks to queue
[2025-08-10T02:57:56.689+0000] {logging_mixin.py:188} INFO - [2025-08-10T02:57:56.689+0000] {dagbag.py:545} INFO - Filling up the DagBag from /home/airflow/.local/lib/python3.12/site-packages/airflow/example_dags/example_short_circuit_decorator.py
[2025-08-10T02:57:56.706+0000] {processor.py:840} INFO - DAG(s) 'example_short_circuit_decorator' retrieved from /home/airflow/.local/lib/python3.12/site-packages/airflow/example_dags/example_short_circuit_decorator.py
[2025-08-10T02:57:56.748+0000] {logging_mixin.py:188} INFO - [2025-08-10T02:57:56.747+0000] {dag.py:3096} INFO - Sync 1 DAGs
[2025-08-10T02:57:56.783+0000] {logging_mixin.py:188} INFO - [2025-08-10T02:57:56.783+0000] {dag.py:3954} INFO - Setting next_dagrun for example_short_circuit_decorator to 2025-08-09 00:00:00+00:00, run_after=2025-08-10 00:00:00+00:00
[2025-08-10T02:57:56.815+0000] {processor.py:183} INFO - Processing /home/airflow/.local/lib/python3.12/site-packages/airflow/example_dags/example_short_circuit_decorator.py took 0.140 seconds
[2025-08-10T02:58:27.443+0000] {processor.py:161} INFO - Started process (PID=482) to work on /home/airflow/.local/lib/python3.12/site-packages/airflow/example_dags/example_short_circuit_decorator.py
[2025-08-10T02:58:27.445+0000] {processor.py:830} INFO - Processing file /home/airflow/.local/lib/python3.12/site-packages/airflow/example_dags/example_short_circuit_decorator.py for tasks to queue
[2025-08-10T02:58:27.450+0000] {logging_mixin.py:188} INFO - [2025-08-10T02:58:27.449+0000] {dagbag.py:545} INFO - Filling up the DagBag from /home/airflow/.local/lib/python3.12/site-packages/airflow/example_dags/example_short_circuit_decorator.py
[2025-08-10T02:58:27.465+0000] {processor.py:840} INFO - DAG(s) 'example_short_circuit_decorator' retrieved from /home/airflow/.local/lib/python3.12/site-packages/airflow/example_dags/example_short_circuit_decorator.py
[2025-08-10T02:58:27.507+0000] {logging_mixin.py:188} INFO - [2025-08-10T02:58:27.507+0000] {dag.py:3096} INFO - Sync 1 DAGs
[2025-08-10T02:58:27.548+0000] {logging_mixin.py:188} INFO - [2025-08-10T02:58:27.547+0000] {dag.py:3954} INFO - Setting next_dagrun for example_short_circuit_decorator to 2025-08-09 00:00:00+00:00, run_after=2025-08-10 00:00:00+00:00
[2025-08-10T02:58:27.580+0000] {processor.py:183} INFO - Processing /home/airflow/.local/lib/python3.12/site-packages/airflow/example_dags/example_short_circuit_decorator.py took 0.147 seconds
[2025-08-10T02:58:58.102+0000] {processor.py:161} INFO - Started process (PID=544) to work on /home/airflow/.local/lib/python3.12/site-packages/airflow/example_dags/example_short_circuit_decorator.py
[2025-08-10T02:58:58.104+0000] {processor.py:830} INFO - Processing file /home/airflow/.local/lib/python3.12/site-packages/airflow/example_dags/example_short_circuit_decorator.py for tasks to queue
[2025-08-10T02:58:58.108+0000] {logging_mixin.py:188} INFO - [2025-08-10T02:58:58.107+0000] {dagbag.py:545} INFO - Filling up the DagBag from /home/airflow/.local/lib/python3.12/site-packages/airflow/example_dags/example_short_circuit_decorator.py
[2025-08-10T02:58:58.124+0000] {processor.py:840} INFO - DAG(s) 'example_short_circuit_decorator' retrieved from /home/airflow/.local/lib/python3.12/site-packages/airflow/example_dags/example_short_circuit_decorator.py
[2025-08-10T02:58:58.167+0000] {logging_mixin.py:188} INFO - [2025-08-10T02:58:58.166+0000] {dag.py:3096} INFO - Sync 1 DAGs
[2025-08-10T02:58:58.202+0000] {logging_mixin.py:188} INFO - [2025-08-10T02:58:58.202+0000] {dag.py:3954} INFO - Setting next_dagrun for example_short_circuit_decorator to 2025-08-09 00:00:00+00:00, run_after=2025-08-10 00:00:00+00:00
[2025-08-10T02:58:58.234+0000] {processor.py:183} INFO - Processing /home/airflow/.local/lib/python3.12/site-packages/airflow/example_dags/example_short_circuit_decorator.py took 0.142 seconds
[2025-08-10T02:59:28.886+0000] {processor.py:161} INFO - Started process (PID=606) to work on /home/airflow/.local/lib/python3.12/site-packages/airflow/example_dags/example_short_circuit_decorator.py
[2025-08-10T02:59:28.888+0000] {processor.py:830} INFO - Processing file /home/airflow/.local/lib/python3.12/site-packages/airflow/example_dags/example_short_circuit_decorator.py for tasks to queue
[2025-08-10T02:59:28.891+0000] {logging_mixin.py:188} INFO - [2025-08-10T02:59:28.891+0000] {dagbag.py:545} INFO - Filling up the DagBag from /home/airflow/.local/lib/python3.12/site-packages/airflow/example_dags/example_short_circuit_decorator.py
[2025-08-10T02:59:28.905+0000] {processor.py:840} INFO - DAG(s) 'example_short_circuit_decorator' retrieved from /home/airflow/.local/lib/python3.12/site-packages/airflow/example_dags/example_short_circuit_decorator.py
[2025-08-10T02:59:28.943+0000] {logging_mixin.py:188} INFO - [2025-08-10T02:59:28.941+0000] {dag.py:3096} INFO - Sync 1 DAGs
[2025-08-10T02:59:28.996+0000] {logging_mixin.py:188} INFO - [2025-08-10T02:59:28.996+0000] {dag.py:3954} INFO - Setting next_dagrun for example_short_circuit_decorator to 2025-08-09 00:00:00+00:00, run_after=2025-08-10 00:00:00+00:00
[2025-08-10T02:59:29.039+0000] {processor.py:183} INFO - Processing /home/airflow/.local/lib/python3.12/site-packages/airflow/example_dags/example_short_circuit_decorator.py took 0.162 seconds
[2025-08-10T02:59:59.833+0000] {processor.py:161} INFO - Started process (PID=668) to work on /home/airflow/.local/lib/python3.12/site-packages/airflow/example_dags/example_short_circuit_decorator.py
[2025-08-10T02:59:59.838+0000] {processor.py:830} INFO - Processing file /home/airflow/.local/lib/python3.12/site-packages/airflow/example_dags/example_short_circuit_decorator.py for tasks to queue
[2025-08-10T02:59:59.846+0000] {logging_mixin.py:188} INFO - [2025-08-10T02:59:59.845+0000] {dagbag.py:545} INFO - Filling up the DagBag from /home/airflow/.local/lib/python3.12/site-packages/airflow/example_dags/example_short_circuit_decorator.py
[2025-08-10T02:59:59.869+0000] {processor.py:840} INFO - DAG(s) 'example_short_circuit_decorator' retrieved from /home/airflow/.local/lib/python3.12/site-packages/airflow/example_dags/example_short_circuit_decorator.py
[2025-08-10T02:59:59.912+0000] {logging_mixin.py:188} INFO - [2025-08-10T02:59:59.911+0000] {dag.py:3096} INFO - Sync 1 DAGs
[2025-08-10T02:59:59.950+0000] {logging_mixin.py:188} INFO - [2025-08-10T02:59:59.950+0000] {dag.py:3954} INFO - Setting next_dagrun for example_short_circuit_decorator to 2025-08-09 00:00:00+00:00, run_after=2025-08-10 00:00:00+00:00
[2025-08-10T02:59:59.990+0000] {processor.py:183} INFO - Processing /home/airflow/.local/lib/python3.12/site-packages/airflow/example_dags/example_short_circuit_decorator.py took 0.171 seconds
[2025-08-10T03:00:30.795+0000] {processor.py:161} INFO - Started process (PID=730) to work on /home/airflow/.local/lib/python3.12/site-packages/airflow/example_dags/example_short_circuit_decorator.py
[2025-08-10T03:00:30.797+0000] {processor.py:830} INFO - Processing file /home/airflow/.local/lib/python3.12/site-packages/airflow/example_dags/example_short_circuit_decorator.py for tasks to queue
[2025-08-10T03:00:30.800+0000] {logging_mixin.py:188} INFO - [2025-08-10T03:00:30.799+0000] {dagbag.py:545} INFO - Filling up the DagBag from /home/airflow/.local/lib/python3.12/site-packages/airflow/example_dags/example_short_circuit_decorator.py
[2025-08-10T03:00:30.815+0000] {processor.py:840} INFO - DAG(s) 'example_short_circuit_decorator' retrieved from /home/airflow/.local/lib/python3.12/site-packages/airflow/example_dags/example_short_circuit_decorator.py
[2025-08-10T03:00:30.854+0000] {logging_mixin.py:188} INFO - [2025-08-10T03:00:30.853+0000] {dag.py:3096} INFO - Sync 1 DAGs
[2025-08-10T03:00:30.887+0000] {logging_mixin.py:188} INFO - [2025-08-10T03:00:30.887+0000] {dag.py:3954} INFO - Setting next_dagrun for example_short_circuit_decorator to 2025-08-09 00:00:00+00:00, run_after=2025-08-10 00:00:00+00:00
[2025-08-10T03:00:30.918+0000] {processor.py:183} INFO - Processing /home/airflow/.local/lib/python3.12/site-packages/airflow/example_dags/example_short_circuit_decorator.py took 0.133 seconds
[2025-08-10T03:01:02.096+0000] {processor.py:161} INFO - Started process (PID=793) to work on /home/airflow/.local/lib/python3.12/site-packages/airflow/example_dags/example_short_circuit_decorator.py
[2025-08-10T03:01:02.098+0000] {processor.py:830} INFO - Processing file /home/airflow/.local/lib/python3.12/site-packages/airflow/example_dags/example_short_circuit_decorator.py for tasks to queue
[2025-08-10T03:01:02.101+0000] {logging_mixin.py:188} INFO - [2025-08-10T03:01:02.101+0000] {dagbag.py:545} INFO - Filling up the DagBag from /home/airflow/.local/lib/python3.12/site-packages/airflow/example_dags/example_short_circuit_decorator.py
[2025-08-10T03:01:02.118+0000] {processor.py:840} INFO - DAG(s) 'example_short_circuit_decorator' retrieved from /home/airflow/.local/lib/python3.12/site-packages/airflow/example_dags/example_short_circuit_decorator.py
[2025-08-10T03:01:02.157+0000] {logging_mixin.py:188} INFO - [2025-08-10T03:01:02.156+0000] {dag.py:3096} INFO - Sync 1 DAGs
[2025-08-10T03:01:02.188+0000] {logging_mixin.py:188} INFO - [2025-08-10T03:01:02.188+0000] {dag.py:3954} INFO - Setting next_dagrun for example_short_circuit_decorator to 2025-08-09 00:00:00+00:00, run_after=2025-08-10 00:00:00+00:00
[2025-08-10T03:01:02.218+0000] {processor.py:183} INFO - Processing /home/airflow/.local/lib/python3.12/site-packages/airflow/example_dags/example_short_circuit_decorator.py took 0.132 seconds
[2025-08-10T03:01:32.717+0000] {processor.py:161} INFO - Started process (PID=855) to work on /home/airflow/.local/lib/python3.12/site-packages/airflow/example_dags/example_short_circuit_decorator.py
[2025-08-10T03:01:32.719+0000] {processor.py:830} INFO - Processing file /home/airflow/.local/lib/python3.12/site-packages/airflow/example_dags/example_short_circuit_decorator.py for tasks to queue
[2025-08-10T03:01:32.722+0000] {logging_mixin.py:188} INFO - [2025-08-10T03:01:32.722+0000] {dagbag.py:545} INFO - Filling up the DagBag from /home/airflow/.local/lib/python3.12/site-packages/airflow/example_dags/example_short_circuit_decorator.py
[2025-08-10T03:01:32.735+0000] {processor.py:840} INFO - DAG(s) 'example_short_circuit_decorator' retrieved from /home/airflow/.local/lib/python3.12/site-packages/airflow/example_dags/example_short_circuit_decorator.py
[2025-08-10T03:01:32.771+0000] {logging_mixin.py:188} INFO - [2025-08-10T03:01:32.770+0000] {dag.py:3096} INFO - Sync 1 DAGs
[2025-08-10T03:01:32.800+0000] {logging_mixin.py:188} INFO - [2025-08-10T03:01:32.800+0000] {dag.py:3954} INFO - Setting next_dagrun for example_short_circuit_decorator to 2025-08-09 00:00:00+00:00, run_after=2025-08-10 00:00:00+00:00
[2025-08-10T03:01:32.838+0000] {processor.py:183} INFO - Processing /home/airflow/.local/lib/python3.12/site-packages/airflow/example_dags/example_short_circuit_decorator.py took 0.130 seconds
[2025-08-10T03:02:04.388+0000] {processor.py:161} INFO - Started process (PID=917) to work on /home/airflow/.local/lib/python3.12/site-packages/airflow/example_dags/example_short_circuit_decorator.py
[2025-08-10T03:02:04.390+0000] {processor.py:830} INFO - Processing file /home/airflow/.local/lib/python3.12/site-packages/airflow/example_dags/example_short_circuit_decorator.py for tasks to queue
[2025-08-10T03:02:04.393+0000] {logging_mixin.py:188} INFO - [2025-08-10T03:02:04.393+0000] {dagbag.py:545} INFO - Filling up the DagBag from /home/airflow/.local/lib/python3.12/site-packages/airflow/example_dags/example_short_circuit_decorator.py
[2025-08-10T03:02:04.407+0000] {processor.py:840} INFO - DAG(s) 'example_short_circuit_decorator' retrieved from /home/airflow/.local/lib/python3.12/site-packages/airflow/example_dags/example_short_circuit_decorator.py
[2025-08-10T03:02:04.445+0000] {logging_mixin.py:188} INFO - [2025-08-10T03:02:04.445+0000] {dag.py:3096} INFO - Sync 1 DAGs
[2025-08-10T03:02:04.475+0000] {logging_mixin.py:188} INFO - [2025-08-10T03:02:04.475+0000] {dag.py:3954} INFO - Setting next_dagrun for example_short_circuit_decorator to 2025-08-09 00:00:00+00:00, run_after=2025-08-10 00:00:00+00:00
[2025-08-10T03:02:04.509+0000] {processor.py:183} INFO - Processing /home/airflow/.local/lib/python3.12/site-packages/airflow/example_dags/example_short_circuit_decorator.py took 0.131 seconds
[2025-08-10T03:02:34.959+0000] {processor.py:161} INFO - Started process (PID=979) to work on /home/airflow/.local/lib/python3.12/site-packages/airflow/example_dags/example_short_circuit_decorator.py
[2025-08-10T03:02:34.961+0000] {processor.py:830} INFO - Processing file /home/airflow/.local/lib/python3.12/site-packages/airflow/example_dags/example_short_circuit_decorator.py for tasks to queue
[2025-08-10T03:02:34.962+0000] {logging_mixin.py:188} INFO - [2025-08-10T03:02:34.962+0000] {dagbag.py:545} INFO - Filling up the DagBag from /home/airflow/.local/lib/python3.12/site-packages/airflow/example_dags/example_short_circuit_decorator.py
[2025-08-10T03:02:34.979+0000] {processor.py:840} INFO - DAG(s) 'example_short_circuit_decorator' retrieved from /home/airflow/.local/lib/python3.12/site-packages/airflow/example_dags/example_short_circuit_decorator.py
[2025-08-10T03:02:35.021+0000] {logging_mixin.py:188} INFO - [2025-08-10T03:02:35.020+0000] {dag.py:3096} INFO - Sync 1 DAGs
[2025-08-10T03:02:35.059+0000] {logging_mixin.py:188} INFO - [2025-08-10T03:02:35.058+0000] {dag.py:3954} INFO - Setting next_dagrun for example_short_circuit_decorator to 2025-08-09 00:00:00+00:00, run_after=2025-08-10 00:00:00+00:00
[2025-08-10T03:02:35.090+0000] {processor.py:183} INFO - Processing /home/airflow/.local/lib/python3.12/site-packages/airflow/example_dags/example_short_circuit_decorator.py took 0.140 seconds
[2025-08-10T03:03:06.038+0000] {processor.py:161} INFO - Started process (PID=1042) to work on /home/airflow/.local/lib/python3.12/site-packages/airflow/example_dags/example_short_circuit_decorator.py
[2025-08-10T03:03:06.040+0000] {processor.py:830} INFO - Processing file /home/airflow/.local/lib/python3.12/site-packages/airflow/example_dags/example_short_circuit_decorator.py for tasks to queue
[2025-08-10T03:03:06.042+0000] {logging_mixin.py:188} INFO - [2025-08-10T03:03:06.041+0000] {dagbag.py:545} INFO - Filling up the DagBag from /home/airflow/.local/lib/python3.12/site-packages/airflow/example_dags/example_short_circuit_decorator.py
[2025-08-10T03:03:06.057+0000] {processor.py:840} INFO - DAG(s) 'example_short_circuit_decorator' retrieved from /home/airflow/.local/lib/python3.12/site-packages/airflow/example_dags/example_short_circuit_decorator.py
[2025-08-10T03:03:06.102+0000] {logging_mixin.py:188} INFO - [2025-08-10T03:03:06.102+0000] {dag.py:3096} INFO - Sync 1 DAGs
[2025-08-10T03:03:06.135+0000] {logging_mixin.py:188} INFO - [2025-08-10T03:03:06.135+0000] {dag.py:3954} INFO - Setting next_dagrun for example_short_circuit_decorator to 2025-08-09 00:00:00+00:00, run_after=2025-08-10 00:00:00+00:00
[2025-08-10T03:03:06.175+0000] {processor.py:183} INFO - Processing /home/airflow/.local/lib/python3.12/site-packages/airflow/example_dags/example_short_circuit_decorator.py took 0.147 seconds
[2025-08-10T03:03:36.763+0000] {processor.py:161} INFO - Started process (PID=1104) to work on /home/airflow/.local/lib/python3.12/site-packages/airflow/example_dags/example_short_circuit_decorator.py
[2025-08-10T03:03:36.765+0000] {processor.py:830} INFO - Processing file /home/airflow/.local/lib/python3.12/site-packages/airflow/example_dags/example_short_circuit_decorator.py for tasks to queue
[2025-08-10T03:03:36.767+0000] {logging_mixin.py:188} INFO - [2025-08-10T03:03:36.766+0000] {dagbag.py:545} INFO - Filling up the DagBag from /home/airflow/.local/lib/python3.12/site-packages/airflow/example_dags/example_short_circuit_decorator.py
[2025-08-10T03:03:36.785+0000] {processor.py:840} INFO - DAG(s) 'example_short_circuit_decorator' retrieved from /home/airflow/.local/lib/python3.12/site-packages/airflow/example_dags/example_short_circuit_decorator.py
[2025-08-10T03:03:36.824+0000] {logging_mixin.py:188} INFO - [2025-08-10T03:03:36.824+0000] {dag.py:3096} INFO - Sync 1 DAGs
[2025-08-10T03:03:36.857+0000] {logging_mixin.py:188} INFO - [2025-08-10T03:03:36.856+0000] {dag.py:3954} INFO - Setting next_dagrun for example_short_circuit_decorator to 2025-08-09 00:00:00+00:00, run_after=2025-08-10 00:00:00+00:00
[2025-08-10T03:03:36.899+0000] {processor.py:183} INFO - Processing /home/airflow/.local/lib/python3.12/site-packages/airflow/example_dags/example_short_circuit_decorator.py took 0.146 seconds
[2025-08-10T03:04:07.158+0000] {processor.py:161} INFO - Started process (PID=1166) to work on /home/airflow/.local/lib/python3.12/site-packages/airflow/example_dags/example_short_circuit_decorator.py
[2025-08-10T03:04:07.160+0000] {processor.py:830} INFO - Processing file /home/airflow/.local/lib/python3.12/site-packages/airflow/example_dags/example_short_circuit_decorator.py for tasks to queue
[2025-08-10T03:04:07.162+0000] {logging_mixin.py:188} INFO - [2025-08-10T03:04:07.162+0000] {dagbag.py:545} INFO - Filling up the DagBag from /home/airflow/.local/lib/python3.12/site-packages/airflow/example_dags/example_short_circuit_decorator.py
[2025-08-10T03:04:07.180+0000] {processor.py:840} INFO - DAG(s) 'example_short_circuit_decorator' retrieved from /home/airflow/.local/lib/python3.12/site-packages/airflow/example_dags/example_short_circuit_decorator.py
[2025-08-10T03:04:07.221+0000] {logging_mixin.py:188} INFO - [2025-08-10T03:04:07.221+0000] {dag.py:3096} INFO - Sync 1 DAGs
[2025-08-10T03:04:07.261+0000] {logging_mixin.py:188} INFO - [2025-08-10T03:04:07.261+0000] {dag.py:3954} INFO - Setting next_dagrun for example_short_circuit_decorator to 2025-08-09 00:00:00+00:00, run_after=2025-08-10 00:00:00+00:00
[2025-08-10T03:04:07.297+0000] {processor.py:183} INFO - Processing /home/airflow/.local/lib/python3.12/site-packages/airflow/example_dags/example_short_circuit_decorator.py took 0.149 seconds
[2025-08-10T03:04:38.259+0000] {processor.py:161} INFO - Started process (PID=1228) to work on /home/airflow/.local/lib/python3.12/site-packages/airflow/example_dags/example_short_circuit_decorator.py
[2025-08-10T03:04:38.260+0000] {processor.py:830} INFO - Processing file /home/airflow/.local/lib/python3.12/site-packages/airflow/example_dags/example_short_circuit_decorator.py for tasks to queue
[2025-08-10T03:04:38.262+0000] {logging_mixin.py:188} INFO - [2025-08-10T03:04:38.261+0000] {dagbag.py:545} INFO - Filling up the DagBag from /home/airflow/.local/lib/python3.12/site-packages/airflow/example_dags/example_short_circuit_decorator.py
[2025-08-10T03:04:38.279+0000] {processor.py:840} INFO - DAG(s) 'example_short_circuit_decorator' retrieved from /home/airflow/.local/lib/python3.12/site-packages/airflow/example_dags/example_short_circuit_decorator.py
[2025-08-10T03:04:38.319+0000] {logging_mixin.py:188} INFO - [2025-08-10T03:04:38.319+0000] {dag.py:3096} INFO - Sync 1 DAGs
[2025-08-10T03:04:38.353+0000] {logging_mixin.py:188} INFO - [2025-08-10T03:04:38.353+0000] {dag.py:3954} INFO - Setting next_dagrun for example_short_circuit_decorator to 2025-08-09 00:00:00+00:00, run_after=2025-08-10 00:00:00+00:00
[2025-08-10T03:04:38.388+0000] {processor.py:183} INFO - Processing /home/airflow/.local/lib/python3.12/site-packages/airflow/example_dags/example_short_circuit_decorator.py took 0.138 seconds
[2025-08-10T03:05:09.335+0000] {processor.py:161} INFO - Started process (PID=1290) to work on /home/airflow/.local/lib/python3.12/site-packages/airflow/example_dags/example_short_circuit_decorator.py
[2025-08-10T03:05:09.337+0000] {processor.py:830} INFO - Processing file /home/airflow/.local/lib/python3.12/site-packages/airflow/example_dags/example_short_circuit_decorator.py for tasks to queue
[2025-08-10T03:05:09.339+0000] {logging_mixin.py:188} INFO - [2025-08-10T03:05:09.338+0000] {dagbag.py:545} INFO - Filling up the DagBag from /home/airflow/.local/lib/python3.12/site-packages/airflow/example_dags/example_short_circuit_decorator.py
[2025-08-10T03:05:09.357+0000] {processor.py:840} INFO - DAG(s) 'example_short_circuit_decorator' retrieved from /home/airflow/.local/lib/python3.12/site-packages/airflow/example_dags/example_short_circuit_decorator.py
[2025-08-10T03:05:09.400+0000] {logging_mixin.py:188} INFO - [2025-08-10T03:05:09.399+0000] {dag.py:3096} INFO - Sync 1 DAGs
[2025-08-10T03:05:09.437+0000] {logging_mixin.py:188} INFO - [2025-08-10T03:05:09.437+0000] {dag.py:3954} INFO - Setting next_dagrun for example_short_circuit_decorator to 2025-08-09 00:00:00+00:00, run_after=2025-08-10 00:00:00+00:00
[2025-08-10T03:05:09.470+0000] {processor.py:183} INFO - Processing /home/airflow/.local/lib/python3.12/site-packages/airflow/example_dags/example_short_circuit_decorator.py took 0.145 seconds
[2025-08-10T03:05:39.871+0000] {processor.py:161} INFO - Started process (PID=1353) to work on /home/airflow/.local/lib/python3.12/site-packages/airflow/example_dags/example_short_circuit_decorator.py
[2025-08-10T03:05:39.872+0000] {processor.py:830} INFO - Processing file /home/airflow/.local/lib/python3.12/site-packages/airflow/example_dags/example_short_circuit_decorator.py for tasks to queue
[2025-08-10T03:05:39.874+0000] {logging_mixin.py:188} INFO - [2025-08-10T03:05:39.873+0000] {dagbag.py:545} INFO - Filling up the DagBag from /home/airflow/.local/lib/python3.12/site-packages/airflow/example_dags/example_short_circuit_decorator.py
[2025-08-10T03:05:39.890+0000] {processor.py:840} INFO - DAG(s) 'example_short_circuit_decorator' retrieved from /home/airflow/.local/lib/python3.12/site-packages/airflow/example_dags/example_short_circuit_decorator.py
[2025-08-10T03:05:39.928+0000] {logging_mixin.py:188} INFO - [2025-08-10T03:05:39.928+0000] {dag.py:3096} INFO - Sync 1 DAGs
[2025-08-10T03:05:39.962+0000] {logging_mixin.py:188} INFO - [2025-08-10T03:05:39.962+0000] {dag.py:3954} INFO - Setting next_dagrun for example_short_circuit_decorator to 2025-08-09 00:00:00+00:00, run_after=2025-08-10 00:00:00+00:00
[2025-08-10T03:05:39.992+0000] {processor.py:183} INFO - Processing /home/airflow/.local/lib/python3.12/site-packages/airflow/example_dags/example_short_circuit_decorator.py took 0.131 seconds
[2025-08-10T03:06:10.504+0000] {processor.py:161} INFO - Started process (PID=1416) to work on /home/airflow/.local/lib/python3.12/site-packages/airflow/example_dags/example_short_circuit_decorator.py
[2025-08-10T03:06:10.506+0000] {processor.py:830} INFO - Processing file /home/airflow/.local/lib/python3.12/site-packages/airflow/example_dags/example_short_circuit_decorator.py for tasks to queue
[2025-08-10T03:06:10.508+0000] {logging_mixin.py:188} INFO - [2025-08-10T03:06:10.507+0000] {dagbag.py:545} INFO - Filling up the DagBag from /home/airflow/.local/lib/python3.12/site-packages/airflow/example_dags/example_short_circuit_decorator.py
[2025-08-10T03:06:10.529+0000] {processor.py:840} INFO - DAG(s) 'example_short_circuit_decorator' retrieved from /home/airflow/.local/lib/python3.12/site-packages/airflow/example_dags/example_short_circuit_decorator.py
[2025-08-10T03:06:10.576+0000] {logging_mixin.py:188} INFO - [2025-08-10T03:06:10.575+0000] {dag.py:3096} INFO - Sync 1 DAGs
[2025-08-10T03:06:10.617+0000] {logging_mixin.py:188} INFO - [2025-08-10T03:06:10.616+0000] {dag.py:3954} INFO - Setting next_dagrun for example_short_circuit_decorator to 2025-08-09 00:00:00+00:00, run_after=2025-08-10 00:00:00+00:00
[2025-08-10T03:06:10.670+0000] {processor.py:183} INFO - Processing /home/airflow/.local/lib/python3.12/site-packages/airflow/example_dags/example_short_circuit_decorator.py took 0.180 seconds
[2025-08-10T03:06:41.317+0000] {processor.py:161} INFO - Started process (PID=1478) to work on /home/airflow/.local/lib/python3.12/site-packages/airflow/example_dags/example_short_circuit_decorator.py
[2025-08-10T03:06:41.319+0000] {processor.py:830} INFO - Processing file /home/airflow/.local/lib/python3.12/site-packages/airflow/example_dags/example_short_circuit_decorator.py for tasks to queue
[2025-08-10T03:06:41.321+0000] {logging_mixin.py:188} INFO - [2025-08-10T03:06:41.320+0000] {dagbag.py:545} INFO - Filling up the DagBag from /home/airflow/.local/lib/python3.12/site-packages/airflow/example_dags/example_short_circuit_decorator.py
[2025-08-10T03:06:41.336+0000] {processor.py:840} INFO - DAG(s) 'example_short_circuit_decorator' retrieved from /home/airflow/.local/lib/python3.12/site-packages/airflow/example_dags/example_short_circuit_decorator.py
[2025-08-10T03:06:41.373+0000] {logging_mixin.py:188} INFO - [2025-08-10T03:06:41.372+0000] {dag.py:3096} INFO - Sync 1 DAGs
[2025-08-10T03:06:41.402+0000] {logging_mixin.py:188} INFO - [2025-08-10T03:06:41.402+0000] {dag.py:3954} INFO - Setting next_dagrun for example_short_circuit_decorator to 2025-08-09 00:00:00+00:00, run_after=2025-08-10 00:00:00+00:00
[2025-08-10T03:06:41.440+0000] {processor.py:183} INFO - Processing /home/airflow/.local/lib/python3.12/site-packages/airflow/example_dags/example_short_circuit_decorator.py took 0.131 seconds
[2025-08-10T03:17:50.381+0000] {processor.py:161} INFO - Started process (PID=1556) to work on /home/airflow/.local/lib/python3.12/site-packages/airflow/example_dags/example_short_circuit_decorator.py
[2025-08-10T03:17:50.384+0000] {processor.py:830} INFO - Processing file /home/airflow/.local/lib/python3.12/site-packages/airflow/example_dags/example_short_circuit_decorator.py for tasks to queue
[2025-08-10T03:17:50.385+0000] {logging_mixin.py:188} INFO - [2025-08-10T03:17:50.385+0000] {dagbag.py:545} INFO - Filling up the DagBag from /home/airflow/.local/lib/python3.12/site-packages/airflow/example_dags/example_short_circuit_decorator.py
[2025-08-10T03:17:50.407+0000] {processor.py:840} INFO - DAG(s) 'example_short_circuit_decorator' retrieved from /home/airflow/.local/lib/python3.12/site-packages/airflow/example_dags/example_short_circuit_decorator.py
[2025-08-10T03:17:50.449+0000] {logging_mixin.py:188} INFO - [2025-08-10T03:17:50.449+0000] {dag.py:3096} INFO - Sync 1 DAGs
[2025-08-10T03:17:50.483+0000] {logging_mixin.py:188} INFO - [2025-08-10T03:17:50.483+0000] {dag.py:3954} INFO - Setting next_dagrun for example_short_circuit_decorator to 2025-08-09 00:00:00+00:00, run_after=2025-08-10 00:00:00+00:00
[2025-08-10T03:17:50.517+0000] {processor.py:183} INFO - Processing /home/airflow/.local/lib/python3.12/site-packages/airflow/example_dags/example_short_circuit_decorator.py took 0.148 seconds
[2025-08-10T03:18:21.455+0000] {processor.py:161} INFO - Started process (PID=1618) to work on /home/airflow/.local/lib/python3.12/site-packages/airflow/example_dags/example_short_circuit_decorator.py
[2025-08-10T03:18:21.457+0000] {processor.py:830} INFO - Processing file /home/airflow/.local/lib/python3.12/site-packages/airflow/example_dags/example_short_circuit_decorator.py for tasks to queue
[2025-08-10T03:18:21.458+0000] {logging_mixin.py:188} INFO - [2025-08-10T03:18:21.458+0000] {dagbag.py:545} INFO - Filling up the DagBag from /home/airflow/.local/lib/python3.12/site-packages/airflow/example_dags/example_short_circuit_decorator.py
[2025-08-10T03:18:21.479+0000] {processor.py:840} INFO - DAG(s) 'example_short_circuit_decorator' retrieved from /home/airflow/.local/lib/python3.12/site-packages/airflow/example_dags/example_short_circuit_decorator.py
[2025-08-10T03:18:21.524+0000] {logging_mixin.py:188} INFO - [2025-08-10T03:18:21.523+0000] {dag.py:3096} INFO - Sync 1 DAGs
[2025-08-10T03:18:21.560+0000] {logging_mixin.py:188} INFO - [2025-08-10T03:18:21.560+0000] {dag.py:3954} INFO - Setting next_dagrun for example_short_circuit_decorator to 2025-08-09 00:00:00+00:00, run_after=2025-08-10 00:00:00+00:00
[2025-08-10T03:18:21.595+0000] {processor.py:183} INFO - Processing /home/airflow/.local/lib/python3.12/site-packages/airflow/example_dags/example_short_circuit_decorator.py took 0.151 seconds
[2025-08-10T03:18:51.791+0000] {processor.py:161} INFO - Started process (PID=1681) to work on /home/airflow/.local/lib/python3.12/site-packages/airflow/example_dags/example_short_circuit_decorator.py
[2025-08-10T03:18:51.793+0000] {processor.py:830} INFO - Processing file /home/airflow/.local/lib/python3.12/site-packages/airflow/example_dags/example_short_circuit_decorator.py for tasks to queue
[2025-08-10T03:18:51.795+0000] {logging_mixin.py:188} INFO - [2025-08-10T03:18:51.794+0000] {dagbag.py:545} INFO - Filling up the DagBag from /home/airflow/.local/lib/python3.12/site-packages/airflow/example_dags/example_short_circuit_decorator.py
[2025-08-10T03:18:51.813+0000] {processor.py:840} INFO - DAG(s) 'example_short_circuit_decorator' retrieved from /home/airflow/.local/lib/python3.12/site-packages/airflow/example_dags/example_short_circuit_decorator.py
[2025-08-10T03:18:51.851+0000] {logging_mixin.py:188} INFO - [2025-08-10T03:18:51.851+0000] {dag.py:3096} INFO - Sync 1 DAGs
[2025-08-10T03:18:51.887+0000] {logging_mixin.py:188} INFO - [2025-08-10T03:18:51.887+0000] {dag.py:3954} INFO - Setting next_dagrun for example_short_circuit_decorator to 2025-08-09 00:00:00+00:00, run_after=2025-08-10 00:00:00+00:00
[2025-08-10T03:18:51.919+0000] {processor.py:183} INFO - Processing /home/airflow/.local/lib/python3.12/site-packages/airflow/example_dags/example_short_circuit_decorator.py took 0.138 seconds
[2025-08-10T03:19:23.490+0000] {processor.py:161} INFO - Started process (PID=1743) to work on /home/airflow/.local/lib/python3.12/site-packages/airflow/example_dags/example_short_circuit_decorator.py
[2025-08-10T03:19:23.492+0000] {processor.py:830} INFO - Processing file /home/airflow/.local/lib/python3.12/site-packages/airflow/example_dags/example_short_circuit_decorator.py for tasks to queue
[2025-08-10T03:19:23.494+0000] {logging_mixin.py:188} INFO - [2025-08-10T03:19:23.493+0000] {dagbag.py:545} INFO - Filling up the DagBag from /home/airflow/.local/lib/python3.12/site-packages/airflow/example_dags/example_short_circuit_decorator.py
[2025-08-10T03:19:23.524+0000] {processor.py:840} INFO - DAG(s) 'example_short_circuit_decorator' retrieved from /home/airflow/.local/lib/python3.12/site-packages/airflow/example_dags/example_short_circuit_decorator.py
[2025-08-10T03:19:23.572+0000] {logging_mixin.py:188} INFO - [2025-08-10T03:19:23.571+0000] {dag.py:3096} INFO - Sync 1 DAGs
[2025-08-10T03:19:23.605+0000] {logging_mixin.py:188} INFO - [2025-08-10T03:19:23.605+0000] {dag.py:3954} INFO - Setting next_dagrun for example_short_circuit_decorator to 2025-08-09 00:00:00+00:00, run_after=2025-08-10 00:00:00+00:00
[2025-08-10T03:19:23.644+0000] {processor.py:183} INFO - Processing /home/airflow/.local/lib/python3.12/site-packages/airflow/example_dags/example_short_circuit_decorator.py took 0.165 seconds
[2025-08-10T03:19:54.422+0000] {processor.py:161} INFO - Started process (PID=1812) to work on /home/airflow/.local/lib/python3.12/site-packages/airflow/example_dags/example_short_circuit_decorator.py
[2025-08-10T03:19:54.424+0000] {processor.py:830} INFO - Processing file /home/airflow/.local/lib/python3.12/site-packages/airflow/example_dags/example_short_circuit_decorator.py for tasks to queue
[2025-08-10T03:19:54.426+0000] {logging_mixin.py:188} INFO - [2025-08-10T03:19:54.425+0000] {dagbag.py:545} INFO - Filling up the DagBag from /home/airflow/.local/lib/python3.12/site-packages/airflow/example_dags/example_short_circuit_decorator.py
[2025-08-10T03:19:54.440+0000] {processor.py:840} INFO - DAG(s) 'example_short_circuit_decorator' retrieved from /home/airflow/.local/lib/python3.12/site-packages/airflow/example_dags/example_short_circuit_decorator.py
[2025-08-10T03:19:54.479+0000] {logging_mixin.py:188} INFO - [2025-08-10T03:19:54.479+0000] {dag.py:3096} INFO - Sync 1 DAGs
[2025-08-10T03:19:54.513+0000] {logging_mixin.py:188} INFO - [2025-08-10T03:19:54.512+0000] {dag.py:3954} INFO - Setting next_dagrun for example_short_circuit_decorator to 2025-08-09 00:00:00+00:00, run_after=2025-08-10 00:00:00+00:00
[2025-08-10T03:19:54.542+0000] {processor.py:183} INFO - Processing /home/airflow/.local/lib/python3.12/site-packages/airflow/example_dags/example_short_circuit_decorator.py took 0.128 seconds
[2025-08-10T03:20:25.428+0000] {processor.py:161} INFO - Started process (PID=1874) to work on /home/airflow/.local/lib/python3.12/site-packages/airflow/example_dags/example_short_circuit_decorator.py
[2025-08-10T03:20:25.430+0000] {processor.py:830} INFO - Processing file /home/airflow/.local/lib/python3.12/site-packages/airflow/example_dags/example_short_circuit_decorator.py for tasks to queue
[2025-08-10T03:20:25.432+0000] {logging_mixin.py:188} INFO - [2025-08-10T03:20:25.431+0000] {dagbag.py:545} INFO - Filling up the DagBag from /home/airflow/.local/lib/python3.12/site-packages/airflow/example_dags/example_short_circuit_decorator.py
[2025-08-10T03:20:25.446+0000] {processor.py:840} INFO - DAG(s) 'example_short_circuit_decorator' retrieved from /home/airflow/.local/lib/python3.12/site-packages/airflow/example_dags/example_short_circuit_decorator.py
[2025-08-10T03:20:25.481+0000] {logging_mixin.py:188} INFO - [2025-08-10T03:20:25.480+0000] {dag.py:3096} INFO - Sync 1 DAGs
[2025-08-10T03:20:25.516+0000] {logging_mixin.py:188} INFO - [2025-08-10T03:20:25.515+0000] {dag.py:3954} INFO - Setting next_dagrun for example_short_circuit_decorator to 2025-08-09 00:00:00+00:00, run_after=2025-08-10 00:00:00+00:00
[2025-08-10T03:20:25.553+0000] {processor.py:183} INFO - Processing /home/airflow/.local/lib/python3.12/site-packages/airflow/example_dags/example_short_circuit_decorator.py took 0.133 seconds
[2025-08-10T03:20:56.216+0000] {processor.py:161} INFO - Started process (PID=1936) to work on /home/airflow/.local/lib/python3.12/site-packages/airflow/example_dags/example_short_circuit_decorator.py
[2025-08-10T03:20:56.217+0000] {processor.py:830} INFO - Processing file /home/airflow/.local/lib/python3.12/site-packages/airflow/example_dags/example_short_circuit_decorator.py for tasks to queue
[2025-08-10T03:20:56.219+0000] {logging_mixin.py:188} INFO - [2025-08-10T03:20:56.218+0000] {dagbag.py:545} INFO - Filling up the DagBag from /home/airflow/.local/lib/python3.12/site-packages/airflow/example_dags/example_short_circuit_decorator.py
[2025-08-10T03:20:56.234+0000] {processor.py:840} INFO - DAG(s) 'example_short_circuit_decorator' retrieved from /home/airflow/.local/lib/python3.12/site-packages/airflow/example_dags/example_short_circuit_decorator.py
[2025-08-10T03:20:56.277+0000] {logging_mixin.py:188} INFO - [2025-08-10T03:20:56.277+0000] {dag.py:3096} INFO - Sync 1 DAGs
[2025-08-10T03:20:56.310+0000] {logging_mixin.py:188} INFO - [2025-08-10T03:20:56.310+0000] {dag.py:3954} INFO - Setting next_dagrun for example_short_circuit_decorator to 2025-08-09 00:00:00+00:00, run_after=2025-08-10 00:00:00+00:00
[2025-08-10T03:20:56.340+0000] {processor.py:183} INFO - Processing /home/airflow/.local/lib/python3.12/site-packages/airflow/example_dags/example_short_circuit_decorator.py took 0.136 seconds
[2025-08-10T03:21:26.912+0000] {processor.py:161} INFO - Started process (PID=1998) to work on /home/airflow/.local/lib/python3.12/site-packages/airflow/example_dags/example_short_circuit_decorator.py
[2025-08-10T03:21:26.913+0000] {processor.py:830} INFO - Processing file /home/airflow/.local/lib/python3.12/site-packages/airflow/example_dags/example_short_circuit_decorator.py for tasks to queue
[2025-08-10T03:21:26.915+0000] {logging_mixin.py:188} INFO - [2025-08-10T03:21:26.914+0000] {dagbag.py:545} INFO - Filling up the DagBag from /home/airflow/.local/lib/python3.12/site-packages/airflow/example_dags/example_short_circuit_decorator.py
[2025-08-10T03:21:26.931+0000] {processor.py:840} INFO - DAG(s) 'example_short_circuit_decorator' retrieved from /home/airflow/.local/lib/python3.12/site-packages/airflow/example_dags/example_short_circuit_decorator.py
[2025-08-10T03:21:26.981+0000] {logging_mixin.py:188} INFO - [2025-08-10T03:21:26.981+0000] {dag.py:3096} INFO - Sync 1 DAGs
[2025-08-10T03:21:27.020+0000] {logging_mixin.py:188} INFO - [2025-08-10T03:21:27.020+0000] {dag.py:3954} INFO - Setting next_dagrun for example_short_circuit_decorator to 2025-08-09 00:00:00+00:00, run_after=2025-08-10 00:00:00+00:00
[2025-08-10T03:21:27.066+0000] {processor.py:183} INFO - Processing /home/airflow/.local/lib/python3.12/site-packages/airflow/example_dags/example_short_circuit_decorator.py took 0.163 seconds
[2025-08-10T03:21:58.319+0000] {processor.py:161} INFO - Started process (PID=2060) to work on /home/airflow/.local/lib/python3.12/site-packages/airflow/example_dags/example_short_circuit_decorator.py
[2025-08-10T03:21:58.320+0000] {processor.py:830} INFO - Processing file /home/airflow/.local/lib/python3.12/site-packages/airflow/example_dags/example_short_circuit_decorator.py for tasks to queue
[2025-08-10T03:21:58.322+0000] {logging_mixin.py:188} INFO - [2025-08-10T03:21:58.321+0000] {dagbag.py:545} INFO - Filling up the DagBag from /home/airflow/.local/lib/python3.12/site-packages/airflow/example_dags/example_short_circuit_decorator.py
[2025-08-10T03:21:58.337+0000] {processor.py:840} INFO - DAG(s) 'example_short_circuit_decorator' retrieved from /home/airflow/.local/lib/python3.12/site-packages/airflow/example_dags/example_short_circuit_decorator.py
[2025-08-10T03:21:58.373+0000] {logging_mixin.py:188} INFO - [2025-08-10T03:21:58.373+0000] {dag.py:3096} INFO - Sync 1 DAGs
[2025-08-10T03:21:58.402+0000] {logging_mixin.py:188} INFO - [2025-08-10T03:21:58.401+0000] {dag.py:3954} INFO - Setting next_dagrun for example_short_circuit_decorator to 2025-08-09 00:00:00+00:00, run_after=2025-08-10 00:00:00+00:00
[2025-08-10T03:21:58.431+0000] {processor.py:183} INFO - Processing /home/airflow/.local/lib/python3.12/site-packages/airflow/example_dags/example_short_circuit_decorator.py took 0.122 seconds
[2025-08-10T03:22:28.684+0000] {processor.py:161} INFO - Started process (PID=2122) to work on /home/airflow/.local/lib/python3.12/site-packages/airflow/example_dags/example_short_circuit_decorator.py
[2025-08-10T03:22:28.686+0000] {processor.py:830} INFO - Processing file /home/airflow/.local/lib/python3.12/site-packages/airflow/example_dags/example_short_circuit_decorator.py for tasks to queue
[2025-08-10T03:22:28.688+0000] {logging_mixin.py:188} INFO - [2025-08-10T03:22:28.687+0000] {dagbag.py:545} INFO - Filling up the DagBag from /home/airflow/.local/lib/python3.12/site-packages/airflow/example_dags/example_short_circuit_decorator.py
[2025-08-10T03:22:28.702+0000] {processor.py:840} INFO - DAG(s) 'example_short_circuit_decorator' retrieved from /home/airflow/.local/lib/python3.12/site-packages/airflow/example_dags/example_short_circuit_decorator.py
[2025-08-10T03:22:28.739+0000] {logging_mixin.py:188} INFO - [2025-08-10T03:22:28.739+0000] {dag.py:3096} INFO - Sync 1 DAGs
[2025-08-10T03:22:28.769+0000] {logging_mixin.py:188} INFO - [2025-08-10T03:22:28.768+0000] {dag.py:3954} INFO - Setting next_dagrun for example_short_circuit_decorator to 2025-08-09 00:00:00+00:00, run_after=2025-08-10 00:00:00+00:00
[2025-08-10T03:22:28.798+0000] {processor.py:183} INFO - Processing /home/airflow/.local/lib/python3.12/site-packages/airflow/example_dags/example_short_circuit_decorator.py took 0.122 seconds
[2025-08-10T08:23:01.246+0000] {processor.py:161} INFO - Started process (PID=2196) to work on /home/airflow/.local/lib/python3.12/site-packages/airflow/example_dags/example_short_circuit_decorator.py
[2025-08-10T08:23:01.248+0000] {processor.py:830} INFO - Processing file /home/airflow/.local/lib/python3.12/site-packages/airflow/example_dags/example_short_circuit_decorator.py for tasks to queue
[2025-08-10T08:23:01.249+0000] {logging_mixin.py:188} INFO - [2025-08-10T08:23:01.248+0000] {dagbag.py:545} INFO - Filling up the DagBag from /home/airflow/.local/lib/python3.12/site-packages/airflow/example_dags/example_short_circuit_decorator.py
[2025-08-10T08:23:01.262+0000] {processor.py:840} INFO - DAG(s) 'example_short_circuit_decorator' retrieved from /home/airflow/.local/lib/python3.12/site-packages/airflow/example_dags/example_short_circuit_decorator.py
[2025-08-10T08:23:01.294+0000] {logging_mixin.py:188} INFO - [2025-08-10T08:23:01.294+0000] {dag.py:3096} INFO - Sync 1 DAGs
[2025-08-10T08:23:01.324+0000] {logging_mixin.py:188} INFO - [2025-08-10T08:23:01.324+0000] {dag.py:3954} INFO - Setting next_dagrun for example_short_circuit_decorator to 2025-08-09 00:00:00+00:00, run_after=2025-08-10 00:00:00+00:00
[2025-08-10T08:23:01.356+0000] {processor.py:183} INFO - Processing /home/airflow/.local/lib/python3.12/site-packages/airflow/example_dags/example_short_circuit_decorator.py took 0.118 seconds
[2025-08-10T15:12:20.322+0000] {processor.py:161} INFO - Started process (PID=2252) to work on /home/airflow/.local/lib/python3.12/site-packages/airflow/example_dags/example_short_circuit_decorator.py
[2025-08-10T15:12:20.324+0000] {processor.py:830} INFO - Processing file /home/airflow/.local/lib/python3.12/site-packages/airflow/example_dags/example_short_circuit_decorator.py for tasks to queue
[2025-08-10T15:12:20.327+0000] {logging_mixin.py:188} INFO - [2025-08-10T15:12:20.326+0000] {dagbag.py:545} INFO - Filling up the DagBag from /home/airflow/.local/lib/python3.12/site-packages/airflow/example_dags/example_short_circuit_decorator.py
[2025-08-10T15:12:20.349+0000] {processor.py:840} INFO - DAG(s) 'example_short_circuit_decorator' retrieved from /home/airflow/.local/lib/python3.12/site-packages/airflow/example_dags/example_short_circuit_decorator.py
[2025-08-10T15:12:20.388+0000] {logging_mixin.py:188} INFO - [2025-08-10T15:12:20.388+0000] {dag.py:3096} INFO - Sync 1 DAGs
[2025-08-10T15:12:20.422+0000] {logging_mixin.py:188} INFO - [2025-08-10T15:12:20.421+0000] {dag.py:3954} INFO - Setting next_dagrun for example_short_circuit_decorator to 2025-08-09 00:00:00+00:00, run_after=2025-08-10 00:00:00+00:00
[2025-08-10T15:12:20.467+0000] {processor.py:183} INFO - Processing /home/airflow/.local/lib/python3.12/site-packages/airflow/example_dags/example_short_circuit_decorator.py took 0.153 seconds
[2025-08-10T15:12:51.338+0000] {processor.py:161} INFO - Started process (PID=2314) to work on /home/airflow/.local/lib/python3.12/site-packages/airflow/example_dags/example_short_circuit_decorator.py
[2025-08-10T15:12:51.339+0000] {processor.py:830} INFO - Processing file /home/airflow/.local/lib/python3.12/site-packages/airflow/example_dags/example_short_circuit_decorator.py for tasks to queue
[2025-08-10T15:12:51.340+0000] {logging_mixin.py:188} INFO - [2025-08-10T15:12:51.340+0000] {dagbag.py:545} INFO - Filling up the DagBag from /home/airflow/.local/lib/python3.12/site-packages/airflow/example_dags/example_short_circuit_decorator.py
[2025-08-10T15:12:51.352+0000] {processor.py:840} INFO - DAG(s) 'example_short_circuit_decorator' retrieved from /home/airflow/.local/lib/python3.12/site-packages/airflow/example_dags/example_short_circuit_decorator.py
[2025-08-10T15:12:51.382+0000] {logging_mixin.py:188} INFO - [2025-08-10T15:12:51.382+0000] {dag.py:3096} INFO - Sync 1 DAGs
[2025-08-10T15:12:51.406+0000] {logging_mixin.py:188} INFO - [2025-08-10T15:12:51.406+0000] {dag.py:3954} INFO - Setting next_dagrun for example_short_circuit_decorator to 2025-08-09 00:00:00+00:00, run_after=2025-08-10 00:00:00+00:00
[2025-08-10T15:12:51.428+0000] {processor.py:183} INFO - Processing /home/airflow/.local/lib/python3.12/site-packages/airflow/example_dags/example_short_circuit_decorator.py took 0.098 seconds
[2025-08-10T15:13:21.598+0000] {processor.py:161} INFO - Started process (PID=2376) to work on /home/airflow/.local/lib/python3.12/site-packages/airflow/example_dags/example_short_circuit_decorator.py
[2025-08-10T15:13:21.599+0000] {processor.py:830} INFO - Processing file /home/airflow/.local/lib/python3.12/site-packages/airflow/example_dags/example_short_circuit_decorator.py for tasks to queue
[2025-08-10T15:13:21.600+0000] {logging_mixin.py:188} INFO - [2025-08-10T15:13:21.600+0000] {dagbag.py:545} INFO - Filling up the DagBag from /home/airflow/.local/lib/python3.12/site-packages/airflow/example_dags/example_short_circuit_decorator.py
[2025-08-10T15:13:21.614+0000] {processor.py:840} INFO - DAG(s) 'example_short_circuit_decorator' retrieved from /home/airflow/.local/lib/python3.12/site-packages/airflow/example_dags/example_short_circuit_decorator.py
[2025-08-10T15:13:21.646+0000] {logging_mixin.py:188} INFO - [2025-08-10T15:13:21.646+0000] {dag.py:3096} INFO - Sync 1 DAGs
[2025-08-10T15:13:21.675+0000] {logging_mixin.py:188} INFO - [2025-08-10T15:13:21.675+0000] {dag.py:3954} INFO - Setting next_dagrun for example_short_circuit_decorator to 2025-08-09 00:00:00+00:00, run_after=2025-08-10 00:00:00+00:00
[2025-08-10T15:13:21.705+0000] {processor.py:183} INFO - Processing /home/airflow/.local/lib/python3.12/site-packages/airflow/example_dags/example_short_circuit_decorator.py took 0.116 seconds
[2025-08-10T15:13:54.248+0000] {processor.py:161} INFO - Started process (PID=2438) to work on /home/airflow/.local/lib/python3.12/site-packages/airflow/example_dags/example_short_circuit_decorator.py
[2025-08-10T15:13:54.250+0000] {processor.py:830} INFO - Processing file /home/airflow/.local/lib/python3.12/site-packages/airflow/example_dags/example_short_circuit_decorator.py for tasks to queue
[2025-08-10T15:13:54.252+0000] {logging_mixin.py:188} INFO - [2025-08-10T15:13:54.251+0000] {dagbag.py:545} INFO - Filling up the DagBag from /home/airflow/.local/lib/python3.12/site-packages/airflow/example_dags/example_short_circuit_decorator.py
[2025-08-10T15:13:54.267+0000] {processor.py:840} INFO - DAG(s) 'example_short_circuit_decorator' retrieved from /home/airflow/.local/lib/python3.12/site-packages/airflow/example_dags/example_short_circuit_decorator.py
[2025-08-10T15:13:54.309+0000] {logging_mixin.py:188} INFO - [2025-08-10T15:13:54.308+0000] {dag.py:3096} INFO - Sync 1 DAGs
[2025-08-10T15:13:54.343+0000] {logging_mixin.py:188} INFO - [2025-08-10T15:13:54.343+0000] {dag.py:3954} INFO - Setting next_dagrun for example_short_circuit_decorator to 2025-08-09 00:00:00+00:00, run_after=2025-08-10 00:00:00+00:00
[2025-08-10T15:13:54.372+0000] {processor.py:183} INFO - Processing /home/airflow/.local/lib/python3.12/site-packages/airflow/example_dags/example_short_circuit_decorator.py took 0.133 seconds
[2025-08-10T15:14:25.034+0000] {processor.py:161} INFO - Started process (PID=2500) to work on /home/airflow/.local/lib/python3.12/site-packages/airflow/example_dags/example_short_circuit_decorator.py
[2025-08-10T15:14:25.036+0000] {processor.py:830} INFO - Processing file /home/airflow/.local/lib/python3.12/site-packages/airflow/example_dags/example_short_circuit_decorator.py for tasks to queue
[2025-08-10T15:14:25.037+0000] {logging_mixin.py:188} INFO - [2025-08-10T15:14:25.037+0000] {dagbag.py:545} INFO - Filling up the DagBag from /home/airflow/.local/lib/python3.12/site-packages/airflow/example_dags/example_short_circuit_decorator.py
[2025-08-10T15:14:25.054+0000] {processor.py:840} INFO - DAG(s) 'example_short_circuit_decorator' retrieved from /home/airflow/.local/lib/python3.12/site-packages/airflow/example_dags/example_short_circuit_decorator.py
[2025-08-10T15:14:25.095+0000] {logging_mixin.py:188} INFO - [2025-08-10T15:14:25.095+0000] {dag.py:3096} INFO - Sync 1 DAGs
[2025-08-10T15:14:25.131+0000] {logging_mixin.py:188} INFO - [2025-08-10T15:14:25.131+0000] {dag.py:3954} INFO - Setting next_dagrun for example_short_circuit_decorator to 2025-08-09 00:00:00+00:00, run_after=2025-08-10 00:00:00+00:00
[2025-08-10T15:14:25.165+0000] {processor.py:183} INFO - Processing /home/airflow/.local/lib/python3.12/site-packages/airflow/example_dags/example_short_circuit_decorator.py took 0.141 seconds
[2025-08-10T15:14:56.318+0000] {processor.py:161} INFO - Started process (PID=2562) to work on /home/airflow/.local/lib/python3.12/site-packages/airflow/example_dags/example_short_circuit_decorator.py
[2025-08-10T15:14:56.320+0000] {processor.py:830} INFO - Processing file /home/airflow/.local/lib/python3.12/site-packages/airflow/example_dags/example_short_circuit_decorator.py for tasks to queue
[2025-08-10T15:14:56.321+0000] {logging_mixin.py:188} INFO - [2025-08-10T15:14:56.321+0000] {dagbag.py:545} INFO - Filling up the DagBag from /home/airflow/.local/lib/python3.12/site-packages/airflow/example_dags/example_short_circuit_decorator.py
[2025-08-10T15:14:56.337+0000] {processor.py:840} INFO - DAG(s) 'example_short_circuit_decorator' retrieved from /home/airflow/.local/lib/python3.12/site-packages/airflow/example_dags/example_short_circuit_decorator.py
[2025-08-10T15:14:56.372+0000] {logging_mixin.py:188} INFO - [2025-08-10T15:14:56.372+0000] {dag.py:3096} INFO - Sync 1 DAGs
[2025-08-10T15:14:56.404+0000] {logging_mixin.py:188} INFO - [2025-08-10T15:14:56.403+0000] {dag.py:3954} INFO - Setting next_dagrun for example_short_circuit_decorator to 2025-08-09 00:00:00+00:00, run_after=2025-08-10 00:00:00+00:00
[2025-08-10T15:14:56.432+0000] {processor.py:183} INFO - Processing /home/airflow/.local/lib/python3.12/site-packages/airflow/example_dags/example_short_circuit_decorator.py took 0.125 seconds
[2025-08-10T15:15:26.687+0000] {processor.py:161} INFO - Started process (PID=2624) to work on /home/airflow/.local/lib/python3.12/site-packages/airflow/example_dags/example_short_circuit_decorator.py
[2025-08-10T15:15:26.689+0000] {processor.py:830} INFO - Processing file /home/airflow/.local/lib/python3.12/site-packages/airflow/example_dags/example_short_circuit_decorator.py for tasks to queue
[2025-08-10T15:15:26.691+0000] {logging_mixin.py:188} INFO - [2025-08-10T15:15:26.690+0000] {dagbag.py:545} INFO - Filling up the DagBag from /home/airflow/.local/lib/python3.12/site-packages/airflow/example_dags/example_short_circuit_decorator.py
[2025-08-10T15:15:26.710+0000] {processor.py:840} INFO - DAG(s) 'example_short_circuit_decorator' retrieved from /home/airflow/.local/lib/python3.12/site-packages/airflow/example_dags/example_short_circuit_decorator.py
[2025-08-10T15:15:26.753+0000] {logging_mixin.py:188} INFO - [2025-08-10T15:15:26.752+0000] {dag.py:3096} INFO - Sync 1 DAGs
[2025-08-10T15:15:26.787+0000] {logging_mixin.py:188} INFO - [2025-08-10T15:15:26.787+0000] {dag.py:3954} INFO - Setting next_dagrun for example_short_circuit_decorator to 2025-08-09 00:00:00+00:00, run_after=2025-08-10 00:00:00+00:00
[2025-08-10T15:15:26.817+0000] {processor.py:183} INFO - Processing /home/airflow/.local/lib/python3.12/site-packages/airflow/example_dags/example_short_circuit_decorator.py took 0.142 seconds
[2025-08-10T15:15:57.129+0000] {processor.py:161} INFO - Started process (PID=2686) to work on /home/airflow/.local/lib/python3.12/site-packages/airflow/example_dags/example_short_circuit_decorator.py
[2025-08-10T15:15:57.131+0000] {processor.py:830} INFO - Processing file /home/airflow/.local/lib/python3.12/site-packages/airflow/example_dags/example_short_circuit_decorator.py for tasks to queue
[2025-08-10T15:15:57.133+0000] {logging_mixin.py:188} INFO - [2025-08-10T15:15:57.133+0000] {dagbag.py:545} INFO - Filling up the DagBag from /home/airflow/.local/lib/python3.12/site-packages/airflow/example_dags/example_short_circuit_decorator.py
[2025-08-10T15:15:57.157+0000] {processor.py:840} INFO - DAG(s) 'example_short_circuit_decorator' retrieved from /home/airflow/.local/lib/python3.12/site-packages/airflow/example_dags/example_short_circuit_decorator.py
[2025-08-10T15:15:57.198+0000] {logging_mixin.py:188} INFO - [2025-08-10T15:15:57.197+0000] {dag.py:3096} INFO - Sync 1 DAGs
[2025-08-10T15:15:57.235+0000] {logging_mixin.py:188} INFO - [2025-08-10T15:15:57.235+0000] {dag.py:3954} INFO - Setting next_dagrun for example_short_circuit_decorator to 2025-08-09 00:00:00+00:00, run_after=2025-08-10 00:00:00+00:00
[2025-08-10T15:15:57.267+0000] {processor.py:183} INFO - Processing /home/airflow/.local/lib/python3.12/site-packages/airflow/example_dags/example_short_circuit_decorator.py took 0.148 seconds
[2025-08-10T15:16:27.443+0000] {processor.py:161} INFO - Started process (PID=2746) to work on /home/airflow/.local/lib/python3.12/site-packages/airflow/example_dags/example_short_circuit_decorator.py
[2025-08-10T15:16:27.445+0000] {processor.py:830} INFO - Processing file /home/airflow/.local/lib/python3.12/site-packages/airflow/example_dags/example_short_circuit_decorator.py for tasks to queue
[2025-08-10T15:16:27.446+0000] {logging_mixin.py:188} INFO - [2025-08-10T15:16:27.446+0000] {dagbag.py:545} INFO - Filling up the DagBag from /home/airflow/.local/lib/python3.12/site-packages/airflow/example_dags/example_short_circuit_decorator.py
[2025-08-10T15:16:27.461+0000] {processor.py:840} INFO - DAG(s) 'example_short_circuit_decorator' retrieved from /home/airflow/.local/lib/python3.12/site-packages/airflow/example_dags/example_short_circuit_decorator.py
[2025-08-10T15:16:27.505+0000] {logging_mixin.py:188} INFO - [2025-08-10T15:16:27.505+0000] {dag.py:3096} INFO - Sync 1 DAGs
[2025-08-10T15:16:27.539+0000] {logging_mixin.py:188} INFO - [2025-08-10T15:16:27.539+0000] {dag.py:3954} INFO - Setting next_dagrun for example_short_circuit_decorator to 2025-08-09 00:00:00+00:00, run_after=2025-08-10 00:00:00+00:00
[2025-08-10T15:16:27.566+0000] {processor.py:183} INFO - Processing /home/airflow/.local/lib/python3.12/site-packages/airflow/example_dags/example_short_circuit_decorator.py took 0.133 seconds
