[2025-08-10T02:55:23.220+0000] {processor.py:161} INFO - Started process (PID=106) to work on /home/airflow/.local/lib/python3.12/site-packages/airflow/example_dags/example_params_ui_tutorial.py
[2025-08-10T02:55:23.222+0000] {processor.py:830} INFO - Processing file /home/airflow/.local/lib/python3.12/site-packages/airflow/example_dags/example_params_ui_tutorial.py for tasks to queue
[2025-08-10T02:55:23.225+0000] {logging_mixin.py:188} INFO - [2025-08-10T02:55:23.224+0000] {dagbag.py:545} INFO - Filling up the DagBag from /home/airflow/.local/lib/python3.12/site-packages/airflow/example_dags/example_params_ui_tutorial.py
[2025-08-10T02:55:23.246+0000] {processor.py:840} INFO - DAG(s) 'example_params_ui_tutorial' retrieved from /home/airflow/.local/lib/python3.12/site-packages/airflow/example_dags/example_params_ui_tutorial.py
[2025-08-10T02:55:23.548+0000] {logging_mixin.py:188} INFO - [2025-08-10T02:55:23.548+0000] {dag.py:3096} INFO - Sync 1 DAGs
[2025-08-10T02:55:23.565+0000] {logging_mixin.py:188} INFO - [2025-08-10T02:55:23.565+0000] {dag.py:3954} INFO - Setting next_dagrun for example_params_ui_tutorial to None, run_after=None
[2025-08-10T02:55:23.598+0000] {processor.py:183} INFO - Processing /home/airflow/.local/lib/python3.12/site-packages/airflow/example_dags/example_params_ui_tutorial.py took 0.388 seconds
[2025-08-10T02:55:53.858+0000] {processor.py:161} INFO - Started process (PID=168) to work on /home/airflow/.local/lib/python3.12/site-packages/airflow/example_dags/example_params_ui_tutorial.py
[2025-08-10T02:55:53.860+0000] {processor.py:830} INFO - Processing file /home/airflow/.local/lib/python3.12/site-packages/airflow/example_dags/example_params_ui_tutorial.py for tasks to queue
[2025-08-10T02:55:53.863+0000] {logging_mixin.py:188} INFO - [2025-08-10T02:55:53.863+0000] {dagbag.py:545} INFO - Filling up the DagBag from /home/airflow/.local/lib/python3.12/site-packages/airflow/example_dags/example_params_ui_tutorial.py
[2025-08-10T02:55:53.885+0000] {processor.py:840} INFO - DAG(s) 'example_params_ui_tutorial' retrieved from /home/airflow/.local/lib/python3.12/site-packages/airflow/example_dags/example_params_ui_tutorial.py
[2025-08-10T02:55:53.970+0000] {logging_mixin.py:188} INFO - [2025-08-10T02:55:53.969+0000] {dag.py:3096} INFO - Sync 1 DAGs
[2025-08-10T02:55:53.989+0000] {logging_mixin.py:188} INFO - [2025-08-10T02:55:53.989+0000] {dag.py:3954} INFO - Setting next_dagrun for example_params_ui_tutorial to None, run_after=None
[2025-08-10T02:55:54.017+0000] {processor.py:183} INFO - Processing /home/airflow/.local/lib/python3.12/site-packages/airflow/example_dags/example_params_ui_tutorial.py took 0.168 seconds
[2025-08-10T02:56:24.107+0000] {processor.py:161} INFO - Started process (PID=230) to work on /home/airflow/.local/lib/python3.12/site-packages/airflow/example_dags/example_params_ui_tutorial.py
[2025-08-10T02:56:24.109+0000] {processor.py:830} INFO - Processing file /home/airflow/.local/lib/python3.12/site-packages/airflow/example_dags/example_params_ui_tutorial.py for tasks to queue
[2025-08-10T02:56:24.112+0000] {logging_mixin.py:188} INFO - [2025-08-10T02:56:24.111+0000] {dagbag.py:545} INFO - Filling up the DagBag from /home/airflow/.local/lib/python3.12/site-packages/airflow/example_dags/example_params_ui_tutorial.py
[2025-08-10T02:56:24.132+0000] {processor.py:840} INFO - DAG(s) 'example_params_ui_tutorial' retrieved from /home/airflow/.local/lib/python3.12/site-packages/airflow/example_dags/example_params_ui_tutorial.py
[2025-08-10T02:56:24.214+0000] {logging_mixin.py:188} INFO - [2025-08-10T02:56:24.213+0000] {dag.py:3096} INFO - Sync 1 DAGs
[2025-08-10T02:56:24.231+0000] {logging_mixin.py:188} INFO - [2025-08-10T02:56:24.230+0000] {dag.py:3954} INFO - Setting next_dagrun for example_params_ui_tutorial to None, run_after=None
[2025-08-10T02:56:24.269+0000] {processor.py:183} INFO - Processing /home/airflow/.local/lib/python3.12/site-packages/airflow/example_dags/example_params_ui_tutorial.py took 0.173 seconds
[2025-08-10T02:56:55.006+0000] {processor.py:161} INFO - Started process (PID=292) to work on /home/airflow/.local/lib/python3.12/site-packages/airflow/example_dags/example_params_ui_tutorial.py
[2025-08-10T02:56:55.008+0000] {processor.py:830} INFO - Processing file /home/airflow/.local/lib/python3.12/site-packages/airflow/example_dags/example_params_ui_tutorial.py for tasks to queue
[2025-08-10T02:56:55.012+0000] {logging_mixin.py:188} INFO - [2025-08-10T02:56:55.011+0000] {dagbag.py:545} INFO - Filling up the DagBag from /home/airflow/.local/lib/python3.12/site-packages/airflow/example_dags/example_params_ui_tutorial.py
[2025-08-10T02:56:55.027+0000] {processor.py:840} INFO - DAG(s) 'example_params_ui_tutorial' retrieved from /home/airflow/.local/lib/python3.12/site-packages/airflow/example_dags/example_params_ui_tutorial.py
[2025-08-10T02:56:55.099+0000] {logging_mixin.py:188} INFO - [2025-08-10T02:56:55.098+0000] {dag.py:3096} INFO - Sync 1 DAGs
[2025-08-10T02:56:55.118+0000] {logging_mixin.py:188} INFO - [2025-08-10T02:56:55.118+0000] {dag.py:3954} INFO - Setting next_dagrun for example_params_ui_tutorial to None, run_after=None
[2025-08-10T02:56:55.147+0000] {processor.py:183} INFO - Processing /home/airflow/.local/lib/python3.12/site-packages/airflow/example_dags/example_params_ui_tutorial.py took 0.150 seconds
[2025-08-10T02:57:25.290+0000] {processor.py:161} INFO - Started process (PID=354) to work on /home/airflow/.local/lib/python3.12/site-packages/airflow/example_dags/example_params_ui_tutorial.py
[2025-08-10T02:57:25.292+0000] {processor.py:830} INFO - Processing file /home/airflow/.local/lib/python3.12/site-packages/airflow/example_dags/example_params_ui_tutorial.py for tasks to queue
[2025-08-10T02:57:25.295+0000] {logging_mixin.py:188} INFO - [2025-08-10T02:57:25.294+0000] {dagbag.py:545} INFO - Filling up the DagBag from /home/airflow/.local/lib/python3.12/site-packages/airflow/example_dags/example_params_ui_tutorial.py
[2025-08-10T02:57:25.315+0000] {processor.py:840} INFO - DAG(s) 'example_params_ui_tutorial' retrieved from /home/airflow/.local/lib/python3.12/site-packages/airflow/example_dags/example_params_ui_tutorial.py
[2025-08-10T02:57:25.386+0000] {logging_mixin.py:188} INFO - [2025-08-10T02:57:25.386+0000] {dag.py:3096} INFO - Sync 1 DAGs
[2025-08-10T02:57:25.404+0000] {logging_mixin.py:188} INFO - [2025-08-10T02:57:25.404+0000] {dag.py:3954} INFO - Setting next_dagrun for example_params_ui_tutorial to None, run_after=None
[2025-08-10T02:57:25.431+0000] {processor.py:183} INFO - Processing /home/airflow/.local/lib/python3.12/site-packages/airflow/example_dags/example_params_ui_tutorial.py took 0.150 seconds
[2025-08-10T02:57:56.351+0000] {processor.py:161} INFO - Started process (PID=417) to work on /home/airflow/.local/lib/python3.12/site-packages/airflow/example_dags/example_params_ui_tutorial.py
[2025-08-10T02:57:56.353+0000] {processor.py:830} INFO - Processing file /home/airflow/.local/lib/python3.12/site-packages/airflow/example_dags/example_params_ui_tutorial.py for tasks to queue
[2025-08-10T02:57:56.358+0000] {logging_mixin.py:188} INFO - [2025-08-10T02:57:56.357+0000] {dagbag.py:545} INFO - Filling up the DagBag from /home/airflow/.local/lib/python3.12/site-packages/airflow/example_dags/example_params_ui_tutorial.py
[2025-08-10T02:57:56.379+0000] {processor.py:840} INFO - DAG(s) 'example_params_ui_tutorial' retrieved from /home/airflow/.local/lib/python3.12/site-packages/airflow/example_dags/example_params_ui_tutorial.py
[2025-08-10T02:57:56.472+0000] {logging_mixin.py:188} INFO - [2025-08-10T02:57:56.472+0000] {dag.py:3096} INFO - Sync 1 DAGs
[2025-08-10T02:57:56.493+0000] {logging_mixin.py:188} INFO - [2025-08-10T02:57:56.493+0000] {dag.py:3954} INFO - Setting next_dagrun for example_params_ui_tutorial to None, run_after=None
[2025-08-10T02:57:56.522+0000] {processor.py:183} INFO - Processing /home/airflow/.local/lib/python3.12/site-packages/airflow/example_dags/example_params_ui_tutorial.py took 0.182 seconds
[2025-08-10T02:58:27.013+0000] {processor.py:161} INFO - Started process (PID=478) to work on /home/airflow/.local/lib/python3.12/site-packages/airflow/example_dags/example_params_ui_tutorial.py
[2025-08-10T02:58:27.015+0000] {processor.py:830} INFO - Processing file /home/airflow/.local/lib/python3.12/site-packages/airflow/example_dags/example_params_ui_tutorial.py for tasks to queue
[2025-08-10T02:58:27.019+0000] {logging_mixin.py:188} INFO - [2025-08-10T02:58:27.018+0000] {dagbag.py:545} INFO - Filling up the DagBag from /home/airflow/.local/lib/python3.12/site-packages/airflow/example_dags/example_params_ui_tutorial.py
[2025-08-10T02:58:27.040+0000] {processor.py:840} INFO - DAG(s) 'example_params_ui_tutorial' retrieved from /home/airflow/.local/lib/python3.12/site-packages/airflow/example_dags/example_params_ui_tutorial.py
[2025-08-10T02:58:27.127+0000] {logging_mixin.py:188} INFO - [2025-08-10T02:58:27.126+0000] {dag.py:3096} INFO - Sync 1 DAGs
[2025-08-10T02:58:27.152+0000] {logging_mixin.py:188} INFO - [2025-08-10T02:58:27.151+0000] {dag.py:3954} INFO - Setting next_dagrun for example_params_ui_tutorial to None, run_after=None
[2025-08-10T02:58:27.186+0000] {processor.py:183} INFO - Processing /home/airflow/.local/lib/python3.12/site-packages/airflow/example_dags/example_params_ui_tutorial.py took 0.183 seconds
[2025-08-10T02:58:57.653+0000] {processor.py:161} INFO - Started process (PID=540) to work on /home/airflow/.local/lib/python3.12/site-packages/airflow/example_dags/example_params_ui_tutorial.py
[2025-08-10T02:58:57.655+0000] {processor.py:830} INFO - Processing file /home/airflow/.local/lib/python3.12/site-packages/airflow/example_dags/example_params_ui_tutorial.py for tasks to queue
[2025-08-10T02:58:57.659+0000] {logging_mixin.py:188} INFO - [2025-08-10T02:58:57.658+0000] {dagbag.py:545} INFO - Filling up the DagBag from /home/airflow/.local/lib/python3.12/site-packages/airflow/example_dags/example_params_ui_tutorial.py
[2025-08-10T02:58:57.681+0000] {processor.py:840} INFO - DAG(s) 'example_params_ui_tutorial' retrieved from /home/airflow/.local/lib/python3.12/site-packages/airflow/example_dags/example_params_ui_tutorial.py
[2025-08-10T02:58:57.772+0000] {logging_mixin.py:188} INFO - [2025-08-10T02:58:57.772+0000] {dag.py:3096} INFO - Sync 1 DAGs
[2025-08-10T02:58:57.792+0000] {logging_mixin.py:188} INFO - [2025-08-10T02:58:57.792+0000] {dag.py:3954} INFO - Setting next_dagrun for example_params_ui_tutorial to None, run_after=None
[2025-08-10T02:58:57.824+0000] {processor.py:183} INFO - Processing /home/airflow/.local/lib/python3.12/site-packages/airflow/example_dags/example_params_ui_tutorial.py took 0.180 seconds
[2025-08-10T02:59:28.511+0000] {processor.py:161} INFO - Started process (PID=602) to work on /home/airflow/.local/lib/python3.12/site-packages/airflow/example_dags/example_params_ui_tutorial.py
[2025-08-10T02:59:28.512+0000] {processor.py:830} INFO - Processing file /home/airflow/.local/lib/python3.12/site-packages/airflow/example_dags/example_params_ui_tutorial.py for tasks to queue
[2025-08-10T02:59:28.516+0000] {logging_mixin.py:188} INFO - [2025-08-10T02:59:28.515+0000] {dagbag.py:545} INFO - Filling up the DagBag from /home/airflow/.local/lib/python3.12/site-packages/airflow/example_dags/example_params_ui_tutorial.py
[2025-08-10T02:59:28.533+0000] {processor.py:840} INFO - DAG(s) 'example_params_ui_tutorial' retrieved from /home/airflow/.local/lib/python3.12/site-packages/airflow/example_dags/example_params_ui_tutorial.py
[2025-08-10T02:59:28.605+0000] {logging_mixin.py:188} INFO - [2025-08-10T02:59:28.605+0000] {dag.py:3096} INFO - Sync 1 DAGs
[2025-08-10T02:59:28.626+0000] {logging_mixin.py:188} INFO - [2025-08-10T02:59:28.626+0000] {dag.py:3954} INFO - Setting next_dagrun for example_params_ui_tutorial to None, run_after=None
[2025-08-10T02:59:28.655+0000] {processor.py:183} INFO - Processing /home/airflow/.local/lib/python3.12/site-packages/airflow/example_dags/example_params_ui_tutorial.py took 0.152 seconds
[2025-08-10T02:59:59.417+0000] {processor.py:161} INFO - Started process (PID=664) to work on /home/airflow/.local/lib/python3.12/site-packages/airflow/example_dags/example_params_ui_tutorial.py
[2025-08-10T02:59:59.419+0000] {processor.py:830} INFO - Processing file /home/airflow/.local/lib/python3.12/site-packages/airflow/example_dags/example_params_ui_tutorial.py for tasks to queue
[2025-08-10T02:59:59.423+0000] {logging_mixin.py:188} INFO - [2025-08-10T02:59:59.422+0000] {dagbag.py:545} INFO - Filling up the DagBag from /home/airflow/.local/lib/python3.12/site-packages/airflow/example_dags/example_params_ui_tutorial.py
[2025-08-10T02:59:59.452+0000] {processor.py:840} INFO - DAG(s) 'example_params_ui_tutorial' retrieved from /home/airflow/.local/lib/python3.12/site-packages/airflow/example_dags/example_params_ui_tutorial.py
[2025-08-10T02:59:59.535+0000] {logging_mixin.py:188} INFO - [2025-08-10T02:59:59.535+0000] {dag.py:3096} INFO - Sync 1 DAGs
[2025-08-10T02:59:59.555+0000] {logging_mixin.py:188} INFO - [2025-08-10T02:59:59.554+0000] {dag.py:3954} INFO - Setting next_dagrun for example_params_ui_tutorial to None, run_after=None
[2025-08-10T02:59:59.583+0000] {processor.py:183} INFO - Processing /home/airflow/.local/lib/python3.12/site-packages/airflow/example_dags/example_params_ui_tutorial.py took 0.178 seconds
[2025-08-10T03:00:30.381+0000] {processor.py:161} INFO - Started process (PID=726) to work on /home/airflow/.local/lib/python3.12/site-packages/airflow/example_dags/example_params_ui_tutorial.py
[2025-08-10T03:00:30.383+0000] {processor.py:830} INFO - Processing file /home/airflow/.local/lib/python3.12/site-packages/airflow/example_dags/example_params_ui_tutorial.py for tasks to queue
[2025-08-10T03:00:30.387+0000] {logging_mixin.py:188} INFO - [2025-08-10T03:00:30.386+0000] {dagbag.py:545} INFO - Filling up the DagBag from /home/airflow/.local/lib/python3.12/site-packages/airflow/example_dags/example_params_ui_tutorial.py
[2025-08-10T03:00:30.413+0000] {processor.py:840} INFO - DAG(s) 'example_params_ui_tutorial' retrieved from /home/airflow/.local/lib/python3.12/site-packages/airflow/example_dags/example_params_ui_tutorial.py
[2025-08-10T03:00:30.508+0000] {logging_mixin.py:188} INFO - [2025-08-10T03:00:30.508+0000] {dag.py:3096} INFO - Sync 1 DAGs
[2025-08-10T03:00:30.528+0000] {logging_mixin.py:188} INFO - [2025-08-10T03:00:30.528+0000] {dag.py:3954} INFO - Setting next_dagrun for example_params_ui_tutorial to None, run_after=None
[2025-08-10T03:00:30.557+0000] {processor.py:183} INFO - Processing /home/airflow/.local/lib/python3.12/site-packages/airflow/example_dags/example_params_ui_tutorial.py took 0.188 seconds
[2025-08-10T03:01:01.694+0000] {processor.py:161} INFO - Started process (PID=789) to work on /home/airflow/.local/lib/python3.12/site-packages/airflow/example_dags/example_params_ui_tutorial.py
[2025-08-10T03:01:01.696+0000] {processor.py:830} INFO - Processing file /home/airflow/.local/lib/python3.12/site-packages/airflow/example_dags/example_params_ui_tutorial.py for tasks to queue
[2025-08-10T03:01:01.700+0000] {logging_mixin.py:188} INFO - [2025-08-10T03:01:01.699+0000] {dagbag.py:545} INFO - Filling up the DagBag from /home/airflow/.local/lib/python3.12/site-packages/airflow/example_dags/example_params_ui_tutorial.py
[2025-08-10T03:01:01.718+0000] {processor.py:840} INFO - DAG(s) 'example_params_ui_tutorial' retrieved from /home/airflow/.local/lib/python3.12/site-packages/airflow/example_dags/example_params_ui_tutorial.py
[2025-08-10T03:01:01.788+0000] {logging_mixin.py:188} INFO - [2025-08-10T03:01:01.788+0000] {dag.py:3096} INFO - Sync 1 DAGs
[2025-08-10T03:01:01.806+0000] {logging_mixin.py:188} INFO - [2025-08-10T03:01:01.806+0000] {dag.py:3954} INFO - Setting next_dagrun for example_params_ui_tutorial to None, run_after=None
[2025-08-10T03:01:01.837+0000] {processor.py:183} INFO - Processing /home/airflow/.local/lib/python3.12/site-packages/airflow/example_dags/example_params_ui_tutorial.py took 0.153 seconds
[2025-08-10T03:01:32.314+0000] {processor.py:161} INFO - Started process (PID=851) to work on /home/airflow/.local/lib/python3.12/site-packages/airflow/example_dags/example_params_ui_tutorial.py
[2025-08-10T03:01:32.316+0000] {processor.py:830} INFO - Processing file /home/airflow/.local/lib/python3.12/site-packages/airflow/example_dags/example_params_ui_tutorial.py for tasks to queue
[2025-08-10T03:01:32.319+0000] {logging_mixin.py:188} INFO - [2025-08-10T03:01:32.319+0000] {dagbag.py:545} INFO - Filling up the DagBag from /home/airflow/.local/lib/python3.12/site-packages/airflow/example_dags/example_params_ui_tutorial.py
[2025-08-10T03:01:32.335+0000] {processor.py:840} INFO - DAG(s) 'example_params_ui_tutorial' retrieved from /home/airflow/.local/lib/python3.12/site-packages/airflow/example_dags/example_params_ui_tutorial.py
[2025-08-10T03:01:32.412+0000] {logging_mixin.py:188} INFO - [2025-08-10T03:01:32.411+0000] {dag.py:3096} INFO - Sync 1 DAGs
[2025-08-10T03:01:32.433+0000] {logging_mixin.py:188} INFO - [2025-08-10T03:01:32.432+0000] {dag.py:3954} INFO - Setting next_dagrun for example_params_ui_tutorial to None, run_after=None
[2025-08-10T03:01:32.461+0000] {processor.py:183} INFO - Processing /home/airflow/.local/lib/python3.12/site-packages/airflow/example_dags/example_params_ui_tutorial.py took 0.155 seconds
[2025-08-10T03:02:03.722+0000] {processor.py:161} INFO - Started process (PID=913) to work on /home/airflow/.local/lib/python3.12/site-packages/airflow/example_dags/example_params_ui_tutorial.py
[2025-08-10T03:02:03.724+0000] {processor.py:830} INFO - Processing file /home/airflow/.local/lib/python3.12/site-packages/airflow/example_dags/example_params_ui_tutorial.py for tasks to queue
[2025-08-10T03:02:03.727+0000] {logging_mixin.py:188} INFO - [2025-08-10T03:02:03.726+0000] {dagbag.py:545} INFO - Filling up the DagBag from /home/airflow/.local/lib/python3.12/site-packages/airflow/example_dags/example_params_ui_tutorial.py
[2025-08-10T03:02:03.744+0000] {processor.py:840} INFO - DAG(s) 'example_params_ui_tutorial' retrieved from /home/airflow/.local/lib/python3.12/site-packages/airflow/example_dags/example_params_ui_tutorial.py
[2025-08-10T03:02:03.833+0000] {logging_mixin.py:188} INFO - [2025-08-10T03:02:03.832+0000] {dag.py:3096} INFO - Sync 1 DAGs
[2025-08-10T03:02:03.855+0000] {logging_mixin.py:188} INFO - [2025-08-10T03:02:03.854+0000] {dag.py:3954} INFO - Setting next_dagrun for example_params_ui_tutorial to None, run_after=None
[2025-08-10T03:02:03.889+0000] {processor.py:183} INFO - Processing /home/airflow/.local/lib/python3.12/site-packages/airflow/example_dags/example_params_ui_tutorial.py took 0.175 seconds
[2025-08-10T03:02:34.503+0000] {processor.py:161} INFO - Started process (PID=975) to work on /home/airflow/.local/lib/python3.12/site-packages/airflow/example_dags/example_params_ui_tutorial.py
[2025-08-10T03:02:34.505+0000] {processor.py:830} INFO - Processing file /home/airflow/.local/lib/python3.12/site-packages/airflow/example_dags/example_params_ui_tutorial.py for tasks to queue
[2025-08-10T03:02:34.508+0000] {logging_mixin.py:188} INFO - [2025-08-10T03:02:34.507+0000] {dagbag.py:545} INFO - Filling up the DagBag from /home/airflow/.local/lib/python3.12/site-packages/airflow/example_dags/example_params_ui_tutorial.py
[2025-08-10T03:02:34.537+0000] {processor.py:840} INFO - DAG(s) 'example_params_ui_tutorial' retrieved from /home/airflow/.local/lib/python3.12/site-packages/airflow/example_dags/example_params_ui_tutorial.py
[2025-08-10T03:02:34.641+0000] {logging_mixin.py:188} INFO - [2025-08-10T03:02:34.640+0000] {dag.py:3096} INFO - Sync 1 DAGs
[2025-08-10T03:02:34.663+0000] {logging_mixin.py:188} INFO - [2025-08-10T03:02:34.663+0000] {dag.py:3954} INFO - Setting next_dagrun for example_params_ui_tutorial to None, run_after=None
[2025-08-10T03:02:34.699+0000] {processor.py:183} INFO - Processing /home/airflow/.local/lib/python3.12/site-packages/airflow/example_dags/example_params_ui_tutorial.py took 0.209 seconds
[2025-08-10T03:03:05.617+0000] {processor.py:161} INFO - Started process (PID=1038) to work on /home/airflow/.local/lib/python3.12/site-packages/airflow/example_dags/example_params_ui_tutorial.py
[2025-08-10T03:03:05.619+0000] {processor.py:830} INFO - Processing file /home/airflow/.local/lib/python3.12/site-packages/airflow/example_dags/example_params_ui_tutorial.py for tasks to queue
[2025-08-10T03:03:05.621+0000] {logging_mixin.py:188} INFO - [2025-08-10T03:03:05.620+0000] {dagbag.py:545} INFO - Filling up the DagBag from /home/airflow/.local/lib/python3.12/site-packages/airflow/example_dags/example_params_ui_tutorial.py
[2025-08-10T03:03:05.642+0000] {processor.py:840} INFO - DAG(s) 'example_params_ui_tutorial' retrieved from /home/airflow/.local/lib/python3.12/site-packages/airflow/example_dags/example_params_ui_tutorial.py
[2025-08-10T03:03:05.726+0000] {logging_mixin.py:188} INFO - [2025-08-10T03:03:05.725+0000] {dag.py:3096} INFO - Sync 1 DAGs
[2025-08-10T03:03:05.744+0000] {logging_mixin.py:188} INFO - [2025-08-10T03:03:05.744+0000] {dag.py:3954} INFO - Setting next_dagrun for example_params_ui_tutorial to None, run_after=None
[2025-08-10T03:03:05.782+0000] {processor.py:183} INFO - Processing /home/airflow/.local/lib/python3.12/site-packages/airflow/example_dags/example_params_ui_tutorial.py took 0.176 seconds
[2025-08-10T03:03:36.333+0000] {processor.py:161} INFO - Started process (PID=1100) to work on /home/airflow/.local/lib/python3.12/site-packages/airflow/example_dags/example_params_ui_tutorial.py
[2025-08-10T03:03:36.334+0000] {processor.py:830} INFO - Processing file /home/airflow/.local/lib/python3.12/site-packages/airflow/example_dags/example_params_ui_tutorial.py for tasks to queue
[2025-08-10T03:03:36.336+0000] {logging_mixin.py:188} INFO - [2025-08-10T03:03:36.335+0000] {dagbag.py:545} INFO - Filling up the DagBag from /home/airflow/.local/lib/python3.12/site-packages/airflow/example_dags/example_params_ui_tutorial.py
[2025-08-10T03:03:36.353+0000] {processor.py:840} INFO - DAG(s) 'example_params_ui_tutorial' retrieved from /home/airflow/.local/lib/python3.12/site-packages/airflow/example_dags/example_params_ui_tutorial.py
[2025-08-10T03:03:36.430+0000] {logging_mixin.py:188} INFO - [2025-08-10T03:03:36.430+0000] {dag.py:3096} INFO - Sync 1 DAGs
[2025-08-10T03:03:36.449+0000] {logging_mixin.py:188} INFO - [2025-08-10T03:03:36.448+0000] {dag.py:3954} INFO - Setting next_dagrun for example_params_ui_tutorial to None, run_after=None
[2025-08-10T03:03:36.489+0000] {processor.py:183} INFO - Processing /home/airflow/.local/lib/python3.12/site-packages/airflow/example_dags/example_params_ui_tutorial.py took 0.165 seconds
[2025-08-10T03:04:06.737+0000] {processor.py:161} INFO - Started process (PID=1162) to work on /home/airflow/.local/lib/python3.12/site-packages/airflow/example_dags/example_params_ui_tutorial.py
[2025-08-10T03:04:06.738+0000] {processor.py:830} INFO - Processing file /home/airflow/.local/lib/python3.12/site-packages/airflow/example_dags/example_params_ui_tutorial.py for tasks to queue
[2025-08-10T03:04:06.740+0000] {logging_mixin.py:188} INFO - [2025-08-10T03:04:06.740+0000] {dagbag.py:545} INFO - Filling up the DagBag from /home/airflow/.local/lib/python3.12/site-packages/airflow/example_dags/example_params_ui_tutorial.py
[2025-08-10T03:04:06.758+0000] {processor.py:840} INFO - DAG(s) 'example_params_ui_tutorial' retrieved from /home/airflow/.local/lib/python3.12/site-packages/airflow/example_dags/example_params_ui_tutorial.py
[2025-08-10T03:04:06.841+0000] {logging_mixin.py:188} INFO - [2025-08-10T03:04:06.841+0000] {dag.py:3096} INFO - Sync 1 DAGs
[2025-08-10T03:04:06.860+0000] {logging_mixin.py:188} INFO - [2025-08-10T03:04:06.860+0000] {dag.py:3954} INFO - Setting next_dagrun for example_params_ui_tutorial to None, run_after=None
[2025-08-10T03:04:06.892+0000] {processor.py:183} INFO - Processing /home/airflow/.local/lib/python3.12/site-packages/airflow/example_dags/example_params_ui_tutorial.py took 0.164 seconds
[2025-08-10T03:04:37.845+0000] {processor.py:161} INFO - Started process (PID=1224) to work on /home/airflow/.local/lib/python3.12/site-packages/airflow/example_dags/example_params_ui_tutorial.py
[2025-08-10T03:04:37.848+0000] {processor.py:830} INFO - Processing file /home/airflow/.local/lib/python3.12/site-packages/airflow/example_dags/example_params_ui_tutorial.py for tasks to queue
[2025-08-10T03:04:37.849+0000] {logging_mixin.py:188} INFO - [2025-08-10T03:04:37.849+0000] {dagbag.py:545} INFO - Filling up the DagBag from /home/airflow/.local/lib/python3.12/site-packages/airflow/example_dags/example_params_ui_tutorial.py
[2025-08-10T03:04:37.868+0000] {processor.py:840} INFO - DAG(s) 'example_params_ui_tutorial' retrieved from /home/airflow/.local/lib/python3.12/site-packages/airflow/example_dags/example_params_ui_tutorial.py
[2025-08-10T03:04:37.945+0000] {logging_mixin.py:188} INFO - [2025-08-10T03:04:37.945+0000] {dag.py:3096} INFO - Sync 1 DAGs
[2025-08-10T03:04:37.963+0000] {logging_mixin.py:188} INFO - [2025-08-10T03:04:37.963+0000] {dag.py:3954} INFO - Setting next_dagrun for example_params_ui_tutorial to None, run_after=None
[2025-08-10T03:04:37.993+0000] {processor.py:183} INFO - Processing /home/airflow/.local/lib/python3.12/site-packages/airflow/example_dags/example_params_ui_tutorial.py took 0.158 seconds
[2025-08-10T03:05:08.854+0000] {processor.py:161} INFO - Started process (PID=1286) to work on /home/airflow/.local/lib/python3.12/site-packages/airflow/example_dags/example_params_ui_tutorial.py
[2025-08-10T03:05:08.857+0000] {processor.py:830} INFO - Processing file /home/airflow/.local/lib/python3.12/site-packages/airflow/example_dags/example_params_ui_tutorial.py for tasks to queue
[2025-08-10T03:05:08.859+0000] {logging_mixin.py:188} INFO - [2025-08-10T03:05:08.858+0000] {dagbag.py:545} INFO - Filling up the DagBag from /home/airflow/.local/lib/python3.12/site-packages/airflow/example_dags/example_params_ui_tutorial.py
[2025-08-10T03:05:08.883+0000] {processor.py:840} INFO - DAG(s) 'example_params_ui_tutorial' retrieved from /home/airflow/.local/lib/python3.12/site-packages/airflow/example_dags/example_params_ui_tutorial.py
[2025-08-10T03:05:08.977+0000] {logging_mixin.py:188} INFO - [2025-08-10T03:05:08.977+0000] {dag.py:3096} INFO - Sync 1 DAGs
[2025-08-10T03:05:08.997+0000] {logging_mixin.py:188} INFO - [2025-08-10T03:05:08.997+0000] {dag.py:3954} INFO - Setting next_dagrun for example_params_ui_tutorial to None, run_after=None
[2025-08-10T03:05:09.039+0000] {processor.py:183} INFO - Processing /home/airflow/.local/lib/python3.12/site-packages/airflow/example_dags/example_params_ui_tutorial.py took 0.196 seconds
[2025-08-10T03:05:39.423+0000] {processor.py:161} INFO - Started process (PID=1349) to work on /home/airflow/.local/lib/python3.12/site-packages/airflow/example_dags/example_params_ui_tutorial.py
[2025-08-10T03:05:39.425+0000] {processor.py:830} INFO - Processing file /home/airflow/.local/lib/python3.12/site-packages/airflow/example_dags/example_params_ui_tutorial.py for tasks to queue
[2025-08-10T03:05:39.427+0000] {logging_mixin.py:188} INFO - [2025-08-10T03:05:39.426+0000] {dagbag.py:545} INFO - Filling up the DagBag from /home/airflow/.local/lib/python3.12/site-packages/airflow/example_dags/example_params_ui_tutorial.py
[2025-08-10T03:05:39.448+0000] {processor.py:840} INFO - DAG(s) 'example_params_ui_tutorial' retrieved from /home/airflow/.local/lib/python3.12/site-packages/airflow/example_dags/example_params_ui_tutorial.py
[2025-08-10T03:05:39.535+0000] {logging_mixin.py:188} INFO - [2025-08-10T03:05:39.534+0000] {dag.py:3096} INFO - Sync 1 DAGs
[2025-08-10T03:05:39.565+0000] {logging_mixin.py:188} INFO - [2025-08-10T03:05:39.564+0000] {dag.py:3954} INFO - Setting next_dagrun for example_params_ui_tutorial to None, run_after=None
[2025-08-10T03:05:39.610+0000] {processor.py:183} INFO - Processing /home/airflow/.local/lib/python3.12/site-packages/airflow/example_dags/example_params_ui_tutorial.py took 0.199 seconds
[2025-08-10T03:06:09.889+0000] {processor.py:161} INFO - Started process (PID=1411) to work on /home/airflow/.local/lib/python3.12/site-packages/airflow/example_dags/example_params_ui_tutorial.py
[2025-08-10T03:06:09.890+0000] {processor.py:830} INFO - Processing file /home/airflow/.local/lib/python3.12/site-packages/airflow/example_dags/example_params_ui_tutorial.py for tasks to queue
[2025-08-10T03:06:09.892+0000] {logging_mixin.py:188} INFO - [2025-08-10T03:06:09.892+0000] {dagbag.py:545} INFO - Filling up the DagBag from /home/airflow/.local/lib/python3.12/site-packages/airflow/example_dags/example_params_ui_tutorial.py
[2025-08-10T03:06:09.913+0000] {processor.py:840} INFO - DAG(s) 'example_params_ui_tutorial' retrieved from /home/airflow/.local/lib/python3.12/site-packages/airflow/example_dags/example_params_ui_tutorial.py
[2025-08-10T03:06:09.998+0000] {logging_mixin.py:188} INFO - [2025-08-10T03:06:09.998+0000] {dag.py:3096} INFO - Sync 1 DAGs
[2025-08-10T03:06:10.017+0000] {logging_mixin.py:188} INFO - [2025-08-10T03:06:10.017+0000] {dag.py:3954} INFO - Setting next_dagrun for example_params_ui_tutorial to None, run_after=None
[2025-08-10T03:06:10.047+0000] {processor.py:183} INFO - Processing /home/airflow/.local/lib/python3.12/site-packages/airflow/example_dags/example_params_ui_tutorial.py took 0.168 seconds
[2025-08-10T03:06:40.657+0000] {processor.py:161} INFO - Started process (PID=1473) to work on /home/airflow/.local/lib/python3.12/site-packages/airflow/example_dags/example_params_ui_tutorial.py
[2025-08-10T03:06:40.659+0000] {processor.py:830} INFO - Processing file /home/airflow/.local/lib/python3.12/site-packages/airflow/example_dags/example_params_ui_tutorial.py for tasks to queue
[2025-08-10T03:06:40.660+0000] {logging_mixin.py:188} INFO - [2025-08-10T03:06:40.660+0000] {dagbag.py:545} INFO - Filling up the DagBag from /home/airflow/.local/lib/python3.12/site-packages/airflow/example_dags/example_params_ui_tutorial.py
[2025-08-10T03:06:40.682+0000] {processor.py:840} INFO - DAG(s) 'example_params_ui_tutorial' retrieved from /home/airflow/.local/lib/python3.12/site-packages/airflow/example_dags/example_params_ui_tutorial.py
[2025-08-10T03:06:40.799+0000] {logging_mixin.py:188} INFO - [2025-08-10T03:06:40.798+0000] {dag.py:3096} INFO - Sync 1 DAGs
[2025-08-10T03:06:40.821+0000] {logging_mixin.py:188} INFO - [2025-08-10T03:06:40.820+0000] {dag.py:3954} INFO - Setting next_dagrun for example_params_ui_tutorial to None, run_after=None
[2025-08-10T03:06:40.856+0000] {processor.py:183} INFO - Processing /home/airflow/.local/lib/python3.12/site-packages/airflow/example_dags/example_params_ui_tutorial.py took 0.209 seconds
[2025-08-10T03:17:49.960+0000] {processor.py:161} INFO - Started process (PID=1552) to work on /home/airflow/.local/lib/python3.12/site-packages/airflow/example_dags/example_params_ui_tutorial.py
[2025-08-10T03:17:49.962+0000] {processor.py:830} INFO - Processing file /home/airflow/.local/lib/python3.12/site-packages/airflow/example_dags/example_params_ui_tutorial.py for tasks to queue
[2025-08-10T03:17:49.963+0000] {logging_mixin.py:188} INFO - [2025-08-10T03:17:49.963+0000] {dagbag.py:545} INFO - Filling up the DagBag from /home/airflow/.local/lib/python3.12/site-packages/airflow/example_dags/example_params_ui_tutorial.py
[2025-08-10T03:17:49.981+0000] {processor.py:840} INFO - DAG(s) 'example_params_ui_tutorial' retrieved from /home/airflow/.local/lib/python3.12/site-packages/airflow/example_dags/example_params_ui_tutorial.py
[2025-08-10T03:17:50.068+0000] {logging_mixin.py:188} INFO - [2025-08-10T03:17:50.068+0000] {dag.py:3096} INFO - Sync 1 DAGs
[2025-08-10T03:17:50.086+0000] {logging_mixin.py:188} INFO - [2025-08-10T03:17:50.086+0000] {dag.py:3954} INFO - Setting next_dagrun for example_params_ui_tutorial to None, run_after=None
[2025-08-10T03:17:50.118+0000] {processor.py:183} INFO - Processing /home/airflow/.local/lib/python3.12/site-packages/airflow/example_dags/example_params_ui_tutorial.py took 0.167 seconds
[2025-08-10T03:18:21.048+0000] {processor.py:161} INFO - Started process (PID=1614) to work on /home/airflow/.local/lib/python3.12/site-packages/airflow/example_dags/example_params_ui_tutorial.py
[2025-08-10T03:18:21.050+0000] {processor.py:830} INFO - Processing file /home/airflow/.local/lib/python3.12/site-packages/airflow/example_dags/example_params_ui_tutorial.py for tasks to queue
[2025-08-10T03:18:21.052+0000] {logging_mixin.py:188} INFO - [2025-08-10T03:18:21.051+0000] {dagbag.py:545} INFO - Filling up the DagBag from /home/airflow/.local/lib/python3.12/site-packages/airflow/example_dags/example_params_ui_tutorial.py
[2025-08-10T03:18:21.071+0000] {processor.py:840} INFO - DAG(s) 'example_params_ui_tutorial' retrieved from /home/airflow/.local/lib/python3.12/site-packages/airflow/example_dags/example_params_ui_tutorial.py
[2025-08-10T03:18:21.147+0000] {logging_mixin.py:188} INFO - [2025-08-10T03:18:21.146+0000] {dag.py:3096} INFO - Sync 1 DAGs
[2025-08-10T03:18:21.165+0000] {logging_mixin.py:188} INFO - [2025-08-10T03:18:21.165+0000] {dag.py:3954} INFO - Setting next_dagrun for example_params_ui_tutorial to None, run_after=None
[2025-08-10T03:18:21.197+0000] {processor.py:183} INFO - Processing /home/airflow/.local/lib/python3.12/site-packages/airflow/example_dags/example_params_ui_tutorial.py took 0.158 seconds
[2025-08-10T03:18:51.367+0000] {processor.py:161} INFO - Started process (PID=1677) to work on /home/airflow/.local/lib/python3.12/site-packages/airflow/example_dags/example_params_ui_tutorial.py
[2025-08-10T03:18:51.369+0000] {processor.py:830} INFO - Processing file /home/airflow/.local/lib/python3.12/site-packages/airflow/example_dags/example_params_ui_tutorial.py for tasks to queue
[2025-08-10T03:18:51.370+0000] {logging_mixin.py:188} INFO - [2025-08-10T03:18:51.370+0000] {dagbag.py:545} INFO - Filling up the DagBag from /home/airflow/.local/lib/python3.12/site-packages/airflow/example_dags/example_params_ui_tutorial.py
[2025-08-10T03:18:51.393+0000] {processor.py:840} INFO - DAG(s) 'example_params_ui_tutorial' retrieved from /home/airflow/.local/lib/python3.12/site-packages/airflow/example_dags/example_params_ui_tutorial.py
[2025-08-10T03:18:51.478+0000] {logging_mixin.py:188} INFO - [2025-08-10T03:18:51.478+0000] {dag.py:3096} INFO - Sync 1 DAGs
[2025-08-10T03:18:51.497+0000] {logging_mixin.py:188} INFO - [2025-08-10T03:18:51.497+0000] {dag.py:3954} INFO - Setting next_dagrun for example_params_ui_tutorial to None, run_after=None
[2025-08-10T03:18:51.526+0000] {processor.py:183} INFO - Processing /home/airflow/.local/lib/python3.12/site-packages/airflow/example_dags/example_params_ui_tutorial.py took 0.169 seconds
[2025-08-10T03:19:23.063+0000] {processor.py:161} INFO - Started process (PID=1739) to work on /home/airflow/.local/lib/python3.12/site-packages/airflow/example_dags/example_params_ui_tutorial.py
[2025-08-10T03:19:23.065+0000] {processor.py:830} INFO - Processing file /home/airflow/.local/lib/python3.12/site-packages/airflow/example_dags/example_params_ui_tutorial.py for tasks to queue
[2025-08-10T03:19:23.066+0000] {logging_mixin.py:188} INFO - [2025-08-10T03:19:23.066+0000] {dagbag.py:545} INFO - Filling up the DagBag from /home/airflow/.local/lib/python3.12/site-packages/airflow/example_dags/example_params_ui_tutorial.py
[2025-08-10T03:19:23.090+0000] {processor.py:840} INFO - DAG(s) 'example_params_ui_tutorial' retrieved from /home/airflow/.local/lib/python3.12/site-packages/airflow/example_dags/example_params_ui_tutorial.py
[2025-08-10T03:19:23.169+0000] {logging_mixin.py:188} INFO - [2025-08-10T03:19:23.169+0000] {dag.py:3096} INFO - Sync 1 DAGs
[2025-08-10T03:19:23.187+0000] {logging_mixin.py:188} INFO - [2025-08-10T03:19:23.186+0000] {dag.py:3954} INFO - Setting next_dagrun for example_params_ui_tutorial to None, run_after=None
[2025-08-10T03:19:23.214+0000] {processor.py:183} INFO - Processing /home/airflow/.local/lib/python3.12/site-packages/airflow/example_dags/example_params_ui_tutorial.py took 0.159 seconds
[2025-08-10T03:19:54.003+0000] {processor.py:161} INFO - Started process (PID=1808) to work on /home/airflow/.local/lib/python3.12/site-packages/airflow/example_dags/example_params_ui_tutorial.py
[2025-08-10T03:19:54.005+0000] {processor.py:830} INFO - Processing file /home/airflow/.local/lib/python3.12/site-packages/airflow/example_dags/example_params_ui_tutorial.py for tasks to queue
[2025-08-10T03:19:54.007+0000] {logging_mixin.py:188} INFO - [2025-08-10T03:19:54.006+0000] {dagbag.py:545} INFO - Filling up the DagBag from /home/airflow/.local/lib/python3.12/site-packages/airflow/example_dags/example_params_ui_tutorial.py
[2025-08-10T03:19:54.026+0000] {processor.py:840} INFO - DAG(s) 'example_params_ui_tutorial' retrieved from /home/airflow/.local/lib/python3.12/site-packages/airflow/example_dags/example_params_ui_tutorial.py
[2025-08-10T03:19:54.105+0000] {logging_mixin.py:188} INFO - [2025-08-10T03:19:54.105+0000] {dag.py:3096} INFO - Sync 1 DAGs
[2025-08-10T03:19:54.125+0000] {logging_mixin.py:188} INFO - [2025-08-10T03:19:54.125+0000] {dag.py:3954} INFO - Setting next_dagrun for example_params_ui_tutorial to None, run_after=None
[2025-08-10T03:19:54.155+0000] {processor.py:183} INFO - Processing /home/airflow/.local/lib/python3.12/site-packages/airflow/example_dags/example_params_ui_tutorial.py took 0.163 seconds
[2025-08-10T03:20:24.995+0000] {processor.py:161} INFO - Started process (PID=1870) to work on /home/airflow/.local/lib/python3.12/site-packages/airflow/example_dags/example_params_ui_tutorial.py
[2025-08-10T03:20:24.997+0000] {processor.py:830} INFO - Processing file /home/airflow/.local/lib/python3.12/site-packages/airflow/example_dags/example_params_ui_tutorial.py for tasks to queue
[2025-08-10T03:20:24.998+0000] {logging_mixin.py:188} INFO - [2025-08-10T03:20:24.998+0000] {dagbag.py:545} INFO - Filling up the DagBag from /home/airflow/.local/lib/python3.12/site-packages/airflow/example_dags/example_params_ui_tutorial.py
[2025-08-10T03:20:25.018+0000] {processor.py:840} INFO - DAG(s) 'example_params_ui_tutorial' retrieved from /home/airflow/.local/lib/python3.12/site-packages/airflow/example_dags/example_params_ui_tutorial.py
[2025-08-10T03:20:25.106+0000] {logging_mixin.py:188} INFO - [2025-08-10T03:20:25.104+0000] {dag.py:3096} INFO - Sync 1 DAGs
[2025-08-10T03:20:25.129+0000] {logging_mixin.py:188} INFO - [2025-08-10T03:20:25.128+0000] {dag.py:3954} INFO - Setting next_dagrun for example_params_ui_tutorial to None, run_after=None
[2025-08-10T03:20:25.166+0000] {processor.py:183} INFO - Processing /home/airflow/.local/lib/python3.12/site-packages/airflow/example_dags/example_params_ui_tutorial.py took 0.183 seconds
[2025-08-10T03:20:55.807+0000] {processor.py:161} INFO - Started process (PID=1932) to work on /home/airflow/.local/lib/python3.12/site-packages/airflow/example_dags/example_params_ui_tutorial.py
[2025-08-10T03:20:55.809+0000] {processor.py:830} INFO - Processing file /home/airflow/.local/lib/python3.12/site-packages/airflow/example_dags/example_params_ui_tutorial.py for tasks to queue
[2025-08-10T03:20:55.811+0000] {logging_mixin.py:188} INFO - [2025-08-10T03:20:55.810+0000] {dagbag.py:545} INFO - Filling up the DagBag from /home/airflow/.local/lib/python3.12/site-packages/airflow/example_dags/example_params_ui_tutorial.py
[2025-08-10T03:20:55.834+0000] {processor.py:840} INFO - DAG(s) 'example_params_ui_tutorial' retrieved from /home/airflow/.local/lib/python3.12/site-packages/airflow/example_dags/example_params_ui_tutorial.py
[2025-08-10T03:20:55.924+0000] {logging_mixin.py:188} INFO - [2025-08-10T03:20:55.924+0000] {dag.py:3096} INFO - Sync 1 DAGs
[2025-08-10T03:20:55.948+0000] {logging_mixin.py:188} INFO - [2025-08-10T03:20:55.947+0000] {dag.py:3954} INFO - Setting next_dagrun for example_params_ui_tutorial to None, run_after=None
[2025-08-10T03:20:55.977+0000] {processor.py:183} INFO - Processing /home/airflow/.local/lib/python3.12/site-packages/airflow/example_dags/example_params_ui_tutorial.py took 0.179 seconds
[2025-08-10T03:21:26.542+0000] {processor.py:161} INFO - Started process (PID=1994) to work on /home/airflow/.local/lib/python3.12/site-packages/airflow/example_dags/example_params_ui_tutorial.py
[2025-08-10T03:21:26.544+0000] {processor.py:830} INFO - Processing file /home/airflow/.local/lib/python3.12/site-packages/airflow/example_dags/example_params_ui_tutorial.py for tasks to queue
[2025-08-10T03:21:26.545+0000] {logging_mixin.py:188} INFO - [2025-08-10T03:21:26.545+0000] {dagbag.py:545} INFO - Filling up the DagBag from /home/airflow/.local/lib/python3.12/site-packages/airflow/example_dags/example_params_ui_tutorial.py
[2025-08-10T03:21:26.565+0000] {processor.py:840} INFO - DAG(s) 'example_params_ui_tutorial' retrieved from /home/airflow/.local/lib/python3.12/site-packages/airflow/example_dags/example_params_ui_tutorial.py
[2025-08-10T03:21:26.638+0000] {logging_mixin.py:188} INFO - [2025-08-10T03:21:26.637+0000] {dag.py:3096} INFO - Sync 1 DAGs
[2025-08-10T03:21:26.656+0000] {logging_mixin.py:188} INFO - [2025-08-10T03:21:26.656+0000] {dag.py:3954} INFO - Setting next_dagrun for example_params_ui_tutorial to None, run_after=None
[2025-08-10T03:21:26.682+0000] {processor.py:183} INFO - Processing /home/airflow/.local/lib/python3.12/site-packages/airflow/example_dags/example_params_ui_tutorial.py took 0.149 seconds
[2025-08-10T03:21:57.923+0000] {processor.py:161} INFO - Started process (PID=2056) to work on /home/airflow/.local/lib/python3.12/site-packages/airflow/example_dags/example_params_ui_tutorial.py
[2025-08-10T03:21:57.925+0000] {processor.py:830} INFO - Processing file /home/airflow/.local/lib/python3.12/site-packages/airflow/example_dags/example_params_ui_tutorial.py for tasks to queue
[2025-08-10T03:21:57.927+0000] {logging_mixin.py:188} INFO - [2025-08-10T03:21:57.926+0000] {dagbag.py:545} INFO - Filling up the DagBag from /home/airflow/.local/lib/python3.12/site-packages/airflow/example_dags/example_params_ui_tutorial.py
[2025-08-10T03:21:57.946+0000] {processor.py:840} INFO - DAG(s) 'example_params_ui_tutorial' retrieved from /home/airflow/.local/lib/python3.12/site-packages/airflow/example_dags/example_params_ui_tutorial.py
[2025-08-10T03:21:58.022+0000] {logging_mixin.py:188} INFO - [2025-08-10T03:21:58.021+0000] {dag.py:3096} INFO - Sync 1 DAGs
[2025-08-10T03:21:58.040+0000] {logging_mixin.py:188} INFO - [2025-08-10T03:21:58.039+0000] {dag.py:3954} INFO - Setting next_dagrun for example_params_ui_tutorial to None, run_after=None
[2025-08-10T03:21:58.066+0000] {processor.py:183} INFO - Processing /home/airflow/.local/lib/python3.12/site-packages/airflow/example_dags/example_params_ui_tutorial.py took 0.152 seconds
[2025-08-10T03:22:28.276+0000] {processor.py:161} INFO - Started process (PID=2118) to work on /home/airflow/.local/lib/python3.12/site-packages/airflow/example_dags/example_params_ui_tutorial.py
[2025-08-10T03:22:28.279+0000] {processor.py:830} INFO - Processing file /home/airflow/.local/lib/python3.12/site-packages/airflow/example_dags/example_params_ui_tutorial.py for tasks to queue
[2025-08-10T03:22:28.280+0000] {logging_mixin.py:188} INFO - [2025-08-10T03:22:28.280+0000] {dagbag.py:545} INFO - Filling up the DagBag from /home/airflow/.local/lib/python3.12/site-packages/airflow/example_dags/example_params_ui_tutorial.py
[2025-08-10T03:22:28.298+0000] {processor.py:840} INFO - DAG(s) 'example_params_ui_tutorial' retrieved from /home/airflow/.local/lib/python3.12/site-packages/airflow/example_dags/example_params_ui_tutorial.py
[2025-08-10T03:22:28.382+0000] {logging_mixin.py:188} INFO - [2025-08-10T03:22:28.381+0000] {dag.py:3096} INFO - Sync 1 DAGs
[2025-08-10T03:22:28.399+0000] {logging_mixin.py:188} INFO - [2025-08-10T03:22:28.398+0000] {dag.py:3954} INFO - Setting next_dagrun for example_params_ui_tutorial to None, run_after=None
[2025-08-10T03:22:28.426+0000] {processor.py:183} INFO - Processing /home/airflow/.local/lib/python3.12/site-packages/airflow/example_dags/example_params_ui_tutorial.py took 0.161 seconds
[2025-08-10T08:23:00.719+0000] {processor.py:161} INFO - Started process (PID=2192) to work on /home/airflow/.local/lib/python3.12/site-packages/airflow/example_dags/example_params_ui_tutorial.py
[2025-08-10T08:23:00.721+0000] {processor.py:830} INFO - Processing file /home/airflow/.local/lib/python3.12/site-packages/airflow/example_dags/example_params_ui_tutorial.py for tasks to queue
[2025-08-10T08:23:00.722+0000] {logging_mixin.py:188} INFO - [2025-08-10T08:23:00.722+0000] {dagbag.py:545} INFO - Filling up the DagBag from /home/airflow/.local/lib/python3.12/site-packages/airflow/example_dags/example_params_ui_tutorial.py
[2025-08-10T08:23:00.763+0000] {processor.py:840} INFO - DAG(s) 'example_params_ui_tutorial' retrieved from /home/airflow/.local/lib/python3.12/site-packages/airflow/example_dags/example_params_ui_tutorial.py
[2025-08-10T08:23:00.859+0000] {logging_mixin.py:188} INFO - [2025-08-10T08:23:00.858+0000] {dag.py:3096} INFO - Sync 1 DAGs
[2025-08-10T08:23:00.888+0000] {logging_mixin.py:188} INFO - [2025-08-10T08:23:00.888+0000] {dag.py:3954} INFO - Setting next_dagrun for example_params_ui_tutorial to None, run_after=None
[2025-08-10T08:23:00.940+0000] {processor.py:183} INFO - Processing /home/airflow/.local/lib/python3.12/site-packages/airflow/example_dags/example_params_ui_tutorial.py took 0.232 seconds
[2025-08-10T15:12:19.658+0000] {processor.py:161} INFO - Started process (PID=2248) to work on /home/airflow/.local/lib/python3.12/site-packages/airflow/example_dags/example_params_ui_tutorial.py
[2025-08-10T15:12:19.660+0000] {processor.py:830} INFO - Processing file /home/airflow/.local/lib/python3.12/site-packages/airflow/example_dags/example_params_ui_tutorial.py for tasks to queue
[2025-08-10T15:12:19.661+0000] {logging_mixin.py:188} INFO - [2025-08-10T15:12:19.661+0000] {dagbag.py:545} INFO - Filling up the DagBag from /home/airflow/.local/lib/python3.12/site-packages/airflow/example_dags/example_params_ui_tutorial.py
[2025-08-10T15:12:19.676+0000] {processor.py:840} INFO - DAG(s) 'example_params_ui_tutorial' retrieved from /home/airflow/.local/lib/python3.12/site-packages/airflow/example_dags/example_params_ui_tutorial.py
[2025-08-10T15:12:19.739+0000] {logging_mixin.py:188} INFO - [2025-08-10T15:12:19.739+0000] {dag.py:3096} INFO - Sync 1 DAGs
[2025-08-10T15:12:19.766+0000] {logging_mixin.py:188} INFO - [2025-08-10T15:12:19.766+0000] {dag.py:3954} INFO - Setting next_dagrun for example_params_ui_tutorial to None, run_after=None
[2025-08-10T15:12:19.797+0000] {processor.py:183} INFO - Processing /home/airflow/.local/lib/python3.12/site-packages/airflow/example_dags/example_params_ui_tutorial.py took 0.145 seconds
[2025-08-10T15:12:49.973+0000] {processor.py:161} INFO - Started process (PID=2310) to work on /home/airflow/.local/lib/python3.12/site-packages/airflow/example_dags/example_params_ui_tutorial.py
[2025-08-10T15:12:49.974+0000] {processor.py:830} INFO - Processing file /home/airflow/.local/lib/python3.12/site-packages/airflow/example_dags/example_params_ui_tutorial.py for tasks to queue
[2025-08-10T15:12:49.976+0000] {logging_mixin.py:188} INFO - [2025-08-10T15:12:49.975+0000] {dagbag.py:545} INFO - Filling up the DagBag from /home/airflow/.local/lib/python3.12/site-packages/airflow/example_dags/example_params_ui_tutorial.py
[2025-08-10T15:12:49.992+0000] {processor.py:840} INFO - DAG(s) 'example_params_ui_tutorial' retrieved from /home/airflow/.local/lib/python3.12/site-packages/airflow/example_dags/example_params_ui_tutorial.py
[2025-08-10T15:12:50.058+0000] {logging_mixin.py:188} INFO - [2025-08-10T15:12:50.058+0000] {dag.py:3096} INFO - Sync 1 DAGs
[2025-08-10T15:12:50.077+0000] {logging_mixin.py:188} INFO - [2025-08-10T15:12:50.077+0000] {dag.py:3954} INFO - Setting next_dagrun for example_params_ui_tutorial to None, run_after=None
[2025-08-10T15:12:50.103+0000] {processor.py:183} INFO - Processing /home/airflow/.local/lib/python3.12/site-packages/airflow/example_dags/example_params_ui_tutorial.py took 0.140 seconds
[2025-08-10T15:13:21.124+0000] {processor.py:161} INFO - Started process (PID=2372) to work on /home/airflow/.local/lib/python3.12/site-packages/airflow/example_dags/example_params_ui_tutorial.py
[2025-08-10T15:13:21.125+0000] {processor.py:830} INFO - Processing file /home/airflow/.local/lib/python3.12/site-packages/airflow/example_dags/example_params_ui_tutorial.py for tasks to queue
[2025-08-10T15:13:21.126+0000] {logging_mixin.py:188} INFO - [2025-08-10T15:13:21.126+0000] {dagbag.py:545} INFO - Filling up the DagBag from /home/airflow/.local/lib/python3.12/site-packages/airflow/example_dags/example_params_ui_tutorial.py
[2025-08-10T15:13:21.141+0000] {processor.py:840} INFO - DAG(s) 'example_params_ui_tutorial' retrieved from /home/airflow/.local/lib/python3.12/site-packages/airflow/example_dags/example_params_ui_tutorial.py
[2025-08-10T15:13:21.195+0000] {logging_mixin.py:188} INFO - [2025-08-10T15:13:21.195+0000] {dag.py:3096} INFO - Sync 1 DAGs
[2025-08-10T15:13:21.209+0000] {logging_mixin.py:188} INFO - [2025-08-10T15:13:21.209+0000] {dag.py:3954} INFO - Setting next_dagrun for example_params_ui_tutorial to None, run_after=None
[2025-08-10T15:13:21.232+0000] {processor.py:183} INFO - Processing /home/airflow/.local/lib/python3.12/site-packages/airflow/example_dags/example_params_ui_tutorial.py took 0.116 seconds
[2025-08-10T15:13:53.850+0000] {processor.py:161} INFO - Started process (PID=2434) to work on /home/airflow/.local/lib/python3.12/site-packages/airflow/example_dags/example_params_ui_tutorial.py
[2025-08-10T15:13:53.852+0000] {processor.py:830} INFO - Processing file /home/airflow/.local/lib/python3.12/site-packages/airflow/example_dags/example_params_ui_tutorial.py for tasks to queue
[2025-08-10T15:13:53.854+0000] {logging_mixin.py:188} INFO - [2025-08-10T15:13:53.853+0000] {dagbag.py:545} INFO - Filling up the DagBag from /home/airflow/.local/lib/python3.12/site-packages/airflow/example_dags/example_params_ui_tutorial.py
[2025-08-10T15:13:53.871+0000] {processor.py:840} INFO - DAG(s) 'example_params_ui_tutorial' retrieved from /home/airflow/.local/lib/python3.12/site-packages/airflow/example_dags/example_params_ui_tutorial.py
[2025-08-10T15:13:53.951+0000] {logging_mixin.py:188} INFO - [2025-08-10T15:13:53.950+0000] {dag.py:3096} INFO - Sync 1 DAGs
[2025-08-10T15:13:53.971+0000] {logging_mixin.py:188} INFO - [2025-08-10T15:13:53.970+0000] {dag.py:3954} INFO - Setting next_dagrun for example_params_ui_tutorial to None, run_after=None
[2025-08-10T15:13:54.002+0000] {processor.py:183} INFO - Processing /home/airflow/.local/lib/python3.12/site-packages/airflow/example_dags/example_params_ui_tutorial.py took 0.161 seconds
[2025-08-10T15:14:24.591+0000] {processor.py:161} INFO - Started process (PID=2496) to work on /home/airflow/.local/lib/python3.12/site-packages/airflow/example_dags/example_params_ui_tutorial.py
[2025-08-10T15:14:24.594+0000] {processor.py:830} INFO - Processing file /home/airflow/.local/lib/python3.12/site-packages/airflow/example_dags/example_params_ui_tutorial.py for tasks to queue
[2025-08-10T15:14:24.597+0000] {logging_mixin.py:188} INFO - [2025-08-10T15:14:24.596+0000] {dagbag.py:545} INFO - Filling up the DagBag from /home/airflow/.local/lib/python3.12/site-packages/airflow/example_dags/example_params_ui_tutorial.py
[2025-08-10T15:14:24.619+0000] {processor.py:840} INFO - DAG(s) 'example_params_ui_tutorial' retrieved from /home/airflow/.local/lib/python3.12/site-packages/airflow/example_dags/example_params_ui_tutorial.py
[2025-08-10T15:14:24.715+0000] {logging_mixin.py:188} INFO - [2025-08-10T15:14:24.714+0000] {dag.py:3096} INFO - Sync 1 DAGs
[2025-08-10T15:14:24.743+0000] {logging_mixin.py:188} INFO - [2025-08-10T15:14:24.742+0000] {dag.py:3954} INFO - Setting next_dagrun for example_params_ui_tutorial to None, run_after=None
[2025-08-10T15:14:24.784+0000] {processor.py:183} INFO - Processing /home/airflow/.local/lib/python3.12/site-packages/airflow/example_dags/example_params_ui_tutorial.py took 0.205 seconds
[2025-08-10T15:14:55.641+0000] {processor.py:161} INFO - Started process (PID=2558) to work on /home/airflow/.local/lib/python3.12/site-packages/airflow/example_dags/example_params_ui_tutorial.py
[2025-08-10T15:14:55.643+0000] {processor.py:830} INFO - Processing file /home/airflow/.local/lib/python3.12/site-packages/airflow/example_dags/example_params_ui_tutorial.py for tasks to queue
[2025-08-10T15:14:55.645+0000] {logging_mixin.py:188} INFO - [2025-08-10T15:14:55.645+0000] {dagbag.py:545} INFO - Filling up the DagBag from /home/airflow/.local/lib/python3.12/site-packages/airflow/example_dags/example_params_ui_tutorial.py
[2025-08-10T15:14:55.667+0000] {processor.py:840} INFO - DAG(s) 'example_params_ui_tutorial' retrieved from /home/airflow/.local/lib/python3.12/site-packages/airflow/example_dags/example_params_ui_tutorial.py
[2025-08-10T15:14:55.764+0000] {logging_mixin.py:188} INFO - [2025-08-10T15:14:55.764+0000] {dag.py:3096} INFO - Sync 1 DAGs
[2025-08-10T15:14:55.786+0000] {logging_mixin.py:188} INFO - [2025-08-10T15:14:55.786+0000] {dag.py:3954} INFO - Setting next_dagrun for example_params_ui_tutorial to None, run_after=None
[2025-08-10T15:14:55.833+0000] {processor.py:183} INFO - Processing /home/airflow/.local/lib/python3.12/site-packages/airflow/example_dags/example_params_ui_tutorial.py took 0.204 seconds
[2025-08-10T15:15:26.029+0000] {processor.py:161} INFO - Started process (PID=2618) to work on /home/airflow/.local/lib/python3.12/site-packages/airflow/example_dags/example_params_ui_tutorial.py
[2025-08-10T15:15:26.031+0000] {processor.py:830} INFO - Processing file /home/airflow/.local/lib/python3.12/site-packages/airflow/example_dags/example_params_ui_tutorial.py for tasks to queue
[2025-08-10T15:15:26.032+0000] {logging_mixin.py:188} INFO - [2025-08-10T15:15:26.032+0000] {dagbag.py:545} INFO - Filling up the DagBag from /home/airflow/.local/lib/python3.12/site-packages/airflow/example_dags/example_params_ui_tutorial.py
[2025-08-10T15:15:26.057+0000] {processor.py:840} INFO - DAG(s) 'example_params_ui_tutorial' retrieved from /home/airflow/.local/lib/python3.12/site-packages/airflow/example_dags/example_params_ui_tutorial.py
[2025-08-10T15:15:26.137+0000] {logging_mixin.py:188} INFO - [2025-08-10T15:15:26.136+0000] {dag.py:3096} INFO - Sync 1 DAGs
[2025-08-10T15:15:26.154+0000] {logging_mixin.py:188} INFO - [2025-08-10T15:15:26.153+0000] {dag.py:3954} INFO - Setting next_dagrun for example_params_ui_tutorial to None, run_after=None
[2025-08-10T15:15:26.192+0000] {processor.py:183} INFO - Processing /home/airflow/.local/lib/python3.12/site-packages/airflow/example_dags/example_params_ui_tutorial.py took 0.172 seconds
[2025-08-10T15:15:56.350+0000] {processor.py:161} INFO - Started process (PID=2680) to work on /home/airflow/.local/lib/python3.12/site-packages/airflow/example_dags/example_params_ui_tutorial.py
[2025-08-10T15:15:56.352+0000] {processor.py:830} INFO - Processing file /home/airflow/.local/lib/python3.12/site-packages/airflow/example_dags/example_params_ui_tutorial.py for tasks to queue
[2025-08-10T15:15:56.353+0000] {logging_mixin.py:188} INFO - [2025-08-10T15:15:56.353+0000] {dagbag.py:545} INFO - Filling up the DagBag from /home/airflow/.local/lib/python3.12/site-packages/airflow/example_dags/example_params_ui_tutorial.py
[2025-08-10T15:15:56.373+0000] {processor.py:840} INFO - DAG(s) 'example_params_ui_tutorial' retrieved from /home/airflow/.local/lib/python3.12/site-packages/airflow/example_dags/example_params_ui_tutorial.py
[2025-08-10T15:15:56.453+0000] {logging_mixin.py:188} INFO - [2025-08-10T15:15:56.453+0000] {dag.py:3096} INFO - Sync 1 DAGs
[2025-08-10T15:15:56.471+0000] {logging_mixin.py:188} INFO - [2025-08-10T15:15:56.471+0000] {dag.py:3954} INFO - Setting next_dagrun for example_params_ui_tutorial to None, run_after=None
[2025-08-10T15:15:56.503+0000] {processor.py:183} INFO - Processing /home/airflow/.local/lib/python3.12/site-packages/airflow/example_dags/example_params_ui_tutorial.py took 0.163 seconds
[2025-08-10T15:16:26.848+0000] {processor.py:161} INFO - Started process (PID=2742) to work on /home/airflow/.local/lib/python3.12/site-packages/airflow/example_dags/example_params_ui_tutorial.py
[2025-08-10T15:16:26.851+0000] {processor.py:830} INFO - Processing file /home/airflow/.local/lib/python3.12/site-packages/airflow/example_dags/example_params_ui_tutorial.py for tasks to queue
[2025-08-10T15:16:26.852+0000] {logging_mixin.py:188} INFO - [2025-08-10T15:16:26.851+0000] {dagbag.py:545} INFO - Filling up the DagBag from /home/airflow/.local/lib/python3.12/site-packages/airflow/example_dags/example_params_ui_tutorial.py
[2025-08-10T15:16:26.869+0000] {processor.py:840} INFO - DAG(s) 'example_params_ui_tutorial' retrieved from /home/airflow/.local/lib/python3.12/site-packages/airflow/example_dags/example_params_ui_tutorial.py
[2025-08-10T15:16:26.949+0000] {logging_mixin.py:188} INFO - [2025-08-10T15:16:26.948+0000] {dag.py:3096} INFO - Sync 1 DAGs
[2025-08-10T15:16:26.970+0000] {logging_mixin.py:188} INFO - [2025-08-10T15:16:26.969+0000] {dag.py:3954} INFO - Setting next_dagrun for example_params_ui_tutorial to None, run_after=None
[2025-08-10T15:16:27.005+0000] {processor.py:183} INFO - Processing /home/airflow/.local/lib/python3.12/site-packages/airflow/example_dags/example_params_ui_tutorial.py took 0.165 seconds
