[2025-08-10T02:55:22.970+0000] {processor.py:161} INFO - Started process (PID=105) to work on /home/airflow/.local/lib/python3.12/site-packages/airflow/example_dags/example_task_group_decorator.py
[2025-08-10T02:55:22.972+0000] {processor.py:830} INFO - Processing file /home/airflow/.local/lib/python3.12/site-packages/airflow/example_dags/example_task_group_decorator.py for tasks to queue
[2025-08-10T02:55:22.975+0000] {logging_mixin.py:188} INFO - [2025-08-10T02:55:22.974+0000] {dagbag.py:545} INFO - Filling up the DagBag from /home/airflow/.local/lib/python3.12/site-packages/airflow/example_dags/example_task_group_decorator.py
[2025-08-10T02:55:22.997+0000] {processor.py:840} INFO - DAG(s) 'example_task_group_decorator' retrieved from /home/airflow/.local/lib/python3.12/site-packages/airflow/example_dags/example_task_group_decorator.py
[2025-08-10T02:55:23.170+0000] {logging_mixin.py:188} INFO - [2025-08-10T02:55:23.169+0000] {dag.py:3096} INFO - Sync 1 DAGs
[2025-08-10T02:55:23.202+0000] {logging_mixin.py:188} INFO - [2025-08-10T02:55:23.201+0000] {dag.py:3954} INFO - Setting next_dagrun for example_task_group_decorator to 2025-08-09 00:00:00+00:00, run_after=2025-08-10 00:00:00+00:00
[2025-08-10T02:55:23.230+0000] {processor.py:183} INFO - Processing /home/airflow/.local/lib/python3.12/site-packages/airflow/example_dags/example_task_group_decorator.py took 0.269 seconds
[2025-08-10T02:55:53.658+0000] {processor.py:161} INFO - Started process (PID=167) to work on /home/airflow/.local/lib/python3.12/site-packages/airflow/example_dags/example_task_group_decorator.py
[2025-08-10T02:55:53.660+0000] {processor.py:830} INFO - Processing file /home/airflow/.local/lib/python3.12/site-packages/airflow/example_dags/example_task_group_decorator.py for tasks to queue
[2025-08-10T02:55:53.663+0000] {logging_mixin.py:188} INFO - [2025-08-10T02:55:53.663+0000] {dagbag.py:545} INFO - Filling up the DagBag from /home/airflow/.local/lib/python3.12/site-packages/airflow/example_dags/example_task_group_decorator.py
[2025-08-10T02:55:53.686+0000] {processor.py:840} INFO - DAG(s) 'example_task_group_decorator' retrieved from /home/airflow/.local/lib/python3.12/site-packages/airflow/example_dags/example_task_group_decorator.py
[2025-08-10T02:55:53.727+0000] {logging_mixin.py:188} INFO - [2025-08-10T02:55:53.726+0000] {dag.py:3096} INFO - Sync 1 DAGs
[2025-08-10T02:55:53.756+0000] {logging_mixin.py:188} INFO - [2025-08-10T02:55:53.756+0000] {dag.py:3954} INFO - Setting next_dagrun for example_task_group_decorator to 2025-08-09 00:00:00+00:00, run_after=2025-08-10 00:00:00+00:00
[2025-08-10T02:55:53.782+0000] {processor.py:183} INFO - Processing /home/airflow/.local/lib/python3.12/site-packages/airflow/example_dags/example_task_group_decorator.py took 0.133 seconds
[2025-08-10T02:56:23.968+0000] {processor.py:161} INFO - Started process (PID=229) to work on /home/airflow/.local/lib/python3.12/site-packages/airflow/example_dags/example_task_group_decorator.py
[2025-08-10T02:56:23.970+0000] {processor.py:830} INFO - Processing file /home/airflow/.local/lib/python3.12/site-packages/airflow/example_dags/example_task_group_decorator.py for tasks to queue
[2025-08-10T02:56:23.973+0000] {logging_mixin.py:188} INFO - [2025-08-10T02:56:23.972+0000] {dagbag.py:545} INFO - Filling up the DagBag from /home/airflow/.local/lib/python3.12/site-packages/airflow/example_dags/example_task_group_decorator.py
[2025-08-10T02:56:23.993+0000] {processor.py:840} INFO - DAG(s) 'example_task_group_decorator' retrieved from /home/airflow/.local/lib/python3.12/site-packages/airflow/example_dags/example_task_group_decorator.py
[2025-08-10T02:56:24.034+0000] {logging_mixin.py:188} INFO - [2025-08-10T02:56:24.033+0000] {dag.py:3096} INFO - Sync 1 DAGs
[2025-08-10T02:56:24.070+0000] {logging_mixin.py:188} INFO - [2025-08-10T02:56:24.070+0000] {dag.py:3954} INFO - Setting next_dagrun for example_task_group_decorator to 2025-08-09 00:00:00+00:00, run_after=2025-08-10 00:00:00+00:00
[2025-08-10T02:56:24.111+0000] {processor.py:183} INFO - Processing /home/airflow/.local/lib/python3.12/site-packages/airflow/example_dags/example_task_group_decorator.py took 0.152 seconds
[2025-08-10T02:56:54.797+0000] {processor.py:161} INFO - Started process (PID=291) to work on /home/airflow/.local/lib/python3.12/site-packages/airflow/example_dags/example_task_group_decorator.py
[2025-08-10T02:56:54.799+0000] {processor.py:830} INFO - Processing file /home/airflow/.local/lib/python3.12/site-packages/airflow/example_dags/example_task_group_decorator.py for tasks to queue
[2025-08-10T02:56:54.803+0000] {logging_mixin.py:188} INFO - [2025-08-10T02:56:54.802+0000] {dagbag.py:545} INFO - Filling up the DagBag from /home/airflow/.local/lib/python3.12/site-packages/airflow/example_dags/example_task_group_decorator.py
[2025-08-10T02:56:54.827+0000] {processor.py:840} INFO - DAG(s) 'example_task_group_decorator' retrieved from /home/airflow/.local/lib/python3.12/site-packages/airflow/example_dags/example_task_group_decorator.py
[2025-08-10T02:56:54.868+0000] {logging_mixin.py:188} INFO - [2025-08-10T02:56:54.867+0000] {dag.py:3096} INFO - Sync 1 DAGs
[2025-08-10T02:56:54.899+0000] {logging_mixin.py:188} INFO - [2025-08-10T02:56:54.899+0000] {dag.py:3954} INFO - Setting next_dagrun for example_task_group_decorator to 2025-08-09 00:00:00+00:00, run_after=2025-08-10 00:00:00+00:00
[2025-08-10T02:56:54.932+0000] {processor.py:183} INFO - Processing /home/airflow/.local/lib/python3.12/site-packages/airflow/example_dags/example_task_group_decorator.py took 0.147 seconds
[2025-08-10T02:57:25.092+0000] {processor.py:161} INFO - Started process (PID=353) to work on /home/airflow/.local/lib/python3.12/site-packages/airflow/example_dags/example_task_group_decorator.py
[2025-08-10T02:57:25.094+0000] {processor.py:830} INFO - Processing file /home/airflow/.local/lib/python3.12/site-packages/airflow/example_dags/example_task_group_decorator.py for tasks to queue
[2025-08-10T02:57:25.098+0000] {logging_mixin.py:188} INFO - [2025-08-10T02:57:25.097+0000] {dagbag.py:545} INFO - Filling up the DagBag from /home/airflow/.local/lib/python3.12/site-packages/airflow/example_dags/example_task_group_decorator.py
[2025-08-10T02:57:25.118+0000] {processor.py:840} INFO - DAG(s) 'example_task_group_decorator' retrieved from /home/airflow/.local/lib/python3.12/site-packages/airflow/example_dags/example_task_group_decorator.py
[2025-08-10T02:57:25.159+0000] {logging_mixin.py:188} INFO - [2025-08-10T02:57:25.158+0000] {dag.py:3096} INFO - Sync 1 DAGs
[2025-08-10T02:57:25.189+0000] {logging_mixin.py:188} INFO - [2025-08-10T02:57:25.189+0000] {dag.py:3954} INFO - Setting next_dagrun for example_task_group_decorator to 2025-08-09 00:00:00+00:00, run_after=2025-08-10 00:00:00+00:00
[2025-08-10T02:57:25.220+0000] {processor.py:183} INFO - Processing /home/airflow/.local/lib/python3.12/site-packages/airflow/example_dags/example_task_group_decorator.py took 0.138 seconds
[2025-08-10T02:57:56.119+0000] {processor.py:161} INFO - Started process (PID=415) to work on /home/airflow/.local/lib/python3.12/site-packages/airflow/example_dags/example_task_group_decorator.py
[2025-08-10T02:57:56.121+0000] {processor.py:830} INFO - Processing file /home/airflow/.local/lib/python3.12/site-packages/airflow/example_dags/example_task_group_decorator.py for tasks to queue
[2025-08-10T02:57:56.125+0000] {logging_mixin.py:188} INFO - [2025-08-10T02:57:56.124+0000] {dagbag.py:545} INFO - Filling up the DagBag from /home/airflow/.local/lib/python3.12/site-packages/airflow/example_dags/example_task_group_decorator.py
[2025-08-10T02:57:56.152+0000] {processor.py:840} INFO - DAG(s) 'example_task_group_decorator' retrieved from /home/airflow/.local/lib/python3.12/site-packages/airflow/example_dags/example_task_group_decorator.py
[2025-08-10T02:57:56.191+0000] {logging_mixin.py:188} INFO - [2025-08-10T02:57:56.191+0000] {dag.py:3096} INFO - Sync 1 DAGs
[2025-08-10T02:57:56.231+0000] {logging_mixin.py:188} INFO - [2025-08-10T02:57:56.231+0000] {dag.py:3954} INFO - Setting next_dagrun for example_task_group_decorator to 2025-08-09 00:00:00+00:00, run_after=2025-08-10 00:00:00+00:00
[2025-08-10T02:57:56.266+0000] {processor.py:183} INFO - Processing /home/airflow/.local/lib/python3.12/site-packages/airflow/example_dags/example_task_group_decorator.py took 0.156 seconds
[2025-08-10T02:58:26.861+0000] {processor.py:161} INFO - Started process (PID=477) to work on /home/airflow/.local/lib/python3.12/site-packages/airflow/example_dags/example_task_group_decorator.py
[2025-08-10T02:58:26.863+0000] {processor.py:830} INFO - Processing file /home/airflow/.local/lib/python3.12/site-packages/airflow/example_dags/example_task_group_decorator.py for tasks to queue
[2025-08-10T02:58:26.867+0000] {logging_mixin.py:188} INFO - [2025-08-10T02:58:26.867+0000] {dagbag.py:545} INFO - Filling up the DagBag from /home/airflow/.local/lib/python3.12/site-packages/airflow/example_dags/example_task_group_decorator.py
[2025-08-10T02:58:26.888+0000] {processor.py:840} INFO - DAG(s) 'example_task_group_decorator' retrieved from /home/airflow/.local/lib/python3.12/site-packages/airflow/example_dags/example_task_group_decorator.py
[2025-08-10T02:58:26.941+0000] {logging_mixin.py:188} INFO - [2025-08-10T02:58:26.940+0000] {dag.py:3096} INFO - Sync 1 DAGs
[2025-08-10T02:58:26.985+0000] {logging_mixin.py:188} INFO - [2025-08-10T02:58:26.985+0000] {dag.py:3954} INFO - Setting next_dagrun for example_task_group_decorator to 2025-08-09 00:00:00+00:00, run_after=2025-08-10 00:00:00+00:00
[2025-08-10T02:58:27.023+0000] {processor.py:183} INFO - Processing /home/airflow/.local/lib/python3.12/site-packages/airflow/example_dags/example_task_group_decorator.py took 0.172 seconds
[2025-08-10T02:58:57.565+0000] {processor.py:161} INFO - Started process (PID=539) to work on /home/airflow/.local/lib/python3.12/site-packages/airflow/example_dags/example_task_group_decorator.py
[2025-08-10T02:58:57.568+0000] {processor.py:830} INFO - Processing file /home/airflow/.local/lib/python3.12/site-packages/airflow/example_dags/example_task_group_decorator.py for tasks to queue
[2025-08-10T02:58:57.572+0000] {logging_mixin.py:188} INFO - [2025-08-10T02:58:57.571+0000] {dagbag.py:545} INFO - Filling up the DagBag from /home/airflow/.local/lib/python3.12/site-packages/airflow/example_dags/example_task_group_decorator.py
[2025-08-10T02:58:57.597+0000] {processor.py:840} INFO - DAG(s) 'example_task_group_decorator' retrieved from /home/airflow/.local/lib/python3.12/site-packages/airflow/example_dags/example_task_group_decorator.py
[2025-08-10T02:58:57.642+0000] {logging_mixin.py:188} INFO - [2025-08-10T02:58:57.641+0000] {dag.py:3096} INFO - Sync 1 DAGs
[2025-08-10T02:58:57.676+0000] {logging_mixin.py:188} INFO - [2025-08-10T02:58:57.676+0000] {dag.py:3954} INFO - Setting next_dagrun for example_task_group_decorator to 2025-08-09 00:00:00+00:00, run_after=2025-08-10 00:00:00+00:00
[2025-08-10T02:58:57.708+0000] {processor.py:183} INFO - Processing /home/airflow/.local/lib/python3.12/site-packages/airflow/example_dags/example_task_group_decorator.py took 0.155 seconds
[2025-08-10T02:59:28.482+0000] {processor.py:161} INFO - Started process (PID=601) to work on /home/airflow/.local/lib/python3.12/site-packages/airflow/example_dags/example_task_group_decorator.py
[2025-08-10T02:59:28.484+0000] {processor.py:830} INFO - Processing file /home/airflow/.local/lib/python3.12/site-packages/airflow/example_dags/example_task_group_decorator.py for tasks to queue
[2025-08-10T02:59:28.487+0000] {logging_mixin.py:188} INFO - [2025-08-10T02:59:28.487+0000] {dagbag.py:545} INFO - Filling up the DagBag from /home/airflow/.local/lib/python3.12/site-packages/airflow/example_dags/example_task_group_decorator.py
[2025-08-10T02:59:28.506+0000] {processor.py:840} INFO - DAG(s) 'example_task_group_decorator' retrieved from /home/airflow/.local/lib/python3.12/site-packages/airflow/example_dags/example_task_group_decorator.py
[2025-08-10T02:59:28.544+0000] {logging_mixin.py:188} INFO - [2025-08-10T02:59:28.543+0000] {dag.py:3096} INFO - Sync 1 DAGs
[2025-08-10T02:59:28.575+0000] {logging_mixin.py:188} INFO - [2025-08-10T02:59:28.575+0000] {dag.py:3954} INFO - Setting next_dagrun for example_task_group_decorator to 2025-08-09 00:00:00+00:00, run_after=2025-08-10 00:00:00+00:00
[2025-08-10T02:59:28.602+0000] {processor.py:183} INFO - Processing /home/airflow/.local/lib/python3.12/site-packages/airflow/example_dags/example_task_group_decorator.py took 0.128 seconds
[2025-08-10T02:59:59.274+0000] {processor.py:161} INFO - Started process (PID=663) to work on /home/airflow/.local/lib/python3.12/site-packages/airflow/example_dags/example_task_group_decorator.py
[2025-08-10T02:59:59.276+0000] {processor.py:830} INFO - Processing file /home/airflow/.local/lib/python3.12/site-packages/airflow/example_dags/example_task_group_decorator.py for tasks to queue
[2025-08-10T02:59:59.279+0000] {logging_mixin.py:188} INFO - [2025-08-10T02:59:59.279+0000] {dagbag.py:545} INFO - Filling up the DagBag from /home/airflow/.local/lib/python3.12/site-packages/airflow/example_dags/example_task_group_decorator.py
[2025-08-10T02:59:59.302+0000] {processor.py:840} INFO - DAG(s) 'example_task_group_decorator' retrieved from /home/airflow/.local/lib/python3.12/site-packages/airflow/example_dags/example_task_group_decorator.py
[2025-08-10T02:59:59.344+0000] {logging_mixin.py:188} INFO - [2025-08-10T02:59:59.343+0000] {dag.py:3096} INFO - Sync 1 DAGs
[2025-08-10T02:59:59.378+0000] {logging_mixin.py:188} INFO - [2025-08-10T02:59:59.378+0000] {dag.py:3954} INFO - Setting next_dagrun for example_task_group_decorator to 2025-08-09 00:00:00+00:00, run_after=2025-08-10 00:00:00+00:00
[2025-08-10T02:59:59.420+0000] {processor.py:183} INFO - Processing /home/airflow/.local/lib/python3.12/site-packages/airflow/example_dags/example_task_group_decorator.py took 0.154 seconds
[2025-08-10T03:00:30.241+0000] {processor.py:161} INFO - Started process (PID=725) to work on /home/airflow/.local/lib/python3.12/site-packages/airflow/example_dags/example_task_group_decorator.py
[2025-08-10T03:00:30.243+0000] {processor.py:830} INFO - Processing file /home/airflow/.local/lib/python3.12/site-packages/airflow/example_dags/example_task_group_decorator.py for tasks to queue
[2025-08-10T03:00:30.246+0000] {logging_mixin.py:188} INFO - [2025-08-10T03:00:30.246+0000] {dagbag.py:545} INFO - Filling up the DagBag from /home/airflow/.local/lib/python3.12/site-packages/airflow/example_dags/example_task_group_decorator.py
[2025-08-10T03:00:30.267+0000] {processor.py:840} INFO - DAG(s) 'example_task_group_decorator' retrieved from /home/airflow/.local/lib/python3.12/site-packages/airflow/example_dags/example_task_group_decorator.py
[2025-08-10T03:00:30.317+0000] {logging_mixin.py:188} INFO - [2025-08-10T03:00:30.316+0000] {dag.py:3096} INFO - Sync 1 DAGs
[2025-08-10T03:00:30.353+0000] {logging_mixin.py:188} INFO - [2025-08-10T03:00:30.353+0000] {dag.py:3954} INFO - Setting next_dagrun for example_task_group_decorator to 2025-08-09 00:00:00+00:00, run_after=2025-08-10 00:00:00+00:00
[2025-08-10T03:00:30.387+0000] {processor.py:183} INFO - Processing /home/airflow/.local/lib/python3.12/site-packages/airflow/example_dags/example_task_group_decorator.py took 0.155 seconds
[2025-08-10T03:01:01.528+0000] {processor.py:161} INFO - Started process (PID=788) to work on /home/airflow/.local/lib/python3.12/site-packages/airflow/example_dags/example_task_group_decorator.py
[2025-08-10T03:01:01.530+0000] {processor.py:830} INFO - Processing file /home/airflow/.local/lib/python3.12/site-packages/airflow/example_dags/example_task_group_decorator.py for tasks to queue
[2025-08-10T03:01:01.533+0000] {logging_mixin.py:188} INFO - [2025-08-10T03:01:01.532+0000] {dagbag.py:545} INFO - Filling up the DagBag from /home/airflow/.local/lib/python3.12/site-packages/airflow/example_dags/example_task_group_decorator.py
[2025-08-10T03:01:01.555+0000] {processor.py:840} INFO - DAG(s) 'example_task_group_decorator' retrieved from /home/airflow/.local/lib/python3.12/site-packages/airflow/example_dags/example_task_group_decorator.py
[2025-08-10T03:01:01.594+0000] {logging_mixin.py:188} INFO - [2025-08-10T03:01:01.593+0000] {dag.py:3096} INFO - Sync 1 DAGs
[2025-08-10T03:01:01.636+0000] {logging_mixin.py:188} INFO - [2025-08-10T03:01:01.635+0000] {dag.py:3954} INFO - Setting next_dagrun for example_task_group_decorator to 2025-08-09 00:00:00+00:00, run_after=2025-08-10 00:00:00+00:00
[2025-08-10T03:01:01.666+0000] {processor.py:183} INFO - Processing /home/airflow/.local/lib/python3.12/site-packages/airflow/example_dags/example_task_group_decorator.py took 0.145 seconds
[2025-08-10T03:01:32.103+0000] {processor.py:161} INFO - Started process (PID=850) to work on /home/airflow/.local/lib/python3.12/site-packages/airflow/example_dags/example_task_group_decorator.py
[2025-08-10T03:01:32.105+0000] {processor.py:830} INFO - Processing file /home/airflow/.local/lib/python3.12/site-packages/airflow/example_dags/example_task_group_decorator.py for tasks to queue
[2025-08-10T03:01:32.108+0000] {logging_mixin.py:188} INFO - [2025-08-10T03:01:32.108+0000] {dagbag.py:545} INFO - Filling up the DagBag from /home/airflow/.local/lib/python3.12/site-packages/airflow/example_dags/example_task_group_decorator.py
[2025-08-10T03:01:32.128+0000] {processor.py:840} INFO - DAG(s) 'example_task_group_decorator' retrieved from /home/airflow/.local/lib/python3.12/site-packages/airflow/example_dags/example_task_group_decorator.py
[2025-08-10T03:01:32.171+0000] {logging_mixin.py:188} INFO - [2025-08-10T03:01:32.171+0000] {dag.py:3096} INFO - Sync 1 DAGs
[2025-08-10T03:01:32.202+0000] {logging_mixin.py:188} INFO - [2025-08-10T03:01:32.202+0000] {dag.py:3954} INFO - Setting next_dagrun for example_task_group_decorator to 2025-08-09 00:00:00+00:00, run_after=2025-08-10 00:00:00+00:00
[2025-08-10T03:01:32.241+0000] {processor.py:183} INFO - Processing /home/airflow/.local/lib/python3.12/site-packages/airflow/example_dags/example_task_group_decorator.py took 0.149 seconds
[2025-08-10T03:02:03.720+0000] {processor.py:161} INFO - Started process (PID=912) to work on /home/airflow/.local/lib/python3.12/site-packages/airflow/example_dags/example_task_group_decorator.py
[2025-08-10T03:02:03.722+0000] {processor.py:830} INFO - Processing file /home/airflow/.local/lib/python3.12/site-packages/airflow/example_dags/example_task_group_decorator.py for tasks to queue
[2025-08-10T03:02:03.725+0000] {logging_mixin.py:188} INFO - [2025-08-10T03:02:03.725+0000] {dagbag.py:545} INFO - Filling up the DagBag from /home/airflow/.local/lib/python3.12/site-packages/airflow/example_dags/example_task_group_decorator.py
[2025-08-10T03:02:03.746+0000] {processor.py:840} INFO - DAG(s) 'example_task_group_decorator' retrieved from /home/airflow/.local/lib/python3.12/site-packages/airflow/example_dags/example_task_group_decorator.py
[2025-08-10T03:02:03.794+0000] {logging_mixin.py:188} INFO - [2025-08-10T03:02:03.793+0000] {dag.py:3096} INFO - Sync 1 DAGs
[2025-08-10T03:02:03.835+0000] {logging_mixin.py:188} INFO - [2025-08-10T03:02:03.834+0000] {dag.py:3954} INFO - Setting next_dagrun for example_task_group_decorator to 2025-08-09 00:00:00+00:00, run_after=2025-08-10 00:00:00+00:00
[2025-08-10T03:02:03.877+0000] {processor.py:183} INFO - Processing /home/airflow/.local/lib/python3.12/site-packages/airflow/example_dags/example_task_group_decorator.py took 0.165 seconds
[2025-08-10T03:02:34.376+0000] {processor.py:161} INFO - Started process (PID=974) to work on /home/airflow/.local/lib/python3.12/site-packages/airflow/example_dags/example_task_group_decorator.py
[2025-08-10T03:02:34.378+0000] {processor.py:830} INFO - Processing file /home/airflow/.local/lib/python3.12/site-packages/airflow/example_dags/example_task_group_decorator.py for tasks to queue
[2025-08-10T03:02:34.379+0000] {logging_mixin.py:188} INFO - [2025-08-10T03:02:34.379+0000] {dagbag.py:545} INFO - Filling up the DagBag from /home/airflow/.local/lib/python3.12/site-packages/airflow/example_dags/example_task_group_decorator.py
[2025-08-10T03:02:34.402+0000] {processor.py:840} INFO - DAG(s) 'example_task_group_decorator' retrieved from /home/airflow/.local/lib/python3.12/site-packages/airflow/example_dags/example_task_group_decorator.py
[2025-08-10T03:02:34.444+0000] {logging_mixin.py:188} INFO - [2025-08-10T03:02:34.444+0000] {dag.py:3096} INFO - Sync 1 DAGs
[2025-08-10T03:02:34.483+0000] {logging_mixin.py:188} INFO - [2025-08-10T03:02:34.483+0000] {dag.py:3954} INFO - Setting next_dagrun for example_task_group_decorator to 2025-08-09 00:00:00+00:00, run_after=2025-08-10 00:00:00+00:00
[2025-08-10T03:02:34.533+0000] {processor.py:183} INFO - Processing /home/airflow/.local/lib/python3.12/site-packages/airflow/example_dags/example_task_group_decorator.py took 0.166 seconds
[2025-08-10T03:03:05.486+0000] {processor.py:161} INFO - Started process (PID=1037) to work on /home/airflow/.local/lib/python3.12/site-packages/airflow/example_dags/example_task_group_decorator.py
[2025-08-10T03:03:05.488+0000] {processor.py:830} INFO - Processing file /home/airflow/.local/lib/python3.12/site-packages/airflow/example_dags/example_task_group_decorator.py for tasks to queue
[2025-08-10T03:03:05.490+0000] {logging_mixin.py:188} INFO - [2025-08-10T03:03:05.489+0000] {dagbag.py:545} INFO - Filling up the DagBag from /home/airflow/.local/lib/python3.12/site-packages/airflow/example_dags/example_task_group_decorator.py
[2025-08-10T03:03:05.512+0000] {processor.py:840} INFO - DAG(s) 'example_task_group_decorator' retrieved from /home/airflow/.local/lib/python3.12/site-packages/airflow/example_dags/example_task_group_decorator.py
[2025-08-10T03:03:05.555+0000] {logging_mixin.py:188} INFO - [2025-08-10T03:03:05.555+0000] {dag.py:3096} INFO - Sync 1 DAGs
[2025-08-10T03:03:05.597+0000] {logging_mixin.py:188} INFO - [2025-08-10T03:03:05.596+0000] {dag.py:3954} INFO - Setting next_dagrun for example_task_group_decorator to 2025-08-09 00:00:00+00:00, run_after=2025-08-10 00:00:00+00:00
[2025-08-10T03:03:05.637+0000] {processor.py:183} INFO - Processing /home/airflow/.local/lib/python3.12/site-packages/airflow/example_dags/example_task_group_decorator.py took 0.162 seconds
[2025-08-10T03:03:36.157+0000] {processor.py:161} INFO - Started process (PID=1099) to work on /home/airflow/.local/lib/python3.12/site-packages/airflow/example_dags/example_task_group_decorator.py
[2025-08-10T03:03:36.159+0000] {processor.py:830} INFO - Processing file /home/airflow/.local/lib/python3.12/site-packages/airflow/example_dags/example_task_group_decorator.py for tasks to queue
[2025-08-10T03:03:36.161+0000] {logging_mixin.py:188} INFO - [2025-08-10T03:03:36.160+0000] {dagbag.py:545} INFO - Filling up the DagBag from /home/airflow/.local/lib/python3.12/site-packages/airflow/example_dags/example_task_group_decorator.py
[2025-08-10T03:03:36.184+0000] {processor.py:840} INFO - DAG(s) 'example_task_group_decorator' retrieved from /home/airflow/.local/lib/python3.12/site-packages/airflow/example_dags/example_task_group_decorator.py
[2025-08-10T03:03:36.225+0000] {logging_mixin.py:188} INFO - [2025-08-10T03:03:36.225+0000] {dag.py:3096} INFO - Sync 1 DAGs
[2025-08-10T03:03:36.256+0000] {logging_mixin.py:188} INFO - [2025-08-10T03:03:36.256+0000] {dag.py:3954} INFO - Setting next_dagrun for example_task_group_decorator to 2025-08-09 00:00:00+00:00, run_after=2025-08-10 00:00:00+00:00
[2025-08-10T03:03:36.286+0000] {processor.py:183} INFO - Processing /home/airflow/.local/lib/python3.12/site-packages/airflow/example_dags/example_task_group_decorator.py took 0.138 seconds
[2025-08-10T03:04:06.638+0000] {processor.py:161} INFO - Started process (PID=1161) to work on /home/airflow/.local/lib/python3.12/site-packages/airflow/example_dags/example_task_group_decorator.py
[2025-08-10T03:04:06.639+0000] {processor.py:830} INFO - Processing file /home/airflow/.local/lib/python3.12/site-packages/airflow/example_dags/example_task_group_decorator.py for tasks to queue
[2025-08-10T03:04:06.641+0000] {logging_mixin.py:188} INFO - [2025-08-10T03:04:06.640+0000] {dagbag.py:545} INFO - Filling up the DagBag from /home/airflow/.local/lib/python3.12/site-packages/airflow/example_dags/example_task_group_decorator.py
[2025-08-10T03:04:06.664+0000] {processor.py:840} INFO - DAG(s) 'example_task_group_decorator' retrieved from /home/airflow/.local/lib/python3.12/site-packages/airflow/example_dags/example_task_group_decorator.py
[2025-08-10T03:04:06.707+0000] {logging_mixin.py:188} INFO - [2025-08-10T03:04:06.706+0000] {dag.py:3096} INFO - Sync 1 DAGs
[2025-08-10T03:04:06.740+0000] {logging_mixin.py:188} INFO - [2025-08-10T03:04:06.740+0000] {dag.py:3954} INFO - Setting next_dagrun for example_task_group_decorator to 2025-08-09 00:00:00+00:00, run_after=2025-08-10 00:00:00+00:00
[2025-08-10T03:04:06.772+0000] {processor.py:183} INFO - Processing /home/airflow/.local/lib/python3.12/site-packages/airflow/example_dags/example_task_group_decorator.py took 0.144 seconds
[2025-08-10T03:04:37.631+0000] {processor.py:161} INFO - Started process (PID=1223) to work on /home/airflow/.local/lib/python3.12/site-packages/airflow/example_dags/example_task_group_decorator.py
[2025-08-10T03:04:37.633+0000] {processor.py:830} INFO - Processing file /home/airflow/.local/lib/python3.12/site-packages/airflow/example_dags/example_task_group_decorator.py for tasks to queue
[2025-08-10T03:04:37.635+0000] {logging_mixin.py:188} INFO - [2025-08-10T03:04:37.634+0000] {dagbag.py:545} INFO - Filling up the DagBag from /home/airflow/.local/lib/python3.12/site-packages/airflow/example_dags/example_task_group_decorator.py
[2025-08-10T03:04:37.658+0000] {processor.py:840} INFO - DAG(s) 'example_task_group_decorator' retrieved from /home/airflow/.local/lib/python3.12/site-packages/airflow/example_dags/example_task_group_decorator.py
[2025-08-10T03:04:37.701+0000] {logging_mixin.py:188} INFO - [2025-08-10T03:04:37.701+0000] {dag.py:3096} INFO - Sync 1 DAGs
[2025-08-10T03:04:37.734+0000] {logging_mixin.py:188} INFO - [2025-08-10T03:04:37.733+0000] {dag.py:3954} INFO - Setting next_dagrun for example_task_group_decorator to 2025-08-09 00:00:00+00:00, run_after=2025-08-10 00:00:00+00:00
[2025-08-10T03:04:37.772+0000] {processor.py:183} INFO - Processing /home/airflow/.local/lib/python3.12/site-packages/airflow/example_dags/example_task_group_decorator.py took 0.150 seconds
[2025-08-10T03:05:08.708+0000] {processor.py:161} INFO - Started process (PID=1285) to work on /home/airflow/.local/lib/python3.12/site-packages/airflow/example_dags/example_task_group_decorator.py
[2025-08-10T03:05:08.711+0000] {processor.py:830} INFO - Processing file /home/airflow/.local/lib/python3.12/site-packages/airflow/example_dags/example_task_group_decorator.py for tasks to queue
[2025-08-10T03:05:08.713+0000] {logging_mixin.py:188} INFO - [2025-08-10T03:05:08.713+0000] {dagbag.py:545} INFO - Filling up the DagBag from /home/airflow/.local/lib/python3.12/site-packages/airflow/example_dags/example_task_group_decorator.py
[2025-08-10T03:05:08.742+0000] {processor.py:840} INFO - DAG(s) 'example_task_group_decorator' retrieved from /home/airflow/.local/lib/python3.12/site-packages/airflow/example_dags/example_task_group_decorator.py
[2025-08-10T03:05:08.796+0000] {logging_mixin.py:188} INFO - [2025-08-10T03:05:08.795+0000] {dag.py:3096} INFO - Sync 1 DAGs
[2025-08-10T03:05:08.840+0000] {logging_mixin.py:188} INFO - [2025-08-10T03:05:08.839+0000] {dag.py:3954} INFO - Setting next_dagrun for example_task_group_decorator to 2025-08-09 00:00:00+00:00, run_after=2025-08-10 00:00:00+00:00
[2025-08-10T03:05:08.894+0000] {processor.py:183} INFO - Processing /home/airflow/.local/lib/python3.12/site-packages/airflow/example_dags/example_task_group_decorator.py took 0.195 seconds
[2025-08-10T03:05:39.243+0000] {processor.py:161} INFO - Started process (PID=1348) to work on /home/airflow/.local/lib/python3.12/site-packages/airflow/example_dags/example_task_group_decorator.py
[2025-08-10T03:05:39.245+0000] {processor.py:830} INFO - Processing file /home/airflow/.local/lib/python3.12/site-packages/airflow/example_dags/example_task_group_decorator.py for tasks to queue
[2025-08-10T03:05:39.246+0000] {logging_mixin.py:188} INFO - [2025-08-10T03:05:39.246+0000] {dagbag.py:545} INFO - Filling up the DagBag from /home/airflow/.local/lib/python3.12/site-packages/airflow/example_dags/example_task_group_decorator.py
[2025-08-10T03:05:39.270+0000] {processor.py:840} INFO - DAG(s) 'example_task_group_decorator' retrieved from /home/airflow/.local/lib/python3.12/site-packages/airflow/example_dags/example_task_group_decorator.py
[2025-08-10T03:05:39.310+0000] {logging_mixin.py:188} INFO - [2025-08-10T03:05:39.310+0000] {dag.py:3096} INFO - Sync 1 DAGs
[2025-08-10T03:05:39.346+0000] {logging_mixin.py:188} INFO - [2025-08-10T03:05:39.346+0000] {dag.py:3954} INFO - Setting next_dagrun for example_task_group_decorator to 2025-08-09 00:00:00+00:00, run_after=2025-08-10 00:00:00+00:00
[2025-08-10T03:05:39.395+0000] {processor.py:183} INFO - Processing /home/airflow/.local/lib/python3.12/site-packages/airflow/example_dags/example_task_group_decorator.py took 0.160 seconds
[2025-08-10T03:06:09.854+0000] {processor.py:161} INFO - Started process (PID=1410) to work on /home/airflow/.local/lib/python3.12/site-packages/airflow/example_dags/example_task_group_decorator.py
[2025-08-10T03:06:09.856+0000] {processor.py:830} INFO - Processing file /home/airflow/.local/lib/python3.12/site-packages/airflow/example_dags/example_task_group_decorator.py for tasks to queue
[2025-08-10T03:06:09.857+0000] {logging_mixin.py:188} INFO - [2025-08-10T03:06:09.857+0000] {dagbag.py:545} INFO - Filling up the DagBag from /home/airflow/.local/lib/python3.12/site-packages/airflow/example_dags/example_task_group_decorator.py
[2025-08-10T03:06:09.880+0000] {processor.py:840} INFO - DAG(s) 'example_task_group_decorator' retrieved from /home/airflow/.local/lib/python3.12/site-packages/airflow/example_dags/example_task_group_decorator.py
[2025-08-10T03:06:09.922+0000] {logging_mixin.py:188} INFO - [2025-08-10T03:06:09.921+0000] {dag.py:3096} INFO - Sync 1 DAGs
[2025-08-10T03:06:09.960+0000] {logging_mixin.py:188} INFO - [2025-08-10T03:06:09.960+0000] {dag.py:3954} INFO - Setting next_dagrun for example_task_group_decorator to 2025-08-09 00:00:00+00:00, run_after=2025-08-10 00:00:00+00:00
[2025-08-10T03:06:09.991+0000] {processor.py:183} INFO - Processing /home/airflow/.local/lib/python3.12/site-packages/airflow/example_dags/example_task_group_decorator.py took 0.145 seconds
[2025-08-10T03:06:40.456+0000] {processor.py:161} INFO - Started process (PID=1472) to work on /home/airflow/.local/lib/python3.12/site-packages/airflow/example_dags/example_task_group_decorator.py
[2025-08-10T03:06:40.458+0000] {processor.py:830} INFO - Processing file /home/airflow/.local/lib/python3.12/site-packages/airflow/example_dags/example_task_group_decorator.py for tasks to queue
[2025-08-10T03:06:40.459+0000] {logging_mixin.py:188} INFO - [2025-08-10T03:06:40.459+0000] {dagbag.py:545} INFO - Filling up the DagBag from /home/airflow/.local/lib/python3.12/site-packages/airflow/example_dags/example_task_group_decorator.py
[2025-08-10T03:06:40.481+0000] {processor.py:840} INFO - DAG(s) 'example_task_group_decorator' retrieved from /home/airflow/.local/lib/python3.12/site-packages/airflow/example_dags/example_task_group_decorator.py
[2025-08-10T03:06:40.521+0000] {logging_mixin.py:188} INFO - [2025-08-10T03:06:40.520+0000] {dag.py:3096} INFO - Sync 1 DAGs
[2025-08-10T03:06:40.554+0000] {logging_mixin.py:188} INFO - [2025-08-10T03:06:40.554+0000] {dag.py:3954} INFO - Setting next_dagrun for example_task_group_decorator to 2025-08-09 00:00:00+00:00, run_after=2025-08-10 00:00:00+00:00
[2025-08-10T03:06:40.589+0000] {processor.py:183} INFO - Processing /home/airflow/.local/lib/python3.12/site-packages/airflow/example_dags/example_task_group_decorator.py took 0.142 seconds
[2025-08-10T03:17:49.836+0000] {processor.py:161} INFO - Started process (PID=1551) to work on /home/airflow/.local/lib/python3.12/site-packages/airflow/example_dags/example_task_group_decorator.py
[2025-08-10T03:17:49.838+0000] {processor.py:830} INFO - Processing file /home/airflow/.local/lib/python3.12/site-packages/airflow/example_dags/example_task_group_decorator.py for tasks to queue
[2025-08-10T03:17:49.840+0000] {logging_mixin.py:188} INFO - [2025-08-10T03:17:49.840+0000] {dagbag.py:545} INFO - Filling up the DagBag from /home/airflow/.local/lib/python3.12/site-packages/airflow/example_dags/example_task_group_decorator.py
[2025-08-10T03:17:49.862+0000] {processor.py:840} INFO - DAG(s) 'example_task_group_decorator' retrieved from /home/airflow/.local/lib/python3.12/site-packages/airflow/example_dags/example_task_group_decorator.py
[2025-08-10T03:17:49.906+0000] {logging_mixin.py:188} INFO - [2025-08-10T03:17:49.906+0000] {dag.py:3096} INFO - Sync 1 DAGs
[2025-08-10T03:17:49.942+0000] {logging_mixin.py:188} INFO - [2025-08-10T03:17:49.942+0000] {dag.py:3954} INFO - Setting next_dagrun for example_task_group_decorator to 2025-08-09 00:00:00+00:00, run_after=2025-08-10 00:00:00+00:00
[2025-08-10T03:17:49.974+0000] {processor.py:183} INFO - Processing /home/airflow/.local/lib/python3.12/site-packages/airflow/example_dags/example_task_group_decorator.py took 0.148 seconds
[2025-08-10T03:18:20.915+0000] {processor.py:161} INFO - Started process (PID=1613) to work on /home/airflow/.local/lib/python3.12/site-packages/airflow/example_dags/example_task_group_decorator.py
[2025-08-10T03:18:20.917+0000] {processor.py:830} INFO - Processing file /home/airflow/.local/lib/python3.12/site-packages/airflow/example_dags/example_task_group_decorator.py for tasks to queue
[2025-08-10T03:18:20.919+0000] {logging_mixin.py:188} INFO - [2025-08-10T03:18:20.918+0000] {dagbag.py:545} INFO - Filling up the DagBag from /home/airflow/.local/lib/python3.12/site-packages/airflow/example_dags/example_task_group_decorator.py
[2025-08-10T03:18:20.948+0000] {processor.py:840} INFO - DAG(s) 'example_task_group_decorator' retrieved from /home/airflow/.local/lib/python3.12/site-packages/airflow/example_dags/example_task_group_decorator.py
[2025-08-10T03:18:20.987+0000] {logging_mixin.py:188} INFO - [2025-08-10T03:18:20.987+0000] {dag.py:3096} INFO - Sync 1 DAGs
[2025-08-10T03:18:21.029+0000] {logging_mixin.py:188} INFO - [2025-08-10T03:18:21.028+0000] {dag.py:3954} INFO - Setting next_dagrun for example_task_group_decorator to 2025-08-09 00:00:00+00:00, run_after=2025-08-10 00:00:00+00:00
[2025-08-10T03:18:21.066+0000] {processor.py:183} INFO - Processing /home/airflow/.local/lib/python3.12/site-packages/airflow/example_dags/example_task_group_decorator.py took 0.161 seconds
[2025-08-10T03:18:51.235+0000] {processor.py:161} INFO - Started process (PID=1676) to work on /home/airflow/.local/lib/python3.12/site-packages/airflow/example_dags/example_task_group_decorator.py
[2025-08-10T03:18:51.237+0000] {processor.py:830} INFO - Processing file /home/airflow/.local/lib/python3.12/site-packages/airflow/example_dags/example_task_group_decorator.py for tasks to queue
[2025-08-10T03:18:51.238+0000] {logging_mixin.py:188} INFO - [2025-08-10T03:18:51.238+0000] {dagbag.py:545} INFO - Filling up the DagBag from /home/airflow/.local/lib/python3.12/site-packages/airflow/example_dags/example_task_group_decorator.py
[2025-08-10T03:18:51.263+0000] {processor.py:840} INFO - DAG(s) 'example_task_group_decorator' retrieved from /home/airflow/.local/lib/python3.12/site-packages/airflow/example_dags/example_task_group_decorator.py
[2025-08-10T03:18:51.304+0000] {logging_mixin.py:188} INFO - [2025-08-10T03:18:51.304+0000] {dag.py:3096} INFO - Sync 1 DAGs
[2025-08-10T03:18:51.345+0000] {logging_mixin.py:188} INFO - [2025-08-10T03:18:51.344+0000] {dag.py:3954} INFO - Setting next_dagrun for example_task_group_decorator to 2025-08-09 00:00:00+00:00, run_after=2025-08-10 00:00:00+00:00
[2025-08-10T03:18:51.379+0000] {processor.py:183} INFO - Processing /home/airflow/.local/lib/python3.12/site-packages/airflow/example_dags/example_task_group_decorator.py took 0.154 seconds
[2025-08-10T03:19:22.848+0000] {processor.py:161} INFO - Started process (PID=1738) to work on /home/airflow/.local/lib/python3.12/site-packages/airflow/example_dags/example_task_group_decorator.py
[2025-08-10T03:19:22.850+0000] {processor.py:830} INFO - Processing file /home/airflow/.local/lib/python3.12/site-packages/airflow/example_dags/example_task_group_decorator.py for tasks to queue
[2025-08-10T03:19:22.852+0000] {logging_mixin.py:188} INFO - [2025-08-10T03:19:22.851+0000] {dagbag.py:545} INFO - Filling up the DagBag from /home/airflow/.local/lib/python3.12/site-packages/airflow/example_dags/example_task_group_decorator.py
[2025-08-10T03:19:22.873+0000] {processor.py:840} INFO - DAG(s) 'example_task_group_decorator' retrieved from /home/airflow/.local/lib/python3.12/site-packages/airflow/example_dags/example_task_group_decorator.py
[2025-08-10T03:19:22.915+0000] {logging_mixin.py:188} INFO - [2025-08-10T03:19:22.914+0000] {dag.py:3096} INFO - Sync 1 DAGs
[2025-08-10T03:19:22.949+0000] {logging_mixin.py:188} INFO - [2025-08-10T03:19:22.948+0000] {dag.py:3954} INFO - Setting next_dagrun for example_task_group_decorator to 2025-08-09 00:00:00+00:00, run_after=2025-08-10 00:00:00+00:00
[2025-08-10T03:19:22.991+0000] {processor.py:183} INFO - Processing /home/airflow/.local/lib/python3.12/site-packages/airflow/example_dags/example_task_group_decorator.py took 0.153 seconds
[2025-08-10T03:19:53.755+0000] {processor.py:161} INFO - Started process (PID=1807) to work on /home/airflow/.local/lib/python3.12/site-packages/airflow/example_dags/example_task_group_decorator.py
[2025-08-10T03:19:53.757+0000] {processor.py:830} INFO - Processing file /home/airflow/.local/lib/python3.12/site-packages/airflow/example_dags/example_task_group_decorator.py for tasks to queue
[2025-08-10T03:19:53.760+0000] {logging_mixin.py:188} INFO - [2025-08-10T03:19:53.759+0000] {dagbag.py:545} INFO - Filling up the DagBag from /home/airflow/.local/lib/python3.12/site-packages/airflow/example_dags/example_task_group_decorator.py
[2025-08-10T03:19:53.792+0000] {processor.py:840} INFO - DAG(s) 'example_task_group_decorator' retrieved from /home/airflow/.local/lib/python3.12/site-packages/airflow/example_dags/example_task_group_decorator.py
[2025-08-10T03:19:53.853+0000] {logging_mixin.py:188} INFO - [2025-08-10T03:19:53.852+0000] {dag.py:3096} INFO - Sync 1 DAGs
[2025-08-10T03:19:53.887+0000] {logging_mixin.py:188} INFO - [2025-08-10T03:19:53.887+0000] {dag.py:3954} INFO - Setting next_dagrun for example_task_group_decorator to 2025-08-09 00:00:00+00:00, run_after=2025-08-10 00:00:00+00:00
[2025-08-10T03:19:53.921+0000] {processor.py:183} INFO - Processing /home/airflow/.local/lib/python3.12/site-packages/airflow/example_dags/example_task_group_decorator.py took 0.177 seconds
[2025-08-10T03:20:24.779+0000] {processor.py:161} INFO - Started process (PID=1869) to work on /home/airflow/.local/lib/python3.12/site-packages/airflow/example_dags/example_task_group_decorator.py
[2025-08-10T03:20:24.781+0000] {processor.py:830} INFO - Processing file /home/airflow/.local/lib/python3.12/site-packages/airflow/example_dags/example_task_group_decorator.py for tasks to queue
[2025-08-10T03:20:24.782+0000] {logging_mixin.py:188} INFO - [2025-08-10T03:20:24.782+0000] {dagbag.py:545} INFO - Filling up the DagBag from /home/airflow/.local/lib/python3.12/site-packages/airflow/example_dags/example_task_group_decorator.py
[2025-08-10T03:20:24.805+0000] {processor.py:840} INFO - DAG(s) 'example_task_group_decorator' retrieved from /home/airflow/.local/lib/python3.12/site-packages/airflow/example_dags/example_task_group_decorator.py
[2025-08-10T03:20:24.848+0000] {logging_mixin.py:188} INFO - [2025-08-10T03:20:24.848+0000] {dag.py:3096} INFO - Sync 1 DAGs
[2025-08-10T03:20:24.882+0000] {logging_mixin.py:188} INFO - [2025-08-10T03:20:24.881+0000] {dag.py:3954} INFO - Setting next_dagrun for example_task_group_decorator to 2025-08-09 00:00:00+00:00, run_after=2025-08-10 00:00:00+00:00
[2025-08-10T03:20:24.921+0000] {processor.py:183} INFO - Processing /home/airflow/.local/lib/python3.12/site-packages/airflow/example_dags/example_task_group_decorator.py took 0.151 seconds
[2025-08-10T03:20:55.709+0000] {processor.py:161} INFO - Started process (PID=1931) to work on /home/airflow/.local/lib/python3.12/site-packages/airflow/example_dags/example_task_group_decorator.py
[2025-08-10T03:20:55.711+0000] {processor.py:830} INFO - Processing file /home/airflow/.local/lib/python3.12/site-packages/airflow/example_dags/example_task_group_decorator.py for tasks to queue
[2025-08-10T03:20:55.712+0000] {logging_mixin.py:188} INFO - [2025-08-10T03:20:55.712+0000] {dagbag.py:545} INFO - Filling up the DagBag from /home/airflow/.local/lib/python3.12/site-packages/airflow/example_dags/example_task_group_decorator.py
[2025-08-10T03:20:55.735+0000] {processor.py:840} INFO - DAG(s) 'example_task_group_decorator' retrieved from /home/airflow/.local/lib/python3.12/site-packages/airflow/example_dags/example_task_group_decorator.py
[2025-08-10T03:20:55.776+0000] {logging_mixin.py:188} INFO - [2025-08-10T03:20:55.775+0000] {dag.py:3096} INFO - Sync 1 DAGs
[2025-08-10T03:20:55.809+0000] {logging_mixin.py:188} INFO - [2025-08-10T03:20:55.809+0000] {dag.py:3954} INFO - Setting next_dagrun for example_task_group_decorator to 2025-08-09 00:00:00+00:00, run_after=2025-08-10 00:00:00+00:00
[2025-08-10T03:20:55.841+0000] {processor.py:183} INFO - Processing /home/airflow/.local/lib/python3.12/site-packages/airflow/example_dags/example_task_group_decorator.py took 0.141 seconds
[2025-08-10T03:21:26.433+0000] {processor.py:161} INFO - Started process (PID=1993) to work on /home/airflow/.local/lib/python3.12/site-packages/airflow/example_dags/example_task_group_decorator.py
[2025-08-10T03:21:26.435+0000] {processor.py:830} INFO - Processing file /home/airflow/.local/lib/python3.12/site-packages/airflow/example_dags/example_task_group_decorator.py for tasks to queue
[2025-08-10T03:21:26.436+0000] {logging_mixin.py:188} INFO - [2025-08-10T03:21:26.436+0000] {dagbag.py:545} INFO - Filling up the DagBag from /home/airflow/.local/lib/python3.12/site-packages/airflow/example_dags/example_task_group_decorator.py
[2025-08-10T03:21:26.459+0000] {processor.py:840} INFO - DAG(s) 'example_task_group_decorator' retrieved from /home/airflow/.local/lib/python3.12/site-packages/airflow/example_dags/example_task_group_decorator.py
[2025-08-10T03:21:26.497+0000] {logging_mixin.py:188} INFO - [2025-08-10T03:21:26.497+0000] {dag.py:3096} INFO - Sync 1 DAGs
[2025-08-10T03:21:26.533+0000] {logging_mixin.py:188} INFO - [2025-08-10T03:21:26.533+0000] {dag.py:3954} INFO - Setting next_dagrun for example_task_group_decorator to 2025-08-09 00:00:00+00:00, run_after=2025-08-10 00:00:00+00:00
[2025-08-10T03:21:26.561+0000] {processor.py:183} INFO - Processing /home/airflow/.local/lib/python3.12/site-packages/airflow/example_dags/example_task_group_decorator.py took 0.138 seconds
[2025-08-10T03:21:57.722+0000] {processor.py:161} INFO - Started process (PID=2055) to work on /home/airflow/.local/lib/python3.12/site-packages/airflow/example_dags/example_task_group_decorator.py
[2025-08-10T03:21:57.724+0000] {processor.py:830} INFO - Processing file /home/airflow/.local/lib/python3.12/site-packages/airflow/example_dags/example_task_group_decorator.py for tasks to queue
[2025-08-10T03:21:57.726+0000] {logging_mixin.py:188} INFO - [2025-08-10T03:21:57.726+0000] {dagbag.py:545} INFO - Filling up the DagBag from /home/airflow/.local/lib/python3.12/site-packages/airflow/example_dags/example_task_group_decorator.py
[2025-08-10T03:21:57.748+0000] {processor.py:840} INFO - DAG(s) 'example_task_group_decorator' retrieved from /home/airflow/.local/lib/python3.12/site-packages/airflow/example_dags/example_task_group_decorator.py
[2025-08-10T03:21:57.789+0000] {logging_mixin.py:188} INFO - [2025-08-10T03:21:57.789+0000] {dag.py:3096} INFO - Sync 1 DAGs
[2025-08-10T03:21:57.820+0000] {logging_mixin.py:188} INFO - [2025-08-10T03:21:57.819+0000] {dag.py:3954} INFO - Setting next_dagrun for example_task_group_decorator to 2025-08-09 00:00:00+00:00, run_after=2025-08-10 00:00:00+00:00
[2025-08-10T03:21:57.849+0000] {processor.py:183} INFO - Processing /home/airflow/.local/lib/python3.12/site-packages/airflow/example_dags/example_task_group_decorator.py took 0.137 seconds
[2025-08-10T03:22:28.066+0000] {processor.py:161} INFO - Started process (PID=2117) to work on /home/airflow/.local/lib/python3.12/site-packages/airflow/example_dags/example_task_group_decorator.py
[2025-08-10T03:22:28.068+0000] {processor.py:830} INFO - Processing file /home/airflow/.local/lib/python3.12/site-packages/airflow/example_dags/example_task_group_decorator.py for tasks to queue
[2025-08-10T03:22:28.070+0000] {logging_mixin.py:188} INFO - [2025-08-10T03:22:28.069+0000] {dagbag.py:545} INFO - Filling up the DagBag from /home/airflow/.local/lib/python3.12/site-packages/airflow/example_dags/example_task_group_decorator.py
[2025-08-10T03:22:28.091+0000] {processor.py:840} INFO - DAG(s) 'example_task_group_decorator' retrieved from /home/airflow/.local/lib/python3.12/site-packages/airflow/example_dags/example_task_group_decorator.py
[2025-08-10T03:22:28.132+0000] {logging_mixin.py:188} INFO - [2025-08-10T03:22:28.132+0000] {dag.py:3096} INFO - Sync 1 DAGs
[2025-08-10T03:22:28.163+0000] {logging_mixin.py:188} INFO - [2025-08-10T03:22:28.162+0000] {dag.py:3954} INFO - Setting next_dagrun for example_task_group_decorator to 2025-08-09 00:00:00+00:00, run_after=2025-08-10 00:00:00+00:00
[2025-08-10T03:22:28.190+0000] {processor.py:183} INFO - Processing /home/airflow/.local/lib/python3.12/site-packages/airflow/example_dags/example_task_group_decorator.py took 0.133 seconds
[2025-08-10T08:22:58.570+0000] {processor.py:161} INFO - Started process (PID=2179) to work on /home/airflow/.local/lib/python3.12/site-packages/airflow/example_dags/example_task_group_decorator.py
[2025-08-10T08:22:58.573+0000] {processor.py:830} INFO - Processing file /home/airflow/.local/lib/python3.12/site-packages/airflow/example_dags/example_task_group_decorator.py for tasks to queue
[2025-08-10T08:22:58.575+0000] {logging_mixin.py:188} INFO - [2025-08-10T08:22:58.574+0000] {dagbag.py:545} INFO - Filling up the DagBag from /home/airflow/.local/lib/python3.12/site-packages/airflow/example_dags/example_task_group_decorator.py
[2025-08-10T08:22:58.625+0000] {processor.py:840} INFO - DAG(s) 'example_task_group_decorator' retrieved from /home/airflow/.local/lib/python3.12/site-packages/airflow/example_dags/example_task_group_decorator.py
[2025-08-10T08:22:58.672+0000] {logging_mixin.py:188} INFO - [2025-08-10T08:22:58.672+0000] {dag.py:3096} INFO - Sync 1 DAGs
[2025-08-10T08:22:58.706+0000] {logging_mixin.py:188} INFO - [2025-08-10T08:22:58.706+0000] {dag.py:3954} INFO - Setting next_dagrun for example_task_group_decorator to 2025-08-09 00:00:00+00:00, run_after=2025-08-10 00:00:00+00:00
[2025-08-10T08:22:58.738+0000] {processor.py:183} INFO - Processing /home/airflow/.local/lib/python3.12/site-packages/airflow/example_dags/example_task_group_decorator.py took 0.181 seconds
[2025-08-10T15:12:19.644+0000] {processor.py:161} INFO - Started process (PID=2247) to work on /home/airflow/.local/lib/python3.12/site-packages/airflow/example_dags/example_task_group_decorator.py
[2025-08-10T15:12:19.646+0000] {processor.py:830} INFO - Processing file /home/airflow/.local/lib/python3.12/site-packages/airflow/example_dags/example_task_group_decorator.py for tasks to queue
[2025-08-10T15:12:19.647+0000] {logging_mixin.py:188} INFO - [2025-08-10T15:12:19.646+0000] {dagbag.py:545} INFO - Filling up the DagBag from /home/airflow/.local/lib/python3.12/site-packages/airflow/example_dags/example_task_group_decorator.py
[2025-08-10T15:12:19.664+0000] {processor.py:840} INFO - DAG(s) 'example_task_group_decorator' retrieved from /home/airflow/.local/lib/python3.12/site-packages/airflow/example_dags/example_task_group_decorator.py
[2025-08-10T15:12:19.695+0000] {logging_mixin.py:188} INFO - [2025-08-10T15:12:19.695+0000] {dag.py:3096} INFO - Sync 1 DAGs
[2025-08-10T15:12:19.721+0000] {logging_mixin.py:188} INFO - [2025-08-10T15:12:19.720+0000] {dag.py:3954} INFO - Setting next_dagrun for example_task_group_decorator to 2025-08-09 00:00:00+00:00, run_after=2025-08-10 00:00:00+00:00
[2025-08-10T15:12:19.755+0000] {processor.py:183} INFO - Processing /home/airflow/.local/lib/python3.12/site-packages/airflow/example_dags/example_task_group_decorator.py took 0.117 seconds
[2025-08-10T15:12:49.875+0000] {processor.py:161} INFO - Started process (PID=2309) to work on /home/airflow/.local/lib/python3.12/site-packages/airflow/example_dags/example_task_group_decorator.py
[2025-08-10T15:12:49.876+0000] {processor.py:830} INFO - Processing file /home/airflow/.local/lib/python3.12/site-packages/airflow/example_dags/example_task_group_decorator.py for tasks to queue
[2025-08-10T15:12:49.877+0000] {logging_mixin.py:188} INFO - [2025-08-10T15:12:49.877+0000] {dagbag.py:545} INFO - Filling up the DagBag from /home/airflow/.local/lib/python3.12/site-packages/airflow/example_dags/example_task_group_decorator.py
[2025-08-10T15:12:49.894+0000] {processor.py:840} INFO - DAG(s) 'example_task_group_decorator' retrieved from /home/airflow/.local/lib/python3.12/site-packages/airflow/example_dags/example_task_group_decorator.py
[2025-08-10T15:12:49.926+0000] {logging_mixin.py:188} INFO - [2025-08-10T15:12:49.925+0000] {dag.py:3096} INFO - Sync 1 DAGs
[2025-08-10T15:12:49.960+0000] {logging_mixin.py:188} INFO - [2025-08-10T15:12:49.959+0000] {dag.py:3954} INFO - Setting next_dagrun for example_task_group_decorator to 2025-08-09 00:00:00+00:00, run_after=2025-08-10 00:00:00+00:00
[2025-08-10T15:12:49.982+0000] {processor.py:183} INFO - Processing /home/airflow/.local/lib/python3.12/site-packages/airflow/example_dags/example_task_group_decorator.py took 0.114 seconds
[2025-08-10T15:13:21.120+0000] {processor.py:161} INFO - Started process (PID=2371) to work on /home/airflow/.local/lib/python3.12/site-packages/airflow/example_dags/example_task_group_decorator.py
[2025-08-10T15:13:21.122+0000] {processor.py:830} INFO - Processing file /home/airflow/.local/lib/python3.12/site-packages/airflow/example_dags/example_task_group_decorator.py for tasks to queue
[2025-08-10T15:13:21.123+0000] {logging_mixin.py:188} INFO - [2025-08-10T15:13:21.122+0000] {dagbag.py:545} INFO - Filling up the DagBag from /home/airflow/.local/lib/python3.12/site-packages/airflow/example_dags/example_task_group_decorator.py
[2025-08-10T15:13:21.140+0000] {processor.py:840} INFO - DAG(s) 'example_task_group_decorator' retrieved from /home/airflow/.local/lib/python3.12/site-packages/airflow/example_dags/example_task_group_decorator.py
[2025-08-10T15:13:21.170+0000] {logging_mixin.py:188} INFO - [2025-08-10T15:13:21.169+0000] {dag.py:3096} INFO - Sync 1 DAGs
[2025-08-10T15:13:21.194+0000] {logging_mixin.py:188} INFO - [2025-08-10T15:13:21.194+0000] {dag.py:3954} INFO - Setting next_dagrun for example_task_group_decorator to 2025-08-09 00:00:00+00:00, run_after=2025-08-10 00:00:00+00:00
[2025-08-10T15:13:21.219+0000] {processor.py:183} INFO - Processing /home/airflow/.local/lib/python3.12/site-packages/airflow/example_dags/example_task_group_decorator.py took 0.106 seconds
[2025-08-10T15:13:53.631+0000] {processor.py:161} INFO - Started process (PID=2433) to work on /home/airflow/.local/lib/python3.12/site-packages/airflow/example_dags/example_task_group_decorator.py
[2025-08-10T15:13:53.633+0000] {processor.py:830} INFO - Processing file /home/airflow/.local/lib/python3.12/site-packages/airflow/example_dags/example_task_group_decorator.py for tasks to queue
[2025-08-10T15:13:53.637+0000] {logging_mixin.py:188} INFO - [2025-08-10T15:13:53.636+0000] {dagbag.py:545} INFO - Filling up the DagBag from /home/airflow/.local/lib/python3.12/site-packages/airflow/example_dags/example_task_group_decorator.py
[2025-08-10T15:13:53.663+0000] {processor.py:840} INFO - DAG(s) 'example_task_group_decorator' retrieved from /home/airflow/.local/lib/python3.12/site-packages/airflow/example_dags/example_task_group_decorator.py
[2025-08-10T15:13:53.709+0000] {logging_mixin.py:188} INFO - [2025-08-10T15:13:53.708+0000] {dag.py:3096} INFO - Sync 1 DAGs
[2025-08-10T15:13:53.744+0000] {logging_mixin.py:188} INFO - [2025-08-10T15:13:53.744+0000] {dag.py:3954} INFO - Setting next_dagrun for example_task_group_decorator to 2025-08-09 00:00:00+00:00, run_after=2025-08-10 00:00:00+00:00
[2025-08-10T15:13:53.775+0000] {processor.py:183} INFO - Processing /home/airflow/.local/lib/python3.12/site-packages/airflow/example_dags/example_task_group_decorator.py took 0.155 seconds
[2025-08-10T15:14:24.419+0000] {processor.py:161} INFO - Started process (PID=2495) to work on /home/airflow/.local/lib/python3.12/site-packages/airflow/example_dags/example_task_group_decorator.py
[2025-08-10T15:14:24.421+0000] {processor.py:830} INFO - Processing file /home/airflow/.local/lib/python3.12/site-packages/airflow/example_dags/example_task_group_decorator.py for tasks to queue
[2025-08-10T15:14:24.423+0000] {logging_mixin.py:188} INFO - [2025-08-10T15:14:24.423+0000] {dagbag.py:545} INFO - Filling up the DagBag from /home/airflow/.local/lib/python3.12/site-packages/airflow/example_dags/example_task_group_decorator.py
[2025-08-10T15:14:24.452+0000] {processor.py:840} INFO - DAG(s) 'example_task_group_decorator' retrieved from /home/airflow/.local/lib/python3.12/site-packages/airflow/example_dags/example_task_group_decorator.py
[2025-08-10T15:14:24.513+0000] {logging_mixin.py:188} INFO - [2025-08-10T15:14:24.513+0000] {dag.py:3096} INFO - Sync 1 DAGs
[2025-08-10T15:14:24.569+0000] {logging_mixin.py:188} INFO - [2025-08-10T15:14:24.569+0000] {dag.py:3954} INFO - Setting next_dagrun for example_task_group_decorator to 2025-08-09 00:00:00+00:00, run_after=2025-08-10 00:00:00+00:00
[2025-08-10T15:14:24.607+0000] {processor.py:183} INFO - Processing /home/airflow/.local/lib/python3.12/site-packages/airflow/example_dags/example_task_group_decorator.py took 0.200 seconds
[2025-08-10T15:14:55.367+0000] {processor.py:161} INFO - Started process (PID=2557) to work on /home/airflow/.local/lib/python3.12/site-packages/airflow/example_dags/example_task_group_decorator.py
[2025-08-10T15:14:55.369+0000] {processor.py:830} INFO - Processing file /home/airflow/.local/lib/python3.12/site-packages/airflow/example_dags/example_task_group_decorator.py for tasks to queue
[2025-08-10T15:14:55.371+0000] {logging_mixin.py:188} INFO - [2025-08-10T15:14:55.370+0000] {dagbag.py:545} INFO - Filling up the DagBag from /home/airflow/.local/lib/python3.12/site-packages/airflow/example_dags/example_task_group_decorator.py
[2025-08-10T15:14:55.395+0000] {processor.py:840} INFO - DAG(s) 'example_task_group_decorator' retrieved from /home/airflow/.local/lib/python3.12/site-packages/airflow/example_dags/example_task_group_decorator.py
[2025-08-10T15:14:55.443+0000] {logging_mixin.py:188} INFO - [2025-08-10T15:14:55.442+0000] {dag.py:3096} INFO - Sync 1 DAGs
[2025-08-10T15:14:55.487+0000] {logging_mixin.py:188} INFO - [2025-08-10T15:14:55.486+0000] {dag.py:3954} INFO - Setting next_dagrun for example_task_group_decorator to 2025-08-09 00:00:00+00:00, run_after=2025-08-10 00:00:00+00:00
[2025-08-10T15:14:55.544+0000] {processor.py:183} INFO - Processing /home/airflow/.local/lib/python3.12/site-packages/airflow/example_dags/example_task_group_decorator.py took 0.193 seconds
[2025-08-10T15:15:25.849+0000] {processor.py:161} INFO - Started process (PID=2617) to work on /home/airflow/.local/lib/python3.12/site-packages/airflow/example_dags/example_task_group_decorator.py
[2025-08-10T15:15:25.851+0000] {processor.py:830} INFO - Processing file /home/airflow/.local/lib/python3.12/site-packages/airflow/example_dags/example_task_group_decorator.py for tasks to queue
[2025-08-10T15:15:25.853+0000] {logging_mixin.py:188} INFO - [2025-08-10T15:15:25.852+0000] {dagbag.py:545} INFO - Filling up the DagBag from /home/airflow/.local/lib/python3.12/site-packages/airflow/example_dags/example_task_group_decorator.py
[2025-08-10T15:15:25.875+0000] {processor.py:840} INFO - DAG(s) 'example_task_group_decorator' retrieved from /home/airflow/.local/lib/python3.12/site-packages/airflow/example_dags/example_task_group_decorator.py
[2025-08-10T15:15:25.915+0000] {logging_mixin.py:188} INFO - [2025-08-10T15:15:25.915+0000] {dag.py:3096} INFO - Sync 1 DAGs
[2025-08-10T15:15:25.950+0000] {logging_mixin.py:188} INFO - [2025-08-10T15:15:25.949+0000] {dag.py:3954} INFO - Setting next_dagrun for example_task_group_decorator to 2025-08-09 00:00:00+00:00, run_after=2025-08-10 00:00:00+00:00
[2025-08-10T15:15:25.981+0000] {processor.py:183} INFO - Processing /home/airflow/.local/lib/python3.12/site-packages/airflow/example_dags/example_task_group_decorator.py took 0.141 seconds
[2025-08-10T15:15:56.330+0000] {processor.py:161} INFO - Started process (PID=2679) to work on /home/airflow/.local/lib/python3.12/site-packages/airflow/example_dags/example_task_group_decorator.py
[2025-08-10T15:15:56.332+0000] {processor.py:830} INFO - Processing file /home/airflow/.local/lib/python3.12/site-packages/airflow/example_dags/example_task_group_decorator.py for tasks to queue
[2025-08-10T15:15:56.334+0000] {logging_mixin.py:188} INFO - [2025-08-10T15:15:56.333+0000] {dagbag.py:545} INFO - Filling up the DagBag from /home/airflow/.local/lib/python3.12/site-packages/airflow/example_dags/example_task_group_decorator.py
[2025-08-10T15:15:56.355+0000] {processor.py:840} INFO - DAG(s) 'example_task_group_decorator' retrieved from /home/airflow/.local/lib/python3.12/site-packages/airflow/example_dags/example_task_group_decorator.py
[2025-08-10T15:15:56.396+0000] {logging_mixin.py:188} INFO - [2025-08-10T15:15:56.395+0000] {dag.py:3096} INFO - Sync 1 DAGs
[2025-08-10T15:15:56.426+0000] {logging_mixin.py:188} INFO - [2025-08-10T15:15:56.426+0000] {dag.py:3954} INFO - Setting next_dagrun for example_task_group_decorator to 2025-08-09 00:00:00+00:00, run_after=2025-08-10 00:00:00+00:00
[2025-08-10T15:15:56.454+0000] {processor.py:183} INFO - Processing /home/airflow/.local/lib/python3.12/site-packages/airflow/example_dags/example_task_group_decorator.py took 0.133 seconds
[2025-08-10T15:16:26.844+0000] {processor.py:161} INFO - Started process (PID=2741) to work on /home/airflow/.local/lib/python3.12/site-packages/airflow/example_dags/example_task_group_decorator.py
[2025-08-10T15:16:26.846+0000] {processor.py:830} INFO - Processing file /home/airflow/.local/lib/python3.12/site-packages/airflow/example_dags/example_task_group_decorator.py for tasks to queue
[2025-08-10T15:16:26.847+0000] {logging_mixin.py:188} INFO - [2025-08-10T15:16:26.847+0000] {dagbag.py:545} INFO - Filling up the DagBag from /home/airflow/.local/lib/python3.12/site-packages/airflow/example_dags/example_task_group_decorator.py
[2025-08-10T15:16:26.870+0000] {processor.py:840} INFO - DAG(s) 'example_task_group_decorator' retrieved from /home/airflow/.local/lib/python3.12/site-packages/airflow/example_dags/example_task_group_decorator.py
[2025-08-10T15:16:26.909+0000] {logging_mixin.py:188} INFO - [2025-08-10T15:16:26.908+0000] {dag.py:3096} INFO - Sync 1 DAGs
[2025-08-10T15:16:26.943+0000] {logging_mixin.py:188} INFO - [2025-08-10T15:16:26.942+0000] {dag.py:3954} INFO - Setting next_dagrun for example_task_group_decorator to 2025-08-09 00:00:00+00:00, run_after=2025-08-10 00:00:00+00:00
[2025-08-10T15:16:26.975+0000] {processor.py:183} INFO - Processing /home/airflow/.local/lib/python3.12/site-packages/airflow/example_dags/example_task_group_decorator.py took 0.140 seconds
