[2025-08-10T02:55:18.791+0000] {processor.py:161} INFO - Started process (PID=85) to work on /home/airflow/.local/lib/python3.12/site-packages/airflow/example_dags/example_latest_only_with_trigger.py
[2025-08-10T02:55:18.792+0000] {processor.py:830} INFO - Processing file /home/airflow/.local/lib/python3.12/site-packages/airflow/example_dags/example_latest_only_with_trigger.py for tasks to queue
[2025-08-10T02:55:18.795+0000] {logging_mixin.py:188} INFO - [2025-08-10T02:55:18.795+0000] {dagbag.py:545} INFO - Filling up the DagBag from /home/airflow/.local/lib/python3.12/site-packages/airflow/example_dags/example_latest_only_with_trigger.py
[2025-08-10T02:55:18.813+0000] {processor.py:840} INFO - DAG(s) 'latest_only_with_trigger' retrieved from /home/airflow/.local/lib/python3.12/site-packages/airflow/example_dags/example_latest_only_with_trigger.py
[2025-08-10T02:55:18.989+0000] {logging_mixin.py:188} INFO - [2025-08-10T02:55:18.988+0000] {dag.py:3096} INFO - Sync 1 DAGs
[2025-08-10T02:55:19.017+0000] {logging_mixin.py:188} INFO - [2025-08-10T02:55:19.017+0000] {dag.py:3954} INFO - Setting next_dagrun for latest_only_with_trigger to 2025-08-09 20:00:00+00:00, run_after=2025-08-10 00:00:00+00:00
[2025-08-10T02:55:19.053+0000] {processor.py:183} INFO - Processing /home/airflow/.local/lib/python3.12/site-packages/airflow/example_dags/example_latest_only_with_trigger.py took 0.273 seconds
[2025-08-10T02:55:49.836+0000] {processor.py:161} INFO - Started process (PID=147) to work on /home/airflow/.local/lib/python3.12/site-packages/airflow/example_dags/example_latest_only_with_trigger.py
[2025-08-10T02:55:49.838+0000] {processor.py:830} INFO - Processing file /home/airflow/.local/lib/python3.12/site-packages/airflow/example_dags/example_latest_only_with_trigger.py for tasks to queue
[2025-08-10T02:55:49.841+0000] {logging_mixin.py:188} INFO - [2025-08-10T02:55:49.841+0000] {dagbag.py:545} INFO - Filling up the DagBag from /home/airflow/.local/lib/python3.12/site-packages/airflow/example_dags/example_latest_only_with_trigger.py
[2025-08-10T02:55:49.851+0000] {processor.py:840} INFO - DAG(s) 'latest_only_with_trigger' retrieved from /home/airflow/.local/lib/python3.12/site-packages/airflow/example_dags/example_latest_only_with_trigger.py
[2025-08-10T02:55:49.886+0000] {logging_mixin.py:188} INFO - [2025-08-10T02:55:49.885+0000] {dag.py:3096} INFO - Sync 1 DAGs
[2025-08-10T02:55:49.922+0000] {logging_mixin.py:188} INFO - [2025-08-10T02:55:49.921+0000] {dag.py:3954} INFO - Setting next_dagrun for latest_only_with_trigger to 2025-08-09 20:00:00+00:00, run_after=2025-08-10 00:00:00+00:00
[2025-08-10T02:55:49.982+0000] {processor.py:183} INFO - Processing /home/airflow/.local/lib/python3.12/site-packages/airflow/example_dags/example_latest_only_with_trigger.py took 0.155 seconds
[2025-08-10T02:56:21.112+0000] {processor.py:161} INFO - Started process (PID=209) to work on /home/airflow/.local/lib/python3.12/site-packages/airflow/example_dags/example_latest_only_with_trigger.py
[2025-08-10T02:56:21.114+0000] {processor.py:830} INFO - Processing file /home/airflow/.local/lib/python3.12/site-packages/airflow/example_dags/example_latest_only_with_trigger.py for tasks to queue
[2025-08-10T02:56:21.119+0000] {logging_mixin.py:188} INFO - [2025-08-10T02:56:21.118+0000] {dagbag.py:545} INFO - Filling up the DagBag from /home/airflow/.local/lib/python3.12/site-packages/airflow/example_dags/example_latest_only_with_trigger.py
[2025-08-10T02:56:21.130+0000] {processor.py:840} INFO - DAG(s) 'latest_only_with_trigger' retrieved from /home/airflow/.local/lib/python3.12/site-packages/airflow/example_dags/example_latest_only_with_trigger.py
[2025-08-10T02:56:21.171+0000] {logging_mixin.py:188} INFO - [2025-08-10T02:56:21.170+0000] {dag.py:3096} INFO - Sync 1 DAGs
[2025-08-10T02:56:21.211+0000] {logging_mixin.py:188} INFO - [2025-08-10T02:56:21.211+0000] {dag.py:3954} INFO - Setting next_dagrun for latest_only_with_trigger to 2025-08-09 20:00:00+00:00, run_after=2025-08-10 00:00:00+00:00
[2025-08-10T02:56:21.252+0000] {processor.py:183} INFO - Processing /home/airflow/.local/lib/python3.12/site-packages/airflow/example_dags/example_latest_only_with_trigger.py took 0.152 seconds
[2025-08-10T02:56:52.258+0000] {processor.py:161} INFO - Started process (PID=271) to work on /home/airflow/.local/lib/python3.12/site-packages/airflow/example_dags/example_latest_only_with_trigger.py
[2025-08-10T02:56:52.260+0000] {processor.py:830} INFO - Processing file /home/airflow/.local/lib/python3.12/site-packages/airflow/example_dags/example_latest_only_with_trigger.py for tasks to queue
[2025-08-10T02:56:52.264+0000] {logging_mixin.py:188} INFO - [2025-08-10T02:56:52.263+0000] {dagbag.py:545} INFO - Filling up the DagBag from /home/airflow/.local/lib/python3.12/site-packages/airflow/example_dags/example_latest_only_with_trigger.py
[2025-08-10T02:56:52.275+0000] {processor.py:840} INFO - DAG(s) 'latest_only_with_trigger' retrieved from /home/airflow/.local/lib/python3.12/site-packages/airflow/example_dags/example_latest_only_with_trigger.py
[2025-08-10T02:56:52.314+0000] {logging_mixin.py:188} INFO - [2025-08-10T02:56:52.313+0000] {dag.py:3096} INFO - Sync 1 DAGs
[2025-08-10T02:56:52.348+0000] {logging_mixin.py:188} INFO - [2025-08-10T02:56:52.348+0000] {dag.py:3954} INFO - Setting next_dagrun for latest_only_with_trigger to 2025-08-09 20:00:00+00:00, run_after=2025-08-10 00:00:00+00:00
[2025-08-10T02:56:52.399+0000] {processor.py:183} INFO - Processing /home/airflow/.local/lib/python3.12/site-packages/airflow/example_dags/example_latest_only_with_trigger.py took 0.153 seconds
[2025-08-10T02:57:22.928+0000] {processor.py:161} INFO - Started process (PID=333) to work on /home/airflow/.local/lib/python3.12/site-packages/airflow/example_dags/example_latest_only_with_trigger.py
[2025-08-10T02:57:22.929+0000] {processor.py:830} INFO - Processing file /home/airflow/.local/lib/python3.12/site-packages/airflow/example_dags/example_latest_only_with_trigger.py for tasks to queue
[2025-08-10T02:57:22.932+0000] {logging_mixin.py:188} INFO - [2025-08-10T02:57:22.932+0000] {dagbag.py:545} INFO - Filling up the DagBag from /home/airflow/.local/lib/python3.12/site-packages/airflow/example_dags/example_latest_only_with_trigger.py
[2025-08-10T02:57:22.941+0000] {processor.py:840} INFO - DAG(s) 'latest_only_with_trigger' retrieved from /home/airflow/.local/lib/python3.12/site-packages/airflow/example_dags/example_latest_only_with_trigger.py
[2025-08-10T02:57:22.979+0000] {logging_mixin.py:188} INFO - [2025-08-10T02:57:22.978+0000] {dag.py:3096} INFO - Sync 1 DAGs
[2025-08-10T02:57:23.020+0000] {logging_mixin.py:188} INFO - [2025-08-10T02:57:23.020+0000] {dag.py:3954} INFO - Setting next_dagrun for latest_only_with_trigger to 2025-08-09 20:00:00+00:00, run_after=2025-08-10 00:00:00+00:00
[2025-08-10T02:57:23.060+0000] {processor.py:183} INFO - Processing /home/airflow/.local/lib/python3.12/site-packages/airflow/example_dags/example_latest_only_with_trigger.py took 0.140 seconds
[2025-08-10T02:57:54.093+0000] {processor.py:161} INFO - Started process (PID=395) to work on /home/airflow/.local/lib/python3.12/site-packages/airflow/example_dags/example_latest_only_with_trigger.py
[2025-08-10T02:57:54.095+0000] {processor.py:830} INFO - Processing file /home/airflow/.local/lib/python3.12/site-packages/airflow/example_dags/example_latest_only_with_trigger.py for tasks to queue
[2025-08-10T02:57:54.100+0000] {logging_mixin.py:188} INFO - [2025-08-10T02:57:54.099+0000] {dagbag.py:545} INFO - Filling up the DagBag from /home/airflow/.local/lib/python3.12/site-packages/airflow/example_dags/example_latest_only_with_trigger.py
[2025-08-10T02:57:54.111+0000] {processor.py:840} INFO - DAG(s) 'latest_only_with_trigger' retrieved from /home/airflow/.local/lib/python3.12/site-packages/airflow/example_dags/example_latest_only_with_trigger.py
[2025-08-10T02:57:54.157+0000] {logging_mixin.py:188} INFO - [2025-08-10T02:57:54.156+0000] {dag.py:3096} INFO - Sync 1 DAGs
[2025-08-10T02:57:54.216+0000] {logging_mixin.py:188} INFO - [2025-08-10T02:57:54.215+0000] {dag.py:3954} INFO - Setting next_dagrun for latest_only_with_trigger to 2025-08-09 20:00:00+00:00, run_after=2025-08-10 00:00:00+00:00
[2025-08-10T02:57:54.258+0000] {processor.py:183} INFO - Processing /home/airflow/.local/lib/python3.12/site-packages/airflow/example_dags/example_latest_only_with_trigger.py took 0.177 seconds
[2025-08-10T02:58:24.536+0000] {processor.py:161} INFO - Started process (PID=457) to work on /home/airflow/.local/lib/python3.12/site-packages/airflow/example_dags/example_latest_only_with_trigger.py
[2025-08-10T02:58:24.538+0000] {processor.py:830} INFO - Processing file /home/airflow/.local/lib/python3.12/site-packages/airflow/example_dags/example_latest_only_with_trigger.py for tasks to queue
[2025-08-10T02:58:24.542+0000] {logging_mixin.py:188} INFO - [2025-08-10T02:58:24.542+0000] {dagbag.py:545} INFO - Filling up the DagBag from /home/airflow/.local/lib/python3.12/site-packages/airflow/example_dags/example_latest_only_with_trigger.py
[2025-08-10T02:58:24.553+0000] {processor.py:840} INFO - DAG(s) 'latest_only_with_trigger' retrieved from /home/airflow/.local/lib/python3.12/site-packages/airflow/example_dags/example_latest_only_with_trigger.py
[2025-08-10T02:58:24.601+0000] {logging_mixin.py:188} INFO - [2025-08-10T02:58:24.600+0000] {dag.py:3096} INFO - Sync 1 DAGs
[2025-08-10T02:58:24.645+0000] {logging_mixin.py:188} INFO - [2025-08-10T02:58:24.644+0000] {dag.py:3954} INFO - Setting next_dagrun for latest_only_with_trigger to 2025-08-09 20:00:00+00:00, run_after=2025-08-10 00:00:00+00:00
[2025-08-10T02:58:24.679+0000] {processor.py:183} INFO - Processing /home/airflow/.local/lib/python3.12/site-packages/airflow/example_dags/example_latest_only_with_trigger.py took 0.156 seconds
[2025-08-10T02:58:54.857+0000] {processor.py:161} INFO - Started process (PID=517) to work on /home/airflow/.local/lib/python3.12/site-packages/airflow/example_dags/example_latest_only_with_trigger.py
[2025-08-10T02:58:54.859+0000] {processor.py:830} INFO - Processing file /home/airflow/.local/lib/python3.12/site-packages/airflow/example_dags/example_latest_only_with_trigger.py for tasks to queue
[2025-08-10T02:58:54.863+0000] {logging_mixin.py:188} INFO - [2025-08-10T02:58:54.862+0000] {dagbag.py:545} INFO - Filling up the DagBag from /home/airflow/.local/lib/python3.12/site-packages/airflow/example_dags/example_latest_only_with_trigger.py
[2025-08-10T02:58:54.872+0000] {processor.py:840} INFO - DAG(s) 'latest_only_with_trigger' retrieved from /home/airflow/.local/lib/python3.12/site-packages/airflow/example_dags/example_latest_only_with_trigger.py
[2025-08-10T02:58:54.909+0000] {logging_mixin.py:188} INFO - [2025-08-10T02:58:54.908+0000] {dag.py:3096} INFO - Sync 1 DAGs
[2025-08-10T02:58:54.947+0000] {logging_mixin.py:188} INFO - [2025-08-10T02:58:54.947+0000] {dag.py:3954} INFO - Setting next_dagrun for latest_only_with_trigger to 2025-08-09 20:00:00+00:00, run_after=2025-08-10 00:00:00+00:00
[2025-08-10T02:58:54.992+0000] {processor.py:183} INFO - Processing /home/airflow/.local/lib/python3.12/site-packages/airflow/example_dags/example_latest_only_with_trigger.py took 0.144 seconds
[2025-08-10T02:59:25.541+0000] {processor.py:161} INFO - Started process (PID=579) to work on /home/airflow/.local/lib/python3.12/site-packages/airflow/example_dags/example_latest_only_with_trigger.py
[2025-08-10T02:59:25.543+0000] {processor.py:830} INFO - Processing file /home/airflow/.local/lib/python3.12/site-packages/airflow/example_dags/example_latest_only_with_trigger.py for tasks to queue
[2025-08-10T02:59:25.548+0000] {logging_mixin.py:188} INFO - [2025-08-10T02:59:25.547+0000] {dagbag.py:545} INFO - Filling up the DagBag from /home/airflow/.local/lib/python3.12/site-packages/airflow/example_dags/example_latest_only_with_trigger.py
[2025-08-10T02:59:25.561+0000] {processor.py:840} INFO - DAG(s) 'latest_only_with_trigger' retrieved from /home/airflow/.local/lib/python3.12/site-packages/airflow/example_dags/example_latest_only_with_trigger.py
[2025-08-10T02:59:25.624+0000] {logging_mixin.py:188} INFO - [2025-08-10T02:59:25.622+0000] {dag.py:3096} INFO - Sync 1 DAGs
[2025-08-10T02:59:25.705+0000] {logging_mixin.py:188} INFO - [2025-08-10T02:59:25.705+0000] {dag.py:3954} INFO - Setting next_dagrun for latest_only_with_trigger to 2025-08-09 20:00:00+00:00, run_after=2025-08-10 00:00:00+00:00
[2025-08-10T02:59:25.763+0000] {processor.py:183} INFO - Processing /home/airflow/.local/lib/python3.12/site-packages/airflow/example_dags/example_latest_only_with_trigger.py took 0.238 seconds
[2025-08-10T02:59:56.001+0000] {processor.py:161} INFO - Started process (PID=641) to work on /home/airflow/.local/lib/python3.12/site-packages/airflow/example_dags/example_latest_only_with_trigger.py
[2025-08-10T02:59:56.004+0000] {processor.py:830} INFO - Processing file /home/airflow/.local/lib/python3.12/site-packages/airflow/example_dags/example_latest_only_with_trigger.py for tasks to queue
[2025-08-10T02:59:56.008+0000] {logging_mixin.py:188} INFO - [2025-08-10T02:59:56.007+0000] {dagbag.py:545} INFO - Filling up the DagBag from /home/airflow/.local/lib/python3.12/site-packages/airflow/example_dags/example_latest_only_with_trigger.py
[2025-08-10T02:59:56.020+0000] {processor.py:840} INFO - DAG(s) 'latest_only_with_trigger' retrieved from /home/airflow/.local/lib/python3.12/site-packages/airflow/example_dags/example_latest_only_with_trigger.py
[2025-08-10T02:59:56.062+0000] {logging_mixin.py:188} INFO - [2025-08-10T02:59:56.061+0000] {dag.py:3096} INFO - Sync 1 DAGs
[2025-08-10T02:59:56.101+0000] {logging_mixin.py:188} INFO - [2025-08-10T02:59:56.101+0000] {dag.py:3954} INFO - Setting next_dagrun for latest_only_with_trigger to 2025-08-09 20:00:00+00:00, run_after=2025-08-10 00:00:00+00:00
[2025-08-10T02:59:56.142+0000] {processor.py:183} INFO - Processing /home/airflow/.local/lib/python3.12/site-packages/airflow/example_dags/example_latest_only_with_trigger.py took 0.156 seconds
[2025-08-10T03:00:26.352+0000] {processor.py:161} INFO - Started process (PID=702) to work on /home/airflow/.local/lib/python3.12/site-packages/airflow/example_dags/example_latest_only_with_trigger.py
[2025-08-10T03:00:26.356+0000] {processor.py:830} INFO - Processing file /home/airflow/.local/lib/python3.12/site-packages/airflow/example_dags/example_latest_only_with_trigger.py for tasks to queue
[2025-08-10T03:00:26.361+0000] {logging_mixin.py:188} INFO - [2025-08-10T03:00:26.360+0000] {dagbag.py:545} INFO - Filling up the DagBag from /home/airflow/.local/lib/python3.12/site-packages/airflow/example_dags/example_latest_only_with_trigger.py
[2025-08-10T03:00:26.376+0000] {processor.py:840} INFO - DAG(s) 'latest_only_with_trigger' retrieved from /home/airflow/.local/lib/python3.12/site-packages/airflow/example_dags/example_latest_only_with_trigger.py
[2025-08-10T03:00:26.426+0000] {logging_mixin.py:188} INFO - [2025-08-10T03:00:26.424+0000] {dag.py:3096} INFO - Sync 1 DAGs
[2025-08-10T03:00:26.466+0000] {logging_mixin.py:188} INFO - [2025-08-10T03:00:26.465+0000] {dag.py:3954} INFO - Setting next_dagrun for latest_only_with_trigger to 2025-08-09 20:00:00+00:00, run_after=2025-08-10 00:00:00+00:00
[2025-08-10T03:00:26.516+0000] {processor.py:183} INFO - Processing /home/airflow/.local/lib/python3.12/site-packages/airflow/example_dags/example_latest_only_with_trigger.py took 0.178 seconds
[2025-08-10T03:00:56.614+0000] {processor.py:161} INFO - Started process (PID=764) to work on /home/airflow/.local/lib/python3.12/site-packages/airflow/example_dags/example_latest_only_with_trigger.py
[2025-08-10T03:00:56.616+0000] {processor.py:830} INFO - Processing file /home/airflow/.local/lib/python3.12/site-packages/airflow/example_dags/example_latest_only_with_trigger.py for tasks to queue
[2025-08-10T03:00:56.620+0000] {logging_mixin.py:188} INFO - [2025-08-10T03:00:56.619+0000] {dagbag.py:545} INFO - Filling up the DagBag from /home/airflow/.local/lib/python3.12/site-packages/airflow/example_dags/example_latest_only_with_trigger.py
[2025-08-10T03:00:56.630+0000] {processor.py:840} INFO - DAG(s) 'latest_only_with_trigger' retrieved from /home/airflow/.local/lib/python3.12/site-packages/airflow/example_dags/example_latest_only_with_trigger.py
[2025-08-10T03:00:56.673+0000] {logging_mixin.py:188} INFO - [2025-08-10T03:00:56.672+0000] {dag.py:3096} INFO - Sync 1 DAGs
[2025-08-10T03:00:56.718+0000] {logging_mixin.py:188} INFO - [2025-08-10T03:00:56.718+0000] {dag.py:3954} INFO - Setting next_dagrun for latest_only_with_trigger to 2025-08-09 20:00:00+00:00, run_after=2025-08-10 00:00:00+00:00
[2025-08-10T03:00:56.761+0000] {processor.py:183} INFO - Processing /home/airflow/.local/lib/python3.12/site-packages/airflow/example_dags/example_latest_only_with_trigger.py took 0.160 seconds
[2025-08-10T03:01:26.948+0000] {processor.py:161} INFO - Started process (PID=826) to work on /home/airflow/.local/lib/python3.12/site-packages/airflow/example_dags/example_latest_only_with_trigger.py
[2025-08-10T03:01:26.950+0000] {processor.py:830} INFO - Processing file /home/airflow/.local/lib/python3.12/site-packages/airflow/example_dags/example_latest_only_with_trigger.py for tasks to queue
[2025-08-10T03:01:26.955+0000] {logging_mixin.py:188} INFO - [2025-08-10T03:01:26.954+0000] {dagbag.py:545} INFO - Filling up the DagBag from /home/airflow/.local/lib/python3.12/site-packages/airflow/example_dags/example_latest_only_with_trigger.py
[2025-08-10T03:01:26.969+0000] {processor.py:840} INFO - DAG(s) 'latest_only_with_trigger' retrieved from /home/airflow/.local/lib/python3.12/site-packages/airflow/example_dags/example_latest_only_with_trigger.py
[2025-08-10T03:01:27.016+0000] {logging_mixin.py:188} INFO - [2025-08-10T03:01:27.015+0000] {dag.py:3096} INFO - Sync 1 DAGs
[2025-08-10T03:01:27.054+0000] {logging_mixin.py:188} INFO - [2025-08-10T03:01:27.054+0000] {dag.py:3954} INFO - Setting next_dagrun for latest_only_with_trigger to 2025-08-09 20:00:00+00:00, run_after=2025-08-10 00:00:00+00:00
[2025-08-10T03:01:27.100+0000] {processor.py:183} INFO - Processing /home/airflow/.local/lib/python3.12/site-packages/airflow/example_dags/example_latest_only_with_trigger.py took 0.165 seconds
[2025-08-10T03:01:57.421+0000] {processor.py:161} INFO - Started process (PID=889) to work on /home/airflow/.local/lib/python3.12/site-packages/airflow/example_dags/example_latest_only_with_trigger.py
[2025-08-10T03:01:57.423+0000] {processor.py:830} INFO - Processing file /home/airflow/.local/lib/python3.12/site-packages/airflow/example_dags/example_latest_only_with_trigger.py for tasks to queue
[2025-08-10T03:01:57.428+0000] {logging_mixin.py:188} INFO - [2025-08-10T03:01:57.427+0000] {dagbag.py:545} INFO - Filling up the DagBag from /home/airflow/.local/lib/python3.12/site-packages/airflow/example_dags/example_latest_only_with_trigger.py
[2025-08-10T03:01:57.443+0000] {processor.py:840} INFO - DAG(s) 'latest_only_with_trigger' retrieved from /home/airflow/.local/lib/python3.12/site-packages/airflow/example_dags/example_latest_only_with_trigger.py
[2025-08-10T03:01:57.486+0000] {logging_mixin.py:188} INFO - [2025-08-10T03:01:57.485+0000] {dag.py:3096} INFO - Sync 1 DAGs
[2025-08-10T03:01:57.532+0000] {logging_mixin.py:188} INFO - [2025-08-10T03:01:57.532+0000] {dag.py:3954} INFO - Setting next_dagrun for latest_only_with_trigger to 2025-08-09 20:00:00+00:00, run_after=2025-08-10 00:00:00+00:00
[2025-08-10T03:01:57.576+0000] {processor.py:183} INFO - Processing /home/airflow/.local/lib/python3.12/site-packages/airflow/example_dags/example_latest_only_with_trigger.py took 0.165 seconds
[2025-08-10T03:02:27.771+0000] {processor.py:161} INFO - Started process (PID=951) to work on /home/airflow/.local/lib/python3.12/site-packages/airflow/example_dags/example_latest_only_with_trigger.py
[2025-08-10T03:02:27.773+0000] {processor.py:830} INFO - Processing file /home/airflow/.local/lib/python3.12/site-packages/airflow/example_dags/example_latest_only_with_trigger.py for tasks to queue
[2025-08-10T03:02:27.775+0000] {logging_mixin.py:188} INFO - [2025-08-10T03:02:27.774+0000] {dagbag.py:545} INFO - Filling up the DagBag from /home/airflow/.local/lib/python3.12/site-packages/airflow/example_dags/example_latest_only_with_trigger.py
[2025-08-10T03:02:27.786+0000] {processor.py:840} INFO - DAG(s) 'latest_only_with_trigger' retrieved from /home/airflow/.local/lib/python3.12/site-packages/airflow/example_dags/example_latest_only_with_trigger.py
[2025-08-10T03:02:27.833+0000] {logging_mixin.py:188} INFO - [2025-08-10T03:02:27.832+0000] {dag.py:3096} INFO - Sync 1 DAGs
[2025-08-10T03:02:27.874+0000] {logging_mixin.py:188} INFO - [2025-08-10T03:02:27.873+0000] {dag.py:3954} INFO - Setting next_dagrun for latest_only_with_trigger to 2025-08-09 20:00:00+00:00, run_after=2025-08-10 00:00:00+00:00
[2025-08-10T03:02:27.914+0000] {processor.py:183} INFO - Processing /home/airflow/.local/lib/python3.12/site-packages/airflow/example_dags/example_latest_only_with_trigger.py took 0.153 seconds
[2025-08-10T03:02:58.303+0000] {processor.py:161} INFO - Started process (PID=1014) to work on /home/airflow/.local/lib/python3.12/site-packages/airflow/example_dags/example_latest_only_with_trigger.py
[2025-08-10T03:02:58.305+0000] {processor.py:830} INFO - Processing file /home/airflow/.local/lib/python3.12/site-packages/airflow/example_dags/example_latest_only_with_trigger.py for tasks to queue
[2025-08-10T03:02:58.309+0000] {logging_mixin.py:188} INFO - [2025-08-10T03:02:58.308+0000] {dagbag.py:545} INFO - Filling up the DagBag from /home/airflow/.local/lib/python3.12/site-packages/airflow/example_dags/example_latest_only_with_trigger.py
[2025-08-10T03:02:58.326+0000] {processor.py:840} INFO - DAG(s) 'latest_only_with_trigger' retrieved from /home/airflow/.local/lib/python3.12/site-packages/airflow/example_dags/example_latest_only_with_trigger.py
[2025-08-10T03:02:58.372+0000] {logging_mixin.py:188} INFO - [2025-08-10T03:02:58.371+0000] {dag.py:3096} INFO - Sync 1 DAGs
[2025-08-10T03:02:58.412+0000] {logging_mixin.py:188} INFO - [2025-08-10T03:02:58.412+0000] {dag.py:3954} INFO - Setting next_dagrun for latest_only_with_trigger to 2025-08-09 20:00:00+00:00, run_after=2025-08-10 00:00:00+00:00
[2025-08-10T03:02:58.528+0000] {processor.py:183} INFO - Processing /home/airflow/.local/lib/python3.12/site-packages/airflow/example_dags/example_latest_only_with_trigger.py took 0.238 seconds
[2025-08-10T03:03:28.657+0000] {processor.py:161} INFO - Started process (PID=1076) to work on /home/airflow/.local/lib/python3.12/site-packages/airflow/example_dags/example_latest_only_with_trigger.py
[2025-08-10T03:03:28.660+0000] {processor.py:830} INFO - Processing file /home/airflow/.local/lib/python3.12/site-packages/airflow/example_dags/example_latest_only_with_trigger.py for tasks to queue
[2025-08-10T03:03:28.662+0000] {logging_mixin.py:188} INFO - [2025-08-10T03:03:28.661+0000] {dagbag.py:545} INFO - Filling up the DagBag from /home/airflow/.local/lib/python3.12/site-packages/airflow/example_dags/example_latest_only_with_trigger.py
[2025-08-10T03:03:28.676+0000] {processor.py:840} INFO - DAG(s) 'latest_only_with_trigger' retrieved from /home/airflow/.local/lib/python3.12/site-packages/airflow/example_dags/example_latest_only_with_trigger.py
[2025-08-10T03:03:28.726+0000] {logging_mixin.py:188} INFO - [2025-08-10T03:03:28.726+0000] {dag.py:3096} INFO - Sync 1 DAGs
[2025-08-10T03:03:28.776+0000] {logging_mixin.py:188} INFO - [2025-08-10T03:03:28.775+0000] {dag.py:3954} INFO - Setting next_dagrun for latest_only_with_trigger to 2025-08-09 20:00:00+00:00, run_after=2025-08-10 00:00:00+00:00
[2025-08-10T03:03:28.830+0000] {processor.py:183} INFO - Processing /home/airflow/.local/lib/python3.12/site-packages/airflow/example_dags/example_latest_only_with_trigger.py took 0.185 seconds
[2025-08-10T03:03:59.094+0000] {processor.py:161} INFO - Started process (PID=1138) to work on /home/airflow/.local/lib/python3.12/site-packages/airflow/example_dags/example_latest_only_with_trigger.py
[2025-08-10T03:03:59.096+0000] {processor.py:830} INFO - Processing file /home/airflow/.local/lib/python3.12/site-packages/airflow/example_dags/example_latest_only_with_trigger.py for tasks to queue
[2025-08-10T03:03:59.098+0000] {logging_mixin.py:188} INFO - [2025-08-10T03:03:59.097+0000] {dagbag.py:545} INFO - Filling up the DagBag from /home/airflow/.local/lib/python3.12/site-packages/airflow/example_dags/example_latest_only_with_trigger.py
[2025-08-10T03:03:59.109+0000] {processor.py:840} INFO - DAG(s) 'latest_only_with_trigger' retrieved from /home/airflow/.local/lib/python3.12/site-packages/airflow/example_dags/example_latest_only_with_trigger.py
[2025-08-10T03:03:59.153+0000] {logging_mixin.py:188} INFO - [2025-08-10T03:03:59.152+0000] {dag.py:3096} INFO - Sync 1 DAGs
[2025-08-10T03:03:59.203+0000] {logging_mixin.py:188} INFO - [2025-08-10T03:03:59.203+0000] {dag.py:3954} INFO - Setting next_dagrun for latest_only_with_trigger to 2025-08-09 20:00:00+00:00, run_after=2025-08-10 00:00:00+00:00
[2025-08-10T03:03:59.251+0000] {processor.py:183} INFO - Processing /home/airflow/.local/lib/python3.12/site-packages/airflow/example_dags/example_latest_only_with_trigger.py took 0.166 seconds
[2025-08-10T03:04:29.728+0000] {processor.py:161} INFO - Started process (PID=1200) to work on /home/airflow/.local/lib/python3.12/site-packages/airflow/example_dags/example_latest_only_with_trigger.py
[2025-08-10T03:04:29.729+0000] {processor.py:830} INFO - Processing file /home/airflow/.local/lib/python3.12/site-packages/airflow/example_dags/example_latest_only_with_trigger.py for tasks to queue
[2025-08-10T03:04:29.731+0000] {logging_mixin.py:188} INFO - [2025-08-10T03:04:29.730+0000] {dagbag.py:545} INFO - Filling up the DagBag from /home/airflow/.local/lib/python3.12/site-packages/airflow/example_dags/example_latest_only_with_trigger.py
[2025-08-10T03:04:29.744+0000] {processor.py:840} INFO - DAG(s) 'latest_only_with_trigger' retrieved from /home/airflow/.local/lib/python3.12/site-packages/airflow/example_dags/example_latest_only_with_trigger.py
[2025-08-10T03:04:29.790+0000] {logging_mixin.py:188} INFO - [2025-08-10T03:04:29.790+0000] {dag.py:3096} INFO - Sync 1 DAGs
[2025-08-10T03:04:29.832+0000] {logging_mixin.py:188} INFO - [2025-08-10T03:04:29.831+0000] {dag.py:3954} INFO - Setting next_dagrun for latest_only_with_trigger to 2025-08-09 20:00:00+00:00, run_after=2025-08-10 00:00:00+00:00
[2025-08-10T03:04:29.880+0000] {processor.py:183} INFO - Processing /home/airflow/.local/lib/python3.12/site-packages/airflow/example_dags/example_latest_only_with_trigger.py took 0.163 seconds
[2025-08-10T03:05:00.088+0000] {processor.py:161} INFO - Started process (PID=1262) to work on /home/airflow/.local/lib/python3.12/site-packages/airflow/example_dags/example_latest_only_with_trigger.py
[2025-08-10T03:05:00.091+0000] {processor.py:830} INFO - Processing file /home/airflow/.local/lib/python3.12/site-packages/airflow/example_dags/example_latest_only_with_trigger.py for tasks to queue
[2025-08-10T03:05:00.092+0000] {logging_mixin.py:188} INFO - [2025-08-10T03:05:00.092+0000] {dagbag.py:545} INFO - Filling up the DagBag from /home/airflow/.local/lib/python3.12/site-packages/airflow/example_dags/example_latest_only_with_trigger.py
[2025-08-10T03:05:00.104+0000] {processor.py:840} INFO - DAG(s) 'latest_only_with_trigger' retrieved from /home/airflow/.local/lib/python3.12/site-packages/airflow/example_dags/example_latest_only_with_trigger.py
[2025-08-10T03:05:00.150+0000] {logging_mixin.py:188} INFO - [2025-08-10T03:05:00.150+0000] {dag.py:3096} INFO - Sync 1 DAGs
[2025-08-10T03:05:00.196+0000] {logging_mixin.py:188} INFO - [2025-08-10T03:05:00.196+0000] {dag.py:3954} INFO - Setting next_dagrun for latest_only_with_trigger to 2025-08-09 20:00:00+00:00, run_after=2025-08-10 00:00:00+00:00
[2025-08-10T03:05:00.244+0000] {processor.py:183} INFO - Processing /home/airflow/.local/lib/python3.12/site-packages/airflow/example_dags/example_latest_only_with_trigger.py took 0.165 seconds
[2025-08-10T03:05:30.838+0000] {processor.py:161} INFO - Started process (PID=1325) to work on /home/airflow/.local/lib/python3.12/site-packages/airflow/example_dags/example_latest_only_with_trigger.py
[2025-08-10T03:05:30.840+0000] {processor.py:830} INFO - Processing file /home/airflow/.local/lib/python3.12/site-packages/airflow/example_dags/example_latest_only_with_trigger.py for tasks to queue
[2025-08-10T03:05:30.841+0000] {logging_mixin.py:188} INFO - [2025-08-10T03:05:30.841+0000] {dagbag.py:545} INFO - Filling up the DagBag from /home/airflow/.local/lib/python3.12/site-packages/airflow/example_dags/example_latest_only_with_trigger.py
[2025-08-10T03:05:30.852+0000] {processor.py:840} INFO - DAG(s) 'latest_only_with_trigger' retrieved from /home/airflow/.local/lib/python3.12/site-packages/airflow/example_dags/example_latest_only_with_trigger.py
[2025-08-10T03:05:30.887+0000] {logging_mixin.py:188} INFO - [2025-08-10T03:05:30.887+0000] {dag.py:3096} INFO - Sync 1 DAGs
[2025-08-10T03:05:30.921+0000] {logging_mixin.py:188} INFO - [2025-08-10T03:05:30.920+0000] {dag.py:3954} INFO - Setting next_dagrun for latest_only_with_trigger to 2025-08-09 20:00:00+00:00, run_after=2025-08-10 00:00:00+00:00
[2025-08-10T03:05:30.965+0000] {processor.py:183} INFO - Processing /home/airflow/.local/lib/python3.12/site-packages/airflow/example_dags/example_latest_only_with_trigger.py took 0.135 seconds
[2025-08-10T03:06:01.572+0000] {processor.py:161} INFO - Started process (PID=1387) to work on /home/airflow/.local/lib/python3.12/site-packages/airflow/example_dags/example_latest_only_with_trigger.py
[2025-08-10T03:06:01.573+0000] {processor.py:830} INFO - Processing file /home/airflow/.local/lib/python3.12/site-packages/airflow/example_dags/example_latest_only_with_trigger.py for tasks to queue
[2025-08-10T03:06:01.575+0000] {logging_mixin.py:188} INFO - [2025-08-10T03:06:01.574+0000] {dagbag.py:545} INFO - Filling up the DagBag from /home/airflow/.local/lib/python3.12/site-packages/airflow/example_dags/example_latest_only_with_trigger.py
[2025-08-10T03:06:01.587+0000] {processor.py:840} INFO - DAG(s) 'latest_only_with_trigger' retrieved from /home/airflow/.local/lib/python3.12/site-packages/airflow/example_dags/example_latest_only_with_trigger.py
[2025-08-10T03:06:01.632+0000] {logging_mixin.py:188} INFO - [2025-08-10T03:06:01.632+0000] {dag.py:3096} INFO - Sync 1 DAGs
[2025-08-10T03:06:01.673+0000] {logging_mixin.py:188} INFO - [2025-08-10T03:06:01.673+0000] {dag.py:3954} INFO - Setting next_dagrun for latest_only_with_trigger to 2025-08-09 20:00:00+00:00, run_after=2025-08-10 00:00:00+00:00
[2025-08-10T03:06:01.720+0000] {processor.py:183} INFO - Processing /home/airflow/.local/lib/python3.12/site-packages/airflow/example_dags/example_latest_only_with_trigger.py took 0.157 seconds
[2025-08-10T03:06:31.929+0000] {processor.py:161} INFO - Started process (PID=1449) to work on /home/airflow/.local/lib/python3.12/site-packages/airflow/example_dags/example_latest_only_with_trigger.py
[2025-08-10T03:06:31.932+0000] {processor.py:830} INFO - Processing file /home/airflow/.local/lib/python3.12/site-packages/airflow/example_dags/example_latest_only_with_trigger.py for tasks to queue
[2025-08-10T03:06:31.933+0000] {logging_mixin.py:188} INFO - [2025-08-10T03:06:31.933+0000] {dagbag.py:545} INFO - Filling up the DagBag from /home/airflow/.local/lib/python3.12/site-packages/airflow/example_dags/example_latest_only_with_trigger.py
[2025-08-10T03:06:31.947+0000] {processor.py:840} INFO - DAG(s) 'latest_only_with_trigger' retrieved from /home/airflow/.local/lib/python3.12/site-packages/airflow/example_dags/example_latest_only_with_trigger.py
[2025-08-10T03:06:31.993+0000] {logging_mixin.py:188} INFO - [2025-08-10T03:06:31.992+0000] {dag.py:3096} INFO - Sync 1 DAGs
[2025-08-10T03:06:32.035+0000] {logging_mixin.py:188} INFO - [2025-08-10T03:06:32.034+0000] {dag.py:3954} INFO - Setting next_dagrun for latest_only_with_trigger to 2025-08-09 20:00:00+00:00, run_after=2025-08-10 00:00:00+00:00
[2025-08-10T03:06:32.077+0000] {processor.py:183} INFO - Processing /home/airflow/.local/lib/python3.12/site-packages/airflow/example_dags/example_latest_only_with_trigger.py took 0.160 seconds
[2025-08-10T03:07:02.700+0000] {processor.py:161} INFO - Started process (PID=1511) to work on /home/airflow/.local/lib/python3.12/site-packages/airflow/example_dags/example_latest_only_with_trigger.py
[2025-08-10T03:07:02.703+0000] {processor.py:830} INFO - Processing file /home/airflow/.local/lib/python3.12/site-packages/airflow/example_dags/example_latest_only_with_trigger.py for tasks to queue
[2025-08-10T03:07:02.705+0000] {logging_mixin.py:188} INFO - [2025-08-10T03:07:02.704+0000] {dagbag.py:545} INFO - Filling up the DagBag from /home/airflow/.local/lib/python3.12/site-packages/airflow/example_dags/example_latest_only_with_trigger.py
[2025-08-10T03:07:02.721+0000] {processor.py:840} INFO - DAG(s) 'latest_only_with_trigger' retrieved from /home/airflow/.local/lib/python3.12/site-packages/airflow/example_dags/example_latest_only_with_trigger.py
[2025-08-10T03:07:02.771+0000] {logging_mixin.py:188} INFO - [2025-08-10T03:07:02.770+0000] {dag.py:3096} INFO - Sync 1 DAGs
[2025-08-10T03:07:02.828+0000] {logging_mixin.py:188} INFO - [2025-08-10T03:07:02.828+0000] {dag.py:3954} INFO - Setting next_dagrun for latest_only_with_trigger to 2025-08-09 20:00:00+00:00, run_after=2025-08-10 00:00:00+00:00
[2025-08-10T03:07:02.881+0000] {processor.py:183} INFO - Processing /home/airflow/.local/lib/python3.12/site-packages/airflow/example_dags/example_latest_only_with_trigger.py took 0.193 seconds
[2025-08-10T03:17:48.205+0000] {processor.py:161} INFO - Started process (PID=1538) to work on /home/airflow/.local/lib/python3.12/site-packages/airflow/example_dags/example_latest_only_with_trigger.py
[2025-08-10T03:17:48.207+0000] {processor.py:830} INFO - Processing file /home/airflow/.local/lib/python3.12/site-packages/airflow/example_dags/example_latest_only_with_trigger.py for tasks to queue
[2025-08-10T03:17:48.209+0000] {logging_mixin.py:188} INFO - [2025-08-10T03:17:48.209+0000] {dagbag.py:545} INFO - Filling up the DagBag from /home/airflow/.local/lib/python3.12/site-packages/airflow/example_dags/example_latest_only_with_trigger.py
[2025-08-10T03:17:48.222+0000] {processor.py:840} INFO - DAG(s) 'latest_only_with_trigger' retrieved from /home/airflow/.local/lib/python3.12/site-packages/airflow/example_dags/example_latest_only_with_trigger.py
[2025-08-10T03:17:48.269+0000] {logging_mixin.py:188} INFO - [2025-08-10T03:17:48.269+0000] {dag.py:3096} INFO - Sync 1 DAGs
[2025-08-10T03:17:48.307+0000] {logging_mixin.py:188} INFO - [2025-08-10T03:17:48.307+0000] {dag.py:3954} INFO - Setting next_dagrun for latest_only_with_trigger to 2025-08-09 20:00:00+00:00, run_after=2025-08-10 00:00:00+00:00
[2025-08-10T03:17:48.340+0000] {processor.py:183} INFO - Processing /home/airflow/.local/lib/python3.12/site-packages/airflow/example_dags/example_latest_only_with_trigger.py took 0.146 seconds
[2025-08-10T03:18:19.207+0000] {processor.py:161} INFO - Started process (PID=1600) to work on /home/airflow/.local/lib/python3.12/site-packages/airflow/example_dags/example_latest_only_with_trigger.py
[2025-08-10T03:18:19.209+0000] {processor.py:830} INFO - Processing file /home/airflow/.local/lib/python3.12/site-packages/airflow/example_dags/example_latest_only_with_trigger.py for tasks to queue
[2025-08-10T03:18:19.210+0000] {logging_mixin.py:188} INFO - [2025-08-10T03:18:19.210+0000] {dagbag.py:545} INFO - Filling up the DagBag from /home/airflow/.local/lib/python3.12/site-packages/airflow/example_dags/example_latest_only_with_trigger.py
[2025-08-10T03:18:19.221+0000] {processor.py:840} INFO - DAG(s) 'latest_only_with_trigger' retrieved from /home/airflow/.local/lib/python3.12/site-packages/airflow/example_dags/example_latest_only_with_trigger.py
[2025-08-10T03:18:19.265+0000] {logging_mixin.py:188} INFO - [2025-08-10T03:18:19.264+0000] {dag.py:3096} INFO - Sync 1 DAGs
[2025-08-10T03:18:19.306+0000] {logging_mixin.py:188} INFO - [2025-08-10T03:18:19.305+0000] {dag.py:3954} INFO - Setting next_dagrun for latest_only_with_trigger to 2025-08-09 20:00:00+00:00, run_after=2025-08-10 00:00:00+00:00
[2025-08-10T03:18:19.349+0000] {processor.py:183} INFO - Processing /home/airflow/.local/lib/python3.12/site-packages/airflow/example_dags/example_latest_only_with_trigger.py took 0.151 seconds
[2025-08-10T03:18:49.854+0000] {processor.py:161} INFO - Started process (PID=1663) to work on /home/airflow/.local/lib/python3.12/site-packages/airflow/example_dags/example_latest_only_with_trigger.py
[2025-08-10T03:18:49.856+0000] {processor.py:830} INFO - Processing file /home/airflow/.local/lib/python3.12/site-packages/airflow/example_dags/example_latest_only_with_trigger.py for tasks to queue
[2025-08-10T03:18:49.858+0000] {logging_mixin.py:188} INFO - [2025-08-10T03:18:49.858+0000] {dagbag.py:545} INFO - Filling up the DagBag from /home/airflow/.local/lib/python3.12/site-packages/airflow/example_dags/example_latest_only_with_trigger.py
[2025-08-10T03:18:49.870+0000] {processor.py:840} INFO - DAG(s) 'latest_only_with_trigger' retrieved from /home/airflow/.local/lib/python3.12/site-packages/airflow/example_dags/example_latest_only_with_trigger.py
[2025-08-10T03:18:49.909+0000] {logging_mixin.py:188} INFO - [2025-08-10T03:18:49.909+0000] {dag.py:3096} INFO - Sync 1 DAGs
[2025-08-10T03:18:49.947+0000] {logging_mixin.py:188} INFO - [2025-08-10T03:18:49.946+0000] {dag.py:3954} INFO - Setting next_dagrun for latest_only_with_trigger to 2025-08-09 20:00:00+00:00, run_after=2025-08-10 00:00:00+00:00
[2025-08-10T03:18:49.986+0000] {processor.py:183} INFO - Processing /home/airflow/.local/lib/python3.12/site-packages/airflow/example_dags/example_latest_only_with_trigger.py took 0.142 seconds
[2025-08-10T03:19:21.276+0000] {processor.py:161} INFO - Started process (PID=1725) to work on /home/airflow/.local/lib/python3.12/site-packages/airflow/example_dags/example_latest_only_with_trigger.py
[2025-08-10T03:19:21.278+0000] {processor.py:830} INFO - Processing file /home/airflow/.local/lib/python3.12/site-packages/airflow/example_dags/example_latest_only_with_trigger.py for tasks to queue
[2025-08-10T03:19:21.280+0000] {logging_mixin.py:188} INFO - [2025-08-10T03:19:21.280+0000] {dagbag.py:545} INFO - Filling up the DagBag from /home/airflow/.local/lib/python3.12/site-packages/airflow/example_dags/example_latest_only_with_trigger.py
[2025-08-10T03:19:21.290+0000] {processor.py:840} INFO - DAG(s) 'latest_only_with_trigger' retrieved from /home/airflow/.local/lib/python3.12/site-packages/airflow/example_dags/example_latest_only_with_trigger.py
[2025-08-10T03:19:21.325+0000] {logging_mixin.py:188} INFO - [2025-08-10T03:19:21.325+0000] {dag.py:3096} INFO - Sync 1 DAGs
[2025-08-10T03:19:21.360+0000] {logging_mixin.py:188} INFO - [2025-08-10T03:19:21.359+0000] {dag.py:3954} INFO - Setting next_dagrun for latest_only_with_trigger to 2025-08-09 20:00:00+00:00, run_after=2025-08-10 00:00:00+00:00
[2025-08-10T03:19:21.388+0000] {processor.py:183} INFO - Processing /home/airflow/.local/lib/python3.12/site-packages/airflow/example_dags/example_latest_only_with_trigger.py took 0.121 seconds
[2025-08-10T03:19:52.209+0000] {processor.py:161} INFO - Started process (PID=1787) to work on /home/airflow/.local/lib/python3.12/site-packages/airflow/example_dags/example_latest_only_with_trigger.py
[2025-08-10T03:19:52.211+0000] {processor.py:830} INFO - Processing file /home/airflow/.local/lib/python3.12/site-packages/airflow/example_dags/example_latest_only_with_trigger.py for tasks to queue
[2025-08-10T03:19:52.212+0000] {logging_mixin.py:188} INFO - [2025-08-10T03:19:52.212+0000] {dagbag.py:545} INFO - Filling up the DagBag from /home/airflow/.local/lib/python3.12/site-packages/airflow/example_dags/example_latest_only_with_trigger.py
[2025-08-10T03:19:52.223+0000] {processor.py:840} INFO - DAG(s) 'latest_only_with_trigger' retrieved from /home/airflow/.local/lib/python3.12/site-packages/airflow/example_dags/example_latest_only_with_trigger.py
[2025-08-10T03:19:52.260+0000] {logging_mixin.py:188} INFO - [2025-08-10T03:19:52.260+0000] {dag.py:3096} INFO - Sync 1 DAGs
[2025-08-10T03:19:52.294+0000] {logging_mixin.py:188} INFO - [2025-08-10T03:19:52.294+0000] {dag.py:3954} INFO - Setting next_dagrun for latest_only_with_trigger to 2025-08-09 20:00:00+00:00, run_after=2025-08-10 00:00:00+00:00
[2025-08-10T03:19:52.326+0000] {processor.py:183} INFO - Processing /home/airflow/.local/lib/python3.12/site-packages/airflow/example_dags/example_latest_only_with_trigger.py took 0.126 seconds
[2025-08-10T03:20:23.129+0000] {processor.py:161} INFO - Started process (PID=1850) to work on /home/airflow/.local/lib/python3.12/site-packages/airflow/example_dags/example_latest_only_with_trigger.py
[2025-08-10T03:20:23.133+0000] {processor.py:830} INFO - Processing file /home/airflow/.local/lib/python3.12/site-packages/airflow/example_dags/example_latest_only_with_trigger.py for tasks to queue
[2025-08-10T03:20:23.135+0000] {logging_mixin.py:188} INFO - [2025-08-10T03:20:23.135+0000] {dagbag.py:545} INFO - Filling up the DagBag from /home/airflow/.local/lib/python3.12/site-packages/airflow/example_dags/example_latest_only_with_trigger.py
[2025-08-10T03:20:23.147+0000] {processor.py:840} INFO - DAG(s) 'latest_only_with_trigger' retrieved from /home/airflow/.local/lib/python3.12/site-packages/airflow/example_dags/example_latest_only_with_trigger.py
[2025-08-10T03:20:23.196+0000] {logging_mixin.py:188} INFO - [2025-08-10T03:20:23.195+0000] {dag.py:3096} INFO - Sync 1 DAGs
[2025-08-10T03:20:23.241+0000] {logging_mixin.py:188} INFO - [2025-08-10T03:20:23.240+0000] {dag.py:3954} INFO - Setting next_dagrun for latest_only_with_trigger to 2025-08-09 20:00:00+00:00, run_after=2025-08-10 00:00:00+00:00
[2025-08-10T03:20:23.285+0000] {processor.py:183} INFO - Processing /home/airflow/.local/lib/python3.12/site-packages/airflow/example_dags/example_latest_only_with_trigger.py took 0.167 seconds
[2025-08-10T03:20:53.927+0000] {processor.py:161} INFO - Started process (PID=1911) to work on /home/airflow/.local/lib/python3.12/site-packages/airflow/example_dags/example_latest_only_with_trigger.py
[2025-08-10T03:20:53.929+0000] {processor.py:830} INFO - Processing file /home/airflow/.local/lib/python3.12/site-packages/airflow/example_dags/example_latest_only_with_trigger.py for tasks to queue
[2025-08-10T03:20:53.931+0000] {logging_mixin.py:188} INFO - [2025-08-10T03:20:53.930+0000] {dagbag.py:545} INFO - Filling up the DagBag from /home/airflow/.local/lib/python3.12/site-packages/airflow/example_dags/example_latest_only_with_trigger.py
[2025-08-10T03:20:53.947+0000] {processor.py:840} INFO - DAG(s) 'latest_only_with_trigger' retrieved from /home/airflow/.local/lib/python3.12/site-packages/airflow/example_dags/example_latest_only_with_trigger.py
[2025-08-10T03:20:54.024+0000] {logging_mixin.py:188} INFO - [2025-08-10T03:20:54.023+0000] {dag.py:3096} INFO - Sync 1 DAGs
[2025-08-10T03:20:54.069+0000] {logging_mixin.py:188} INFO - [2025-08-10T03:20:54.068+0000] {dag.py:3954} INFO - Setting next_dagrun for latest_only_with_trigger to 2025-08-09 20:00:00+00:00, run_after=2025-08-10 00:00:00+00:00
[2025-08-10T03:20:54.117+0000] {processor.py:183} INFO - Processing /home/airflow/.local/lib/python3.12/site-packages/airflow/example_dags/example_latest_only_with_trigger.py took 0.203 seconds
[2025-08-10T03:21:24.777+0000] {processor.py:161} INFO - Started process (PID=1978) to work on /home/airflow/.local/lib/python3.12/site-packages/airflow/example_dags/example_latest_only_with_trigger.py
[2025-08-10T03:21:24.780+0000] {processor.py:830} INFO - Processing file /home/airflow/.local/lib/python3.12/site-packages/airflow/example_dags/example_latest_only_with_trigger.py for tasks to queue
[2025-08-10T03:21:24.782+0000] {logging_mixin.py:188} INFO - [2025-08-10T03:21:24.781+0000] {dagbag.py:545} INFO - Filling up the DagBag from /home/airflow/.local/lib/python3.12/site-packages/airflow/example_dags/example_latest_only_with_trigger.py
[2025-08-10T03:21:24.794+0000] {processor.py:840} INFO - DAG(s) 'latest_only_with_trigger' retrieved from /home/airflow/.local/lib/python3.12/site-packages/airflow/example_dags/example_latest_only_with_trigger.py
[2025-08-10T03:21:24.836+0000] {logging_mixin.py:188} INFO - [2025-08-10T03:21:24.835+0000] {dag.py:3096} INFO - Sync 1 DAGs
[2025-08-10T03:21:24.874+0000] {logging_mixin.py:188} INFO - [2025-08-10T03:21:24.873+0000] {dag.py:3954} INFO - Setting next_dagrun for latest_only_with_trigger to 2025-08-09 20:00:00+00:00, run_after=2025-08-10 00:00:00+00:00
[2025-08-10T03:21:24.908+0000] {processor.py:183} INFO - Processing /home/airflow/.local/lib/python3.12/site-packages/airflow/example_dags/example_latest_only_with_trigger.py took 0.143 seconds
[2025-08-10T03:21:55.524+0000] {processor.py:161} INFO - Started process (PID=2040) to work on /home/airflow/.local/lib/python3.12/site-packages/airflow/example_dags/example_latest_only_with_trigger.py
[2025-08-10T03:21:55.526+0000] {processor.py:830} INFO - Processing file /home/airflow/.local/lib/python3.12/site-packages/airflow/example_dags/example_latest_only_with_trigger.py for tasks to queue
[2025-08-10T03:21:55.527+0000] {logging_mixin.py:188} INFO - [2025-08-10T03:21:55.527+0000] {dagbag.py:545} INFO - Filling up the DagBag from /home/airflow/.local/lib/python3.12/site-packages/airflow/example_dags/example_latest_only_with_trigger.py
[2025-08-10T03:21:55.539+0000] {processor.py:840} INFO - DAG(s) 'latest_only_with_trigger' retrieved from /home/airflow/.local/lib/python3.12/site-packages/airflow/example_dags/example_latest_only_with_trigger.py
[2025-08-10T03:21:55.592+0000] {logging_mixin.py:188} INFO - [2025-08-10T03:21:55.591+0000] {dag.py:3096} INFO - Sync 1 DAGs
[2025-08-10T03:21:55.639+0000] {logging_mixin.py:188} INFO - [2025-08-10T03:21:55.638+0000] {dag.py:3954} INFO - Setting next_dagrun for latest_only_with_trigger to 2025-08-09 20:00:00+00:00, run_after=2025-08-10 00:00:00+00:00
[2025-08-10T03:21:55.688+0000] {processor.py:183} INFO - Processing /home/airflow/.local/lib/python3.12/site-packages/airflow/example_dags/example_latest_only_with_trigger.py took 0.175 seconds
[2025-08-10T03:22:25.855+0000] {processor.py:161} INFO - Started process (PID=2101) to work on /home/airflow/.local/lib/python3.12/site-packages/airflow/example_dags/example_latest_only_with_trigger.py
[2025-08-10T03:22:25.857+0000] {processor.py:830} INFO - Processing file /home/airflow/.local/lib/python3.12/site-packages/airflow/example_dags/example_latest_only_with_trigger.py for tasks to queue
[2025-08-10T03:22:25.859+0000] {logging_mixin.py:188} INFO - [2025-08-10T03:22:25.859+0000] {dagbag.py:545} INFO - Filling up the DagBag from /home/airflow/.local/lib/python3.12/site-packages/airflow/example_dags/example_latest_only_with_trigger.py
[2025-08-10T03:22:25.873+0000] {processor.py:840} INFO - DAG(s) 'latest_only_with_trigger' retrieved from /home/airflow/.local/lib/python3.12/site-packages/airflow/example_dags/example_latest_only_with_trigger.py
[2025-08-10T03:22:25.916+0000] {logging_mixin.py:188} INFO - [2025-08-10T03:22:25.915+0000] {dag.py:3096} INFO - Sync 1 DAGs
[2025-08-10T03:22:25.951+0000] {logging_mixin.py:188} INFO - [2025-08-10T03:22:25.950+0000] {dag.py:3954} INFO - Setting next_dagrun for latest_only_with_trigger to 2025-08-09 20:00:00+00:00, run_after=2025-08-10 00:00:00+00:00
[2025-08-10T03:22:25.993+0000] {processor.py:183} INFO - Processing /home/airflow/.local/lib/python3.12/site-packages/airflow/example_dags/example_latest_only_with_trigger.py took 0.150 seconds
[2025-08-10T08:22:56.449+0000] {processor.py:161} INFO - Started process (PID=2166) to work on /home/airflow/.local/lib/python3.12/site-packages/airflow/example_dags/example_latest_only_with_trigger.py
[2025-08-10T08:22:56.459+0000] {processor.py:830} INFO - Processing file /home/airflow/.local/lib/python3.12/site-packages/airflow/example_dags/example_latest_only_with_trigger.py for tasks to queue
[2025-08-10T08:22:56.463+0000] {logging_mixin.py:188} INFO - [2025-08-10T08:22:56.462+0000] {dagbag.py:545} INFO - Filling up the DagBag from /home/airflow/.local/lib/python3.12/site-packages/airflow/example_dags/example_latest_only_with_trigger.py
[2025-08-10T08:22:56.488+0000] {processor.py:840} INFO - DAG(s) 'latest_only_with_trigger' retrieved from /home/airflow/.local/lib/python3.12/site-packages/airflow/example_dags/example_latest_only_with_trigger.py
[2025-08-10T08:22:56.588+0000] {logging_mixin.py:188} INFO - [2025-08-10T08:22:56.587+0000] {dag.py:3096} INFO - Sync 1 DAGs
[2025-08-10T08:22:56.737+0000] {logging_mixin.py:188} INFO - [2025-08-10T08:22:56.736+0000] {dag.py:3954} INFO - Setting next_dagrun for latest_only_with_trigger to 2025-08-10 04:00:00+00:00, run_after=2025-08-10 08:00:00+00:00
[2025-08-10T08:22:56.881+0000] {processor.py:183} INFO - Processing /home/airflow/.local/lib/python3.12/site-packages/airflow/example_dags/example_latest_only_with_trigger.py took 0.468 seconds
[2025-08-10T15:12:17.663+0000] {processor.py:161} INFO - Started process (PID=2227) to work on /home/airflow/.local/lib/python3.12/site-packages/airflow/example_dags/example_latest_only_with_trigger.py
[2025-08-10T15:12:17.665+0000] {processor.py:830} INFO - Processing file /home/airflow/.local/lib/python3.12/site-packages/airflow/example_dags/example_latest_only_with_trigger.py for tasks to queue
[2025-08-10T15:12:17.667+0000] {logging_mixin.py:188} INFO - [2025-08-10T15:12:17.666+0000] {dagbag.py:545} INFO - Filling up the DagBag from /home/airflow/.local/lib/python3.12/site-packages/airflow/example_dags/example_latest_only_with_trigger.py
[2025-08-10T15:12:17.679+0000] {processor.py:840} INFO - DAG(s) 'latest_only_with_trigger' retrieved from /home/airflow/.local/lib/python3.12/site-packages/airflow/example_dags/example_latest_only_with_trigger.py
[2025-08-10T15:12:17.719+0000] {logging_mixin.py:188} INFO - [2025-08-10T15:12:17.719+0000] {dag.py:3096} INFO - Sync 1 DAGs
[2025-08-10T15:12:17.786+0000] {logging_mixin.py:188} INFO - [2025-08-10T15:12:17.786+0000] {dag.py:3954} INFO - Setting next_dagrun for latest_only_with_trigger to 2025-08-10 08:00:00+00:00, run_after=2025-08-10 12:00:00+00:00
[2025-08-10T15:12:17.831+0000] {processor.py:183} INFO - Processing /home/airflow/.local/lib/python3.12/site-packages/airflow/example_dags/example_latest_only_with_trigger.py took 0.178 seconds
[2025-08-10T15:12:48.327+0000] {processor.py:161} INFO - Started process (PID=2289) to work on /home/airflow/.local/lib/python3.12/site-packages/airflow/example_dags/example_latest_only_with_trigger.py
[2025-08-10T15:12:48.329+0000] {processor.py:830} INFO - Processing file /home/airflow/.local/lib/python3.12/site-packages/airflow/example_dags/example_latest_only_with_trigger.py for tasks to queue
[2025-08-10T15:12:48.330+0000] {logging_mixin.py:188} INFO - [2025-08-10T15:12:48.330+0000] {dagbag.py:545} INFO - Filling up the DagBag from /home/airflow/.local/lib/python3.12/site-packages/airflow/example_dags/example_latest_only_with_trigger.py
[2025-08-10T15:12:48.338+0000] {processor.py:840} INFO - DAG(s) 'latest_only_with_trigger' retrieved from /home/airflow/.local/lib/python3.12/site-packages/airflow/example_dags/example_latest_only_with_trigger.py
[2025-08-10T15:12:48.368+0000] {logging_mixin.py:188} INFO - [2025-08-10T15:12:48.367+0000] {dag.py:3096} INFO - Sync 1 DAGs
[2025-08-10T15:12:48.395+0000] {logging_mixin.py:188} INFO - [2025-08-10T15:12:48.394+0000] {dag.py:3954} INFO - Setting next_dagrun for latest_only_with_trigger to 2025-08-10 08:00:00+00:00, run_after=2025-08-10 12:00:00+00:00
[2025-08-10T15:12:48.420+0000] {processor.py:183} INFO - Processing /home/airflow/.local/lib/python3.12/site-packages/airflow/example_dags/example_latest_only_with_trigger.py took 0.100 seconds
[2025-08-10T15:13:19.264+0000] {processor.py:161} INFO - Started process (PID=2349) to work on /home/airflow/.local/lib/python3.12/site-packages/airflow/example_dags/example_latest_only_with_trigger.py
[2025-08-10T15:13:19.266+0000] {processor.py:830} INFO - Processing file /home/airflow/.local/lib/python3.12/site-packages/airflow/example_dags/example_latest_only_with_trigger.py for tasks to queue
[2025-08-10T15:13:19.268+0000] {logging_mixin.py:188} INFO - [2025-08-10T15:13:19.267+0000] {dagbag.py:545} INFO - Filling up the DagBag from /home/airflow/.local/lib/python3.12/site-packages/airflow/example_dags/example_latest_only_with_trigger.py
[2025-08-10T15:13:19.280+0000] {processor.py:840} INFO - DAG(s) 'latest_only_with_trigger' retrieved from /home/airflow/.local/lib/python3.12/site-packages/airflow/example_dags/example_latest_only_with_trigger.py
[2025-08-10T15:13:19.323+0000] {logging_mixin.py:188} INFO - [2025-08-10T15:13:19.322+0000] {dag.py:3096} INFO - Sync 1 DAGs
[2025-08-10T15:13:19.351+0000] {logging_mixin.py:188} INFO - [2025-08-10T15:13:19.351+0000] {dag.py:3954} INFO - Setting next_dagrun for latest_only_with_trigger to 2025-08-10 08:00:00+00:00, run_after=2025-08-10 12:00:00+00:00
[2025-08-10T15:13:19.380+0000] {processor.py:183} INFO - Processing /home/airflow/.local/lib/python3.12/site-packages/airflow/example_dags/example_latest_only_with_trigger.py took 0.128 seconds
[2025-08-10T15:13:50.517+0000] {processor.py:161} INFO - Started process (PID=2411) to work on /home/airflow/.local/lib/python3.12/site-packages/airflow/example_dags/example_latest_only_with_trigger.py
[2025-08-10T15:13:50.519+0000] {processor.py:830} INFO - Processing file /home/airflow/.local/lib/python3.12/site-packages/airflow/example_dags/example_latest_only_with_trigger.py for tasks to queue
[2025-08-10T15:13:50.521+0000] {logging_mixin.py:188} INFO - [2025-08-10T15:13:50.521+0000] {dagbag.py:545} INFO - Filling up the DagBag from /home/airflow/.local/lib/python3.12/site-packages/airflow/example_dags/example_latest_only_with_trigger.py
[2025-08-10T15:13:50.534+0000] {processor.py:840} INFO - DAG(s) 'latest_only_with_trigger' retrieved from /home/airflow/.local/lib/python3.12/site-packages/airflow/example_dags/example_latest_only_with_trigger.py
[2025-08-10T15:13:50.575+0000] {logging_mixin.py:188} INFO - [2025-08-10T15:13:50.574+0000] {dag.py:3096} INFO - Sync 1 DAGs
[2025-08-10T15:13:50.608+0000] {logging_mixin.py:188} INFO - [2025-08-10T15:13:50.608+0000] {dag.py:3954} INFO - Setting next_dagrun for latest_only_with_trigger to 2025-08-10 08:00:00+00:00, run_after=2025-08-10 12:00:00+00:00
[2025-08-10T15:13:50.651+0000] {processor.py:183} INFO - Processing /home/airflow/.local/lib/python3.12/site-packages/airflow/example_dags/example_latest_only_with_trigger.py took 0.146 seconds
[2025-08-10T15:14:21.065+0000] {processor.py:161} INFO - Started process (PID=2473) to work on /home/airflow/.local/lib/python3.12/site-packages/airflow/example_dags/example_latest_only_with_trigger.py
[2025-08-10T15:14:21.067+0000] {processor.py:830} INFO - Processing file /home/airflow/.local/lib/python3.12/site-packages/airflow/example_dags/example_latest_only_with_trigger.py for tasks to queue
[2025-08-10T15:14:21.069+0000] {logging_mixin.py:188} INFO - [2025-08-10T15:14:21.068+0000] {dagbag.py:545} INFO - Filling up the DagBag from /home/airflow/.local/lib/python3.12/site-packages/airflow/example_dags/example_latest_only_with_trigger.py
[2025-08-10T15:14:21.082+0000] {processor.py:840} INFO - DAG(s) 'latest_only_with_trigger' retrieved from /home/airflow/.local/lib/python3.12/site-packages/airflow/example_dags/example_latest_only_with_trigger.py
[2025-08-10T15:14:21.123+0000] {logging_mixin.py:188} INFO - [2025-08-10T15:14:21.123+0000] {dag.py:3096} INFO - Sync 1 DAGs
[2025-08-10T15:14:21.170+0000] {logging_mixin.py:188} INFO - [2025-08-10T15:14:21.169+0000] {dag.py:3954} INFO - Setting next_dagrun for latest_only_with_trigger to 2025-08-10 08:00:00+00:00, run_after=2025-08-10 12:00:00+00:00
[2025-08-10T15:14:21.211+0000] {processor.py:183} INFO - Processing /home/airflow/.local/lib/python3.12/site-packages/airflow/example_dags/example_latest_only_with_trigger.py took 0.156 seconds
[2025-08-10T15:14:51.793+0000] {processor.py:161} INFO - Started process (PID=2535) to work on /home/airflow/.local/lib/python3.12/site-packages/airflow/example_dags/example_latest_only_with_trigger.py
[2025-08-10T15:14:51.796+0000] {processor.py:830} INFO - Processing file /home/airflow/.local/lib/python3.12/site-packages/airflow/example_dags/example_latest_only_with_trigger.py for tasks to queue
[2025-08-10T15:14:51.798+0000] {logging_mixin.py:188} INFO - [2025-08-10T15:14:51.797+0000] {dagbag.py:545} INFO - Filling up the DagBag from /home/airflow/.local/lib/python3.12/site-packages/airflow/example_dags/example_latest_only_with_trigger.py
[2025-08-10T15:14:51.810+0000] {processor.py:840} INFO - DAG(s) 'latest_only_with_trigger' retrieved from /home/airflow/.local/lib/python3.12/site-packages/airflow/example_dags/example_latest_only_with_trigger.py
[2025-08-10T15:14:51.853+0000] {logging_mixin.py:188} INFO - [2025-08-10T15:14:51.852+0000] {dag.py:3096} INFO - Sync 1 DAGs
[2025-08-10T15:14:51.893+0000] {logging_mixin.py:188} INFO - [2025-08-10T15:14:51.893+0000] {dag.py:3954} INFO - Setting next_dagrun for latest_only_with_trigger to 2025-08-10 08:00:00+00:00, run_after=2025-08-10 12:00:00+00:00
[2025-08-10T15:14:51.935+0000] {processor.py:183} INFO - Processing /home/airflow/.local/lib/python3.12/site-packages/airflow/example_dags/example_latest_only_with_trigger.py took 0.153 seconds
[2025-08-10T15:15:22.179+0000] {processor.py:161} INFO - Started process (PID=2595) to work on /home/airflow/.local/lib/python3.12/site-packages/airflow/example_dags/example_latest_only_with_trigger.py
[2025-08-10T15:15:22.182+0000] {processor.py:830} INFO - Processing file /home/airflow/.local/lib/python3.12/site-packages/airflow/example_dags/example_latest_only_with_trigger.py for tasks to queue
[2025-08-10T15:15:22.183+0000] {logging_mixin.py:188} INFO - [2025-08-10T15:15:22.183+0000] {dagbag.py:545} INFO - Filling up the DagBag from /home/airflow/.local/lib/python3.12/site-packages/airflow/example_dags/example_latest_only_with_trigger.py
[2025-08-10T15:15:22.196+0000] {processor.py:840} INFO - DAG(s) 'latest_only_with_trigger' retrieved from /home/airflow/.local/lib/python3.12/site-packages/airflow/example_dags/example_latest_only_with_trigger.py
[2025-08-10T15:15:22.240+0000] {logging_mixin.py:188} INFO - [2025-08-10T15:15:22.240+0000] {dag.py:3096} INFO - Sync 1 DAGs
[2025-08-10T15:15:22.278+0000] {logging_mixin.py:188} INFO - [2025-08-10T15:15:22.278+0000] {dag.py:3954} INFO - Setting next_dagrun for latest_only_with_trigger to 2025-08-10 08:00:00+00:00, run_after=2025-08-10 12:00:00+00:00
[2025-08-10T15:15:22.312+0000] {processor.py:183} INFO - Processing /home/airflow/.local/lib/python3.12/site-packages/airflow/example_dags/example_latest_only_with_trigger.py took 0.147 seconds
[2025-08-10T15:15:52.863+0000] {processor.py:161} INFO - Started process (PID=2657) to work on /home/airflow/.local/lib/python3.12/site-packages/airflow/example_dags/example_latest_only_with_trigger.py
[2025-08-10T15:15:52.866+0000] {processor.py:830} INFO - Processing file /home/airflow/.local/lib/python3.12/site-packages/airflow/example_dags/example_latest_only_with_trigger.py for tasks to queue
[2025-08-10T15:15:52.868+0000] {logging_mixin.py:188} INFO - [2025-08-10T15:15:52.867+0000] {dagbag.py:545} INFO - Filling up the DagBag from /home/airflow/.local/lib/python3.12/site-packages/airflow/example_dags/example_latest_only_with_trigger.py
[2025-08-10T15:15:52.884+0000] {processor.py:840} INFO - DAG(s) 'latest_only_with_trigger' retrieved from /home/airflow/.local/lib/python3.12/site-packages/airflow/example_dags/example_latest_only_with_trigger.py
[2025-08-10T15:15:52.938+0000] {logging_mixin.py:188} INFO - [2025-08-10T15:15:52.936+0000] {dag.py:3096} INFO - Sync 1 DAGs
[2025-08-10T15:15:52.984+0000] {logging_mixin.py:188} INFO - [2025-08-10T15:15:52.984+0000] {dag.py:3954} INFO - Setting next_dagrun for latest_only_with_trigger to 2025-08-10 08:00:00+00:00, run_after=2025-08-10 12:00:00+00:00
[2025-08-10T15:15:53.029+0000] {processor.py:183} INFO - Processing /home/airflow/.local/lib/python3.12/site-packages/airflow/example_dags/example_latest_only_with_trigger.py took 0.181 seconds
[2025-08-10T15:16:23.792+0000] {processor.py:161} INFO - Started process (PID=2719) to work on /home/airflow/.local/lib/python3.12/site-packages/airflow/example_dags/example_latest_only_with_trigger.py
[2025-08-10T15:16:23.794+0000] {processor.py:830} INFO - Processing file /home/airflow/.local/lib/python3.12/site-packages/airflow/example_dags/example_latest_only_with_trigger.py for tasks to queue
[2025-08-10T15:16:23.796+0000] {logging_mixin.py:188} INFO - [2025-08-10T15:16:23.796+0000] {dagbag.py:545} INFO - Filling up the DagBag from /home/airflow/.local/lib/python3.12/site-packages/airflow/example_dags/example_latest_only_with_trigger.py
[2025-08-10T15:16:23.808+0000] {processor.py:840} INFO - DAG(s) 'latest_only_with_trigger' retrieved from /home/airflow/.local/lib/python3.12/site-packages/airflow/example_dags/example_latest_only_with_trigger.py
[2025-08-10T15:16:23.906+0000] {logging_mixin.py:188} INFO - [2025-08-10T15:16:23.904+0000] {dag.py:3096} INFO - Sync 1 DAGs
[2025-08-10T15:16:23.984+0000] {logging_mixin.py:188} INFO - [2025-08-10T15:16:23.983+0000] {dag.py:3954} INFO - Setting next_dagrun for latest_only_with_trigger to 2025-08-10 08:00:00+00:00, run_after=2025-08-10 12:00:00+00:00
[2025-08-10T15:16:24.070+0000] {processor.py:183} INFO - Processing /home/airflow/.local/lib/python3.12/site-packages/airflow/example_dags/example_latest_only_with_trigger.py took 0.290 seconds
[2025-08-10T15:16:54.201+0000] {processor.py:161} INFO - Started process (PID=2780) to work on /home/airflow/.local/lib/python3.12/site-packages/airflow/example_dags/example_latest_only_with_trigger.py
[2025-08-10T15:16:54.203+0000] {processor.py:830} INFO - Processing file /home/airflow/.local/lib/python3.12/site-packages/airflow/example_dags/example_latest_only_with_trigger.py for tasks to queue
[2025-08-10T15:16:54.205+0000] {logging_mixin.py:188} INFO - [2025-08-10T15:16:54.204+0000] {dagbag.py:545} INFO - Filling up the DagBag from /home/airflow/.local/lib/python3.12/site-packages/airflow/example_dags/example_latest_only_with_trigger.py
[2025-08-10T15:16:54.219+0000] {processor.py:840} INFO - DAG(s) 'latest_only_with_trigger' retrieved from /home/airflow/.local/lib/python3.12/site-packages/airflow/example_dags/example_latest_only_with_trigger.py
[2025-08-10T15:16:54.259+0000] {logging_mixin.py:188} INFO - [2025-08-10T15:16:54.259+0000] {dag.py:3096} INFO - Sync 1 DAGs
[2025-08-10T15:16:54.294+0000] {logging_mixin.py:188} INFO - [2025-08-10T15:16:54.294+0000] {dag.py:3954} INFO - Setting next_dagrun for latest_only_with_trigger to 2025-08-10 08:00:00+00:00, run_after=2025-08-10 12:00:00+00:00
[2025-08-10T15:16:54.327+0000] {processor.py:183} INFO - Processing /home/airflow/.local/lib/python3.12/site-packages/airflow/example_dags/example_latest_only_with_trigger.py took 0.137 seconds
