[2025-08-10T02:55:22.251+0000] {processor.py:161} INFO - Started process (PID=100) to work on /home/airflow/.local/lib/python3.12/site-packages/airflow/example_dags/example_branch_python_dop_operator_3.py
[2025-08-10T02:55:22.253+0000] {processor.py:830} INFO - Processing file /home/airflow/.local/lib/python3.12/site-packages/airflow/example_dags/example_branch_python_dop_operator_3.py for tasks to queue
[2025-08-10T02:55:22.256+0000] {logging_mixin.py:188} INFO - [2025-08-10T02:55:22.256+0000] {dagbag.py:545} INFO - Filling up the DagBag from /home/airflow/.local/lib/python3.12/site-packages/airflow/example_dags/example_branch_python_dop_operator_3.py
[2025-08-10T02:55:22.277+0000] {processor.py:840} INFO - DAG(s) 'example_branch_dop_operator_v3' retrieved from /home/airflow/.local/lib/python3.12/site-packages/airflow/example_dags/example_branch_python_dop_operator_3.py
[2025-08-10T02:55:22.434+0000] {logging_mixin.py:188} INFO - [2025-08-10T02:55:22.433+0000] {dag.py:3096} INFO - Sync 1 DAGs
[2025-08-10T02:55:22.473+0000] {logging_mixin.py:188} INFO - [2025-08-10T02:55:22.473+0000] {dag.py:3954} INFO - Setting next_dagrun for example_branch_dop_operator_v3 to 2025-08-10 02:54:00+00:00, run_after=2025-08-10 02:55:00+00:00
[2025-08-10T02:55:22.506+0000] {processor.py:183} INFO - Processing /home/airflow/.local/lib/python3.12/site-packages/airflow/example_dags/example_branch_python_dop_operator_3.py took 0.265 seconds
[2025-08-10T02:55:52.957+0000] {processor.py:161} INFO - Started process (PID=162) to work on /home/airflow/.local/lib/python3.12/site-packages/airflow/example_dags/example_branch_python_dop_operator_3.py
[2025-08-10T02:55:52.959+0000] {processor.py:830} INFO - Processing file /home/airflow/.local/lib/python3.12/site-packages/airflow/example_dags/example_branch_python_dop_operator_3.py for tasks to queue
[2025-08-10T02:55:52.963+0000] {logging_mixin.py:188} INFO - [2025-08-10T02:55:52.963+0000] {dagbag.py:545} INFO - Filling up the DagBag from /home/airflow/.local/lib/python3.12/site-packages/airflow/example_dags/example_branch_python_dop_operator_3.py
[2025-08-10T02:55:52.979+0000] {processor.py:840} INFO - DAG(s) 'example_branch_dop_operator_v3' retrieved from /home/airflow/.local/lib/python3.12/site-packages/airflow/example_dags/example_branch_python_dop_operator_3.py
[2025-08-10T02:55:53.022+0000] {logging_mixin.py:188} INFO - [2025-08-10T02:55:53.021+0000] {dag.py:3096} INFO - Sync 1 DAGs
[2025-08-10T02:55:53.065+0000] {logging_mixin.py:188} INFO - [2025-08-10T02:55:53.065+0000] {dag.py:3954} INFO - Setting next_dagrun for example_branch_dop_operator_v3 to 2025-08-10 02:54:00+00:00, run_after=2025-08-10 02:55:00+00:00
[2025-08-10T02:55:53.104+0000] {processor.py:183} INFO - Processing /home/airflow/.local/lib/python3.12/site-packages/airflow/example_dags/example_branch_python_dop_operator_3.py took 0.157 seconds
[2025-08-10T02:56:23.306+0000] {processor.py:161} INFO - Started process (PID=224) to work on /home/airflow/.local/lib/python3.12/site-packages/airflow/example_dags/example_branch_python_dop_operator_3.py
[2025-08-10T02:56:23.308+0000] {processor.py:830} INFO - Processing file /home/airflow/.local/lib/python3.12/site-packages/airflow/example_dags/example_branch_python_dop_operator_3.py for tasks to queue
[2025-08-10T02:56:23.312+0000] {logging_mixin.py:188} INFO - [2025-08-10T02:56:23.312+0000] {dagbag.py:545} INFO - Filling up the DagBag from /home/airflow/.local/lib/python3.12/site-packages/airflow/example_dags/example_branch_python_dop_operator_3.py
[2025-08-10T02:56:23.326+0000] {processor.py:840} INFO - DAG(s) 'example_branch_dop_operator_v3' retrieved from /home/airflow/.local/lib/python3.12/site-packages/airflow/example_dags/example_branch_python_dop_operator_3.py
[2025-08-10T02:56:23.367+0000] {logging_mixin.py:188} INFO - [2025-08-10T02:56:23.366+0000] {dag.py:3096} INFO - Sync 1 DAGs
[2025-08-10T02:56:23.435+0000] {logging_mixin.py:188} INFO - [2025-08-10T02:56:23.435+0000] {dag.py:3954} INFO - Setting next_dagrun for example_branch_dop_operator_v3 to 2025-08-10 02:55:00+00:00, run_after=2025-08-10 02:56:00+00:00
[2025-08-10T02:56:23.469+0000] {processor.py:183} INFO - Processing /home/airflow/.local/lib/python3.12/site-packages/airflow/example_dags/example_branch_python_dop_operator_3.py took 0.175 seconds
[2025-08-10T02:56:54.205+0000] {processor.py:161} INFO - Started process (PID=286) to work on /home/airflow/.local/lib/python3.12/site-packages/airflow/example_dags/example_branch_python_dop_operator_3.py
[2025-08-10T02:56:54.207+0000] {processor.py:830} INFO - Processing file /home/airflow/.local/lib/python3.12/site-packages/airflow/example_dags/example_branch_python_dop_operator_3.py for tasks to queue
[2025-08-10T02:56:54.210+0000] {logging_mixin.py:188} INFO - [2025-08-10T02:56:54.210+0000] {dagbag.py:545} INFO - Filling up the DagBag from /home/airflow/.local/lib/python3.12/site-packages/airflow/example_dags/example_branch_python_dop_operator_3.py
[2025-08-10T02:56:54.226+0000] {processor.py:840} INFO - DAG(s) 'example_branch_dop_operator_v3' retrieved from /home/airflow/.local/lib/python3.12/site-packages/airflow/example_dags/example_branch_python_dop_operator_3.py
[2025-08-10T02:56:54.263+0000] {logging_mixin.py:188} INFO - [2025-08-10T02:56:54.262+0000] {dag.py:3096} INFO - Sync 1 DAGs
[2025-08-10T02:56:54.296+0000] {logging_mixin.py:188} INFO - [2025-08-10T02:56:54.296+0000] {dag.py:3954} INFO - Setting next_dagrun for example_branch_dop_operator_v3 to 2025-08-10 02:55:00+00:00, run_after=2025-08-10 02:56:00+00:00
[2025-08-10T02:56:54.325+0000] {processor.py:183} INFO - Processing /home/airflow/.local/lib/python3.12/site-packages/airflow/example_dags/example_branch_python_dop_operator_3.py took 0.129 seconds
[2025-08-10T02:57:24.494+0000] {processor.py:161} INFO - Started process (PID=348) to work on /home/airflow/.local/lib/python3.12/site-packages/airflow/example_dags/example_branch_python_dop_operator_3.py
[2025-08-10T02:57:24.496+0000] {processor.py:830} INFO - Processing file /home/airflow/.local/lib/python3.12/site-packages/airflow/example_dags/example_branch_python_dop_operator_3.py for tasks to queue
[2025-08-10T02:57:24.501+0000] {logging_mixin.py:188} INFO - [2025-08-10T02:57:24.500+0000] {dagbag.py:545} INFO - Filling up the DagBag from /home/airflow/.local/lib/python3.12/site-packages/airflow/example_dags/example_branch_python_dop_operator_3.py
[2025-08-10T02:57:24.520+0000] {processor.py:840} INFO - DAG(s) 'example_branch_dop_operator_v3' retrieved from /home/airflow/.local/lib/python3.12/site-packages/airflow/example_dags/example_branch_python_dop_operator_3.py
[2025-08-10T02:57:24.558+0000] {logging_mixin.py:188} INFO - [2025-08-10T02:57:24.557+0000] {dag.py:3096} INFO - Sync 1 DAGs
[2025-08-10T02:57:24.595+0000] {logging_mixin.py:188} INFO - [2025-08-10T02:57:24.595+0000] {dag.py:3954} INFO - Setting next_dagrun for example_branch_dop_operator_v3 to 2025-08-10 02:56:00+00:00, run_after=2025-08-10 02:57:00+00:00
[2025-08-10T02:57:24.629+0000] {processor.py:183} INFO - Processing /home/airflow/.local/lib/python3.12/site-packages/airflow/example_dags/example_branch_python_dop_operator_3.py took 0.147 seconds
[2025-08-10T02:57:55.710+0000] {processor.py:161} INFO - Started process (PID=410) to work on /home/airflow/.local/lib/python3.12/site-packages/airflow/example_dags/example_branch_python_dop_operator_3.py
[2025-08-10T02:57:55.712+0000] {processor.py:830} INFO - Processing file /home/airflow/.local/lib/python3.12/site-packages/airflow/example_dags/example_branch_python_dop_operator_3.py for tasks to queue
[2025-08-10T02:57:55.715+0000] {logging_mixin.py:188} INFO - [2025-08-10T02:57:55.715+0000] {dagbag.py:545} INFO - Filling up the DagBag from /home/airflow/.local/lib/python3.12/site-packages/airflow/example_dags/example_branch_python_dop_operator_3.py
[2025-08-10T02:57:55.730+0000] {processor.py:840} INFO - DAG(s) 'example_branch_dop_operator_v3' retrieved from /home/airflow/.local/lib/python3.12/site-packages/airflow/example_dags/example_branch_python_dop_operator_3.py
[2025-08-10T02:57:55.764+0000] {logging_mixin.py:188} INFO - [2025-08-10T02:57:55.763+0000] {dag.py:3096} INFO - Sync 1 DAGs
[2025-08-10T02:57:55.800+0000] {logging_mixin.py:188} INFO - [2025-08-10T02:57:55.800+0000] {dag.py:3954} INFO - Setting next_dagrun for example_branch_dop_operator_v3 to 2025-08-10 02:56:00+00:00, run_after=2025-08-10 02:57:00+00:00
[2025-08-10T02:57:55.833+0000] {processor.py:183} INFO - Processing /home/airflow/.local/lib/python3.12/site-packages/airflow/example_dags/example_branch_python_dop_operator_3.py took 0.132 seconds
[2025-08-10T02:58:26.418+0000] {processor.py:161} INFO - Started process (PID=472) to work on /home/airflow/.local/lib/python3.12/site-packages/airflow/example_dags/example_branch_python_dop_operator_3.py
[2025-08-10T02:58:26.419+0000] {processor.py:830} INFO - Processing file /home/airflow/.local/lib/python3.12/site-packages/airflow/example_dags/example_branch_python_dop_operator_3.py for tasks to queue
[2025-08-10T02:58:26.422+0000] {logging_mixin.py:188} INFO - [2025-08-10T02:58:26.422+0000] {dagbag.py:545} INFO - Filling up the DagBag from /home/airflow/.local/lib/python3.12/site-packages/airflow/example_dags/example_branch_python_dop_operator_3.py
[2025-08-10T02:58:26.438+0000] {processor.py:840} INFO - DAG(s) 'example_branch_dop_operator_v3' retrieved from /home/airflow/.local/lib/python3.12/site-packages/airflow/example_dags/example_branch_python_dop_operator_3.py
[2025-08-10T02:58:26.478+0000] {logging_mixin.py:188} INFO - [2025-08-10T02:58:26.477+0000] {dag.py:3096} INFO - Sync 1 DAGs
[2025-08-10T02:58:26.515+0000] {logging_mixin.py:188} INFO - [2025-08-10T02:58:26.515+0000] {dag.py:3954} INFO - Setting next_dagrun for example_branch_dop_operator_v3 to 2025-08-10 02:57:00+00:00, run_after=2025-08-10 02:58:00+00:00
[2025-08-10T02:58:26.543+0000] {processor.py:183} INFO - Processing /home/airflow/.local/lib/python3.12/site-packages/airflow/example_dags/example_branch_python_dop_operator_3.py took 0.134 seconds
[2025-08-10T02:58:57.049+0000] {processor.py:161} INFO - Started process (PID=534) to work on /home/airflow/.local/lib/python3.12/site-packages/airflow/example_dags/example_branch_python_dop_operator_3.py
[2025-08-10T02:58:57.050+0000] {processor.py:830} INFO - Processing file /home/airflow/.local/lib/python3.12/site-packages/airflow/example_dags/example_branch_python_dop_operator_3.py for tasks to queue
[2025-08-10T02:58:57.054+0000] {logging_mixin.py:188} INFO - [2025-08-10T02:58:57.053+0000] {dagbag.py:545} INFO - Filling up the DagBag from /home/airflow/.local/lib/python3.12/site-packages/airflow/example_dags/example_branch_python_dop_operator_3.py
[2025-08-10T02:58:57.067+0000] {processor.py:840} INFO - DAG(s) 'example_branch_dop_operator_v3' retrieved from /home/airflow/.local/lib/python3.12/site-packages/airflow/example_dags/example_branch_python_dop_operator_3.py
[2025-08-10T02:58:57.107+0000] {logging_mixin.py:188} INFO - [2025-08-10T02:58:57.106+0000] {dag.py:3096} INFO - Sync 1 DAGs
[2025-08-10T02:58:57.148+0000] {logging_mixin.py:188} INFO - [2025-08-10T02:58:57.148+0000] {dag.py:3954} INFO - Setting next_dagrun for example_branch_dop_operator_v3 to 2025-08-10 02:57:00+00:00, run_after=2025-08-10 02:58:00+00:00
[2025-08-10T02:58:57.182+0000] {processor.py:183} INFO - Processing /home/airflow/.local/lib/python3.12/site-packages/airflow/example_dags/example_branch_python_dop_operator_3.py took 0.142 seconds
[2025-08-10T02:59:27.932+0000] {processor.py:161} INFO - Started process (PID=596) to work on /home/airflow/.local/lib/python3.12/site-packages/airflow/example_dags/example_branch_python_dop_operator_3.py
[2025-08-10T02:59:27.934+0000] {processor.py:830} INFO - Processing file /home/airflow/.local/lib/python3.12/site-packages/airflow/example_dags/example_branch_python_dop_operator_3.py for tasks to queue
[2025-08-10T02:59:27.937+0000] {logging_mixin.py:188} INFO - [2025-08-10T02:59:27.936+0000] {dagbag.py:545} INFO - Filling up the DagBag from /home/airflow/.local/lib/python3.12/site-packages/airflow/example_dags/example_branch_python_dop_operator_3.py
[2025-08-10T02:59:27.949+0000] {processor.py:840} INFO - DAG(s) 'example_branch_dop_operator_v3' retrieved from /home/airflow/.local/lib/python3.12/site-packages/airflow/example_dags/example_branch_python_dop_operator_3.py
[2025-08-10T02:59:27.984+0000] {logging_mixin.py:188} INFO - [2025-08-10T02:59:27.983+0000] {dag.py:3096} INFO - Sync 1 DAGs
[2025-08-10T02:59:28.019+0000] {logging_mixin.py:188} INFO - [2025-08-10T02:59:28.019+0000] {dag.py:3954} INFO - Setting next_dagrun for example_branch_dop_operator_v3 to 2025-08-10 02:58:00+00:00, run_after=2025-08-10 02:59:00+00:00
[2025-08-10T02:59:28.061+0000] {processor.py:183} INFO - Processing /home/airflow/.local/lib/python3.12/site-packages/airflow/example_dags/example_branch_python_dop_operator_3.py took 0.138 seconds
[2025-08-10T02:59:58.836+0000] {processor.py:161} INFO - Started process (PID=658) to work on /home/airflow/.local/lib/python3.12/site-packages/airflow/example_dags/example_branch_python_dop_operator_3.py
[2025-08-10T02:59:58.838+0000] {processor.py:830} INFO - Processing file /home/airflow/.local/lib/python3.12/site-packages/airflow/example_dags/example_branch_python_dop_operator_3.py for tasks to queue
[2025-08-10T02:59:58.843+0000] {logging_mixin.py:188} INFO - [2025-08-10T02:59:58.842+0000] {dagbag.py:545} INFO - Filling up the DagBag from /home/airflow/.local/lib/python3.12/site-packages/airflow/example_dags/example_branch_python_dop_operator_3.py
[2025-08-10T02:59:58.865+0000] {processor.py:840} INFO - DAG(s) 'example_branch_dop_operator_v3' retrieved from /home/airflow/.local/lib/python3.12/site-packages/airflow/example_dags/example_branch_python_dop_operator_3.py
[2025-08-10T02:59:58.902+0000] {logging_mixin.py:188} INFO - [2025-08-10T02:59:58.902+0000] {dag.py:3096} INFO - Sync 1 DAGs
[2025-08-10T02:59:58.938+0000] {logging_mixin.py:188} INFO - [2025-08-10T02:59:58.938+0000] {dag.py:3954} INFO - Setting next_dagrun for example_branch_dop_operator_v3 to 2025-08-10 02:58:00+00:00, run_after=2025-08-10 02:59:00+00:00
[2025-08-10T02:59:58.978+0000] {processor.py:183} INFO - Processing /home/airflow/.local/lib/python3.12/site-packages/airflow/example_dags/example_branch_python_dop_operator_3.py took 0.161 seconds
[2025-08-10T03:00:29.802+0000] {processor.py:161} INFO - Started process (PID=720) to work on /home/airflow/.local/lib/python3.12/site-packages/airflow/example_dags/example_branch_python_dop_operator_3.py
[2025-08-10T03:00:29.803+0000] {processor.py:830} INFO - Processing file /home/airflow/.local/lib/python3.12/site-packages/airflow/example_dags/example_branch_python_dop_operator_3.py for tasks to queue
[2025-08-10T03:00:29.806+0000] {logging_mixin.py:188} INFO - [2025-08-10T03:00:29.806+0000] {dagbag.py:545} INFO - Filling up the DagBag from /home/airflow/.local/lib/python3.12/site-packages/airflow/example_dags/example_branch_python_dop_operator_3.py
[2025-08-10T03:00:29.823+0000] {processor.py:840} INFO - DAG(s) 'example_branch_dop_operator_v3' retrieved from /home/airflow/.local/lib/python3.12/site-packages/airflow/example_dags/example_branch_python_dop_operator_3.py
[2025-08-10T03:00:29.860+0000] {logging_mixin.py:188} INFO - [2025-08-10T03:00:29.860+0000] {dag.py:3096} INFO - Sync 1 DAGs
[2025-08-10T03:00:29.898+0000] {logging_mixin.py:188} INFO - [2025-08-10T03:00:29.898+0000] {dag.py:3954} INFO - Setting next_dagrun for example_branch_dop_operator_v3 to 2025-08-10 02:59:00+00:00, run_after=2025-08-10 03:00:00+00:00
[2025-08-10T03:00:29.931+0000] {processor.py:183} INFO - Processing /home/airflow/.local/lib/python3.12/site-packages/airflow/example_dags/example_branch_python_dop_operator_3.py took 0.138 seconds
[2025-08-10T03:01:00.958+0000] {processor.py:161} INFO - Started process (PID=782) to work on /home/airflow/.local/lib/python3.12/site-packages/airflow/example_dags/example_branch_python_dop_operator_3.py
[2025-08-10T03:01:00.962+0000] {processor.py:830} INFO - Processing file /home/airflow/.local/lib/python3.12/site-packages/airflow/example_dags/example_branch_python_dop_operator_3.py for tasks to queue
[2025-08-10T03:01:00.969+0000] {logging_mixin.py:188} INFO - [2025-08-10T03:01:00.968+0000] {dagbag.py:545} INFO - Filling up the DagBag from /home/airflow/.local/lib/python3.12/site-packages/airflow/example_dags/example_branch_python_dop_operator_3.py
[2025-08-10T03:01:00.993+0000] {processor.py:840} INFO - DAG(s) 'example_branch_dop_operator_v3' retrieved from /home/airflow/.local/lib/python3.12/site-packages/airflow/example_dags/example_branch_python_dop_operator_3.py
[2025-08-10T03:01:01.035+0000] {logging_mixin.py:188} INFO - [2025-08-10T03:01:01.034+0000] {dag.py:3096} INFO - Sync 1 DAGs
[2025-08-10T03:01:01.074+0000] {logging_mixin.py:188} INFO - [2025-08-10T03:01:01.074+0000] {dag.py:3954} INFO - Setting next_dagrun for example_branch_dop_operator_v3 to 2025-08-10 03:00:00+00:00, run_after=2025-08-10 03:01:00+00:00
[2025-08-10T03:01:01.104+0000] {processor.py:183} INFO - Processing /home/airflow/.local/lib/python3.12/site-packages/airflow/example_dags/example_branch_python_dop_operator_3.py took 0.159 seconds
[2025-08-10T03:01:31.417+0000] {processor.py:161} INFO - Started process (PID=844) to work on /home/airflow/.local/lib/python3.12/site-packages/airflow/example_dags/example_branch_python_dop_operator_3.py
[2025-08-10T03:01:31.419+0000] {processor.py:830} INFO - Processing file /home/airflow/.local/lib/python3.12/site-packages/airflow/example_dags/example_branch_python_dop_operator_3.py for tasks to queue
[2025-08-10T03:01:31.422+0000] {logging_mixin.py:188} INFO - [2025-08-10T03:01:31.422+0000] {dagbag.py:545} INFO - Filling up the DagBag from /home/airflow/.local/lib/python3.12/site-packages/airflow/example_dags/example_branch_python_dop_operator_3.py
[2025-08-10T03:01:31.437+0000] {processor.py:840} INFO - DAG(s) 'example_branch_dop_operator_v3' retrieved from /home/airflow/.local/lib/python3.12/site-packages/airflow/example_dags/example_branch_python_dop_operator_3.py
[2025-08-10T03:01:31.472+0000] {logging_mixin.py:188} INFO - [2025-08-10T03:01:31.471+0000] {dag.py:3096} INFO - Sync 1 DAGs
[2025-08-10T03:01:31.505+0000] {logging_mixin.py:188} INFO - [2025-08-10T03:01:31.505+0000] {dag.py:3954} INFO - Setting next_dagrun for example_branch_dop_operator_v3 to 2025-08-10 03:00:00+00:00, run_after=2025-08-10 03:01:00+00:00
[2025-08-10T03:01:31.536+0000] {processor.py:183} INFO - Processing /home/airflow/.local/lib/python3.12/site-packages/airflow/example_dags/example_branch_python_dop_operator_3.py took 0.127 seconds
[2025-08-10T03:02:03.049+0000] {processor.py:161} INFO - Started process (PID=907) to work on /home/airflow/.local/lib/python3.12/site-packages/airflow/example_dags/example_branch_python_dop_operator_3.py
[2025-08-10T03:02:03.051+0000] {processor.py:830} INFO - Processing file /home/airflow/.local/lib/python3.12/site-packages/airflow/example_dags/example_branch_python_dop_operator_3.py for tasks to queue
[2025-08-10T03:02:03.054+0000] {logging_mixin.py:188} INFO - [2025-08-10T03:02:03.054+0000] {dagbag.py:545} INFO - Filling up the DagBag from /home/airflow/.local/lib/python3.12/site-packages/airflow/example_dags/example_branch_python_dop_operator_3.py
[2025-08-10T03:02:03.069+0000] {processor.py:840} INFO - DAG(s) 'example_branch_dop_operator_v3' retrieved from /home/airflow/.local/lib/python3.12/site-packages/airflow/example_dags/example_branch_python_dop_operator_3.py
[2025-08-10T03:02:03.110+0000] {logging_mixin.py:188} INFO - [2025-08-10T03:02:03.109+0000] {dag.py:3096} INFO - Sync 1 DAGs
[2025-08-10T03:02:03.157+0000] {logging_mixin.py:188} INFO - [2025-08-10T03:02:03.157+0000] {dag.py:3954} INFO - Setting next_dagrun for example_branch_dop_operator_v3 to 2025-08-10 03:01:00+00:00, run_after=2025-08-10 03:02:00+00:00
[2025-08-10T03:02:03.197+0000] {processor.py:183} INFO - Processing /home/airflow/.local/lib/python3.12/site-packages/airflow/example_dags/example_branch_python_dop_operator_3.py took 0.159 seconds
[2025-08-10T03:02:33.876+0000] {processor.py:161} INFO - Started process (PID=969) to work on /home/airflow/.local/lib/python3.12/site-packages/airflow/example_dags/example_branch_python_dop_operator_3.py
[2025-08-10T03:02:33.878+0000] {processor.py:830} INFO - Processing file /home/airflow/.local/lib/python3.12/site-packages/airflow/example_dags/example_branch_python_dop_operator_3.py for tasks to queue
[2025-08-10T03:02:33.879+0000] {logging_mixin.py:188} INFO - [2025-08-10T03:02:33.879+0000] {dagbag.py:545} INFO - Filling up the DagBag from /home/airflow/.local/lib/python3.12/site-packages/airflow/example_dags/example_branch_python_dop_operator_3.py
[2025-08-10T03:02:33.895+0000] {processor.py:840} INFO - DAG(s) 'example_branch_dop_operator_v3' retrieved from /home/airflow/.local/lib/python3.12/site-packages/airflow/example_dags/example_branch_python_dop_operator_3.py
[2025-08-10T03:02:33.933+0000] {logging_mixin.py:188} INFO - [2025-08-10T03:02:33.932+0000] {dag.py:3096} INFO - Sync 1 DAGs
[2025-08-10T03:02:33.975+0000] {logging_mixin.py:188} INFO - [2025-08-10T03:02:33.974+0000] {dag.py:3954} INFO - Setting next_dagrun for example_branch_dop_operator_v3 to 2025-08-10 03:01:00+00:00, run_after=2025-08-10 03:02:00+00:00
[2025-08-10T03:02:34.016+0000] {processor.py:183} INFO - Processing /home/airflow/.local/lib/python3.12/site-packages/airflow/example_dags/example_branch_python_dop_operator_3.py took 0.149 seconds
[2025-08-10T03:03:05.046+0000] {processor.py:161} INFO - Started process (PID=1032) to work on /home/airflow/.local/lib/python3.12/site-packages/airflow/example_dags/example_branch_python_dop_operator_3.py
[2025-08-10T03:03:05.048+0000] {processor.py:830} INFO - Processing file /home/airflow/.local/lib/python3.12/site-packages/airflow/example_dags/example_branch_python_dop_operator_3.py for tasks to queue
[2025-08-10T03:03:05.050+0000] {logging_mixin.py:188} INFO - [2025-08-10T03:03:05.049+0000] {dagbag.py:545} INFO - Filling up the DagBag from /home/airflow/.local/lib/python3.12/site-packages/airflow/example_dags/example_branch_python_dop_operator_3.py
[2025-08-10T03:03:05.062+0000] {processor.py:840} INFO - DAG(s) 'example_branch_dop_operator_v3' retrieved from /home/airflow/.local/lib/python3.12/site-packages/airflow/example_dags/example_branch_python_dop_operator_3.py
[2025-08-10T03:03:05.115+0000] {logging_mixin.py:188} INFO - [2025-08-10T03:03:05.115+0000] {dag.py:3096} INFO - Sync 1 DAGs
[2025-08-10T03:03:05.163+0000] {logging_mixin.py:188} INFO - [2025-08-10T03:03:05.163+0000] {dag.py:3954} INFO - Setting next_dagrun for example_branch_dop_operator_v3 to 2025-08-10 03:02:00+00:00, run_after=2025-08-10 03:03:00+00:00
[2025-08-10T03:03:05.199+0000] {processor.py:183} INFO - Processing /home/airflow/.local/lib/python3.12/site-packages/airflow/example_dags/example_branch_python_dop_operator_3.py took 0.164 seconds
[2025-08-10T03:03:35.493+0000] {processor.py:161} INFO - Started process (PID=1094) to work on /home/airflow/.local/lib/python3.12/site-packages/airflow/example_dags/example_branch_python_dop_operator_3.py
[2025-08-10T03:03:35.495+0000] {processor.py:830} INFO - Processing file /home/airflow/.local/lib/python3.12/site-packages/airflow/example_dags/example_branch_python_dop_operator_3.py for tasks to queue
[2025-08-10T03:03:35.496+0000] {logging_mixin.py:188} INFO - [2025-08-10T03:03:35.496+0000] {dagbag.py:545} INFO - Filling up the DagBag from /home/airflow/.local/lib/python3.12/site-packages/airflow/example_dags/example_branch_python_dop_operator_3.py
[2025-08-10T03:03:35.510+0000] {processor.py:840} INFO - DAG(s) 'example_branch_dop_operator_v3' retrieved from /home/airflow/.local/lib/python3.12/site-packages/airflow/example_dags/example_branch_python_dop_operator_3.py
[2025-08-10T03:03:35.550+0000] {logging_mixin.py:188} INFO - [2025-08-10T03:03:35.550+0000] {dag.py:3096} INFO - Sync 1 DAGs
[2025-08-10T03:03:35.589+0000] {logging_mixin.py:188} INFO - [2025-08-10T03:03:35.589+0000] {dag.py:3954} INFO - Setting next_dagrun for example_branch_dop_operator_v3 to 2025-08-10 03:02:00+00:00, run_after=2025-08-10 03:03:00+00:00
[2025-08-10T03:03:35.635+0000] {processor.py:183} INFO - Processing /home/airflow/.local/lib/python3.12/site-packages/airflow/example_dags/example_branch_python_dop_operator_3.py took 0.152 seconds
[2025-08-10T03:04:06.112+0000] {processor.py:161} INFO - Started process (PID=1156) to work on /home/airflow/.local/lib/python3.12/site-packages/airflow/example_dags/example_branch_python_dop_operator_3.py
[2025-08-10T03:04:06.114+0000] {processor.py:830} INFO - Processing file /home/airflow/.local/lib/python3.12/site-packages/airflow/example_dags/example_branch_python_dop_operator_3.py for tasks to queue
[2025-08-10T03:04:06.115+0000] {logging_mixin.py:188} INFO - [2025-08-10T03:04:06.115+0000] {dagbag.py:545} INFO - Filling up the DagBag from /home/airflow/.local/lib/python3.12/site-packages/airflow/example_dags/example_branch_python_dop_operator_3.py
[2025-08-10T03:04:06.130+0000] {processor.py:840} INFO - DAG(s) 'example_branch_dop_operator_v3' retrieved from /home/airflow/.local/lib/python3.12/site-packages/airflow/example_dags/example_branch_python_dop_operator_3.py
[2025-08-10T03:04:06.177+0000] {logging_mixin.py:188} INFO - [2025-08-10T03:04:06.177+0000] {dag.py:3096} INFO - Sync 1 DAGs
[2025-08-10T03:04:06.224+0000] {logging_mixin.py:188} INFO - [2025-08-10T03:04:06.223+0000] {dag.py:3954} INFO - Setting next_dagrun for example_branch_dop_operator_v3 to 2025-08-10 03:03:00+00:00, run_after=2025-08-10 03:04:00+00:00
[2025-08-10T03:04:06.264+0000] {processor.py:183} INFO - Processing /home/airflow/.local/lib/python3.12/site-packages/airflow/example_dags/example_branch_python_dop_operator_3.py took 0.164 seconds
[2025-08-10T03:04:37.021+0000] {processor.py:161} INFO - Started process (PID=1218) to work on /home/airflow/.local/lib/python3.12/site-packages/airflow/example_dags/example_branch_python_dop_operator_3.py
[2025-08-10T03:04:37.023+0000] {processor.py:830} INFO - Processing file /home/airflow/.local/lib/python3.12/site-packages/airflow/example_dags/example_branch_python_dop_operator_3.py for tasks to queue
[2025-08-10T03:04:37.025+0000] {logging_mixin.py:188} INFO - [2025-08-10T03:04:37.025+0000] {dagbag.py:545} INFO - Filling up the DagBag from /home/airflow/.local/lib/python3.12/site-packages/airflow/example_dags/example_branch_python_dop_operator_3.py
[2025-08-10T03:04:37.039+0000] {processor.py:840} INFO - DAG(s) 'example_branch_dop_operator_v3' retrieved from /home/airflow/.local/lib/python3.12/site-packages/airflow/example_dags/example_branch_python_dop_operator_3.py
[2025-08-10T03:04:37.078+0000] {logging_mixin.py:188} INFO - [2025-08-10T03:04:37.078+0000] {dag.py:3096} INFO - Sync 1 DAGs
[2025-08-10T03:04:37.117+0000] {logging_mixin.py:188} INFO - [2025-08-10T03:04:37.117+0000] {dag.py:3954} INFO - Setting next_dagrun for example_branch_dop_operator_v3 to 2025-08-10 03:03:00+00:00, run_after=2025-08-10 03:04:00+00:00
[2025-08-10T03:04:37.157+0000] {processor.py:183} INFO - Processing /home/airflow/.local/lib/python3.12/site-packages/airflow/example_dags/example_branch_python_dop_operator_3.py took 0.146 seconds
[2025-08-10T03:05:07.963+0000] {processor.py:161} INFO - Started process (PID=1280) to work on /home/airflow/.local/lib/python3.12/site-packages/airflow/example_dags/example_branch_python_dop_operator_3.py
[2025-08-10T03:05:07.966+0000] {processor.py:830} INFO - Processing file /home/airflow/.local/lib/python3.12/site-packages/airflow/example_dags/example_branch_python_dop_operator_3.py for tasks to queue
[2025-08-10T03:05:07.968+0000] {logging_mixin.py:188} INFO - [2025-08-10T03:05:07.967+0000] {dagbag.py:545} INFO - Filling up the DagBag from /home/airflow/.local/lib/python3.12/site-packages/airflow/example_dags/example_branch_python_dop_operator_3.py
[2025-08-10T03:05:07.986+0000] {processor.py:840} INFO - DAG(s) 'example_branch_dop_operator_v3' retrieved from /home/airflow/.local/lib/python3.12/site-packages/airflow/example_dags/example_branch_python_dop_operator_3.py
[2025-08-10T03:05:08.038+0000] {logging_mixin.py:188} INFO - [2025-08-10T03:05:08.036+0000] {dag.py:3096} INFO - Sync 1 DAGs
[2025-08-10T03:05:08.111+0000] {logging_mixin.py:188} INFO - [2025-08-10T03:05:08.111+0000] {dag.py:3954} INFO - Setting next_dagrun for example_branch_dop_operator_v3 to 2025-08-10 03:04:00+00:00, run_after=2025-08-10 03:05:00+00:00
[2025-08-10T03:05:08.168+0000] {processor.py:183} INFO - Processing /home/airflow/.local/lib/python3.12/site-packages/airflow/example_dags/example_branch_python_dop_operator_3.py took 0.219 seconds
[2025-08-10T03:05:38.327+0000] {processor.py:161} INFO - Started process (PID=1342) to work on /home/airflow/.local/lib/python3.12/site-packages/airflow/example_dags/example_branch_python_dop_operator_3.py
[2025-08-10T03:05:38.329+0000] {processor.py:830} INFO - Processing file /home/airflow/.local/lib/python3.12/site-packages/airflow/example_dags/example_branch_python_dop_operator_3.py for tasks to queue
[2025-08-10T03:05:38.330+0000] {logging_mixin.py:188} INFO - [2025-08-10T03:05:38.330+0000] {dagbag.py:545} INFO - Filling up the DagBag from /home/airflow/.local/lib/python3.12/site-packages/airflow/example_dags/example_branch_python_dop_operator_3.py
[2025-08-10T03:05:38.346+0000] {processor.py:840} INFO - DAG(s) 'example_branch_dop_operator_v3' retrieved from /home/airflow/.local/lib/python3.12/site-packages/airflow/example_dags/example_branch_python_dop_operator_3.py
[2025-08-10T03:05:38.396+0000] {logging_mixin.py:188} INFO - [2025-08-10T03:05:38.395+0000] {dag.py:3096} INFO - Sync 1 DAGs
[2025-08-10T03:05:38.440+0000] {logging_mixin.py:188} INFO - [2025-08-10T03:05:38.440+0000] {dag.py:3954} INFO - Setting next_dagrun for example_branch_dop_operator_v3 to 2025-08-10 03:04:00+00:00, run_after=2025-08-10 03:05:00+00:00
[2025-08-10T03:05:38.483+0000] {processor.py:183} INFO - Processing /home/airflow/.local/lib/python3.12/site-packages/airflow/example_dags/example_branch_python_dop_operator_3.py took 0.168 seconds
[2025-08-10T03:06:08.774+0000] {processor.py:161} INFO - Started process (PID=1403) to work on /home/airflow/.local/lib/python3.12/site-packages/airflow/example_dags/example_branch_python_dop_operator_3.py
[2025-08-10T03:06:08.776+0000] {processor.py:830} INFO - Processing file /home/airflow/.local/lib/python3.12/site-packages/airflow/example_dags/example_branch_python_dop_operator_3.py for tasks to queue
[2025-08-10T03:06:08.778+0000] {logging_mixin.py:188} INFO - [2025-08-10T03:06:08.778+0000] {dagbag.py:545} INFO - Filling up the DagBag from /home/airflow/.local/lib/python3.12/site-packages/airflow/example_dags/example_branch_python_dop_operator_3.py
[2025-08-10T03:06:08.795+0000] {processor.py:840} INFO - DAG(s) 'example_branch_dop_operator_v3' retrieved from /home/airflow/.local/lib/python3.12/site-packages/airflow/example_dags/example_branch_python_dop_operator_3.py
[2025-08-10T03:06:08.838+0000] {logging_mixin.py:188} INFO - [2025-08-10T03:06:08.837+0000] {dag.py:3096} INFO - Sync 1 DAGs
[2025-08-10T03:06:08.875+0000] {logging_mixin.py:188} INFO - [2025-08-10T03:06:08.875+0000] {dag.py:3954} INFO - Setting next_dagrun for example_branch_dop_operator_v3 to 2025-08-10 03:05:00+00:00, run_after=2025-08-10 03:06:00+00:00
[2025-08-10T03:06:08.914+0000] {processor.py:183} INFO - Processing /home/airflow/.local/lib/python3.12/site-packages/airflow/example_dags/example_branch_python_dop_operator_3.py took 0.152 seconds
[2025-08-10T03:06:39.597+0000] {processor.py:161} INFO - Started process (PID=1465) to work on /home/airflow/.local/lib/python3.12/site-packages/airflow/example_dags/example_branch_python_dop_operator_3.py
[2025-08-10T03:06:39.600+0000] {processor.py:830} INFO - Processing file /home/airflow/.local/lib/python3.12/site-packages/airflow/example_dags/example_branch_python_dop_operator_3.py for tasks to queue
[2025-08-10T03:06:39.601+0000] {logging_mixin.py:188} INFO - [2025-08-10T03:06:39.600+0000] {dagbag.py:545} INFO - Filling up the DagBag from /home/airflow/.local/lib/python3.12/site-packages/airflow/example_dags/example_branch_python_dop_operator_3.py
[2025-08-10T03:06:39.614+0000] {processor.py:840} INFO - DAG(s) 'example_branch_dop_operator_v3' retrieved from /home/airflow/.local/lib/python3.12/site-packages/airflow/example_dags/example_branch_python_dop_operator_3.py
[2025-08-10T03:06:39.649+0000] {logging_mixin.py:188} INFO - [2025-08-10T03:06:39.649+0000] {dag.py:3096} INFO - Sync 1 DAGs
[2025-08-10T03:06:39.689+0000] {logging_mixin.py:188} INFO - [2025-08-10T03:06:39.689+0000] {dag.py:3954} INFO - Setting next_dagrun for example_branch_dop_operator_v3 to 2025-08-10 03:05:00+00:00, run_after=2025-08-10 03:06:00+00:00
[2025-08-10T03:06:39.725+0000] {processor.py:183} INFO - Processing /home/airflow/.local/lib/python3.12/site-packages/airflow/example_dags/example_branch_python_dop_operator_3.py took 0.135 seconds
[2025-08-10T03:17:46.592+0000] {processor.py:161} INFO - Started process (PID=1527) to work on /home/airflow/.local/lib/python3.12/site-packages/airflow/example_dags/example_branch_python_dop_operator_3.py
[2025-08-10T03:17:46.594+0000] {processor.py:830} INFO - Processing file /home/airflow/.local/lib/python3.12/site-packages/airflow/example_dags/example_branch_python_dop_operator_3.py for tasks to queue
[2025-08-10T03:17:46.597+0000] {logging_mixin.py:188} INFO - [2025-08-10T03:17:46.596+0000] {dagbag.py:545} INFO - Filling up the DagBag from /home/airflow/.local/lib/python3.12/site-packages/airflow/example_dags/example_branch_python_dop_operator_3.py
[2025-08-10T03:17:46.620+0000] {processor.py:840} INFO - DAG(s) 'example_branch_dop_operator_v3' retrieved from /home/airflow/.local/lib/python3.12/site-packages/airflow/example_dags/example_branch_python_dop_operator_3.py
[2025-08-10T03:17:46.679+0000] {logging_mixin.py:188} INFO - [2025-08-10T03:17:46.679+0000] {dag.py:3096} INFO - Sync 1 DAGs
[2025-08-10T03:17:46.751+0000] {logging_mixin.py:188} INFO - [2025-08-10T03:17:46.750+0000] {dag.py:3954} INFO - Setting next_dagrun for example_branch_dop_operator_v3 to 2025-08-10 03:16:00+00:00, run_after=2025-08-10 03:17:00+00:00
[2025-08-10T03:17:46.800+0000] {processor.py:183} INFO - Processing /home/airflow/.local/lib/python3.12/site-packages/airflow/example_dags/example_branch_python_dop_operator_3.py took 0.226 seconds
[2025-08-10T03:18:17.331+0000] {processor.py:161} INFO - Started process (PID=1590) to work on /home/airflow/.local/lib/python3.12/site-packages/airflow/example_dags/example_branch_python_dop_operator_3.py
[2025-08-10T03:18:17.334+0000] {processor.py:830} INFO - Processing file /home/airflow/.local/lib/python3.12/site-packages/airflow/example_dags/example_branch_python_dop_operator_3.py for tasks to queue
[2025-08-10T03:18:17.336+0000] {logging_mixin.py:188} INFO - [2025-08-10T03:18:17.336+0000] {dagbag.py:545} INFO - Filling up the DagBag from /home/airflow/.local/lib/python3.12/site-packages/airflow/example_dags/example_branch_python_dop_operator_3.py
[2025-08-10T03:18:17.355+0000] {processor.py:840} INFO - DAG(s) 'example_branch_dop_operator_v3' retrieved from /home/airflow/.local/lib/python3.12/site-packages/airflow/example_dags/example_branch_python_dop_operator_3.py
[2025-08-10T03:18:17.402+0000] {logging_mixin.py:188} INFO - [2025-08-10T03:18:17.401+0000] {dag.py:3096} INFO - Sync 1 DAGs
[2025-08-10T03:18:17.440+0000] {logging_mixin.py:188} INFO - [2025-08-10T03:18:17.440+0000] {dag.py:3954} INFO - Setting next_dagrun for example_branch_dop_operator_v3 to 2025-08-10 03:17:00+00:00, run_after=2025-08-10 03:18:00+00:00
[2025-08-10T03:18:17.475+0000] {processor.py:183} INFO - Processing /home/airflow/.local/lib/python3.12/site-packages/airflow/example_dags/example_branch_python_dop_operator_3.py took 0.161 seconds
[2025-08-10T03:18:48.278+0000] {processor.py:161} INFO - Started process (PID=1653) to work on /home/airflow/.local/lib/python3.12/site-packages/airflow/example_dags/example_branch_python_dop_operator_3.py
[2025-08-10T03:18:48.281+0000] {processor.py:830} INFO - Processing file /home/airflow/.local/lib/python3.12/site-packages/airflow/example_dags/example_branch_python_dop_operator_3.py for tasks to queue
[2025-08-10T03:18:48.282+0000] {logging_mixin.py:188} INFO - [2025-08-10T03:18:48.282+0000] {dagbag.py:545} INFO - Filling up the DagBag from /home/airflow/.local/lib/python3.12/site-packages/airflow/example_dags/example_branch_python_dop_operator_3.py
[2025-08-10T03:18:48.295+0000] {processor.py:840} INFO - DAG(s) 'example_branch_dop_operator_v3' retrieved from /home/airflow/.local/lib/python3.12/site-packages/airflow/example_dags/example_branch_python_dop_operator_3.py
[2025-08-10T03:18:48.328+0000] {logging_mixin.py:188} INFO - [2025-08-10T03:18:48.327+0000] {dag.py:3096} INFO - Sync 1 DAGs
[2025-08-10T03:18:48.366+0000] {logging_mixin.py:188} INFO - [2025-08-10T03:18:48.365+0000] {dag.py:3954} INFO - Setting next_dagrun for example_branch_dop_operator_v3 to 2025-08-10 03:17:00+00:00, run_after=2025-08-10 03:18:00+00:00
[2025-08-10T03:18:48.395+0000] {processor.py:183} INFO - Processing /home/airflow/.local/lib/python3.12/site-packages/airflow/example_dags/example_branch_python_dop_operator_3.py took 0.126 seconds
[2025-08-10T03:19:19.027+0000] {processor.py:161} INFO - Started process (PID=1716) to work on /home/airflow/.local/lib/python3.12/site-packages/airflow/example_dags/example_branch_python_dop_operator_3.py
[2025-08-10T03:19:19.030+0000] {processor.py:830} INFO - Processing file /home/airflow/.local/lib/python3.12/site-packages/airflow/example_dags/example_branch_python_dop_operator_3.py for tasks to queue
[2025-08-10T03:19:19.032+0000] {logging_mixin.py:188} INFO - [2025-08-10T03:19:19.031+0000] {dagbag.py:545} INFO - Filling up the DagBag from /home/airflow/.local/lib/python3.12/site-packages/airflow/example_dags/example_branch_python_dop_operator_3.py
[2025-08-10T03:19:19.048+0000] {processor.py:840} INFO - DAG(s) 'example_branch_dop_operator_v3' retrieved from /home/airflow/.local/lib/python3.12/site-packages/airflow/example_dags/example_branch_python_dop_operator_3.py
[2025-08-10T03:19:19.097+0000] {logging_mixin.py:188} INFO - [2025-08-10T03:19:19.097+0000] {dag.py:3096} INFO - Sync 1 DAGs
[2025-08-10T03:19:19.139+0000] {logging_mixin.py:188} INFO - [2025-08-10T03:19:19.139+0000] {dag.py:3954} INFO - Setting next_dagrun for example_branch_dop_operator_v3 to 2025-08-10 03:18:00+00:00, run_after=2025-08-10 03:19:00+00:00
[2025-08-10T03:19:19.177+0000] {processor.py:183} INFO - Processing /home/airflow/.local/lib/python3.12/site-packages/airflow/example_dags/example_branch_python_dop_operator_3.py took 0.161 seconds
[2025-08-10T03:19:50.415+0000] {processor.py:161} INFO - Started process (PID=1781) to work on /home/airflow/.local/lib/python3.12/site-packages/airflow/example_dags/example_branch_python_dop_operator_3.py
[2025-08-10T03:19:50.417+0000] {processor.py:830} INFO - Processing file /home/airflow/.local/lib/python3.12/site-packages/airflow/example_dags/example_branch_python_dop_operator_3.py for tasks to queue
[2025-08-10T03:19:50.419+0000] {logging_mixin.py:188} INFO - [2025-08-10T03:19:50.418+0000] {dagbag.py:545} INFO - Filling up the DagBag from /home/airflow/.local/lib/python3.12/site-packages/airflow/example_dags/example_branch_python_dop_operator_3.py
[2025-08-10T03:19:50.432+0000] {processor.py:840} INFO - DAG(s) 'example_branch_dop_operator_v3' retrieved from /home/airflow/.local/lib/python3.12/site-packages/airflow/example_dags/example_branch_python_dop_operator_3.py
[2025-08-10T03:19:50.476+0000] {logging_mixin.py:188} INFO - [2025-08-10T03:19:50.475+0000] {dag.py:3096} INFO - Sync 1 DAGs
[2025-08-10T03:19:50.514+0000] {logging_mixin.py:188} INFO - [2025-08-10T03:19:50.514+0000] {dag.py:3954} INFO - Setting next_dagrun for example_branch_dop_operator_v3 to 2025-08-10 03:18:00+00:00, run_after=2025-08-10 03:19:00+00:00
[2025-08-10T03:19:50.550+0000] {processor.py:183} INFO - Processing /home/airflow/.local/lib/python3.12/site-packages/airflow/example_dags/example_branch_python_dop_operator_3.py took 0.144 seconds
[2025-08-10T03:20:20.698+0000] {processor.py:161} INFO - Started process (PID=1844) to work on /home/airflow/.local/lib/python3.12/site-packages/airflow/example_dags/example_branch_python_dop_operator_3.py
[2025-08-10T03:20:20.700+0000] {processor.py:830} INFO - Processing file /home/airflow/.local/lib/python3.12/site-packages/airflow/example_dags/example_branch_python_dop_operator_3.py for tasks to queue
[2025-08-10T03:20:20.702+0000] {logging_mixin.py:188} INFO - [2025-08-10T03:20:20.701+0000] {dagbag.py:545} INFO - Filling up the DagBag from /home/airflow/.local/lib/python3.12/site-packages/airflow/example_dags/example_branch_python_dop_operator_3.py
[2025-08-10T03:20:20.715+0000] {processor.py:840} INFO - DAG(s) 'example_branch_dop_operator_v3' retrieved from /home/airflow/.local/lib/python3.12/site-packages/airflow/example_dags/example_branch_python_dop_operator_3.py
[2025-08-10T03:20:20.748+0000] {logging_mixin.py:188} INFO - [2025-08-10T03:20:20.748+0000] {dag.py:3096} INFO - Sync 1 DAGs
[2025-08-10T03:20:20.805+0000] {logging_mixin.py:188} INFO - [2025-08-10T03:20:20.804+0000] {dag.py:3954} INFO - Setting next_dagrun for example_branch_dop_operator_v3 to 2025-08-10 03:19:00+00:00, run_after=2025-08-10 03:20:00+00:00
[2025-08-10T03:20:20.843+0000] {processor.py:183} INFO - Processing /home/airflow/.local/lib/python3.12/site-packages/airflow/example_dags/example_branch_python_dop_operator_3.py took 0.155 seconds
[2025-08-10T03:20:51.594+0000] {processor.py:161} INFO - Started process (PID=1906) to work on /home/airflow/.local/lib/python3.12/site-packages/airflow/example_dags/example_branch_python_dop_operator_3.py
[2025-08-10T03:20:51.597+0000] {processor.py:830} INFO - Processing file /home/airflow/.local/lib/python3.12/site-packages/airflow/example_dags/example_branch_python_dop_operator_3.py for tasks to queue
[2025-08-10T03:20:51.598+0000] {logging_mixin.py:188} INFO - [2025-08-10T03:20:51.598+0000] {dagbag.py:545} INFO - Filling up the DagBag from /home/airflow/.local/lib/python3.12/site-packages/airflow/example_dags/example_branch_python_dop_operator_3.py
[2025-08-10T03:20:51.613+0000] {processor.py:840} INFO - DAG(s) 'example_branch_dop_operator_v3' retrieved from /home/airflow/.local/lib/python3.12/site-packages/airflow/example_dags/example_branch_python_dop_operator_3.py
[2025-08-10T03:20:51.650+0000] {logging_mixin.py:188} INFO - [2025-08-10T03:20:51.649+0000] {dag.py:3096} INFO - Sync 1 DAGs
[2025-08-10T03:20:51.690+0000] {logging_mixin.py:188} INFO - [2025-08-10T03:20:51.689+0000] {dag.py:3954} INFO - Setting next_dagrun for example_branch_dop_operator_v3 to 2025-08-10 03:19:00+00:00, run_after=2025-08-10 03:20:00+00:00
[2025-08-10T03:20:51.724+0000] {processor.py:183} INFO - Processing /home/airflow/.local/lib/python3.12/site-packages/airflow/example_dags/example_branch_python_dop_operator_3.py took 0.141 seconds
[2025-08-10T03:21:22.427+0000] {processor.py:161} INFO - Started process (PID=1968) to work on /home/airflow/.local/lib/python3.12/site-packages/airflow/example_dags/example_branch_python_dop_operator_3.py
[2025-08-10T03:21:22.429+0000] {processor.py:830} INFO - Processing file /home/airflow/.local/lib/python3.12/site-packages/airflow/example_dags/example_branch_python_dop_operator_3.py for tasks to queue
[2025-08-10T03:21:22.431+0000] {logging_mixin.py:188} INFO - [2025-08-10T03:21:22.431+0000] {dagbag.py:545} INFO - Filling up the DagBag from /home/airflow/.local/lib/python3.12/site-packages/airflow/example_dags/example_branch_python_dop_operator_3.py
[2025-08-10T03:21:22.447+0000] {processor.py:840} INFO - DAG(s) 'example_branch_dop_operator_v3' retrieved from /home/airflow/.local/lib/python3.12/site-packages/airflow/example_dags/example_branch_python_dop_operator_3.py
[2025-08-10T03:21:22.484+0000] {logging_mixin.py:188} INFO - [2025-08-10T03:21:22.483+0000] {dag.py:3096} INFO - Sync 1 DAGs
[2025-08-10T03:21:22.520+0000] {logging_mixin.py:188} INFO - [2025-08-10T03:21:22.520+0000] {dag.py:3954} INFO - Setting next_dagrun for example_branch_dop_operator_v3 to 2025-08-10 03:20:00+00:00, run_after=2025-08-10 03:21:00+00:00
[2025-08-10T03:21:22.550+0000] {processor.py:183} INFO - Processing /home/airflow/.local/lib/python3.12/site-packages/airflow/example_dags/example_branch_python_dop_operator_3.py took 0.135 seconds
[2025-08-10T03:21:53.074+0000] {processor.py:161} INFO - Started process (PID=2030) to work on /home/airflow/.local/lib/python3.12/site-packages/airflow/example_dags/example_branch_python_dop_operator_3.py
[2025-08-10T03:21:53.076+0000] {processor.py:830} INFO - Processing file /home/airflow/.local/lib/python3.12/site-packages/airflow/example_dags/example_branch_python_dop_operator_3.py for tasks to queue
[2025-08-10T03:21:53.077+0000] {logging_mixin.py:188} INFO - [2025-08-10T03:21:53.077+0000] {dagbag.py:545} INFO - Filling up the DagBag from /home/airflow/.local/lib/python3.12/site-packages/airflow/example_dags/example_branch_python_dop_operator_3.py
[2025-08-10T03:21:53.098+0000] {processor.py:840} INFO - DAG(s) 'example_branch_dop_operator_v3' retrieved from /home/airflow/.local/lib/python3.12/site-packages/airflow/example_dags/example_branch_python_dop_operator_3.py
[2025-08-10T03:21:53.137+0000] {logging_mixin.py:188} INFO - [2025-08-10T03:21:53.137+0000] {dag.py:3096} INFO - Sync 1 DAGs
[2025-08-10T03:21:53.176+0000] {logging_mixin.py:188} INFO - [2025-08-10T03:21:53.176+0000] {dag.py:3954} INFO - Setting next_dagrun for example_branch_dop_operator_v3 to 2025-08-10 03:20:00+00:00, run_after=2025-08-10 03:21:00+00:00
[2025-08-10T03:21:53.207+0000] {processor.py:183} INFO - Processing /home/airflow/.local/lib/python3.12/site-packages/airflow/example_dags/example_branch_python_dop_operator_3.py took 0.144 seconds
[2025-08-10T03:22:23.406+0000] {processor.py:161} INFO - Started process (PID=2092) to work on /home/airflow/.local/lib/python3.12/site-packages/airflow/example_dags/example_branch_python_dop_operator_3.py
[2025-08-10T03:22:23.407+0000] {processor.py:830} INFO - Processing file /home/airflow/.local/lib/python3.12/site-packages/airflow/example_dags/example_branch_python_dop_operator_3.py for tasks to queue
[2025-08-10T03:22:23.409+0000] {logging_mixin.py:188} INFO - [2025-08-10T03:22:23.408+0000] {dagbag.py:545} INFO - Filling up the DagBag from /home/airflow/.local/lib/python3.12/site-packages/airflow/example_dags/example_branch_python_dop_operator_3.py
[2025-08-10T03:22:23.422+0000] {processor.py:840} INFO - DAG(s) 'example_branch_dop_operator_v3' retrieved from /home/airflow/.local/lib/python3.12/site-packages/airflow/example_dags/example_branch_python_dop_operator_3.py
[2025-08-10T03:22:23.456+0000] {logging_mixin.py:188} INFO - [2025-08-10T03:22:23.455+0000] {dag.py:3096} INFO - Sync 1 DAGs
[2025-08-10T03:22:23.497+0000] {logging_mixin.py:188} INFO - [2025-08-10T03:22:23.496+0000] {dag.py:3954} INFO - Setting next_dagrun for example_branch_dop_operator_v3 to 2025-08-10 03:21:00+00:00, run_after=2025-08-10 03:22:00+00:00
[2025-08-10T03:22:23.531+0000] {processor.py:183} INFO - Processing /home/airflow/.local/lib/python3.12/site-packages/airflow/example_dags/example_branch_python_dop_operator_3.py took 0.134 seconds
[2025-08-10T03:22:57.588+0000] {processor.py:161} INFO - Started process (PID=2160) to work on /home/airflow/.local/lib/python3.12/site-packages/airflow/example_dags/example_branch_python_dop_operator_3.py
[2025-08-10T03:22:57.602+0000] {processor.py:830} INFO - Processing file /home/airflow/.local/lib/python3.12/site-packages/airflow/example_dags/example_branch_python_dop_operator_3.py for tasks to queue
[2025-08-10T03:22:57.617+0000] {logging_mixin.py:188} INFO - [2025-08-10T03:22:57.606+0000] {dagbag.py:545} INFO - Filling up the DagBag from /home/airflow/.local/lib/python3.12/site-packages/airflow/example_dags/example_branch_python_dop_operator_3.py
[2025-08-10T03:22:57.713+0000] {processor.py:840} INFO - DAG(s) 'example_branch_dop_operator_v3' retrieved from /home/airflow/.local/lib/python3.12/site-packages/airflow/example_dags/example_branch_python_dop_operator_3.py
[2025-08-10T03:22:57.854+0000] {logging_mixin.py:188} INFO - [2025-08-10T03:22:57.854+0000] {dag.py:3096} INFO - Sync 1 DAGs
[2025-08-10T03:22:58.006+0000] {logging_mixin.py:188} INFO - [2025-08-10T03:22:58.005+0000] {dag.py:3954} INFO - Setting next_dagrun for example_branch_dop_operator_v3 to 2025-08-10 03:21:00+00:00, run_after=2025-08-10 03:22:00+00:00
[2025-08-10T03:22:58.128+0000] {processor.py:183} INFO - Processing /home/airflow/.local/lib/python3.12/site-packages/airflow/example_dags/example_branch_python_dop_operator_3.py took 0.587 seconds
[2025-08-10T08:23:00.219+0000] {processor.py:161} INFO - Started process (PID=2189) to work on /home/airflow/.local/lib/python3.12/site-packages/airflow/example_dags/example_branch_python_dop_operator_3.py
[2025-08-10T08:23:00.222+0000] {processor.py:830} INFO - Processing file /home/airflow/.local/lib/python3.12/site-packages/airflow/example_dags/example_branch_python_dop_operator_3.py for tasks to queue
[2025-08-10T08:23:00.223+0000] {logging_mixin.py:188} INFO - [2025-08-10T08:23:00.223+0000] {dagbag.py:545} INFO - Filling up the DagBag from /home/airflow/.local/lib/python3.12/site-packages/airflow/example_dags/example_branch_python_dop_operator_3.py
[2025-08-10T08:23:00.237+0000] {processor.py:840} INFO - DAG(s) 'example_branch_dop_operator_v3' retrieved from /home/airflow/.local/lib/python3.12/site-packages/airflow/example_dags/example_branch_python_dop_operator_3.py
[2025-08-10T08:23:00.279+0000] {logging_mixin.py:188} INFO - [2025-08-10T08:23:00.279+0000] {dag.py:3096} INFO - Sync 1 DAGs
[2025-08-10T08:23:00.336+0000] {logging_mixin.py:188} INFO - [2025-08-10T08:23:00.336+0000] {dag.py:3954} INFO - Setting next_dagrun for example_branch_dop_operator_v3 to 2025-08-10 08:22:00+00:00, run_after=2025-08-10 08:23:00+00:00
[2025-08-10T08:23:00.373+0000] {processor.py:183} INFO - Processing /home/airflow/.local/lib/python3.12/site-packages/airflow/example_dags/example_branch_python_dop_operator_3.py took 0.166 seconds
[2025-08-10T15:12:19.204+0000] {processor.py:161} INFO - Started process (PID=2242) to work on /home/airflow/.local/lib/python3.12/site-packages/airflow/example_dags/example_branch_python_dop_operator_3.py
[2025-08-10T15:12:19.206+0000] {processor.py:830} INFO - Processing file /home/airflow/.local/lib/python3.12/site-packages/airflow/example_dags/example_branch_python_dop_operator_3.py for tasks to queue
[2025-08-10T15:12:19.207+0000] {logging_mixin.py:188} INFO - [2025-08-10T15:12:19.206+0000] {dagbag.py:545} INFO - Filling up the DagBag from /home/airflow/.local/lib/python3.12/site-packages/airflow/example_dags/example_branch_python_dop_operator_3.py
[2025-08-10T15:12:19.217+0000] {processor.py:840} INFO - DAG(s) 'example_branch_dop_operator_v3' retrieved from /home/airflow/.local/lib/python3.12/site-packages/airflow/example_dags/example_branch_python_dop_operator_3.py
[2025-08-10T15:12:19.247+0000] {logging_mixin.py:188} INFO - [2025-08-10T15:12:19.247+0000] {dag.py:3096} INFO - Sync 1 DAGs
[2025-08-10T15:12:19.280+0000] {logging_mixin.py:188} INFO - [2025-08-10T15:12:19.279+0000] {dag.py:3954} INFO - Setting next_dagrun for example_branch_dop_operator_v3 to 2025-08-10 15:11:00+00:00, run_after=2025-08-10 15:12:00+00:00
[2025-08-10T15:12:19.306+0000] {processor.py:183} INFO - Processing /home/airflow/.local/lib/python3.12/site-packages/airflow/example_dags/example_branch_python_dop_operator_3.py took 0.110 seconds
[2025-08-10T15:12:49.499+0000] {processor.py:161} INFO - Started process (PID=2304) to work on /home/airflow/.local/lib/python3.12/site-packages/airflow/example_dags/example_branch_python_dop_operator_3.py
[2025-08-10T15:12:49.501+0000] {processor.py:830} INFO - Processing file /home/airflow/.local/lib/python3.12/site-packages/airflow/example_dags/example_branch_python_dop_operator_3.py for tasks to queue
[2025-08-10T15:12:49.502+0000] {logging_mixin.py:188} INFO - [2025-08-10T15:12:49.501+0000] {dagbag.py:545} INFO - Filling up the DagBag from /home/airflow/.local/lib/python3.12/site-packages/airflow/example_dags/example_branch_python_dop_operator_3.py
[2025-08-10T15:12:49.513+0000] {processor.py:840} INFO - DAG(s) 'example_branch_dop_operator_v3' retrieved from /home/airflow/.local/lib/python3.12/site-packages/airflow/example_dags/example_branch_python_dop_operator_3.py
[2025-08-10T15:12:49.541+0000] {logging_mixin.py:188} INFO - [2025-08-10T15:12:49.541+0000] {dag.py:3096} INFO - Sync 1 DAGs
[2025-08-10T15:12:49.573+0000] {logging_mixin.py:188} INFO - [2025-08-10T15:12:49.573+0000] {dag.py:3954} INFO - Setting next_dagrun for example_branch_dop_operator_v3 to 2025-08-10 15:11:00+00:00, run_after=2025-08-10 15:12:00+00:00
[2025-08-10T15:12:49.599+0000] {processor.py:183} INFO - Processing /home/airflow/.local/lib/python3.12/site-packages/airflow/example_dags/example_branch_python_dop_operator_3.py took 0.107 seconds
[2025-08-10T15:13:20.658+0000] {processor.py:161} INFO - Started process (PID=2366) to work on /home/airflow/.local/lib/python3.12/site-packages/airflow/example_dags/example_branch_python_dop_operator_3.py
[2025-08-10T15:13:20.660+0000] {processor.py:830} INFO - Processing file /home/airflow/.local/lib/python3.12/site-packages/airflow/example_dags/example_branch_python_dop_operator_3.py for tasks to queue
[2025-08-10T15:13:20.661+0000] {logging_mixin.py:188} INFO - [2025-08-10T15:13:20.660+0000] {dagbag.py:545} INFO - Filling up the DagBag from /home/airflow/.local/lib/python3.12/site-packages/airflow/example_dags/example_branch_python_dop_operator_3.py
[2025-08-10T15:13:20.672+0000] {processor.py:840} INFO - DAG(s) 'example_branch_dop_operator_v3' retrieved from /home/airflow/.local/lib/python3.12/site-packages/airflow/example_dags/example_branch_python_dop_operator_3.py
[2025-08-10T15:13:20.703+0000] {logging_mixin.py:188} INFO - [2025-08-10T15:13:20.701+0000] {dag.py:3096} INFO - Sync 1 DAGs
[2025-08-10T15:13:20.733+0000] {logging_mixin.py:188} INFO - [2025-08-10T15:13:20.732+0000] {dag.py:3954} INFO - Setting next_dagrun for example_branch_dop_operator_v3 to 2025-08-10 15:12:00+00:00, run_after=2025-08-10 15:13:00+00:00
[2025-08-10T15:13:20.758+0000] {processor.py:183} INFO - Processing /home/airflow/.local/lib/python3.12/site-packages/airflow/example_dags/example_branch_python_dop_operator_3.py took 0.108 seconds
[2025-08-10T15:13:52.949+0000] {processor.py:161} INFO - Started process (PID=2428) to work on /home/airflow/.local/lib/python3.12/site-packages/airflow/example_dags/example_branch_python_dop_operator_3.py
[2025-08-10T15:13:52.952+0000] {processor.py:830} INFO - Processing file /home/airflow/.local/lib/python3.12/site-packages/airflow/example_dags/example_branch_python_dop_operator_3.py for tasks to queue
[2025-08-10T15:13:52.954+0000] {logging_mixin.py:188} INFO - [2025-08-10T15:13:52.953+0000] {dagbag.py:545} INFO - Filling up the DagBag from /home/airflow/.local/lib/python3.12/site-packages/airflow/example_dags/example_branch_python_dop_operator_3.py
[2025-08-10T15:13:52.972+0000] {processor.py:840} INFO - DAG(s) 'example_branch_dop_operator_v3' retrieved from /home/airflow/.local/lib/python3.12/site-packages/airflow/example_dags/example_branch_python_dop_operator_3.py
[2025-08-10T15:13:53.015+0000] {logging_mixin.py:188} INFO - [2025-08-10T15:13:53.014+0000] {dag.py:3096} INFO - Sync 1 DAGs
[2025-08-10T15:13:53.062+0000] {logging_mixin.py:188} INFO - [2025-08-10T15:13:53.062+0000] {dag.py:3954} INFO - Setting next_dagrun for example_branch_dop_operator_v3 to 2025-08-10 15:12:00+00:00, run_after=2025-08-10 15:13:00+00:00
[2025-08-10T15:13:53.093+0000] {processor.py:183} INFO - Processing /home/airflow/.local/lib/python3.12/site-packages/airflow/example_dags/example_branch_python_dop_operator_3.py took 0.158 seconds
[2025-08-10T15:14:23.924+0000] {processor.py:161} INFO - Started process (PID=2490) to work on /home/airflow/.local/lib/python3.12/site-packages/airflow/example_dags/example_branch_python_dop_operator_3.py
[2025-08-10T15:14:23.926+0000] {processor.py:830} INFO - Processing file /home/airflow/.local/lib/python3.12/site-packages/airflow/example_dags/example_branch_python_dop_operator_3.py for tasks to queue
[2025-08-10T15:14:23.927+0000] {logging_mixin.py:188} INFO - [2025-08-10T15:14:23.927+0000] {dagbag.py:545} INFO - Filling up the DagBag from /home/airflow/.local/lib/python3.12/site-packages/airflow/example_dags/example_branch_python_dop_operator_3.py
[2025-08-10T15:14:23.945+0000] {processor.py:840} INFO - DAG(s) 'example_branch_dop_operator_v3' retrieved from /home/airflow/.local/lib/python3.12/site-packages/airflow/example_dags/example_branch_python_dop_operator_3.py
[2025-08-10T15:14:23.989+0000] {logging_mixin.py:188} INFO - [2025-08-10T15:14:23.989+0000] {dag.py:3096} INFO - Sync 1 DAGs
[2025-08-10T15:14:24.033+0000] {logging_mixin.py:188} INFO - [2025-08-10T15:14:24.033+0000] {dag.py:3954} INFO - Setting next_dagrun for example_branch_dop_operator_v3 to 2025-08-10 15:13:00+00:00, run_after=2025-08-10 15:14:00+00:00
[2025-08-10T15:14:24.078+0000] {processor.py:183} INFO - Processing /home/airflow/.local/lib/python3.12/site-packages/airflow/example_dags/example_branch_python_dop_operator_3.py took 0.163 seconds
[2025-08-10T15:14:54.647+0000] {processor.py:161} INFO - Started process (PID=2550) to work on /home/airflow/.local/lib/python3.12/site-packages/airflow/example_dags/example_branch_python_dop_operator_3.py
[2025-08-10T15:14:54.650+0000] {processor.py:830} INFO - Processing file /home/airflow/.local/lib/python3.12/site-packages/airflow/example_dags/example_branch_python_dop_operator_3.py for tasks to queue
[2025-08-10T15:14:54.651+0000] {logging_mixin.py:188} INFO - [2025-08-10T15:14:54.651+0000] {dagbag.py:545} INFO - Filling up the DagBag from /home/airflow/.local/lib/python3.12/site-packages/airflow/example_dags/example_branch_python_dop_operator_3.py
[2025-08-10T15:14:54.667+0000] {processor.py:840} INFO - DAG(s) 'example_branch_dop_operator_v3' retrieved from /home/airflow/.local/lib/python3.12/site-packages/airflow/example_dags/example_branch_python_dop_operator_3.py
[2025-08-10T15:14:54.715+0000] {logging_mixin.py:188} INFO - [2025-08-10T15:14:54.715+0000] {dag.py:3096} INFO - Sync 1 DAGs
[2025-08-10T15:14:54.768+0000] {logging_mixin.py:188} INFO - [2025-08-10T15:14:54.766+0000] {dag.py:3954} INFO - Setting next_dagrun for example_branch_dop_operator_v3 to 2025-08-10 15:13:00+00:00, run_after=2025-08-10 15:14:00+00:00
[2025-08-10T15:14:54.802+0000] {processor.py:183} INFO - Processing /home/airflow/.local/lib/python3.12/site-packages/airflow/example_dags/example_branch_python_dop_operator_3.py took 0.166 seconds
[2025-08-10T15:15:25.217+0000] {processor.py:161} INFO - Started process (PID=2612) to work on /home/airflow/.local/lib/python3.12/site-packages/airflow/example_dags/example_branch_python_dop_operator_3.py
[2025-08-10T15:15:25.218+0000] {processor.py:830} INFO - Processing file /home/airflow/.local/lib/python3.12/site-packages/airflow/example_dags/example_branch_python_dop_operator_3.py for tasks to queue
[2025-08-10T15:15:25.221+0000] {logging_mixin.py:188} INFO - [2025-08-10T15:15:25.220+0000] {dagbag.py:545} INFO - Filling up the DagBag from /home/airflow/.local/lib/python3.12/site-packages/airflow/example_dags/example_branch_python_dop_operator_3.py
[2025-08-10T15:15:25.236+0000] {processor.py:840} INFO - DAG(s) 'example_branch_dop_operator_v3' retrieved from /home/airflow/.local/lib/python3.12/site-packages/airflow/example_dags/example_branch_python_dop_operator_3.py
[2025-08-10T15:15:25.271+0000] {logging_mixin.py:188} INFO - [2025-08-10T15:15:25.270+0000] {dag.py:3096} INFO - Sync 1 DAGs
[2025-08-10T15:15:25.306+0000] {logging_mixin.py:188} INFO - [2025-08-10T15:15:25.306+0000] {dag.py:3954} INFO - Setting next_dagrun for example_branch_dop_operator_v3 to 2025-08-10 15:14:00+00:00, run_after=2025-08-10 15:15:00+00:00
[2025-08-10T15:15:25.340+0000] {processor.py:183} INFO - Processing /home/airflow/.local/lib/python3.12/site-packages/airflow/example_dags/example_branch_python_dop_operator_3.py took 0.132 seconds
[2025-08-10T15:15:55.717+0000] {processor.py:161} INFO - Started process (PID=2674) to work on /home/airflow/.local/lib/python3.12/site-packages/airflow/example_dags/example_branch_python_dop_operator_3.py
[2025-08-10T15:15:55.719+0000] {processor.py:830} INFO - Processing file /home/airflow/.local/lib/python3.12/site-packages/airflow/example_dags/example_branch_python_dop_operator_3.py for tasks to queue
[2025-08-10T15:15:55.721+0000] {logging_mixin.py:188} INFO - [2025-08-10T15:15:55.720+0000] {dagbag.py:545} INFO - Filling up the DagBag from /home/airflow/.local/lib/python3.12/site-packages/airflow/example_dags/example_branch_python_dop_operator_3.py
[2025-08-10T15:15:55.736+0000] {processor.py:840} INFO - DAG(s) 'example_branch_dop_operator_v3' retrieved from /home/airflow/.local/lib/python3.12/site-packages/airflow/example_dags/example_branch_python_dop_operator_3.py
[2025-08-10T15:15:55.772+0000] {logging_mixin.py:188} INFO - [2025-08-10T15:15:55.772+0000] {dag.py:3096} INFO - Sync 1 DAGs
[2025-08-10T15:15:55.812+0000] {logging_mixin.py:188} INFO - [2025-08-10T15:15:55.811+0000] {dag.py:3954} INFO - Setting next_dagrun for example_branch_dop_operator_v3 to 2025-08-10 15:14:00+00:00, run_after=2025-08-10 15:15:00+00:00
[2025-08-10T15:15:55.844+0000] {processor.py:183} INFO - Processing /home/airflow/.local/lib/python3.12/site-packages/airflow/example_dags/example_branch_python_dop_operator_3.py took 0.137 seconds
[2025-08-10T15:16:26.262+0000] {processor.py:161} INFO - Started process (PID=2736) to work on /home/airflow/.local/lib/python3.12/site-packages/airflow/example_dags/example_branch_python_dop_operator_3.py
[2025-08-10T15:16:26.264+0000] {processor.py:830} INFO - Processing file /home/airflow/.local/lib/python3.12/site-packages/airflow/example_dags/example_branch_python_dop_operator_3.py for tasks to queue
[2025-08-10T15:16:26.266+0000] {logging_mixin.py:188} INFO - [2025-08-10T15:16:26.265+0000] {dagbag.py:545} INFO - Filling up the DagBag from /home/airflow/.local/lib/python3.12/site-packages/airflow/example_dags/example_branch_python_dop_operator_3.py
[2025-08-10T15:16:26.283+0000] {processor.py:840} INFO - DAG(s) 'example_branch_dop_operator_v3' retrieved from /home/airflow/.local/lib/python3.12/site-packages/airflow/example_dags/example_branch_python_dop_operator_3.py
[2025-08-10T15:16:26.320+0000] {logging_mixin.py:188} INFO - [2025-08-10T15:16:26.319+0000] {dag.py:3096} INFO - Sync 1 DAGs
[2025-08-10T15:16:26.363+0000] {logging_mixin.py:188} INFO - [2025-08-10T15:16:26.362+0000] {dag.py:3954} INFO - Setting next_dagrun for example_branch_dop_operator_v3 to 2025-08-10 15:15:00+00:00, run_after=2025-08-10 15:16:00+00:00
[2025-08-10T15:16:26.392+0000] {processor.py:183} INFO - Processing /home/airflow/.local/lib/python3.12/site-packages/airflow/example_dags/example_branch_python_dop_operator_3.py took 0.140 seconds
