[2025-08-10T02:55:18.452+0000] {processor.py:161} INFO - Started process (PID=84) to work on /home/airflow/.local/lib/python3.12/site-packages/airflow/example_dags/example_sla_dag.py
[2025-08-10T02:55:18.454+0000] {processor.py:830} INFO - Processing file /home/airflow/.local/lib/python3.12/site-packages/airflow/example_dags/example_sla_dag.py for tasks to queue
[2025-08-10T02:55:18.457+0000] {logging_mixin.py:188} INFO - [2025-08-10T02:55:18.457+0000] {dagbag.py:545} INFO - Filling up the DagBag from /home/airflow/.local/lib/python3.12/site-packages/airflow/example_dags/example_sla_dag.py
[2025-08-10T02:55:18.483+0000] {processor.py:840} INFO - DAG(s) 'example_sla_dag' retrieved from /home/airflow/.local/lib/python3.12/site-packages/airflow/example_dags/example_sla_dag.py
[2025-08-10T02:55:18.649+0000] {logging_mixin.py:188} INFO - [2025-08-10T02:55:18.649+0000] {dag.py:3096} INFO - Sync 1 DAGs
[2025-08-10T02:55:18.682+0000] {logging_mixin.py:188} INFO - [2025-08-10T02:55:18.682+0000] {dag.py:3954} INFO - Setting next_dagrun for example_sla_dag to 2025-08-10 02:52:00+00:00, run_after=2025-08-10 02:54:00+00:00
[2025-08-10T02:55:18.714+0000] {processor.py:183} INFO - Processing /home/airflow/.local/lib/python3.12/site-packages/airflow/example_dags/example_sla_dag.py took 0.272 seconds
[2025-08-10T02:55:49.628+0000] {processor.py:161} INFO - Started process (PID=146) to work on /home/airflow/.local/lib/python3.12/site-packages/airflow/example_dags/example_sla_dag.py
[2025-08-10T02:55:49.630+0000] {processor.py:830} INFO - Processing file /home/airflow/.local/lib/python3.12/site-packages/airflow/example_dags/example_sla_dag.py for tasks to queue
[2025-08-10T02:55:49.633+0000] {logging_mixin.py:188} INFO - [2025-08-10T02:55:49.633+0000] {dagbag.py:545} INFO - Filling up the DagBag from /home/airflow/.local/lib/python3.12/site-packages/airflow/example_dags/example_sla_dag.py
[2025-08-10T02:55:49.648+0000] {processor.py:840} INFO - DAG(s) 'example_sla_dag' retrieved from /home/airflow/.local/lib/python3.12/site-packages/airflow/example_dags/example_sla_dag.py
[2025-08-10T02:55:49.684+0000] {logging_mixin.py:188} INFO - [2025-08-10T02:55:49.684+0000] {dag.py:3096} INFO - Sync 1 DAGs
[2025-08-10T02:55:49.725+0000] {logging_mixin.py:188} INFO - [2025-08-10T02:55:49.724+0000] {dag.py:3954} INFO - Setting next_dagrun for example_sla_dag to 2025-08-10 02:52:00+00:00, run_after=2025-08-10 02:54:00+00:00
[2025-08-10T02:55:49.756+0000] {processor.py:183} INFO - Processing /home/airflow/.local/lib/python3.12/site-packages/airflow/example_dags/example_sla_dag.py took 0.139 seconds
[2025-08-10T02:56:20.876+0000] {processor.py:161} INFO - Started process (PID=208) to work on /home/airflow/.local/lib/python3.12/site-packages/airflow/example_dags/example_sla_dag.py
[2025-08-10T02:56:20.878+0000] {processor.py:830} INFO - Processing file /home/airflow/.local/lib/python3.12/site-packages/airflow/example_dags/example_sla_dag.py for tasks to queue
[2025-08-10T02:56:20.883+0000] {logging_mixin.py:188} INFO - [2025-08-10T02:56:20.882+0000] {dagbag.py:545} INFO - Filling up the DagBag from /home/airflow/.local/lib/python3.12/site-packages/airflow/example_dags/example_sla_dag.py
[2025-08-10T02:56:20.904+0000] {processor.py:840} INFO - DAG(s) 'example_sla_dag' retrieved from /home/airflow/.local/lib/python3.12/site-packages/airflow/example_dags/example_sla_dag.py
[2025-08-10T02:56:20.946+0000] {logging_mixin.py:188} INFO - [2025-08-10T02:56:20.945+0000] {dag.py:3096} INFO - Sync 1 DAGs
[2025-08-10T02:56:20.986+0000] {logging_mixin.py:188} INFO - [2025-08-10T02:56:20.986+0000] {dag.py:3954} INFO - Setting next_dagrun for example_sla_dag to 2025-08-10 02:54:00+00:00, run_after=2025-08-10 02:56:00+00:00
[2025-08-10T02:56:21.024+0000] {processor.py:183} INFO - Processing /home/airflow/.local/lib/python3.12/site-packages/airflow/example_dags/example_sla_dag.py took 0.164 seconds
[2025-08-10T02:56:52.048+0000] {processor.py:161} INFO - Started process (PID=270) to work on /home/airflow/.local/lib/python3.12/site-packages/airflow/example_dags/example_sla_dag.py
[2025-08-10T02:56:52.050+0000] {processor.py:830} INFO - Processing file /home/airflow/.local/lib/python3.12/site-packages/airflow/example_dags/example_sla_dag.py for tasks to queue
[2025-08-10T02:56:52.054+0000] {logging_mixin.py:188} INFO - [2025-08-10T02:56:52.054+0000] {dagbag.py:545} INFO - Filling up the DagBag from /home/airflow/.local/lib/python3.12/site-packages/airflow/example_dags/example_sla_dag.py
[2025-08-10T02:56:52.070+0000] {processor.py:840} INFO - DAG(s) 'example_sla_dag' retrieved from /home/airflow/.local/lib/python3.12/site-packages/airflow/example_dags/example_sla_dag.py
[2025-08-10T02:56:52.110+0000] {logging_mixin.py:188} INFO - [2025-08-10T02:56:52.109+0000] {dag.py:3096} INFO - Sync 1 DAGs
[2025-08-10T02:56:52.145+0000] {logging_mixin.py:188} INFO - [2025-08-10T02:56:52.145+0000] {dag.py:3954} INFO - Setting next_dagrun for example_sla_dag to 2025-08-10 02:54:00+00:00, run_after=2025-08-10 02:56:00+00:00
[2025-08-10T02:56:52.175+0000] {processor.py:183} INFO - Processing /home/airflow/.local/lib/python3.12/site-packages/airflow/example_dags/example_sla_dag.py took 0.140 seconds
[2025-08-10T02:57:22.715+0000] {processor.py:161} INFO - Started process (PID=332) to work on /home/airflow/.local/lib/python3.12/site-packages/airflow/example_dags/example_sla_dag.py
[2025-08-10T02:57:22.717+0000] {processor.py:830} INFO - Processing file /home/airflow/.local/lib/python3.12/site-packages/airflow/example_dags/example_sla_dag.py for tasks to queue
[2025-08-10T02:57:22.722+0000] {logging_mixin.py:188} INFO - [2025-08-10T02:57:22.721+0000] {dagbag.py:545} INFO - Filling up the DagBag from /home/airflow/.local/lib/python3.12/site-packages/airflow/example_dags/example_sla_dag.py
[2025-08-10T02:57:22.738+0000] {processor.py:840} INFO - DAG(s) 'example_sla_dag' retrieved from /home/airflow/.local/lib/python3.12/site-packages/airflow/example_dags/example_sla_dag.py
[2025-08-10T02:57:22.776+0000] {logging_mixin.py:188} INFO - [2025-08-10T02:57:22.776+0000] {dag.py:3096} INFO - Sync 1 DAGs
[2025-08-10T02:57:22.819+0000] {logging_mixin.py:188} INFO - [2025-08-10T02:57:22.818+0000] {dag.py:3954} INFO - Setting next_dagrun for example_sla_dag to 2025-08-10 02:54:00+00:00, run_after=2025-08-10 02:56:00+00:00
[2025-08-10T02:57:22.854+0000] {processor.py:183} INFO - Processing /home/airflow/.local/lib/python3.12/site-packages/airflow/example_dags/example_sla_dag.py took 0.150 seconds
[2025-08-10T02:57:53.840+0000] {processor.py:161} INFO - Started process (PID=394) to work on /home/airflow/.local/lib/python3.12/site-packages/airflow/example_dags/example_sla_dag.py
[2025-08-10T02:57:53.842+0000] {processor.py:830} INFO - Processing file /home/airflow/.local/lib/python3.12/site-packages/airflow/example_dags/example_sla_dag.py for tasks to queue
[2025-08-10T02:57:53.846+0000] {logging_mixin.py:188} INFO - [2025-08-10T02:57:53.846+0000] {dagbag.py:545} INFO - Filling up the DagBag from /home/airflow/.local/lib/python3.12/site-packages/airflow/example_dags/example_sla_dag.py
[2025-08-10T02:57:53.865+0000] {processor.py:840} INFO - DAG(s) 'example_sla_dag' retrieved from /home/airflow/.local/lib/python3.12/site-packages/airflow/example_dags/example_sla_dag.py
[2025-08-10T02:57:53.918+0000] {logging_mixin.py:188} INFO - [2025-08-10T02:57:53.916+0000] {dag.py:3096} INFO - Sync 1 DAGs
[2025-08-10T02:57:53.963+0000] {logging_mixin.py:188} INFO - [2025-08-10T02:57:53.963+0000] {dag.py:3954} INFO - Setting next_dagrun for example_sla_dag to 2025-08-10 02:54:00+00:00, run_after=2025-08-10 02:56:00+00:00
[2025-08-10T02:57:54.010+0000] {processor.py:183} INFO - Processing /home/airflow/.local/lib/python3.12/site-packages/airflow/example_dags/example_sla_dag.py took 0.185 seconds
[2025-08-10T02:58:24.297+0000] {processor.py:161} INFO - Started process (PID=455) to work on /home/airflow/.local/lib/python3.12/site-packages/airflow/example_dags/example_sla_dag.py
[2025-08-10T02:58:24.299+0000] {processor.py:830} INFO - Processing file /home/airflow/.local/lib/python3.12/site-packages/airflow/example_dags/example_sla_dag.py for tasks to queue
[2025-08-10T02:58:24.303+0000] {logging_mixin.py:188} INFO - [2025-08-10T02:58:24.303+0000] {dagbag.py:545} INFO - Filling up the DagBag from /home/airflow/.local/lib/python3.12/site-packages/airflow/example_dags/example_sla_dag.py
[2025-08-10T02:58:24.320+0000] {processor.py:840} INFO - DAG(s) 'example_sla_dag' retrieved from /home/airflow/.local/lib/python3.12/site-packages/airflow/example_dags/example_sla_dag.py
[2025-08-10T02:58:24.359+0000] {logging_mixin.py:188} INFO - [2025-08-10T02:58:24.358+0000] {dag.py:3096} INFO - Sync 1 DAGs
[2025-08-10T02:58:24.406+0000] {logging_mixin.py:188} INFO - [2025-08-10T02:58:24.405+0000] {dag.py:3954} INFO - Setting next_dagrun for example_sla_dag to 2025-08-10 02:56:00+00:00, run_after=2025-08-10 02:58:00+00:00
[2025-08-10T02:58:24.448+0000] {processor.py:183} INFO - Processing /home/airflow/.local/lib/python3.12/site-packages/airflow/example_dags/example_sla_dag.py took 0.160 seconds
[2025-08-10T02:58:54.644+0000] {processor.py:161} INFO - Started process (PID=516) to work on /home/airflow/.local/lib/python3.12/site-packages/airflow/example_dags/example_sla_dag.py
[2025-08-10T02:58:54.646+0000] {processor.py:830} INFO - Processing file /home/airflow/.local/lib/python3.12/site-packages/airflow/example_dags/example_sla_dag.py for tasks to queue
[2025-08-10T02:58:54.651+0000] {logging_mixin.py:188} INFO - [2025-08-10T02:58:54.650+0000] {dagbag.py:545} INFO - Filling up the DagBag from /home/airflow/.local/lib/python3.12/site-packages/airflow/example_dags/example_sla_dag.py
[2025-08-10T02:58:54.671+0000] {processor.py:840} INFO - DAG(s) 'example_sla_dag' retrieved from /home/airflow/.local/lib/python3.12/site-packages/airflow/example_dags/example_sla_dag.py
[2025-08-10T02:58:54.709+0000] {logging_mixin.py:188} INFO - [2025-08-10T02:58:54.708+0000] {dag.py:3096} INFO - Sync 1 DAGs
[2025-08-10T02:58:54.750+0000] {logging_mixin.py:188} INFO - [2025-08-10T02:58:54.750+0000] {dag.py:3954} INFO - Setting next_dagrun for example_sla_dag to 2025-08-10 02:56:00+00:00, run_after=2025-08-10 02:58:00+00:00
[2025-08-10T02:58:54.791+0000] {processor.py:183} INFO - Processing /home/airflow/.local/lib/python3.12/site-packages/airflow/example_dags/example_sla_dag.py took 0.161 seconds
[2025-08-10T02:59:25.278+0000] {processor.py:161} INFO - Started process (PID=578) to work on /home/airflow/.local/lib/python3.12/site-packages/airflow/example_dags/example_sla_dag.py
[2025-08-10T02:59:25.281+0000] {processor.py:830} INFO - Processing file /home/airflow/.local/lib/python3.12/site-packages/airflow/example_dags/example_sla_dag.py for tasks to queue
[2025-08-10T02:59:25.284+0000] {logging_mixin.py:188} INFO - [2025-08-10T02:59:25.284+0000] {dagbag.py:545} INFO - Filling up the DagBag from /home/airflow/.local/lib/python3.12/site-packages/airflow/example_dags/example_sla_dag.py
[2025-08-10T02:59:25.304+0000] {processor.py:840} INFO - DAG(s) 'example_sla_dag' retrieved from /home/airflow/.local/lib/python3.12/site-packages/airflow/example_dags/example_sla_dag.py
[2025-08-10T02:59:25.350+0000] {logging_mixin.py:188} INFO - [2025-08-10T02:59:25.349+0000] {dag.py:3096} INFO - Sync 1 DAGs
[2025-08-10T02:59:25.397+0000] {logging_mixin.py:188} INFO - [2025-08-10T02:59:25.397+0000] {dag.py:3954} INFO - Setting next_dagrun for example_sla_dag to 2025-08-10 02:56:00+00:00, run_after=2025-08-10 02:58:00+00:00
[2025-08-10T02:59:25.447+0000] {processor.py:183} INFO - Processing /home/airflow/.local/lib/python3.12/site-packages/airflow/example_dags/example_sla_dag.py took 0.178 seconds
[2025-08-10T02:59:55.725+0000] {processor.py:161} INFO - Started process (PID=639) to work on /home/airflow/.local/lib/python3.12/site-packages/airflow/example_dags/example_sla_dag.py
[2025-08-10T02:59:55.728+0000] {processor.py:830} INFO - Processing file /home/airflow/.local/lib/python3.12/site-packages/airflow/example_dags/example_sla_dag.py for tasks to queue
[2025-08-10T02:59:55.732+0000] {logging_mixin.py:188} INFO - [2025-08-10T02:59:55.732+0000] {dagbag.py:545} INFO - Filling up the DagBag from /home/airflow/.local/lib/python3.12/site-packages/airflow/example_dags/example_sla_dag.py
[2025-08-10T02:59:55.751+0000] {processor.py:840} INFO - DAG(s) 'example_sla_dag' retrieved from /home/airflow/.local/lib/python3.12/site-packages/airflow/example_dags/example_sla_dag.py
[2025-08-10T02:59:55.802+0000] {logging_mixin.py:188} INFO - [2025-08-10T02:59:55.801+0000] {dag.py:3096} INFO - Sync 1 DAGs
[2025-08-10T02:59:55.858+0000] {logging_mixin.py:188} INFO - [2025-08-10T02:59:55.857+0000] {dag.py:3954} INFO - Setting next_dagrun for example_sla_dag to 2025-08-10 02:56:00+00:00, run_after=2025-08-10 02:58:00+00:00
[2025-08-10T02:59:55.906+0000] {processor.py:183} INFO - Processing /home/airflow/.local/lib/python3.12/site-packages/airflow/example_dags/example_sla_dag.py took 0.195 seconds
[2025-08-10T03:00:26.079+0000] {processor.py:161} INFO - Started process (PID=701) to work on /home/airflow/.local/lib/python3.12/site-packages/airflow/example_dags/example_sla_dag.py
[2025-08-10T03:00:26.082+0000] {processor.py:830} INFO - Processing file /home/airflow/.local/lib/python3.12/site-packages/airflow/example_dags/example_sla_dag.py for tasks to queue
[2025-08-10T03:00:26.087+0000] {logging_mixin.py:188} INFO - [2025-08-10T03:00:26.086+0000] {dagbag.py:545} INFO - Filling up the DagBag from /home/airflow/.local/lib/python3.12/site-packages/airflow/example_dags/example_sla_dag.py
[2025-08-10T03:00:26.110+0000] {processor.py:840} INFO - DAG(s) 'example_sla_dag' retrieved from /home/airflow/.local/lib/python3.12/site-packages/airflow/example_dags/example_sla_dag.py
[2025-08-10T03:00:26.159+0000] {logging_mixin.py:188} INFO - [2025-08-10T03:00:26.157+0000] {dag.py:3096} INFO - Sync 1 DAGs
[2025-08-10T03:00:26.208+0000] {logging_mixin.py:188} INFO - [2025-08-10T03:00:26.207+0000] {dag.py:3954} INFO - Setting next_dagrun for example_sla_dag to 2025-08-10 02:58:00+00:00, run_after=2025-08-10 03:00:00+00:00
[2025-08-10T03:00:26.254+0000] {processor.py:183} INFO - Processing /home/airflow/.local/lib/python3.12/site-packages/airflow/example_dags/example_sla_dag.py took 0.192 seconds
[2025-08-10T03:00:56.392+0000] {processor.py:161} INFO - Started process (PID=763) to work on /home/airflow/.local/lib/python3.12/site-packages/airflow/example_dags/example_sla_dag.py
[2025-08-10T03:00:56.395+0000] {processor.py:830} INFO - Processing file /home/airflow/.local/lib/python3.12/site-packages/airflow/example_dags/example_sla_dag.py for tasks to queue
[2025-08-10T03:00:56.399+0000] {logging_mixin.py:188} INFO - [2025-08-10T03:00:56.398+0000] {dagbag.py:545} INFO - Filling up the DagBag from /home/airflow/.local/lib/python3.12/site-packages/airflow/example_dags/example_sla_dag.py
[2025-08-10T03:00:56.417+0000] {processor.py:840} INFO - DAG(s) 'example_sla_dag' retrieved from /home/airflow/.local/lib/python3.12/site-packages/airflow/example_dags/example_sla_dag.py
[2025-08-10T03:00:56.458+0000] {logging_mixin.py:188} INFO - [2025-08-10T03:00:56.457+0000] {dag.py:3096} INFO - Sync 1 DAGs
[2025-08-10T03:00:56.500+0000] {logging_mixin.py:188} INFO - [2025-08-10T03:00:56.499+0000] {dag.py:3954} INFO - Setting next_dagrun for example_sla_dag to 2025-08-10 02:58:00+00:00, run_after=2025-08-10 03:00:00+00:00
[2025-08-10T03:00:56.540+0000] {processor.py:183} INFO - Processing /home/airflow/.local/lib/python3.12/site-packages/airflow/example_dags/example_sla_dag.py took 0.160 seconds
[2025-08-10T03:01:26.791+0000] {processor.py:161} INFO - Started process (PID=825) to work on /home/airflow/.local/lib/python3.12/site-packages/airflow/example_dags/example_sla_dag.py
[2025-08-10T03:01:26.793+0000] {processor.py:830} INFO - Processing file /home/airflow/.local/lib/python3.12/site-packages/airflow/example_dags/example_sla_dag.py for tasks to queue
[2025-08-10T03:01:26.798+0000] {logging_mixin.py:188} INFO - [2025-08-10T03:01:26.797+0000] {dagbag.py:545} INFO - Filling up the DagBag from /home/airflow/.local/lib/python3.12/site-packages/airflow/example_dags/example_sla_dag.py
[2025-08-10T03:01:26.817+0000] {processor.py:840} INFO - DAG(s) 'example_sla_dag' retrieved from /home/airflow/.local/lib/python3.12/site-packages/airflow/example_dags/example_sla_dag.py
[2025-08-10T03:01:26.863+0000] {logging_mixin.py:188} INFO - [2025-08-10T03:01:26.861+0000] {dag.py:3096} INFO - Sync 1 DAGs
[2025-08-10T03:01:26.909+0000] {logging_mixin.py:188} INFO - [2025-08-10T03:01:26.908+0000] {dag.py:3954} INFO - Setting next_dagrun for example_sla_dag to 2025-08-10 02:58:00+00:00, run_after=2025-08-10 03:00:00+00:00
[2025-08-10T03:01:26.954+0000] {processor.py:183} INFO - Processing /home/airflow/.local/lib/python3.12/site-packages/airflow/example_dags/example_sla_dag.py took 0.174 seconds
[2025-08-10T03:01:57.421+0000] {processor.py:161} INFO - Started process (PID=888) to work on /home/airflow/.local/lib/python3.12/site-packages/airflow/example_dags/example_sla_dag.py
[2025-08-10T03:01:57.423+0000] {processor.py:830} INFO - Processing file /home/airflow/.local/lib/python3.12/site-packages/airflow/example_dags/example_sla_dag.py for tasks to queue
[2025-08-10T03:01:57.428+0000] {logging_mixin.py:188} INFO - [2025-08-10T03:01:57.427+0000] {dagbag.py:545} INFO - Filling up the DagBag from /home/airflow/.local/lib/python3.12/site-packages/airflow/example_dags/example_sla_dag.py
[2025-08-10T03:01:57.449+0000] {processor.py:840} INFO - DAG(s) 'example_sla_dag' retrieved from /home/airflow/.local/lib/python3.12/site-packages/airflow/example_dags/example_sla_dag.py
[2025-08-10T03:01:57.489+0000] {logging_mixin.py:188} INFO - [2025-08-10T03:01:57.488+0000] {dag.py:3096} INFO - Sync 1 DAGs
[2025-08-10T03:01:57.535+0000] {logging_mixin.py:188} INFO - [2025-08-10T03:01:57.535+0000] {dag.py:3954} INFO - Setting next_dagrun for example_sla_dag to 2025-08-10 02:58:00+00:00, run_after=2025-08-10 03:00:00+00:00
[2025-08-10T03:01:57.576+0000] {processor.py:183} INFO - Processing /home/airflow/.local/lib/python3.12/site-packages/airflow/example_dags/example_sla_dag.py took 0.167 seconds
[2025-08-10T03:02:27.766+0000] {processor.py:161} INFO - Started process (PID=950) to work on /home/airflow/.local/lib/python3.12/site-packages/airflow/example_dags/example_sla_dag.py
[2025-08-10T03:02:27.768+0000] {processor.py:830} INFO - Processing file /home/airflow/.local/lib/python3.12/site-packages/airflow/example_dags/example_sla_dag.py for tasks to queue
[2025-08-10T03:02:27.770+0000] {logging_mixin.py:188} INFO - [2025-08-10T03:02:27.770+0000] {dagbag.py:545} INFO - Filling up the DagBag from /home/airflow/.local/lib/python3.12/site-packages/airflow/example_dags/example_sla_dag.py
[2025-08-10T03:02:27.788+0000] {processor.py:840} INFO - DAG(s) 'example_sla_dag' retrieved from /home/airflow/.local/lib/python3.12/site-packages/airflow/example_dags/example_sla_dag.py
[2025-08-10T03:02:27.833+0000] {logging_mixin.py:188} INFO - [2025-08-10T03:02:27.832+0000] {dag.py:3096} INFO - Sync 1 DAGs
[2025-08-10T03:02:27.877+0000] {logging_mixin.py:188} INFO - [2025-08-10T03:02:27.876+0000] {dag.py:3954} INFO - Setting next_dagrun for example_sla_dag to 2025-08-10 03:00:00+00:00, run_after=2025-08-10 03:02:00+00:00
[2025-08-10T03:02:27.915+0000] {processor.py:183} INFO - Processing /home/airflow/.local/lib/python3.12/site-packages/airflow/example_dags/example_sla_dag.py took 0.162 seconds
[2025-08-10T03:02:58.294+0000] {processor.py:161} INFO - Started process (PID=1013) to work on /home/airflow/.local/lib/python3.12/site-packages/airflow/example_dags/example_sla_dag.py
[2025-08-10T03:02:58.297+0000] {processor.py:830} INFO - Processing file /home/airflow/.local/lib/python3.12/site-packages/airflow/example_dags/example_sla_dag.py for tasks to queue
[2025-08-10T03:02:58.299+0000] {logging_mixin.py:188} INFO - [2025-08-10T03:02:58.298+0000] {dagbag.py:545} INFO - Filling up the DagBag from /home/airflow/.local/lib/python3.12/site-packages/airflow/example_dags/example_sla_dag.py
[2025-08-10T03:02:58.318+0000] {processor.py:840} INFO - DAG(s) 'example_sla_dag' retrieved from /home/airflow/.local/lib/python3.12/site-packages/airflow/example_dags/example_sla_dag.py
[2025-08-10T03:02:58.369+0000] {logging_mixin.py:188} INFO - [2025-08-10T03:02:58.368+0000] {dag.py:3096} INFO - Sync 1 DAGs
[2025-08-10T03:02:58.415+0000] {logging_mixin.py:188} INFO - [2025-08-10T03:02:58.415+0000] {dag.py:3954} INFO - Setting next_dagrun for example_sla_dag to 2025-08-10 03:00:00+00:00, run_after=2025-08-10 03:02:00+00:00
[2025-08-10T03:02:58.528+0000] {processor.py:183} INFO - Processing /home/airflow/.local/lib/python3.12/site-packages/airflow/example_dags/example_sla_dag.py took 0.247 seconds
[2025-08-10T03:03:28.657+0000] {processor.py:161} INFO - Started process (PID=1075) to work on /home/airflow/.local/lib/python3.12/site-packages/airflow/example_dags/example_sla_dag.py
[2025-08-10T03:03:28.660+0000] {processor.py:830} INFO - Processing file /home/airflow/.local/lib/python3.12/site-packages/airflow/example_dags/example_sla_dag.py for tasks to queue
[2025-08-10T03:03:28.662+0000] {logging_mixin.py:188} INFO - [2025-08-10T03:03:28.661+0000] {dagbag.py:545} INFO - Filling up the DagBag from /home/airflow/.local/lib/python3.12/site-packages/airflow/example_dags/example_sla_dag.py
[2025-08-10T03:03:28.679+0000] {processor.py:840} INFO - DAG(s) 'example_sla_dag' retrieved from /home/airflow/.local/lib/python3.12/site-packages/airflow/example_dags/example_sla_dag.py
[2025-08-10T03:03:28.726+0000] {logging_mixin.py:188} INFO - [2025-08-10T03:03:28.726+0000] {dag.py:3096} INFO - Sync 1 DAGs
[2025-08-10T03:03:28.779+0000] {logging_mixin.py:188} INFO - [2025-08-10T03:03:28.779+0000] {dag.py:3954} INFO - Setting next_dagrun for example_sla_dag to 2025-08-10 03:00:00+00:00, run_after=2025-08-10 03:02:00+00:00
[2025-08-10T03:03:28.830+0000] {processor.py:183} INFO - Processing /home/airflow/.local/lib/python3.12/site-packages/airflow/example_dags/example_sla_dag.py took 0.188 seconds
[2025-08-10T03:03:59.094+0000] {processor.py:161} INFO - Started process (PID=1137) to work on /home/airflow/.local/lib/python3.12/site-packages/airflow/example_dags/example_sla_dag.py
[2025-08-10T03:03:59.096+0000] {processor.py:830} INFO - Processing file /home/airflow/.local/lib/python3.12/site-packages/airflow/example_dags/example_sla_dag.py for tasks to queue
[2025-08-10T03:03:59.098+0000] {logging_mixin.py:188} INFO - [2025-08-10T03:03:59.097+0000] {dagbag.py:545} INFO - Filling up the DagBag from /home/airflow/.local/lib/python3.12/site-packages/airflow/example_dags/example_sla_dag.py
[2025-08-10T03:03:59.114+0000] {processor.py:840} INFO - DAG(s) 'example_sla_dag' retrieved from /home/airflow/.local/lib/python3.12/site-packages/airflow/example_dags/example_sla_dag.py
[2025-08-10T03:03:59.153+0000] {logging_mixin.py:188} INFO - [2025-08-10T03:03:59.152+0000] {dag.py:3096} INFO - Sync 1 DAGs
[2025-08-10T03:03:59.207+0000] {logging_mixin.py:188} INFO - [2025-08-10T03:03:59.206+0000] {dag.py:3954} INFO - Setting next_dagrun for example_sla_dag to 2025-08-10 03:00:00+00:00, run_after=2025-08-10 03:02:00+00:00
[2025-08-10T03:03:59.251+0000] {processor.py:183} INFO - Processing /home/airflow/.local/lib/python3.12/site-packages/airflow/example_dags/example_sla_dag.py took 0.168 seconds
[2025-08-10T03:04:29.726+0000] {processor.py:161} INFO - Started process (PID=1199) to work on /home/airflow/.local/lib/python3.12/site-packages/airflow/example_dags/example_sla_dag.py
[2025-08-10T03:04:29.729+0000] {processor.py:830} INFO - Processing file /home/airflow/.local/lib/python3.12/site-packages/airflow/example_dags/example_sla_dag.py for tasks to queue
[2025-08-10T03:04:29.731+0000] {logging_mixin.py:188} INFO - [2025-08-10T03:04:29.730+0000] {dagbag.py:545} INFO - Filling up the DagBag from /home/airflow/.local/lib/python3.12/site-packages/airflow/example_dags/example_sla_dag.py
[2025-08-10T03:04:29.748+0000] {processor.py:840} INFO - DAG(s) 'example_sla_dag' retrieved from /home/airflow/.local/lib/python3.12/site-packages/airflow/example_dags/example_sla_dag.py
[2025-08-10T03:04:29.790+0000] {logging_mixin.py:188} INFO - [2025-08-10T03:04:29.790+0000] {dag.py:3096} INFO - Sync 1 DAGs
[2025-08-10T03:04:29.835+0000] {logging_mixin.py:188} INFO - [2025-08-10T03:04:29.835+0000] {dag.py:3954} INFO - Setting next_dagrun for example_sla_dag to 2025-08-10 03:02:00+00:00, run_after=2025-08-10 03:04:00+00:00
[2025-08-10T03:04:29.880+0000] {processor.py:183} INFO - Processing /home/airflow/.local/lib/python3.12/site-packages/airflow/example_dags/example_sla_dag.py took 0.169 seconds
[2025-08-10T03:05:00.088+0000] {processor.py:161} INFO - Started process (PID=1261) to work on /home/airflow/.local/lib/python3.12/site-packages/airflow/example_dags/example_sla_dag.py
[2025-08-10T03:05:00.091+0000] {processor.py:830} INFO - Processing file /home/airflow/.local/lib/python3.12/site-packages/airflow/example_dags/example_sla_dag.py for tasks to queue
[2025-08-10T03:05:00.092+0000] {logging_mixin.py:188} INFO - [2025-08-10T03:05:00.092+0000] {dagbag.py:545} INFO - Filling up the DagBag from /home/airflow/.local/lib/python3.12/site-packages/airflow/example_dags/example_sla_dag.py
[2025-08-10T03:05:00.107+0000] {processor.py:840} INFO - DAG(s) 'example_sla_dag' retrieved from /home/airflow/.local/lib/python3.12/site-packages/airflow/example_dags/example_sla_dag.py
[2025-08-10T03:05:00.150+0000] {logging_mixin.py:188} INFO - [2025-08-10T03:05:00.150+0000] {dag.py:3096} INFO - Sync 1 DAGs
[2025-08-10T03:05:00.200+0000] {logging_mixin.py:188} INFO - [2025-08-10T03:05:00.199+0000] {dag.py:3954} INFO - Setting next_dagrun for example_sla_dag to 2025-08-10 03:02:00+00:00, run_after=2025-08-10 03:04:00+00:00
[2025-08-10T03:05:00.242+0000] {processor.py:183} INFO - Processing /home/airflow/.local/lib/python3.12/site-packages/airflow/example_dags/example_sla_dag.py took 0.168 seconds
[2025-08-10T03:05:30.836+0000] {processor.py:161} INFO - Started process (PID=1324) to work on /home/airflow/.local/lib/python3.12/site-packages/airflow/example_dags/example_sla_dag.py
[2025-08-10T03:05:30.838+0000] {processor.py:830} INFO - Processing file /home/airflow/.local/lib/python3.12/site-packages/airflow/example_dags/example_sla_dag.py for tasks to queue
[2025-08-10T03:05:30.840+0000] {logging_mixin.py:188} INFO - [2025-08-10T03:05:30.839+0000] {dagbag.py:545} INFO - Filling up the DagBag from /home/airflow/.local/lib/python3.12/site-packages/airflow/example_dags/example_sla_dag.py
[2025-08-10T03:05:30.853+0000] {processor.py:840} INFO - DAG(s) 'example_sla_dag' retrieved from /home/airflow/.local/lib/python3.12/site-packages/airflow/example_dags/example_sla_dag.py
[2025-08-10T03:05:30.887+0000] {logging_mixin.py:188} INFO - [2025-08-10T03:05:30.886+0000] {dag.py:3096} INFO - Sync 1 DAGs
[2025-08-10T03:05:30.924+0000] {logging_mixin.py:188} INFO - [2025-08-10T03:05:30.924+0000] {dag.py:3954} INFO - Setting next_dagrun for example_sla_dag to 2025-08-10 03:02:00+00:00, run_after=2025-08-10 03:04:00+00:00
[2025-08-10T03:05:30.965+0000] {processor.py:183} INFO - Processing /home/airflow/.local/lib/python3.12/site-packages/airflow/example_dags/example_sla_dag.py took 0.137 seconds
[2025-08-10T03:06:01.572+0000] {processor.py:161} INFO - Started process (PID=1386) to work on /home/airflow/.local/lib/python3.12/site-packages/airflow/example_dags/example_sla_dag.py
[2025-08-10T03:06:01.573+0000] {processor.py:830} INFO - Processing file /home/airflow/.local/lib/python3.12/site-packages/airflow/example_dags/example_sla_dag.py for tasks to queue
[2025-08-10T03:06:01.575+0000] {logging_mixin.py:188} INFO - [2025-08-10T03:06:01.574+0000] {dagbag.py:545} INFO - Filling up the DagBag from /home/airflow/.local/lib/python3.12/site-packages/airflow/example_dags/example_sla_dag.py
[2025-08-10T03:06:01.588+0000] {processor.py:840} INFO - DAG(s) 'example_sla_dag' retrieved from /home/airflow/.local/lib/python3.12/site-packages/airflow/example_dags/example_sla_dag.py
[2025-08-10T03:06:01.632+0000] {logging_mixin.py:188} INFO - [2025-08-10T03:06:01.631+0000] {dag.py:3096} INFO - Sync 1 DAGs
[2025-08-10T03:06:01.678+0000] {logging_mixin.py:188} INFO - [2025-08-10T03:06:01.678+0000] {dag.py:3954} INFO - Setting next_dagrun for example_sla_dag to 2025-08-10 03:04:00+00:00, run_after=2025-08-10 03:06:00+00:00
[2025-08-10T03:06:01.717+0000] {processor.py:183} INFO - Processing /home/airflow/.local/lib/python3.12/site-packages/airflow/example_dags/example_sla_dag.py took 0.156 seconds
[2025-08-10T03:06:31.927+0000] {processor.py:161} INFO - Started process (PID=1448) to work on /home/airflow/.local/lib/python3.12/site-packages/airflow/example_dags/example_sla_dag.py
[2025-08-10T03:06:31.929+0000] {processor.py:830} INFO - Processing file /home/airflow/.local/lib/python3.12/site-packages/airflow/example_dags/example_sla_dag.py for tasks to queue
[2025-08-10T03:06:31.931+0000] {logging_mixin.py:188} INFO - [2025-08-10T03:06:31.931+0000] {dagbag.py:545} INFO - Filling up the DagBag from /home/airflow/.local/lib/python3.12/site-packages/airflow/example_dags/example_sla_dag.py
[2025-08-10T03:06:31.949+0000] {processor.py:840} INFO - DAG(s) 'example_sla_dag' retrieved from /home/airflow/.local/lib/python3.12/site-packages/airflow/example_dags/example_sla_dag.py
[2025-08-10T03:06:31.993+0000] {logging_mixin.py:188} INFO - [2025-08-10T03:06:31.992+0000] {dag.py:3096} INFO - Sync 1 DAGs
[2025-08-10T03:06:32.037+0000] {logging_mixin.py:188} INFO - [2025-08-10T03:06:32.037+0000] {dag.py:3954} INFO - Setting next_dagrun for example_sla_dag to 2025-08-10 03:04:00+00:00, run_after=2025-08-10 03:06:00+00:00
[2025-08-10T03:06:32.077+0000] {processor.py:183} INFO - Processing /home/airflow/.local/lib/python3.12/site-packages/airflow/example_dags/example_sla_dag.py took 0.163 seconds
[2025-08-10T03:07:02.692+0000] {processor.py:161} INFO - Started process (PID=1510) to work on /home/airflow/.local/lib/python3.12/site-packages/airflow/example_dags/example_sla_dag.py
[2025-08-10T03:07:02.695+0000] {processor.py:830} INFO - Processing file /home/airflow/.local/lib/python3.12/site-packages/airflow/example_dags/example_sla_dag.py for tasks to queue
[2025-08-10T03:07:02.696+0000] {logging_mixin.py:188} INFO - [2025-08-10T03:07:02.696+0000] {dagbag.py:545} INFO - Filling up the DagBag from /home/airflow/.local/lib/python3.12/site-packages/airflow/example_dags/example_sla_dag.py
[2025-08-10T03:07:02.717+0000] {processor.py:840} INFO - DAG(s) 'example_sla_dag' retrieved from /home/airflow/.local/lib/python3.12/site-packages/airflow/example_dags/example_sla_dag.py
[2025-08-10T03:07:02.771+0000] {logging_mixin.py:188} INFO - [2025-08-10T03:07:02.770+0000] {dag.py:3096} INFO - Sync 1 DAGs
[2025-08-10T03:07:02.834+0000] {logging_mixin.py:188} INFO - [2025-08-10T03:07:02.834+0000] {dag.py:3954} INFO - Setting next_dagrun for example_sla_dag to 2025-08-10 03:04:00+00:00, run_after=2025-08-10 03:06:00+00:00
[2025-08-10T03:07:02.881+0000] {processor.py:183} INFO - Processing /home/airflow/.local/lib/python3.12/site-packages/airflow/example_dags/example_sla_dag.py took 0.202 seconds
[2025-08-10T03:17:48.002+0000] {processor.py:161} INFO - Started process (PID=1537) to work on /home/airflow/.local/lib/python3.12/site-packages/airflow/example_dags/example_sla_dag.py
[2025-08-10T03:17:48.005+0000] {processor.py:830} INFO - Processing file /home/airflow/.local/lib/python3.12/site-packages/airflow/example_dags/example_sla_dag.py for tasks to queue
[2025-08-10T03:17:48.007+0000] {logging_mixin.py:188} INFO - [2025-08-10T03:17:48.006+0000] {dagbag.py:545} INFO - Filling up the DagBag from /home/airflow/.local/lib/python3.12/site-packages/airflow/example_dags/example_sla_dag.py
[2025-08-10T03:17:48.023+0000] {processor.py:840} INFO - DAG(s) 'example_sla_dag' retrieved from /home/airflow/.local/lib/python3.12/site-packages/airflow/example_dags/example_sla_dag.py
[2025-08-10T03:17:48.063+0000] {logging_mixin.py:188} INFO - [2025-08-10T03:17:48.062+0000] {dag.py:3096} INFO - Sync 1 DAGs
[2025-08-10T03:17:48.106+0000] {logging_mixin.py:188} INFO - [2025-08-10T03:17:48.105+0000] {dag.py:3954} INFO - Setting next_dagrun for example_sla_dag to 2025-08-10 03:14:00+00:00, run_after=2025-08-10 03:16:00+00:00
[2025-08-10T03:17:48.141+0000] {processor.py:183} INFO - Processing /home/airflow/.local/lib/python3.12/site-packages/airflow/example_dags/example_sla_dag.py took 0.150 seconds
[2025-08-10T03:18:19.006+0000] {processor.py:161} INFO - Started process (PID=1599) to work on /home/airflow/.local/lib/python3.12/site-packages/airflow/example_dags/example_sla_dag.py
[2025-08-10T03:18:19.008+0000] {processor.py:830} INFO - Processing file /home/airflow/.local/lib/python3.12/site-packages/airflow/example_dags/example_sla_dag.py for tasks to queue
[2025-08-10T03:18:19.009+0000] {logging_mixin.py:188} INFO - [2025-08-10T03:18:19.009+0000] {dagbag.py:545} INFO - Filling up the DagBag from /home/airflow/.local/lib/python3.12/site-packages/airflow/example_dags/example_sla_dag.py
[2025-08-10T03:18:19.023+0000] {processor.py:840} INFO - DAG(s) 'example_sla_dag' retrieved from /home/airflow/.local/lib/python3.12/site-packages/airflow/example_dags/example_sla_dag.py
[2025-08-10T03:18:19.057+0000] {logging_mixin.py:188} INFO - [2025-08-10T03:18:19.056+0000] {dag.py:3096} INFO - Sync 1 DAGs
[2025-08-10T03:18:19.090+0000] {logging_mixin.py:188} INFO - [2025-08-10T03:18:19.089+0000] {dag.py:3954} INFO - Setting next_dagrun for example_sla_dag to 2025-08-10 03:16:00+00:00, run_after=2025-08-10 03:18:00+00:00
[2025-08-10T03:18:19.134+0000] {processor.py:183} INFO - Processing /home/airflow/.local/lib/python3.12/site-packages/airflow/example_dags/example_sla_dag.py took 0.138 seconds
[2025-08-10T03:18:49.352+0000] {processor.py:161} INFO - Started process (PID=1661) to work on /home/airflow/.local/lib/python3.12/site-packages/airflow/example_dags/example_sla_dag.py
[2025-08-10T03:18:49.354+0000] {processor.py:830} INFO - Processing file /home/airflow/.local/lib/python3.12/site-packages/airflow/example_dags/example_sla_dag.py for tasks to queue
[2025-08-10T03:18:49.355+0000] {logging_mixin.py:188} INFO - [2025-08-10T03:18:49.355+0000] {dagbag.py:545} INFO - Filling up the DagBag from /home/airflow/.local/lib/python3.12/site-packages/airflow/example_dags/example_sla_dag.py
[2025-08-10T03:18:49.370+0000] {processor.py:840} INFO - DAG(s) 'example_sla_dag' retrieved from /home/airflow/.local/lib/python3.12/site-packages/airflow/example_dags/example_sla_dag.py
[2025-08-10T03:18:49.418+0000] {logging_mixin.py:188} INFO - [2025-08-10T03:18:49.418+0000] {dag.py:3096} INFO - Sync 1 DAGs
[2025-08-10T03:18:49.463+0000] {logging_mixin.py:188} INFO - [2025-08-10T03:18:49.463+0000] {dag.py:3954} INFO - Setting next_dagrun for example_sla_dag to 2025-08-10 03:16:00+00:00, run_after=2025-08-10 03:18:00+00:00
[2025-08-10T03:18:49.501+0000] {processor.py:183} INFO - Processing /home/airflow/.local/lib/python3.12/site-packages/airflow/example_dags/example_sla_dag.py took 0.159 seconds
[2025-08-10T03:19:19.642+0000] {processor.py:161} INFO - Started process (PID=1721) to work on /home/airflow/.local/lib/python3.12/site-packages/airflow/example_dags/example_sla_dag.py
[2025-08-10T03:19:19.644+0000] {processor.py:830} INFO - Processing file /home/airflow/.local/lib/python3.12/site-packages/airflow/example_dags/example_sla_dag.py for tasks to queue
[2025-08-10T03:19:19.646+0000] {logging_mixin.py:188} INFO - [2025-08-10T03:19:19.645+0000] {dagbag.py:545} INFO - Filling up the DagBag from /home/airflow/.local/lib/python3.12/site-packages/airflow/example_dags/example_sla_dag.py
[2025-08-10T03:19:19.658+0000] {processor.py:840} INFO - DAG(s) 'example_sla_dag' retrieved from /home/airflow/.local/lib/python3.12/site-packages/airflow/example_dags/example_sla_dag.py
[2025-08-10T03:19:19.692+0000] {logging_mixin.py:188} INFO - [2025-08-10T03:19:19.692+0000] {dag.py:3096} INFO - Sync 1 DAGs
[2025-08-10T03:19:19.727+0000] {logging_mixin.py:188} INFO - [2025-08-10T03:19:19.726+0000] {dag.py:3954} INFO - Setting next_dagrun for example_sla_dag to 2025-08-10 03:16:00+00:00, run_after=2025-08-10 03:18:00+00:00
[2025-08-10T03:19:19.756+0000] {processor.py:183} INFO - Processing /home/airflow/.local/lib/python3.12/site-packages/airflow/example_dags/example_sla_dag.py took 0.124 seconds
[2025-08-10T03:19:50.198+0000] {processor.py:161} INFO - Started process (PID=1780) to work on /home/airflow/.local/lib/python3.12/site-packages/airflow/example_dags/example_sla_dag.py
[2025-08-10T03:19:50.200+0000] {processor.py:830} INFO - Processing file /home/airflow/.local/lib/python3.12/site-packages/airflow/example_dags/example_sla_dag.py for tasks to queue
[2025-08-10T03:19:50.202+0000] {logging_mixin.py:188} INFO - [2025-08-10T03:19:50.202+0000] {dagbag.py:545} INFO - Filling up the DagBag from /home/airflow/.local/lib/python3.12/site-packages/airflow/example_dags/example_sla_dag.py
[2025-08-10T03:19:50.215+0000] {processor.py:840} INFO - DAG(s) 'example_sla_dag' retrieved from /home/airflow/.local/lib/python3.12/site-packages/airflow/example_dags/example_sla_dag.py
[2025-08-10T03:19:50.254+0000] {logging_mixin.py:188} INFO - [2025-08-10T03:19:50.253+0000] {dag.py:3096} INFO - Sync 1 DAGs
[2025-08-10T03:19:50.291+0000] {logging_mixin.py:188} INFO - [2025-08-10T03:19:50.291+0000] {dag.py:3954} INFO - Setting next_dagrun for example_sla_dag to 2025-08-10 03:16:00+00:00, run_after=2025-08-10 03:18:00+00:00
[2025-08-10T03:19:50.341+0000] {processor.py:183} INFO - Processing /home/airflow/.local/lib/python3.12/site-packages/airflow/example_dags/example_sla_dag.py took 0.152 seconds
[2025-08-10T03:20:20.691+0000] {processor.py:161} INFO - Started process (PID=1843) to work on /home/airflow/.local/lib/python3.12/site-packages/airflow/example_dags/example_sla_dag.py
[2025-08-10T03:20:20.694+0000] {processor.py:830} INFO - Processing file /home/airflow/.local/lib/python3.12/site-packages/airflow/example_dags/example_sla_dag.py for tasks to queue
[2025-08-10T03:20:20.695+0000] {logging_mixin.py:188} INFO - [2025-08-10T03:20:20.695+0000] {dagbag.py:545} INFO - Filling up the DagBag from /home/airflow/.local/lib/python3.12/site-packages/airflow/example_dags/example_sla_dag.py
[2025-08-10T03:20:20.708+0000] {processor.py:840} INFO - DAG(s) 'example_sla_dag' retrieved from /home/airflow/.local/lib/python3.12/site-packages/airflow/example_dags/example_sla_dag.py
[2025-08-10T03:20:20.743+0000] {logging_mixin.py:188} INFO - [2025-08-10T03:20:20.742+0000] {dag.py:3096} INFO - Sync 1 DAGs
[2025-08-10T03:20:20.793+0000] {logging_mixin.py:188} INFO - [2025-08-10T03:20:20.793+0000] {dag.py:3954} INFO - Setting next_dagrun for example_sla_dag to 2025-08-10 03:18:00+00:00, run_after=2025-08-10 03:20:00+00:00
[2025-08-10T03:20:20.843+0000] {processor.py:183} INFO - Processing /home/airflow/.local/lib/python3.12/site-packages/airflow/example_dags/example_sla_dag.py took 0.161 seconds
[2025-08-10T03:20:51.360+0000] {processor.py:161} INFO - Started process (PID=1904) to work on /home/airflow/.local/lib/python3.12/site-packages/airflow/example_dags/example_sla_dag.py
[2025-08-10T03:20:51.362+0000] {processor.py:830} INFO - Processing file /home/airflow/.local/lib/python3.12/site-packages/airflow/example_dags/example_sla_dag.py for tasks to queue
[2025-08-10T03:20:51.364+0000] {logging_mixin.py:188} INFO - [2025-08-10T03:20:51.363+0000] {dagbag.py:545} INFO - Filling up the DagBag from /home/airflow/.local/lib/python3.12/site-packages/airflow/example_dags/example_sla_dag.py
[2025-08-10T03:20:51.382+0000] {processor.py:840} INFO - DAG(s) 'example_sla_dag' retrieved from /home/airflow/.local/lib/python3.12/site-packages/airflow/example_dags/example_sla_dag.py
[2025-08-10T03:20:51.424+0000] {logging_mixin.py:188} INFO - [2025-08-10T03:20:51.424+0000] {dag.py:3096} INFO - Sync 1 DAGs
[2025-08-10T03:20:51.464+0000] {logging_mixin.py:188} INFO - [2025-08-10T03:20:51.464+0000] {dag.py:3954} INFO - Setting next_dagrun for example_sla_dag to 2025-08-10 03:18:00+00:00, run_after=2025-08-10 03:20:00+00:00
[2025-08-10T03:20:51.506+0000] {processor.py:183} INFO - Processing /home/airflow/.local/lib/python3.12/site-packages/airflow/example_dags/example_sla_dag.py took 0.158 seconds
[2025-08-10T03:21:22.225+0000] {processor.py:161} INFO - Started process (PID=1966) to work on /home/airflow/.local/lib/python3.12/site-packages/airflow/example_dags/example_sla_dag.py
[2025-08-10T03:21:22.226+0000] {processor.py:830} INFO - Processing file /home/airflow/.local/lib/python3.12/site-packages/airflow/example_dags/example_sla_dag.py for tasks to queue
[2025-08-10T03:21:22.228+0000] {logging_mixin.py:188} INFO - [2025-08-10T03:21:22.228+0000] {dagbag.py:545} INFO - Filling up the DagBag from /home/airflow/.local/lib/python3.12/site-packages/airflow/example_dags/example_sla_dag.py
[2025-08-10T03:21:22.241+0000] {processor.py:840} INFO - DAG(s) 'example_sla_dag' retrieved from /home/airflow/.local/lib/python3.12/site-packages/airflow/example_dags/example_sla_dag.py
[2025-08-10T03:21:22.276+0000] {logging_mixin.py:188} INFO - [2025-08-10T03:21:22.276+0000] {dag.py:3096} INFO - Sync 1 DAGs
[2025-08-10T03:21:22.311+0000] {logging_mixin.py:188} INFO - [2025-08-10T03:21:22.311+0000] {dag.py:3954} INFO - Setting next_dagrun for example_sla_dag to 2025-08-10 03:18:00+00:00, run_after=2025-08-10 03:20:00+00:00
[2025-08-10T03:21:22.349+0000] {processor.py:183} INFO - Processing /home/airflow/.local/lib/python3.12/site-packages/airflow/example_dags/example_sla_dag.py took 0.134 seconds
[2025-08-10T03:21:52.872+0000] {processor.py:161} INFO - Started process (PID=2028) to work on /home/airflow/.local/lib/python3.12/site-packages/airflow/example_dags/example_sla_dag.py
[2025-08-10T03:21:52.874+0000] {processor.py:830} INFO - Processing file /home/airflow/.local/lib/python3.12/site-packages/airflow/example_dags/example_sla_dag.py for tasks to queue
[2025-08-10T03:21:52.875+0000] {logging_mixin.py:188} INFO - [2025-08-10T03:21:52.875+0000] {dagbag.py:545} INFO - Filling up the DagBag from /home/airflow/.local/lib/python3.12/site-packages/airflow/example_dags/example_sla_dag.py
[2025-08-10T03:21:52.889+0000] {processor.py:840} INFO - DAG(s) 'example_sla_dag' retrieved from /home/airflow/.local/lib/python3.12/site-packages/airflow/example_dags/example_sla_dag.py
[2025-08-10T03:21:52.925+0000] {logging_mixin.py:188} INFO - [2025-08-10T03:21:52.925+0000] {dag.py:3096} INFO - Sync 1 DAGs
[2025-08-10T03:21:52.962+0000] {logging_mixin.py:188} INFO - [2025-08-10T03:21:52.961+0000] {dag.py:3954} INFO - Setting next_dagrun for example_sla_dag to 2025-08-10 03:18:00+00:00, run_after=2025-08-10 03:20:00+00:00
[2025-08-10T03:21:52.999+0000] {processor.py:183} INFO - Processing /home/airflow/.local/lib/python3.12/site-packages/airflow/example_dags/example_sla_dag.py took 0.137 seconds
[2025-08-10T03:22:23.202+0000] {processor.py:161} INFO - Started process (PID=2090) to work on /home/airflow/.local/lib/python3.12/site-packages/airflow/example_dags/example_sla_dag.py
[2025-08-10T03:22:23.204+0000] {processor.py:830} INFO - Processing file /home/airflow/.local/lib/python3.12/site-packages/airflow/example_dags/example_sla_dag.py for tasks to queue
[2025-08-10T03:22:23.206+0000] {logging_mixin.py:188} INFO - [2025-08-10T03:22:23.205+0000] {dagbag.py:545} INFO - Filling up the DagBag from /home/airflow/.local/lib/python3.12/site-packages/airflow/example_dags/example_sla_dag.py
[2025-08-10T03:22:23.218+0000] {processor.py:840} INFO - DAG(s) 'example_sla_dag' retrieved from /home/airflow/.local/lib/python3.12/site-packages/airflow/example_dags/example_sla_dag.py
[2025-08-10T03:22:23.254+0000] {logging_mixin.py:188} INFO - [2025-08-10T03:22:23.254+0000] {dag.py:3096} INFO - Sync 1 DAGs
[2025-08-10T03:22:23.288+0000] {logging_mixin.py:188} INFO - [2025-08-10T03:22:23.288+0000] {dag.py:3954} INFO - Setting next_dagrun for example_sla_dag to 2025-08-10 03:20:00+00:00, run_after=2025-08-10 03:22:00+00:00
[2025-08-10T03:22:23.329+0000] {processor.py:183} INFO - Processing /home/airflow/.local/lib/python3.12/site-packages/airflow/example_dags/example_sla_dag.py took 0.137 seconds
[2025-08-10T03:22:56.440+0000] {processor.py:161} INFO - Started process (PID=2158) to work on /home/airflow/.local/lib/python3.12/site-packages/airflow/example_dags/example_sla_dag.py
[2025-08-10T03:22:56.501+0000] {processor.py:830} INFO - Processing file /home/airflow/.local/lib/python3.12/site-packages/airflow/example_dags/example_sla_dag.py for tasks to queue
[2025-08-10T03:22:56.506+0000] {logging_mixin.py:188} INFO - [2025-08-10T03:22:56.505+0000] {dagbag.py:545} INFO - Filling up the DagBag from /home/airflow/.local/lib/python3.12/site-packages/airflow/example_dags/example_sla_dag.py
[2025-08-10T03:22:56.623+0000] {processor.py:840} INFO - DAG(s) 'example_sla_dag' retrieved from /home/airflow/.local/lib/python3.12/site-packages/airflow/example_dags/example_sla_dag.py
[2025-08-10T03:22:56.779+0000] {logging_mixin.py:188} INFO - [2025-08-10T03:22:56.778+0000] {dag.py:3096} INFO - Sync 1 DAGs
[2025-08-10T03:22:57.020+0000] {logging_mixin.py:188} INFO - [2025-08-10T03:22:57.018+0000] {dag.py:3954} INFO - Setting next_dagrun for example_sla_dag to 2025-08-10 03:20:00+00:00, run_after=2025-08-10 03:22:00+00:00
[2025-08-10T03:22:57.243+0000] {processor.py:183} INFO - Processing /home/airflow/.local/lib/python3.12/site-packages/airflow/example_dags/example_sla_dag.py took 0.872 seconds
[2025-08-10T08:22:59.234+0000] {processor.py:161} INFO - Started process (PID=2184) to work on /home/airflow/.local/lib/python3.12/site-packages/airflow/example_dags/example_sla_dag.py
[2025-08-10T08:22:59.236+0000] {processor.py:830} INFO - Processing file /home/airflow/.local/lib/python3.12/site-packages/airflow/example_dags/example_sla_dag.py for tasks to queue
[2025-08-10T08:22:59.237+0000] {logging_mixin.py:188} INFO - [2025-08-10T08:22:59.237+0000] {dagbag.py:545} INFO - Filling up the DagBag from /home/airflow/.local/lib/python3.12/site-packages/airflow/example_dags/example_sla_dag.py
[2025-08-10T08:22:59.252+0000] {processor.py:840} INFO - DAG(s) 'example_sla_dag' retrieved from /home/airflow/.local/lib/python3.12/site-packages/airflow/example_dags/example_sla_dag.py
[2025-08-10T08:22:59.284+0000] {logging_mixin.py:188} INFO - [2025-08-10T08:22:59.284+0000] {dag.py:3096} INFO - Sync 1 DAGs
[2025-08-10T08:22:59.320+0000] {logging_mixin.py:188} INFO - [2025-08-10T08:22:59.320+0000] {dag.py:3954} INFO - Setting next_dagrun for example_sla_dag to 2025-08-10 08:20:00+00:00, run_after=2025-08-10 08:22:00+00:00
[2025-08-10T08:22:59.350+0000] {processor.py:183} INFO - Processing /home/airflow/.local/lib/python3.12/site-packages/airflow/example_dags/example_sla_dag.py took 0.124 seconds
[2025-08-10T15:12:17.466+0000] {processor.py:161} INFO - Started process (PID=2226) to work on /home/airflow/.local/lib/python3.12/site-packages/airflow/example_dags/example_sla_dag.py
[2025-08-10T15:12:17.468+0000] {processor.py:830} INFO - Processing file /home/airflow/.local/lib/python3.12/site-packages/airflow/example_dags/example_sla_dag.py for tasks to queue
[2025-08-10T15:12:17.471+0000] {logging_mixin.py:188} INFO - [2025-08-10T15:12:17.470+0000] {dagbag.py:545} INFO - Filling up the DagBag from /home/airflow/.local/lib/python3.12/site-packages/airflow/example_dags/example_sla_dag.py
[2025-08-10T15:12:17.488+0000] {processor.py:840} INFO - DAG(s) 'example_sla_dag' retrieved from /home/airflow/.local/lib/python3.12/site-packages/airflow/example_dags/example_sla_dag.py
[2025-08-10T15:12:17.532+0000] {logging_mixin.py:188} INFO - [2025-08-10T15:12:17.532+0000] {dag.py:3096} INFO - Sync 1 DAGs
[2025-08-10T15:12:17.567+0000] {logging_mixin.py:188} INFO - [2025-08-10T15:12:17.567+0000] {dag.py:3954} INFO - Setting next_dagrun for example_sla_dag to 2025-08-10 15:10:00+00:00, run_after=2025-08-10 15:12:00+00:00
[2025-08-10T15:12:17.600+0000] {processor.py:183} INFO - Processing /home/airflow/.local/lib/python3.12/site-packages/airflow/example_dags/example_sla_dag.py took 0.146 seconds
[2025-08-10T15:12:48.278+0000] {processor.py:161} INFO - Started process (PID=2288) to work on /home/airflow/.local/lib/python3.12/site-packages/airflow/example_dags/example_sla_dag.py
[2025-08-10T15:12:48.280+0000] {processor.py:830} INFO - Processing file /home/airflow/.local/lib/python3.12/site-packages/airflow/example_dags/example_sla_dag.py for tasks to queue
[2025-08-10T15:12:48.281+0000] {logging_mixin.py:188} INFO - [2025-08-10T15:12:48.281+0000] {dagbag.py:545} INFO - Filling up the DagBag from /home/airflow/.local/lib/python3.12/site-packages/airflow/example_dags/example_sla_dag.py
[2025-08-10T15:12:48.295+0000] {processor.py:840} INFO - DAG(s) 'example_sla_dag' retrieved from /home/airflow/.local/lib/python3.12/site-packages/airflow/example_dags/example_sla_dag.py
[2025-08-10T15:12:48.325+0000] {logging_mixin.py:188} INFO - [2025-08-10T15:12:48.325+0000] {dag.py:3096} INFO - Sync 1 DAGs
[2025-08-10T15:12:48.353+0000] {logging_mixin.py:188} INFO - [2025-08-10T15:12:48.353+0000] {dag.py:3954} INFO - Setting next_dagrun for example_sla_dag to 2025-08-10 15:10:00+00:00, run_after=2025-08-10 15:12:00+00:00
[2025-08-10T15:12:48.376+0000] {processor.py:183} INFO - Processing /home/airflow/.local/lib/python3.12/site-packages/airflow/example_dags/example_sla_dag.py took 0.107 seconds
[2025-08-10T15:13:19.052+0000] {processor.py:161} INFO - Started process (PID=2348) to work on /home/airflow/.local/lib/python3.12/site-packages/airflow/example_dags/example_sla_dag.py
[2025-08-10T15:13:19.054+0000] {processor.py:830} INFO - Processing file /home/airflow/.local/lib/python3.12/site-packages/airflow/example_dags/example_sla_dag.py for tasks to queue
[2025-08-10T15:13:19.055+0000] {logging_mixin.py:188} INFO - [2025-08-10T15:13:19.055+0000] {dagbag.py:545} INFO - Filling up the DagBag from /home/airflow/.local/lib/python3.12/site-packages/airflow/example_dags/example_sla_dag.py
[2025-08-10T15:13:19.065+0000] {processor.py:840} INFO - DAG(s) 'example_sla_dag' retrieved from /home/airflow/.local/lib/python3.12/site-packages/airflow/example_dags/example_sla_dag.py
[2025-08-10T15:13:19.104+0000] {logging_mixin.py:188} INFO - [2025-08-10T15:13:19.104+0000] {dag.py:3096} INFO - Sync 1 DAGs
[2025-08-10T15:13:19.154+0000] {logging_mixin.py:188} INFO - [2025-08-10T15:13:19.153+0000] {dag.py:3954} INFO - Setting next_dagrun for example_sla_dag to 2025-08-10 15:10:00+00:00, run_after=2025-08-10 15:12:00+00:00
[2025-08-10T15:13:19.197+0000] {processor.py:183} INFO - Processing /home/airflow/.local/lib/python3.12/site-packages/airflow/example_dags/example_sla_dag.py took 0.153 seconds
[2025-08-10T15:13:50.285+0000] {processor.py:161} INFO - Started process (PID=2410) to work on /home/airflow/.local/lib/python3.12/site-packages/airflow/example_dags/example_sla_dag.py
[2025-08-10T15:13:50.288+0000] {processor.py:830} INFO - Processing file /home/airflow/.local/lib/python3.12/site-packages/airflow/example_dags/example_sla_dag.py for tasks to queue
[2025-08-10T15:13:50.290+0000] {logging_mixin.py:188} INFO - [2025-08-10T15:13:50.289+0000] {dagbag.py:545} INFO - Filling up the DagBag from /home/airflow/.local/lib/python3.12/site-packages/airflow/example_dags/example_sla_dag.py
[2025-08-10T15:13:50.309+0000] {processor.py:840} INFO - DAG(s) 'example_sla_dag' retrieved from /home/airflow/.local/lib/python3.12/site-packages/airflow/example_dags/example_sla_dag.py
[2025-08-10T15:13:50.359+0000] {logging_mixin.py:188} INFO - [2025-08-10T15:13:50.358+0000] {dag.py:3096} INFO - Sync 1 DAGs
[2025-08-10T15:13:50.399+0000] {logging_mixin.py:188} INFO - [2025-08-10T15:13:50.399+0000] {dag.py:3954} INFO - Setting next_dagrun for example_sla_dag to 2025-08-10 15:10:00+00:00, run_after=2025-08-10 15:12:00+00:00
[2025-08-10T15:13:50.439+0000] {processor.py:183} INFO - Processing /home/airflow/.local/lib/python3.12/site-packages/airflow/example_dags/example_sla_dag.py took 0.165 seconds
[2025-08-10T15:14:20.861+0000] {processor.py:161} INFO - Started process (PID=2472) to work on /home/airflow/.local/lib/python3.12/site-packages/airflow/example_dags/example_sla_dag.py
[2025-08-10T15:14:20.863+0000] {processor.py:830} INFO - Processing file /home/airflow/.local/lib/python3.12/site-packages/airflow/example_dags/example_sla_dag.py for tasks to queue
[2025-08-10T15:14:20.865+0000] {logging_mixin.py:188} INFO - [2025-08-10T15:14:20.864+0000] {dagbag.py:545} INFO - Filling up the DagBag from /home/airflow/.local/lib/python3.12/site-packages/airflow/example_dags/example_sla_dag.py
[2025-08-10T15:14:20.878+0000] {processor.py:840} INFO - DAG(s) 'example_sla_dag' retrieved from /home/airflow/.local/lib/python3.12/site-packages/airflow/example_dags/example_sla_dag.py
[2025-08-10T15:14:20.915+0000] {logging_mixin.py:188} INFO - [2025-08-10T15:14:20.915+0000] {dag.py:3096} INFO - Sync 1 DAGs
[2025-08-10T15:14:20.950+0000] {logging_mixin.py:188} INFO - [2025-08-10T15:14:20.950+0000] {dag.py:3954} INFO - Setting next_dagrun for example_sla_dag to 2025-08-10 15:12:00+00:00, run_after=2025-08-10 15:14:00+00:00
[2025-08-10T15:14:20.991+0000] {processor.py:183} INFO - Processing /home/airflow/.local/lib/python3.12/site-packages/airflow/example_dags/example_sla_dag.py took 0.139 seconds
[2025-08-10T15:14:51.556+0000] {processor.py:161} INFO - Started process (PID=2533) to work on /home/airflow/.local/lib/python3.12/site-packages/airflow/example_dags/example_sla_dag.py
[2025-08-10T15:14:51.558+0000] {processor.py:830} INFO - Processing file /home/airflow/.local/lib/python3.12/site-packages/airflow/example_dags/example_sla_dag.py for tasks to queue
[2025-08-10T15:14:51.559+0000] {logging_mixin.py:188} INFO - [2025-08-10T15:14:51.559+0000] {dagbag.py:545} INFO - Filling up the DagBag from /home/airflow/.local/lib/python3.12/site-packages/airflow/example_dags/example_sla_dag.py
[2025-08-10T15:14:51.574+0000] {processor.py:840} INFO - DAG(s) 'example_sla_dag' retrieved from /home/airflow/.local/lib/python3.12/site-packages/airflow/example_dags/example_sla_dag.py
[2025-08-10T15:14:51.623+0000] {logging_mixin.py:188} INFO - [2025-08-10T15:14:51.622+0000] {dag.py:3096} INFO - Sync 1 DAGs
[2025-08-10T15:14:51.669+0000] {logging_mixin.py:188} INFO - [2025-08-10T15:14:51.668+0000] {dag.py:3954} INFO - Setting next_dagrun for example_sla_dag to 2025-08-10 15:12:00+00:00, run_after=2025-08-10 15:14:00+00:00
[2025-08-10T15:14:51.711+0000] {processor.py:183} INFO - Processing /home/airflow/.local/lib/python3.12/site-packages/airflow/example_dags/example_sla_dag.py took 0.166 seconds
[2025-08-10T15:15:22.172+0000] {processor.py:161} INFO - Started process (PID=2594) to work on /home/airflow/.local/lib/python3.12/site-packages/airflow/example_dags/example_sla_dag.py
[2025-08-10T15:15:22.176+0000] {processor.py:830} INFO - Processing file /home/airflow/.local/lib/python3.12/site-packages/airflow/example_dags/example_sla_dag.py for tasks to queue
[2025-08-10T15:15:22.179+0000] {logging_mixin.py:188} INFO - [2025-08-10T15:15:22.178+0000] {dagbag.py:545} INFO - Filling up the DagBag from /home/airflow/.local/lib/python3.12/site-packages/airflow/example_dags/example_sla_dag.py
[2025-08-10T15:15:22.196+0000] {processor.py:840} INFO - DAG(s) 'example_sla_dag' retrieved from /home/airflow/.local/lib/python3.12/site-packages/airflow/example_dags/example_sla_dag.py
[2025-08-10T15:15:22.240+0000] {logging_mixin.py:188} INFO - [2025-08-10T15:15:22.239+0000] {dag.py:3096} INFO - Sync 1 DAGs
[2025-08-10T15:15:22.281+0000] {logging_mixin.py:188} INFO - [2025-08-10T15:15:22.281+0000] {dag.py:3954} INFO - Setting next_dagrun for example_sla_dag to 2025-08-10 15:12:00+00:00, run_after=2025-08-10 15:14:00+00:00
[2025-08-10T15:15:22.312+0000] {processor.py:183} INFO - Processing /home/airflow/.local/lib/python3.12/site-packages/airflow/example_dags/example_sla_dag.py took 0.152 seconds
[2025-08-10T15:15:52.856+0000] {processor.py:161} INFO - Started process (PID=2656) to work on /home/airflow/.local/lib/python3.12/site-packages/airflow/example_dags/example_sla_dag.py
[2025-08-10T15:15:52.859+0000] {processor.py:830} INFO - Processing file /home/airflow/.local/lib/python3.12/site-packages/airflow/example_dags/example_sla_dag.py for tasks to queue
[2025-08-10T15:15:52.861+0000] {logging_mixin.py:188} INFO - [2025-08-10T15:15:52.860+0000] {dagbag.py:545} INFO - Filling up the DagBag from /home/airflow/.local/lib/python3.12/site-packages/airflow/example_dags/example_sla_dag.py
[2025-08-10T15:15:52.879+0000] {processor.py:840} INFO - DAG(s) 'example_sla_dag' retrieved from /home/airflow/.local/lib/python3.12/site-packages/airflow/example_dags/example_sla_dag.py
[2025-08-10T15:15:52.934+0000] {logging_mixin.py:188} INFO - [2025-08-10T15:15:52.934+0000] {dag.py:3096} INFO - Sync 1 DAGs
[2025-08-10T15:15:52.988+0000] {logging_mixin.py:188} INFO - [2025-08-10T15:15:52.987+0000] {dag.py:3954} INFO - Setting next_dagrun for example_sla_dag to 2025-08-10 15:12:00+00:00, run_after=2025-08-10 15:14:00+00:00
[2025-08-10T15:15:53.028+0000] {processor.py:183} INFO - Processing /home/airflow/.local/lib/python3.12/site-packages/airflow/example_dags/example_sla_dag.py took 0.189 seconds
[2025-08-10T15:16:23.560+0000] {processor.py:161} INFO - Started process (PID=2718) to work on /home/airflow/.local/lib/python3.12/site-packages/airflow/example_dags/example_sla_dag.py
[2025-08-10T15:16:23.562+0000] {processor.py:830} INFO - Processing file /home/airflow/.local/lib/python3.12/site-packages/airflow/example_dags/example_sla_dag.py for tasks to queue
[2025-08-10T15:16:23.564+0000] {logging_mixin.py:188} INFO - [2025-08-10T15:16:23.563+0000] {dagbag.py:545} INFO - Filling up the DagBag from /home/airflow/.local/lib/python3.12/site-packages/airflow/example_dags/example_sla_dag.py
[2025-08-10T15:16:23.578+0000] {processor.py:840} INFO - DAG(s) 'example_sla_dag' retrieved from /home/airflow/.local/lib/python3.12/site-packages/airflow/example_dags/example_sla_dag.py
[2025-08-10T15:16:23.623+0000] {logging_mixin.py:188} INFO - [2025-08-10T15:16:23.622+0000] {dag.py:3096} INFO - Sync 1 DAGs
[2025-08-10T15:16:23.667+0000] {logging_mixin.py:188} INFO - [2025-08-10T15:16:23.667+0000] {dag.py:3954} INFO - Setting next_dagrun for example_sla_dag to 2025-08-10 15:14:00+00:00, run_after=2025-08-10 15:16:00+00:00
[2025-08-10T15:16:23.712+0000] {processor.py:183} INFO - Processing /home/airflow/.local/lib/python3.12/site-packages/airflow/example_dags/example_sla_dag.py took 0.161 seconds
[2025-08-10T15:16:54.201+0000] {processor.py:161} INFO - Started process (PID=2779) to work on /home/airflow/.local/lib/python3.12/site-packages/airflow/example_dags/example_sla_dag.py
[2025-08-10T15:16:54.203+0000] {processor.py:830} INFO - Processing file /home/airflow/.local/lib/python3.12/site-packages/airflow/example_dags/example_sla_dag.py for tasks to queue
[2025-08-10T15:16:54.205+0000] {logging_mixin.py:188} INFO - [2025-08-10T15:16:54.204+0000] {dagbag.py:545} INFO - Filling up the DagBag from /home/airflow/.local/lib/python3.12/site-packages/airflow/example_dags/example_sla_dag.py
[2025-08-10T15:16:54.221+0000] {processor.py:840} INFO - DAG(s) 'example_sla_dag' retrieved from /home/airflow/.local/lib/python3.12/site-packages/airflow/example_dags/example_sla_dag.py
[2025-08-10T15:16:54.259+0000] {logging_mixin.py:188} INFO - [2025-08-10T15:16:54.258+0000] {dag.py:3096} INFO - Sync 1 DAGs
[2025-08-10T15:16:54.299+0000] {logging_mixin.py:188} INFO - [2025-08-10T15:16:54.299+0000] {dag.py:3954} INFO - Setting next_dagrun for example_sla_dag to 2025-08-10 15:14:00+00:00, run_after=2025-08-10 15:16:00+00:00
[2025-08-10T15:16:54.332+0000] {processor.py:183} INFO - Processing /home/airflow/.local/lib/python3.12/site-packages/airflow/example_dags/example_sla_dag.py took 0.143 seconds
