[2025-08-10T02:55:23.661+0000] {processor.py:161} INFO - Started process (PID=108) to work on /home/airflow/.local/lib/python3.12/site-packages/airflow/example_dags/tutorial.py
[2025-08-10T02:55:23.662+0000] {processor.py:830} INFO - Processing file /home/airflow/.local/lib/python3.12/site-packages/airflow/example_dags/tutorial.py for tasks to queue
[2025-08-10T02:55:23.666+0000] {logging_mixin.py:188} INFO - [2025-08-10T02:55:23.665+0000] {dagbag.py:545} INFO - Filling up the DagBag from /home/airflow/.local/lib/python3.12/site-packages/airflow/example_dags/tutorial.py
[2025-08-10T02:55:23.678+0000] {processor.py:840} INFO - DAG(s) 'tutorial' retrieved from /home/airflow/.local/lib/python3.12/site-packages/airflow/example_dags/tutorial.py
[2025-08-10T02:55:23.850+0000] {logging_mixin.py:188} INFO - [2025-08-10T02:55:23.849+0000] {dag.py:3096} INFO - Sync 1 DAGs
[2025-08-10T02:55:23.877+0000] {logging_mixin.py:188} INFO - [2025-08-10T02:55:23.877+0000] {dag.py:3954} INFO - Setting next_dagrun for tutorial to 2025-08-09 00:00:00+00:00, run_after=2025-08-10 00:00:00+00:00
[2025-08-10T02:55:23.906+0000] {processor.py:183} INFO - Processing /home/airflow/.local/lib/python3.12/site-packages/airflow/example_dags/tutorial.py took 0.254 seconds
[2025-08-10T02:55:54.087+0000] {processor.py:161} INFO - Started process (PID=170) to work on /home/airflow/.local/lib/python3.12/site-packages/airflow/example_dags/tutorial.py
[2025-08-10T02:55:54.089+0000] {processor.py:830} INFO - Processing file /home/airflow/.local/lib/python3.12/site-packages/airflow/example_dags/tutorial.py for tasks to queue
[2025-08-10T02:55:54.092+0000] {logging_mixin.py:188} INFO - [2025-08-10T02:55:54.092+0000] {dagbag.py:545} INFO - Filling up the DagBag from /home/airflow/.local/lib/python3.12/site-packages/airflow/example_dags/tutorial.py
[2025-08-10T02:55:54.101+0000] {processor.py:840} INFO - DAG(s) 'tutorial' retrieved from /home/airflow/.local/lib/python3.12/site-packages/airflow/example_dags/tutorial.py
[2025-08-10T02:55:54.134+0000] {logging_mixin.py:188} INFO - [2025-08-10T02:55:54.133+0000] {dag.py:3096} INFO - Sync 1 DAGs
[2025-08-10T02:55:54.164+0000] {logging_mixin.py:188} INFO - [2025-08-10T02:55:54.163+0000] {dag.py:3954} INFO - Setting next_dagrun for tutorial to 2025-08-09 00:00:00+00:00, run_after=2025-08-10 00:00:00+00:00
[2025-08-10T02:55:54.200+0000] {processor.py:183} INFO - Processing /home/airflow/.local/lib/python3.12/site-packages/airflow/example_dags/tutorial.py took 0.122 seconds
[2025-08-10T02:56:24.336+0000] {processor.py:161} INFO - Started process (PID=232) to work on /home/airflow/.local/lib/python3.12/site-packages/airflow/example_dags/tutorial.py
[2025-08-10T02:56:24.338+0000] {processor.py:830} INFO - Processing file /home/airflow/.local/lib/python3.12/site-packages/airflow/example_dags/tutorial.py for tasks to queue
[2025-08-10T02:56:24.341+0000] {logging_mixin.py:188} INFO - [2025-08-10T02:56:24.341+0000] {dagbag.py:545} INFO - Filling up the DagBag from /home/airflow/.local/lib/python3.12/site-packages/airflow/example_dags/tutorial.py
[2025-08-10T02:56:24.355+0000] {processor.py:840} INFO - DAG(s) 'tutorial' retrieved from /home/airflow/.local/lib/python3.12/site-packages/airflow/example_dags/tutorial.py
[2025-08-10T02:56:24.390+0000] {logging_mixin.py:188} INFO - [2025-08-10T02:56:24.390+0000] {dag.py:3096} INFO - Sync 1 DAGs
[2025-08-10T02:56:24.424+0000] {logging_mixin.py:188} INFO - [2025-08-10T02:56:24.423+0000] {dag.py:3954} INFO - Setting next_dagrun for tutorial to 2025-08-09 00:00:00+00:00, run_after=2025-08-10 00:00:00+00:00
[2025-08-10T02:56:24.457+0000] {processor.py:183} INFO - Processing /home/airflow/.local/lib/python3.12/site-packages/airflow/example_dags/tutorial.py took 0.132 seconds
[2025-08-10T02:56:55.210+0000] {processor.py:161} INFO - Started process (PID=294) to work on /home/airflow/.local/lib/python3.12/site-packages/airflow/example_dags/tutorial.py
[2025-08-10T02:56:55.212+0000] {processor.py:830} INFO - Processing file /home/airflow/.local/lib/python3.12/site-packages/airflow/example_dags/tutorial.py for tasks to queue
[2025-08-10T02:56:55.215+0000] {logging_mixin.py:188} INFO - [2025-08-10T02:56:55.215+0000] {dagbag.py:545} INFO - Filling up the DagBag from /home/airflow/.local/lib/python3.12/site-packages/airflow/example_dags/tutorial.py
[2025-08-10T02:56:55.228+0000] {processor.py:840} INFO - DAG(s) 'tutorial' retrieved from /home/airflow/.local/lib/python3.12/site-packages/airflow/example_dags/tutorial.py
[2025-08-10T02:56:55.261+0000] {logging_mixin.py:188} INFO - [2025-08-10T02:56:55.260+0000] {dag.py:3096} INFO - Sync 1 DAGs
[2025-08-10T02:56:55.293+0000] {logging_mixin.py:188} INFO - [2025-08-10T02:56:55.292+0000] {dag.py:3954} INFO - Setting next_dagrun for tutorial to 2025-08-09 00:00:00+00:00, run_after=2025-08-10 00:00:00+00:00
[2025-08-10T02:56:55.322+0000] {processor.py:183} INFO - Processing /home/airflow/.local/lib/python3.12/site-packages/airflow/example_dags/tutorial.py took 0.120 seconds
[2025-08-10T02:57:25.498+0000] {processor.py:161} INFO - Started process (PID=356) to work on /home/airflow/.local/lib/python3.12/site-packages/airflow/example_dags/tutorial.py
[2025-08-10T02:57:25.501+0000] {processor.py:830} INFO - Processing file /home/airflow/.local/lib/python3.12/site-packages/airflow/example_dags/tutorial.py for tasks to queue
[2025-08-10T02:57:25.505+0000] {logging_mixin.py:188} INFO - [2025-08-10T02:57:25.504+0000] {dagbag.py:545} INFO - Filling up the DagBag from /home/airflow/.local/lib/python3.12/site-packages/airflow/example_dags/tutorial.py
[2025-08-10T02:57:25.514+0000] {processor.py:840} INFO - DAG(s) 'tutorial' retrieved from /home/airflow/.local/lib/python3.12/site-packages/airflow/example_dags/tutorial.py
[2025-08-10T02:57:25.546+0000] {logging_mixin.py:188} INFO - [2025-08-10T02:57:25.546+0000] {dag.py:3096} INFO - Sync 1 DAGs
[2025-08-10T02:57:25.577+0000] {logging_mixin.py:188} INFO - [2025-08-10T02:57:25.577+0000] {dag.py:3954} INFO - Setting next_dagrun for tutorial to 2025-08-09 00:00:00+00:00, run_after=2025-08-10 00:00:00+00:00
[2025-08-10T02:57:25.607+0000] {processor.py:183} INFO - Processing /home/airflow/.local/lib/python3.12/site-packages/airflow/example_dags/tutorial.py took 0.117 seconds
[2025-08-10T02:57:56.513+0000] {processor.py:161} INFO - Started process (PID=418) to work on /home/airflow/.local/lib/python3.12/site-packages/airflow/example_dags/tutorial.py
[2025-08-10T02:57:56.515+0000] {processor.py:830} INFO - Processing file /home/airflow/.local/lib/python3.12/site-packages/airflow/example_dags/tutorial.py for tasks to queue
[2025-08-10T02:57:56.518+0000] {logging_mixin.py:188} INFO - [2025-08-10T02:57:56.518+0000] {dagbag.py:545} INFO - Filling up the DagBag from /home/airflow/.local/lib/python3.12/site-packages/airflow/example_dags/tutorial.py
[2025-08-10T02:57:56.530+0000] {processor.py:840} INFO - DAG(s) 'tutorial' retrieved from /home/airflow/.local/lib/python3.12/site-packages/airflow/example_dags/tutorial.py
[2025-08-10T02:57:56.565+0000] {logging_mixin.py:188} INFO - [2025-08-10T02:57:56.564+0000] {dag.py:3096} INFO - Sync 1 DAGs
[2025-08-10T02:57:56.597+0000] {logging_mixin.py:188} INFO - [2025-08-10T02:57:56.597+0000] {dag.py:3954} INFO - Setting next_dagrun for tutorial to 2025-08-09 00:00:00+00:00, run_after=2025-08-10 00:00:00+00:00
[2025-08-10T02:57:56.626+0000] {processor.py:183} INFO - Processing /home/airflow/.local/lib/python3.12/site-packages/airflow/example_dags/tutorial.py took 0.122 seconds
[2025-08-10T02:58:27.248+0000] {processor.py:161} INFO - Started process (PID=480) to work on /home/airflow/.local/lib/python3.12/site-packages/airflow/example_dags/tutorial.py
[2025-08-10T02:58:27.250+0000] {processor.py:830} INFO - Processing file /home/airflow/.local/lib/python3.12/site-packages/airflow/example_dags/tutorial.py for tasks to queue
[2025-08-10T02:58:27.256+0000] {logging_mixin.py:188} INFO - [2025-08-10T02:58:27.256+0000] {dagbag.py:545} INFO - Filling up the DagBag from /home/airflow/.local/lib/python3.12/site-packages/airflow/example_dags/tutorial.py
[2025-08-10T02:58:27.267+0000] {processor.py:840} INFO - DAG(s) 'tutorial' retrieved from /home/airflow/.local/lib/python3.12/site-packages/airflow/example_dags/tutorial.py
[2025-08-10T02:58:27.305+0000] {logging_mixin.py:188} INFO - [2025-08-10T02:58:27.305+0000] {dag.py:3096} INFO - Sync 1 DAGs
[2025-08-10T02:58:27.341+0000] {logging_mixin.py:188} INFO - [2025-08-10T02:58:27.341+0000] {dag.py:3954} INFO - Setting next_dagrun for tutorial to 2025-08-09 00:00:00+00:00, run_after=2025-08-10 00:00:00+00:00
[2025-08-10T02:58:27.378+0000] {processor.py:183} INFO - Processing /home/airflow/.local/lib/python3.12/site-packages/airflow/example_dags/tutorial.py took 0.141 seconds
[2025-08-10T02:58:57.886+0000] {processor.py:161} INFO - Started process (PID=542) to work on /home/airflow/.local/lib/python3.12/site-packages/airflow/example_dags/tutorial.py
[2025-08-10T02:58:57.888+0000] {processor.py:830} INFO - Processing file /home/airflow/.local/lib/python3.12/site-packages/airflow/example_dags/tutorial.py for tasks to queue
[2025-08-10T02:58:57.891+0000] {logging_mixin.py:188} INFO - [2025-08-10T02:58:57.891+0000] {dagbag.py:545} INFO - Filling up the DagBag from /home/airflow/.local/lib/python3.12/site-packages/airflow/example_dags/tutorial.py
[2025-08-10T02:58:57.903+0000] {processor.py:840} INFO - DAG(s) 'tutorial' retrieved from /home/airflow/.local/lib/python3.12/site-packages/airflow/example_dags/tutorial.py
[2025-08-10T02:58:57.940+0000] {logging_mixin.py:188} INFO - [2025-08-10T02:58:57.940+0000] {dag.py:3096} INFO - Sync 1 DAGs
[2025-08-10T02:58:57.983+0000] {logging_mixin.py:188} INFO - [2025-08-10T02:58:57.983+0000] {dag.py:3954} INFO - Setting next_dagrun for tutorial to 2025-08-09 00:00:00+00:00, run_after=2025-08-10 00:00:00+00:00
[2025-08-10T02:58:58.023+0000] {processor.py:183} INFO - Processing /home/airflow/.local/lib/python3.12/site-packages/airflow/example_dags/tutorial.py took 0.147 seconds
[2025-08-10T02:59:28.717+0000] {processor.py:161} INFO - Started process (PID=604) to work on /home/airflow/.local/lib/python3.12/site-packages/airflow/example_dags/tutorial.py
[2025-08-10T02:59:28.719+0000] {processor.py:830} INFO - Processing file /home/airflow/.local/lib/python3.12/site-packages/airflow/example_dags/tutorial.py for tasks to queue
[2025-08-10T02:59:28.722+0000] {logging_mixin.py:188} INFO - [2025-08-10T02:59:28.721+0000] {dagbag.py:545} INFO - Filling up the DagBag from /home/airflow/.local/lib/python3.12/site-packages/airflow/example_dags/tutorial.py
[2025-08-10T02:59:28.732+0000] {processor.py:840} INFO - DAG(s) 'tutorial' retrieved from /home/airflow/.local/lib/python3.12/site-packages/airflow/example_dags/tutorial.py
[2025-08-10T02:59:28.766+0000] {logging_mixin.py:188} INFO - [2025-08-10T02:59:28.766+0000] {dag.py:3096} INFO - Sync 1 DAGs
[2025-08-10T02:59:28.795+0000] {logging_mixin.py:188} INFO - [2025-08-10T02:59:28.795+0000] {dag.py:3954} INFO - Setting next_dagrun for tutorial to 2025-08-09 00:00:00+00:00, run_after=2025-08-10 00:00:00+00:00
[2025-08-10T02:59:28.824+0000] {processor.py:183} INFO - Processing /home/airflow/.local/lib/python3.12/site-packages/airflow/example_dags/tutorial.py took 0.115 seconds
[2025-08-10T02:59:59.645+0000] {processor.py:161} INFO - Started process (PID=666) to work on /home/airflow/.local/lib/python3.12/site-packages/airflow/example_dags/tutorial.py
[2025-08-10T02:59:59.647+0000] {processor.py:830} INFO - Processing file /home/airflow/.local/lib/python3.12/site-packages/airflow/example_dags/tutorial.py for tasks to queue
[2025-08-10T02:59:59.650+0000] {logging_mixin.py:188} INFO - [2025-08-10T02:59:59.650+0000] {dagbag.py:545} INFO - Filling up the DagBag from /home/airflow/.local/lib/python3.12/site-packages/airflow/example_dags/tutorial.py
[2025-08-10T02:59:59.662+0000] {processor.py:840} INFO - DAG(s) 'tutorial' retrieved from /home/airflow/.local/lib/python3.12/site-packages/airflow/example_dags/tutorial.py
[2025-08-10T02:59:59.699+0000] {logging_mixin.py:188} INFO - [2025-08-10T02:59:59.698+0000] {dag.py:3096} INFO - Sync 1 DAGs
[2025-08-10T02:59:59.733+0000] {logging_mixin.py:188} INFO - [2025-08-10T02:59:59.733+0000] {dag.py:3954} INFO - Setting next_dagrun for tutorial to 2025-08-09 00:00:00+00:00, run_after=2025-08-10 00:00:00+00:00
[2025-08-10T02:59:59.764+0000] {processor.py:183} INFO - Processing /home/airflow/.local/lib/python3.12/site-packages/airflow/example_dags/tutorial.py took 0.128 seconds
[2025-08-10T03:00:30.618+0000] {processor.py:161} INFO - Started process (PID=728) to work on /home/airflow/.local/lib/python3.12/site-packages/airflow/example_dags/tutorial.py
[2025-08-10T03:00:30.619+0000] {processor.py:830} INFO - Processing file /home/airflow/.local/lib/python3.12/site-packages/airflow/example_dags/tutorial.py for tasks to queue
[2025-08-10T03:00:30.623+0000] {logging_mixin.py:188} INFO - [2025-08-10T03:00:30.622+0000] {dagbag.py:545} INFO - Filling up the DagBag from /home/airflow/.local/lib/python3.12/site-packages/airflow/example_dags/tutorial.py
[2025-08-10T03:00:30.634+0000] {processor.py:840} INFO - DAG(s) 'tutorial' retrieved from /home/airflow/.local/lib/python3.12/site-packages/airflow/example_dags/tutorial.py
[2025-08-10T03:00:30.670+0000] {logging_mixin.py:188} INFO - [2025-08-10T03:00:30.670+0000] {dag.py:3096} INFO - Sync 1 DAGs
[2025-08-10T03:00:30.702+0000] {logging_mixin.py:188} INFO - [2025-08-10T03:00:30.702+0000] {dag.py:3954} INFO - Setting next_dagrun for tutorial to 2025-08-09 00:00:00+00:00, run_after=2025-08-10 00:00:00+00:00
[2025-08-10T03:00:30.732+0000] {processor.py:183} INFO - Processing /home/airflow/.local/lib/python3.12/site-packages/airflow/example_dags/tutorial.py took 0.123 seconds
[2025-08-10T03:01:01.902+0000] {processor.py:161} INFO - Started process (PID=791) to work on /home/airflow/.local/lib/python3.12/site-packages/airflow/example_dags/tutorial.py
[2025-08-10T03:01:01.904+0000] {processor.py:830} INFO - Processing file /home/airflow/.local/lib/python3.12/site-packages/airflow/example_dags/tutorial.py for tasks to queue
[2025-08-10T03:01:01.908+0000] {logging_mixin.py:188} INFO - [2025-08-10T03:01:01.908+0000] {dagbag.py:545} INFO - Filling up the DagBag from /home/airflow/.local/lib/python3.12/site-packages/airflow/example_dags/tutorial.py
[2025-08-10T03:01:01.920+0000] {processor.py:840} INFO - DAG(s) 'tutorial' retrieved from /home/airflow/.local/lib/python3.12/site-packages/airflow/example_dags/tutorial.py
[2025-08-10T03:01:01.958+0000] {logging_mixin.py:188} INFO - [2025-08-10T03:01:01.958+0000] {dag.py:3096} INFO - Sync 1 DAGs
[2025-08-10T03:01:01.999+0000] {logging_mixin.py:188} INFO - [2025-08-10T03:01:01.998+0000] {dag.py:3954} INFO - Setting next_dagrun for tutorial to 2025-08-09 00:00:00+00:00, run_after=2025-08-10 00:00:00+00:00
[2025-08-10T03:01:02.032+0000] {processor.py:183} INFO - Processing /home/airflow/.local/lib/python3.12/site-packages/airflow/example_dags/tutorial.py took 0.140 seconds
[2025-08-10T03:01:32.528+0000] {processor.py:161} INFO - Started process (PID=853) to work on /home/airflow/.local/lib/python3.12/site-packages/airflow/example_dags/tutorial.py
[2025-08-10T03:01:32.530+0000] {processor.py:830} INFO - Processing file /home/airflow/.local/lib/python3.12/site-packages/airflow/example_dags/tutorial.py for tasks to queue
[2025-08-10T03:01:32.534+0000] {logging_mixin.py:188} INFO - [2025-08-10T03:01:32.533+0000] {dagbag.py:545} INFO - Filling up the DagBag from /home/airflow/.local/lib/python3.12/site-packages/airflow/example_dags/tutorial.py
[2025-08-10T03:01:32.544+0000] {processor.py:840} INFO - DAG(s) 'tutorial' retrieved from /home/airflow/.local/lib/python3.12/site-packages/airflow/example_dags/tutorial.py
[2025-08-10T03:01:32.583+0000] {logging_mixin.py:188} INFO - [2025-08-10T03:01:32.583+0000] {dag.py:3096} INFO - Sync 1 DAGs
[2025-08-10T03:01:32.617+0000] {logging_mixin.py:188} INFO - [2025-08-10T03:01:32.616+0000] {dag.py:3954} INFO - Setting next_dagrun for tutorial to 2025-08-09 00:00:00+00:00, run_after=2025-08-10 00:00:00+00:00
[2025-08-10T03:01:32.646+0000] {processor.py:183} INFO - Processing /home/airflow/.local/lib/python3.12/site-packages/airflow/example_dags/tutorial.py took 0.127 seconds
[2025-08-10T03:02:04.188+0000] {processor.py:161} INFO - Started process (PID=915) to work on /home/airflow/.local/lib/python3.12/site-packages/airflow/example_dags/tutorial.py
[2025-08-10T03:02:04.189+0000] {processor.py:830} INFO - Processing file /home/airflow/.local/lib/python3.12/site-packages/airflow/example_dags/tutorial.py for tasks to queue
[2025-08-10T03:02:04.193+0000] {logging_mixin.py:188} INFO - [2025-08-10T03:02:04.192+0000] {dagbag.py:545} INFO - Filling up the DagBag from /home/airflow/.local/lib/python3.12/site-packages/airflow/example_dags/tutorial.py
[2025-08-10T03:02:04.203+0000] {processor.py:840} INFO - DAG(s) 'tutorial' retrieved from /home/airflow/.local/lib/python3.12/site-packages/airflow/example_dags/tutorial.py
[2025-08-10T03:02:04.241+0000] {logging_mixin.py:188} INFO - [2025-08-10T03:02:04.241+0000] {dag.py:3096} INFO - Sync 1 DAGs
[2025-08-10T03:02:04.277+0000] {logging_mixin.py:188} INFO - [2025-08-10T03:02:04.276+0000] {dag.py:3954} INFO - Setting next_dagrun for tutorial to 2025-08-09 00:00:00+00:00, run_after=2025-08-10 00:00:00+00:00
[2025-08-10T03:02:04.311+0000] {processor.py:183} INFO - Processing /home/airflow/.local/lib/python3.12/site-packages/airflow/example_dags/tutorial.py took 0.133 seconds
[2025-08-10T03:02:34.774+0000] {processor.py:161} INFO - Started process (PID=977) to work on /home/airflow/.local/lib/python3.12/site-packages/airflow/example_dags/tutorial.py
[2025-08-10T03:02:34.776+0000] {processor.py:830} INFO - Processing file /home/airflow/.local/lib/python3.12/site-packages/airflow/example_dags/tutorial.py for tasks to queue
[2025-08-10T03:02:34.778+0000] {logging_mixin.py:188} INFO - [2025-08-10T03:02:34.777+0000] {dagbag.py:545} INFO - Filling up the DagBag from /home/airflow/.local/lib/python3.12/site-packages/airflow/example_dags/tutorial.py
[2025-08-10T03:02:34.790+0000] {processor.py:840} INFO - DAG(s) 'tutorial' retrieved from /home/airflow/.local/lib/python3.12/site-packages/airflow/example_dags/tutorial.py
[2025-08-10T03:02:34.829+0000] {logging_mixin.py:188} INFO - [2025-08-10T03:02:34.828+0000] {dag.py:3096} INFO - Sync 1 DAGs
[2025-08-10T03:02:34.866+0000] {logging_mixin.py:188} INFO - [2025-08-10T03:02:34.866+0000] {dag.py:3954} INFO - Setting next_dagrun for tutorial to 2025-08-09 00:00:00+00:00, run_after=2025-08-10 00:00:00+00:00
[2025-08-10T03:02:34.900+0000] {processor.py:183} INFO - Processing /home/airflow/.local/lib/python3.12/site-packages/airflow/example_dags/tutorial.py took 0.136 seconds
[2025-08-10T03:03:05.850+0000] {processor.py:161} INFO - Started process (PID=1040) to work on /home/airflow/.local/lib/python3.12/site-packages/airflow/example_dags/tutorial.py
[2025-08-10T03:03:05.852+0000] {processor.py:830} INFO - Processing file /home/airflow/.local/lib/python3.12/site-packages/airflow/example_dags/tutorial.py for tasks to queue
[2025-08-10T03:03:05.853+0000] {logging_mixin.py:188} INFO - [2025-08-10T03:03:05.853+0000] {dagbag.py:545} INFO - Filling up the DagBag from /home/airflow/.local/lib/python3.12/site-packages/airflow/example_dags/tutorial.py
[2025-08-10T03:03:05.864+0000] {processor.py:840} INFO - DAG(s) 'tutorial' retrieved from /home/airflow/.local/lib/python3.12/site-packages/airflow/example_dags/tutorial.py
[2025-08-10T03:03:05.900+0000] {logging_mixin.py:188} INFO - [2025-08-10T03:03:05.900+0000] {dag.py:3096} INFO - Sync 1 DAGs
[2025-08-10T03:03:05.940+0000] {logging_mixin.py:188} INFO - [2025-08-10T03:03:05.940+0000] {dag.py:3954} INFO - Setting next_dagrun for tutorial to 2025-08-09 00:00:00+00:00, run_after=2025-08-10 00:00:00+00:00
[2025-08-10T03:03:05.972+0000] {processor.py:183} INFO - Processing /home/airflow/.local/lib/python3.12/site-packages/airflow/example_dags/tutorial.py took 0.131 seconds
[2025-08-10T03:03:36.561+0000] {processor.py:161} INFO - Started process (PID=1102) to work on /home/airflow/.local/lib/python3.12/site-packages/airflow/example_dags/tutorial.py
[2025-08-10T03:03:36.563+0000] {processor.py:830} INFO - Processing file /home/airflow/.local/lib/python3.12/site-packages/airflow/example_dags/tutorial.py for tasks to queue
[2025-08-10T03:03:36.564+0000] {logging_mixin.py:188} INFO - [2025-08-10T03:03:36.564+0000] {dagbag.py:545} INFO - Filling up the DagBag from /home/airflow/.local/lib/python3.12/site-packages/airflow/example_dags/tutorial.py
[2025-08-10T03:03:36.577+0000] {processor.py:840} INFO - DAG(s) 'tutorial' retrieved from /home/airflow/.local/lib/python3.12/site-packages/airflow/example_dags/tutorial.py
[2025-08-10T03:03:36.612+0000] {logging_mixin.py:188} INFO - [2025-08-10T03:03:36.612+0000] {dag.py:3096} INFO - Sync 1 DAGs
[2025-08-10T03:03:36.645+0000] {logging_mixin.py:188} INFO - [2025-08-10T03:03:36.645+0000] {dag.py:3954} INFO - Setting next_dagrun for tutorial to 2025-08-09 00:00:00+00:00, run_after=2025-08-10 00:00:00+00:00
[2025-08-10T03:03:36.686+0000] {processor.py:183} INFO - Processing /home/airflow/.local/lib/python3.12/site-packages/airflow/example_dags/tutorial.py took 0.134 seconds
[2025-08-10T03:04:06.960+0000] {processor.py:161} INFO - Started process (PID=1164) to work on /home/airflow/.local/lib/python3.12/site-packages/airflow/example_dags/tutorial.py
[2025-08-10T03:04:06.962+0000] {processor.py:830} INFO - Processing file /home/airflow/.local/lib/python3.12/site-packages/airflow/example_dags/tutorial.py for tasks to queue
[2025-08-10T03:04:06.964+0000] {logging_mixin.py:188} INFO - [2025-08-10T03:04:06.963+0000] {dagbag.py:545} INFO - Filling up the DagBag from /home/airflow/.local/lib/python3.12/site-packages/airflow/example_dags/tutorial.py
[2025-08-10T03:04:06.978+0000] {processor.py:840} INFO - DAG(s) 'tutorial' retrieved from /home/airflow/.local/lib/python3.12/site-packages/airflow/example_dags/tutorial.py
[2025-08-10T03:04:07.019+0000] {logging_mixin.py:188} INFO - [2025-08-10T03:04:07.018+0000] {dag.py:3096} INFO - Sync 1 DAGs
[2025-08-10T03:04:07.061+0000] {logging_mixin.py:188} INFO - [2025-08-10T03:04:07.061+0000] {dag.py:3954} INFO - Setting next_dagrun for tutorial to 2025-08-09 00:00:00+00:00, run_after=2025-08-10 00:00:00+00:00
[2025-08-10T03:04:07.097+0000] {processor.py:183} INFO - Processing /home/airflow/.local/lib/python3.12/site-packages/airflow/example_dags/tutorial.py took 0.148 seconds
[2025-08-10T03:04:38.057+0000] {processor.py:161} INFO - Started process (PID=1226) to work on /home/airflow/.local/lib/python3.12/site-packages/airflow/example_dags/tutorial.py
[2025-08-10T03:04:38.059+0000] {processor.py:830} INFO - Processing file /home/airflow/.local/lib/python3.12/site-packages/airflow/example_dags/tutorial.py for tasks to queue
[2025-08-10T03:04:38.061+0000] {logging_mixin.py:188} INFO - [2025-08-10T03:04:38.060+0000] {dagbag.py:545} INFO - Filling up the DagBag from /home/airflow/.local/lib/python3.12/site-packages/airflow/example_dags/tutorial.py
[2025-08-10T03:04:38.071+0000] {processor.py:840} INFO - DAG(s) 'tutorial' retrieved from /home/airflow/.local/lib/python3.12/site-packages/airflow/example_dags/tutorial.py
[2025-08-10T03:04:38.108+0000] {logging_mixin.py:188} INFO - [2025-08-10T03:04:38.107+0000] {dag.py:3096} INFO - Sync 1 DAGs
[2025-08-10T03:04:38.139+0000] {logging_mixin.py:188} INFO - [2025-08-10T03:04:38.139+0000] {dag.py:3954} INFO - Setting next_dagrun for tutorial to 2025-08-09 00:00:00+00:00, run_after=2025-08-10 00:00:00+00:00
[2025-08-10T03:04:38.181+0000] {processor.py:183} INFO - Processing /home/airflow/.local/lib/python3.12/site-packages/airflow/example_dags/tutorial.py took 0.133 seconds
[2025-08-10T03:05:09.114+0000] {processor.py:161} INFO - Started process (PID=1288) to work on /home/airflow/.local/lib/python3.12/site-packages/airflow/example_dags/tutorial.py
[2025-08-10T03:05:09.115+0000] {processor.py:830} INFO - Processing file /home/airflow/.local/lib/python3.12/site-packages/airflow/example_dags/tutorial.py for tasks to queue
[2025-08-10T03:05:09.117+0000] {logging_mixin.py:188} INFO - [2025-08-10T03:05:09.117+0000] {dagbag.py:545} INFO - Filling up the DagBag from /home/airflow/.local/lib/python3.12/site-packages/airflow/example_dags/tutorial.py
[2025-08-10T03:05:09.129+0000] {processor.py:840} INFO - DAG(s) 'tutorial' retrieved from /home/airflow/.local/lib/python3.12/site-packages/airflow/example_dags/tutorial.py
[2025-08-10T03:05:09.173+0000] {logging_mixin.py:188} INFO - [2025-08-10T03:05:09.172+0000] {dag.py:3096} INFO - Sync 1 DAGs
[2025-08-10T03:05:09.223+0000] {logging_mixin.py:188} INFO - [2025-08-10T03:05:09.222+0000] {dag.py:3954} INFO - Setting next_dagrun for tutorial to 2025-08-09 00:00:00+00:00, run_after=2025-08-10 00:00:00+00:00
[2025-08-10T03:05:09.263+0000] {processor.py:183} INFO - Processing /home/airflow/.local/lib/python3.12/site-packages/airflow/example_dags/tutorial.py took 0.162 seconds
[2025-08-10T03:05:39.686+0000] {processor.py:161} INFO - Started process (PID=1351) to work on /home/airflow/.local/lib/python3.12/site-packages/airflow/example_dags/tutorial.py
[2025-08-10T03:05:39.687+0000] {processor.py:830} INFO - Processing file /home/airflow/.local/lib/python3.12/site-packages/airflow/example_dags/tutorial.py for tasks to queue
[2025-08-10T03:05:39.689+0000] {logging_mixin.py:188} INFO - [2025-08-10T03:05:39.688+0000] {dagbag.py:545} INFO - Filling up the DagBag from /home/airflow/.local/lib/python3.12/site-packages/airflow/example_dags/tutorial.py
[2025-08-10T03:05:39.700+0000] {processor.py:840} INFO - DAG(s) 'tutorial' retrieved from /home/airflow/.local/lib/python3.12/site-packages/airflow/example_dags/tutorial.py
[2025-08-10T03:05:39.736+0000] {logging_mixin.py:188} INFO - [2025-08-10T03:05:39.736+0000] {dag.py:3096} INFO - Sync 1 DAGs
[2025-08-10T03:05:39.771+0000] {logging_mixin.py:188} INFO - [2025-08-10T03:05:39.770+0000] {dag.py:3954} INFO - Setting next_dagrun for tutorial to 2025-08-09 00:00:00+00:00, run_after=2025-08-10 00:00:00+00:00
[2025-08-10T03:05:39.801+0000] {processor.py:183} INFO - Processing /home/airflow/.local/lib/python3.12/site-packages/airflow/example_dags/tutorial.py took 0.126 seconds
[2025-08-10T03:06:10.110+0000] {processor.py:161} INFO - Started process (PID=1413) to work on /home/airflow/.local/lib/python3.12/site-packages/airflow/example_dags/tutorial.py
[2025-08-10T03:06:10.111+0000] {processor.py:830} INFO - Processing file /home/airflow/.local/lib/python3.12/site-packages/airflow/example_dags/tutorial.py for tasks to queue
[2025-08-10T03:06:10.113+0000] {logging_mixin.py:188} INFO - [2025-08-10T03:06:10.112+0000] {dagbag.py:545} INFO - Filling up the DagBag from /home/airflow/.local/lib/python3.12/site-packages/airflow/example_dags/tutorial.py
[2025-08-10T03:06:10.126+0000] {processor.py:840} INFO - DAG(s) 'tutorial' retrieved from /home/airflow/.local/lib/python3.12/site-packages/airflow/example_dags/tutorial.py
[2025-08-10T03:06:10.161+0000] {logging_mixin.py:188} INFO - [2025-08-10T03:06:10.160+0000] {dag.py:3096} INFO - Sync 1 DAGs
[2025-08-10T03:06:10.190+0000] {logging_mixin.py:188} INFO - [2025-08-10T03:06:10.190+0000] {dag.py:3954} INFO - Setting next_dagrun for tutorial to 2025-08-09 00:00:00+00:00, run_after=2025-08-10 00:00:00+00:00
[2025-08-10T03:06:10.229+0000] {processor.py:183} INFO - Processing /home/airflow/.local/lib/python3.12/site-packages/airflow/example_dags/tutorial.py took 0.129 seconds
[2025-08-10T03:06:40.926+0000] {processor.py:161} INFO - Started process (PID=1475) to work on /home/airflow/.local/lib/python3.12/site-packages/airflow/example_dags/tutorial.py
[2025-08-10T03:06:40.928+0000] {processor.py:830} INFO - Processing file /home/airflow/.local/lib/python3.12/site-packages/airflow/example_dags/tutorial.py for tasks to queue
[2025-08-10T03:06:40.930+0000] {logging_mixin.py:188} INFO - [2025-08-10T03:06:40.929+0000] {dagbag.py:545} INFO - Filling up the DagBag from /home/airflow/.local/lib/python3.12/site-packages/airflow/example_dags/tutorial.py
[2025-08-10T03:06:40.941+0000] {processor.py:840} INFO - DAG(s) 'tutorial' retrieved from /home/airflow/.local/lib/python3.12/site-packages/airflow/example_dags/tutorial.py
[2025-08-10T03:06:40.977+0000] {logging_mixin.py:188} INFO - [2025-08-10T03:06:40.976+0000] {dag.py:3096} INFO - Sync 1 DAGs
[2025-08-10T03:06:41.010+0000] {logging_mixin.py:188} INFO - [2025-08-10T03:06:41.010+0000] {dag.py:3954} INFO - Setting next_dagrun for tutorial to 2025-08-09 00:00:00+00:00, run_after=2025-08-10 00:00:00+00:00
[2025-08-10T03:06:41.042+0000] {processor.py:183} INFO - Processing /home/airflow/.local/lib/python3.12/site-packages/airflow/example_dags/tutorial.py took 0.126 seconds
[2025-08-10T03:17:50.184+0000] {processor.py:161} INFO - Started process (PID=1554) to work on /home/airflow/.local/lib/python3.12/site-packages/airflow/example_dags/tutorial.py
[2025-08-10T03:17:50.189+0000] {processor.py:830} INFO - Processing file /home/airflow/.local/lib/python3.12/site-packages/airflow/example_dags/tutorial.py for tasks to queue
[2025-08-10T03:17:50.192+0000] {logging_mixin.py:188} INFO - [2025-08-10T03:17:50.191+0000] {dagbag.py:545} INFO - Filling up the DagBag from /home/airflow/.local/lib/python3.12/site-packages/airflow/example_dags/tutorial.py
[2025-08-10T03:17:50.206+0000] {processor.py:840} INFO - DAG(s) 'tutorial' retrieved from /home/airflow/.local/lib/python3.12/site-packages/airflow/example_dags/tutorial.py
[2025-08-10T03:17:50.245+0000] {logging_mixin.py:188} INFO - [2025-08-10T03:17:50.244+0000] {dag.py:3096} INFO - Sync 1 DAGs
[2025-08-10T03:17:50.278+0000] {logging_mixin.py:188} INFO - [2025-08-10T03:17:50.277+0000] {dag.py:3954} INFO - Setting next_dagrun for tutorial to 2025-08-09 00:00:00+00:00, run_after=2025-08-10 00:00:00+00:00
[2025-08-10T03:17:50.311+0000] {processor.py:183} INFO - Processing /home/airflow/.local/lib/python3.12/site-packages/airflow/example_dags/tutorial.py took 0.140 seconds
[2025-08-10T03:18:21.265+0000] {processor.py:161} INFO - Started process (PID=1616) to work on /home/airflow/.local/lib/python3.12/site-packages/airflow/example_dags/tutorial.py
[2025-08-10T03:18:21.267+0000] {processor.py:830} INFO - Processing file /home/airflow/.local/lib/python3.12/site-packages/airflow/example_dags/tutorial.py for tasks to queue
[2025-08-10T03:18:21.269+0000] {logging_mixin.py:188} INFO - [2025-08-10T03:18:21.269+0000] {dagbag.py:545} INFO - Filling up the DagBag from /home/airflow/.local/lib/python3.12/site-packages/airflow/example_dags/tutorial.py
[2025-08-10T03:18:21.281+0000] {processor.py:840} INFO - DAG(s) 'tutorial' retrieved from /home/airflow/.local/lib/python3.12/site-packages/airflow/example_dags/tutorial.py
[2025-08-10T03:18:21.321+0000] {logging_mixin.py:188} INFO - [2025-08-10T03:18:21.321+0000] {dag.py:3096} INFO - Sync 1 DAGs
[2025-08-10T03:18:21.356+0000] {logging_mixin.py:188} INFO - [2025-08-10T03:18:21.356+0000] {dag.py:3954} INFO - Setting next_dagrun for tutorial to 2025-08-09 00:00:00+00:00, run_after=2025-08-10 00:00:00+00:00
[2025-08-10T03:18:21.388+0000] {processor.py:183} INFO - Processing /home/airflow/.local/lib/python3.12/site-packages/airflow/example_dags/tutorial.py took 0.136 seconds
[2025-08-10T03:18:51.598+0000] {processor.py:161} INFO - Started process (PID=1679) to work on /home/airflow/.local/lib/python3.12/site-packages/airflow/example_dags/tutorial.py
[2025-08-10T03:18:51.600+0000] {processor.py:830} INFO - Processing file /home/airflow/.local/lib/python3.12/site-packages/airflow/example_dags/tutorial.py for tasks to queue
[2025-08-10T03:18:51.601+0000] {logging_mixin.py:188} INFO - [2025-08-10T03:18:51.601+0000] {dagbag.py:545} INFO - Filling up the DagBag from /home/airflow/.local/lib/python3.12/site-packages/airflow/example_dags/tutorial.py
[2025-08-10T03:18:51.616+0000] {processor.py:840} INFO - DAG(s) 'tutorial' retrieved from /home/airflow/.local/lib/python3.12/site-packages/airflow/example_dags/tutorial.py
[2025-08-10T03:18:51.655+0000] {logging_mixin.py:188} INFO - [2025-08-10T03:18:51.654+0000] {dag.py:3096} INFO - Sync 1 DAGs
[2025-08-10T03:18:51.692+0000] {logging_mixin.py:188} INFO - [2025-08-10T03:18:51.691+0000] {dag.py:3954} INFO - Setting next_dagrun for tutorial to 2025-08-09 00:00:00+00:00, run_after=2025-08-10 00:00:00+00:00
[2025-08-10T03:18:51.725+0000] {processor.py:183} INFO - Processing /home/airflow/.local/lib/python3.12/site-packages/airflow/example_dags/tutorial.py took 0.139 seconds
[2025-08-10T03:19:23.278+0000] {processor.py:161} INFO - Started process (PID=1741) to work on /home/airflow/.local/lib/python3.12/site-packages/airflow/example_dags/tutorial.py
[2025-08-10T03:19:23.281+0000] {processor.py:830} INFO - Processing file /home/airflow/.local/lib/python3.12/site-packages/airflow/example_dags/tutorial.py for tasks to queue
[2025-08-10T03:19:23.283+0000] {logging_mixin.py:188} INFO - [2025-08-10T03:19:23.282+0000] {dagbag.py:545} INFO - Filling up the DagBag from /home/airflow/.local/lib/python3.12/site-packages/airflow/example_dags/tutorial.py
[2025-08-10T03:19:23.295+0000] {processor.py:840} INFO - DAG(s) 'tutorial' retrieved from /home/airflow/.local/lib/python3.12/site-packages/airflow/example_dags/tutorial.py
[2025-08-10T03:19:23.332+0000] {logging_mixin.py:188} INFO - [2025-08-10T03:19:23.331+0000] {dag.py:3096} INFO - Sync 1 DAGs
[2025-08-10T03:19:23.366+0000] {logging_mixin.py:188} INFO - [2025-08-10T03:19:23.365+0000] {dag.py:3954} INFO - Setting next_dagrun for tutorial to 2025-08-09 00:00:00+00:00, run_after=2025-08-10 00:00:00+00:00
[2025-08-10T03:19:23.405+0000] {processor.py:183} INFO - Processing /home/airflow/.local/lib/python3.12/site-packages/airflow/example_dags/tutorial.py took 0.137 seconds
[2025-08-10T03:19:54.225+0000] {processor.py:161} INFO - Started process (PID=1810) to work on /home/airflow/.local/lib/python3.12/site-packages/airflow/example_dags/tutorial.py
[2025-08-10T03:19:54.227+0000] {processor.py:830} INFO - Processing file /home/airflow/.local/lib/python3.12/site-packages/airflow/example_dags/tutorial.py for tasks to queue
[2025-08-10T03:19:54.228+0000] {logging_mixin.py:188} INFO - [2025-08-10T03:19:54.228+0000] {dagbag.py:545} INFO - Filling up the DagBag from /home/airflow/.local/lib/python3.12/site-packages/airflow/example_dags/tutorial.py
[2025-08-10T03:19:54.240+0000] {processor.py:840} INFO - DAG(s) 'tutorial' retrieved from /home/airflow/.local/lib/python3.12/site-packages/airflow/example_dags/tutorial.py
[2025-08-10T03:19:54.276+0000] {logging_mixin.py:188} INFO - [2025-08-10T03:19:54.276+0000] {dag.py:3096} INFO - Sync 1 DAGs
[2025-08-10T03:19:54.310+0000] {logging_mixin.py:188} INFO - [2025-08-10T03:19:54.309+0000] {dag.py:3954} INFO - Setting next_dagrun for tutorial to 2025-08-09 00:00:00+00:00, run_after=2025-08-10 00:00:00+00:00
[2025-08-10T03:19:54.349+0000] {processor.py:183} INFO - Processing /home/airflow/.local/lib/python3.12/site-packages/airflow/example_dags/tutorial.py took 0.133 seconds
[2025-08-10T03:20:25.224+0000] {processor.py:161} INFO - Started process (PID=1872) to work on /home/airflow/.local/lib/python3.12/site-packages/airflow/example_dags/tutorial.py
[2025-08-10T03:20:25.226+0000] {processor.py:830} INFO - Processing file /home/airflow/.local/lib/python3.12/site-packages/airflow/example_dags/tutorial.py for tasks to queue
[2025-08-10T03:20:25.228+0000] {logging_mixin.py:188} INFO - [2025-08-10T03:20:25.227+0000] {dagbag.py:545} INFO - Filling up the DagBag from /home/airflow/.local/lib/python3.12/site-packages/airflow/example_dags/tutorial.py
[2025-08-10T03:20:25.239+0000] {processor.py:840} INFO - DAG(s) 'tutorial' retrieved from /home/airflow/.local/lib/python3.12/site-packages/airflow/example_dags/tutorial.py
[2025-08-10T03:20:25.273+0000] {logging_mixin.py:188} INFO - [2025-08-10T03:20:25.273+0000] {dag.py:3096} INFO - Sync 1 DAGs
[2025-08-10T03:20:25.303+0000] {logging_mixin.py:188} INFO - [2025-08-10T03:20:25.303+0000] {dag.py:3954} INFO - Setting next_dagrun for tutorial to 2025-08-09 00:00:00+00:00, run_after=2025-08-10 00:00:00+00:00
[2025-08-10T03:20:25.348+0000] {processor.py:183} INFO - Processing /home/airflow/.local/lib/python3.12/site-packages/airflow/example_dags/tutorial.py took 0.132 seconds
[2025-08-10T03:20:56.038+0000] {processor.py:161} INFO - Started process (PID=1934) to work on /home/airflow/.local/lib/python3.12/site-packages/airflow/example_dags/tutorial.py
[2025-08-10T03:20:56.040+0000] {processor.py:830} INFO - Processing file /home/airflow/.local/lib/python3.12/site-packages/airflow/example_dags/tutorial.py for tasks to queue
[2025-08-10T03:20:56.041+0000] {logging_mixin.py:188} INFO - [2025-08-10T03:20:56.041+0000] {dagbag.py:545} INFO - Filling up the DagBag from /home/airflow/.local/lib/python3.12/site-packages/airflow/example_dags/tutorial.py
[2025-08-10T03:20:56.053+0000] {processor.py:840} INFO - DAG(s) 'tutorial' retrieved from /home/airflow/.local/lib/python3.12/site-packages/airflow/example_dags/tutorial.py
[2025-08-10T03:20:56.088+0000] {logging_mixin.py:188} INFO - [2025-08-10T03:20:56.087+0000] {dag.py:3096} INFO - Sync 1 DAGs
[2025-08-10T03:20:56.121+0000] {logging_mixin.py:188} INFO - [2025-08-10T03:20:56.121+0000] {dag.py:3954} INFO - Setting next_dagrun for tutorial to 2025-08-09 00:00:00+00:00, run_after=2025-08-10 00:00:00+00:00
[2025-08-10T03:20:56.151+0000] {processor.py:183} INFO - Processing /home/airflow/.local/lib/python3.12/site-packages/airflow/example_dags/tutorial.py took 0.122 seconds
[2025-08-10T03:21:26.742+0000] {processor.py:161} INFO - Started process (PID=1996) to work on /home/airflow/.local/lib/python3.12/site-packages/airflow/example_dags/tutorial.py
[2025-08-10T03:21:26.743+0000] {processor.py:830} INFO - Processing file /home/airflow/.local/lib/python3.12/site-packages/airflow/example_dags/tutorial.py for tasks to queue
[2025-08-10T03:21:26.745+0000] {logging_mixin.py:188} INFO - [2025-08-10T03:21:26.744+0000] {dagbag.py:545} INFO - Filling up the DagBag from /home/airflow/.local/lib/python3.12/site-packages/airflow/example_dags/tutorial.py
[2025-08-10T03:21:26.755+0000] {processor.py:840} INFO - DAG(s) 'tutorial' retrieved from /home/airflow/.local/lib/python3.12/site-packages/airflow/example_dags/tutorial.py
[2025-08-10T03:21:26.791+0000] {logging_mixin.py:188} INFO - [2025-08-10T03:21:26.790+0000] {dag.py:3096} INFO - Sync 1 DAGs
[2025-08-10T03:21:26.823+0000] {logging_mixin.py:188} INFO - [2025-08-10T03:21:26.823+0000] {dag.py:3954} INFO - Setting next_dagrun for tutorial to 2025-08-09 00:00:00+00:00, run_after=2025-08-10 00:00:00+00:00
[2025-08-10T03:21:26.852+0000] {processor.py:183} INFO - Processing /home/airflow/.local/lib/python3.12/site-packages/airflow/example_dags/tutorial.py took 0.119 seconds
[2025-08-10T03:21:58.134+0000] {processor.py:161} INFO - Started process (PID=2058) to work on /home/airflow/.local/lib/python3.12/site-packages/airflow/example_dags/tutorial.py
[2025-08-10T03:21:58.136+0000] {processor.py:830} INFO - Processing file /home/airflow/.local/lib/python3.12/site-packages/airflow/example_dags/tutorial.py for tasks to queue
[2025-08-10T03:21:58.138+0000] {logging_mixin.py:188} INFO - [2025-08-10T03:21:58.137+0000] {dagbag.py:545} INFO - Filling up the DagBag from /home/airflow/.local/lib/python3.12/site-packages/airflow/example_dags/tutorial.py
[2025-08-10T03:21:58.149+0000] {processor.py:840} INFO - DAG(s) 'tutorial' retrieved from /home/airflow/.local/lib/python3.12/site-packages/airflow/example_dags/tutorial.py
[2025-08-10T03:21:58.184+0000] {logging_mixin.py:188} INFO - [2025-08-10T03:21:58.184+0000] {dag.py:3096} INFO - Sync 1 DAGs
[2025-08-10T03:21:58.218+0000] {logging_mixin.py:188} INFO - [2025-08-10T03:21:58.217+0000] {dag.py:3954} INFO - Setting next_dagrun for tutorial to 2025-08-09 00:00:00+00:00, run_after=2025-08-10 00:00:00+00:00
[2025-08-10T03:21:58.249+0000] {processor.py:183} INFO - Processing /home/airflow/.local/lib/python3.12/site-packages/airflow/example_dags/tutorial.py took 0.124 seconds
[2025-08-10T03:22:28.486+0000] {processor.py:161} INFO - Started process (PID=2120) to work on /home/airflow/.local/lib/python3.12/site-packages/airflow/example_dags/tutorial.py
[2025-08-10T03:22:28.489+0000] {processor.py:830} INFO - Processing file /home/airflow/.local/lib/python3.12/site-packages/airflow/example_dags/tutorial.py for tasks to queue
[2025-08-10T03:22:28.491+0000] {logging_mixin.py:188} INFO - [2025-08-10T03:22:28.490+0000] {dagbag.py:545} INFO - Filling up the DagBag from /home/airflow/.local/lib/python3.12/site-packages/airflow/example_dags/tutorial.py
[2025-08-10T03:22:28.502+0000] {processor.py:840} INFO - DAG(s) 'tutorial' retrieved from /home/airflow/.local/lib/python3.12/site-packages/airflow/example_dags/tutorial.py
[2025-08-10T03:22:28.540+0000] {logging_mixin.py:188} INFO - [2025-08-10T03:22:28.540+0000] {dag.py:3096} INFO - Sync 1 DAGs
[2025-08-10T03:22:28.579+0000] {logging_mixin.py:188} INFO - [2025-08-10T03:22:28.578+0000] {dag.py:3954} INFO - Setting next_dagrun for tutorial to 2025-08-09 00:00:00+00:00, run_after=2025-08-10 00:00:00+00:00
[2025-08-10T03:22:28.611+0000] {processor.py:183} INFO - Processing /home/airflow/.local/lib/python3.12/site-packages/airflow/example_dags/tutorial.py took 0.135 seconds
[2025-08-10T08:23:01.005+0000] {processor.py:161} INFO - Started process (PID=2194) to work on /home/airflow/.local/lib/python3.12/site-packages/airflow/example_dags/tutorial.py
[2025-08-10T08:23:01.007+0000] {processor.py:830} INFO - Processing file /home/airflow/.local/lib/python3.12/site-packages/airflow/example_dags/tutorial.py for tasks to queue
[2025-08-10T08:23:01.009+0000] {logging_mixin.py:188} INFO - [2025-08-10T08:23:01.008+0000] {dagbag.py:545} INFO - Filling up the DagBag from /home/airflow/.local/lib/python3.12/site-packages/airflow/example_dags/tutorial.py
[2025-08-10T08:23:01.024+0000] {processor.py:840} INFO - DAG(s) 'tutorial' retrieved from /home/airflow/.local/lib/python3.12/site-packages/airflow/example_dags/tutorial.py
[2025-08-10T08:23:01.095+0000] {logging_mixin.py:188} INFO - [2025-08-10T08:23:01.095+0000] {dag.py:3096} INFO - Sync 1 DAGs
[2025-08-10T08:23:01.143+0000] {logging_mixin.py:188} INFO - [2025-08-10T08:23:01.142+0000] {dag.py:3954} INFO - Setting next_dagrun for tutorial to 2025-08-09 00:00:00+00:00, run_after=2025-08-10 00:00:00+00:00
[2025-08-10T08:23:01.174+0000] {processor.py:183} INFO - Processing /home/airflow/.local/lib/python3.12/site-packages/airflow/example_dags/tutorial.py took 0.183 seconds
[2025-08-10T15:12:19.848+0000] {processor.py:161} INFO - Started process (PID=2250) to work on /home/airflow/.local/lib/python3.12/site-packages/airflow/example_dags/tutorial.py
[2025-08-10T15:12:19.849+0000] {processor.py:830} INFO - Processing file /home/airflow/.local/lib/python3.12/site-packages/airflow/example_dags/tutorial.py for tasks to queue
[2025-08-10T15:12:19.851+0000] {logging_mixin.py:188} INFO - [2025-08-10T15:12:19.850+0000] {dagbag.py:545} INFO - Filling up the DagBag from /home/airflow/.local/lib/python3.12/site-packages/airflow/example_dags/tutorial.py
[2025-08-10T15:12:19.861+0000] {processor.py:840} INFO - DAG(s) 'tutorial' retrieved from /home/airflow/.local/lib/python3.12/site-packages/airflow/example_dags/tutorial.py
[2025-08-10T15:12:19.891+0000] {logging_mixin.py:188} INFO - [2025-08-10T15:12:19.891+0000] {dag.py:3096} INFO - Sync 1 DAGs
[2025-08-10T15:12:19.919+0000] {logging_mixin.py:188} INFO - [2025-08-10T15:12:19.918+0000] {dag.py:3954} INFO - Setting next_dagrun for tutorial to 2025-08-09 00:00:00+00:00, run_after=2025-08-10 00:00:00+00:00
[2025-08-10T15:12:19.947+0000] {processor.py:183} INFO - Processing /home/airflow/.local/lib/python3.12/site-packages/airflow/example_dags/tutorial.py took 0.107 seconds
[2025-08-10T15:12:50.165+0000] {processor.py:161} INFO - Started process (PID=2312) to work on /home/airflow/.local/lib/python3.12/site-packages/airflow/example_dags/tutorial.py
[2025-08-10T15:12:50.166+0000] {processor.py:830} INFO - Processing file /home/airflow/.local/lib/python3.12/site-packages/airflow/example_dags/tutorial.py for tasks to queue
[2025-08-10T15:12:50.168+0000] {logging_mixin.py:188} INFO - [2025-08-10T15:12:50.167+0000] {dagbag.py:545} INFO - Filling up the DagBag from /home/airflow/.local/lib/python3.12/site-packages/airflow/example_dags/tutorial.py
[2025-08-10T15:12:50.177+0000] {processor.py:840} INFO - DAG(s) 'tutorial' retrieved from /home/airflow/.local/lib/python3.12/site-packages/airflow/example_dags/tutorial.py
[2025-08-10T15:12:50.205+0000] {logging_mixin.py:188} INFO - [2025-08-10T15:12:50.204+0000] {dag.py:3096} INFO - Sync 1 DAGs
[2025-08-10T15:12:50.228+0000] {logging_mixin.py:188} INFO - [2025-08-10T15:12:50.228+0000] {dag.py:3954} INFO - Setting next_dagrun for tutorial to 2025-08-09 00:00:00+00:00, run_after=2025-08-10 00:00:00+00:00
[2025-08-10T15:12:50.252+0000] {processor.py:183} INFO - Processing /home/airflow/.local/lib/python3.12/site-packages/airflow/example_dags/tutorial.py took 0.094 seconds
[2025-08-10T15:13:21.438+0000] {processor.py:161} INFO - Started process (PID=2374) to work on /home/airflow/.local/lib/python3.12/site-packages/airflow/example_dags/tutorial.py
[2025-08-10T15:13:21.440+0000] {processor.py:830} INFO - Processing file /home/airflow/.local/lib/python3.12/site-packages/airflow/example_dags/tutorial.py for tasks to queue
[2025-08-10T15:13:21.441+0000] {logging_mixin.py:188} INFO - [2025-08-10T15:13:21.441+0000] {dagbag.py:545} INFO - Filling up the DagBag from /home/airflow/.local/lib/python3.12/site-packages/airflow/example_dags/tutorial.py
[2025-08-10T15:13:21.449+0000] {processor.py:840} INFO - DAG(s) 'tutorial' retrieved from /home/airflow/.local/lib/python3.12/site-packages/airflow/example_dags/tutorial.py
[2025-08-10T15:13:21.477+0000] {logging_mixin.py:188} INFO - [2025-08-10T15:13:21.477+0000] {dag.py:3096} INFO - Sync 1 DAGs
[2025-08-10T15:13:21.506+0000] {logging_mixin.py:188} INFO - [2025-08-10T15:13:21.505+0000] {dag.py:3954} INFO - Setting next_dagrun for tutorial to 2025-08-09 00:00:00+00:00, run_after=2025-08-10 00:00:00+00:00
[2025-08-10T15:13:21.534+0000] {processor.py:183} INFO - Processing /home/airflow/.local/lib/python3.12/site-packages/airflow/example_dags/tutorial.py took 0.103 seconds
[2025-08-10T15:13:54.061+0000] {processor.py:161} INFO - Started process (PID=2436) to work on /home/airflow/.local/lib/python3.12/site-packages/airflow/example_dags/tutorial.py
[2025-08-10T15:13:54.063+0000] {processor.py:830} INFO - Processing file /home/airflow/.local/lib/python3.12/site-packages/airflow/example_dags/tutorial.py for tasks to queue
[2025-08-10T15:13:54.065+0000] {logging_mixin.py:188} INFO - [2025-08-10T15:13:54.064+0000] {dagbag.py:545} INFO - Filling up the DagBag from /home/airflow/.local/lib/python3.12/site-packages/airflow/example_dags/tutorial.py
[2025-08-10T15:13:54.076+0000] {processor.py:840} INFO - DAG(s) 'tutorial' retrieved from /home/airflow/.local/lib/python3.12/site-packages/airflow/example_dags/tutorial.py
[2025-08-10T15:13:54.111+0000] {logging_mixin.py:188} INFO - [2025-08-10T15:13:54.110+0000] {dag.py:3096} INFO - Sync 1 DAGs
[2025-08-10T15:13:54.143+0000] {logging_mixin.py:188} INFO - [2025-08-10T15:13:54.143+0000] {dag.py:3954} INFO - Setting next_dagrun for tutorial to 2025-08-09 00:00:00+00:00, run_after=2025-08-10 00:00:00+00:00
[2025-08-10T15:13:54.174+0000] {processor.py:183} INFO - Processing /home/airflow/.local/lib/python3.12/site-packages/airflow/example_dags/tutorial.py took 0.123 seconds
[2025-08-10T15:14:24.846+0000] {processor.py:161} INFO - Started process (PID=2498) to work on /home/airflow/.local/lib/python3.12/site-packages/airflow/example_dags/tutorial.py
[2025-08-10T15:14:24.848+0000] {processor.py:830} INFO - Processing file /home/airflow/.local/lib/python3.12/site-packages/airflow/example_dags/tutorial.py for tasks to queue
[2025-08-10T15:14:24.850+0000] {logging_mixin.py:188} INFO - [2025-08-10T15:14:24.849+0000] {dagbag.py:545} INFO - Filling up the DagBag from /home/airflow/.local/lib/python3.12/site-packages/airflow/example_dags/tutorial.py
[2025-08-10T15:14:24.862+0000] {processor.py:840} INFO - DAG(s) 'tutorial' retrieved from /home/airflow/.local/lib/python3.12/site-packages/airflow/example_dags/tutorial.py
[2025-08-10T15:14:24.902+0000] {logging_mixin.py:188} INFO - [2025-08-10T15:14:24.901+0000] {dag.py:3096} INFO - Sync 1 DAGs
[2025-08-10T15:14:24.938+0000] {logging_mixin.py:188} INFO - [2025-08-10T15:14:24.938+0000] {dag.py:3954} INFO - Setting next_dagrun for tutorial to 2025-08-09 00:00:00+00:00, run_after=2025-08-10 00:00:00+00:00
[2025-08-10T15:14:24.971+0000] {processor.py:183} INFO - Processing /home/airflow/.local/lib/python3.12/site-packages/airflow/example_dags/tutorial.py took 0.135 seconds
[2025-08-10T15:14:55.909+0000] {processor.py:161} INFO - Started process (PID=2560) to work on /home/airflow/.local/lib/python3.12/site-packages/airflow/example_dags/tutorial.py
[2025-08-10T15:14:55.911+0000] {processor.py:830} INFO - Processing file /home/airflow/.local/lib/python3.12/site-packages/airflow/example_dags/tutorial.py for tasks to queue
[2025-08-10T15:14:55.913+0000] {logging_mixin.py:188} INFO - [2025-08-10T15:14:55.913+0000] {dagbag.py:545} INFO - Filling up the DagBag from /home/airflow/.local/lib/python3.12/site-packages/airflow/example_dags/tutorial.py
[2025-08-10T15:14:55.927+0000] {processor.py:840} INFO - DAG(s) 'tutorial' retrieved from /home/airflow/.local/lib/python3.12/site-packages/airflow/example_dags/tutorial.py
[2025-08-10T15:14:55.972+0000] {logging_mixin.py:188} INFO - [2025-08-10T15:14:55.972+0000] {dag.py:3096} INFO - Sync 1 DAGs
[2025-08-10T15:14:56.008+0000] {logging_mixin.py:188} INFO - [2025-08-10T15:14:56.007+0000] {dag.py:3954} INFO - Setting next_dagrun for tutorial to 2025-08-09 00:00:00+00:00, run_after=2025-08-10 00:00:00+00:00
[2025-08-10T15:14:56.044+0000] {processor.py:183} INFO - Processing /home/airflow/.local/lib/python3.12/site-packages/airflow/example_dags/tutorial.py took 0.146 seconds
[2025-08-10T15:15:26.475+0000] {processor.py:161} INFO - Started process (PID=2622) to work on /home/airflow/.local/lib/python3.12/site-packages/airflow/example_dags/tutorial.py
[2025-08-10T15:15:26.477+0000] {processor.py:830} INFO - Processing file /home/airflow/.local/lib/python3.12/site-packages/airflow/example_dags/tutorial.py for tasks to queue
[2025-08-10T15:15:26.478+0000] {logging_mixin.py:188} INFO - [2025-08-10T15:15:26.477+0000] {dagbag.py:545} INFO - Filling up the DagBag from /home/airflow/.local/lib/python3.12/site-packages/airflow/example_dags/tutorial.py
[2025-08-10T15:15:26.490+0000] {processor.py:840} INFO - DAG(s) 'tutorial' retrieved from /home/airflow/.local/lib/python3.12/site-packages/airflow/example_dags/tutorial.py
[2025-08-10T15:15:26.526+0000] {logging_mixin.py:188} INFO - [2025-08-10T15:15:26.525+0000] {dag.py:3096} INFO - Sync 1 DAGs
[2025-08-10T15:15:26.560+0000] {logging_mixin.py:188} INFO - [2025-08-10T15:15:26.559+0000] {dag.py:3954} INFO - Setting next_dagrun for tutorial to 2025-08-09 00:00:00+00:00, run_after=2025-08-10 00:00:00+00:00
[2025-08-10T15:15:26.605+0000] {processor.py:183} INFO - Processing /home/airflow/.local/lib/python3.12/site-packages/airflow/example_dags/tutorial.py took 0.140 seconds
[2025-08-10T15:15:56.737+0000] {processor.py:161} INFO - Started process (PID=2682) to work on /home/airflow/.local/lib/python3.12/site-packages/airflow/example_dags/tutorial.py
[2025-08-10T15:15:56.739+0000] {processor.py:830} INFO - Processing file /home/airflow/.local/lib/python3.12/site-packages/airflow/example_dags/tutorial.py for tasks to queue
[2025-08-10T15:15:56.740+0000] {logging_mixin.py:188} INFO - [2025-08-10T15:15:56.740+0000] {dagbag.py:545} INFO - Filling up the DagBag from /home/airflow/.local/lib/python3.12/site-packages/airflow/example_dags/tutorial.py
[2025-08-10T15:15:56.751+0000] {processor.py:840} INFO - DAG(s) 'tutorial' retrieved from /home/airflow/.local/lib/python3.12/site-packages/airflow/example_dags/tutorial.py
[2025-08-10T15:15:56.786+0000] {logging_mixin.py:188} INFO - [2025-08-10T15:15:56.786+0000] {dag.py:3096} INFO - Sync 1 DAGs
[2025-08-10T15:15:56.821+0000] {logging_mixin.py:188} INFO - [2025-08-10T15:15:56.821+0000] {dag.py:3954} INFO - Setting next_dagrun for tutorial to 2025-08-09 00:00:00+00:00, run_after=2025-08-10 00:00:00+00:00
[2025-08-10T15:15:56.857+0000] {processor.py:183} INFO - Processing /home/airflow/.local/lib/python3.12/site-packages/airflow/example_dags/tutorial.py took 0.130 seconds
[2025-08-10T15:16:27.072+0000] {processor.py:161} INFO - Started process (PID=2744) to work on /home/airflow/.local/lib/python3.12/site-packages/airflow/example_dags/tutorial.py
[2025-08-10T15:16:27.074+0000] {processor.py:830} INFO - Processing file /home/airflow/.local/lib/python3.12/site-packages/airflow/example_dags/tutorial.py for tasks to queue
[2025-08-10T15:16:27.076+0000] {logging_mixin.py:188} INFO - [2025-08-10T15:16:27.075+0000] {dagbag.py:545} INFO - Filling up the DagBag from /home/airflow/.local/lib/python3.12/site-packages/airflow/example_dags/tutorial.py
[2025-08-10T15:16:27.087+0000] {processor.py:840} INFO - DAG(s) 'tutorial' retrieved from /home/airflow/.local/lib/python3.12/site-packages/airflow/example_dags/tutorial.py
[2025-08-10T15:16:27.120+0000] {logging_mixin.py:188} INFO - [2025-08-10T15:16:27.120+0000] {dag.py:3096} INFO - Sync 1 DAGs
[2025-08-10T15:16:27.151+0000] {logging_mixin.py:188} INFO - [2025-08-10T15:16:27.150+0000] {dag.py:3954} INFO - Setting next_dagrun for tutorial to 2025-08-09 00:00:00+00:00, run_after=2025-08-10 00:00:00+00:00
[2025-08-10T15:16:27.179+0000] {processor.py:183} INFO - Processing /home/airflow/.local/lib/python3.12/site-packages/airflow/example_dags/tutorial.py took 0.115 seconds
