[2025-08-10T02:55:21.936+0000] {processor.py:161} INFO - Started process (PID=99) to work on /home/airflow/.local/lib/python3.12/site-packages/airflow/example_dags/tutorial_dag.py
[2025-08-10T02:55:21.938+0000] {processor.py:830} INFO - Processing file /home/airflow/.local/lib/python3.12/site-packages/airflow/example_dags/tutorial_dag.py for tasks to queue
[2025-08-10T02:55:21.941+0000] {logging_mixin.py:188} INFO - [2025-08-10T02:55:21.941+0000] {dagbag.py:545} INFO - Filling up the DagBag from /home/airflow/.local/lib/python3.12/site-packages/airflow/example_dags/tutorial_dag.py
[2025-08-10T02:55:21.951+0000] {processor.py:840} INFO - DAG(s) 'tutorial_dag' retrieved from /home/airflow/.local/lib/python3.12/site-packages/airflow/example_dags/tutorial_dag.py
[2025-08-10T02:55:22.132+0000] {logging_mixin.py:188} INFO - [2025-08-10T02:55:22.132+0000] {dag.py:3096} INFO - Sync 1 DAGs
[2025-08-10T02:55:22.151+0000] {logging_mixin.py:188} INFO - [2025-08-10T02:55:22.151+0000] {dag.py:3954} INFO - Setting next_dagrun for tutorial_dag to None, run_after=None
[2025-08-10T02:55:22.186+0000] {processor.py:183} INFO - Processing /home/airflow/.local/lib/python3.12/site-packages/airflow/example_dags/tutorial_dag.py took 0.258 seconds
[2025-08-10T02:55:52.724+0000] {processor.py:161} INFO - Started process (PID=161) to work on /home/airflow/.local/lib/python3.12/site-packages/airflow/example_dags/tutorial_dag.py
[2025-08-10T02:55:52.727+0000] {processor.py:830} INFO - Processing file /home/airflow/.local/lib/python3.12/site-packages/airflow/example_dags/tutorial_dag.py for tasks to queue
[2025-08-10T02:55:52.733+0000] {logging_mixin.py:188} INFO - [2025-08-10T02:55:52.732+0000] {dagbag.py:545} INFO - Filling up the DagBag from /home/airflow/.local/lib/python3.12/site-packages/airflow/example_dags/tutorial_dag.py
[2025-08-10T02:55:52.747+0000] {processor.py:840} INFO - DAG(s) 'tutorial_dag' retrieved from /home/airflow/.local/lib/python3.12/site-packages/airflow/example_dags/tutorial_dag.py
[2025-08-10T02:55:52.797+0000] {logging_mixin.py:188} INFO - [2025-08-10T02:55:52.795+0000] {dag.py:3096} INFO - Sync 1 DAGs
[2025-08-10T02:55:52.826+0000] {logging_mixin.py:188} INFO - [2025-08-10T02:55:52.825+0000] {dag.py:3954} INFO - Setting next_dagrun for tutorial_dag to None, run_after=None
[2025-08-10T02:55:52.867+0000] {processor.py:183} INFO - Processing /home/airflow/.local/lib/python3.12/site-packages/airflow/example_dags/tutorial_dag.py took 0.158 seconds
[2025-08-10T02:56:23.124+0000] {processor.py:161} INFO - Started process (PID=223) to work on /home/airflow/.local/lib/python3.12/site-packages/airflow/example_dags/tutorial_dag.py
[2025-08-10T02:56:23.126+0000] {processor.py:830} INFO - Processing file /home/airflow/.local/lib/python3.12/site-packages/airflow/example_dags/tutorial_dag.py for tasks to queue
[2025-08-10T02:56:23.129+0000] {logging_mixin.py:188} INFO - [2025-08-10T02:56:23.129+0000] {dagbag.py:545} INFO - Filling up the DagBag from /home/airflow/.local/lib/python3.12/site-packages/airflow/example_dags/tutorial_dag.py
[2025-08-10T02:56:23.138+0000] {processor.py:840} INFO - DAG(s) 'tutorial_dag' retrieved from /home/airflow/.local/lib/python3.12/site-packages/airflow/example_dags/tutorial_dag.py
[2025-08-10T02:56:23.171+0000] {logging_mixin.py:188} INFO - [2025-08-10T02:56:23.170+0000] {dag.py:3096} INFO - Sync 1 DAGs
[2025-08-10T02:56:23.193+0000] {logging_mixin.py:188} INFO - [2025-08-10T02:56:23.192+0000] {dag.py:3954} INFO - Setting next_dagrun for tutorial_dag to None, run_after=None
[2025-08-10T02:56:23.224+0000] {processor.py:183} INFO - Processing /home/airflow/.local/lib/python3.12/site-packages/airflow/example_dags/tutorial_dag.py took 0.109 seconds
[2025-08-10T02:56:54.042+0000] {processor.py:161} INFO - Started process (PID=285) to work on /home/airflow/.local/lib/python3.12/site-packages/airflow/example_dags/tutorial_dag.py
[2025-08-10T02:56:54.043+0000] {processor.py:830} INFO - Processing file /home/airflow/.local/lib/python3.12/site-packages/airflow/example_dags/tutorial_dag.py for tasks to queue
[2025-08-10T02:56:54.046+0000] {logging_mixin.py:188} INFO - [2025-08-10T02:56:54.046+0000] {dagbag.py:545} INFO - Filling up the DagBag from /home/airflow/.local/lib/python3.12/site-packages/airflow/example_dags/tutorial_dag.py
[2025-08-10T02:56:54.056+0000] {processor.py:840} INFO - DAG(s) 'tutorial_dag' retrieved from /home/airflow/.local/lib/python3.12/site-packages/airflow/example_dags/tutorial_dag.py
[2025-08-10T02:56:54.090+0000] {logging_mixin.py:188} INFO - [2025-08-10T02:56:54.089+0000] {dag.py:3096} INFO - Sync 1 DAGs
[2025-08-10T02:56:54.108+0000] {logging_mixin.py:188} INFO - [2025-08-10T02:56:54.108+0000] {dag.py:3954} INFO - Setting next_dagrun for tutorial_dag to None, run_after=None
[2025-08-10T02:56:54.147+0000] {processor.py:183} INFO - Processing /home/airflow/.local/lib/python3.12/site-packages/airflow/example_dags/tutorial_dag.py took 0.114 seconds
[2025-08-10T02:57:24.293+0000] {processor.py:161} INFO - Started process (PID=347) to work on /home/airflow/.local/lib/python3.12/site-packages/airflow/example_dags/tutorial_dag.py
[2025-08-10T02:57:24.294+0000] {processor.py:830} INFO - Processing file /home/airflow/.local/lib/python3.12/site-packages/airflow/example_dags/tutorial_dag.py for tasks to queue
[2025-08-10T02:57:24.297+0000] {logging_mixin.py:188} INFO - [2025-08-10T02:57:24.297+0000] {dagbag.py:545} INFO - Filling up the DagBag from /home/airflow/.local/lib/python3.12/site-packages/airflow/example_dags/tutorial_dag.py
[2025-08-10T02:57:24.305+0000] {processor.py:840} INFO - DAG(s) 'tutorial_dag' retrieved from /home/airflow/.local/lib/python3.12/site-packages/airflow/example_dags/tutorial_dag.py
[2025-08-10T02:57:24.348+0000] {logging_mixin.py:188} INFO - [2025-08-10T02:57:24.346+0000] {dag.py:3096} INFO - Sync 1 DAGs
[2025-08-10T02:57:24.372+0000] {logging_mixin.py:188} INFO - [2025-08-10T02:57:24.372+0000] {dag.py:3954} INFO - Setting next_dagrun for tutorial_dag to None, run_after=None
[2025-08-10T02:57:24.413+0000] {processor.py:183} INFO - Processing /home/airflow/.local/lib/python3.12/site-packages/airflow/example_dags/tutorial_dag.py took 0.128 seconds
[2025-08-10T02:57:55.592+0000] {processor.py:161} INFO - Started process (PID=409) to work on /home/airflow/.local/lib/python3.12/site-packages/airflow/example_dags/tutorial_dag.py
[2025-08-10T02:57:55.594+0000] {processor.py:830} INFO - Processing file /home/airflow/.local/lib/python3.12/site-packages/airflow/example_dags/tutorial_dag.py for tasks to queue
[2025-08-10T02:57:55.598+0000] {logging_mixin.py:188} INFO - [2025-08-10T02:57:55.597+0000] {dagbag.py:545} INFO - Filling up the DagBag from /home/airflow/.local/lib/python3.12/site-packages/airflow/example_dags/tutorial_dag.py
[2025-08-10T02:57:55.608+0000] {processor.py:840} INFO - DAG(s) 'tutorial_dag' retrieved from /home/airflow/.local/lib/python3.12/site-packages/airflow/example_dags/tutorial_dag.py
[2025-08-10T02:57:55.644+0000] {logging_mixin.py:188} INFO - [2025-08-10T02:57:55.643+0000] {dag.py:3096} INFO - Sync 1 DAGs
[2025-08-10T02:57:55.667+0000] {logging_mixin.py:188} INFO - [2025-08-10T02:57:55.666+0000] {dag.py:3954} INFO - Setting next_dagrun for tutorial_dag to None, run_after=None
[2025-08-10T02:57:55.700+0000] {processor.py:183} INFO - Processing /home/airflow/.local/lib/python3.12/site-packages/airflow/example_dags/tutorial_dag.py took 0.116 seconds
[2025-08-10T02:58:26.267+0000] {processor.py:161} INFO - Started process (PID=471) to work on /home/airflow/.local/lib/python3.12/site-packages/airflow/example_dags/tutorial_dag.py
[2025-08-10T02:58:26.269+0000] {processor.py:830} INFO - Processing file /home/airflow/.local/lib/python3.12/site-packages/airflow/example_dags/tutorial_dag.py for tasks to queue
[2025-08-10T02:58:26.272+0000] {logging_mixin.py:188} INFO - [2025-08-10T02:58:26.271+0000] {dagbag.py:545} INFO - Filling up the DagBag from /home/airflow/.local/lib/python3.12/site-packages/airflow/example_dags/tutorial_dag.py
[2025-08-10T02:58:26.279+0000] {processor.py:840} INFO - DAG(s) 'tutorial_dag' retrieved from /home/airflow/.local/lib/python3.12/site-packages/airflow/example_dags/tutorial_dag.py
[2025-08-10T02:58:26.314+0000] {logging_mixin.py:188} INFO - [2025-08-10T02:58:26.313+0000] {dag.py:3096} INFO - Sync 1 DAGs
[2025-08-10T02:58:26.331+0000] {logging_mixin.py:188} INFO - [2025-08-10T02:58:26.330+0000] {dag.py:3954} INFO - Setting next_dagrun for tutorial_dag to None, run_after=None
[2025-08-10T02:58:26.360+0000] {processor.py:183} INFO - Processing /home/airflow/.local/lib/python3.12/site-packages/airflow/example_dags/tutorial_dag.py took 0.103 seconds
[2025-08-10T02:58:56.997+0000] {processor.py:161} INFO - Started process (PID=533) to work on /home/airflow/.local/lib/python3.12/site-packages/airflow/example_dags/tutorial_dag.py
[2025-08-10T02:58:56.999+0000] {processor.py:830} INFO - Processing file /home/airflow/.local/lib/python3.12/site-packages/airflow/example_dags/tutorial_dag.py for tasks to queue
[2025-08-10T02:58:57.002+0000] {logging_mixin.py:188} INFO - [2025-08-10T02:58:57.002+0000] {dagbag.py:545} INFO - Filling up the DagBag from /home/airflow/.local/lib/python3.12/site-packages/airflow/example_dags/tutorial_dag.py
[2025-08-10T02:58:57.014+0000] {processor.py:840} INFO - DAG(s) 'tutorial_dag' retrieved from /home/airflow/.local/lib/python3.12/site-packages/airflow/example_dags/tutorial_dag.py
[2025-08-10T02:58:57.053+0000] {logging_mixin.py:188} INFO - [2025-08-10T02:58:57.052+0000] {dag.py:3096} INFO - Sync 1 DAGs
[2025-08-10T02:58:57.072+0000] {logging_mixin.py:188} INFO - [2025-08-10T02:58:57.072+0000] {dag.py:3954} INFO - Setting next_dagrun for tutorial_dag to None, run_after=None
[2025-08-10T02:58:57.106+0000] {processor.py:183} INFO - Processing /home/airflow/.local/lib/python3.12/site-packages/airflow/example_dags/tutorial_dag.py took 0.118 seconds
[2025-08-10T02:59:27.766+0000] {processor.py:161} INFO - Started process (PID=595) to work on /home/airflow/.local/lib/python3.12/site-packages/airflow/example_dags/tutorial_dag.py
[2025-08-10T02:59:27.768+0000] {processor.py:830} INFO - Processing file /home/airflow/.local/lib/python3.12/site-packages/airflow/example_dags/tutorial_dag.py for tasks to queue
[2025-08-10T02:59:27.771+0000] {logging_mixin.py:188} INFO - [2025-08-10T02:59:27.771+0000] {dagbag.py:545} INFO - Filling up the DagBag from /home/airflow/.local/lib/python3.12/site-packages/airflow/example_dags/tutorial_dag.py
[2025-08-10T02:59:27.780+0000] {processor.py:840} INFO - DAG(s) 'tutorial_dag' retrieved from /home/airflow/.local/lib/python3.12/site-packages/airflow/example_dags/tutorial_dag.py
[2025-08-10T02:59:27.813+0000] {logging_mixin.py:188} INFO - [2025-08-10T02:59:27.812+0000] {dag.py:3096} INFO - Sync 1 DAGs
[2025-08-10T02:59:27.831+0000] {logging_mixin.py:188} INFO - [2025-08-10T02:59:27.830+0000] {dag.py:3954} INFO - Setting next_dagrun for tutorial_dag to None, run_after=None
[2025-08-10T02:59:27.861+0000] {processor.py:183} INFO - Processing /home/airflow/.local/lib/python3.12/site-packages/airflow/example_dags/tutorial_dag.py took 0.104 seconds
[2025-08-10T02:59:58.576+0000] {processor.py:161} INFO - Started process (PID=657) to work on /home/airflow/.local/lib/python3.12/site-packages/airflow/example_dags/tutorial_dag.py
[2025-08-10T02:59:58.578+0000] {processor.py:830} INFO - Processing file /home/airflow/.local/lib/python3.12/site-packages/airflow/example_dags/tutorial_dag.py for tasks to queue
[2025-08-10T02:59:58.581+0000] {logging_mixin.py:188} INFO - [2025-08-10T02:59:58.581+0000] {dagbag.py:545} INFO - Filling up the DagBag from /home/airflow/.local/lib/python3.12/site-packages/airflow/example_dags/tutorial_dag.py
[2025-08-10T02:59:58.591+0000] {processor.py:840} INFO - DAG(s) 'tutorial_dag' retrieved from /home/airflow/.local/lib/python3.12/site-packages/airflow/example_dags/tutorial_dag.py
[2025-08-10T02:59:58.641+0000] {logging_mixin.py:188} INFO - [2025-08-10T02:59:58.639+0000] {dag.py:3096} INFO - Sync 1 DAGs
[2025-08-10T02:59:58.682+0000] {logging_mixin.py:188} INFO - [2025-08-10T02:59:58.681+0000] {dag.py:3954} INFO - Setting next_dagrun for tutorial_dag to None, run_after=None
[2025-08-10T02:59:58.736+0000] {processor.py:183} INFO - Processing /home/airflow/.local/lib/python3.12/site-packages/airflow/example_dags/tutorial_dag.py took 0.169 seconds
[2025-08-10T03:00:29.713+0000] {processor.py:161} INFO - Started process (PID=719) to work on /home/airflow/.local/lib/python3.12/site-packages/airflow/example_dags/tutorial_dag.py
[2025-08-10T03:00:29.715+0000] {processor.py:830} INFO - Processing file /home/airflow/.local/lib/python3.12/site-packages/airflow/example_dags/tutorial_dag.py for tasks to queue
[2025-08-10T03:00:29.718+0000] {logging_mixin.py:188} INFO - [2025-08-10T03:00:29.718+0000] {dagbag.py:545} INFO - Filling up the DagBag from /home/airflow/.local/lib/python3.12/site-packages/airflow/example_dags/tutorial_dag.py
[2025-08-10T03:00:29.728+0000] {processor.py:840} INFO - DAG(s) 'tutorial_dag' retrieved from /home/airflow/.local/lib/python3.12/site-packages/airflow/example_dags/tutorial_dag.py
[2025-08-10T03:00:29.769+0000] {logging_mixin.py:188} INFO - [2025-08-10T03:00:29.769+0000] {dag.py:3096} INFO - Sync 1 DAGs
[2025-08-10T03:00:29.789+0000] {logging_mixin.py:188} INFO - [2025-08-10T03:00:29.789+0000] {dag.py:3954} INFO - Setting next_dagrun for tutorial_dag to None, run_after=None
[2025-08-10T03:00:29.822+0000] {processor.py:183} INFO - Processing /home/airflow/.local/lib/python3.12/site-packages/airflow/example_dags/tutorial_dag.py took 0.119 seconds
[2025-08-10T03:01:00.852+0000] {processor.py:161} INFO - Started process (PID=781) to work on /home/airflow/.local/lib/python3.12/site-packages/airflow/example_dags/tutorial_dag.py
[2025-08-10T03:01:00.854+0000] {processor.py:830} INFO - Processing file /home/airflow/.local/lib/python3.12/site-packages/airflow/example_dags/tutorial_dag.py for tasks to queue
[2025-08-10T03:01:00.857+0000] {logging_mixin.py:188} INFO - [2025-08-10T03:01:00.857+0000] {dagbag.py:545} INFO - Filling up the DagBag from /home/airflow/.local/lib/python3.12/site-packages/airflow/example_dags/tutorial_dag.py
[2025-08-10T03:01:00.866+0000] {processor.py:840} INFO - DAG(s) 'tutorial_dag' retrieved from /home/airflow/.local/lib/python3.12/site-packages/airflow/example_dags/tutorial_dag.py
[2025-08-10T03:01:00.901+0000] {logging_mixin.py:188} INFO - [2025-08-10T03:01:00.900+0000] {dag.py:3096} INFO - Sync 1 DAGs
[2025-08-10T03:01:00.920+0000] {logging_mixin.py:188} INFO - [2025-08-10T03:01:00.919+0000] {dag.py:3954} INFO - Setting next_dagrun for tutorial_dag to None, run_after=None
[2025-08-10T03:01:00.958+0000] {processor.py:183} INFO - Processing /home/airflow/.local/lib/python3.12/site-packages/airflow/example_dags/tutorial_dag.py took 0.116 seconds
[2025-08-10T03:01:31.408+0000] {processor.py:161} INFO - Started process (PID=843) to work on /home/airflow/.local/lib/python3.12/site-packages/airflow/example_dags/tutorial_dag.py
[2025-08-10T03:01:31.409+0000] {processor.py:830} INFO - Processing file /home/airflow/.local/lib/python3.12/site-packages/airflow/example_dags/tutorial_dag.py for tasks to queue
[2025-08-10T03:01:31.412+0000] {logging_mixin.py:188} INFO - [2025-08-10T03:01:31.412+0000] {dagbag.py:545} INFO - Filling up the DagBag from /home/airflow/.local/lib/python3.12/site-packages/airflow/example_dags/tutorial_dag.py
[2025-08-10T03:01:31.421+0000] {processor.py:840} INFO - DAG(s) 'tutorial_dag' retrieved from /home/airflow/.local/lib/python3.12/site-packages/airflow/example_dags/tutorial_dag.py
[2025-08-10T03:01:31.455+0000] {logging_mixin.py:188} INFO - [2025-08-10T03:01:31.454+0000] {dag.py:3096} INFO - Sync 1 DAGs
[2025-08-10T03:01:31.472+0000] {logging_mixin.py:188} INFO - [2025-08-10T03:01:31.472+0000] {dag.py:3954} INFO - Setting next_dagrun for tutorial_dag to None, run_after=None
[2025-08-10T03:01:31.509+0000] {processor.py:183} INFO - Processing /home/airflow/.local/lib/python3.12/site-packages/airflow/example_dags/tutorial_dag.py took 0.110 seconds
[2025-08-10T03:02:02.861+0000] {processor.py:161} INFO - Started process (PID=906) to work on /home/airflow/.local/lib/python3.12/site-packages/airflow/example_dags/tutorial_dag.py
[2025-08-10T03:02:02.862+0000] {processor.py:830} INFO - Processing file /home/airflow/.local/lib/python3.12/site-packages/airflow/example_dags/tutorial_dag.py for tasks to queue
[2025-08-10T03:02:02.866+0000] {logging_mixin.py:188} INFO - [2025-08-10T03:02:02.865+0000] {dagbag.py:545} INFO - Filling up the DagBag from /home/airflow/.local/lib/python3.12/site-packages/airflow/example_dags/tutorial_dag.py
[2025-08-10T03:02:02.875+0000] {processor.py:840} INFO - DAG(s) 'tutorial_dag' retrieved from /home/airflow/.local/lib/python3.12/site-packages/airflow/example_dags/tutorial_dag.py
[2025-08-10T03:02:02.910+0000] {logging_mixin.py:188} INFO - [2025-08-10T03:02:02.909+0000] {dag.py:3096} INFO - Sync 1 DAGs
[2025-08-10T03:02:02.930+0000] {logging_mixin.py:188} INFO - [2025-08-10T03:02:02.930+0000] {dag.py:3954} INFO - Setting next_dagrun for tutorial_dag to None, run_after=None
[2025-08-10T03:02:02.972+0000] {processor.py:183} INFO - Processing /home/airflow/.local/lib/python3.12/site-packages/airflow/example_dags/tutorial_dag.py took 0.121 seconds
[2025-08-10T03:02:33.809+0000] {processor.py:161} INFO - Started process (PID=968) to work on /home/airflow/.local/lib/python3.12/site-packages/airflow/example_dags/tutorial_dag.py
[2025-08-10T03:02:33.810+0000] {processor.py:830} INFO - Processing file /home/airflow/.local/lib/python3.12/site-packages/airflow/example_dags/tutorial_dag.py for tasks to queue
[2025-08-10T03:02:33.812+0000] {logging_mixin.py:188} INFO - [2025-08-10T03:02:33.812+0000] {dagbag.py:545} INFO - Filling up the DagBag from /home/airflow/.local/lib/python3.12/site-packages/airflow/example_dags/tutorial_dag.py
[2025-08-10T03:02:33.821+0000] {processor.py:840} INFO - DAG(s) 'tutorial_dag' retrieved from /home/airflow/.local/lib/python3.12/site-packages/airflow/example_dags/tutorial_dag.py
[2025-08-10T03:02:33.861+0000] {logging_mixin.py:188} INFO - [2025-08-10T03:02:33.860+0000] {dag.py:3096} INFO - Sync 1 DAGs
[2025-08-10T03:02:33.880+0000] {logging_mixin.py:188} INFO - [2025-08-10T03:02:33.880+0000] {dag.py:3954} INFO - Setting next_dagrun for tutorial_dag to None, run_after=None
[2025-08-10T03:02:33.919+0000] {processor.py:183} INFO - Processing /home/airflow/.local/lib/python3.12/site-packages/airflow/example_dags/tutorial_dag.py took 0.121 seconds
[2025-08-10T03:03:04.885+0000] {processor.py:161} INFO - Started process (PID=1031) to work on /home/airflow/.local/lib/python3.12/site-packages/airflow/example_dags/tutorial_dag.py
[2025-08-10T03:03:04.887+0000] {processor.py:830} INFO - Processing file /home/airflow/.local/lib/python3.12/site-packages/airflow/example_dags/tutorial_dag.py for tasks to queue
[2025-08-10T03:03:04.889+0000] {logging_mixin.py:188} INFO - [2025-08-10T03:03:04.888+0000] {dagbag.py:545} INFO - Filling up the DagBag from /home/airflow/.local/lib/python3.12/site-packages/airflow/example_dags/tutorial_dag.py
[2025-08-10T03:03:04.897+0000] {processor.py:840} INFO - DAG(s) 'tutorial_dag' retrieved from /home/airflow/.local/lib/python3.12/site-packages/airflow/example_dags/tutorial_dag.py
[2025-08-10T03:03:04.931+0000] {logging_mixin.py:188} INFO - [2025-08-10T03:03:04.930+0000] {dag.py:3096} INFO - Sync 1 DAGs
[2025-08-10T03:03:04.947+0000] {logging_mixin.py:188} INFO - [2025-08-10T03:03:04.947+0000] {dag.py:3954} INFO - Setting next_dagrun for tutorial_dag to None, run_after=None
[2025-08-10T03:03:04.975+0000] {processor.py:183} INFO - Processing /home/airflow/.local/lib/python3.12/site-packages/airflow/example_dags/tutorial_dag.py took 0.099 seconds
[2025-08-10T03:03:35.324+0000] {processor.py:161} INFO - Started process (PID=1093) to work on /home/airflow/.local/lib/python3.12/site-packages/airflow/example_dags/tutorial_dag.py
[2025-08-10T03:03:35.326+0000] {processor.py:830} INFO - Processing file /home/airflow/.local/lib/python3.12/site-packages/airflow/example_dags/tutorial_dag.py for tasks to queue
[2025-08-10T03:03:35.328+0000] {logging_mixin.py:188} INFO - [2025-08-10T03:03:35.327+0000] {dagbag.py:545} INFO - Filling up the DagBag from /home/airflow/.local/lib/python3.12/site-packages/airflow/example_dags/tutorial_dag.py
[2025-08-10T03:03:35.337+0000] {processor.py:840} INFO - DAG(s) 'tutorial_dag' retrieved from /home/airflow/.local/lib/python3.12/site-packages/airflow/example_dags/tutorial_dag.py
[2025-08-10T03:03:35.373+0000] {logging_mixin.py:188} INFO - [2025-08-10T03:03:35.372+0000] {dag.py:3096} INFO - Sync 1 DAGs
[2025-08-10T03:03:35.393+0000] {logging_mixin.py:188} INFO - [2025-08-10T03:03:35.393+0000] {dag.py:3954} INFO - Setting next_dagrun for tutorial_dag to None, run_after=None
[2025-08-10T03:03:35.427+0000] {processor.py:183} INFO - Processing /home/airflow/.local/lib/python3.12/site-packages/airflow/example_dags/tutorial_dag.py took 0.113 seconds
[2025-08-10T03:04:06.049+0000] {processor.py:161} INFO - Started process (PID=1155) to work on /home/airflow/.local/lib/python3.12/site-packages/airflow/example_dags/tutorial_dag.py
[2025-08-10T03:04:06.051+0000] {processor.py:830} INFO - Processing file /home/airflow/.local/lib/python3.12/site-packages/airflow/example_dags/tutorial_dag.py for tasks to queue
[2025-08-10T03:04:06.053+0000] {logging_mixin.py:188} INFO - [2025-08-10T03:04:06.052+0000] {dagbag.py:545} INFO - Filling up the DagBag from /home/airflow/.local/lib/python3.12/site-packages/airflow/example_dags/tutorial_dag.py
[2025-08-10T03:04:06.065+0000] {processor.py:840} INFO - DAG(s) 'tutorial_dag' retrieved from /home/airflow/.local/lib/python3.12/site-packages/airflow/example_dags/tutorial_dag.py
[2025-08-10T03:04:06.108+0000] {logging_mixin.py:188} INFO - [2025-08-10T03:04:06.107+0000] {dag.py:3096} INFO - Sync 1 DAGs
[2025-08-10T03:04:06.130+0000] {logging_mixin.py:188} INFO - [2025-08-10T03:04:06.130+0000] {dag.py:3954} INFO - Setting next_dagrun for tutorial_dag to None, run_after=None
[2025-08-10T03:04:06.178+0000] {processor.py:183} INFO - Processing /home/airflow/.local/lib/python3.12/site-packages/airflow/example_dags/tutorial_dag.py took 0.141 seconds
[2025-08-10T03:04:36.832+0000] {processor.py:161} INFO - Started process (PID=1217) to work on /home/airflow/.local/lib/python3.12/site-packages/airflow/example_dags/tutorial_dag.py
[2025-08-10T03:04:36.834+0000] {processor.py:830} INFO - Processing file /home/airflow/.local/lib/python3.12/site-packages/airflow/example_dags/tutorial_dag.py for tasks to queue
[2025-08-10T03:04:36.835+0000] {logging_mixin.py:188} INFO - [2025-08-10T03:04:36.835+0000] {dagbag.py:545} INFO - Filling up the DagBag from /home/airflow/.local/lib/python3.12/site-packages/airflow/example_dags/tutorial_dag.py
[2025-08-10T03:04:36.847+0000] {processor.py:840} INFO - DAG(s) 'tutorial_dag' retrieved from /home/airflow/.local/lib/python3.12/site-packages/airflow/example_dags/tutorial_dag.py
[2025-08-10T03:04:36.884+0000] {logging_mixin.py:188} INFO - [2025-08-10T03:04:36.883+0000] {dag.py:3096} INFO - Sync 1 DAGs
[2025-08-10T03:04:36.904+0000] {logging_mixin.py:188} INFO - [2025-08-10T03:04:36.904+0000] {dag.py:3954} INFO - Setting next_dagrun for tutorial_dag to None, run_after=None
[2025-08-10T03:04:36.945+0000] {processor.py:183} INFO - Processing /home/airflow/.local/lib/python3.12/site-packages/airflow/example_dags/tutorial_dag.py took 0.122 seconds
[2025-08-10T03:05:07.728+0000] {processor.py:161} INFO - Started process (PID=1279) to work on /home/airflow/.local/lib/python3.12/site-packages/airflow/example_dags/tutorial_dag.py
[2025-08-10T03:05:07.730+0000] {processor.py:830} INFO - Processing file /home/airflow/.local/lib/python3.12/site-packages/airflow/example_dags/tutorial_dag.py for tasks to queue
[2025-08-10T03:05:07.732+0000] {logging_mixin.py:188} INFO - [2025-08-10T03:05:07.731+0000] {dagbag.py:545} INFO - Filling up the DagBag from /home/airflow/.local/lib/python3.12/site-packages/airflow/example_dags/tutorial_dag.py
[2025-08-10T03:05:07.744+0000] {processor.py:840} INFO - DAG(s) 'tutorial_dag' retrieved from /home/airflow/.local/lib/python3.12/site-packages/airflow/example_dags/tutorial_dag.py
[2025-08-10T03:05:07.794+0000] {logging_mixin.py:188} INFO - [2025-08-10T03:05:07.794+0000] {dag.py:3096} INFO - Sync 1 DAGs
[2025-08-10T03:05:07.825+0000] {logging_mixin.py:188} INFO - [2025-08-10T03:05:07.824+0000] {dag.py:3954} INFO - Setting next_dagrun for tutorial_dag to None, run_after=None
[2025-08-10T03:05:07.877+0000] {processor.py:183} INFO - Processing /home/airflow/.local/lib/python3.12/site-packages/airflow/example_dags/tutorial_dag.py took 0.162 seconds
[2025-08-10T03:05:38.016+0000] {processor.py:161} INFO - Started process (PID=1340) to work on /home/airflow/.local/lib/python3.12/site-packages/airflow/example_dags/tutorial_dag.py
[2025-08-10T03:05:38.018+0000] {processor.py:830} INFO - Processing file /home/airflow/.local/lib/python3.12/site-packages/airflow/example_dags/tutorial_dag.py for tasks to queue
[2025-08-10T03:05:38.020+0000] {logging_mixin.py:188} INFO - [2025-08-10T03:05:38.019+0000] {dagbag.py:545} INFO - Filling up the DagBag from /home/airflow/.local/lib/python3.12/site-packages/airflow/example_dags/tutorial_dag.py
[2025-08-10T03:05:38.030+0000] {processor.py:840} INFO - DAG(s) 'tutorial_dag' retrieved from /home/airflow/.local/lib/python3.12/site-packages/airflow/example_dags/tutorial_dag.py
[2025-08-10T03:05:38.076+0000] {logging_mixin.py:188} INFO - [2025-08-10T03:05:38.076+0000] {dag.py:3096} INFO - Sync 1 DAGs
[2025-08-10T03:05:38.102+0000] {logging_mixin.py:188} INFO - [2025-08-10T03:05:38.102+0000] {dag.py:3954} INFO - Setting next_dagrun for tutorial_dag to None, run_after=None
[2025-08-10T03:05:38.145+0000] {processor.py:183} INFO - Processing /home/airflow/.local/lib/python3.12/site-packages/airflow/example_dags/tutorial_dag.py took 0.143 seconds
[2025-08-10T03:06:08.246+0000] {processor.py:161} INFO - Started process (PID=1401) to work on /home/airflow/.local/lib/python3.12/site-packages/airflow/example_dags/tutorial_dag.py
[2025-08-10T03:06:08.248+0000] {processor.py:830} INFO - Processing file /home/airflow/.local/lib/python3.12/site-packages/airflow/example_dags/tutorial_dag.py for tasks to queue
[2025-08-10T03:06:08.250+0000] {logging_mixin.py:188} INFO - [2025-08-10T03:06:08.249+0000] {dagbag.py:545} INFO - Filling up the DagBag from /home/airflow/.local/lib/python3.12/site-packages/airflow/example_dags/tutorial_dag.py
[2025-08-10T03:06:08.260+0000] {processor.py:840} INFO - DAG(s) 'tutorial_dag' retrieved from /home/airflow/.local/lib/python3.12/site-packages/airflow/example_dags/tutorial_dag.py
[2025-08-10T03:06:08.316+0000] {logging_mixin.py:188} INFO - [2025-08-10T03:06:08.316+0000] {dag.py:3096} INFO - Sync 1 DAGs
[2025-08-10T03:06:08.337+0000] {logging_mixin.py:188} INFO - [2025-08-10T03:06:08.336+0000] {dag.py:3954} INFO - Setting next_dagrun for tutorial_dag to None, run_after=None
[2025-08-10T03:06:08.378+0000] {processor.py:183} INFO - Processing /home/airflow/.local/lib/python3.12/site-packages/airflow/example_dags/tutorial_dag.py took 0.141 seconds
[2025-08-10T03:06:38.488+0000] {processor.py:161} INFO - Started process (PID=1463) to work on /home/airflow/.local/lib/python3.12/site-packages/airflow/example_dags/tutorial_dag.py
[2025-08-10T03:06:38.490+0000] {processor.py:830} INFO - Processing file /home/airflow/.local/lib/python3.12/site-packages/airflow/example_dags/tutorial_dag.py for tasks to queue
[2025-08-10T03:06:38.492+0000] {logging_mixin.py:188} INFO - [2025-08-10T03:06:38.492+0000] {dagbag.py:545} INFO - Filling up the DagBag from /home/airflow/.local/lib/python3.12/site-packages/airflow/example_dags/tutorial_dag.py
[2025-08-10T03:06:38.502+0000] {processor.py:840} INFO - DAG(s) 'tutorial_dag' retrieved from /home/airflow/.local/lib/python3.12/site-packages/airflow/example_dags/tutorial_dag.py
[2025-08-10T03:06:38.542+0000] {logging_mixin.py:188} INFO - [2025-08-10T03:06:38.542+0000] {dag.py:3096} INFO - Sync 1 DAGs
[2025-08-10T03:06:38.563+0000] {logging_mixin.py:188} INFO - [2025-08-10T03:06:38.562+0000] {dag.py:3954} INFO - Setting next_dagrun for tutorial_dag to None, run_after=None
[2025-08-10T03:06:38.602+0000] {processor.py:183} INFO - Processing /home/airflow/.local/lib/python3.12/site-packages/airflow/example_dags/tutorial_dag.py took 0.125 seconds
[2025-08-10T03:17:46.269+0000] {processor.py:161} INFO - Started process (PID=1526) to work on /home/airflow/.local/lib/python3.12/site-packages/airflow/example_dags/tutorial_dag.py
[2025-08-10T03:17:46.272+0000] {processor.py:830} INFO - Processing file /home/airflow/.local/lib/python3.12/site-packages/airflow/example_dags/tutorial_dag.py for tasks to queue
[2025-08-10T03:17:46.274+0000] {logging_mixin.py:188} INFO - [2025-08-10T03:17:46.274+0000] {dagbag.py:545} INFO - Filling up the DagBag from /home/airflow/.local/lib/python3.12/site-packages/airflow/example_dags/tutorial_dag.py
[2025-08-10T03:17:46.297+0000] {processor.py:840} INFO - DAG(s) 'tutorial_dag' retrieved from /home/airflow/.local/lib/python3.12/site-packages/airflow/example_dags/tutorial_dag.py
[2025-08-10T03:17:46.372+0000] {logging_mixin.py:188} INFO - [2025-08-10T03:17:46.371+0000] {dag.py:3096} INFO - Sync 1 DAGs
[2025-08-10T03:17:46.415+0000] {logging_mixin.py:188} INFO - [2025-08-10T03:17:46.414+0000] {dag.py:3954} INFO - Setting next_dagrun for tutorial_dag to None, run_after=None
[2025-08-10T03:17:46.491+0000] {processor.py:183} INFO - Processing /home/airflow/.local/lib/python3.12/site-packages/airflow/example_dags/tutorial_dag.py took 0.241 seconds
[2025-08-10T03:18:17.042+0000] {processor.py:161} INFO - Started process (PID=1588) to work on /home/airflow/.local/lib/python3.12/site-packages/airflow/example_dags/tutorial_dag.py
[2025-08-10T03:18:17.044+0000] {processor.py:830} INFO - Processing file /home/airflow/.local/lib/python3.12/site-packages/airflow/example_dags/tutorial_dag.py for tasks to queue
[2025-08-10T03:18:17.047+0000] {logging_mixin.py:188} INFO - [2025-08-10T03:18:17.046+0000] {dagbag.py:545} INFO - Filling up the DagBag from /home/airflow/.local/lib/python3.12/site-packages/airflow/example_dags/tutorial_dag.py
[2025-08-10T03:18:17.059+0000] {processor.py:840} INFO - DAG(s) 'tutorial_dag' retrieved from /home/airflow/.local/lib/python3.12/site-packages/airflow/example_dags/tutorial_dag.py
[2025-08-10T03:18:17.106+0000] {logging_mixin.py:188} INFO - [2025-08-10T03:18:17.105+0000] {dag.py:3096} INFO - Sync 1 DAGs
[2025-08-10T03:18:17.129+0000] {logging_mixin.py:188} INFO - [2025-08-10T03:18:17.128+0000] {dag.py:3954} INFO - Setting next_dagrun for tutorial_dag to None, run_after=None
[2025-08-10T03:18:17.179+0000] {processor.py:183} INFO - Processing /home/airflow/.local/lib/python3.12/site-packages/airflow/example_dags/tutorial_dag.py took 0.152 seconds
[2025-08-10T03:18:47.826+0000] {processor.py:161} INFO - Started process (PID=1651) to work on /home/airflow/.local/lib/python3.12/site-packages/airflow/example_dags/tutorial_dag.py
[2025-08-10T03:18:47.828+0000] {processor.py:830} INFO - Processing file /home/airflow/.local/lib/python3.12/site-packages/airflow/example_dags/tutorial_dag.py for tasks to queue
[2025-08-10T03:18:47.832+0000] {logging_mixin.py:188} INFO - [2025-08-10T03:18:47.831+0000] {dagbag.py:545} INFO - Filling up the DagBag from /home/airflow/.local/lib/python3.12/site-packages/airflow/example_dags/tutorial_dag.py
[2025-08-10T03:18:47.843+0000] {processor.py:840} INFO - DAG(s) 'tutorial_dag' retrieved from /home/airflow/.local/lib/python3.12/site-packages/airflow/example_dags/tutorial_dag.py
[2025-08-10T03:18:47.887+0000] {logging_mixin.py:188} INFO - [2025-08-10T03:18:47.886+0000] {dag.py:3096} INFO - Sync 1 DAGs
[2025-08-10T03:18:47.908+0000] {logging_mixin.py:188} INFO - [2025-08-10T03:18:47.908+0000] {dag.py:3954} INFO - Setting next_dagrun for tutorial_dag to None, run_after=None
[2025-08-10T03:18:47.953+0000] {processor.py:183} INFO - Processing /home/airflow/.local/lib/python3.12/site-packages/airflow/example_dags/tutorial_dag.py took 0.139 seconds
[2025-08-10T03:19:18.569+0000] {processor.py:161} INFO - Started process (PID=1713) to work on /home/airflow/.local/lib/python3.12/site-packages/airflow/example_dags/tutorial_dag.py
[2025-08-10T03:19:18.571+0000] {processor.py:830} INFO - Processing file /home/airflow/.local/lib/python3.12/site-packages/airflow/example_dags/tutorial_dag.py for tasks to queue
[2025-08-10T03:19:18.573+0000] {logging_mixin.py:188} INFO - [2025-08-10T03:19:18.572+0000] {dagbag.py:545} INFO - Filling up the DagBag from /home/airflow/.local/lib/python3.12/site-packages/airflow/example_dags/tutorial_dag.py
[2025-08-10T03:19:18.584+0000] {processor.py:840} INFO - DAG(s) 'tutorial_dag' retrieved from /home/airflow/.local/lib/python3.12/site-packages/airflow/example_dags/tutorial_dag.py
[2025-08-10T03:19:18.625+0000] {logging_mixin.py:188} INFO - [2025-08-10T03:19:18.625+0000] {dag.py:3096} INFO - Sync 1 DAGs
[2025-08-10T03:19:18.652+0000] {logging_mixin.py:188} INFO - [2025-08-10T03:19:18.651+0000] {dag.py:3954} INFO - Setting next_dagrun for tutorial_dag to None, run_after=None
[2025-08-10T03:19:18.696+0000] {processor.py:183} INFO - Processing /home/airflow/.local/lib/python3.12/site-packages/airflow/example_dags/tutorial_dag.py took 0.139 seconds
[2025-08-10T03:19:49.814+0000] {processor.py:161} INFO - Started process (PID=1777) to work on /home/airflow/.local/lib/python3.12/site-packages/airflow/example_dags/tutorial_dag.py
[2025-08-10T03:19:49.816+0000] {processor.py:830} INFO - Processing file /home/airflow/.local/lib/python3.12/site-packages/airflow/example_dags/tutorial_dag.py for tasks to queue
[2025-08-10T03:19:49.818+0000] {logging_mixin.py:188} INFO - [2025-08-10T03:19:49.818+0000] {dagbag.py:545} INFO - Filling up the DagBag from /home/airflow/.local/lib/python3.12/site-packages/airflow/example_dags/tutorial_dag.py
[2025-08-10T03:19:49.827+0000] {processor.py:840} INFO - DAG(s) 'tutorial_dag' retrieved from /home/airflow/.local/lib/python3.12/site-packages/airflow/example_dags/tutorial_dag.py
[2025-08-10T03:19:49.866+0000] {logging_mixin.py:188} INFO - [2025-08-10T03:19:49.866+0000] {dag.py:3096} INFO - Sync 1 DAGs
[2025-08-10T03:19:49.886+0000] {logging_mixin.py:188} INFO - [2025-08-10T03:19:49.886+0000] {dag.py:3954} INFO - Setting next_dagrun for tutorial_dag to None, run_after=None
[2025-08-10T03:19:49.927+0000] {processor.py:183} INFO - Processing /home/airflow/.local/lib/python3.12/site-packages/airflow/example_dags/tutorial_dag.py took 0.122 seconds
[2025-08-10T03:20:20.462+0000] {processor.py:161} INFO - Started process (PID=1842) to work on /home/airflow/.local/lib/python3.12/site-packages/airflow/example_dags/tutorial_dag.py
[2025-08-10T03:20:20.465+0000] {processor.py:830} INFO - Processing file /home/airflow/.local/lib/python3.12/site-packages/airflow/example_dags/tutorial_dag.py for tasks to queue
[2025-08-10T03:20:20.468+0000] {logging_mixin.py:188} INFO - [2025-08-10T03:20:20.467+0000] {dagbag.py:545} INFO - Filling up the DagBag from /home/airflow/.local/lib/python3.12/site-packages/airflow/example_dags/tutorial_dag.py
[2025-08-10T03:20:20.479+0000] {processor.py:840} INFO - DAG(s) 'tutorial_dag' retrieved from /home/airflow/.local/lib/python3.12/site-packages/airflow/example_dags/tutorial_dag.py
[2025-08-10T03:20:20.532+0000] {logging_mixin.py:188} INFO - [2025-08-10T03:20:20.531+0000] {dag.py:3096} INFO - Sync 1 DAGs
[2025-08-10T03:20:20.556+0000] {logging_mixin.py:188} INFO - [2025-08-10T03:20:20.556+0000] {dag.py:3954} INFO - Setting next_dagrun for tutorial_dag to None, run_after=None
[2025-08-10T03:20:20.604+0000] {processor.py:183} INFO - Processing /home/airflow/.local/lib/python3.12/site-packages/airflow/example_dags/tutorial_dag.py took 0.156 seconds
[2025-08-10T03:20:51.595+0000] {processor.py:161} INFO - Started process (PID=1905) to work on /home/airflow/.local/lib/python3.12/site-packages/airflow/example_dags/tutorial_dag.py
[2025-08-10T03:20:51.597+0000] {processor.py:830} INFO - Processing file /home/airflow/.local/lib/python3.12/site-packages/airflow/example_dags/tutorial_dag.py for tasks to queue
[2025-08-10T03:20:51.599+0000] {logging_mixin.py:188} INFO - [2025-08-10T03:20:51.598+0000] {dagbag.py:545} INFO - Filling up the DagBag from /home/airflow/.local/lib/python3.12/site-packages/airflow/example_dags/tutorial_dag.py
[2025-08-10T03:20:51.608+0000] {processor.py:840} INFO - DAG(s) 'tutorial_dag' retrieved from /home/airflow/.local/lib/python3.12/site-packages/airflow/example_dags/tutorial_dag.py
[2025-08-10T03:20:51.650+0000] {logging_mixin.py:188} INFO - [2025-08-10T03:20:51.649+0000] {dag.py:3096} INFO - Sync 1 DAGs
[2025-08-10T03:20:51.671+0000] {logging_mixin.py:188} INFO - [2025-08-10T03:20:51.671+0000] {dag.py:3954} INFO - Setting next_dagrun for tutorial_dag to None, run_after=None
[2025-08-10T03:20:51.714+0000] {processor.py:183} INFO - Processing /home/airflow/.local/lib/python3.12/site-packages/airflow/example_dags/tutorial_dag.py took 0.132 seconds
[2025-08-10T03:21:22.427+0000] {processor.py:161} INFO - Started process (PID=1967) to work on /home/airflow/.local/lib/python3.12/site-packages/airflow/example_dags/tutorial_dag.py
[2025-08-10T03:21:22.429+0000] {processor.py:830} INFO - Processing file /home/airflow/.local/lib/python3.12/site-packages/airflow/example_dags/tutorial_dag.py for tasks to queue
[2025-08-10T03:21:22.431+0000] {logging_mixin.py:188} INFO - [2025-08-10T03:21:22.430+0000] {dagbag.py:545} INFO - Filling up the DagBag from /home/airflow/.local/lib/python3.12/site-packages/airflow/example_dags/tutorial_dag.py
[2025-08-10T03:21:22.440+0000] {processor.py:840} INFO - DAG(s) 'tutorial_dag' retrieved from /home/airflow/.local/lib/python3.12/site-packages/airflow/example_dags/tutorial_dag.py
[2025-08-10T03:21:22.476+0000] {logging_mixin.py:188} INFO - [2025-08-10T03:21:22.475+0000] {dag.py:3096} INFO - Sync 1 DAGs
[2025-08-10T03:21:22.495+0000] {logging_mixin.py:188} INFO - [2025-08-10T03:21:22.495+0000] {dag.py:3954} INFO - Setting next_dagrun for tutorial_dag to None, run_after=None
[2025-08-10T03:21:22.532+0000] {processor.py:183} INFO - Processing /home/airflow/.local/lib/python3.12/site-packages/airflow/example_dags/tutorial_dag.py took 0.118 seconds
[2025-08-10T03:21:53.072+0000] {processor.py:161} INFO - Started process (PID=2029) to work on /home/airflow/.local/lib/python3.12/site-packages/airflow/example_dags/tutorial_dag.py
[2025-08-10T03:21:53.074+0000] {processor.py:830} INFO - Processing file /home/airflow/.local/lib/python3.12/site-packages/airflow/example_dags/tutorial_dag.py for tasks to queue
[2025-08-10T03:21:53.076+0000] {logging_mixin.py:188} INFO - [2025-08-10T03:21:53.076+0000] {dagbag.py:545} INFO - Filling up the DagBag from /home/airflow/.local/lib/python3.12/site-packages/airflow/example_dags/tutorial_dag.py
[2025-08-10T03:21:53.086+0000] {processor.py:840} INFO - DAG(s) 'tutorial_dag' retrieved from /home/airflow/.local/lib/python3.12/site-packages/airflow/example_dags/tutorial_dag.py
[2025-08-10T03:21:53.130+0000] {logging_mixin.py:188} INFO - [2025-08-10T03:21:53.130+0000] {dag.py:3096} INFO - Sync 1 DAGs
[2025-08-10T03:21:53.155+0000] {logging_mixin.py:188} INFO - [2025-08-10T03:21:53.155+0000] {dag.py:3954} INFO - Setting next_dagrun for tutorial_dag to None, run_after=None
[2025-08-10T03:21:53.195+0000] {processor.py:183} INFO - Processing /home/airflow/.local/lib/python3.12/site-packages/airflow/example_dags/tutorial_dag.py took 0.133 seconds
[2025-08-10T03:22:23.404+0000] {processor.py:161} INFO - Started process (PID=2091) to work on /home/airflow/.local/lib/python3.12/site-packages/airflow/example_dags/tutorial_dag.py
[2025-08-10T03:22:23.406+0000] {processor.py:830} INFO - Processing file /home/airflow/.local/lib/python3.12/site-packages/airflow/example_dags/tutorial_dag.py for tasks to queue
[2025-08-10T03:22:23.407+0000] {logging_mixin.py:188} INFO - [2025-08-10T03:22:23.407+0000] {dagbag.py:545} INFO - Filling up the DagBag from /home/airflow/.local/lib/python3.12/site-packages/airflow/example_dags/tutorial_dag.py
[2025-08-10T03:22:23.416+0000] {processor.py:840} INFO - DAG(s) 'tutorial_dag' retrieved from /home/airflow/.local/lib/python3.12/site-packages/airflow/example_dags/tutorial_dag.py
[2025-08-10T03:22:23.454+0000] {logging_mixin.py:188} INFO - [2025-08-10T03:22:23.454+0000] {dag.py:3096} INFO - Sync 1 DAGs
[2025-08-10T03:22:23.476+0000] {logging_mixin.py:188} INFO - [2025-08-10T03:22:23.476+0000] {dag.py:3954} INFO - Setting next_dagrun for tutorial_dag to None, run_after=None
[2025-08-10T03:22:23.524+0000] {processor.py:183} INFO - Processing /home/airflow/.local/lib/python3.12/site-packages/airflow/example_dags/tutorial_dag.py took 0.129 seconds
[2025-08-10T03:22:57.327+0000] {processor.py:161} INFO - Started process (PID=2159) to work on /home/airflow/.local/lib/python3.12/site-packages/airflow/example_dags/tutorial_dag.py
[2025-08-10T03:22:57.344+0000] {processor.py:830} INFO - Processing file /home/airflow/.local/lib/python3.12/site-packages/airflow/example_dags/tutorial_dag.py for tasks to queue
[2025-08-10T03:22:57.358+0000] {logging_mixin.py:188} INFO - [2025-08-10T03:22:57.346+0000] {dagbag.py:545} INFO - Filling up the DagBag from /home/airflow/.local/lib/python3.12/site-packages/airflow/example_dags/tutorial_dag.py
[2025-08-10T03:22:57.391+0000] {processor.py:840} INFO - DAG(s) 'tutorial_dag' retrieved from /home/airflow/.local/lib/python3.12/site-packages/airflow/example_dags/tutorial_dag.py
[2025-08-10T03:22:57.586+0000] {logging_mixin.py:188} INFO - [2025-08-10T03:22:57.585+0000] {dag.py:3096} INFO - Sync 1 DAGs
[2025-08-10T03:22:57.679+0000] {logging_mixin.py:188} INFO - [2025-08-10T03:22:57.678+0000] {dag.py:3954} INFO - Setting next_dagrun for tutorial_dag to None, run_after=None
[2025-08-10T03:22:57.888+0000] {processor.py:183} INFO - Processing /home/airflow/.local/lib/python3.12/site-packages/airflow/example_dags/tutorial_dag.py took 0.636 seconds
[2025-08-10T08:22:59.968+0000] {processor.py:161} INFO - Started process (PID=2188) to work on /home/airflow/.local/lib/python3.12/site-packages/airflow/example_dags/tutorial_dag.py
[2025-08-10T08:22:59.971+0000] {processor.py:830} INFO - Processing file /home/airflow/.local/lib/python3.12/site-packages/airflow/example_dags/tutorial_dag.py for tasks to queue
[2025-08-10T08:22:59.974+0000] {logging_mixin.py:188} INFO - [2025-08-10T08:22:59.973+0000] {dagbag.py:545} INFO - Filling up the DagBag from /home/airflow/.local/lib/python3.12/site-packages/airflow/example_dags/tutorial_dag.py
[2025-08-10T08:22:59.991+0000] {processor.py:840} INFO - DAG(s) 'tutorial_dag' retrieved from /home/airflow/.local/lib/python3.12/site-packages/airflow/example_dags/tutorial_dag.py
[2025-08-10T08:23:00.064+0000] {logging_mixin.py:188} INFO - [2025-08-10T08:23:00.063+0000] {dag.py:3096} INFO - Sync 1 DAGs
[2025-08-10T08:23:00.097+0000] {logging_mixin.py:188} INFO - [2025-08-10T08:23:00.096+0000] {dag.py:3954} INFO - Setting next_dagrun for tutorial_dag to None, run_after=None
[2025-08-10T08:23:00.142+0000] {processor.py:183} INFO - Processing /home/airflow/.local/lib/python3.12/site-packages/airflow/example_dags/tutorial_dag.py took 0.228 seconds
[2025-08-10T15:12:19.081+0000] {processor.py:161} INFO - Started process (PID=2241) to work on /home/airflow/.local/lib/python3.12/site-packages/airflow/example_dags/tutorial_dag.py
[2025-08-10T15:12:19.083+0000] {processor.py:830} INFO - Processing file /home/airflow/.local/lib/python3.12/site-packages/airflow/example_dags/tutorial_dag.py for tasks to queue
[2025-08-10T15:12:19.084+0000] {logging_mixin.py:188} INFO - [2025-08-10T15:12:19.083+0000] {dagbag.py:545} INFO - Filling up the DagBag from /home/airflow/.local/lib/python3.12/site-packages/airflow/example_dags/tutorial_dag.py
[2025-08-10T15:12:19.091+0000] {processor.py:840} INFO - DAG(s) 'tutorial_dag' retrieved from /home/airflow/.local/lib/python3.12/site-packages/airflow/example_dags/tutorial_dag.py
[2025-08-10T15:12:19.122+0000] {logging_mixin.py:188} INFO - [2025-08-10T15:12:19.122+0000] {dag.py:3096} INFO - Sync 1 DAGs
[2025-08-10T15:12:19.137+0000] {logging_mixin.py:188} INFO - [2025-08-10T15:12:19.137+0000] {dag.py:3954} INFO - Setting next_dagrun for tutorial_dag to None, run_after=None
[2025-08-10T15:12:19.162+0000] {processor.py:183} INFO - Processing /home/airflow/.local/lib/python3.12/site-packages/airflow/example_dags/tutorial_dag.py took 0.088 seconds
[2025-08-10T15:12:49.421+0000] {processor.py:161} INFO - Started process (PID=2303) to work on /home/airflow/.local/lib/python3.12/site-packages/airflow/example_dags/tutorial_dag.py
[2025-08-10T15:12:49.422+0000] {processor.py:830} INFO - Processing file /home/airflow/.local/lib/python3.12/site-packages/airflow/example_dags/tutorial_dag.py for tasks to queue
[2025-08-10T15:12:49.423+0000] {logging_mixin.py:188} INFO - [2025-08-10T15:12:49.423+0000] {dagbag.py:545} INFO - Filling up the DagBag from /home/airflow/.local/lib/python3.12/site-packages/airflow/example_dags/tutorial_dag.py
[2025-08-10T15:12:49.430+0000] {processor.py:840} INFO - DAG(s) 'tutorial_dag' retrieved from /home/airflow/.local/lib/python3.12/site-packages/airflow/example_dags/tutorial_dag.py
[2025-08-10T15:12:49.459+0000] {logging_mixin.py:188} INFO - [2025-08-10T15:12:49.459+0000] {dag.py:3096} INFO - Sync 1 DAGs
[2025-08-10T15:12:49.474+0000] {logging_mixin.py:188} INFO - [2025-08-10T15:12:49.474+0000] {dag.py:3954} INFO - Setting next_dagrun for tutorial_dag to None, run_after=None
[2025-08-10T15:12:49.498+0000] {processor.py:183} INFO - Processing /home/airflow/.local/lib/python3.12/site-packages/airflow/example_dags/tutorial_dag.py took 0.084 seconds
[2025-08-10T15:13:20.565+0000] {processor.py:161} INFO - Started process (PID=2365) to work on /home/airflow/.local/lib/python3.12/site-packages/airflow/example_dags/tutorial_dag.py
[2025-08-10T15:13:20.567+0000] {processor.py:830} INFO - Processing file /home/airflow/.local/lib/python3.12/site-packages/airflow/example_dags/tutorial_dag.py for tasks to queue
[2025-08-10T15:13:20.568+0000] {logging_mixin.py:188} INFO - [2025-08-10T15:13:20.568+0000] {dagbag.py:545} INFO - Filling up the DagBag from /home/airflow/.local/lib/python3.12/site-packages/airflow/example_dags/tutorial_dag.py
[2025-08-10T15:13:20.575+0000] {processor.py:840} INFO - DAG(s) 'tutorial_dag' retrieved from /home/airflow/.local/lib/python3.12/site-packages/airflow/example_dags/tutorial_dag.py
[2025-08-10T15:13:20.604+0000] {logging_mixin.py:188} INFO - [2025-08-10T15:13:20.604+0000] {dag.py:3096} INFO - Sync 1 DAGs
[2025-08-10T15:13:20.619+0000] {logging_mixin.py:188} INFO - [2025-08-10T15:13:20.619+0000] {dag.py:3954} INFO - Setting next_dagrun for tutorial_dag to None, run_after=None
[2025-08-10T15:13:20.647+0000] {processor.py:183} INFO - Processing /home/airflow/.local/lib/python3.12/site-packages/airflow/example_dags/tutorial_dag.py took 0.091 seconds
[2025-08-10T15:13:52.196+0000] {processor.py:161} INFO - Started process (PID=2425) to work on /home/airflow/.local/lib/python3.12/site-packages/airflow/example_dags/tutorial_dag.py
[2025-08-10T15:13:52.198+0000] {processor.py:830} INFO - Processing file /home/airflow/.local/lib/python3.12/site-packages/airflow/example_dags/tutorial_dag.py for tasks to queue
[2025-08-10T15:13:52.200+0000] {logging_mixin.py:188} INFO - [2025-08-10T15:13:52.199+0000] {dagbag.py:545} INFO - Filling up the DagBag from /home/airflow/.local/lib/python3.12/site-packages/airflow/example_dags/tutorial_dag.py
[2025-08-10T15:13:52.209+0000] {processor.py:840} INFO - DAG(s) 'tutorial_dag' retrieved from /home/airflow/.local/lib/python3.12/site-packages/airflow/example_dags/tutorial_dag.py
[2025-08-10T15:13:52.245+0000] {logging_mixin.py:188} INFO - [2025-08-10T15:13:52.245+0000] {dag.py:3096} INFO - Sync 1 DAGs
[2025-08-10T15:13:52.264+0000] {logging_mixin.py:188} INFO - [2025-08-10T15:13:52.264+0000] {dag.py:3954} INFO - Setting next_dagrun for tutorial_dag to None, run_after=None
[2025-08-10T15:13:52.295+0000] {processor.py:183} INFO - Processing /home/airflow/.local/lib/python3.12/site-packages/airflow/example_dags/tutorial_dag.py took 0.107 seconds
[2025-08-10T15:14:23.072+0000] {processor.py:161} INFO - Started process (PID=2487) to work on /home/airflow/.local/lib/python3.12/site-packages/airflow/example_dags/tutorial_dag.py
[2025-08-10T15:14:23.074+0000] {processor.py:830} INFO - Processing file /home/airflow/.local/lib/python3.12/site-packages/airflow/example_dags/tutorial_dag.py for tasks to queue
[2025-08-10T15:14:23.076+0000] {logging_mixin.py:188} INFO - [2025-08-10T15:14:23.076+0000] {dagbag.py:545} INFO - Filling up the DagBag from /home/airflow/.local/lib/python3.12/site-packages/airflow/example_dags/tutorial_dag.py
[2025-08-10T15:14:23.086+0000] {processor.py:840} INFO - DAG(s) 'tutorial_dag' retrieved from /home/airflow/.local/lib/python3.12/site-packages/airflow/example_dags/tutorial_dag.py
[2025-08-10T15:14:23.126+0000] {logging_mixin.py:188} INFO - [2025-08-10T15:14:23.126+0000] {dag.py:3096} INFO - Sync 1 DAGs
[2025-08-10T15:14:23.152+0000] {logging_mixin.py:188} INFO - [2025-08-10T15:14:23.151+0000] {dag.py:3954} INFO - Setting next_dagrun for tutorial_dag to None, run_after=None
[2025-08-10T15:14:23.187+0000] {processor.py:183} INFO - Processing /home/airflow/.local/lib/python3.12/site-packages/airflow/example_dags/tutorial_dag.py took 0.128 seconds
[2025-08-10T15:14:53.523+0000] {processor.py:161} INFO - Started process (PID=2549) to work on /home/airflow/.local/lib/python3.12/site-packages/airflow/example_dags/tutorial_dag.py
[2025-08-10T15:14:53.525+0000] {processor.py:830} INFO - Processing file /home/airflow/.local/lib/python3.12/site-packages/airflow/example_dags/tutorial_dag.py for tasks to queue
[2025-08-10T15:14:53.527+0000] {logging_mixin.py:188} INFO - [2025-08-10T15:14:53.526+0000] {dagbag.py:545} INFO - Filling up the DagBag from /home/airflow/.local/lib/python3.12/site-packages/airflow/example_dags/tutorial_dag.py
[2025-08-10T15:14:53.535+0000] {processor.py:840} INFO - DAG(s) 'tutorial_dag' retrieved from /home/airflow/.local/lib/python3.12/site-packages/airflow/example_dags/tutorial_dag.py
[2025-08-10T15:14:53.571+0000] {logging_mixin.py:188} INFO - [2025-08-10T15:14:53.571+0000] {dag.py:3096} INFO - Sync 1 DAGs
[2025-08-10T15:14:53.588+0000] {logging_mixin.py:188} INFO - [2025-08-10T15:14:53.588+0000] {dag.py:3954} INFO - Setting next_dagrun for tutorial_dag to None, run_after=None
[2025-08-10T15:14:53.619+0000] {processor.py:183} INFO - Processing /home/airflow/.local/lib/python3.12/site-packages/airflow/example_dags/tutorial_dag.py took 0.104 seconds
[2025-08-10T15:15:24.112+0000] {processor.py:161} INFO - Started process (PID=2611) to work on /home/airflow/.local/lib/python3.12/site-packages/airflow/example_dags/tutorial_dag.py
[2025-08-10T15:15:24.114+0000] {processor.py:830} INFO - Processing file /home/airflow/.local/lib/python3.12/site-packages/airflow/example_dags/tutorial_dag.py for tasks to queue
[2025-08-10T15:15:24.116+0000] {logging_mixin.py:188} INFO - [2025-08-10T15:15:24.115+0000] {dagbag.py:545} INFO - Filling up the DagBag from /home/airflow/.local/lib/python3.12/site-packages/airflow/example_dags/tutorial_dag.py
[2025-08-10T15:15:24.126+0000] {processor.py:840} INFO - DAG(s) 'tutorial_dag' retrieved from /home/airflow/.local/lib/python3.12/site-packages/airflow/example_dags/tutorial_dag.py
[2025-08-10T15:15:24.169+0000] {logging_mixin.py:188} INFO - [2025-08-10T15:15:24.168+0000] {dag.py:3096} INFO - Sync 1 DAGs
[2025-08-10T15:15:24.191+0000] {logging_mixin.py:188} INFO - [2025-08-10T15:15:24.191+0000] {dag.py:3954} INFO - Setting next_dagrun for tutorial_dag to None, run_after=None
[2025-08-10T15:15:24.227+0000] {processor.py:183} INFO - Processing /home/airflow/.local/lib/python3.12/site-packages/airflow/example_dags/tutorial_dag.py took 0.125 seconds
[2025-08-10T15:15:55.510+0000] {processor.py:161} INFO - Started process (PID=2673) to work on /home/airflow/.local/lib/python3.12/site-packages/airflow/example_dags/tutorial_dag.py
[2025-08-10T15:15:55.512+0000] {processor.py:830} INFO - Processing file /home/airflow/.local/lib/python3.12/site-packages/airflow/example_dags/tutorial_dag.py for tasks to queue
[2025-08-10T15:15:55.514+0000] {logging_mixin.py:188} INFO - [2025-08-10T15:15:55.513+0000] {dagbag.py:545} INFO - Filling up the DagBag from /home/airflow/.local/lib/python3.12/site-packages/airflow/example_dags/tutorial_dag.py
[2025-08-10T15:15:55.523+0000] {processor.py:840} INFO - DAG(s) 'tutorial_dag' retrieved from /home/airflow/.local/lib/python3.12/site-packages/airflow/example_dags/tutorial_dag.py
[2025-08-10T15:15:55.565+0000] {logging_mixin.py:188} INFO - [2025-08-10T15:15:55.564+0000] {dag.py:3096} INFO - Sync 1 DAGs
[2025-08-10T15:15:55.586+0000] {logging_mixin.py:188} INFO - [2025-08-10T15:15:55.585+0000] {dag.py:3954} INFO - Setting next_dagrun for tutorial_dag to None, run_after=None
[2025-08-10T15:15:55.636+0000] {processor.py:183} INFO - Processing /home/airflow/.local/lib/python3.12/site-packages/airflow/example_dags/tutorial_dag.py took 0.137 seconds
[2025-08-10T15:16:26.109+0000] {processor.py:161} INFO - Started process (PID=2735) to work on /home/airflow/.local/lib/python3.12/site-packages/airflow/example_dags/tutorial_dag.py
[2025-08-10T15:16:26.110+0000] {processor.py:830} INFO - Processing file /home/airflow/.local/lib/python3.12/site-packages/airflow/example_dags/tutorial_dag.py for tasks to queue
[2025-08-10T15:16:26.111+0000] {logging_mixin.py:188} INFO - [2025-08-10T15:16:26.111+0000] {dagbag.py:545} INFO - Filling up the DagBag from /home/airflow/.local/lib/python3.12/site-packages/airflow/example_dags/tutorial_dag.py
[2025-08-10T15:16:26.120+0000] {processor.py:840} INFO - DAG(s) 'tutorial_dag' retrieved from /home/airflow/.local/lib/python3.12/site-packages/airflow/example_dags/tutorial_dag.py
[2025-08-10T15:16:26.154+0000] {logging_mixin.py:188} INFO - [2025-08-10T15:16:26.153+0000] {dag.py:3096} INFO - Sync 1 DAGs
[2025-08-10T15:16:26.172+0000] {logging_mixin.py:188} INFO - [2025-08-10T15:16:26.172+0000] {dag.py:3954} INFO - Setting next_dagrun for tutorial_dag to None, run_after=None
[2025-08-10T15:16:26.202+0000] {processor.py:183} INFO - Processing /home/airflow/.local/lib/python3.12/site-packages/airflow/example_dags/tutorial_dag.py took 0.102 seconds
