[2025-07-31T03:25:16.162+0000] {processor.py:161} INFO - Started process (PID=12565) to work on /home/airflow/.local/lib/python3.12/site-packages/airflow/example_dags/example_kubernetes_executor.py
[2025-07-31T03:25:16.163+0000] {processor.py:830} INFO - Processing file /home/airflow/.local/lib/python3.12/site-packages/airflow/example_dags/example_kubernetes_executor.py for tasks to queue
[2025-07-31T03:25:16.165+0000] {logging_mixin.py:188} INFO - [2025-07-31T03:25:16.164+0000] {dagbag.py:545} INFO - Filling up the DagBag from /home/airflow/.local/lib/python3.12/site-packages/airflow/example_dags/example_kubernetes_executor.py
[2025-07-31T03:25:16.180+0000] {processor.py:840} INFO - DAG(s) 'example_kubernetes_executor' retrieved from /home/airflow/.local/lib/python3.12/site-packages/airflow/example_dags/example_kubernetes_executor.py
[2025-07-31T03:25:16.230+0000] {logging_mixin.py:188} INFO - [2025-07-31T03:25:16.229+0000] {dag.py:3096} INFO - Sync 1 DAGs
[2025-07-31T03:25:16.248+0000] {logging_mixin.py:188} INFO - [2025-07-31T03:25:16.247+0000] {dag.py:3954} INFO - Setting next_dagrun for example_kubernetes_executor to None, run_after=None
[2025-07-31T03:25:16.273+0000] {processor.py:183} INFO - Processing /home/airflow/.local/lib/python3.12/site-packages/airflow/example_dags/example_kubernetes_executor.py took 0.119 seconds
[2025-07-31T22:07:37.380+0000] {processor.py:161} INFO - Started process (PID=12598) to work on /home/airflow/.local/lib/python3.12/site-packages/airflow/example_dags/example_kubernetes_executor.py
[2025-07-31T22:07:37.383+0000] {processor.py:830} INFO - Processing file /home/airflow/.local/lib/python3.12/site-packages/airflow/example_dags/example_kubernetes_executor.py for tasks to queue
[2025-07-31T22:07:37.386+0000] {logging_mixin.py:188} INFO - [2025-07-31T22:07:37.385+0000] {dagbag.py:545} INFO - Filling up the DagBag from /home/airflow/.local/lib/python3.12/site-packages/airflow/example_dags/example_kubernetes_executor.py
[2025-07-31T22:07:37.435+0000] {processor.py:840} INFO - DAG(s) 'example_kubernetes_executor' retrieved from /home/airflow/.local/lib/python3.12/site-packages/airflow/example_dags/example_kubernetes_executor.py
[2025-07-31T22:07:37.603+0000] {logging_mixin.py:188} INFO - [2025-07-31T22:07:37.602+0000] {dag.py:3096} INFO - Sync 1 DAGs
[2025-07-31T22:07:37.666+0000] {logging_mixin.py:188} INFO - [2025-07-31T22:07:37.665+0000] {dag.py:3954} INFO - Setting next_dagrun for example_kubernetes_executor to None, run_after=None
[2025-07-31T22:07:37.740+0000] {processor.py:183} INFO - Processing /home/airflow/.local/lib/python3.12/site-packages/airflow/example_dags/example_kubernetes_executor.py took 0.381 seconds
[2025-07-31T22:08:08.546+0000] {processor.py:161} INFO - Started process (PID=12656) to work on /home/airflow/.local/lib/python3.12/site-packages/airflow/example_dags/example_kubernetes_executor.py
[2025-07-31T22:08:08.547+0000] {processor.py:830} INFO - Processing file /home/airflow/.local/lib/python3.12/site-packages/airflow/example_dags/example_kubernetes_executor.py for tasks to queue
[2025-07-31T22:08:08.548+0000] {logging_mixin.py:188} INFO - [2025-07-31T22:08:08.548+0000] {dagbag.py:545} INFO - Filling up the DagBag from /home/airflow/.local/lib/python3.12/site-packages/airflow/example_dags/example_kubernetes_executor.py
[2025-07-31T22:08:08.562+0000] {processor.py:840} INFO - DAG(s) 'example_kubernetes_executor' retrieved from /home/airflow/.local/lib/python3.12/site-packages/airflow/example_dags/example_kubernetes_executor.py
[2025-07-31T22:08:08.607+0000] {logging_mixin.py:188} INFO - [2025-07-31T22:08:08.607+0000] {dag.py:3096} INFO - Sync 1 DAGs
[2025-07-31T22:08:08.620+0000] {logging_mixin.py:188} INFO - [2025-07-31T22:08:08.620+0000] {dag.py:3954} INFO - Setting next_dagrun for example_kubernetes_executor to None, run_after=None
[2025-07-31T22:08:08.645+0000] {processor.py:183} INFO - Processing /home/airflow/.local/lib/python3.12/site-packages/airflow/example_dags/example_kubernetes_executor.py took 0.107 seconds
[2025-07-31T22:08:38.812+0000] {processor.py:161} INFO - Started process (PID=12715) to work on /home/airflow/.local/lib/python3.12/site-packages/airflow/example_dags/example_kubernetes_executor.py
[2025-07-31T22:08:38.813+0000] {processor.py:830} INFO - Processing file /home/airflow/.local/lib/python3.12/site-packages/airflow/example_dags/example_kubernetes_executor.py for tasks to queue
[2025-07-31T22:08:38.815+0000] {logging_mixin.py:188} INFO - [2025-07-31T22:08:38.814+0000] {dagbag.py:545} INFO - Filling up the DagBag from /home/airflow/.local/lib/python3.12/site-packages/airflow/example_dags/example_kubernetes_executor.py
[2025-07-31T22:08:38.834+0000] {processor.py:840} INFO - DAG(s) 'example_kubernetes_executor' retrieved from /home/airflow/.local/lib/python3.12/site-packages/airflow/example_dags/example_kubernetes_executor.py
[2025-07-31T22:08:38.889+0000] {logging_mixin.py:188} INFO - [2025-07-31T22:08:38.889+0000] {dag.py:3096} INFO - Sync 1 DAGs
[2025-07-31T22:08:38.906+0000] {logging_mixin.py:188} INFO - [2025-07-31T22:08:38.905+0000] {dag.py:3954} INFO - Setting next_dagrun for example_kubernetes_executor to None, run_after=None
[2025-07-31T22:08:38.935+0000] {processor.py:183} INFO - Processing /home/airflow/.local/lib/python3.12/site-packages/airflow/example_dags/example_kubernetes_executor.py took 0.131 seconds
[2025-07-31T22:09:09.256+0000] {processor.py:161} INFO - Started process (PID=12774) to work on /home/airflow/.local/lib/python3.12/site-packages/airflow/example_dags/example_kubernetes_executor.py
[2025-07-31T22:09:09.259+0000] {processor.py:830} INFO - Processing file /home/airflow/.local/lib/python3.12/site-packages/airflow/example_dags/example_kubernetes_executor.py for tasks to queue
[2025-07-31T22:09:09.260+0000] {logging_mixin.py:188} INFO - [2025-07-31T22:09:09.260+0000] {dagbag.py:545} INFO - Filling up the DagBag from /home/airflow/.local/lib/python3.12/site-packages/airflow/example_dags/example_kubernetes_executor.py
[2025-07-31T22:09:09.287+0000] {processor.py:840} INFO - DAG(s) 'example_kubernetes_executor' retrieved from /home/airflow/.local/lib/python3.12/site-packages/airflow/example_dags/example_kubernetes_executor.py
[2025-07-31T22:09:09.372+0000] {logging_mixin.py:188} INFO - [2025-07-31T22:09:09.371+0000] {dag.py:3096} INFO - Sync 1 DAGs
[2025-07-31T22:09:09.397+0000] {logging_mixin.py:188} INFO - [2025-07-31T22:09:09.397+0000] {dag.py:3954} INFO - Setting next_dagrun for example_kubernetes_executor to None, run_after=None
[2025-07-31T22:09:09.430+0000] {processor.py:183} INFO - Processing /home/airflow/.local/lib/python3.12/site-packages/airflow/example_dags/example_kubernetes_executor.py took 0.190 seconds
[2025-07-31T22:09:39.654+0000] {processor.py:161} INFO - Started process (PID=12833) to work on /home/airflow/.local/lib/python3.12/site-packages/airflow/example_dags/example_kubernetes_executor.py
[2025-07-31T22:09:39.656+0000] {processor.py:830} INFO - Processing file /home/airflow/.local/lib/python3.12/site-packages/airflow/example_dags/example_kubernetes_executor.py for tasks to queue
[2025-07-31T22:09:39.658+0000] {logging_mixin.py:188} INFO - [2025-07-31T22:09:39.657+0000] {dagbag.py:545} INFO - Filling up the DagBag from /home/airflow/.local/lib/python3.12/site-packages/airflow/example_dags/example_kubernetes_executor.py
[2025-07-31T22:09:39.684+0000] {processor.py:840} INFO - DAG(s) 'example_kubernetes_executor' retrieved from /home/airflow/.local/lib/python3.12/site-packages/airflow/example_dags/example_kubernetes_executor.py
[2025-07-31T22:09:39.760+0000] {logging_mixin.py:188} INFO - [2025-07-31T22:09:39.760+0000] {dag.py:3096} INFO - Sync 1 DAGs
[2025-07-31T22:09:39.784+0000] {logging_mixin.py:188} INFO - [2025-07-31T22:09:39.784+0000] {dag.py:3954} INFO - Setting next_dagrun for example_kubernetes_executor to None, run_after=None
[2025-07-31T22:09:39.817+0000] {processor.py:183} INFO - Processing /home/airflow/.local/lib/python3.12/site-packages/airflow/example_dags/example_kubernetes_executor.py took 0.176 seconds
[2025-07-31T22:10:10.779+0000] {processor.py:161} INFO - Started process (PID=12891) to work on /home/airflow/.local/lib/python3.12/site-packages/airflow/example_dags/example_kubernetes_executor.py
[2025-07-31T22:10:10.849+0000] {processor.py:830} INFO - Processing file /home/airflow/.local/lib/python3.12/site-packages/airflow/example_dags/example_kubernetes_executor.py for tasks to queue
[2025-07-31T22:10:10.850+0000] {logging_mixin.py:188} INFO - [2025-07-31T22:10:10.850+0000] {dagbag.py:545} INFO - Filling up the DagBag from /home/airflow/.local/lib/python3.12/site-packages/airflow/example_dags/example_kubernetes_executor.py
[2025-07-31T22:10:10.873+0000] {processor.py:840} INFO - DAG(s) 'example_kubernetes_executor' retrieved from /home/airflow/.local/lib/python3.12/site-packages/airflow/example_dags/example_kubernetes_executor.py
[2025-07-31T22:10:10.941+0000] {logging_mixin.py:188} INFO - [2025-07-31T22:10:10.940+0000] {dag.py:3096} INFO - Sync 1 DAGs
[2025-07-31T22:10:10.960+0000] {logging_mixin.py:188} INFO - [2025-07-31T22:10:10.959+0000] {dag.py:3954} INFO - Setting next_dagrun for example_kubernetes_executor to None, run_after=None
[2025-07-31T22:10:11.001+0000] {processor.py:183} INFO - Processing /home/airflow/.local/lib/python3.12/site-packages/airflow/example_dags/example_kubernetes_executor.py took 0.230 seconds
[2025-07-31T22:10:41.144+0000] {processor.py:161} INFO - Started process (PID=12949) to work on /home/airflow/.local/lib/python3.12/site-packages/airflow/example_dags/example_kubernetes_executor.py
[2025-07-31T22:10:41.146+0000] {processor.py:830} INFO - Processing file /home/airflow/.local/lib/python3.12/site-packages/airflow/example_dags/example_kubernetes_executor.py for tasks to queue
[2025-07-31T22:10:41.150+0000] {logging_mixin.py:188} INFO - [2025-07-31T22:10:41.149+0000] {dagbag.py:545} INFO - Filling up the DagBag from /home/airflow/.local/lib/python3.12/site-packages/airflow/example_dags/example_kubernetes_executor.py
[2025-07-31T22:10:41.184+0000] {processor.py:840} INFO - DAG(s) 'example_kubernetes_executor' retrieved from /home/airflow/.local/lib/python3.12/site-packages/airflow/example_dags/example_kubernetes_executor.py
[2025-07-31T22:10:41.280+0000] {logging_mixin.py:188} INFO - [2025-07-31T22:10:41.280+0000] {dag.py:3096} INFO - Sync 1 DAGs
[2025-07-31T22:10:41.306+0000] {logging_mixin.py:188} INFO - [2025-07-31T22:10:41.306+0000] {dag.py:3954} INFO - Setting next_dagrun for example_kubernetes_executor to None, run_after=None
[2025-07-31T22:10:41.346+0000] {processor.py:183} INFO - Processing /home/airflow/.local/lib/python3.12/site-packages/airflow/example_dags/example_kubernetes_executor.py took 0.218 seconds
[2025-07-31T22:11:11.464+0000] {processor.py:161} INFO - Started process (PID=13007) to work on /home/airflow/.local/lib/python3.12/site-packages/airflow/example_dags/example_kubernetes_executor.py
[2025-07-31T22:11:11.467+0000] {processor.py:830} INFO - Processing file /home/airflow/.local/lib/python3.12/site-packages/airflow/example_dags/example_kubernetes_executor.py for tasks to queue
[2025-07-31T22:11:11.469+0000] {logging_mixin.py:188} INFO - [2025-07-31T22:11:11.468+0000] {dagbag.py:545} INFO - Filling up the DagBag from /home/airflow/.local/lib/python3.12/site-packages/airflow/example_dags/example_kubernetes_executor.py
[2025-07-31T22:11:11.498+0000] {processor.py:840} INFO - DAG(s) 'example_kubernetes_executor' retrieved from /home/airflow/.local/lib/python3.12/site-packages/airflow/example_dags/example_kubernetes_executor.py
[2025-07-31T22:11:11.682+0000] {logging_mixin.py:188} INFO - [2025-07-31T22:11:11.681+0000] {dag.py:3096} INFO - Sync 1 DAGs
[2025-07-31T22:11:11.705+0000] {logging_mixin.py:188} INFO - [2025-07-31T22:11:11.704+0000] {dag.py:3954} INFO - Setting next_dagrun for example_kubernetes_executor to None, run_after=None
[2025-07-31T22:11:11.740+0000] {processor.py:183} INFO - Processing /home/airflow/.local/lib/python3.12/site-packages/airflow/example_dags/example_kubernetes_executor.py took 0.288 seconds
[2025-07-31T22:11:41.939+0000] {processor.py:161} INFO - Started process (PID=13065) to work on /home/airflow/.local/lib/python3.12/site-packages/airflow/example_dags/example_kubernetes_executor.py
[2025-07-31T22:11:41.942+0000] {processor.py:830} INFO - Processing file /home/airflow/.local/lib/python3.12/site-packages/airflow/example_dags/example_kubernetes_executor.py for tasks to queue
[2025-07-31T22:11:41.944+0000] {logging_mixin.py:188} INFO - [2025-07-31T22:11:41.944+0000] {dagbag.py:545} INFO - Filling up the DagBag from /home/airflow/.local/lib/python3.12/site-packages/airflow/example_dags/example_kubernetes_executor.py
[2025-07-31T22:11:41.967+0000] {processor.py:840} INFO - DAG(s) 'example_kubernetes_executor' retrieved from /home/airflow/.local/lib/python3.12/site-packages/airflow/example_dags/example_kubernetes_executor.py
[2025-07-31T22:11:42.037+0000] {logging_mixin.py:188} INFO - [2025-07-31T22:11:42.037+0000] {dag.py:3096} INFO - Sync 1 DAGs
[2025-07-31T22:11:42.062+0000] {logging_mixin.py:188} INFO - [2025-07-31T22:11:42.062+0000] {dag.py:3954} INFO - Setting next_dagrun for example_kubernetes_executor to None, run_after=None
[2025-07-31T22:11:42.101+0000] {processor.py:183} INFO - Processing /home/airflow/.local/lib/python3.12/site-packages/airflow/example_dags/example_kubernetes_executor.py took 0.174 seconds
[2025-07-31T22:12:12.204+0000] {processor.py:161} INFO - Started process (PID=13123) to work on /home/airflow/.local/lib/python3.12/site-packages/airflow/example_dags/example_kubernetes_executor.py
[2025-07-31T22:12:12.205+0000] {processor.py:830} INFO - Processing file /home/airflow/.local/lib/python3.12/site-packages/airflow/example_dags/example_kubernetes_executor.py for tasks to queue
[2025-07-31T22:12:12.207+0000] {logging_mixin.py:188} INFO - [2025-07-31T22:12:12.206+0000] {dagbag.py:545} INFO - Filling up the DagBag from /home/airflow/.local/lib/python3.12/site-packages/airflow/example_dags/example_kubernetes_executor.py
[2025-07-31T22:12:12.224+0000] {processor.py:840} INFO - DAG(s) 'example_kubernetes_executor' retrieved from /home/airflow/.local/lib/python3.12/site-packages/airflow/example_dags/example_kubernetes_executor.py
[2025-07-31T22:12:12.286+0000] {logging_mixin.py:188} INFO - [2025-07-31T22:12:12.285+0000] {dag.py:3096} INFO - Sync 1 DAGs
[2025-07-31T22:12:12.304+0000] {logging_mixin.py:188} INFO - [2025-07-31T22:12:12.303+0000] {dag.py:3954} INFO - Setting next_dagrun for example_kubernetes_executor to None, run_after=None
[2025-07-31T22:12:12.337+0000] {processor.py:183} INFO - Processing /home/airflow/.local/lib/python3.12/site-packages/airflow/example_dags/example_kubernetes_executor.py took 0.146 seconds
[2025-07-31T22:12:42.554+0000] {processor.py:161} INFO - Started process (PID=13181) to work on /home/airflow/.local/lib/python3.12/site-packages/airflow/example_dags/example_kubernetes_executor.py
[2025-07-31T22:12:42.556+0000] {processor.py:830} INFO - Processing file /home/airflow/.local/lib/python3.12/site-packages/airflow/example_dags/example_kubernetes_executor.py for tasks to queue
[2025-07-31T22:12:42.558+0000] {logging_mixin.py:188} INFO - [2025-07-31T22:12:42.557+0000] {dagbag.py:545} INFO - Filling up the DagBag from /home/airflow/.local/lib/python3.12/site-packages/airflow/example_dags/example_kubernetes_executor.py
[2025-07-31T22:12:42.578+0000] {processor.py:840} INFO - DAG(s) 'example_kubernetes_executor' retrieved from /home/airflow/.local/lib/python3.12/site-packages/airflow/example_dags/example_kubernetes_executor.py
[2025-07-31T22:12:42.647+0000] {logging_mixin.py:188} INFO - [2025-07-31T22:12:42.646+0000] {dag.py:3096} INFO - Sync 1 DAGs
[2025-07-31T22:12:42.676+0000] {logging_mixin.py:188} INFO - [2025-07-31T22:12:42.675+0000] {dag.py:3954} INFO - Setting next_dagrun for example_kubernetes_executor to None, run_after=None
[2025-07-31T22:12:42.707+0000] {processor.py:183} INFO - Processing /home/airflow/.local/lib/python3.12/site-packages/airflow/example_dags/example_kubernetes_executor.py took 0.164 seconds
[2025-07-31T22:13:12.836+0000] {processor.py:161} INFO - Started process (PID=13239) to work on /home/airflow/.local/lib/python3.12/site-packages/airflow/example_dags/example_kubernetes_executor.py
[2025-07-31T22:13:12.838+0000] {processor.py:830} INFO - Processing file /home/airflow/.local/lib/python3.12/site-packages/airflow/example_dags/example_kubernetes_executor.py for tasks to queue
[2025-07-31T22:13:12.839+0000] {logging_mixin.py:188} INFO - [2025-07-31T22:13:12.839+0000] {dagbag.py:545} INFO - Filling up the DagBag from /home/airflow/.local/lib/python3.12/site-packages/airflow/example_dags/example_kubernetes_executor.py
[2025-07-31T22:13:12.860+0000] {processor.py:840} INFO - DAG(s) 'example_kubernetes_executor' retrieved from /home/airflow/.local/lib/python3.12/site-packages/airflow/example_dags/example_kubernetes_executor.py
[2025-07-31T22:13:12.917+0000] {logging_mixin.py:188} INFO - [2025-07-31T22:13:12.916+0000] {dag.py:3096} INFO - Sync 1 DAGs
[2025-07-31T22:13:12.934+0000] {logging_mixin.py:188} INFO - [2025-07-31T22:13:12.934+0000] {dag.py:3954} INFO - Setting next_dagrun for example_kubernetes_executor to None, run_after=None
[2025-07-31T22:13:12.962+0000] {processor.py:183} INFO - Processing /home/airflow/.local/lib/python3.12/site-packages/airflow/example_dags/example_kubernetes_executor.py took 0.134 seconds
[2025-07-31T22:13:43.527+0000] {processor.py:161} INFO - Started process (PID=13298) to work on /home/airflow/.local/lib/python3.12/site-packages/airflow/example_dags/example_kubernetes_executor.py
[2025-07-31T22:13:43.528+0000] {processor.py:830} INFO - Processing file /home/airflow/.local/lib/python3.12/site-packages/airflow/example_dags/example_kubernetes_executor.py for tasks to queue
[2025-07-31T22:13:43.530+0000] {logging_mixin.py:188} INFO - [2025-07-31T22:13:43.529+0000] {dagbag.py:545} INFO - Filling up the DagBag from /home/airflow/.local/lib/python3.12/site-packages/airflow/example_dags/example_kubernetes_executor.py
[2025-07-31T22:13:43.551+0000] {processor.py:840} INFO - DAG(s) 'example_kubernetes_executor' retrieved from /home/airflow/.local/lib/python3.12/site-packages/airflow/example_dags/example_kubernetes_executor.py
[2025-07-31T22:13:43.612+0000] {logging_mixin.py:188} INFO - [2025-07-31T22:13:43.612+0000] {dag.py:3096} INFO - Sync 1 DAGs
[2025-07-31T22:13:43.630+0000] {logging_mixin.py:188} INFO - [2025-07-31T22:13:43.629+0000] {dag.py:3954} INFO - Setting next_dagrun for example_kubernetes_executor to None, run_after=None
[2025-07-31T22:13:43.655+0000] {processor.py:183} INFO - Processing /home/airflow/.local/lib/python3.12/site-packages/airflow/example_dags/example_kubernetes_executor.py took 0.138 seconds
[2025-07-31T22:14:13.996+0000] {processor.py:161} INFO - Started process (PID=13356) to work on /home/airflow/.local/lib/python3.12/site-packages/airflow/example_dags/example_kubernetes_executor.py
[2025-07-31T22:14:14.000+0000] {processor.py:830} INFO - Processing file /home/airflow/.local/lib/python3.12/site-packages/airflow/example_dags/example_kubernetes_executor.py for tasks to queue
[2025-07-31T22:14:14.002+0000] {logging_mixin.py:188} INFO - [2025-07-31T22:14:14.001+0000] {dagbag.py:545} INFO - Filling up the DagBag from /home/airflow/.local/lib/python3.12/site-packages/airflow/example_dags/example_kubernetes_executor.py
[2025-07-31T22:14:14.046+0000] {processor.py:840} INFO - DAG(s) 'example_kubernetes_executor' retrieved from /home/airflow/.local/lib/python3.12/site-packages/airflow/example_dags/example_kubernetes_executor.py
[2025-07-31T22:14:14.155+0000] {logging_mixin.py:188} INFO - [2025-07-31T22:14:14.155+0000] {dag.py:3096} INFO - Sync 1 DAGs
[2025-07-31T22:14:14.177+0000] {logging_mixin.py:188} INFO - [2025-07-31T22:14:14.176+0000] {dag.py:3954} INFO - Setting next_dagrun for example_kubernetes_executor to None, run_after=None
[2025-07-31T22:14:14.209+0000] {processor.py:183} INFO - Processing /home/airflow/.local/lib/python3.12/site-packages/airflow/example_dags/example_kubernetes_executor.py took 0.232 seconds
[2025-07-31T22:14:44.346+0000] {processor.py:161} INFO - Started process (PID=13414) to work on /home/airflow/.local/lib/python3.12/site-packages/airflow/example_dags/example_kubernetes_executor.py
[2025-07-31T22:14:44.347+0000] {processor.py:830} INFO - Processing file /home/airflow/.local/lib/python3.12/site-packages/airflow/example_dags/example_kubernetes_executor.py for tasks to queue
[2025-07-31T22:14:44.348+0000] {logging_mixin.py:188} INFO - [2025-07-31T22:14:44.348+0000] {dagbag.py:545} INFO - Filling up the DagBag from /home/airflow/.local/lib/python3.12/site-packages/airflow/example_dags/example_kubernetes_executor.py
[2025-07-31T22:14:44.365+0000] {processor.py:840} INFO - DAG(s) 'example_kubernetes_executor' retrieved from /home/airflow/.local/lib/python3.12/site-packages/airflow/example_dags/example_kubernetes_executor.py
[2025-07-31T22:14:44.423+0000] {logging_mixin.py:188} INFO - [2025-07-31T22:14:44.423+0000] {dag.py:3096} INFO - Sync 1 DAGs
[2025-07-31T22:14:44.444+0000] {logging_mixin.py:188} INFO - [2025-07-31T22:14:44.443+0000] {dag.py:3954} INFO - Setting next_dagrun for example_kubernetes_executor to None, run_after=None
[2025-07-31T22:14:44.469+0000] {processor.py:183} INFO - Processing /home/airflow/.local/lib/python3.12/site-packages/airflow/example_dags/example_kubernetes_executor.py took 0.134 seconds
[2025-07-31T22:15:14.902+0000] {processor.py:161} INFO - Started process (PID=13472) to work on /home/airflow/.local/lib/python3.12/site-packages/airflow/example_dags/example_kubernetes_executor.py
[2025-07-31T22:15:14.904+0000] {processor.py:830} INFO - Processing file /home/airflow/.local/lib/python3.12/site-packages/airflow/example_dags/example_kubernetes_executor.py for tasks to queue
[2025-07-31T22:15:14.905+0000] {logging_mixin.py:188} INFO - [2025-07-31T22:15:14.905+0000] {dagbag.py:545} INFO - Filling up the DagBag from /home/airflow/.local/lib/python3.12/site-packages/airflow/example_dags/example_kubernetes_executor.py
[2025-07-31T22:15:14.927+0000] {processor.py:840} INFO - DAG(s) 'example_kubernetes_executor' retrieved from /home/airflow/.local/lib/python3.12/site-packages/airflow/example_dags/example_kubernetes_executor.py
[2025-07-31T22:15:15.001+0000] {logging_mixin.py:188} INFO - [2025-07-31T22:15:15.000+0000] {dag.py:3096} INFO - Sync 1 DAGs
[2025-07-31T22:15:15.022+0000] {logging_mixin.py:188} INFO - [2025-07-31T22:15:15.022+0000] {dag.py:3954} INFO - Setting next_dagrun for example_kubernetes_executor to None, run_after=None
[2025-07-31T22:15:15.057+0000] {processor.py:183} INFO - Processing /home/airflow/.local/lib/python3.12/site-packages/airflow/example_dags/example_kubernetes_executor.py took 0.165 seconds
[2025-07-31T22:15:45.189+0000] {processor.py:161} INFO - Started process (PID=13531) to work on /home/airflow/.local/lib/python3.12/site-packages/airflow/example_dags/example_kubernetes_executor.py
[2025-07-31T22:15:45.190+0000] {processor.py:830} INFO - Processing file /home/airflow/.local/lib/python3.12/site-packages/airflow/example_dags/example_kubernetes_executor.py for tasks to queue
[2025-07-31T22:15:45.192+0000] {logging_mixin.py:188} INFO - [2025-07-31T22:15:45.191+0000] {dagbag.py:545} INFO - Filling up the DagBag from /home/airflow/.local/lib/python3.12/site-packages/airflow/example_dags/example_kubernetes_executor.py
[2025-07-31T22:15:45.211+0000] {processor.py:840} INFO - DAG(s) 'example_kubernetes_executor' retrieved from /home/airflow/.local/lib/python3.12/site-packages/airflow/example_dags/example_kubernetes_executor.py
[2025-07-31T22:15:45.276+0000] {logging_mixin.py:188} INFO - [2025-07-31T22:15:45.276+0000] {dag.py:3096} INFO - Sync 1 DAGs
[2025-07-31T22:15:45.294+0000] {logging_mixin.py:188} INFO - [2025-07-31T22:15:45.294+0000] {dag.py:3954} INFO - Setting next_dagrun for example_kubernetes_executor to None, run_after=None
[2025-07-31T22:15:45.322+0000] {processor.py:183} INFO - Processing /home/airflow/.local/lib/python3.12/site-packages/airflow/example_dags/example_kubernetes_executor.py took 0.144 seconds
[2025-07-31T22:16:15.918+0000] {processor.py:161} INFO - Started process (PID=13589) to work on /home/airflow/.local/lib/python3.12/site-packages/airflow/example_dags/example_kubernetes_executor.py
[2025-07-31T22:16:15.920+0000] {processor.py:830} INFO - Processing file /home/airflow/.local/lib/python3.12/site-packages/airflow/example_dags/example_kubernetes_executor.py for tasks to queue
[2025-07-31T22:16:15.922+0000] {logging_mixin.py:188} INFO - [2025-07-31T22:16:15.921+0000] {dagbag.py:545} INFO - Filling up the DagBag from /home/airflow/.local/lib/python3.12/site-packages/airflow/example_dags/example_kubernetes_executor.py
[2025-07-31T22:16:15.945+0000] {processor.py:840} INFO - DAG(s) 'example_kubernetes_executor' retrieved from /home/airflow/.local/lib/python3.12/site-packages/airflow/example_dags/example_kubernetes_executor.py
[2025-07-31T22:16:16.021+0000] {logging_mixin.py:188} INFO - [2025-07-31T22:16:16.020+0000] {dag.py:3096} INFO - Sync 1 DAGs
[2025-07-31T22:16:16.043+0000] {logging_mixin.py:188} INFO - [2025-07-31T22:16:16.042+0000] {dag.py:3954} INFO - Setting next_dagrun for example_kubernetes_executor to None, run_after=None
[2025-07-31T22:16:16.079+0000] {processor.py:183} INFO - Processing /home/airflow/.local/lib/python3.12/site-packages/airflow/example_dags/example_kubernetes_executor.py took 0.174 seconds
[2025-07-31T22:16:47.079+0000] {processor.py:161} INFO - Started process (PID=13647) to work on /home/airflow/.local/lib/python3.12/site-packages/airflow/example_dags/example_kubernetes_executor.py
[2025-07-31T22:16:47.080+0000] {processor.py:830} INFO - Processing file /home/airflow/.local/lib/python3.12/site-packages/airflow/example_dags/example_kubernetes_executor.py for tasks to queue
[2025-07-31T22:16:47.082+0000] {logging_mixin.py:188} INFO - [2025-07-31T22:16:47.081+0000] {dagbag.py:545} INFO - Filling up the DagBag from /home/airflow/.local/lib/python3.12/site-packages/airflow/example_dags/example_kubernetes_executor.py
[2025-07-31T22:16:47.099+0000] {processor.py:840} INFO - DAG(s) 'example_kubernetes_executor' retrieved from /home/airflow/.local/lib/python3.12/site-packages/airflow/example_dags/example_kubernetes_executor.py
[2025-07-31T22:16:47.161+0000] {logging_mixin.py:188} INFO - [2025-07-31T22:16:47.161+0000] {dag.py:3096} INFO - Sync 1 DAGs
[2025-07-31T22:16:47.183+0000] {logging_mixin.py:188} INFO - [2025-07-31T22:16:47.183+0000] {dag.py:3954} INFO - Setting next_dagrun for example_kubernetes_executor to None, run_after=None
[2025-07-31T22:16:47.213+0000] {processor.py:183} INFO - Processing /home/airflow/.local/lib/python3.12/site-packages/airflow/example_dags/example_kubernetes_executor.py took 0.143 seconds
[2025-07-31T22:17:17.285+0000] {processor.py:161} INFO - Started process (PID=13705) to work on /home/airflow/.local/lib/python3.12/site-packages/airflow/example_dags/example_kubernetes_executor.py
[2025-07-31T22:17:17.286+0000] {processor.py:830} INFO - Processing file /home/airflow/.local/lib/python3.12/site-packages/airflow/example_dags/example_kubernetes_executor.py for tasks to queue
[2025-07-31T22:17:17.288+0000] {logging_mixin.py:188} INFO - [2025-07-31T22:17:17.287+0000] {dagbag.py:545} INFO - Filling up the DagBag from /home/airflow/.local/lib/python3.12/site-packages/airflow/example_dags/example_kubernetes_executor.py
[2025-07-31T22:17:17.305+0000] {processor.py:840} INFO - DAG(s) 'example_kubernetes_executor' retrieved from /home/airflow/.local/lib/python3.12/site-packages/airflow/example_dags/example_kubernetes_executor.py
[2025-07-31T22:17:17.364+0000] {logging_mixin.py:188} INFO - [2025-07-31T22:17:17.363+0000] {dag.py:3096} INFO - Sync 1 DAGs
[2025-07-31T22:17:17.382+0000] {logging_mixin.py:188} INFO - [2025-07-31T22:17:17.382+0000] {dag.py:3954} INFO - Setting next_dagrun for example_kubernetes_executor to None, run_after=None
[2025-07-31T22:17:17.410+0000] {processor.py:183} INFO - Processing /home/airflow/.local/lib/python3.12/site-packages/airflow/example_dags/example_kubernetes_executor.py took 0.135 seconds
[2025-07-31T22:17:48.111+0000] {processor.py:161} INFO - Started process (PID=13763) to work on /home/airflow/.local/lib/python3.12/site-packages/airflow/example_dags/example_kubernetes_executor.py
[2025-07-31T22:17:48.113+0000] {processor.py:830} INFO - Processing file /home/airflow/.local/lib/python3.12/site-packages/airflow/example_dags/example_kubernetes_executor.py for tasks to queue
[2025-07-31T22:17:48.117+0000] {logging_mixin.py:188} INFO - [2025-07-31T22:17:48.115+0000] {dagbag.py:545} INFO - Filling up the DagBag from /home/airflow/.local/lib/python3.12/site-packages/airflow/example_dags/example_kubernetes_executor.py
[2025-07-31T22:17:48.143+0000] {processor.py:840} INFO - DAG(s) 'example_kubernetes_executor' retrieved from /home/airflow/.local/lib/python3.12/site-packages/airflow/example_dags/example_kubernetes_executor.py
[2025-07-31T22:17:48.222+0000] {logging_mixin.py:188} INFO - [2025-07-31T22:17:48.221+0000] {dag.py:3096} INFO - Sync 1 DAGs
[2025-07-31T22:17:48.247+0000] {logging_mixin.py:188} INFO - [2025-07-31T22:17:48.246+0000] {dag.py:3954} INFO - Setting next_dagrun for example_kubernetes_executor to None, run_after=None
[2025-07-31T22:17:48.284+0000] {processor.py:183} INFO - Processing /home/airflow/.local/lib/python3.12/site-packages/airflow/example_dags/example_kubernetes_executor.py took 0.188 seconds
