[2025-07-31T03:25:16.004+0000] {processor.py:161} INFO - Started process (PID=12564) to work on /home/airflow/.local/lib/python3.12/site-packages/airflow/example_dags/example_sla_dag.py
[2025-07-31T03:25:16.006+0000] {processor.py:830} INFO - Processing file /home/airflow/.local/lib/python3.12/site-packages/airflow/example_dags/example_sla_dag.py for tasks to queue
[2025-07-31T03:25:16.007+0000] {logging_mixin.py:188} INFO - [2025-07-31T03:25:16.007+0000] {dagbag.py:545} INFO - Filling up the DagBag from /home/airflow/.local/lib/python3.12/site-packages/airflow/example_dags/example_sla_dag.py
[2025-07-31T03:25:16.019+0000] {processor.py:840} INFO - DAG(s) 'example_sla_dag' retrieved from /home/airflow/.local/lib/python3.12/site-packages/airflow/example_dags/example_sla_dag.py
[2025-07-31T03:25:16.047+0000] {logging_mixin.py:188} INFO - [2025-07-31T03:25:16.046+0000] {dag.py:3096} INFO - Sync 1 DAGs
[2025-07-31T03:25:16.078+0000] {logging_mixin.py:188} INFO - [2025-07-31T03:25:16.078+0000] {dag.py:3954} INFO - Setting next_dagrun for example_sla_dag to 2025-07-31 03:22:00+00:00, run_after=2025-07-31 03:24:00+00:00
[2025-07-31T03:25:16.101+0000] {processor.py:183} INFO - Processing /home/airflow/.local/lib/python3.12/site-packages/airflow/example_dags/example_sla_dag.py took 0.104 seconds
[2025-07-31T22:07:37.357+0000] {processor.py:161} INFO - Started process (PID=12597) to work on /home/airflow/.local/lib/python3.12/site-packages/airflow/example_dags/example_sla_dag.py
[2025-07-31T22:07:37.360+0000] {processor.py:830} INFO - Processing file /home/airflow/.local/lib/python3.12/site-packages/airflow/example_dags/example_sla_dag.py for tasks to queue
[2025-07-31T22:07:37.363+0000] {logging_mixin.py:188} INFO - [2025-07-31T22:07:37.362+0000] {dagbag.py:545} INFO - Filling up the DagBag from /home/airflow/.local/lib/python3.12/site-packages/airflow/example_dags/example_sla_dag.py
[2025-07-31T22:07:37.392+0000] {processor.py:840} INFO - DAG(s) 'example_sla_dag' retrieved from /home/airflow/.local/lib/python3.12/site-packages/airflow/example_dags/example_sla_dag.py
[2025-07-31T22:07:37.463+0000] {logging_mixin.py:188} INFO - [2025-07-31T22:07:37.462+0000] {dag.py:3096} INFO - Sync 1 DAGs
[2025-07-31T22:07:37.587+0000] {logging_mixin.py:188} INFO - [2025-07-31T22:07:37.586+0000] {dag.py:3954} INFO - Setting next_dagrun for example_sla_dag to 2025-07-31 22:04:00+00:00, run_after=2025-07-31 22:06:00+00:00
[2025-07-31T22:07:37.664+0000] {processor.py:183} INFO - Processing /home/airflow/.local/lib/python3.12/site-packages/airflow/example_dags/example_sla_dag.py took 0.329 seconds
[2025-07-31T22:08:08.542+0000] {processor.py:161} INFO - Started process (PID=12655) to work on /home/airflow/.local/lib/python3.12/site-packages/airflow/example_dags/example_sla_dag.py
[2025-07-31T22:08:08.543+0000] {processor.py:830} INFO - Processing file /home/airflow/.local/lib/python3.12/site-packages/airflow/example_dags/example_sla_dag.py for tasks to queue
[2025-07-31T22:08:08.544+0000] {logging_mixin.py:188} INFO - [2025-07-31T22:08:08.544+0000] {dagbag.py:545} INFO - Filling up the DagBag from /home/airflow/.local/lib/python3.12/site-packages/airflow/example_dags/example_sla_dag.py
[2025-07-31T22:08:08.555+0000] {processor.py:840} INFO - DAG(s) 'example_sla_dag' retrieved from /home/airflow/.local/lib/python3.12/site-packages/airflow/example_dags/example_sla_dag.py
[2025-07-31T22:08:08.585+0000] {logging_mixin.py:188} INFO - [2025-07-31T22:08:08.584+0000] {dag.py:3096} INFO - Sync 1 DAGs
[2025-07-31T22:08:08.612+0000] {logging_mixin.py:188} INFO - [2025-07-31T22:08:08.612+0000] {dag.py:3954} INFO - Setting next_dagrun for example_sla_dag to 2025-07-31 22:06:00+00:00, run_after=2025-07-31 22:08:00+00:00
[2025-07-31T22:08:08.640+0000] {processor.py:183} INFO - Processing /home/airflow/.local/lib/python3.12/site-packages/airflow/example_dags/example_sla_dag.py took 0.106 seconds
[2025-07-31T22:08:38.806+0000] {processor.py:161} INFO - Started process (PID=12714) to work on /home/airflow/.local/lib/python3.12/site-packages/airflow/example_dags/example_sla_dag.py
[2025-07-31T22:08:38.808+0000] {processor.py:830} INFO - Processing file /home/airflow/.local/lib/python3.12/site-packages/airflow/example_dags/example_sla_dag.py for tasks to queue
[2025-07-31T22:08:38.809+0000] {logging_mixin.py:188} INFO - [2025-07-31T22:08:38.809+0000] {dagbag.py:545} INFO - Filling up the DagBag from /home/airflow/.local/lib/python3.12/site-packages/airflow/example_dags/example_sla_dag.py
[2025-07-31T22:08:38.822+0000] {processor.py:840} INFO - DAG(s) 'example_sla_dag' retrieved from /home/airflow/.local/lib/python3.12/site-packages/airflow/example_dags/example_sla_dag.py
[2025-07-31T22:08:38.856+0000] {logging_mixin.py:188} INFO - [2025-07-31T22:08:38.856+0000] {dag.py:3096} INFO - Sync 1 DAGs
[2025-07-31T22:08:38.887+0000] {logging_mixin.py:188} INFO - [2025-07-31T22:08:38.887+0000] {dag.py:3954} INFO - Setting next_dagrun for example_sla_dag to 2025-07-31 22:06:00+00:00, run_after=2025-07-31 22:08:00+00:00
[2025-07-31T22:08:38.915+0000] {processor.py:183} INFO - Processing /home/airflow/.local/lib/python3.12/site-packages/airflow/example_dags/example_sla_dag.py took 0.118 seconds
[2025-07-31T22:09:09.245+0000] {processor.py:161} INFO - Started process (PID=12773) to work on /home/airflow/.local/lib/python3.12/site-packages/airflow/example_dags/example_sla_dag.py
[2025-07-31T22:09:09.248+0000] {processor.py:830} INFO - Processing file /home/airflow/.local/lib/python3.12/site-packages/airflow/example_dags/example_sla_dag.py for tasks to queue
[2025-07-31T22:09:09.250+0000] {logging_mixin.py:188} INFO - [2025-07-31T22:09:09.249+0000] {dagbag.py:545} INFO - Filling up the DagBag from /home/airflow/.local/lib/python3.12/site-packages/airflow/example_dags/example_sla_dag.py
[2025-07-31T22:09:09.270+0000] {processor.py:840} INFO - DAG(s) 'example_sla_dag' retrieved from /home/airflow/.local/lib/python3.12/site-packages/airflow/example_dags/example_sla_dag.py
[2025-07-31T22:09:09.317+0000] {logging_mixin.py:188} INFO - [2025-07-31T22:09:09.316+0000] {dag.py:3096} INFO - Sync 1 DAGs
[2025-07-31T22:09:09.369+0000] {logging_mixin.py:188} INFO - [2025-07-31T22:09:09.368+0000] {dag.py:3954} INFO - Setting next_dagrun for example_sla_dag to 2025-07-31 22:06:00+00:00, run_after=2025-07-31 22:08:00+00:00
[2025-07-31T22:09:09.404+0000] {processor.py:183} INFO - Processing /home/airflow/.local/lib/python3.12/site-packages/airflow/example_dags/example_sla_dag.py took 0.171 seconds
[2025-07-31T22:09:39.648+0000] {processor.py:161} INFO - Started process (PID=12832) to work on /home/airflow/.local/lib/python3.12/site-packages/airflow/example_dags/example_sla_dag.py
[2025-07-31T22:09:39.651+0000] {processor.py:830} INFO - Processing file /home/airflow/.local/lib/python3.12/site-packages/airflow/example_dags/example_sla_dag.py for tasks to queue
[2025-07-31T22:09:39.652+0000] {logging_mixin.py:188} INFO - [2025-07-31T22:09:39.652+0000] {dagbag.py:545} INFO - Filling up the DagBag from /home/airflow/.local/lib/python3.12/site-packages/airflow/example_dags/example_sla_dag.py
[2025-07-31T22:09:39.671+0000] {processor.py:840} INFO - DAG(s) 'example_sla_dag' retrieved from /home/airflow/.local/lib/python3.12/site-packages/airflow/example_dags/example_sla_dag.py
[2025-07-31T22:09:39.714+0000] {logging_mixin.py:188} INFO - [2025-07-31T22:09:39.714+0000] {dag.py:3096} INFO - Sync 1 DAGs
[2025-07-31T22:09:39.762+0000] {logging_mixin.py:188} INFO - [2025-07-31T22:09:39.762+0000] {dag.py:3954} INFO - Setting next_dagrun for example_sla_dag to 2025-07-31 22:06:00+00:00, run_after=2025-07-31 22:08:00+00:00
[2025-07-31T22:09:39.805+0000] {processor.py:183} INFO - Processing /home/airflow/.local/lib/python3.12/site-packages/airflow/example_dags/example_sla_dag.py took 0.166 seconds
[2025-07-31T22:10:10.776+0000] {processor.py:161} INFO - Started process (PID=12890) to work on /home/airflow/.local/lib/python3.12/site-packages/airflow/example_dags/example_sla_dag.py
[2025-07-31T22:10:10.849+0000] {processor.py:830} INFO - Processing file /home/airflow/.local/lib/python3.12/site-packages/airflow/example_dags/example_sla_dag.py for tasks to queue
[2025-07-31T22:10:10.850+0000] {logging_mixin.py:188} INFO - [2025-07-31T22:10:10.850+0000] {dagbag.py:545} INFO - Filling up the DagBag from /home/airflow/.local/lib/python3.12/site-packages/airflow/example_dags/example_sla_dag.py
[2025-07-31T22:10:10.866+0000] {processor.py:840} INFO - DAG(s) 'example_sla_dag' retrieved from /home/airflow/.local/lib/python3.12/site-packages/airflow/example_dags/example_sla_dag.py
[2025-07-31T22:10:10.907+0000] {logging_mixin.py:188} INFO - [2025-07-31T22:10:10.906+0000] {dag.py:3096} INFO - Sync 1 DAGs
[2025-07-31T22:10:10.947+0000] {logging_mixin.py:188} INFO - [2025-07-31T22:10:10.946+0000] {dag.py:3954} INFO - Setting next_dagrun for example_sla_dag to 2025-07-31 22:08:00+00:00, run_after=2025-07-31 22:10:00+00:00
[2025-07-31T22:10:10.981+0000] {processor.py:183} INFO - Processing /home/airflow/.local/lib/python3.12/site-packages/airflow/example_dags/example_sla_dag.py took 0.213 seconds
[2025-07-31T22:10:41.137+0000] {processor.py:161} INFO - Started process (PID=12948) to work on /home/airflow/.local/lib/python3.12/site-packages/airflow/example_dags/example_sla_dag.py
[2025-07-31T22:10:41.140+0000] {processor.py:830} INFO - Processing file /home/airflow/.local/lib/python3.12/site-packages/airflow/example_dags/example_sla_dag.py for tasks to queue
[2025-07-31T22:10:41.142+0000] {logging_mixin.py:188} INFO - [2025-07-31T22:10:41.142+0000] {dagbag.py:545} INFO - Filling up the DagBag from /home/airflow/.local/lib/python3.12/site-packages/airflow/example_dags/example_sla_dag.py
[2025-07-31T22:10:41.167+0000] {processor.py:840} INFO - DAG(s) 'example_sla_dag' retrieved from /home/airflow/.local/lib/python3.12/site-packages/airflow/example_dags/example_sla_dag.py
[2025-07-31T22:10:41.213+0000] {logging_mixin.py:188} INFO - [2025-07-31T22:10:41.212+0000] {dag.py:3096} INFO - Sync 1 DAGs
[2025-07-31T22:10:41.281+0000] {logging_mixin.py:188} INFO - [2025-07-31T22:10:41.281+0000] {dag.py:3954} INFO - Setting next_dagrun for example_sla_dag to 2025-07-31 22:08:00+00:00, run_after=2025-07-31 22:10:00+00:00
[2025-07-31T22:10:41.318+0000] {processor.py:183} INFO - Processing /home/airflow/.local/lib/python3.12/site-packages/airflow/example_dags/example_sla_dag.py took 0.199 seconds
[2025-07-31T22:11:11.449+0000] {processor.py:161} INFO - Started process (PID=13006) to work on /home/airflow/.local/lib/python3.12/site-packages/airflow/example_dags/example_sla_dag.py
[2025-07-31T22:11:11.452+0000] {processor.py:830} INFO - Processing file /home/airflow/.local/lib/python3.12/site-packages/airflow/example_dags/example_sla_dag.py for tasks to queue
[2025-07-31T22:11:11.454+0000] {logging_mixin.py:188} INFO - [2025-07-31T22:11:11.453+0000] {dagbag.py:545} INFO - Filling up the DagBag from /home/airflow/.local/lib/python3.12/site-packages/airflow/example_dags/example_sla_dag.py
[2025-07-31T22:11:11.474+0000] {processor.py:840} INFO - DAG(s) 'example_sla_dag' retrieved from /home/airflow/.local/lib/python3.12/site-packages/airflow/example_dags/example_sla_dag.py
[2025-07-31T22:11:11.523+0000] {logging_mixin.py:188} INFO - [2025-07-31T22:11:11.522+0000] {dag.py:3096} INFO - Sync 1 DAGs
[2025-07-31T22:11:11.565+0000] {logging_mixin.py:188} INFO - [2025-07-31T22:11:11.564+0000] {dag.py:3954} INFO - Setting next_dagrun for example_sla_dag to 2025-07-31 22:08:00+00:00, run_after=2025-07-31 22:10:00+00:00
[2025-07-31T22:11:11.630+0000] {processor.py:183} INFO - Processing /home/airflow/.local/lib/python3.12/site-packages/airflow/example_dags/example_sla_dag.py took 0.194 seconds
[2025-07-31T22:11:41.715+0000] {processor.py:161} INFO - Started process (PID=13064) to work on /home/airflow/.local/lib/python3.12/site-packages/airflow/example_dags/example_sla_dag.py
[2025-07-31T22:11:41.717+0000] {processor.py:830} INFO - Processing file /home/airflow/.local/lib/python3.12/site-packages/airflow/example_dags/example_sla_dag.py for tasks to queue
[2025-07-31T22:11:41.719+0000] {logging_mixin.py:188} INFO - [2025-07-31T22:11:41.719+0000] {dagbag.py:545} INFO - Filling up the DagBag from /home/airflow/.local/lib/python3.12/site-packages/airflow/example_dags/example_sla_dag.py
[2025-07-31T22:11:41.735+0000] {processor.py:840} INFO - DAG(s) 'example_sla_dag' retrieved from /home/airflow/.local/lib/python3.12/site-packages/airflow/example_dags/example_sla_dag.py
[2025-07-31T22:11:41.782+0000] {logging_mixin.py:188} INFO - [2025-07-31T22:11:41.781+0000] {dag.py:3096} INFO - Sync 1 DAGs
[2025-07-31T22:11:41.829+0000] {logging_mixin.py:188} INFO - [2025-07-31T22:11:41.828+0000] {dag.py:3954} INFO - Setting next_dagrun for example_sla_dag to 2025-07-31 22:08:00+00:00, run_after=2025-07-31 22:10:00+00:00
[2025-07-31T22:11:41.858+0000] {processor.py:183} INFO - Processing /home/airflow/.local/lib/python3.12/site-packages/airflow/example_dags/example_sla_dag.py took 0.154 seconds
[2025-07-31T22:12:11.982+0000] {processor.py:161} INFO - Started process (PID=13122) to work on /home/airflow/.local/lib/python3.12/site-packages/airflow/example_dags/example_sla_dag.py
[2025-07-31T22:12:11.984+0000] {processor.py:830} INFO - Processing file /home/airflow/.local/lib/python3.12/site-packages/airflow/example_dags/example_sla_dag.py for tasks to queue
[2025-07-31T22:12:11.986+0000] {logging_mixin.py:188} INFO - [2025-07-31T22:12:11.985+0000] {dagbag.py:545} INFO - Filling up the DagBag from /home/airflow/.local/lib/python3.12/site-packages/airflow/example_dags/example_sla_dag.py
[2025-07-31T22:12:12.000+0000] {processor.py:840} INFO - DAG(s) 'example_sla_dag' retrieved from /home/airflow/.local/lib/python3.12/site-packages/airflow/example_dags/example_sla_dag.py
[2025-07-31T22:12:12.034+0000] {logging_mixin.py:188} INFO - [2025-07-31T22:12:12.034+0000] {dag.py:3096} INFO - Sync 1 DAGs
[2025-07-31T22:12:12.070+0000] {logging_mixin.py:188} INFO - [2025-07-31T22:12:12.069+0000] {dag.py:3954} INFO - Setting next_dagrun for example_sla_dag to 2025-07-31 22:10:00+00:00, run_after=2025-07-31 22:12:00+00:00
[2025-07-31T22:12:12.102+0000] {processor.py:183} INFO - Processing /home/airflow/.local/lib/python3.12/site-packages/airflow/example_dags/example_sla_dag.py took 0.129 seconds
[2025-07-31T22:12:42.338+0000] {processor.py:161} INFO - Started process (PID=13180) to work on /home/airflow/.local/lib/python3.12/site-packages/airflow/example_dags/example_sla_dag.py
[2025-07-31T22:12:42.340+0000] {processor.py:830} INFO - Processing file /home/airflow/.local/lib/python3.12/site-packages/airflow/example_dags/example_sla_dag.py for tasks to queue
[2025-07-31T22:12:42.342+0000] {logging_mixin.py:188} INFO - [2025-07-31T22:12:42.341+0000] {dagbag.py:545} INFO - Filling up the DagBag from /home/airflow/.local/lib/python3.12/site-packages/airflow/example_dags/example_sla_dag.py
[2025-07-31T22:12:42.361+0000] {processor.py:840} INFO - DAG(s) 'example_sla_dag' retrieved from /home/airflow/.local/lib/python3.12/site-packages/airflow/example_dags/example_sla_dag.py
[2025-07-31T22:12:42.403+0000] {logging_mixin.py:188} INFO - [2025-07-31T22:12:42.403+0000] {dag.py:3096} INFO - Sync 1 DAGs
[2025-07-31T22:12:42.440+0000] {logging_mixin.py:188} INFO - [2025-07-31T22:12:42.440+0000] {dag.py:3954} INFO - Setting next_dagrun for example_sla_dag to 2025-07-31 22:10:00+00:00, run_after=2025-07-31 22:12:00+00:00
[2025-07-31T22:12:42.473+0000] {processor.py:183} INFO - Processing /home/airflow/.local/lib/python3.12/site-packages/airflow/example_dags/example_sla_dag.py took 0.148 seconds
[2025-07-31T22:13:12.660+0000] {processor.py:161} INFO - Started process (PID=13238) to work on /home/airflow/.local/lib/python3.12/site-packages/airflow/example_dags/example_sla_dag.py
[2025-07-31T22:13:12.662+0000] {processor.py:830} INFO - Processing file /home/airflow/.local/lib/python3.12/site-packages/airflow/example_dags/example_sla_dag.py for tasks to queue
[2025-07-31T22:13:12.664+0000] {logging_mixin.py:188} INFO - [2025-07-31T22:13:12.663+0000] {dagbag.py:545} INFO - Filling up the DagBag from /home/airflow/.local/lib/python3.12/site-packages/airflow/example_dags/example_sla_dag.py
[2025-07-31T22:13:12.677+0000] {processor.py:840} INFO - DAG(s) 'example_sla_dag' retrieved from /home/airflow/.local/lib/python3.12/site-packages/airflow/example_dags/example_sla_dag.py
[2025-07-31T22:13:12.709+0000] {logging_mixin.py:188} INFO - [2025-07-31T22:13:12.708+0000] {dag.py:3096} INFO - Sync 1 DAGs
[2025-07-31T22:13:12.740+0000] {logging_mixin.py:188} INFO - [2025-07-31T22:13:12.740+0000] {dag.py:3954} INFO - Setting next_dagrun for example_sla_dag to 2025-07-31 22:10:00+00:00, run_after=2025-07-31 22:12:00+00:00
[2025-07-31T22:13:12.766+0000] {processor.py:183} INFO - Processing /home/airflow/.local/lib/python3.12/site-packages/airflow/example_dags/example_sla_dag.py took 0.115 seconds
[2025-07-31T22:13:43.521+0000] {processor.py:161} INFO - Started process (PID=13297) to work on /home/airflow/.local/lib/python3.12/site-packages/airflow/example_dags/example_sla_dag.py
[2025-07-31T22:13:43.523+0000] {processor.py:830} INFO - Processing file /home/airflow/.local/lib/python3.12/site-packages/airflow/example_dags/example_sla_dag.py for tasks to queue
[2025-07-31T22:13:43.525+0000] {logging_mixin.py:188} INFO - [2025-07-31T22:13:43.524+0000] {dagbag.py:545} INFO - Filling up the DagBag from /home/airflow/.local/lib/python3.12/site-packages/airflow/example_dags/example_sla_dag.py
[2025-07-31T22:13:43.540+0000] {processor.py:840} INFO - DAG(s) 'example_sla_dag' retrieved from /home/airflow/.local/lib/python3.12/site-packages/airflow/example_dags/example_sla_dag.py
[2025-07-31T22:13:43.578+0000] {logging_mixin.py:188} INFO - [2025-07-31T22:13:43.578+0000] {dag.py:3096} INFO - Sync 1 DAGs
[2025-07-31T22:13:43.619+0000] {logging_mixin.py:188} INFO - [2025-07-31T22:13:43.618+0000] {dag.py:3954} INFO - Setting next_dagrun for example_sla_dag to 2025-07-31 22:10:00+00:00, run_after=2025-07-31 22:12:00+00:00
[2025-07-31T22:13:43.648+0000] {processor.py:183} INFO - Processing /home/airflow/.local/lib/python3.12/site-packages/airflow/example_dags/example_sla_dag.py took 0.137 seconds
[2025-07-31T22:14:13.978+0000] {processor.py:161} INFO - Started process (PID=13355) to work on /home/airflow/.local/lib/python3.12/site-packages/airflow/example_dags/example_sla_dag.py
[2025-07-31T22:14:13.980+0000] {processor.py:830} INFO - Processing file /home/airflow/.local/lib/python3.12/site-packages/airflow/example_dags/example_sla_dag.py for tasks to queue
[2025-07-31T22:14:13.982+0000] {logging_mixin.py:188} INFO - [2025-07-31T22:14:13.981+0000] {dagbag.py:545} INFO - Filling up the DagBag from /home/airflow/.local/lib/python3.12/site-packages/airflow/example_dags/example_sla_dag.py
[2025-07-31T22:14:14.007+0000] {processor.py:840} INFO - DAG(s) 'example_sla_dag' retrieved from /home/airflow/.local/lib/python3.12/site-packages/airflow/example_dags/example_sla_dag.py
[2025-07-31T22:14:14.097+0000] {logging_mixin.py:188} INFO - [2025-07-31T22:14:14.096+0000] {dag.py:3096} INFO - Sync 1 DAGs
[2025-07-31T22:14:14.152+0000] {logging_mixin.py:188} INFO - [2025-07-31T22:14:14.152+0000] {dag.py:3954} INFO - Setting next_dagrun for example_sla_dag to 2025-07-31 22:12:00+00:00, run_after=2025-07-31 22:14:00+00:00
[2025-07-31T22:14:14.196+0000] {processor.py:183} INFO - Processing /home/airflow/.local/lib/python3.12/site-packages/airflow/example_dags/example_sla_dag.py took 0.230 seconds
[2025-07-31T22:14:44.343+0000] {processor.py:161} INFO - Started process (PID=13413) to work on /home/airflow/.local/lib/python3.12/site-packages/airflow/example_dags/example_sla_dag.py
[2025-07-31T22:14:44.345+0000] {processor.py:830} INFO - Processing file /home/airflow/.local/lib/python3.12/site-packages/airflow/example_dags/example_sla_dag.py for tasks to queue
[2025-07-31T22:14:44.347+0000] {logging_mixin.py:188} INFO - [2025-07-31T22:14:44.346+0000] {dagbag.py:545} INFO - Filling up the DagBag from /home/airflow/.local/lib/python3.12/site-packages/airflow/example_dags/example_sla_dag.py
[2025-07-31T22:14:44.361+0000] {processor.py:840} INFO - DAG(s) 'example_sla_dag' retrieved from /home/airflow/.local/lib/python3.12/site-packages/airflow/example_dags/example_sla_dag.py
[2025-07-31T22:14:44.397+0000] {logging_mixin.py:188} INFO - [2025-07-31T22:14:44.396+0000] {dag.py:3096} INFO - Sync 1 DAGs
[2025-07-31T22:14:44.430+0000] {logging_mixin.py:188} INFO - [2025-07-31T22:14:44.430+0000] {dag.py:3954} INFO - Setting next_dagrun for example_sla_dag to 2025-07-31 22:12:00+00:00, run_after=2025-07-31 22:14:00+00:00
[2025-07-31T22:14:44.466+0000] {processor.py:183} INFO - Processing /home/airflow/.local/lib/python3.12/site-packages/airflow/example_dags/example_sla_dag.py took 0.134 seconds
[2025-07-31T22:15:14.896+0000] {processor.py:161} INFO - Started process (PID=13471) to work on /home/airflow/.local/lib/python3.12/site-packages/airflow/example_dags/example_sla_dag.py
[2025-07-31T22:15:14.899+0000] {processor.py:830} INFO - Processing file /home/airflow/.local/lib/python3.12/site-packages/airflow/example_dags/example_sla_dag.py for tasks to queue
[2025-07-31T22:15:14.901+0000] {logging_mixin.py:188} INFO - [2025-07-31T22:15:14.900+0000] {dagbag.py:545} INFO - Filling up the DagBag from /home/airflow/.local/lib/python3.12/site-packages/airflow/example_dags/example_sla_dag.py
[2025-07-31T22:15:14.916+0000] {processor.py:840} INFO - DAG(s) 'example_sla_dag' retrieved from /home/airflow/.local/lib/python3.12/site-packages/airflow/example_dags/example_sla_dag.py
[2025-07-31T22:15:14.962+0000] {logging_mixin.py:188} INFO - [2025-07-31T22:15:14.961+0000] {dag.py:3096} INFO - Sync 1 DAGs
[2025-07-31T22:15:15.008+0000] {logging_mixin.py:188} INFO - [2025-07-31T22:15:15.008+0000] {dag.py:3954} INFO - Setting next_dagrun for example_sla_dag to 2025-07-31 22:12:00+00:00, run_after=2025-07-31 22:14:00+00:00
[2025-07-31T22:15:15.051+0000] {processor.py:183} INFO - Processing /home/airflow/.local/lib/python3.12/site-packages/airflow/example_dags/example_sla_dag.py took 0.169 seconds
[2025-07-31T22:15:45.184+0000] {processor.py:161} INFO - Started process (PID=13530) to work on /home/airflow/.local/lib/python3.12/site-packages/airflow/example_dags/example_sla_dag.py
[2025-07-31T22:15:45.186+0000] {processor.py:830} INFO - Processing file /home/airflow/.local/lib/python3.12/site-packages/airflow/example_dags/example_sla_dag.py for tasks to queue
[2025-07-31T22:15:45.187+0000] {logging_mixin.py:188} INFO - [2025-07-31T22:15:45.187+0000] {dagbag.py:545} INFO - Filling up the DagBag from /home/airflow/.local/lib/python3.12/site-packages/airflow/example_dags/example_sla_dag.py
[2025-07-31T22:15:45.202+0000] {processor.py:840} INFO - DAG(s) 'example_sla_dag' retrieved from /home/airflow/.local/lib/python3.12/site-packages/airflow/example_dags/example_sla_dag.py
[2025-07-31T22:15:45.238+0000] {logging_mixin.py:188} INFO - [2025-07-31T22:15:45.238+0000] {dag.py:3096} INFO - Sync 1 DAGs
[2025-07-31T22:15:45.273+0000] {logging_mixin.py:188} INFO - [2025-07-31T22:15:45.273+0000] {dag.py:3954} INFO - Setting next_dagrun for example_sla_dag to 2025-07-31 22:12:00+00:00, run_after=2025-07-31 22:14:00+00:00
[2025-07-31T22:15:45.301+0000] {processor.py:183} INFO - Processing /home/airflow/.local/lib/python3.12/site-packages/airflow/example_dags/example_sla_dag.py took 0.128 seconds
[2025-07-31T22:16:15.910+0000] {processor.py:161} INFO - Started process (PID=13588) to work on /home/airflow/.local/lib/python3.12/site-packages/airflow/example_dags/example_sla_dag.py
[2025-07-31T22:16:15.912+0000] {processor.py:830} INFO - Processing file /home/airflow/.local/lib/python3.12/site-packages/airflow/example_dags/example_sla_dag.py for tasks to queue
[2025-07-31T22:16:15.913+0000] {logging_mixin.py:188} INFO - [2025-07-31T22:16:15.913+0000] {dagbag.py:545} INFO - Filling up the DagBag from /home/airflow/.local/lib/python3.12/site-packages/airflow/example_dags/example_sla_dag.py
[2025-07-31T22:16:15.928+0000] {processor.py:840} INFO - DAG(s) 'example_sla_dag' retrieved from /home/airflow/.local/lib/python3.12/site-packages/airflow/example_dags/example_sla_dag.py
[2025-07-31T22:16:15.972+0000] {logging_mixin.py:188} INFO - [2025-07-31T22:16:15.971+0000] {dag.py:3096} INFO - Sync 1 DAGs
[2025-07-31T22:16:16.015+0000] {logging_mixin.py:188} INFO - [2025-07-31T22:16:16.014+0000] {dag.py:3954} INFO - Setting next_dagrun for example_sla_dag to 2025-07-31 22:14:00+00:00, run_after=2025-07-31 22:16:00+00:00
[2025-07-31T22:16:16.057+0000] {processor.py:183} INFO - Processing /home/airflow/.local/lib/python3.12/site-packages/airflow/example_dags/example_sla_dag.py took 0.158 seconds
[2025-07-31T22:16:47.078+0000] {processor.py:161} INFO - Started process (PID=13646) to work on /home/airflow/.local/lib/python3.12/site-packages/airflow/example_dags/example_sla_dag.py
[2025-07-31T22:16:47.080+0000] {processor.py:830} INFO - Processing file /home/airflow/.local/lib/python3.12/site-packages/airflow/example_dags/example_sla_dag.py for tasks to queue
[2025-07-31T22:16:47.082+0000] {logging_mixin.py:188} INFO - [2025-07-31T22:16:47.081+0000] {dagbag.py:545} INFO - Filling up the DagBag from /home/airflow/.local/lib/python3.12/site-packages/airflow/example_dags/example_sla_dag.py
[2025-07-31T22:16:47.094+0000] {processor.py:840} INFO - DAG(s) 'example_sla_dag' retrieved from /home/airflow/.local/lib/python3.12/site-packages/airflow/example_dags/example_sla_dag.py
[2025-07-31T22:16:47.130+0000] {logging_mixin.py:188} INFO - [2025-07-31T22:16:47.130+0000] {dag.py:3096} INFO - Sync 1 DAGs
[2025-07-31T22:16:47.169+0000] {logging_mixin.py:188} INFO - [2025-07-31T22:16:47.169+0000] {dag.py:3954} INFO - Setting next_dagrun for example_sla_dag to 2025-07-31 22:14:00+00:00, run_after=2025-07-31 22:16:00+00:00
[2025-07-31T22:16:47.209+0000] {processor.py:183} INFO - Processing /home/airflow/.local/lib/python3.12/site-packages/airflow/example_dags/example_sla_dag.py took 0.142 seconds
[2025-07-31T22:17:17.282+0000] {processor.py:161} INFO - Started process (PID=13704) to work on /home/airflow/.local/lib/python3.12/site-packages/airflow/example_dags/example_sla_dag.py
[2025-07-31T22:17:17.284+0000] {processor.py:830} INFO - Processing file /home/airflow/.local/lib/python3.12/site-packages/airflow/example_dags/example_sla_dag.py for tasks to queue
[2025-07-31T22:17:17.286+0000] {logging_mixin.py:188} INFO - [2025-07-31T22:17:17.285+0000] {dagbag.py:545} INFO - Filling up the DagBag from /home/airflow/.local/lib/python3.12/site-packages/airflow/example_dags/example_sla_dag.py
[2025-07-31T22:17:17.301+0000] {processor.py:840} INFO - DAG(s) 'example_sla_dag' retrieved from /home/airflow/.local/lib/python3.12/site-packages/airflow/example_dags/example_sla_dag.py
[2025-07-31T22:17:17.337+0000] {logging_mixin.py:188} INFO - [2025-07-31T22:17:17.336+0000] {dag.py:3096} INFO - Sync 1 DAGs
[2025-07-31T22:17:17.371+0000] {logging_mixin.py:188} INFO - [2025-07-31T22:17:17.370+0000] {dag.py:3954} INFO - Setting next_dagrun for example_sla_dag to 2025-07-31 22:14:00+00:00, run_after=2025-07-31 22:16:00+00:00
[2025-07-31T22:17:17.400+0000] {processor.py:183} INFO - Processing /home/airflow/.local/lib/python3.12/site-packages/airflow/example_dags/example_sla_dag.py took 0.126 seconds
[2025-07-31T22:17:48.104+0000] {processor.py:161} INFO - Started process (PID=13762) to work on /home/airflow/.local/lib/python3.12/site-packages/airflow/example_dags/example_sla_dag.py
[2025-07-31T22:17:48.106+0000] {processor.py:830} INFO - Processing file /home/airflow/.local/lib/python3.12/site-packages/airflow/example_dags/example_sla_dag.py for tasks to queue
[2025-07-31T22:17:48.108+0000] {logging_mixin.py:188} INFO - [2025-07-31T22:17:48.107+0000] {dagbag.py:545} INFO - Filling up the DagBag from /home/airflow/.local/lib/python3.12/site-packages/airflow/example_dags/example_sla_dag.py
[2025-07-31T22:17:48.128+0000] {processor.py:840} INFO - DAG(s) 'example_sla_dag' retrieved from /home/airflow/.local/lib/python3.12/site-packages/airflow/example_dags/example_sla_dag.py
[2025-07-31T22:17:48.180+0000] {logging_mixin.py:188} INFO - [2025-07-31T22:17:48.180+0000] {dag.py:3096} INFO - Sync 1 DAGs
[2025-07-31T22:17:48.228+0000] {logging_mixin.py:188} INFO - [2025-07-31T22:17:48.227+0000] {dag.py:3954} INFO - Setting next_dagrun for example_sla_dag to 2025-07-31 22:14:00+00:00, run_after=2025-07-31 22:16:00+00:00
[2025-07-31T22:17:48.266+0000] {processor.py:183} INFO - Processing /home/airflow/.local/lib/python3.12/site-packages/airflow/example_dags/example_sla_dag.py took 0.178 seconds
