[2025-07-31T03:25:16.477+0000] {processor.py:161} INFO - Started process (PID=12569) to work on /home/airflow/.local/lib/python3.12/site-packages/airflow/example_dags/example_skip_dag.py
[2025-07-31T03:25:16.479+0000] {processor.py:830} INFO - Processing file /home/airflow/.local/lib/python3.12/site-packages/airflow/example_dags/example_skip_dag.py for tasks to queue
[2025-07-31T03:25:16.480+0000] {logging_mixin.py:188} INFO - [2025-07-31T03:25:16.479+0000] {dagbag.py:545} INFO - Filling up the DagBag from /home/airflow/.local/lib/python3.12/site-packages/airflow/example_dags/example_skip_dag.py
[2025-07-31T03:25:16.489+0000] {processor.py:840} INFO - DAG(s) 'example_skip_dag' retrieved from /home/airflow/.local/lib/python3.12/site-packages/airflow/example_dags/example_skip_dag.py
[2025-07-31T03:25:16.523+0000] {logging_mixin.py:188} INFO - [2025-07-31T03:25:16.522+0000] {dag.py:3096} INFO - Sync 1 DAGs
[2025-07-31T03:25:16.558+0000] {logging_mixin.py:188} INFO - [2025-07-31T03:25:16.558+0000] {dag.py:3954} INFO - Setting next_dagrun for example_skip_dag to 2025-07-30 00:00:00+00:00, run_after=2025-07-31 00:00:00+00:00
[2025-07-31T03:25:17.059+0000] {processor.py:183} INFO - Processing /home/airflow/.local/lib/python3.12/site-packages/airflow/example_dags/example_skip_dag.py took 0.589 seconds
[2025-07-31T22:07:38.216+0000] {processor.py:161} INFO - Started process (PID=12602) to work on /home/airflow/.local/lib/python3.12/site-packages/airflow/example_dags/example_skip_dag.py
[2025-07-31T22:07:38.219+0000] {processor.py:830} INFO - Processing file /home/airflow/.local/lib/python3.12/site-packages/airflow/example_dags/example_skip_dag.py for tasks to queue
[2025-07-31T22:07:38.222+0000] {logging_mixin.py:188} INFO - [2025-07-31T22:07:38.221+0000] {dagbag.py:545} INFO - Filling up the DagBag from /home/airflow/.local/lib/python3.12/site-packages/airflow/example_dags/example_skip_dag.py
[2025-07-31T22:07:38.239+0000] {processor.py:840} INFO - DAG(s) 'example_skip_dag' retrieved from /home/airflow/.local/lib/python3.12/site-packages/airflow/example_dags/example_skip_dag.py
[2025-07-31T22:07:38.298+0000] {logging_mixin.py:188} INFO - [2025-07-31T22:07:38.298+0000] {dag.py:3096} INFO - Sync 1 DAGs
[2025-07-31T22:07:38.356+0000] {logging_mixin.py:188} INFO - [2025-07-31T22:07:38.355+0000] {dag.py:3954} INFO - Setting next_dagrun for example_skip_dag to 2025-07-30 00:00:00+00:00, run_after=2025-07-31 00:00:00+00:00
[2025-07-31T22:07:38.405+0000] {processor.py:183} INFO - Processing /home/airflow/.local/lib/python3.12/site-packages/airflow/example_dags/example_skip_dag.py took 0.206 seconds
[2025-07-31T22:08:08.963+0000] {processor.py:161} INFO - Started process (PID=12660) to work on /home/airflow/.local/lib/python3.12/site-packages/airflow/example_dags/example_skip_dag.py
[2025-07-31T22:08:08.965+0000] {processor.py:830} INFO - Processing file /home/airflow/.local/lib/python3.12/site-packages/airflow/example_dags/example_skip_dag.py for tasks to queue
[2025-07-31T22:08:08.966+0000] {logging_mixin.py:188} INFO - [2025-07-31T22:08:08.965+0000] {dagbag.py:545} INFO - Filling up the DagBag from /home/airflow/.local/lib/python3.12/site-packages/airflow/example_dags/example_skip_dag.py
[2025-07-31T22:08:08.975+0000] {processor.py:840} INFO - DAG(s) 'example_skip_dag' retrieved from /home/airflow/.local/lib/python3.12/site-packages/airflow/example_dags/example_skip_dag.py
[2025-07-31T22:08:09.003+0000] {logging_mixin.py:188} INFO - [2025-07-31T22:08:09.003+0000] {dag.py:3096} INFO - Sync 1 DAGs
[2025-07-31T22:08:09.029+0000] {logging_mixin.py:188} INFO - [2025-07-31T22:08:09.029+0000] {dag.py:3954} INFO - Setting next_dagrun for example_skip_dag to 2025-07-30 00:00:00+00:00, run_after=2025-07-31 00:00:00+00:00
[2025-07-31T22:08:09.052+0000] {processor.py:183} INFO - Processing /home/airflow/.local/lib/python3.12/site-packages/airflow/example_dags/example_skip_dag.py took 0.096 seconds
[2025-07-31T22:08:39.236+0000] {processor.py:161} INFO - Started process (PID=12719) to work on /home/airflow/.local/lib/python3.12/site-packages/airflow/example_dags/example_skip_dag.py
[2025-07-31T22:08:39.239+0000] {processor.py:830} INFO - Processing file /home/airflow/.local/lib/python3.12/site-packages/airflow/example_dags/example_skip_dag.py for tasks to queue
[2025-07-31T22:08:39.242+0000] {logging_mixin.py:188} INFO - [2025-07-31T22:08:39.241+0000] {dagbag.py:545} INFO - Filling up the DagBag from /home/airflow/.local/lib/python3.12/site-packages/airflow/example_dags/example_skip_dag.py
[2025-07-31T22:08:39.257+0000] {processor.py:840} INFO - DAG(s) 'example_skip_dag' retrieved from /home/airflow/.local/lib/python3.12/site-packages/airflow/example_dags/example_skip_dag.py
[2025-07-31T22:08:39.305+0000] {logging_mixin.py:188} INFO - [2025-07-31T22:08:39.304+0000] {dag.py:3096} INFO - Sync 1 DAGs
[2025-07-31T22:08:39.343+0000] {logging_mixin.py:188} INFO - [2025-07-31T22:08:39.343+0000] {dag.py:3954} INFO - Setting next_dagrun for example_skip_dag to 2025-07-30 00:00:00+00:00, run_after=2025-07-31 00:00:00+00:00
[2025-07-31T22:08:39.365+0000] {processor.py:183} INFO - Processing /home/airflow/.local/lib/python3.12/site-packages/airflow/example_dags/example_skip_dag.py took 0.144 seconds
[2025-07-31T22:09:09.662+0000] {processor.py:161} INFO - Started process (PID=12778) to work on /home/airflow/.local/lib/python3.12/site-packages/airflow/example_dags/example_skip_dag.py
[2025-07-31T22:09:09.664+0000] {processor.py:830} INFO - Processing file /home/airflow/.local/lib/python3.12/site-packages/airflow/example_dags/example_skip_dag.py for tasks to queue
[2025-07-31T22:09:09.665+0000] {logging_mixin.py:188} INFO - [2025-07-31T22:09:09.665+0000] {dagbag.py:545} INFO - Filling up the DagBag from /home/airflow/.local/lib/python3.12/site-packages/airflow/example_dags/example_skip_dag.py
[2025-07-31T22:09:09.676+0000] {processor.py:840} INFO - DAG(s) 'example_skip_dag' retrieved from /home/airflow/.local/lib/python3.12/site-packages/airflow/example_dags/example_skip_dag.py
[2025-07-31T22:09:09.712+0000] {logging_mixin.py:188} INFO - [2025-07-31T22:09:09.712+0000] {dag.py:3096} INFO - Sync 1 DAGs
[2025-07-31T22:09:09.742+0000] {logging_mixin.py:188} INFO - [2025-07-31T22:09:09.742+0000] {dag.py:3954} INFO - Setting next_dagrun for example_skip_dag to 2025-07-30 00:00:00+00:00, run_after=2025-07-31 00:00:00+00:00
[2025-07-31T22:09:09.773+0000] {processor.py:183} INFO - Processing /home/airflow/.local/lib/python3.12/site-packages/airflow/example_dags/example_skip_dag.py took 0.120 seconds
[2025-07-31T22:09:40.287+0000] {processor.py:161} INFO - Started process (PID=12837) to work on /home/airflow/.local/lib/python3.12/site-packages/airflow/example_dags/example_skip_dag.py
[2025-07-31T22:09:40.288+0000] {processor.py:830} INFO - Processing file /home/airflow/.local/lib/python3.12/site-packages/airflow/example_dags/example_skip_dag.py for tasks to queue
[2025-07-31T22:09:40.290+0000] {logging_mixin.py:188} INFO - [2025-07-31T22:09:40.289+0000] {dagbag.py:545} INFO - Filling up the DagBag from /home/airflow/.local/lib/python3.12/site-packages/airflow/example_dags/example_skip_dag.py
[2025-07-31T22:09:40.301+0000] {processor.py:840} INFO - DAG(s) 'example_skip_dag' retrieved from /home/airflow/.local/lib/python3.12/site-packages/airflow/example_dags/example_skip_dag.py
[2025-07-31T22:09:40.337+0000] {logging_mixin.py:188} INFO - [2025-07-31T22:09:40.337+0000] {dag.py:3096} INFO - Sync 1 DAGs
[2025-07-31T22:09:40.374+0000] {logging_mixin.py:188} INFO - [2025-07-31T22:09:40.373+0000] {dag.py:3954} INFO - Setting next_dagrun for example_skip_dag to 2025-07-30 00:00:00+00:00, run_after=2025-07-31 00:00:00+00:00
[2025-07-31T22:09:40.403+0000] {processor.py:183} INFO - Processing /home/airflow/.local/lib/python3.12/site-packages/airflow/example_dags/example_skip_dag.py took 0.127 seconds
[2025-07-31T22:10:11.327+0000] {processor.py:161} INFO - Started process (PID=12895) to work on /home/airflow/.local/lib/python3.12/site-packages/airflow/example_dags/example_skip_dag.py
[2025-07-31T22:10:11.329+0000] {processor.py:830} INFO - Processing file /home/airflow/.local/lib/python3.12/site-packages/airflow/example_dags/example_skip_dag.py for tasks to queue
[2025-07-31T22:10:11.332+0000] {logging_mixin.py:188} INFO - [2025-07-31T22:10:11.331+0000] {dagbag.py:545} INFO - Filling up the DagBag from /home/airflow/.local/lib/python3.12/site-packages/airflow/example_dags/example_skip_dag.py
[2025-07-31T22:10:11.346+0000] {processor.py:840} INFO - DAG(s) 'example_skip_dag' retrieved from /home/airflow/.local/lib/python3.12/site-packages/airflow/example_dags/example_skip_dag.py
[2025-07-31T22:10:11.391+0000] {logging_mixin.py:188} INFO - [2025-07-31T22:10:11.390+0000] {dag.py:3096} INFO - Sync 1 DAGs
[2025-07-31T22:10:11.429+0000] {logging_mixin.py:188} INFO - [2025-07-31T22:10:11.428+0000] {dag.py:3954} INFO - Setting next_dagrun for example_skip_dag to 2025-07-30 00:00:00+00:00, run_after=2025-07-31 00:00:00+00:00
[2025-07-31T22:10:11.468+0000] {processor.py:183} INFO - Processing /home/airflow/.local/lib/python3.12/site-packages/airflow/example_dags/example_skip_dag.py took 0.152 seconds
[2025-07-31T22:10:41.651+0000] {processor.py:161} INFO - Started process (PID=12953) to work on /home/airflow/.local/lib/python3.12/site-packages/airflow/example_dags/example_skip_dag.py
[2025-07-31T22:10:41.653+0000] {processor.py:830} INFO - Processing file /home/airflow/.local/lib/python3.12/site-packages/airflow/example_dags/example_skip_dag.py for tasks to queue
[2025-07-31T22:10:41.655+0000] {logging_mixin.py:188} INFO - [2025-07-31T22:10:41.655+0000] {dagbag.py:545} INFO - Filling up the DagBag from /home/airflow/.local/lib/python3.12/site-packages/airflow/example_dags/example_skip_dag.py
[2025-07-31T22:10:41.667+0000] {processor.py:840} INFO - DAG(s) 'example_skip_dag' retrieved from /home/airflow/.local/lib/python3.12/site-packages/airflow/example_dags/example_skip_dag.py
[2025-07-31T22:10:41.705+0000] {logging_mixin.py:188} INFO - [2025-07-31T22:10:41.705+0000] {dag.py:3096} INFO - Sync 1 DAGs
[2025-07-31T22:10:41.739+0000] {logging_mixin.py:188} INFO - [2025-07-31T22:10:41.739+0000] {dag.py:3954} INFO - Setting next_dagrun for example_skip_dag to 2025-07-30 00:00:00+00:00, run_after=2025-07-31 00:00:00+00:00
[2025-07-31T22:10:41.774+0000] {processor.py:183} INFO - Processing /home/airflow/.local/lib/python3.12/site-packages/airflow/example_dags/example_skip_dag.py took 0.133 seconds
[2025-07-31T22:11:12.162+0000] {processor.py:161} INFO - Started process (PID=13011) to work on /home/airflow/.local/lib/python3.12/site-packages/airflow/example_dags/example_skip_dag.py
[2025-07-31T22:11:12.164+0000] {processor.py:830} INFO - Processing file /home/airflow/.local/lib/python3.12/site-packages/airflow/example_dags/example_skip_dag.py for tasks to queue
[2025-07-31T22:11:12.166+0000] {logging_mixin.py:188} INFO - [2025-07-31T22:11:12.165+0000] {dagbag.py:545} INFO - Filling up the DagBag from /home/airflow/.local/lib/python3.12/site-packages/airflow/example_dags/example_skip_dag.py
[2025-07-31T22:11:12.179+0000] {processor.py:840} INFO - DAG(s) 'example_skip_dag' retrieved from /home/airflow/.local/lib/python3.12/site-packages/airflow/example_dags/example_skip_dag.py
[2025-07-31T22:11:12.220+0000] {logging_mixin.py:188} INFO - [2025-07-31T22:11:12.220+0000] {dag.py:3096} INFO - Sync 1 DAGs
[2025-07-31T22:11:12.261+0000] {logging_mixin.py:188} INFO - [2025-07-31T22:11:12.261+0000] {dag.py:3954} INFO - Setting next_dagrun for example_skip_dag to 2025-07-30 00:00:00+00:00, run_after=2025-07-31 00:00:00+00:00
[2025-07-31T22:11:12.295+0000] {processor.py:183} INFO - Processing /home/airflow/.local/lib/python3.12/site-packages/airflow/example_dags/example_skip_dag.py took 0.145 seconds
[2025-07-31T22:11:42.601+0000] {processor.py:161} INFO - Started process (PID=13069) to work on /home/airflow/.local/lib/python3.12/site-packages/airflow/example_dags/example_skip_dag.py
[2025-07-31T22:11:42.604+0000] {processor.py:830} INFO - Processing file /home/airflow/.local/lib/python3.12/site-packages/airflow/example_dags/example_skip_dag.py for tasks to queue
[2025-07-31T22:11:42.606+0000] {logging_mixin.py:188} INFO - [2025-07-31T22:11:42.605+0000] {dagbag.py:545} INFO - Filling up the DagBag from /home/airflow/.local/lib/python3.12/site-packages/airflow/example_dags/example_skip_dag.py
[2025-07-31T22:11:42.619+0000] {processor.py:840} INFO - DAG(s) 'example_skip_dag' retrieved from /home/airflow/.local/lib/python3.12/site-packages/airflow/example_dags/example_skip_dag.py
[2025-07-31T22:11:42.659+0000] {logging_mixin.py:188} INFO - [2025-07-31T22:11:42.658+0000] {dag.py:3096} INFO - Sync 1 DAGs
[2025-07-31T22:11:42.699+0000] {logging_mixin.py:188} INFO - [2025-07-31T22:11:42.699+0000] {dag.py:3954} INFO - Setting next_dagrun for example_skip_dag to 2025-07-30 00:00:00+00:00, run_after=2025-07-31 00:00:00+00:00
[2025-07-31T22:11:42.730+0000] {processor.py:183} INFO - Processing /home/airflow/.local/lib/python3.12/site-packages/airflow/example_dags/example_skip_dag.py took 0.140 seconds
[2025-07-31T22:12:13.631+0000] {processor.py:161} INFO - Started process (PID=13127) to work on /home/airflow/.local/lib/python3.12/site-packages/airflow/example_dags/example_skip_dag.py
[2025-07-31T22:12:13.634+0000] {processor.py:830} INFO - Processing file /home/airflow/.local/lib/python3.12/site-packages/airflow/example_dags/example_skip_dag.py for tasks to queue
[2025-07-31T22:12:13.636+0000] {logging_mixin.py:188} INFO - [2025-07-31T22:12:13.635+0000] {dagbag.py:545} INFO - Filling up the DagBag from /home/airflow/.local/lib/python3.12/site-packages/airflow/example_dags/example_skip_dag.py
[2025-07-31T22:12:13.660+0000] {processor.py:840} INFO - DAG(s) 'example_skip_dag' retrieved from /home/airflow/.local/lib/python3.12/site-packages/airflow/example_dags/example_skip_dag.py
[2025-07-31T22:12:13.703+0000] {logging_mixin.py:188} INFO - [2025-07-31T22:12:13.703+0000] {dag.py:3096} INFO - Sync 1 DAGs
[2025-07-31T22:12:13.746+0000] {logging_mixin.py:188} INFO - [2025-07-31T22:12:13.745+0000] {dag.py:3954} INFO - Setting next_dagrun for example_skip_dag to 2025-07-30 00:00:00+00:00, run_after=2025-07-31 00:00:00+00:00
[2025-07-31T22:12:13.777+0000] {processor.py:183} INFO - Processing /home/airflow/.local/lib/python3.12/site-packages/airflow/example_dags/example_skip_dag.py took 0.159 seconds
[2025-07-31T22:12:43.978+0000] {processor.py:161} INFO - Started process (PID=13185) to work on /home/airflow/.local/lib/python3.12/site-packages/airflow/example_dags/example_skip_dag.py
[2025-07-31T22:12:43.980+0000] {processor.py:830} INFO - Processing file /home/airflow/.local/lib/python3.12/site-packages/airflow/example_dags/example_skip_dag.py for tasks to queue
[2025-07-31T22:12:43.981+0000] {logging_mixin.py:188} INFO - [2025-07-31T22:12:43.981+0000] {dagbag.py:545} INFO - Filling up the DagBag from /home/airflow/.local/lib/python3.12/site-packages/airflow/example_dags/example_skip_dag.py
[2025-07-31T22:12:43.994+0000] {processor.py:840} INFO - DAG(s) 'example_skip_dag' retrieved from /home/airflow/.local/lib/python3.12/site-packages/airflow/example_dags/example_skip_dag.py
[2025-07-31T22:12:44.027+0000] {logging_mixin.py:188} INFO - [2025-07-31T22:12:44.026+0000] {dag.py:3096} INFO - Sync 1 DAGs
[2025-07-31T22:12:44.060+0000] {logging_mixin.py:188} INFO - [2025-07-31T22:12:44.060+0000] {dag.py:3954} INFO - Setting next_dagrun for example_skip_dag to 2025-07-30 00:00:00+00:00, run_after=2025-07-31 00:00:00+00:00
[2025-07-31T22:12:44.092+0000] {processor.py:183} INFO - Processing /home/airflow/.local/lib/python3.12/site-packages/airflow/example_dags/example_skip_dag.py took 0.125 seconds
[2025-07-31T22:13:14.248+0000] {processor.py:161} INFO - Started process (PID=13243) to work on /home/airflow/.local/lib/python3.12/site-packages/airflow/example_dags/example_skip_dag.py
[2025-07-31T22:13:14.250+0000] {processor.py:830} INFO - Processing file /home/airflow/.local/lib/python3.12/site-packages/airflow/example_dags/example_skip_dag.py for tasks to queue
[2025-07-31T22:13:14.252+0000] {logging_mixin.py:188} INFO - [2025-07-31T22:13:14.251+0000] {dagbag.py:545} INFO - Filling up the DagBag from /home/airflow/.local/lib/python3.12/site-packages/airflow/example_dags/example_skip_dag.py
[2025-07-31T22:13:14.261+0000] {processor.py:840} INFO - DAG(s) 'example_skip_dag' retrieved from /home/airflow/.local/lib/python3.12/site-packages/airflow/example_dags/example_skip_dag.py
[2025-07-31T22:13:14.295+0000] {logging_mixin.py:188} INFO - [2025-07-31T22:13:14.294+0000] {dag.py:3096} INFO - Sync 1 DAGs
[2025-07-31T22:13:14.326+0000] {logging_mixin.py:188} INFO - [2025-07-31T22:13:14.326+0000] {dag.py:3954} INFO - Setting next_dagrun for example_skip_dag to 2025-07-30 00:00:00+00:00, run_after=2025-07-31 00:00:00+00:00
[2025-07-31T22:13:14.360+0000] {processor.py:183} INFO - Processing /home/airflow/.local/lib/python3.12/site-packages/airflow/example_dags/example_skip_dag.py took 0.121 seconds
[2025-07-31T22:13:44.919+0000] {processor.py:161} INFO - Started process (PID=13302) to work on /home/airflow/.local/lib/python3.12/site-packages/airflow/example_dags/example_skip_dag.py
[2025-07-31T22:13:44.921+0000] {processor.py:830} INFO - Processing file /home/airflow/.local/lib/python3.12/site-packages/airflow/example_dags/example_skip_dag.py for tasks to queue
[2025-07-31T22:13:44.922+0000] {logging_mixin.py:188} INFO - [2025-07-31T22:13:44.922+0000] {dagbag.py:545} INFO - Filling up the DagBag from /home/airflow/.local/lib/python3.12/site-packages/airflow/example_dags/example_skip_dag.py
[2025-07-31T22:13:44.934+0000] {processor.py:840} INFO - DAG(s) 'example_skip_dag' retrieved from /home/airflow/.local/lib/python3.12/site-packages/airflow/example_dags/example_skip_dag.py
[2025-07-31T22:13:44.969+0000] {logging_mixin.py:188} INFO - [2025-07-31T22:13:44.969+0000] {dag.py:3096} INFO - Sync 1 DAGs
[2025-07-31T22:13:44.998+0000] {logging_mixin.py:188} INFO - [2025-07-31T22:13:44.997+0000] {dag.py:3954} INFO - Setting next_dagrun for example_skip_dag to 2025-07-30 00:00:00+00:00, run_after=2025-07-31 00:00:00+00:00
[2025-07-31T22:13:45.025+0000] {processor.py:183} INFO - Processing /home/airflow/.local/lib/python3.12/site-packages/airflow/example_dags/example_skip_dag.py took 0.117 seconds
[2025-07-31T22:14:15.488+0000] {processor.py:161} INFO - Started process (PID=13360) to work on /home/airflow/.local/lib/python3.12/site-packages/airflow/example_dags/example_skip_dag.py
[2025-07-31T22:14:15.490+0000] {processor.py:830} INFO - Processing file /home/airflow/.local/lib/python3.12/site-packages/airflow/example_dags/example_skip_dag.py for tasks to queue
[2025-07-31T22:14:15.491+0000] {logging_mixin.py:188} INFO - [2025-07-31T22:14:15.491+0000] {dagbag.py:545} INFO - Filling up the DagBag from /home/airflow/.local/lib/python3.12/site-packages/airflow/example_dags/example_skip_dag.py
[2025-07-31T22:14:15.507+0000] {processor.py:840} INFO - DAG(s) 'example_skip_dag' retrieved from /home/airflow/.local/lib/python3.12/site-packages/airflow/example_dags/example_skip_dag.py
[2025-07-31T22:14:15.555+0000] {logging_mixin.py:188} INFO - [2025-07-31T22:14:15.555+0000] {dag.py:3096} INFO - Sync 1 DAGs
[2025-07-31T22:14:15.598+0000] {logging_mixin.py:188} INFO - [2025-07-31T22:14:15.598+0000] {dag.py:3954} INFO - Setting next_dagrun for example_skip_dag to 2025-07-30 00:00:00+00:00, run_after=2025-07-31 00:00:00+00:00
[2025-07-31T22:14:15.628+0000] {processor.py:183} INFO - Processing /home/airflow/.local/lib/python3.12/site-packages/airflow/example_dags/example_skip_dag.py took 0.150 seconds
[2025-07-31T22:14:45.743+0000] {processor.py:161} INFO - Started process (PID=13418) to work on /home/airflow/.local/lib/python3.12/site-packages/airflow/example_dags/example_skip_dag.py
[2025-07-31T22:14:45.745+0000] {processor.py:830} INFO - Processing file /home/airflow/.local/lib/python3.12/site-packages/airflow/example_dags/example_skip_dag.py for tasks to queue
[2025-07-31T22:14:45.747+0000] {logging_mixin.py:188} INFO - [2025-07-31T22:14:45.746+0000] {dagbag.py:545} INFO - Filling up the DagBag from /home/airflow/.local/lib/python3.12/site-packages/airflow/example_dags/example_skip_dag.py
[2025-07-31T22:14:45.757+0000] {processor.py:840} INFO - DAG(s) 'example_skip_dag' retrieved from /home/airflow/.local/lib/python3.12/site-packages/airflow/example_dags/example_skip_dag.py
[2025-07-31T22:14:45.790+0000] {logging_mixin.py:188} INFO - [2025-07-31T22:14:45.790+0000] {dag.py:3096} INFO - Sync 1 DAGs
[2025-07-31T22:14:45.819+0000] {logging_mixin.py:188} INFO - [2025-07-31T22:14:45.819+0000] {dag.py:3954} INFO - Setting next_dagrun for example_skip_dag to 2025-07-30 00:00:00+00:00, run_after=2025-07-31 00:00:00+00:00
[2025-07-31T22:14:45.856+0000] {processor.py:183} INFO - Processing /home/airflow/.local/lib/python3.12/site-packages/airflow/example_dags/example_skip_dag.py took 0.123 seconds
[2025-07-31T22:15:16.389+0000] {processor.py:161} INFO - Started process (PID=13476) to work on /home/airflow/.local/lib/python3.12/site-packages/airflow/example_dags/example_skip_dag.py
[2025-07-31T22:15:16.391+0000] {processor.py:830} INFO - Processing file /home/airflow/.local/lib/python3.12/site-packages/airflow/example_dags/example_skip_dag.py for tasks to queue
[2025-07-31T22:15:16.393+0000] {logging_mixin.py:188} INFO - [2025-07-31T22:15:16.392+0000] {dagbag.py:545} INFO - Filling up the DagBag from /home/airflow/.local/lib/python3.12/site-packages/airflow/example_dags/example_skip_dag.py
[2025-07-31T22:15:16.405+0000] {processor.py:840} INFO - DAG(s) 'example_skip_dag' retrieved from /home/airflow/.local/lib/python3.12/site-packages/airflow/example_dags/example_skip_dag.py
[2025-07-31T22:15:16.449+0000] {logging_mixin.py:188} INFO - [2025-07-31T22:15:16.448+0000] {dag.py:3096} INFO - Sync 1 DAGs
[2025-07-31T22:15:16.486+0000] {logging_mixin.py:188} INFO - [2025-07-31T22:15:16.486+0000] {dag.py:3954} INFO - Setting next_dagrun for example_skip_dag to 2025-07-30 00:00:00+00:00, run_after=2025-07-31 00:00:00+00:00
[2025-07-31T22:15:16.518+0000] {processor.py:183} INFO - Processing /home/airflow/.local/lib/python3.12/site-packages/airflow/example_dags/example_skip_dag.py took 0.139 seconds
[2025-07-31T22:15:47.427+0000] {processor.py:161} INFO - Started process (PID=13535) to work on /home/airflow/.local/lib/python3.12/site-packages/airflow/example_dags/example_skip_dag.py
[2025-07-31T22:15:47.429+0000] {processor.py:830} INFO - Processing file /home/airflow/.local/lib/python3.12/site-packages/airflow/example_dags/example_skip_dag.py for tasks to queue
[2025-07-31T22:15:47.430+0000] {logging_mixin.py:188} INFO - [2025-07-31T22:15:47.430+0000] {dagbag.py:545} INFO - Filling up the DagBag from /home/airflow/.local/lib/python3.12/site-packages/airflow/example_dags/example_skip_dag.py
[2025-07-31T22:15:47.441+0000] {processor.py:840} INFO - DAG(s) 'example_skip_dag' retrieved from /home/airflow/.local/lib/python3.12/site-packages/airflow/example_dags/example_skip_dag.py
[2025-07-31T22:15:47.480+0000] {logging_mixin.py:188} INFO - [2025-07-31T22:15:47.479+0000] {dag.py:3096} INFO - Sync 1 DAGs
[2025-07-31T22:15:47.510+0000] {logging_mixin.py:188} INFO - [2025-07-31T22:15:47.510+0000] {dag.py:3954} INFO - Setting next_dagrun for example_skip_dag to 2025-07-30 00:00:00+00:00, run_after=2025-07-31 00:00:00+00:00
[2025-07-31T22:15:47.549+0000] {processor.py:183} INFO - Processing /home/airflow/.local/lib/python3.12/site-packages/airflow/example_dags/example_skip_dag.py took 0.131 seconds
[2025-07-31T22:16:18.208+0000] {processor.py:161} INFO - Started process (PID=13593) to work on /home/airflow/.local/lib/python3.12/site-packages/airflow/example_dags/example_skip_dag.py
[2025-07-31T22:16:18.210+0000] {processor.py:830} INFO - Processing file /home/airflow/.local/lib/python3.12/site-packages/airflow/example_dags/example_skip_dag.py for tasks to queue
[2025-07-31T22:16:18.212+0000] {logging_mixin.py:188} INFO - [2025-07-31T22:16:18.211+0000] {dagbag.py:545} INFO - Filling up the DagBag from /home/airflow/.local/lib/python3.12/site-packages/airflow/example_dags/example_skip_dag.py
[2025-07-31T22:16:18.224+0000] {processor.py:840} INFO - DAG(s) 'example_skip_dag' retrieved from /home/airflow/.local/lib/python3.12/site-packages/airflow/example_dags/example_skip_dag.py
[2025-07-31T22:16:18.265+0000] {logging_mixin.py:188} INFO - [2025-07-31T22:16:18.265+0000] {dag.py:3096} INFO - Sync 1 DAGs
[2025-07-31T22:16:18.300+0000] {logging_mixin.py:188} INFO - [2025-07-31T22:16:18.300+0000] {dag.py:3954} INFO - Setting next_dagrun for example_skip_dag to 2025-07-30 00:00:00+00:00, run_after=2025-07-31 00:00:00+00:00
[2025-07-31T22:16:18.339+0000] {processor.py:183} INFO - Processing /home/airflow/.local/lib/python3.12/site-packages/airflow/example_dags/example_skip_dag.py took 0.142 seconds
[2025-07-31T22:16:49.320+0000] {processor.py:161} INFO - Started process (PID=13651) to work on /home/airflow/.local/lib/python3.12/site-packages/airflow/example_dags/example_skip_dag.py
[2025-07-31T22:16:49.329+0000] {processor.py:830} INFO - Processing file /home/airflow/.local/lib/python3.12/site-packages/airflow/example_dags/example_skip_dag.py for tasks to queue
[2025-07-31T22:16:49.331+0000] {logging_mixin.py:188} INFO - [2025-07-31T22:16:49.330+0000] {dagbag.py:545} INFO - Filling up the DagBag from /home/airflow/.local/lib/python3.12/site-packages/airflow/example_dags/example_skip_dag.py
[2025-07-31T22:16:49.344+0000] {processor.py:840} INFO - DAG(s) 'example_skip_dag' retrieved from /home/airflow/.local/lib/python3.12/site-packages/airflow/example_dags/example_skip_dag.py
[2025-07-31T22:16:49.392+0000] {logging_mixin.py:188} INFO - [2025-07-31T22:16:49.391+0000] {dag.py:3096} INFO - Sync 1 DAGs
[2025-07-31T22:16:49.428+0000] {logging_mixin.py:188} INFO - [2025-07-31T22:16:49.427+0000] {dag.py:3954} INFO - Setting next_dagrun for example_skip_dag to 2025-07-30 00:00:00+00:00, run_after=2025-07-31 00:00:00+00:00
[2025-07-31T22:16:49.454+0000] {processor.py:183} INFO - Processing /home/airflow/.local/lib/python3.12/site-packages/airflow/example_dags/example_skip_dag.py took 0.145 seconds
[2025-07-31T22:17:19.555+0000] {processor.py:161} INFO - Started process (PID=13709) to work on /home/airflow/.local/lib/python3.12/site-packages/airflow/example_dags/example_skip_dag.py
[2025-07-31T22:17:19.558+0000] {processor.py:830} INFO - Processing file /home/airflow/.local/lib/python3.12/site-packages/airflow/example_dags/example_skip_dag.py for tasks to queue
[2025-07-31T22:17:19.560+0000] {logging_mixin.py:188} INFO - [2025-07-31T22:17:19.559+0000] {dagbag.py:545} INFO - Filling up the DagBag from /home/airflow/.local/lib/python3.12/site-packages/airflow/example_dags/example_skip_dag.py
[2025-07-31T22:17:19.576+0000] {processor.py:840} INFO - DAG(s) 'example_skip_dag' retrieved from /home/airflow/.local/lib/python3.12/site-packages/airflow/example_dags/example_skip_dag.py
[2025-07-31T22:17:19.622+0000] {logging_mixin.py:188} INFO - [2025-07-31T22:17:19.622+0000] {dag.py:3096} INFO - Sync 1 DAGs
[2025-07-31T22:17:19.658+0000] {logging_mixin.py:188} INFO - [2025-07-31T22:17:19.658+0000] {dag.py:3954} INFO - Setting next_dagrun for example_skip_dag to 2025-07-30 00:00:00+00:00, run_after=2025-07-31 00:00:00+00:00
[2025-07-31T22:17:19.688+0000] {processor.py:183} INFO - Processing /home/airflow/.local/lib/python3.12/site-packages/airflow/example_dags/example_skip_dag.py took 0.147 seconds
[2025-07-31T22:17:50.428+0000] {processor.py:161} INFO - Started process (PID=13767) to work on /home/airflow/.local/lib/python3.12/site-packages/airflow/example_dags/example_skip_dag.py
[2025-07-31T22:17:50.430+0000] {processor.py:830} INFO - Processing file /home/airflow/.local/lib/python3.12/site-packages/airflow/example_dags/example_skip_dag.py for tasks to queue
[2025-07-31T22:17:50.432+0000] {logging_mixin.py:188} INFO - [2025-07-31T22:17:50.431+0000] {dagbag.py:545} INFO - Filling up the DagBag from /home/airflow/.local/lib/python3.12/site-packages/airflow/example_dags/example_skip_dag.py
[2025-07-31T22:17:50.446+0000] {processor.py:840} INFO - DAG(s) 'example_skip_dag' retrieved from /home/airflow/.local/lib/python3.12/site-packages/airflow/example_dags/example_skip_dag.py
[2025-07-31T22:17:50.488+0000] {logging_mixin.py:188} INFO - [2025-07-31T22:17:50.488+0000] {dag.py:3096} INFO - Sync 1 DAGs
[2025-07-31T22:17:50.528+0000] {logging_mixin.py:188} INFO - [2025-07-31T22:17:50.528+0000] {dag.py:3954} INFO - Setting next_dagrun for example_skip_dag to 2025-07-30 00:00:00+00:00, run_after=2025-07-31 00:00:00+00:00
[2025-07-31T22:17:50.561+0000] {processor.py:183} INFO - Processing /home/airflow/.local/lib/python3.12/site-packages/airflow/example_dags/example_skip_dag.py took 0.145 seconds
