[2025-07-31T03:25:12.703+0000] {processor.py:161} INFO - Started process (PID=12534) to work on /home/airflow/.local/lib/python3.12/site-packages/airflow/example_dags/example_python_decorator.py
[2025-07-31T03:25:12.706+0000] {processor.py:830} INFO - Processing file /home/airflow/.local/lib/python3.12/site-packages/airflow/example_dags/example_python_decorator.py for tasks to queue
[2025-07-31T03:25:12.709+0000] {logging_mixin.py:188} INFO - [2025-07-31T03:25:12.708+0000] {dagbag.py:545} INFO - Filling up the DagBag from /home/airflow/.local/lib/python3.12/site-packages/airflow/example_dags/example_python_decorator.py
[2025-07-31T03:25:12.749+0000] {processor.py:840} INFO - DAG(s) 'example_python_decorator' retrieved from /home/airflow/.local/lib/python3.12/site-packages/airflow/example_dags/example_python_decorator.py
[2025-07-31T03:25:12.819+0000] {logging_mixin.py:188} INFO - [2025-07-31T03:25:12.818+0000] {dag.py:3096} INFO - Sync 1 DAGs
[2025-07-31T03:25:12.845+0000] {logging_mixin.py:188} INFO - [2025-07-31T03:25:12.844+0000] {dag.py:3954} INFO - Setting next_dagrun for example_python_decorator to None, run_after=None
[2025-07-31T03:25:12.912+0000] {processor.py:183} INFO - Processing /home/airflow/.local/lib/python3.12/site-packages/airflow/example_dags/example_python_decorator.py took 0.223 seconds
[2025-07-31T22:07:40.402+0000] {processor.py:161} INFO - Started process (PID=12615) to work on /home/airflow/.local/lib/python3.12/site-packages/airflow/example_dags/example_python_decorator.py
[2025-07-31T22:07:40.405+0000] {processor.py:830} INFO - Processing file /home/airflow/.local/lib/python3.12/site-packages/airflow/example_dags/example_python_decorator.py for tasks to queue
[2025-07-31T22:07:40.407+0000] {logging_mixin.py:188} INFO - [2025-07-31T22:07:40.406+0000] {dagbag.py:545} INFO - Filling up the DagBag from /home/airflow/.local/lib/python3.12/site-packages/airflow/example_dags/example_python_decorator.py
[2025-07-31T22:07:40.442+0000] {processor.py:840} INFO - DAG(s) 'example_python_decorator' retrieved from /home/airflow/.local/lib/python3.12/site-packages/airflow/example_dags/example_python_decorator.py
[2025-07-31T22:07:40.507+0000] {logging_mixin.py:188} INFO - [2025-07-31T22:07:40.506+0000] {dag.py:3096} INFO - Sync 1 DAGs
[2025-07-31T22:07:40.545+0000] {logging_mixin.py:188} INFO - [2025-07-31T22:07:40.544+0000] {dag.py:3954} INFO - Setting next_dagrun for example_python_decorator to None, run_after=None
[2025-07-31T22:07:40.602+0000] {processor.py:183} INFO - Processing /home/airflow/.local/lib/python3.12/site-packages/airflow/example_dags/example_python_decorator.py took 0.220 seconds
[2025-07-31T22:08:11.292+0000] {processor.py:161} INFO - Started process (PID=12673) to work on /home/airflow/.local/lib/python3.12/site-packages/airflow/example_dags/example_python_decorator.py
[2025-07-31T22:08:11.293+0000] {processor.py:830} INFO - Processing file /home/airflow/.local/lib/python3.12/site-packages/airflow/example_dags/example_python_decorator.py for tasks to queue
[2025-07-31T22:08:11.295+0000] {logging_mixin.py:188} INFO - [2025-07-31T22:08:11.294+0000] {dagbag.py:545} INFO - Filling up the DagBag from /home/airflow/.local/lib/python3.12/site-packages/airflow/example_dags/example_python_decorator.py
[2025-07-31T22:08:11.311+0000] {processor.py:840} INFO - DAG(s) 'example_python_decorator' retrieved from /home/airflow/.local/lib/python3.12/site-packages/airflow/example_dags/example_python_decorator.py
[2025-07-31T22:08:11.343+0000] {logging_mixin.py:188} INFO - [2025-07-31T22:08:11.342+0000] {dag.py:3096} INFO - Sync 1 DAGs
[2025-07-31T22:08:11.362+0000] {logging_mixin.py:188} INFO - [2025-07-31T22:08:11.361+0000] {dag.py:3954} INFO - Setting next_dagrun for example_python_decorator to None, run_after=None
[2025-07-31T22:08:11.393+0000] {processor.py:183} INFO - Processing /home/airflow/.local/lib/python3.12/site-packages/airflow/example_dags/example_python_decorator.py took 0.107 seconds
[2025-07-31T22:08:41.546+0000] {processor.py:161} INFO - Started process (PID=12732) to work on /home/airflow/.local/lib/python3.12/site-packages/airflow/example_dags/example_python_decorator.py
[2025-07-31T22:08:41.548+0000] {processor.py:830} INFO - Processing file /home/airflow/.local/lib/python3.12/site-packages/airflow/example_dags/example_python_decorator.py for tasks to queue
[2025-07-31T22:08:41.549+0000] {logging_mixin.py:188} INFO - [2025-07-31T22:08:41.549+0000] {dagbag.py:545} INFO - Filling up the DagBag from /home/airflow/.local/lib/python3.12/site-packages/airflow/example_dags/example_python_decorator.py
[2025-07-31T22:08:41.564+0000] {processor.py:840} INFO - DAG(s) 'example_python_decorator' retrieved from /home/airflow/.local/lib/python3.12/site-packages/airflow/example_dags/example_python_decorator.py
[2025-07-31T22:08:41.593+0000] {logging_mixin.py:188} INFO - [2025-07-31T22:08:41.592+0000] {dag.py:3096} INFO - Sync 1 DAGs
[2025-07-31T22:08:41.607+0000] {logging_mixin.py:188} INFO - [2025-07-31T22:08:41.607+0000] {dag.py:3954} INFO - Setting next_dagrun for example_python_decorator to None, run_after=None
[2025-07-31T22:08:41.633+0000] {processor.py:183} INFO - Processing /home/airflow/.local/lib/python3.12/site-packages/airflow/example_dags/example_python_decorator.py took 0.094 seconds
[2025-07-31T22:09:11.949+0000] {processor.py:161} INFO - Started process (PID=12791) to work on /home/airflow/.local/lib/python3.12/site-packages/airflow/example_dags/example_python_decorator.py
[2025-07-31T22:09:11.951+0000] {processor.py:830} INFO - Processing file /home/airflow/.local/lib/python3.12/site-packages/airflow/example_dags/example_python_decorator.py for tasks to queue
[2025-07-31T22:09:11.952+0000] {logging_mixin.py:188} INFO - [2025-07-31T22:09:11.952+0000] {dagbag.py:545} INFO - Filling up the DagBag from /home/airflow/.local/lib/python3.12/site-packages/airflow/example_dags/example_python_decorator.py
[2025-07-31T22:09:11.973+0000] {processor.py:840} INFO - DAG(s) 'example_python_decorator' retrieved from /home/airflow/.local/lib/python3.12/site-packages/airflow/example_dags/example_python_decorator.py
[2025-07-31T22:09:12.013+0000] {logging_mixin.py:188} INFO - [2025-07-31T22:09:12.012+0000] {dag.py:3096} INFO - Sync 1 DAGs
[2025-07-31T22:09:12.036+0000] {logging_mixin.py:188} INFO - [2025-07-31T22:09:12.036+0000] {dag.py:3954} INFO - Setting next_dagrun for example_python_decorator to None, run_after=None
[2025-07-31T22:09:12.065+0000] {processor.py:183} INFO - Processing /home/airflow/.local/lib/python3.12/site-packages/airflow/example_dags/example_python_decorator.py took 0.126 seconds
[2025-07-31T22:09:42.795+0000] {processor.py:161} INFO - Started process (PID=12850) to work on /home/airflow/.local/lib/python3.12/site-packages/airflow/example_dags/example_python_decorator.py
[2025-07-31T22:09:42.797+0000] {processor.py:830} INFO - Processing file /home/airflow/.local/lib/python3.12/site-packages/airflow/example_dags/example_python_decorator.py for tasks to queue
[2025-07-31T22:09:42.798+0000] {logging_mixin.py:188} INFO - [2025-07-31T22:09:42.798+0000] {dagbag.py:545} INFO - Filling up the DagBag from /home/airflow/.local/lib/python3.12/site-packages/airflow/example_dags/example_python_decorator.py
[2025-07-31T22:09:42.818+0000] {processor.py:840} INFO - DAG(s) 'example_python_decorator' retrieved from /home/airflow/.local/lib/python3.12/site-packages/airflow/example_dags/example_python_decorator.py
[2025-07-31T22:09:42.855+0000] {logging_mixin.py:188} INFO - [2025-07-31T22:09:42.855+0000] {dag.py:3096} INFO - Sync 1 DAGs
[2025-07-31T22:09:42.873+0000] {logging_mixin.py:188} INFO - [2025-07-31T22:09:42.873+0000] {dag.py:3954} INFO - Setting next_dagrun for example_python_decorator to None, run_after=None
[2025-07-31T22:09:42.906+0000] {processor.py:183} INFO - Processing /home/airflow/.local/lib/python3.12/site-packages/airflow/example_dags/example_python_decorator.py took 0.120 seconds
[2025-07-31T22:10:13.123+0000] {processor.py:161} INFO - Started process (PID=12908) to work on /home/airflow/.local/lib/python3.12/site-packages/airflow/example_dags/example_python_decorator.py
[2025-07-31T22:10:13.126+0000] {processor.py:830} INFO - Processing file /home/airflow/.local/lib/python3.12/site-packages/airflow/example_dags/example_python_decorator.py for tasks to queue
[2025-07-31T22:10:13.127+0000] {logging_mixin.py:188} INFO - [2025-07-31T22:10:13.127+0000] {dagbag.py:545} INFO - Filling up the DagBag from /home/airflow/.local/lib/python3.12/site-packages/airflow/example_dags/example_python_decorator.py
[2025-07-31T22:10:13.152+0000] {processor.py:840} INFO - DAG(s) 'example_python_decorator' retrieved from /home/airflow/.local/lib/python3.12/site-packages/airflow/example_dags/example_python_decorator.py
[2025-07-31T22:10:13.203+0000] {logging_mixin.py:188} INFO - [2025-07-31T22:10:13.202+0000] {dag.py:3096} INFO - Sync 1 DAGs
[2025-07-31T22:10:13.225+0000] {logging_mixin.py:188} INFO - [2025-07-31T22:10:13.225+0000] {dag.py:3954} INFO - Setting next_dagrun for example_python_decorator to None, run_after=None
[2025-07-31T22:10:13.264+0000] {processor.py:183} INFO - Processing /home/airflow/.local/lib/python3.12/site-packages/airflow/example_dags/example_python_decorator.py took 0.154 seconds
[2025-07-31T22:10:43.816+0000] {processor.py:161} INFO - Started process (PID=12966) to work on /home/airflow/.local/lib/python3.12/site-packages/airflow/example_dags/example_python_decorator.py
[2025-07-31T22:10:43.818+0000] {processor.py:830} INFO - Processing file /home/airflow/.local/lib/python3.12/site-packages/airflow/example_dags/example_python_decorator.py for tasks to queue
[2025-07-31T22:10:43.820+0000] {logging_mixin.py:188} INFO - [2025-07-31T22:10:43.819+0000] {dagbag.py:545} INFO - Filling up the DagBag from /home/airflow/.local/lib/python3.12/site-packages/airflow/example_dags/example_python_decorator.py
[2025-07-31T22:10:43.840+0000] {processor.py:840} INFO - DAG(s) 'example_python_decorator' retrieved from /home/airflow/.local/lib/python3.12/site-packages/airflow/example_dags/example_python_decorator.py
[2025-07-31T22:10:43.878+0000] {logging_mixin.py:188} INFO - [2025-07-31T22:10:43.878+0000] {dag.py:3096} INFO - Sync 1 DAGs
[2025-07-31T22:10:43.898+0000] {logging_mixin.py:188} INFO - [2025-07-31T22:10:43.897+0000] {dag.py:3954} INFO - Setting next_dagrun for example_python_decorator to None, run_after=None
[2025-07-31T22:10:43.928+0000] {processor.py:183} INFO - Processing /home/airflow/.local/lib/python3.12/site-packages/airflow/example_dags/example_python_decorator.py took 0.123 seconds
[2025-07-31T22:11:14.589+0000] {processor.py:161} INFO - Started process (PID=13024) to work on /home/airflow/.local/lib/python3.12/site-packages/airflow/example_dags/example_python_decorator.py
[2025-07-31T22:11:14.592+0000] {processor.py:830} INFO - Processing file /home/airflow/.local/lib/python3.12/site-packages/airflow/example_dags/example_python_decorator.py for tasks to queue
[2025-07-31T22:11:14.596+0000] {logging_mixin.py:188} INFO - [2025-07-31T22:11:14.595+0000] {dagbag.py:545} INFO - Filling up the DagBag from /home/airflow/.local/lib/python3.12/site-packages/airflow/example_dags/example_python_decorator.py
[2025-07-31T22:11:14.636+0000] {processor.py:840} INFO - DAG(s) 'example_python_decorator' retrieved from /home/airflow/.local/lib/python3.12/site-packages/airflow/example_dags/example_python_decorator.py
[2025-07-31T22:11:14.691+0000] {logging_mixin.py:188} INFO - [2025-07-31T22:11:14.690+0000] {dag.py:3096} INFO - Sync 1 DAGs
[2025-07-31T22:11:14.723+0000] {logging_mixin.py:188} INFO - [2025-07-31T22:11:14.723+0000] {dag.py:3954} INFO - Setting next_dagrun for example_python_decorator to None, run_after=None
[2025-07-31T22:11:14.763+0000] {processor.py:183} INFO - Processing /home/airflow/.local/lib/python3.12/site-packages/airflow/example_dags/example_python_decorator.py took 0.191 seconds
[2025-07-31T22:11:45.024+0000] {processor.py:161} INFO - Started process (PID=13082) to work on /home/airflow/.local/lib/python3.12/site-packages/airflow/example_dags/example_python_decorator.py
[2025-07-31T22:11:45.026+0000] {processor.py:830} INFO - Processing file /home/airflow/.local/lib/python3.12/site-packages/airflow/example_dags/example_python_decorator.py for tasks to queue
[2025-07-31T22:11:45.028+0000] {logging_mixin.py:188} INFO - [2025-07-31T22:11:45.027+0000] {dagbag.py:545} INFO - Filling up the DagBag from /home/airflow/.local/lib/python3.12/site-packages/airflow/example_dags/example_python_decorator.py
[2025-07-31T22:11:45.051+0000] {processor.py:840} INFO - DAG(s) 'example_python_decorator' retrieved from /home/airflow/.local/lib/python3.12/site-packages/airflow/example_dags/example_python_decorator.py
[2025-07-31T22:11:45.090+0000] {logging_mixin.py:188} INFO - [2025-07-31T22:11:45.090+0000] {dag.py:3096} INFO - Sync 1 DAGs
[2025-07-31T22:11:45.109+0000] {logging_mixin.py:188} INFO - [2025-07-31T22:11:45.108+0000] {dag.py:3954} INFO - Setting next_dagrun for example_python_decorator to None, run_after=None
[2025-07-31T22:11:45.139+0000] {processor.py:183} INFO - Processing /home/airflow/.local/lib/python3.12/site-packages/airflow/example_dags/example_python_decorator.py took 0.126 seconds
[2025-07-31T22:12:15.830+0000] {processor.py:161} INFO - Started process (PID=13140) to work on /home/airflow/.local/lib/python3.12/site-packages/airflow/example_dags/example_python_decorator.py
[2025-07-31T22:12:15.832+0000] {processor.py:830} INFO - Processing file /home/airflow/.local/lib/python3.12/site-packages/airflow/example_dags/example_python_decorator.py for tasks to queue
[2025-07-31T22:12:15.833+0000] {logging_mixin.py:188} INFO - [2025-07-31T22:12:15.833+0000] {dagbag.py:545} INFO - Filling up the DagBag from /home/airflow/.local/lib/python3.12/site-packages/airflow/example_dags/example_python_decorator.py
[2025-07-31T22:12:15.853+0000] {processor.py:840} INFO - DAG(s) 'example_python_decorator' retrieved from /home/airflow/.local/lib/python3.12/site-packages/airflow/example_dags/example_python_decorator.py
[2025-07-31T22:12:15.889+0000] {logging_mixin.py:188} INFO - [2025-07-31T22:12:15.888+0000] {dag.py:3096} INFO - Sync 1 DAGs
[2025-07-31T22:12:15.908+0000] {logging_mixin.py:188} INFO - [2025-07-31T22:12:15.907+0000] {dag.py:3954} INFO - Setting next_dagrun for example_python_decorator to None, run_after=None
[2025-07-31T22:12:15.940+0000] {processor.py:183} INFO - Processing /home/airflow/.local/lib/python3.12/site-packages/airflow/example_dags/example_python_decorator.py took 0.119 seconds
[2025-07-31T22:12:46.311+0000] {processor.py:161} INFO - Started process (PID=13198) to work on /home/airflow/.local/lib/python3.12/site-packages/airflow/example_dags/example_python_decorator.py
[2025-07-31T22:12:46.312+0000] {processor.py:830} INFO - Processing file /home/airflow/.local/lib/python3.12/site-packages/airflow/example_dags/example_python_decorator.py for tasks to queue
[2025-07-31T22:12:46.314+0000] {logging_mixin.py:188} INFO - [2025-07-31T22:12:46.313+0000] {dagbag.py:545} INFO - Filling up the DagBag from /home/airflow/.local/lib/python3.12/site-packages/airflow/example_dags/example_python_decorator.py
[2025-07-31T22:12:46.333+0000] {processor.py:840} INFO - DAG(s) 'example_python_decorator' retrieved from /home/airflow/.local/lib/python3.12/site-packages/airflow/example_dags/example_python_decorator.py
[2025-07-31T22:12:46.376+0000] {logging_mixin.py:188} INFO - [2025-07-31T22:12:46.376+0000] {dag.py:3096} INFO - Sync 1 DAGs
[2025-07-31T22:12:46.402+0000] {logging_mixin.py:188} INFO - [2025-07-31T22:12:46.402+0000] {dag.py:3954} INFO - Setting next_dagrun for example_python_decorator to None, run_after=None
[2025-07-31T22:12:46.437+0000] {processor.py:183} INFO - Processing /home/airflow/.local/lib/python3.12/site-packages/airflow/example_dags/example_python_decorator.py took 0.136 seconds
[2025-07-31T22:13:16.831+0000] {processor.py:161} INFO - Started process (PID=13256) to work on /home/airflow/.local/lib/python3.12/site-packages/airflow/example_dags/example_python_decorator.py
[2025-07-31T22:13:16.832+0000] {processor.py:830} INFO - Processing file /home/airflow/.local/lib/python3.12/site-packages/airflow/example_dags/example_python_decorator.py for tasks to queue
[2025-07-31T22:13:16.834+0000] {logging_mixin.py:188} INFO - [2025-07-31T22:13:16.833+0000] {dagbag.py:545} INFO - Filling up the DagBag from /home/airflow/.local/lib/python3.12/site-packages/airflow/example_dags/example_python_decorator.py
[2025-07-31T22:13:16.853+0000] {processor.py:840} INFO - DAG(s) 'example_python_decorator' retrieved from /home/airflow/.local/lib/python3.12/site-packages/airflow/example_dags/example_python_decorator.py
[2025-07-31T22:13:16.888+0000] {logging_mixin.py:188} INFO - [2025-07-31T22:13:16.888+0000] {dag.py:3096} INFO - Sync 1 DAGs
[2025-07-31T22:13:16.905+0000] {logging_mixin.py:188} INFO - [2025-07-31T22:13:16.905+0000] {dag.py:3954} INFO - Setting next_dagrun for example_python_decorator to None, run_after=None
[2025-07-31T22:13:16.942+0000] {processor.py:183} INFO - Processing /home/airflow/.local/lib/python3.12/site-packages/airflow/example_dags/example_python_decorator.py took 0.119 seconds
[2025-07-31T22:13:47.276+0000] {processor.py:161} INFO - Started process (PID=13315) to work on /home/airflow/.local/lib/python3.12/site-packages/airflow/example_dags/example_python_decorator.py
[2025-07-31T22:13:47.278+0000] {processor.py:830} INFO - Processing file /home/airflow/.local/lib/python3.12/site-packages/airflow/example_dags/example_python_decorator.py for tasks to queue
[2025-07-31T22:13:47.279+0000] {logging_mixin.py:188} INFO - [2025-07-31T22:13:47.279+0000] {dagbag.py:545} INFO - Filling up the DagBag from /home/airflow/.local/lib/python3.12/site-packages/airflow/example_dags/example_python_decorator.py
[2025-07-31T22:13:47.298+0000] {processor.py:840} INFO - DAG(s) 'example_python_decorator' retrieved from /home/airflow/.local/lib/python3.12/site-packages/airflow/example_dags/example_python_decorator.py
[2025-07-31T22:13:47.333+0000] {logging_mixin.py:188} INFO - [2025-07-31T22:13:47.333+0000] {dag.py:3096} INFO - Sync 1 DAGs
[2025-07-31T22:13:47.350+0000] {logging_mixin.py:188} INFO - [2025-07-31T22:13:47.350+0000] {dag.py:3954} INFO - Setting next_dagrun for example_python_decorator to None, run_after=None
[2025-07-31T22:13:47.377+0000] {processor.py:183} INFO - Processing /home/airflow/.local/lib/python3.12/site-packages/airflow/example_dags/example_python_decorator.py took 0.111 seconds
[2025-07-31T22:14:17.861+0000] {processor.py:161} INFO - Started process (PID=13373) to work on /home/airflow/.local/lib/python3.12/site-packages/airflow/example_dags/example_python_decorator.py
[2025-07-31T22:14:17.863+0000] {processor.py:830} INFO - Processing file /home/airflow/.local/lib/python3.12/site-packages/airflow/example_dags/example_python_decorator.py for tasks to queue
[2025-07-31T22:14:17.864+0000] {logging_mixin.py:188} INFO - [2025-07-31T22:14:17.864+0000] {dagbag.py:545} INFO - Filling up the DagBag from /home/airflow/.local/lib/python3.12/site-packages/airflow/example_dags/example_python_decorator.py
[2025-07-31T22:14:17.884+0000] {processor.py:840} INFO - DAG(s) 'example_python_decorator' retrieved from /home/airflow/.local/lib/python3.12/site-packages/airflow/example_dags/example_python_decorator.py
[2025-07-31T22:14:17.919+0000] {logging_mixin.py:188} INFO - [2025-07-31T22:14:17.919+0000] {dag.py:3096} INFO - Sync 1 DAGs
[2025-07-31T22:14:17.936+0000] {logging_mixin.py:188} INFO - [2025-07-31T22:14:17.936+0000] {dag.py:3954} INFO - Setting next_dagrun for example_python_decorator to None, run_after=None
[2025-07-31T22:14:17.963+0000] {processor.py:183} INFO - Processing /home/airflow/.local/lib/python3.12/site-packages/airflow/example_dags/example_python_decorator.py took 0.111 seconds
[2025-07-31T22:14:48.344+0000] {processor.py:161} INFO - Started process (PID=13431) to work on /home/airflow/.local/lib/python3.12/site-packages/airflow/example_dags/example_python_decorator.py
[2025-07-31T22:14:48.346+0000] {processor.py:830} INFO - Processing file /home/airflow/.local/lib/python3.12/site-packages/airflow/example_dags/example_python_decorator.py for tasks to queue
[2025-07-31T22:14:48.348+0000] {logging_mixin.py:188} INFO - [2025-07-31T22:14:48.347+0000] {dagbag.py:545} INFO - Filling up the DagBag from /home/airflow/.local/lib/python3.12/site-packages/airflow/example_dags/example_python_decorator.py
[2025-07-31T22:14:48.367+0000] {processor.py:840} INFO - DAG(s) 'example_python_decorator' retrieved from /home/airflow/.local/lib/python3.12/site-packages/airflow/example_dags/example_python_decorator.py
[2025-07-31T22:14:48.403+0000] {logging_mixin.py:188} INFO - [2025-07-31T22:14:48.403+0000] {dag.py:3096} INFO - Sync 1 DAGs
[2025-07-31T22:14:48.424+0000] {logging_mixin.py:188} INFO - [2025-07-31T22:14:48.424+0000] {dag.py:3954} INFO - Setting next_dagrun for example_python_decorator to None, run_after=None
[2025-07-31T22:14:48.462+0000] {processor.py:183} INFO - Processing /home/airflow/.local/lib/python3.12/site-packages/airflow/example_dags/example_python_decorator.py took 0.130 seconds
[2025-07-31T22:15:19.200+0000] {processor.py:161} INFO - Started process (PID=13489) to work on /home/airflow/.local/lib/python3.12/site-packages/airflow/example_dags/example_python_decorator.py
[2025-07-31T22:15:19.203+0000] {processor.py:830} INFO - Processing file /home/airflow/.local/lib/python3.12/site-packages/airflow/example_dags/example_python_decorator.py for tasks to queue
[2025-07-31T22:15:19.205+0000] {logging_mixin.py:188} INFO - [2025-07-31T22:15:19.204+0000] {dagbag.py:545} INFO - Filling up the DagBag from /home/airflow/.local/lib/python3.12/site-packages/airflow/example_dags/example_python_decorator.py
[2025-07-31T22:15:19.231+0000] {processor.py:840} INFO - DAG(s) 'example_python_decorator' retrieved from /home/airflow/.local/lib/python3.12/site-packages/airflow/example_dags/example_python_decorator.py
[2025-07-31T22:15:19.281+0000] {logging_mixin.py:188} INFO - [2025-07-31T22:15:19.280+0000] {dag.py:3096} INFO - Sync 1 DAGs
[2025-07-31T22:15:19.303+0000] {logging_mixin.py:188} INFO - [2025-07-31T22:15:19.302+0000] {dag.py:3954} INFO - Setting next_dagrun for example_python_decorator to None, run_after=None
[2025-07-31T22:15:19.337+0000] {processor.py:183} INFO - Processing /home/airflow/.local/lib/python3.12/site-packages/airflow/example_dags/example_python_decorator.py took 0.150 seconds
[2025-07-31T22:15:50.206+0000] {processor.py:161} INFO - Started process (PID=13548) to work on /home/airflow/.local/lib/python3.12/site-packages/airflow/example_dags/example_python_decorator.py
[2025-07-31T22:15:50.208+0000] {processor.py:830} INFO - Processing file /home/airflow/.local/lib/python3.12/site-packages/airflow/example_dags/example_python_decorator.py for tasks to queue
[2025-07-31T22:15:50.210+0000] {logging_mixin.py:188} INFO - [2025-07-31T22:15:50.209+0000] {dagbag.py:545} INFO - Filling up the DagBag from /home/airflow/.local/lib/python3.12/site-packages/airflow/example_dags/example_python_decorator.py
[2025-07-31T22:15:50.230+0000] {processor.py:840} INFO - DAG(s) 'example_python_decorator' retrieved from /home/airflow/.local/lib/python3.12/site-packages/airflow/example_dags/example_python_decorator.py
[2025-07-31T22:15:50.266+0000] {logging_mixin.py:188} INFO - [2025-07-31T22:15:50.266+0000] {dag.py:3096} INFO - Sync 1 DAGs
[2025-07-31T22:15:50.284+0000] {logging_mixin.py:188} INFO - [2025-07-31T22:15:50.284+0000] {dag.py:3954} INFO - Setting next_dagrun for example_python_decorator to None, run_after=None
[2025-07-31T22:15:50.314+0000] {processor.py:183} INFO - Processing /home/airflow/.local/lib/python3.12/site-packages/airflow/example_dags/example_python_decorator.py took 0.117 seconds
[2025-07-31T22:16:20.819+0000] {processor.py:161} INFO - Started process (PID=13606) to work on /home/airflow/.local/lib/python3.12/site-packages/airflow/example_dags/example_python_decorator.py
[2025-07-31T22:16:20.821+0000] {processor.py:830} INFO - Processing file /home/airflow/.local/lib/python3.12/site-packages/airflow/example_dags/example_python_decorator.py for tasks to queue
[2025-07-31T22:16:20.823+0000] {logging_mixin.py:188} INFO - [2025-07-31T22:16:20.822+0000] {dagbag.py:545} INFO - Filling up the DagBag from /home/airflow/.local/lib/python3.12/site-packages/airflow/example_dags/example_python_decorator.py
[2025-07-31T22:16:20.843+0000] {processor.py:840} INFO - DAG(s) 'example_python_decorator' retrieved from /home/airflow/.local/lib/python3.12/site-packages/airflow/example_dags/example_python_decorator.py
[2025-07-31T22:16:20.887+0000] {logging_mixin.py:188} INFO - [2025-07-31T22:16:20.886+0000] {dag.py:3096} INFO - Sync 1 DAGs
[2025-07-31T22:16:20.905+0000] {logging_mixin.py:188} INFO - [2025-07-31T22:16:20.905+0000] {dag.py:3954} INFO - Setting next_dagrun for example_python_decorator to None, run_after=None
[2025-07-31T22:16:20.940+0000] {processor.py:183} INFO - Processing /home/airflow/.local/lib/python3.12/site-packages/airflow/example_dags/example_python_decorator.py took 0.130 seconds
[2025-07-31T22:16:51.133+0000] {processor.py:161} INFO - Started process (PID=13664) to work on /home/airflow/.local/lib/python3.12/site-packages/airflow/example_dags/example_python_decorator.py
[2025-07-31T22:16:51.135+0000] {processor.py:830} INFO - Processing file /home/airflow/.local/lib/python3.12/site-packages/airflow/example_dags/example_python_decorator.py for tasks to queue
[2025-07-31T22:16:51.136+0000] {logging_mixin.py:188} INFO - [2025-07-31T22:16:51.136+0000] {dagbag.py:545} INFO - Filling up the DagBag from /home/airflow/.local/lib/python3.12/site-packages/airflow/example_dags/example_python_decorator.py
[2025-07-31T22:16:51.155+0000] {processor.py:840} INFO - DAG(s) 'example_python_decorator' retrieved from /home/airflow/.local/lib/python3.12/site-packages/airflow/example_dags/example_python_decorator.py
[2025-07-31T22:16:51.192+0000] {logging_mixin.py:188} INFO - [2025-07-31T22:16:51.192+0000] {dag.py:3096} INFO - Sync 1 DAGs
[2025-07-31T22:16:51.218+0000] {logging_mixin.py:188} INFO - [2025-07-31T22:16:51.217+0000] {dag.py:3954} INFO - Setting next_dagrun for example_python_decorator to None, run_after=None
[2025-07-31T22:16:51.259+0000] {processor.py:183} INFO - Processing /home/airflow/.local/lib/python3.12/site-packages/airflow/example_dags/example_python_decorator.py took 0.135 seconds
[2025-07-31T22:17:21.969+0000] {processor.py:161} INFO - Started process (PID=13728) to work on /home/airflow/.local/lib/python3.12/site-packages/airflow/example_dags/example_python_decorator.py
[2025-07-31T22:17:21.971+0000] {processor.py:830} INFO - Processing file /home/airflow/.local/lib/python3.12/site-packages/airflow/example_dags/example_python_decorator.py for tasks to queue
[2025-07-31T22:17:21.972+0000] {logging_mixin.py:188} INFO - [2025-07-31T22:17:21.972+0000] {dagbag.py:545} INFO - Filling up the DagBag from /home/airflow/.local/lib/python3.12/site-packages/airflow/example_dags/example_python_decorator.py
[2025-07-31T22:17:21.992+0000] {processor.py:840} INFO - DAG(s) 'example_python_decorator' retrieved from /home/airflow/.local/lib/python3.12/site-packages/airflow/example_dags/example_python_decorator.py
[2025-07-31T22:17:22.029+0000] {logging_mixin.py:188} INFO - [2025-07-31T22:17:22.028+0000] {dag.py:3096} INFO - Sync 1 DAGs
[2025-07-31T22:17:22.050+0000] {logging_mixin.py:188} INFO - [2025-07-31T22:17:22.049+0000] {dag.py:3954} INFO - Setting next_dagrun for example_python_decorator to None, run_after=None
[2025-07-31T22:17:22.080+0000] {processor.py:183} INFO - Processing /home/airflow/.local/lib/python3.12/site-packages/airflow/example_dags/example_python_decorator.py took 0.120 seconds
[2025-07-31T22:17:53.188+0000] {processor.py:161} INFO - Started process (PID=13786) to work on /home/airflow/.local/lib/python3.12/site-packages/airflow/example_dags/example_python_decorator.py
[2025-07-31T22:17:53.189+0000] {processor.py:830} INFO - Processing file /home/airflow/.local/lib/python3.12/site-packages/airflow/example_dags/example_python_decorator.py for tasks to queue
[2025-07-31T22:17:53.191+0000] {logging_mixin.py:188} INFO - [2025-07-31T22:17:53.191+0000] {dagbag.py:545} INFO - Filling up the DagBag from /home/airflow/.local/lib/python3.12/site-packages/airflow/example_dags/example_python_decorator.py
[2025-07-31T22:17:53.211+0000] {processor.py:840} INFO - DAG(s) 'example_python_decorator' retrieved from /home/airflow/.local/lib/python3.12/site-packages/airflow/example_dags/example_python_decorator.py
[2025-07-31T22:17:53.250+0000] {logging_mixin.py:188} INFO - [2025-07-31T22:17:53.249+0000] {dag.py:3096} INFO - Sync 1 DAGs
[2025-07-31T22:17:53.268+0000] {logging_mixin.py:188} INFO - [2025-07-31T22:17:53.268+0000] {dag.py:3954} INFO - Setting next_dagrun for example_python_decorator to None, run_after=None
[2025-07-31T22:17:53.308+0000] {processor.py:183} INFO - Processing /home/airflow/.local/lib/python3.12/site-packages/airflow/example_dags/example_python_decorator.py took 0.129 seconds
