[2025-07-31T03:25:11.390+0000] {processor.py:161} INFO - Started process (PID=12526) to work on /home/airflow/.local/lib/python3.12/site-packages/airflow/example_dags/example_latest_only_with_trigger.py
[2025-07-31T03:25:11.394+0000] {processor.py:830} INFO - Processing file /home/airflow/.local/lib/python3.12/site-packages/airflow/example_dags/example_latest_only_with_trigger.py for tasks to queue
[2025-07-31T03:25:11.406+0000] {logging_mixin.py:188} INFO - [2025-07-31T03:25:11.404+0000] {dagbag.py:545} INFO - Filling up the DagBag from /home/airflow/.local/lib/python3.12/site-packages/airflow/example_dags/example_latest_only_with_trigger.py
[2025-07-31T03:25:11.468+0000] {processor.py:840} INFO - DAG(s) 'latest_only_with_trigger' retrieved from /home/airflow/.local/lib/python3.12/site-packages/airflow/example_dags/example_latest_only_with_trigger.py
[2025-07-31T03:25:11.592+0000] {logging_mixin.py:188} INFO - [2025-07-31T03:25:11.590+0000] {dag.py:3096} INFO - Sync 1 DAGs
[2025-07-31T03:25:11.704+0000] {logging_mixin.py:188} INFO - [2025-07-31T03:25:11.703+0000] {dag.py:3954} INFO - Setting next_dagrun for latest_only_with_trigger to 2025-07-30 20:00:00+00:00, run_after=2025-07-31 00:00:00+00:00
[2025-07-31T03:25:11.798+0000] {processor.py:183} INFO - Processing /home/airflow/.local/lib/python3.12/site-packages/airflow/example_dags/example_latest_only_with_trigger.py took 0.442 seconds
[2025-07-31T22:07:39.117+0000] {processor.py:161} INFO - Started process (PID=12607) to work on /home/airflow/.local/lib/python3.12/site-packages/airflow/example_dags/example_latest_only_with_trigger.py
[2025-07-31T22:07:39.121+0000] {processor.py:830} INFO - Processing file /home/airflow/.local/lib/python3.12/site-packages/airflow/example_dags/example_latest_only_with_trigger.py for tasks to queue
[2025-07-31T22:07:39.125+0000] {logging_mixin.py:188} INFO - [2025-07-31T22:07:39.123+0000] {dagbag.py:545} INFO - Filling up the DagBag from /home/airflow/.local/lib/python3.12/site-packages/airflow/example_dags/example_latest_only_with_trigger.py
[2025-07-31T22:07:39.142+0000] {processor.py:840} INFO - DAG(s) 'latest_only_with_trigger' retrieved from /home/airflow/.local/lib/python3.12/site-packages/airflow/example_dags/example_latest_only_with_trigger.py
[2025-07-31T22:07:39.202+0000] {logging_mixin.py:188} INFO - [2025-07-31T22:07:39.202+0000] {dag.py:3096} INFO - Sync 1 DAGs
[2025-07-31T22:07:39.262+0000] {logging_mixin.py:188} INFO - [2025-07-31T22:07:39.261+0000] {dag.py:3954} INFO - Setting next_dagrun for latest_only_with_trigger to 2025-07-31 16:00:00+00:00, run_after=2025-07-31 20:00:00+00:00
[2025-07-31T22:07:39.324+0000] {processor.py:183} INFO - Processing /home/airflow/.local/lib/python3.12/site-packages/airflow/example_dags/example_latest_only_with_trigger.py took 0.232 seconds
[2025-07-31T22:08:09.516+0000] {processor.py:161} INFO - Started process (PID=12665) to work on /home/airflow/.local/lib/python3.12/site-packages/airflow/example_dags/example_latest_only_with_trigger.py
[2025-07-31T22:08:09.517+0000] {processor.py:830} INFO - Processing file /home/airflow/.local/lib/python3.12/site-packages/airflow/example_dags/example_latest_only_with_trigger.py for tasks to queue
[2025-07-31T22:08:09.518+0000] {logging_mixin.py:188} INFO - [2025-07-31T22:08:09.518+0000] {dagbag.py:545} INFO - Filling up the DagBag from /home/airflow/.local/lib/python3.12/site-packages/airflow/example_dags/example_latest_only_with_trigger.py
[2025-07-31T22:08:09.526+0000] {processor.py:840} INFO - DAG(s) 'latest_only_with_trigger' retrieved from /home/airflow/.local/lib/python3.12/site-packages/airflow/example_dags/example_latest_only_with_trigger.py
[2025-07-31T22:08:09.554+0000] {logging_mixin.py:188} INFO - [2025-07-31T22:08:09.554+0000] {dag.py:3096} INFO - Sync 1 DAGs
[2025-07-31T22:08:09.578+0000] {logging_mixin.py:188} INFO - [2025-07-31T22:08:09.578+0000] {dag.py:3954} INFO - Setting next_dagrun for latest_only_with_trigger to 2025-07-31 16:00:00+00:00, run_after=2025-07-31 20:00:00+00:00
[2025-07-31T22:08:09.599+0000] {processor.py:183} INFO - Processing /home/airflow/.local/lib/python3.12/site-packages/airflow/example_dags/example_latest_only_with_trigger.py took 0.091 seconds
[2025-07-31T22:08:39.674+0000] {processor.py:161} INFO - Started process (PID=12724) to work on /home/airflow/.local/lib/python3.12/site-packages/airflow/example_dags/example_latest_only_with_trigger.py
[2025-07-31T22:08:39.676+0000] {processor.py:830} INFO - Processing file /home/airflow/.local/lib/python3.12/site-packages/airflow/example_dags/example_latest_only_with_trigger.py for tasks to queue
[2025-07-31T22:08:39.678+0000] {logging_mixin.py:188} INFO - [2025-07-31T22:08:39.678+0000] {dagbag.py:545} INFO - Filling up the DagBag from /home/airflow/.local/lib/python3.12/site-packages/airflow/example_dags/example_latest_only_with_trigger.py
[2025-07-31T22:08:39.686+0000] {processor.py:840} INFO - DAG(s) 'latest_only_with_trigger' retrieved from /home/airflow/.local/lib/python3.12/site-packages/airflow/example_dags/example_latest_only_with_trigger.py
[2025-07-31T22:08:39.713+0000] {logging_mixin.py:188} INFO - [2025-07-31T22:08:39.713+0000] {dag.py:3096} INFO - Sync 1 DAGs
[2025-07-31T22:08:39.735+0000] {logging_mixin.py:188} INFO - [2025-07-31T22:08:39.735+0000] {dag.py:3954} INFO - Setting next_dagrun for latest_only_with_trigger to 2025-07-31 16:00:00+00:00, run_after=2025-07-31 20:00:00+00:00
[2025-07-31T22:08:39.757+0000] {processor.py:183} INFO - Processing /home/airflow/.local/lib/python3.12/site-packages/airflow/example_dags/example_latest_only_with_trigger.py took 0.090 seconds
[2025-07-31T22:09:10.135+0000] {processor.py:161} INFO - Started process (PID=12783) to work on /home/airflow/.local/lib/python3.12/site-packages/airflow/example_dags/example_latest_only_with_trigger.py
[2025-07-31T22:09:10.137+0000] {processor.py:830} INFO - Processing file /home/airflow/.local/lib/python3.12/site-packages/airflow/example_dags/example_latest_only_with_trigger.py for tasks to queue
[2025-07-31T22:09:10.140+0000] {logging_mixin.py:188} INFO - [2025-07-31T22:09:10.139+0000] {dagbag.py:545} INFO - Filling up the DagBag from /home/airflow/.local/lib/python3.12/site-packages/airflow/example_dags/example_latest_only_with_trigger.py
[2025-07-31T22:09:10.152+0000] {processor.py:840} INFO - DAG(s) 'latest_only_with_trigger' retrieved from /home/airflow/.local/lib/python3.12/site-packages/airflow/example_dags/example_latest_only_with_trigger.py
[2025-07-31T22:09:10.196+0000] {logging_mixin.py:188} INFO - [2025-07-31T22:09:10.196+0000] {dag.py:3096} INFO - Sync 1 DAGs
[2025-07-31T22:09:10.242+0000] {logging_mixin.py:188} INFO - [2025-07-31T22:09:10.241+0000] {dag.py:3954} INFO - Setting next_dagrun for latest_only_with_trigger to 2025-07-31 16:00:00+00:00, run_after=2025-07-31 20:00:00+00:00
[2025-07-31T22:09:10.278+0000] {processor.py:183} INFO - Processing /home/airflow/.local/lib/python3.12/site-packages/airflow/example_dags/example_latest_only_with_trigger.py took 0.153 seconds
[2025-07-31T22:09:40.880+0000] {processor.py:161} INFO - Started process (PID=12842) to work on /home/airflow/.local/lib/python3.12/site-packages/airflow/example_dags/example_latest_only_with_trigger.py
[2025-07-31T22:09:40.882+0000] {processor.py:830} INFO - Processing file /home/airflow/.local/lib/python3.12/site-packages/airflow/example_dags/example_latest_only_with_trigger.py for tasks to queue
[2025-07-31T22:09:40.883+0000] {logging_mixin.py:188} INFO - [2025-07-31T22:09:40.883+0000] {dagbag.py:545} INFO - Filling up the DagBag from /home/airflow/.local/lib/python3.12/site-packages/airflow/example_dags/example_latest_only_with_trigger.py
[2025-07-31T22:09:40.892+0000] {processor.py:840} INFO - DAG(s) 'latest_only_with_trigger' retrieved from /home/airflow/.local/lib/python3.12/site-packages/airflow/example_dags/example_latest_only_with_trigger.py
[2025-07-31T22:09:40.928+0000] {logging_mixin.py:188} INFO - [2025-07-31T22:09:40.928+0000] {dag.py:3096} INFO - Sync 1 DAGs
[2025-07-31T22:09:40.966+0000] {logging_mixin.py:188} INFO - [2025-07-31T22:09:40.965+0000] {dag.py:3954} INFO - Setting next_dagrun for latest_only_with_trigger to 2025-07-31 16:00:00+00:00, run_after=2025-07-31 20:00:00+00:00
[2025-07-31T22:09:41.008+0000] {processor.py:183} INFO - Processing /home/airflow/.local/lib/python3.12/site-packages/airflow/example_dags/example_latest_only_with_trigger.py took 0.137 seconds
[2025-07-31T22:10:12.221+0000] {processor.py:161} INFO - Started process (PID=12900) to work on /home/airflow/.local/lib/python3.12/site-packages/airflow/example_dags/example_latest_only_with_trigger.py
[2025-07-31T22:10:12.223+0000] {processor.py:830} INFO - Processing file /home/airflow/.local/lib/python3.12/site-packages/airflow/example_dags/example_latest_only_with_trigger.py for tasks to queue
[2025-07-31T22:10:12.224+0000] {logging_mixin.py:188} INFO - [2025-07-31T22:10:12.224+0000] {dagbag.py:545} INFO - Filling up the DagBag from /home/airflow/.local/lib/python3.12/site-packages/airflow/example_dags/example_latest_only_with_trigger.py
[2025-07-31T22:10:12.234+0000] {processor.py:840} INFO - DAG(s) 'latest_only_with_trigger' retrieved from /home/airflow/.local/lib/python3.12/site-packages/airflow/example_dags/example_latest_only_with_trigger.py
[2025-07-31T22:10:12.267+0000] {logging_mixin.py:188} INFO - [2025-07-31T22:10:12.266+0000] {dag.py:3096} INFO - Sync 1 DAGs
[2025-07-31T22:10:12.299+0000] {logging_mixin.py:188} INFO - [2025-07-31T22:10:12.299+0000] {dag.py:3954} INFO - Setting next_dagrun for latest_only_with_trigger to 2025-07-31 16:00:00+00:00, run_after=2025-07-31 20:00:00+00:00
[2025-07-31T22:10:12.334+0000] {processor.py:183} INFO - Processing /home/airflow/.local/lib/python3.12/site-packages/airflow/example_dags/example_latest_only_with_trigger.py took 0.124 seconds
[2025-07-31T22:10:42.442+0000] {processor.py:161} INFO - Started process (PID=12958) to work on /home/airflow/.local/lib/python3.12/site-packages/airflow/example_dags/example_latest_only_with_trigger.py
[2025-07-31T22:10:42.444+0000] {processor.py:830} INFO - Processing file /home/airflow/.local/lib/python3.12/site-packages/airflow/example_dags/example_latest_only_with_trigger.py for tasks to queue
[2025-07-31T22:10:42.446+0000] {logging_mixin.py:188} INFO - [2025-07-31T22:10:42.445+0000] {dagbag.py:545} INFO - Filling up the DagBag from /home/airflow/.local/lib/python3.12/site-packages/airflow/example_dags/example_latest_only_with_trigger.py
[2025-07-31T22:10:42.459+0000] {processor.py:840} INFO - DAG(s) 'latest_only_with_trigger' retrieved from /home/airflow/.local/lib/python3.12/site-packages/airflow/example_dags/example_latest_only_with_trigger.py
[2025-07-31T22:10:42.496+0000] {logging_mixin.py:188} INFO - [2025-07-31T22:10:42.495+0000] {dag.py:3096} INFO - Sync 1 DAGs
[2025-07-31T22:10:42.536+0000] {logging_mixin.py:188} INFO - [2025-07-31T22:10:42.535+0000] {dag.py:3954} INFO - Setting next_dagrun for latest_only_with_trigger to 2025-07-31 16:00:00+00:00, run_after=2025-07-31 20:00:00+00:00
[2025-07-31T22:10:42.568+0000] {processor.py:183} INFO - Processing /home/airflow/.local/lib/python3.12/site-packages/airflow/example_dags/example_latest_only_with_trigger.py took 0.137 seconds
[2025-07-31T22:11:12.981+0000] {processor.py:161} INFO - Started process (PID=13016) to work on /home/airflow/.local/lib/python3.12/site-packages/airflow/example_dags/example_latest_only_with_trigger.py
[2025-07-31T22:11:12.986+0000] {processor.py:830} INFO - Processing file /home/airflow/.local/lib/python3.12/site-packages/airflow/example_dags/example_latest_only_with_trigger.py for tasks to queue
[2025-07-31T22:11:12.988+0000] {logging_mixin.py:188} INFO - [2025-07-31T22:11:12.987+0000] {dagbag.py:545} INFO - Filling up the DagBag from /home/airflow/.local/lib/python3.12/site-packages/airflow/example_dags/example_latest_only_with_trigger.py
[2025-07-31T22:11:13.002+0000] {processor.py:840} INFO - DAG(s) 'latest_only_with_trigger' retrieved from /home/airflow/.local/lib/python3.12/site-packages/airflow/example_dags/example_latest_only_with_trigger.py
[2025-07-31T22:11:13.045+0000] {logging_mixin.py:188} INFO - [2025-07-31T22:11:13.045+0000] {dag.py:3096} INFO - Sync 1 DAGs
[2025-07-31T22:11:13.080+0000] {logging_mixin.py:188} INFO - [2025-07-31T22:11:13.080+0000] {dag.py:3954} INFO - Setting next_dagrun for latest_only_with_trigger to 2025-07-31 16:00:00+00:00, run_after=2025-07-31 20:00:00+00:00
[2025-07-31T22:11:13.246+0000] {processor.py:183} INFO - Processing /home/airflow/.local/lib/python3.12/site-packages/airflow/example_dags/example_latest_only_with_trigger.py took 0.279 seconds
[2025-07-31T22:11:44.054+0000] {processor.py:161} INFO - Started process (PID=13074) to work on /home/airflow/.local/lib/python3.12/site-packages/airflow/example_dags/example_latest_only_with_trigger.py
[2025-07-31T22:11:44.056+0000] {processor.py:830} INFO - Processing file /home/airflow/.local/lib/python3.12/site-packages/airflow/example_dags/example_latest_only_with_trigger.py for tasks to queue
[2025-07-31T22:11:44.057+0000] {logging_mixin.py:188} INFO - [2025-07-31T22:11:44.057+0000] {dagbag.py:545} INFO - Filling up the DagBag from /home/airflow/.local/lib/python3.12/site-packages/airflow/example_dags/example_latest_only_with_trigger.py
[2025-07-31T22:11:44.067+0000] {processor.py:840} INFO - DAG(s) 'latest_only_with_trigger' retrieved from /home/airflow/.local/lib/python3.12/site-packages/airflow/example_dags/example_latest_only_with_trigger.py
[2025-07-31T22:11:44.103+0000] {logging_mixin.py:188} INFO - [2025-07-31T22:11:44.102+0000] {dag.py:3096} INFO - Sync 1 DAGs
[2025-07-31T22:11:44.135+0000] {logging_mixin.py:188} INFO - [2025-07-31T22:11:44.135+0000] {dag.py:3954} INFO - Setting next_dagrun for latest_only_with_trigger to 2025-07-31 16:00:00+00:00, run_after=2025-07-31 20:00:00+00:00
[2025-07-31T22:11:44.168+0000] {processor.py:183} INFO - Processing /home/airflow/.local/lib/python3.12/site-packages/airflow/example_dags/example_latest_only_with_trigger.py took 0.123 seconds
[2025-07-31T22:12:15.076+0000] {processor.py:161} INFO - Started process (PID=13132) to work on /home/airflow/.local/lib/python3.12/site-packages/airflow/example_dags/example_latest_only_with_trigger.py
[2025-07-31T22:12:15.078+0000] {processor.py:830} INFO - Processing file /home/airflow/.local/lib/python3.12/site-packages/airflow/example_dags/example_latest_only_with_trigger.py for tasks to queue
[2025-07-31T22:12:15.080+0000] {logging_mixin.py:188} INFO - [2025-07-31T22:12:15.080+0000] {dagbag.py:545} INFO - Filling up the DagBag from /home/airflow/.local/lib/python3.12/site-packages/airflow/example_dags/example_latest_only_with_trigger.py
[2025-07-31T22:12:15.094+0000] {processor.py:840} INFO - DAG(s) 'latest_only_with_trigger' retrieved from /home/airflow/.local/lib/python3.12/site-packages/airflow/example_dags/example_latest_only_with_trigger.py
[2025-07-31T22:12:15.132+0000] {logging_mixin.py:188} INFO - [2025-07-31T22:12:15.131+0000] {dag.py:3096} INFO - Sync 1 DAGs
[2025-07-31T22:12:15.165+0000] {logging_mixin.py:188} INFO - [2025-07-31T22:12:15.164+0000] {dag.py:3954} INFO - Setting next_dagrun for latest_only_with_trigger to 2025-07-31 16:00:00+00:00, run_after=2025-07-31 20:00:00+00:00
[2025-07-31T22:12:15.196+0000] {processor.py:183} INFO - Processing /home/airflow/.local/lib/python3.12/site-packages/airflow/example_dags/example_latest_only_with_trigger.py took 0.132 seconds
[2025-07-31T22:12:45.543+0000] {processor.py:161} INFO - Started process (PID=13190) to work on /home/airflow/.local/lib/python3.12/site-packages/airflow/example_dags/example_latest_only_with_trigger.py
[2025-07-31T22:12:45.544+0000] {processor.py:830} INFO - Processing file /home/airflow/.local/lib/python3.12/site-packages/airflow/example_dags/example_latest_only_with_trigger.py for tasks to queue
[2025-07-31T22:12:45.546+0000] {logging_mixin.py:188} INFO - [2025-07-31T22:12:45.545+0000] {dagbag.py:545} INFO - Filling up the DagBag from /home/airflow/.local/lib/python3.12/site-packages/airflow/example_dags/example_latest_only_with_trigger.py
[2025-07-31T22:12:45.556+0000] {processor.py:840} INFO - DAG(s) 'latest_only_with_trigger' retrieved from /home/airflow/.local/lib/python3.12/site-packages/airflow/example_dags/example_latest_only_with_trigger.py
[2025-07-31T22:12:45.595+0000] {logging_mixin.py:188} INFO - [2025-07-31T22:12:45.594+0000] {dag.py:3096} INFO - Sync 1 DAGs
[2025-07-31T22:12:45.633+0000] {logging_mixin.py:188} INFO - [2025-07-31T22:12:45.632+0000] {dag.py:3954} INFO - Setting next_dagrun for latest_only_with_trigger to 2025-07-31 16:00:00+00:00, run_after=2025-07-31 20:00:00+00:00
[2025-07-31T22:12:45.669+0000] {processor.py:183} INFO - Processing /home/airflow/.local/lib/python3.12/site-packages/airflow/example_dags/example_latest_only_with_trigger.py took 0.138 seconds
[2025-07-31T22:13:15.820+0000] {processor.py:161} INFO - Started process (PID=13248) to work on /home/airflow/.local/lib/python3.12/site-packages/airflow/example_dags/example_latest_only_with_trigger.py
[2025-07-31T22:13:15.822+0000] {processor.py:830} INFO - Processing file /home/airflow/.local/lib/python3.12/site-packages/airflow/example_dags/example_latest_only_with_trigger.py for tasks to queue
[2025-07-31T22:13:15.823+0000] {logging_mixin.py:188} INFO - [2025-07-31T22:13:15.823+0000] {dagbag.py:545} INFO - Filling up the DagBag from /home/airflow/.local/lib/python3.12/site-packages/airflow/example_dags/example_latest_only_with_trigger.py
[2025-07-31T22:13:15.832+0000] {processor.py:840} INFO - DAG(s) 'latest_only_with_trigger' retrieved from /home/airflow/.local/lib/python3.12/site-packages/airflow/example_dags/example_latest_only_with_trigger.py
[2025-07-31T22:13:15.875+0000] {logging_mixin.py:188} INFO - [2025-07-31T22:13:15.875+0000] {dag.py:3096} INFO - Sync 1 DAGs
[2025-07-31T22:13:15.910+0000] {logging_mixin.py:188} INFO - [2025-07-31T22:13:15.909+0000] {dag.py:3954} INFO - Setting next_dagrun for latest_only_with_trigger to 2025-07-31 16:00:00+00:00, run_after=2025-07-31 20:00:00+00:00
[2025-07-31T22:13:15.944+0000] {processor.py:183} INFO - Processing /home/airflow/.local/lib/python3.12/site-packages/airflow/example_dags/example_latest_only_with_trigger.py took 0.135 seconds
[2025-07-31T22:13:46.480+0000] {processor.py:161} INFO - Started process (PID=13307) to work on /home/airflow/.local/lib/python3.12/site-packages/airflow/example_dags/example_latest_only_with_trigger.py
[2025-07-31T22:13:46.482+0000] {processor.py:830} INFO - Processing file /home/airflow/.local/lib/python3.12/site-packages/airflow/example_dags/example_latest_only_with_trigger.py for tasks to queue
[2025-07-31T22:13:46.484+0000] {logging_mixin.py:188} INFO - [2025-07-31T22:13:46.483+0000] {dagbag.py:545} INFO - Filling up the DagBag from /home/airflow/.local/lib/python3.12/site-packages/airflow/example_dags/example_latest_only_with_trigger.py
[2025-07-31T22:13:46.493+0000] {processor.py:840} INFO - DAG(s) 'latest_only_with_trigger' retrieved from /home/airflow/.local/lib/python3.12/site-packages/airflow/example_dags/example_latest_only_with_trigger.py
[2025-07-31T22:13:46.528+0000] {logging_mixin.py:188} INFO - [2025-07-31T22:13:46.528+0000] {dag.py:3096} INFO - Sync 1 DAGs
[2025-07-31T22:13:46.567+0000] {logging_mixin.py:188} INFO - [2025-07-31T22:13:46.566+0000] {dag.py:3954} INFO - Setting next_dagrun for latest_only_with_trigger to 2025-07-31 16:00:00+00:00, run_after=2025-07-31 20:00:00+00:00
[2025-07-31T22:13:46.604+0000] {processor.py:183} INFO - Processing /home/airflow/.local/lib/python3.12/site-packages/airflow/example_dags/example_latest_only_with_trigger.py took 0.133 seconds
[2025-07-31T22:14:16.916+0000] {processor.py:161} INFO - Started process (PID=13365) to work on /home/airflow/.local/lib/python3.12/site-packages/airflow/example_dags/example_latest_only_with_trigger.py
[2025-07-31T22:14:16.917+0000] {processor.py:830} INFO - Processing file /home/airflow/.local/lib/python3.12/site-packages/airflow/example_dags/example_latest_only_with_trigger.py for tasks to queue
[2025-07-31T22:14:16.919+0000] {logging_mixin.py:188} INFO - [2025-07-31T22:14:16.918+0000] {dagbag.py:545} INFO - Filling up the DagBag from /home/airflow/.local/lib/python3.12/site-packages/airflow/example_dags/example_latest_only_with_trigger.py
[2025-07-31T22:14:16.928+0000] {processor.py:840} INFO - DAG(s) 'latest_only_with_trigger' retrieved from /home/airflow/.local/lib/python3.12/site-packages/airflow/example_dags/example_latest_only_with_trigger.py
[2025-07-31T22:14:16.965+0000] {logging_mixin.py:188} INFO - [2025-07-31T22:14:16.964+0000] {dag.py:3096} INFO - Sync 1 DAGs
[2025-07-31T22:14:17.000+0000] {logging_mixin.py:188} INFO - [2025-07-31T22:14:17.000+0000] {dag.py:3954} INFO - Setting next_dagrun for latest_only_with_trigger to 2025-07-31 16:00:00+00:00, run_after=2025-07-31 20:00:00+00:00
[2025-07-31T22:14:17.039+0000] {processor.py:183} INFO - Processing /home/airflow/.local/lib/python3.12/site-packages/airflow/example_dags/example_latest_only_with_trigger.py took 0.133 seconds
[2025-07-31T22:14:47.340+0000] {processor.py:161} INFO - Started process (PID=13423) to work on /home/airflow/.local/lib/python3.12/site-packages/airflow/example_dags/example_latest_only_with_trigger.py
[2025-07-31T22:14:47.342+0000] {processor.py:830} INFO - Processing file /home/airflow/.local/lib/python3.12/site-packages/airflow/example_dags/example_latest_only_with_trigger.py for tasks to queue
[2025-07-31T22:14:47.343+0000] {logging_mixin.py:188} INFO - [2025-07-31T22:14:47.343+0000] {dagbag.py:545} INFO - Filling up the DagBag from /home/airflow/.local/lib/python3.12/site-packages/airflow/example_dags/example_latest_only_with_trigger.py
[2025-07-31T22:14:47.352+0000] {processor.py:840} INFO - DAG(s) 'latest_only_with_trigger' retrieved from /home/airflow/.local/lib/python3.12/site-packages/airflow/example_dags/example_latest_only_with_trigger.py
[2025-07-31T22:14:47.393+0000] {logging_mixin.py:188} INFO - [2025-07-31T22:14:47.392+0000] {dag.py:3096} INFO - Sync 1 DAGs
[2025-07-31T22:14:47.428+0000] {logging_mixin.py:188} INFO - [2025-07-31T22:14:47.428+0000] {dag.py:3954} INFO - Setting next_dagrun for latest_only_with_trigger to 2025-07-31 16:00:00+00:00, run_after=2025-07-31 20:00:00+00:00
[2025-07-31T22:14:47.470+0000] {processor.py:183} INFO - Processing /home/airflow/.local/lib/python3.12/site-packages/airflow/example_dags/example_latest_only_with_trigger.py took 0.138 seconds
[2025-07-31T22:15:18.102+0000] {processor.py:161} INFO - Started process (PID=13481) to work on /home/airflow/.local/lib/python3.12/site-packages/airflow/example_dags/example_latest_only_with_trigger.py
[2025-07-31T22:15:18.105+0000] {processor.py:830} INFO - Processing file /home/airflow/.local/lib/python3.12/site-packages/airflow/example_dags/example_latest_only_with_trigger.py for tasks to queue
[2025-07-31T22:15:18.107+0000] {logging_mixin.py:188} INFO - [2025-07-31T22:15:18.106+0000] {dagbag.py:545} INFO - Filling up the DagBag from /home/airflow/.local/lib/python3.12/site-packages/airflow/example_dags/example_latest_only_with_trigger.py
[2025-07-31T22:15:18.120+0000] {processor.py:840} INFO - DAG(s) 'latest_only_with_trigger' retrieved from /home/airflow/.local/lib/python3.12/site-packages/airflow/example_dags/example_latest_only_with_trigger.py
[2025-07-31T22:15:18.156+0000] {logging_mixin.py:188} INFO - [2025-07-31T22:15:18.155+0000] {dag.py:3096} INFO - Sync 1 DAGs
[2025-07-31T22:15:18.187+0000] {logging_mixin.py:188} INFO - [2025-07-31T22:15:18.186+0000] {dag.py:3954} INFO - Setting next_dagrun for latest_only_with_trigger to 2025-07-31 16:00:00+00:00, run_after=2025-07-31 20:00:00+00:00
[2025-07-31T22:15:18.223+0000] {processor.py:183} INFO - Processing /home/airflow/.local/lib/python3.12/site-packages/airflow/example_dags/example_latest_only_with_trigger.py took 0.137 seconds
[2025-07-31T22:15:49.148+0000] {processor.py:161} INFO - Started process (PID=13540) to work on /home/airflow/.local/lib/python3.12/site-packages/airflow/example_dags/example_latest_only_with_trigger.py
[2025-07-31T22:15:49.154+0000] {processor.py:830} INFO - Processing file /home/airflow/.local/lib/python3.12/site-packages/airflow/example_dags/example_latest_only_with_trigger.py for tasks to queue
[2025-07-31T22:15:49.160+0000] {logging_mixin.py:188} INFO - [2025-07-31T22:15:49.158+0000] {dagbag.py:545} INFO - Filling up the DagBag from /home/airflow/.local/lib/python3.12/site-packages/airflow/example_dags/example_latest_only_with_trigger.py
[2025-07-31T22:15:49.181+0000] {processor.py:840} INFO - DAG(s) 'latest_only_with_trigger' retrieved from /home/airflow/.local/lib/python3.12/site-packages/airflow/example_dags/example_latest_only_with_trigger.py
[2025-07-31T22:15:49.246+0000] {logging_mixin.py:188} INFO - [2025-07-31T22:15:49.246+0000] {dag.py:3096} INFO - Sync 1 DAGs
[2025-07-31T22:15:49.296+0000] {logging_mixin.py:188} INFO - [2025-07-31T22:15:49.296+0000] {dag.py:3954} INFO - Setting next_dagrun for latest_only_with_trigger to 2025-07-31 16:00:00+00:00, run_after=2025-07-31 20:00:00+00:00
[2025-07-31T22:15:49.340+0000] {processor.py:183} INFO - Processing /home/airflow/.local/lib/python3.12/site-packages/airflow/example_dags/example_latest_only_with_trigger.py took 0.210 seconds
[2025-07-31T22:16:19.813+0000] {processor.py:161} INFO - Started process (PID=13598) to work on /home/airflow/.local/lib/python3.12/site-packages/airflow/example_dags/example_latest_only_with_trigger.py
[2025-07-31T22:16:19.815+0000] {processor.py:830} INFO - Processing file /home/airflow/.local/lib/python3.12/site-packages/airflow/example_dags/example_latest_only_with_trigger.py for tasks to queue
[2025-07-31T22:16:19.817+0000] {logging_mixin.py:188} INFO - [2025-07-31T22:16:19.816+0000] {dagbag.py:545} INFO - Filling up the DagBag from /home/airflow/.local/lib/python3.12/site-packages/airflow/example_dags/example_latest_only_with_trigger.py
[2025-07-31T22:16:19.830+0000] {processor.py:840} INFO - DAG(s) 'latest_only_with_trigger' retrieved from /home/airflow/.local/lib/python3.12/site-packages/airflow/example_dags/example_latest_only_with_trigger.py
[2025-07-31T22:16:19.891+0000] {logging_mixin.py:188} INFO - [2025-07-31T22:16:19.890+0000] {dag.py:3096} INFO - Sync 1 DAGs
[2025-07-31T22:16:19.930+0000] {logging_mixin.py:188} INFO - [2025-07-31T22:16:19.929+0000] {dag.py:3954} INFO - Setting next_dagrun for latest_only_with_trigger to 2025-07-31 16:00:00+00:00, run_after=2025-07-31 20:00:00+00:00
[2025-07-31T22:16:19.967+0000] {processor.py:183} INFO - Processing /home/airflow/.local/lib/python3.12/site-packages/airflow/example_dags/example_latest_only_with_trigger.py took 0.166 seconds
[2025-07-31T22:16:50.084+0000] {processor.py:161} INFO - Started process (PID=13656) to work on /home/airflow/.local/lib/python3.12/site-packages/airflow/example_dags/example_latest_only_with_trigger.py
[2025-07-31T22:16:50.086+0000] {processor.py:830} INFO - Processing file /home/airflow/.local/lib/python3.12/site-packages/airflow/example_dags/example_latest_only_with_trigger.py for tasks to queue
[2025-07-31T22:16:50.088+0000] {logging_mixin.py:188} INFO - [2025-07-31T22:16:50.087+0000] {dagbag.py:545} INFO - Filling up the DagBag from /home/airflow/.local/lib/python3.12/site-packages/airflow/example_dags/example_latest_only_with_trigger.py
[2025-07-31T22:16:50.100+0000] {processor.py:840} INFO - DAG(s) 'latest_only_with_trigger' retrieved from /home/airflow/.local/lib/python3.12/site-packages/airflow/example_dags/example_latest_only_with_trigger.py
[2025-07-31T22:16:50.149+0000] {logging_mixin.py:188} INFO - [2025-07-31T22:16:50.149+0000] {dag.py:3096} INFO - Sync 1 DAGs
[2025-07-31T22:16:50.186+0000] {logging_mixin.py:188} INFO - [2025-07-31T22:16:50.186+0000] {dag.py:3954} INFO - Setting next_dagrun for latest_only_with_trigger to 2025-07-31 16:00:00+00:00, run_after=2025-07-31 20:00:00+00:00
[2025-07-31T22:16:50.220+0000] {processor.py:183} INFO - Processing /home/airflow/.local/lib/python3.12/site-packages/airflow/example_dags/example_latest_only_with_trigger.py took 0.146 seconds
[2025-07-31T22:17:20.352+0000] {processor.py:161} INFO - Started process (PID=13714) to work on /home/airflow/.local/lib/python3.12/site-packages/airflow/example_dags/example_latest_only_with_trigger.py
[2025-07-31T22:17:20.354+0000] {processor.py:830} INFO - Processing file /home/airflow/.local/lib/python3.12/site-packages/airflow/example_dags/example_latest_only_with_trigger.py for tasks to queue
[2025-07-31T22:17:20.356+0000] {logging_mixin.py:188} INFO - [2025-07-31T22:17:20.355+0000] {dagbag.py:545} INFO - Filling up the DagBag from /home/airflow/.local/lib/python3.12/site-packages/airflow/example_dags/example_latest_only_with_trigger.py
[2025-07-31T22:17:20.368+0000] {processor.py:840} INFO - DAG(s) 'latest_only_with_trigger' retrieved from /home/airflow/.local/lib/python3.12/site-packages/airflow/example_dags/example_latest_only_with_trigger.py
[2025-07-31T22:17:20.405+0000] {logging_mixin.py:188} INFO - [2025-07-31T22:17:20.405+0000] {dag.py:3096} INFO - Sync 1 DAGs
[2025-07-31T22:17:20.444+0000] {logging_mixin.py:188} INFO - [2025-07-31T22:17:20.444+0000] {dag.py:3954} INFO - Setting next_dagrun for latest_only_with_trigger to 2025-07-31 16:00:00+00:00, run_after=2025-07-31 20:00:00+00:00
[2025-07-31T22:17:20.476+0000] {processor.py:183} INFO - Processing /home/airflow/.local/lib/python3.12/site-packages/airflow/example_dags/example_latest_only_with_trigger.py took 0.135 seconds
[2025-07-31T22:17:51.328+0000] {processor.py:161} INFO - Started process (PID=13772) to work on /home/airflow/.local/lib/python3.12/site-packages/airflow/example_dags/example_latest_only_with_trigger.py
[2025-07-31T22:17:51.329+0000] {processor.py:830} INFO - Processing file /home/airflow/.local/lib/python3.12/site-packages/airflow/example_dags/example_latest_only_with_trigger.py for tasks to queue
[2025-07-31T22:17:51.331+0000] {logging_mixin.py:188} INFO - [2025-07-31T22:17:51.330+0000] {dagbag.py:545} INFO - Filling up the DagBag from /home/airflow/.local/lib/python3.12/site-packages/airflow/example_dags/example_latest_only_with_trigger.py
[2025-07-31T22:17:51.340+0000] {processor.py:840} INFO - DAG(s) 'latest_only_with_trigger' retrieved from /home/airflow/.local/lib/python3.12/site-packages/airflow/example_dags/example_latest_only_with_trigger.py
[2025-07-31T22:17:51.383+0000] {logging_mixin.py:188} INFO - [2025-07-31T22:17:51.382+0000] {dag.py:3096} INFO - Sync 1 DAGs
[2025-07-31T22:17:51.420+0000] {logging_mixin.py:188} INFO - [2025-07-31T22:17:51.420+0000] {dag.py:3954} INFO - Setting next_dagrun for latest_only_with_trigger to 2025-07-31 16:00:00+00:00, run_after=2025-07-31 20:00:00+00:00
[2025-07-31T22:17:51.448+0000] {processor.py:183} INFO - Processing /home/airflow/.local/lib/python3.12/site-packages/airflow/example_dags/example_latest_only_with_trigger.py took 0.129 seconds
