[2025-07-31T03:25:10.682+0000] {processor.py:161} INFO - Started process (PID=12524) to work on /home/airflow/.local/lib/python3.12/site-packages/airflow/example_dags/example_branch_day_of_week_operator.py
[2025-07-31T03:25:10.686+0000] {processor.py:830} INFO - Processing file /home/airflow/.local/lib/python3.12/site-packages/airflow/example_dags/example_branch_day_of_week_operator.py for tasks to queue
[2025-07-31T03:25:10.698+0000] {logging_mixin.py:188} INFO - [2025-07-31T03:25:10.697+0000] {dagbag.py:545} INFO - Filling up the DagBag from /home/airflow/.local/lib/python3.12/site-packages/airflow/example_dags/example_branch_day_of_week_operator.py
[2025-07-31T03:25:10.732+0000] {processor.py:840} INFO - DAG(s) 'example_weekday_branch_operator' retrieved from /home/airflow/.local/lib/python3.12/site-packages/airflow/example_dags/example_branch_day_of_week_operator.py
[2025-07-31T03:25:10.869+0000] {logging_mixin.py:188} INFO - [2025-07-31T03:25:10.868+0000] {dag.py:3096} INFO - Sync 1 DAGs
[2025-07-31T03:25:11.020+0000] {logging_mixin.py:188} INFO - [2025-07-31T03:25:11.019+0000] {dag.py:3954} INFO - Setting next_dagrun for example_weekday_branch_operator to 2025-07-30 00:00:00+00:00, run_after=2025-07-31 00:00:00+00:00
[2025-07-31T03:25:11.146+0000] {processor.py:183} INFO - Processing /home/airflow/.local/lib/python3.12/site-packages/airflow/example_dags/example_branch_day_of_week_operator.py took 0.488 seconds
[2025-07-31T22:07:38.773+0000] {processor.py:161} INFO - Started process (PID=12605) to work on /home/airflow/.local/lib/python3.12/site-packages/airflow/example_dags/example_branch_day_of_week_operator.py
[2025-07-31T22:07:38.777+0000] {processor.py:830} INFO - Processing file /home/airflow/.local/lib/python3.12/site-packages/airflow/example_dags/example_branch_day_of_week_operator.py for tasks to queue
[2025-07-31T22:07:38.781+0000] {logging_mixin.py:188} INFO - [2025-07-31T22:07:38.780+0000] {dagbag.py:545} INFO - Filling up the DagBag from /home/airflow/.local/lib/python3.12/site-packages/airflow/example_dags/example_branch_day_of_week_operator.py
[2025-07-31T22:07:38.798+0000] {processor.py:840} INFO - DAG(s) 'example_weekday_branch_operator' retrieved from /home/airflow/.local/lib/python3.12/site-packages/airflow/example_dags/example_branch_day_of_week_operator.py
[2025-07-31T22:07:38.849+0000] {logging_mixin.py:188} INFO - [2025-07-31T22:07:38.848+0000] {dag.py:3096} INFO - Sync 1 DAGs
[2025-07-31T22:07:38.898+0000] {logging_mixin.py:188} INFO - [2025-07-31T22:07:38.897+0000] {dag.py:3954} INFO - Setting next_dagrun for example_weekday_branch_operator to 2025-07-30 00:00:00+00:00, run_after=2025-07-31 00:00:00+00:00
[2025-07-31T22:07:38.951+0000] {processor.py:183} INFO - Processing /home/airflow/.local/lib/python3.12/site-packages/airflow/example_dags/example_branch_day_of_week_operator.py took 0.190 seconds
[2025-07-31T22:08:09.239+0000] {processor.py:161} INFO - Started process (PID=12663) to work on /home/airflow/.local/lib/python3.12/site-packages/airflow/example_dags/example_branch_day_of_week_operator.py
[2025-07-31T22:08:09.241+0000] {processor.py:830} INFO - Processing file /home/airflow/.local/lib/python3.12/site-packages/airflow/example_dags/example_branch_day_of_week_operator.py for tasks to queue
[2025-07-31T22:08:09.242+0000] {logging_mixin.py:188} INFO - [2025-07-31T22:08:09.242+0000] {dagbag.py:545} INFO - Filling up the DagBag from /home/airflow/.local/lib/python3.12/site-packages/airflow/example_dags/example_branch_day_of_week_operator.py
[2025-07-31T22:08:09.251+0000] {processor.py:840} INFO - DAG(s) 'example_weekday_branch_operator' retrieved from /home/airflow/.local/lib/python3.12/site-packages/airflow/example_dags/example_branch_day_of_week_operator.py
[2025-07-31T22:08:09.279+0000] {logging_mixin.py:188} INFO - [2025-07-31T22:08:09.279+0000] {dag.py:3096} INFO - Sync 1 DAGs
[2025-07-31T22:08:09.303+0000] {logging_mixin.py:188} INFO - [2025-07-31T22:08:09.303+0000] {dag.py:3954} INFO - Setting next_dagrun for example_weekday_branch_operator to 2025-07-30 00:00:00+00:00, run_after=2025-07-31 00:00:00+00:00
[2025-07-31T22:08:09.325+0000] {processor.py:183} INFO - Processing /home/airflow/.local/lib/python3.12/site-packages/airflow/example_dags/example_branch_day_of_week_operator.py took 0.093 seconds
[2025-07-31T22:08:39.530+0000] {processor.py:161} INFO - Started process (PID=12722) to work on /home/airflow/.local/lib/python3.12/site-packages/airflow/example_dags/example_branch_day_of_week_operator.py
[2025-07-31T22:08:39.532+0000] {processor.py:830} INFO - Processing file /home/airflow/.local/lib/python3.12/site-packages/airflow/example_dags/example_branch_day_of_week_operator.py for tasks to queue
[2025-07-31T22:08:39.533+0000] {logging_mixin.py:188} INFO - [2025-07-31T22:08:39.532+0000] {dagbag.py:545} INFO - Filling up the DagBag from /home/airflow/.local/lib/python3.12/site-packages/airflow/example_dags/example_branch_day_of_week_operator.py
[2025-07-31T22:08:39.543+0000] {processor.py:840} INFO - DAG(s) 'example_weekday_branch_operator' retrieved from /home/airflow/.local/lib/python3.12/site-packages/airflow/example_dags/example_branch_day_of_week_operator.py
[2025-07-31T22:08:39.573+0000] {logging_mixin.py:188} INFO - [2025-07-31T22:08:39.573+0000] {dag.py:3096} INFO - Sync 1 DAGs
[2025-07-31T22:08:39.602+0000] {logging_mixin.py:188} INFO - [2025-07-31T22:08:39.601+0000] {dag.py:3954} INFO - Setting next_dagrun for example_weekday_branch_operator to 2025-07-30 00:00:00+00:00, run_after=2025-07-31 00:00:00+00:00
[2025-07-31T22:08:39.626+0000] {processor.py:183} INFO - Processing /home/airflow/.local/lib/python3.12/site-packages/airflow/example_dags/example_branch_day_of_week_operator.py took 0.103 seconds
[2025-07-31T22:09:09.956+0000] {processor.py:161} INFO - Started process (PID=12781) to work on /home/airflow/.local/lib/python3.12/site-packages/airflow/example_dags/example_branch_day_of_week_operator.py
[2025-07-31T22:09:09.958+0000] {processor.py:830} INFO - Processing file /home/airflow/.local/lib/python3.12/site-packages/airflow/example_dags/example_branch_day_of_week_operator.py for tasks to queue
[2025-07-31T22:09:09.959+0000] {logging_mixin.py:188} INFO - [2025-07-31T22:09:09.959+0000] {dagbag.py:545} INFO - Filling up the DagBag from /home/airflow/.local/lib/python3.12/site-packages/airflow/example_dags/example_branch_day_of_week_operator.py
[2025-07-31T22:09:09.971+0000] {processor.py:840} INFO - DAG(s) 'example_weekday_branch_operator' retrieved from /home/airflow/.local/lib/python3.12/site-packages/airflow/example_dags/example_branch_day_of_week_operator.py
[2025-07-31T22:09:10.010+0000] {logging_mixin.py:188} INFO - [2025-07-31T22:09:10.010+0000] {dag.py:3096} INFO - Sync 1 DAGs
[2025-07-31T22:09:10.046+0000] {logging_mixin.py:188} INFO - [2025-07-31T22:09:10.046+0000] {dag.py:3954} INFO - Setting next_dagrun for example_weekday_branch_operator to 2025-07-30 00:00:00+00:00, run_after=2025-07-31 00:00:00+00:00
[2025-07-31T22:09:10.077+0000] {processor.py:183} INFO - Processing /home/airflow/.local/lib/python3.12/site-packages/airflow/example_dags/example_branch_day_of_week_operator.py took 0.130 seconds
[2025-07-31T22:09:40.684+0000] {processor.py:161} INFO - Started process (PID=12840) to work on /home/airflow/.local/lib/python3.12/site-packages/airflow/example_dags/example_branch_day_of_week_operator.py
[2025-07-31T22:09:40.686+0000] {processor.py:830} INFO - Processing file /home/airflow/.local/lib/python3.12/site-packages/airflow/example_dags/example_branch_day_of_week_operator.py for tasks to queue
[2025-07-31T22:09:40.687+0000] {logging_mixin.py:188} INFO - [2025-07-31T22:09:40.687+0000] {dagbag.py:545} INFO - Filling up the DagBag from /home/airflow/.local/lib/python3.12/site-packages/airflow/example_dags/example_branch_day_of_week_operator.py
[2025-07-31T22:09:40.701+0000] {processor.py:840} INFO - DAG(s) 'example_weekday_branch_operator' retrieved from /home/airflow/.local/lib/python3.12/site-packages/airflow/example_dags/example_branch_day_of_week_operator.py
[2025-07-31T22:09:40.739+0000] {logging_mixin.py:188} INFO - [2025-07-31T22:09:40.738+0000] {dag.py:3096} INFO - Sync 1 DAGs
[2025-07-31T22:09:40.772+0000] {logging_mixin.py:188} INFO - [2025-07-31T22:09:40.771+0000] {dag.py:3954} INFO - Setting next_dagrun for example_weekday_branch_operator to 2025-07-30 00:00:00+00:00, run_after=2025-07-31 00:00:00+00:00
[2025-07-31T22:09:40.810+0000] {processor.py:183} INFO - Processing /home/airflow/.local/lib/python3.12/site-packages/airflow/example_dags/example_branch_day_of_week_operator.py took 0.135 seconds
[2025-07-31T22:10:11.966+0000] {processor.py:161} INFO - Started process (PID=12898) to work on /home/airflow/.local/lib/python3.12/site-packages/airflow/example_dags/example_branch_day_of_week_operator.py
[2025-07-31T22:10:11.968+0000] {processor.py:830} INFO - Processing file /home/airflow/.local/lib/python3.12/site-packages/airflow/example_dags/example_branch_day_of_week_operator.py for tasks to queue
[2025-07-31T22:10:11.970+0000] {logging_mixin.py:188} INFO - [2025-07-31T22:10:11.969+0000] {dagbag.py:545} INFO - Filling up the DagBag from /home/airflow/.local/lib/python3.12/site-packages/airflow/example_dags/example_branch_day_of_week_operator.py
[2025-07-31T22:10:11.985+0000] {processor.py:840} INFO - DAG(s) 'example_weekday_branch_operator' retrieved from /home/airflow/.local/lib/python3.12/site-packages/airflow/example_dags/example_branch_day_of_week_operator.py
[2025-07-31T22:10:12.041+0000] {logging_mixin.py:188} INFO - [2025-07-31T22:10:12.041+0000] {dag.py:3096} INFO - Sync 1 DAGs
[2025-07-31T22:10:12.098+0000] {logging_mixin.py:188} INFO - [2025-07-31T22:10:12.097+0000] {dag.py:3954} INFO - Setting next_dagrun for example_weekday_branch_operator to 2025-07-30 00:00:00+00:00, run_after=2025-07-31 00:00:00+00:00
[2025-07-31T22:10:12.143+0000] {processor.py:183} INFO - Processing /home/airflow/.local/lib/python3.12/site-packages/airflow/example_dags/example_branch_day_of_week_operator.py took 0.191 seconds
[2025-07-31T22:10:42.228+0000] {processor.py:161} INFO - Started process (PID=12956) to work on /home/airflow/.local/lib/python3.12/site-packages/airflow/example_dags/example_branch_day_of_week_operator.py
[2025-07-31T22:10:42.230+0000] {processor.py:830} INFO - Processing file /home/airflow/.local/lib/python3.12/site-packages/airflow/example_dags/example_branch_day_of_week_operator.py for tasks to queue
[2025-07-31T22:10:42.231+0000] {logging_mixin.py:188} INFO - [2025-07-31T22:10:42.231+0000] {dagbag.py:545} INFO - Filling up the DagBag from /home/airflow/.local/lib/python3.12/site-packages/airflow/example_dags/example_branch_day_of_week_operator.py
[2025-07-31T22:10:42.243+0000] {processor.py:840} INFO - DAG(s) 'example_weekday_branch_operator' retrieved from /home/airflow/.local/lib/python3.12/site-packages/airflow/example_dags/example_branch_day_of_week_operator.py
[2025-07-31T22:10:42.285+0000] {logging_mixin.py:188} INFO - [2025-07-31T22:10:42.285+0000] {dag.py:3096} INFO - Sync 1 DAGs
[2025-07-31T22:10:42.324+0000] {logging_mixin.py:188} INFO - [2025-07-31T22:10:42.323+0000] {dag.py:3954} INFO - Setting next_dagrun for example_weekday_branch_operator to 2025-07-30 00:00:00+00:00, run_after=2025-07-31 00:00:00+00:00
[2025-07-31T22:10:42.357+0000] {processor.py:183} INFO - Processing /home/airflow/.local/lib/python3.12/site-packages/airflow/example_dags/example_branch_day_of_week_operator.py took 0.140 seconds
[2025-07-31T22:11:12.744+0000] {processor.py:161} INFO - Started process (PID=13014) to work on /home/airflow/.local/lib/python3.12/site-packages/airflow/example_dags/example_branch_day_of_week_operator.py
[2025-07-31T22:11:12.747+0000] {processor.py:830} INFO - Processing file /home/airflow/.local/lib/python3.12/site-packages/airflow/example_dags/example_branch_day_of_week_operator.py for tasks to queue
[2025-07-31T22:11:12.748+0000] {logging_mixin.py:188} INFO - [2025-07-31T22:11:12.748+0000] {dagbag.py:545} INFO - Filling up the DagBag from /home/airflow/.local/lib/python3.12/site-packages/airflow/example_dags/example_branch_day_of_week_operator.py
[2025-07-31T22:11:12.763+0000] {processor.py:840} INFO - DAG(s) 'example_weekday_branch_operator' retrieved from /home/airflow/.local/lib/python3.12/site-packages/airflow/example_dags/example_branch_day_of_week_operator.py
[2025-07-31T22:11:12.809+0000] {logging_mixin.py:188} INFO - [2025-07-31T22:11:12.809+0000] {dag.py:3096} INFO - Sync 1 DAGs
[2025-07-31T22:11:12.854+0000] {logging_mixin.py:188} INFO - [2025-07-31T22:11:12.854+0000] {dag.py:3954} INFO - Setting next_dagrun for example_weekday_branch_operator to 2025-07-30 00:00:00+00:00, run_after=2025-07-31 00:00:00+00:00
[2025-07-31T22:11:12.900+0000] {processor.py:183} INFO - Processing /home/airflow/.local/lib/python3.12/site-packages/airflow/example_dags/example_branch_day_of_week_operator.py took 0.169 seconds
[2025-07-31T22:11:43.025+0000] {processor.py:161} INFO - Started process (PID=13072) to work on /home/airflow/.local/lib/python3.12/site-packages/airflow/example_dags/example_branch_day_of_week_operator.py
[2025-07-31T22:11:43.027+0000] {processor.py:830} INFO - Processing file /home/airflow/.local/lib/python3.12/site-packages/airflow/example_dags/example_branch_day_of_week_operator.py for tasks to queue
[2025-07-31T22:11:43.028+0000] {logging_mixin.py:188} INFO - [2025-07-31T22:11:43.028+0000] {dagbag.py:545} INFO - Filling up the DagBag from /home/airflow/.local/lib/python3.12/site-packages/airflow/example_dags/example_branch_day_of_week_operator.py
[2025-07-31T22:11:43.043+0000] {processor.py:840} INFO - DAG(s) 'example_weekday_branch_operator' retrieved from /home/airflow/.local/lib/python3.12/site-packages/airflow/example_dags/example_branch_day_of_week_operator.py
[2025-07-31T22:11:43.083+0000] {logging_mixin.py:188} INFO - [2025-07-31T22:11:43.083+0000] {dag.py:3096} INFO - Sync 1 DAGs
[2025-07-31T22:11:43.121+0000] {logging_mixin.py:188} INFO - [2025-07-31T22:11:43.120+0000] {dag.py:3954} INFO - Setting next_dagrun for example_weekday_branch_operator to 2025-07-30 00:00:00+00:00, run_after=2025-07-31 00:00:00+00:00
[2025-07-31T22:11:43.155+0000] {processor.py:183} INFO - Processing /home/airflow/.local/lib/python3.12/site-packages/airflow/example_dags/example_branch_day_of_week_operator.py took 0.141 seconds
[2025-07-31T22:12:13.856+0000] {processor.py:161} INFO - Started process (PID=13130) to work on /home/airflow/.local/lib/python3.12/site-packages/airflow/example_dags/example_branch_day_of_week_operator.py
[2025-07-31T22:12:13.857+0000] {processor.py:830} INFO - Processing file /home/airflow/.local/lib/python3.12/site-packages/airflow/example_dags/example_branch_day_of_week_operator.py for tasks to queue
[2025-07-31T22:12:13.858+0000] {logging_mixin.py:188} INFO - [2025-07-31T22:12:13.858+0000] {dagbag.py:545} INFO - Filling up the DagBag from /home/airflow/.local/lib/python3.12/site-packages/airflow/example_dags/example_branch_day_of_week_operator.py
[2025-07-31T22:12:13.869+0000] {processor.py:840} INFO - DAG(s) 'example_weekday_branch_operator' retrieved from /home/airflow/.local/lib/python3.12/site-packages/airflow/example_dags/example_branch_day_of_week_operator.py
[2025-07-31T22:12:13.906+0000] {logging_mixin.py:188} INFO - [2025-07-31T22:12:13.906+0000] {dag.py:3096} INFO - Sync 1 DAGs
[2025-07-31T22:12:13.939+0000] {logging_mixin.py:188} INFO - [2025-07-31T22:12:13.939+0000] {dag.py:3954} INFO - Setting next_dagrun for example_weekday_branch_operator to 2025-07-30 00:00:00+00:00, run_after=2025-07-31 00:00:00+00:00
[2025-07-31T22:12:13.972+0000] {processor.py:183} INFO - Processing /home/airflow/.local/lib/python3.12/site-packages/airflow/example_dags/example_branch_day_of_week_operator.py took 0.126 seconds
[2025-07-31T22:12:44.343+0000] {processor.py:161} INFO - Started process (PID=13188) to work on /home/airflow/.local/lib/python3.12/site-packages/airflow/example_dags/example_branch_day_of_week_operator.py
[2025-07-31T22:12:44.346+0000] {processor.py:830} INFO - Processing file /home/airflow/.local/lib/python3.12/site-packages/airflow/example_dags/example_branch_day_of_week_operator.py for tasks to queue
[2025-07-31T22:12:44.347+0000] {logging_mixin.py:188} INFO - [2025-07-31T22:12:44.347+0000] {dagbag.py:545} INFO - Filling up the DagBag from /home/airflow/.local/lib/python3.12/site-packages/airflow/example_dags/example_branch_day_of_week_operator.py
[2025-07-31T22:12:44.358+0000] {processor.py:840} INFO - DAG(s) 'example_weekday_branch_operator' retrieved from /home/airflow/.local/lib/python3.12/site-packages/airflow/example_dags/example_branch_day_of_week_operator.py
[2025-07-31T22:12:44.393+0000] {logging_mixin.py:188} INFO - [2025-07-31T22:12:44.392+0000] {dag.py:3096} INFO - Sync 1 DAGs
[2025-07-31T22:12:44.423+0000] {logging_mixin.py:188} INFO - [2025-07-31T22:12:44.422+0000] {dag.py:3954} INFO - Setting next_dagrun for example_weekday_branch_operator to 2025-07-30 00:00:00+00:00, run_after=2025-07-31 00:00:00+00:00
[2025-07-31T22:12:44.450+0000] {processor.py:183} INFO - Processing /home/airflow/.local/lib/python3.12/site-packages/airflow/example_dags/example_branch_day_of_week_operator.py took 0.116 seconds
[2025-07-31T22:13:14.620+0000] {processor.py:161} INFO - Started process (PID=13246) to work on /home/airflow/.local/lib/python3.12/site-packages/airflow/example_dags/example_branch_day_of_week_operator.py
[2025-07-31T22:13:14.622+0000] {processor.py:830} INFO - Processing file /home/airflow/.local/lib/python3.12/site-packages/airflow/example_dags/example_branch_day_of_week_operator.py for tasks to queue
[2025-07-31T22:13:14.624+0000] {logging_mixin.py:188} INFO - [2025-07-31T22:13:14.623+0000] {dagbag.py:545} INFO - Filling up the DagBag from /home/airflow/.local/lib/python3.12/site-packages/airflow/example_dags/example_branch_day_of_week_operator.py
[2025-07-31T22:13:14.635+0000] {processor.py:840} INFO - DAG(s) 'example_weekday_branch_operator' retrieved from /home/airflow/.local/lib/python3.12/site-packages/airflow/example_dags/example_branch_day_of_week_operator.py
[2025-07-31T22:13:14.671+0000] {logging_mixin.py:188} INFO - [2025-07-31T22:13:14.671+0000] {dag.py:3096} INFO - Sync 1 DAGs
[2025-07-31T22:13:14.705+0000] {logging_mixin.py:188} INFO - [2025-07-31T22:13:14.705+0000] {dag.py:3954} INFO - Setting next_dagrun for example_weekday_branch_operator to 2025-07-30 00:00:00+00:00, run_after=2025-07-31 00:00:00+00:00
[2025-07-31T22:13:14.730+0000] {processor.py:183} INFO - Processing /home/airflow/.local/lib/python3.12/site-packages/airflow/example_dags/example_branch_day_of_week_operator.py took 0.120 seconds
[2025-07-31T22:13:45.283+0000] {processor.py:161} INFO - Started process (PID=13305) to work on /home/airflow/.local/lib/python3.12/site-packages/airflow/example_dags/example_branch_day_of_week_operator.py
[2025-07-31T22:13:45.284+0000] {processor.py:830} INFO - Processing file /home/airflow/.local/lib/python3.12/site-packages/airflow/example_dags/example_branch_day_of_week_operator.py for tasks to queue
[2025-07-31T22:13:45.286+0000] {logging_mixin.py:188} INFO - [2025-07-31T22:13:45.285+0000] {dagbag.py:545} INFO - Filling up the DagBag from /home/airflow/.local/lib/python3.12/site-packages/airflow/example_dags/example_branch_day_of_week_operator.py
[2025-07-31T22:13:45.297+0000] {processor.py:840} INFO - DAG(s) 'example_weekday_branch_operator' retrieved from /home/airflow/.local/lib/python3.12/site-packages/airflow/example_dags/example_branch_day_of_week_operator.py
[2025-07-31T22:13:45.330+0000] {logging_mixin.py:188} INFO - [2025-07-31T22:13:45.330+0000] {dag.py:3096} INFO - Sync 1 DAGs
[2025-07-31T22:13:45.360+0000] {logging_mixin.py:188} INFO - [2025-07-31T22:13:45.360+0000] {dag.py:3954} INFO - Setting next_dagrun for example_weekday_branch_operator to 2025-07-30 00:00:00+00:00, run_after=2025-07-31 00:00:00+00:00
[2025-07-31T22:13:45.395+0000] {processor.py:183} INFO - Processing /home/airflow/.local/lib/python3.12/site-packages/airflow/example_dags/example_branch_day_of_week_operator.py took 0.121 seconds
[2025-07-31T22:14:15.701+0000] {processor.py:161} INFO - Started process (PID=13363) to work on /home/airflow/.local/lib/python3.12/site-packages/airflow/example_dags/example_branch_day_of_week_operator.py
[2025-07-31T22:14:15.703+0000] {processor.py:830} INFO - Processing file /home/airflow/.local/lib/python3.12/site-packages/airflow/example_dags/example_branch_day_of_week_operator.py for tasks to queue
[2025-07-31T22:14:15.705+0000] {logging_mixin.py:188} INFO - [2025-07-31T22:14:15.704+0000] {dagbag.py:545} INFO - Filling up the DagBag from /home/airflow/.local/lib/python3.12/site-packages/airflow/example_dags/example_branch_day_of_week_operator.py
[2025-07-31T22:14:15.718+0000] {processor.py:840} INFO - DAG(s) 'example_weekday_branch_operator' retrieved from /home/airflow/.local/lib/python3.12/site-packages/airflow/example_dags/example_branch_day_of_week_operator.py
[2025-07-31T22:14:15.752+0000] {logging_mixin.py:188} INFO - [2025-07-31T22:14:15.751+0000] {dag.py:3096} INFO - Sync 1 DAGs
[2025-07-31T22:14:15.787+0000] {logging_mixin.py:188} INFO - [2025-07-31T22:14:15.787+0000] {dag.py:3954} INFO - Setting next_dagrun for example_weekday_branch_operator to 2025-07-30 00:00:00+00:00, run_after=2025-07-31 00:00:00+00:00
[2025-07-31T22:14:15.825+0000] {processor.py:183} INFO - Processing /home/airflow/.local/lib/python3.12/site-packages/airflow/example_dags/example_branch_day_of_week_operator.py took 0.134 seconds
[2025-07-31T22:14:46.128+0000] {processor.py:161} INFO - Started process (PID=13421) to work on /home/airflow/.local/lib/python3.12/site-packages/airflow/example_dags/example_branch_day_of_week_operator.py
[2025-07-31T22:14:46.130+0000] {processor.py:830} INFO - Processing file /home/airflow/.local/lib/python3.12/site-packages/airflow/example_dags/example_branch_day_of_week_operator.py for tasks to queue
[2025-07-31T22:14:46.132+0000] {logging_mixin.py:188} INFO - [2025-07-31T22:14:46.131+0000] {dagbag.py:545} INFO - Filling up the DagBag from /home/airflow/.local/lib/python3.12/site-packages/airflow/example_dags/example_branch_day_of_week_operator.py
[2025-07-31T22:14:46.143+0000] {processor.py:840} INFO - DAG(s) 'example_weekday_branch_operator' retrieved from /home/airflow/.local/lib/python3.12/site-packages/airflow/example_dags/example_branch_day_of_week_operator.py
[2025-07-31T22:14:46.186+0000] {logging_mixin.py:188} INFO - [2025-07-31T22:14:46.185+0000] {dag.py:3096} INFO - Sync 1 DAGs
[2025-07-31T22:14:46.223+0000] {logging_mixin.py:188} INFO - [2025-07-31T22:14:46.223+0000] {dag.py:3954} INFO - Setting next_dagrun for example_weekday_branch_operator to 2025-07-30 00:00:00+00:00, run_after=2025-07-31 00:00:00+00:00
[2025-07-31T22:14:46.254+0000] {processor.py:183} INFO - Processing /home/airflow/.local/lib/python3.12/site-packages/airflow/example_dags/example_branch_day_of_week_operator.py took 0.134 seconds
[2025-07-31T22:15:17.046+0000] {processor.py:161} INFO - Started process (PID=13479) to work on /home/airflow/.local/lib/python3.12/site-packages/airflow/example_dags/example_branch_day_of_week_operator.py
[2025-07-31T22:15:17.048+0000] {processor.py:830} INFO - Processing file /home/airflow/.local/lib/python3.12/site-packages/airflow/example_dags/example_branch_day_of_week_operator.py for tasks to queue
[2025-07-31T22:15:17.050+0000] {logging_mixin.py:188} INFO - [2025-07-31T22:15:17.049+0000] {dagbag.py:545} INFO - Filling up the DagBag from /home/airflow/.local/lib/python3.12/site-packages/airflow/example_dags/example_branch_day_of_week_operator.py
[2025-07-31T22:15:17.063+0000] {processor.py:840} INFO - DAG(s) 'example_weekday_branch_operator' retrieved from /home/airflow/.local/lib/python3.12/site-packages/airflow/example_dags/example_branch_day_of_week_operator.py
[2025-07-31T22:15:17.105+0000] {logging_mixin.py:188} INFO - [2025-07-31T22:15:17.104+0000] {dag.py:3096} INFO - Sync 1 DAGs
[2025-07-31T22:15:17.141+0000] {logging_mixin.py:188} INFO - [2025-07-31T22:15:17.140+0000] {dag.py:3954} INFO - Setting next_dagrun for example_weekday_branch_operator to 2025-07-30 00:00:00+00:00, run_after=2025-07-31 00:00:00+00:00
[2025-07-31T22:15:17.175+0000] {processor.py:183} INFO - Processing /home/airflow/.local/lib/python3.12/site-packages/airflow/example_dags/example_branch_day_of_week_operator.py took 0.137 seconds
[2025-07-31T22:15:47.827+0000] {processor.py:161} INFO - Started process (PID=13538) to work on /home/airflow/.local/lib/python3.12/site-packages/airflow/example_dags/example_branch_day_of_week_operator.py
[2025-07-31T22:15:47.829+0000] {processor.py:830} INFO - Processing file /home/airflow/.local/lib/python3.12/site-packages/airflow/example_dags/example_branch_day_of_week_operator.py for tasks to queue
[2025-07-31T22:15:47.830+0000] {logging_mixin.py:188} INFO - [2025-07-31T22:15:47.830+0000] {dagbag.py:545} INFO - Filling up the DagBag from /home/airflow/.local/lib/python3.12/site-packages/airflow/example_dags/example_branch_day_of_week_operator.py
[2025-07-31T22:15:47.841+0000] {processor.py:840} INFO - DAG(s) 'example_weekday_branch_operator' retrieved from /home/airflow/.local/lib/python3.12/site-packages/airflow/example_dags/example_branch_day_of_week_operator.py
[2025-07-31T22:15:47.888+0000] {logging_mixin.py:188} INFO - [2025-07-31T22:15:47.888+0000] {dag.py:3096} INFO - Sync 1 DAGs
[2025-07-31T22:15:47.920+0000] {logging_mixin.py:188} INFO - [2025-07-31T22:15:47.920+0000] {dag.py:3954} INFO - Setting next_dagrun for example_weekday_branch_operator to 2025-07-30 00:00:00+00:00, run_after=2025-07-31 00:00:00+00:00
[2025-07-31T22:15:47.963+0000] {processor.py:183} INFO - Processing /home/airflow/.local/lib/python3.12/site-packages/airflow/example_dags/example_branch_day_of_week_operator.py took 0.145 seconds
[2025-07-31T22:16:18.595+0000] {processor.py:161} INFO - Started process (PID=13596) to work on /home/airflow/.local/lib/python3.12/site-packages/airflow/example_dags/example_branch_day_of_week_operator.py
[2025-07-31T22:16:18.596+0000] {processor.py:830} INFO - Processing file /home/airflow/.local/lib/python3.12/site-packages/airflow/example_dags/example_branch_day_of_week_operator.py for tasks to queue
[2025-07-31T22:16:18.598+0000] {logging_mixin.py:188} INFO - [2025-07-31T22:16:18.597+0000] {dagbag.py:545} INFO - Filling up the DagBag from /home/airflow/.local/lib/python3.12/site-packages/airflow/example_dags/example_branch_day_of_week_operator.py
[2025-07-31T22:16:18.610+0000] {processor.py:840} INFO - DAG(s) 'example_weekday_branch_operator' retrieved from /home/airflow/.local/lib/python3.12/site-packages/airflow/example_dags/example_branch_day_of_week_operator.py
[2025-07-31T22:16:18.646+0000] {logging_mixin.py:188} INFO - [2025-07-31T22:16:18.646+0000] {dag.py:3096} INFO - Sync 1 DAGs
[2025-07-31T22:16:18.678+0000] {logging_mixin.py:188} INFO - [2025-07-31T22:16:18.677+0000] {dag.py:3954} INFO - Setting next_dagrun for example_weekday_branch_operator to 2025-07-30 00:00:00+00:00, run_after=2025-07-31 00:00:00+00:00
[2025-07-31T22:16:18.714+0000] {processor.py:183} INFO - Processing /home/airflow/.local/lib/python3.12/site-packages/airflow/example_dags/example_branch_day_of_week_operator.py took 0.130 seconds
[2025-07-31T22:16:49.716+0000] {processor.py:161} INFO - Started process (PID=13654) to work on /home/airflow/.local/lib/python3.12/site-packages/airflow/example_dags/example_branch_day_of_week_operator.py
[2025-07-31T22:16:49.717+0000] {processor.py:830} INFO - Processing file /home/airflow/.local/lib/python3.12/site-packages/airflow/example_dags/example_branch_day_of_week_operator.py for tasks to queue
[2025-07-31T22:16:49.719+0000] {logging_mixin.py:188} INFO - [2025-07-31T22:16:49.719+0000] {dagbag.py:545} INFO - Filling up the DagBag from /home/airflow/.local/lib/python3.12/site-packages/airflow/example_dags/example_branch_day_of_week_operator.py
[2025-07-31T22:16:49.733+0000] {processor.py:840} INFO - DAG(s) 'example_weekday_branch_operator' retrieved from /home/airflow/.local/lib/python3.12/site-packages/airflow/example_dags/example_branch_day_of_week_operator.py
[2025-07-31T22:16:49.773+0000] {logging_mixin.py:188} INFO - [2025-07-31T22:16:49.773+0000] {dag.py:3096} INFO - Sync 1 DAGs
[2025-07-31T22:16:49.805+0000] {logging_mixin.py:188} INFO - [2025-07-31T22:16:49.805+0000] {dag.py:3954} INFO - Setting next_dagrun for example_weekday_branch_operator to 2025-07-30 00:00:00+00:00, run_after=2025-07-31 00:00:00+00:00
[2025-07-31T22:16:49.835+0000] {processor.py:183} INFO - Processing /home/airflow/.local/lib/python3.12/site-packages/airflow/example_dags/example_branch_day_of_week_operator.py took 0.128 seconds
[2025-07-31T22:17:19.926+0000] {processor.py:161} INFO - Started process (PID=13712) to work on /home/airflow/.local/lib/python3.12/site-packages/airflow/example_dags/example_branch_day_of_week_operator.py
[2025-07-31T22:17:19.928+0000] {processor.py:830} INFO - Processing file /home/airflow/.local/lib/python3.12/site-packages/airflow/example_dags/example_branch_day_of_week_operator.py for tasks to queue
[2025-07-31T22:17:19.930+0000] {logging_mixin.py:188} INFO - [2025-07-31T22:17:19.929+0000] {dagbag.py:545} INFO - Filling up the DagBag from /home/airflow/.local/lib/python3.12/site-packages/airflow/example_dags/example_branch_day_of_week_operator.py
[2025-07-31T22:17:19.941+0000] {processor.py:840} INFO - DAG(s) 'example_weekday_branch_operator' retrieved from /home/airflow/.local/lib/python3.12/site-packages/airflow/example_dags/example_branch_day_of_week_operator.py
[2025-07-31T22:17:19.982+0000] {logging_mixin.py:188} INFO - [2025-07-31T22:17:19.981+0000] {dag.py:3096} INFO - Sync 1 DAGs
[2025-07-31T22:17:20.018+0000] {logging_mixin.py:188} INFO - [2025-07-31T22:17:20.018+0000] {dag.py:3954} INFO - Setting next_dagrun for example_weekday_branch_operator to 2025-07-30 00:00:00+00:00, run_after=2025-07-31 00:00:00+00:00
[2025-07-31T22:17:20.054+0000] {processor.py:183} INFO - Processing /home/airflow/.local/lib/python3.12/site-packages/airflow/example_dags/example_branch_day_of_week_operator.py took 0.136 seconds
[2025-07-31T22:17:50.857+0000] {processor.py:161} INFO - Started process (PID=13770) to work on /home/airflow/.local/lib/python3.12/site-packages/airflow/example_dags/example_branch_day_of_week_operator.py
[2025-07-31T22:17:50.859+0000] {processor.py:830} INFO - Processing file /home/airflow/.local/lib/python3.12/site-packages/airflow/example_dags/example_branch_day_of_week_operator.py for tasks to queue
[2025-07-31T22:17:50.860+0000] {logging_mixin.py:188} INFO - [2025-07-31T22:17:50.860+0000] {dagbag.py:545} INFO - Filling up the DagBag from /home/airflow/.local/lib/python3.12/site-packages/airflow/example_dags/example_branch_day_of_week_operator.py
[2025-07-31T22:17:50.873+0000] {processor.py:840} INFO - DAG(s) 'example_weekday_branch_operator' retrieved from /home/airflow/.local/lib/python3.12/site-packages/airflow/example_dags/example_branch_day_of_week_operator.py
[2025-07-31T22:17:50.917+0000] {logging_mixin.py:188} INFO - [2025-07-31T22:17:50.916+0000] {dag.py:3096} INFO - Sync 1 DAGs
[2025-07-31T22:17:50.954+0000] {logging_mixin.py:188} INFO - [2025-07-31T22:17:50.954+0000] {dag.py:3954} INFO - Setting next_dagrun for example_weekday_branch_operator to 2025-07-30 00:00:00+00:00, run_after=2025-07-31 00:00:00+00:00
[2025-07-31T22:17:51.001+0000] {processor.py:183} INFO - Processing /home/airflow/.local/lib/python3.12/site-packages/airflow/example_dags/example_branch_day_of_week_operator.py took 0.154 seconds
