[2025-07-31T03:25:11.753+0000] {processor.py:161} INFO - Started process (PID=12527) to work on /home/airflow/.local/lib/python3.12/site-packages/airflow/example_dags/example_nested_branch_dag.py
[2025-07-31T03:25:11.756+0000] {processor.py:830} INFO - Processing file /home/airflow/.local/lib/python3.12/site-packages/airflow/example_dags/example_nested_branch_dag.py for tasks to queue
[2025-07-31T03:25:11.762+0000] {logging_mixin.py:188} INFO - [2025-07-31T03:25:11.761+0000] {dagbag.py:545} INFO - Filling up the DagBag from /home/airflow/.local/lib/python3.12/site-packages/airflow/example_dags/example_nested_branch_dag.py
[2025-07-31T03:25:11.797+0000] {processor.py:840} INFO - DAG(s) 'example_nested_branch_dag' retrieved from /home/airflow/.local/lib/python3.12/site-packages/airflow/example_dags/example_nested_branch_dag.py
[2025-07-31T03:25:11.872+0000] {logging_mixin.py:188} INFO - [2025-07-31T03:25:11.871+0000] {dag.py:3096} INFO - Sync 1 DAGs
[2025-07-31T03:25:11.933+0000] {logging_mixin.py:188} INFO - [2025-07-31T03:25:11.932+0000] {dag.py:3954} INFO - Setting next_dagrun for example_nested_branch_dag to 2025-07-30 00:00:00+00:00, run_after=2025-07-31 00:00:00+00:00
[2025-07-31T03:25:11.994+0000] {processor.py:183} INFO - Processing /home/airflow/.local/lib/python3.12/site-packages/airflow/example_dags/example_nested_branch_dag.py took 0.267 seconds
[2025-07-31T22:07:39.244+0000] {processor.py:161} INFO - Started process (PID=12608) to work on /home/airflow/.local/lib/python3.12/site-packages/airflow/example_dags/example_nested_branch_dag.py
[2025-07-31T22:07:39.247+0000] {processor.py:830} INFO - Processing file /home/airflow/.local/lib/python3.12/site-packages/airflow/example_dags/example_nested_branch_dag.py for tasks to queue
[2025-07-31T22:07:39.249+0000] {logging_mixin.py:188} INFO - [2025-07-31T22:07:39.248+0000] {dagbag.py:545} INFO - Filling up the DagBag from /home/airflow/.local/lib/python3.12/site-packages/airflow/example_dags/example_nested_branch_dag.py
[2025-07-31T22:07:39.281+0000] {processor.py:840} INFO - DAG(s) 'example_nested_branch_dag' retrieved from /home/airflow/.local/lib/python3.12/site-packages/airflow/example_dags/example_nested_branch_dag.py
[2025-07-31T22:07:39.351+0000] {logging_mixin.py:188} INFO - [2025-07-31T22:07:39.350+0000] {dag.py:3096} INFO - Sync 1 DAGs
[2025-07-31T22:07:39.422+0000] {logging_mixin.py:188} INFO - [2025-07-31T22:07:39.421+0000] {dag.py:3954} INFO - Setting next_dagrun for example_nested_branch_dag to 2025-07-30 00:00:00+00:00, run_after=2025-07-31 00:00:00+00:00
[2025-07-31T22:07:39.474+0000] {processor.py:183} INFO - Processing /home/airflow/.local/lib/python3.12/site-packages/airflow/example_dags/example_nested_branch_dag.py took 0.243 seconds
[2025-07-31T22:08:09.651+0000] {processor.py:161} INFO - Started process (PID=12666) to work on /home/airflow/.local/lib/python3.12/site-packages/airflow/example_dags/example_nested_branch_dag.py
[2025-07-31T22:08:09.653+0000] {processor.py:830} INFO - Processing file /home/airflow/.local/lib/python3.12/site-packages/airflow/example_dags/example_nested_branch_dag.py for tasks to queue
[2025-07-31T22:08:09.654+0000] {logging_mixin.py:188} INFO - [2025-07-31T22:08:09.653+0000] {dagbag.py:545} INFO - Filling up the DagBag from /home/airflow/.local/lib/python3.12/site-packages/airflow/example_dags/example_nested_branch_dag.py
[2025-07-31T22:08:09.666+0000] {processor.py:840} INFO - DAG(s) 'example_nested_branch_dag' retrieved from /home/airflow/.local/lib/python3.12/site-packages/airflow/example_dags/example_nested_branch_dag.py
[2025-07-31T22:08:09.695+0000] {logging_mixin.py:188} INFO - [2025-07-31T22:08:09.695+0000] {dag.py:3096} INFO - Sync 1 DAGs
[2025-07-31T22:08:09.722+0000] {logging_mixin.py:188} INFO - [2025-07-31T22:08:09.721+0000] {dag.py:3954} INFO - Setting next_dagrun for example_nested_branch_dag to 2025-07-30 00:00:00+00:00, run_after=2025-07-31 00:00:00+00:00
[2025-07-31T22:08:09.746+0000] {processor.py:183} INFO - Processing /home/airflow/.local/lib/python3.12/site-packages/airflow/example_dags/example_nested_branch_dag.py took 0.102 seconds
[2025-07-31T22:08:39.810+0000] {processor.py:161} INFO - Started process (PID=12725) to work on /home/airflow/.local/lib/python3.12/site-packages/airflow/example_dags/example_nested_branch_dag.py
[2025-07-31T22:08:39.812+0000] {processor.py:830} INFO - Processing file /home/airflow/.local/lib/python3.12/site-packages/airflow/example_dags/example_nested_branch_dag.py for tasks to queue
[2025-07-31T22:08:39.813+0000] {logging_mixin.py:188} INFO - [2025-07-31T22:08:39.812+0000] {dagbag.py:545} INFO - Filling up the DagBag from /home/airflow/.local/lib/python3.12/site-packages/airflow/example_dags/example_nested_branch_dag.py
[2025-07-31T22:08:39.825+0000] {processor.py:840} INFO - DAG(s) 'example_nested_branch_dag' retrieved from /home/airflow/.local/lib/python3.12/site-packages/airflow/example_dags/example_nested_branch_dag.py
[2025-07-31T22:08:39.853+0000] {logging_mixin.py:188} INFO - [2025-07-31T22:08:39.853+0000] {dag.py:3096} INFO - Sync 1 DAGs
[2025-07-31T22:08:39.876+0000] {logging_mixin.py:188} INFO - [2025-07-31T22:08:39.875+0000] {dag.py:3954} INFO - Setting next_dagrun for example_nested_branch_dag to 2025-07-30 00:00:00+00:00, run_after=2025-07-31 00:00:00+00:00
[2025-07-31T22:08:39.896+0000] {processor.py:183} INFO - Processing /home/airflow/.local/lib/python3.12/site-packages/airflow/example_dags/example_nested_branch_dag.py took 0.093 seconds
[2025-07-31T22:09:10.196+0000] {processor.py:161} INFO - Started process (PID=12784) to work on /home/airflow/.local/lib/python3.12/site-packages/airflow/example_dags/example_nested_branch_dag.py
[2025-07-31T22:09:10.198+0000] {processor.py:830} INFO - Processing file /home/airflow/.local/lib/python3.12/site-packages/airflow/example_dags/example_nested_branch_dag.py for tasks to queue
[2025-07-31T22:09:10.200+0000] {logging_mixin.py:188} INFO - [2025-07-31T22:09:10.200+0000] {dagbag.py:545} INFO - Filling up the DagBag from /home/airflow/.local/lib/python3.12/site-packages/airflow/example_dags/example_nested_branch_dag.py
[2025-07-31T22:09:10.221+0000] {processor.py:840} INFO - DAG(s) 'example_nested_branch_dag' retrieved from /home/airflow/.local/lib/python3.12/site-packages/airflow/example_dags/example_nested_branch_dag.py
[2025-07-31T22:09:10.266+0000] {logging_mixin.py:188} INFO - [2025-07-31T22:09:10.266+0000] {dag.py:3096} INFO - Sync 1 DAGs
[2025-07-31T22:09:10.310+0000] {logging_mixin.py:188} INFO - [2025-07-31T22:09:10.310+0000] {dag.py:3954} INFO - Setting next_dagrun for example_nested_branch_dag to 2025-07-30 00:00:00+00:00, run_after=2025-07-31 00:00:00+00:00
[2025-07-31T22:09:10.345+0000] {processor.py:183} INFO - Processing /home/airflow/.local/lib/python3.12/site-packages/airflow/example_dags/example_nested_branch_dag.py took 0.160 seconds
[2025-07-31T22:09:41.084+0000] {processor.py:161} INFO - Started process (PID=12843) to work on /home/airflow/.local/lib/python3.12/site-packages/airflow/example_dags/example_nested_branch_dag.py
[2025-07-31T22:09:41.086+0000] {processor.py:830} INFO - Processing file /home/airflow/.local/lib/python3.12/site-packages/airflow/example_dags/example_nested_branch_dag.py for tasks to queue
[2025-07-31T22:09:41.088+0000] {logging_mixin.py:188} INFO - [2025-07-31T22:09:41.087+0000] {dagbag.py:545} INFO - Filling up the DagBag from /home/airflow/.local/lib/python3.12/site-packages/airflow/example_dags/example_nested_branch_dag.py
[2025-07-31T22:09:41.103+0000] {processor.py:840} INFO - DAG(s) 'example_nested_branch_dag' retrieved from /home/airflow/.local/lib/python3.12/site-packages/airflow/example_dags/example_nested_branch_dag.py
[2025-07-31T22:09:41.161+0000] {logging_mixin.py:188} INFO - [2025-07-31T22:09:41.160+0000] {dag.py:3096} INFO - Sync 1 DAGs
[2025-07-31T22:09:41.195+0000] {logging_mixin.py:188} INFO - [2025-07-31T22:09:41.194+0000] {dag.py:3954} INFO - Setting next_dagrun for example_nested_branch_dag to 2025-07-30 00:00:00+00:00, run_after=2025-07-31 00:00:00+00:00
[2025-07-31T22:09:41.224+0000] {processor.py:183} INFO - Processing /home/airflow/.local/lib/python3.12/site-packages/airflow/example_dags/example_nested_branch_dag.py took 0.128 seconds
[2025-07-31T22:10:12.222+0000] {processor.py:161} INFO - Started process (PID=12901) to work on /home/airflow/.local/lib/python3.12/site-packages/airflow/example_dags/example_nested_branch_dag.py
[2025-07-31T22:10:12.223+0000] {processor.py:830} INFO - Processing file /home/airflow/.local/lib/python3.12/site-packages/airflow/example_dags/example_nested_branch_dag.py for tasks to queue
[2025-07-31T22:10:12.225+0000] {logging_mixin.py:188} INFO - [2025-07-31T22:10:12.224+0000] {dagbag.py:545} INFO - Filling up the DagBag from /home/airflow/.local/lib/python3.12/site-packages/airflow/example_dags/example_nested_branch_dag.py
[2025-07-31T22:10:12.240+0000] {processor.py:840} INFO - DAG(s) 'example_nested_branch_dag' retrieved from /home/airflow/.local/lib/python3.12/site-packages/airflow/example_dags/example_nested_branch_dag.py
[2025-07-31T22:10:12.272+0000] {logging_mixin.py:188} INFO - [2025-07-31T22:10:12.272+0000] {dag.py:3096} INFO - Sync 1 DAGs
[2025-07-31T22:10:12.309+0000] {logging_mixin.py:188} INFO - [2025-07-31T22:10:12.309+0000] {dag.py:3954} INFO - Setting next_dagrun for example_nested_branch_dag to 2025-07-30 00:00:00+00:00, run_after=2025-07-31 00:00:00+00:00
[2025-07-31T22:10:12.342+0000] {processor.py:183} INFO - Processing /home/airflow/.local/lib/python3.12/site-packages/airflow/example_dags/example_nested_branch_dag.py took 0.131 seconds
[2025-07-31T22:10:42.658+0000] {processor.py:161} INFO - Started process (PID=12959) to work on /home/airflow/.local/lib/python3.12/site-packages/airflow/example_dags/example_nested_branch_dag.py
[2025-07-31T22:10:42.660+0000] {processor.py:830} INFO - Processing file /home/airflow/.local/lib/python3.12/site-packages/airflow/example_dags/example_nested_branch_dag.py for tasks to queue
[2025-07-31T22:10:42.663+0000] {logging_mixin.py:188} INFO - [2025-07-31T22:10:42.662+0000] {dagbag.py:545} INFO - Filling up the DagBag from /home/airflow/.local/lib/python3.12/site-packages/airflow/example_dags/example_nested_branch_dag.py
[2025-07-31T22:10:42.697+0000] {processor.py:840} INFO - DAG(s) 'example_nested_branch_dag' retrieved from /home/airflow/.local/lib/python3.12/site-packages/airflow/example_dags/example_nested_branch_dag.py
[2025-07-31T22:10:42.806+0000] {logging_mixin.py:188} INFO - [2025-07-31T22:10:42.805+0000] {dag.py:3096} INFO - Sync 1 DAGs
[2025-07-31T22:10:42.854+0000] {logging_mixin.py:188} INFO - [2025-07-31T22:10:42.854+0000] {dag.py:3954} INFO - Setting next_dagrun for example_nested_branch_dag to 2025-07-30 00:00:00+00:00, run_after=2025-07-31 00:00:00+00:00
[2025-07-31T22:10:42.885+0000] {processor.py:183} INFO - Processing /home/airflow/.local/lib/python3.12/site-packages/airflow/example_dags/example_nested_branch_dag.py took 0.247 seconds
[2025-07-31T22:11:13.326+0000] {processor.py:161} INFO - Started process (PID=13017) to work on /home/airflow/.local/lib/python3.12/site-packages/airflow/example_dags/example_nested_branch_dag.py
[2025-07-31T22:11:13.328+0000] {processor.py:830} INFO - Processing file /home/airflow/.local/lib/python3.12/site-packages/airflow/example_dags/example_nested_branch_dag.py for tasks to queue
[2025-07-31T22:11:13.330+0000] {logging_mixin.py:188} INFO - [2025-07-31T22:11:13.330+0000] {dagbag.py:545} INFO - Filling up the DagBag from /home/airflow/.local/lib/python3.12/site-packages/airflow/example_dags/example_nested_branch_dag.py
[2025-07-31T22:11:13.357+0000] {processor.py:840} INFO - DAG(s) 'example_nested_branch_dag' retrieved from /home/airflow/.local/lib/python3.12/site-packages/airflow/example_dags/example_nested_branch_dag.py
[2025-07-31T22:11:13.411+0000] {logging_mixin.py:188} INFO - [2025-07-31T22:11:13.410+0000] {dag.py:3096} INFO - Sync 1 DAGs
[2025-07-31T22:11:13.454+0000] {logging_mixin.py:188} INFO - [2025-07-31T22:11:13.454+0000] {dag.py:3954} INFO - Setting next_dagrun for example_nested_branch_dag to 2025-07-30 00:00:00+00:00, run_after=2025-07-31 00:00:00+00:00
[2025-07-31T22:11:13.494+0000] {processor.py:183} INFO - Processing /home/airflow/.local/lib/python3.12/site-packages/airflow/example_dags/example_nested_branch_dag.py took 0.181 seconds
[2025-07-31T22:11:44.055+0000] {processor.py:161} INFO - Started process (PID=13075) to work on /home/airflow/.local/lib/python3.12/site-packages/airflow/example_dags/example_nested_branch_dag.py
[2025-07-31T22:11:44.056+0000] {processor.py:830} INFO - Processing file /home/airflow/.local/lib/python3.12/site-packages/airflow/example_dags/example_nested_branch_dag.py for tasks to queue
[2025-07-31T22:11:44.058+0000] {logging_mixin.py:188} INFO - [2025-07-31T22:11:44.057+0000] {dagbag.py:545} INFO - Filling up the DagBag from /home/airflow/.local/lib/python3.12/site-packages/airflow/example_dags/example_nested_branch_dag.py
[2025-07-31T22:11:44.073+0000] {processor.py:840} INFO - DAG(s) 'example_nested_branch_dag' retrieved from /home/airflow/.local/lib/python3.12/site-packages/airflow/example_dags/example_nested_branch_dag.py
[2025-07-31T22:11:44.111+0000] {logging_mixin.py:188} INFO - [2025-07-31T22:11:44.111+0000] {dag.py:3096} INFO - Sync 1 DAGs
[2025-07-31T22:11:44.143+0000] {logging_mixin.py:188} INFO - [2025-07-31T22:11:44.143+0000] {dag.py:3954} INFO - Setting next_dagrun for example_nested_branch_dag to 2025-07-30 00:00:00+00:00, run_after=2025-07-31 00:00:00+00:00
[2025-07-31T22:11:44.174+0000] {processor.py:183} INFO - Processing /home/airflow/.local/lib/python3.12/site-packages/airflow/example_dags/example_nested_branch_dag.py took 0.128 seconds
[2025-07-31T22:12:15.078+0000] {processor.py:161} INFO - Started process (PID=13133) to work on /home/airflow/.local/lib/python3.12/site-packages/airflow/example_dags/example_nested_branch_dag.py
[2025-07-31T22:12:15.080+0000] {processor.py:830} INFO - Processing file /home/airflow/.local/lib/python3.12/site-packages/airflow/example_dags/example_nested_branch_dag.py for tasks to queue
[2025-07-31T22:12:15.082+0000] {logging_mixin.py:188} INFO - [2025-07-31T22:12:15.081+0000] {dagbag.py:545} INFO - Filling up the DagBag from /home/airflow/.local/lib/python3.12/site-packages/airflow/example_dags/example_nested_branch_dag.py
[2025-07-31T22:12:15.101+0000] {processor.py:840} INFO - DAG(s) 'example_nested_branch_dag' retrieved from /home/airflow/.local/lib/python3.12/site-packages/airflow/example_dags/example_nested_branch_dag.py
[2025-07-31T22:12:15.138+0000] {logging_mixin.py:188} INFO - [2025-07-31T22:12:15.138+0000] {dag.py:3096} INFO - Sync 1 DAGs
[2025-07-31T22:12:15.173+0000] {logging_mixin.py:188} INFO - [2025-07-31T22:12:15.173+0000] {dag.py:3954} INFO - Setting next_dagrun for example_nested_branch_dag to 2025-07-30 00:00:00+00:00, run_after=2025-07-31 00:00:00+00:00
[2025-07-31T22:12:15.201+0000] {processor.py:183} INFO - Processing /home/airflow/.local/lib/python3.12/site-packages/airflow/example_dags/example_nested_branch_dag.py took 0.134 seconds
[2025-07-31T22:12:45.543+0000] {processor.py:161} INFO - Started process (PID=13191) to work on /home/airflow/.local/lib/python3.12/site-packages/airflow/example_dags/example_nested_branch_dag.py
[2025-07-31T22:12:45.544+0000] {processor.py:830} INFO - Processing file /home/airflow/.local/lib/python3.12/site-packages/airflow/example_dags/example_nested_branch_dag.py for tasks to queue
[2025-07-31T22:12:45.546+0000] {logging_mixin.py:188} INFO - [2025-07-31T22:12:45.545+0000] {dagbag.py:545} INFO - Filling up the DagBag from /home/airflow/.local/lib/python3.12/site-packages/airflow/example_dags/example_nested_branch_dag.py
[2025-07-31T22:12:45.564+0000] {processor.py:840} INFO - DAG(s) 'example_nested_branch_dag' retrieved from /home/airflow/.local/lib/python3.12/site-packages/airflow/example_dags/example_nested_branch_dag.py
[2025-07-31T22:12:45.607+0000] {logging_mixin.py:188} INFO - [2025-07-31T22:12:45.606+0000] {dag.py:3096} INFO - Sync 1 DAGs
[2025-07-31T22:12:45.649+0000] {logging_mixin.py:188} INFO - [2025-07-31T22:12:45.648+0000] {dag.py:3954} INFO - Setting next_dagrun for example_nested_branch_dag to 2025-07-30 00:00:00+00:00, run_after=2025-07-31 00:00:00+00:00
[2025-07-31T22:12:45.680+0000] {processor.py:183} INFO - Processing /home/airflow/.local/lib/python3.12/site-packages/airflow/example_dags/example_nested_branch_dag.py took 0.147 seconds
[2025-07-31T22:13:15.819+0000] {processor.py:161} INFO - Started process (PID=13249) to work on /home/airflow/.local/lib/python3.12/site-packages/airflow/example_dags/example_nested_branch_dag.py
[2025-07-31T22:13:15.821+0000] {processor.py:830} INFO - Processing file /home/airflow/.local/lib/python3.12/site-packages/airflow/example_dags/example_nested_branch_dag.py for tasks to queue
[2025-07-31T22:13:15.823+0000] {logging_mixin.py:188} INFO - [2025-07-31T22:13:15.823+0000] {dagbag.py:545} INFO - Filling up the DagBag from /home/airflow/.local/lib/python3.12/site-packages/airflow/example_dags/example_nested_branch_dag.py
[2025-07-31T22:13:15.840+0000] {processor.py:840} INFO - DAG(s) 'example_nested_branch_dag' retrieved from /home/airflow/.local/lib/python3.12/site-packages/airflow/example_dags/example_nested_branch_dag.py
[2025-07-31T22:13:15.883+0000] {logging_mixin.py:188} INFO - [2025-07-31T22:13:15.882+0000] {dag.py:3096} INFO - Sync 1 DAGs
[2025-07-31T22:13:15.915+0000] {logging_mixin.py:188} INFO - [2025-07-31T22:13:15.915+0000] {dag.py:3954} INFO - Setting next_dagrun for example_nested_branch_dag to 2025-07-30 00:00:00+00:00, run_after=2025-07-31 00:00:00+00:00
[2025-07-31T22:13:15.944+0000] {processor.py:183} INFO - Processing /home/airflow/.local/lib/python3.12/site-packages/airflow/example_dags/example_nested_branch_dag.py took 0.134 seconds
[2025-07-31T22:13:46.484+0000] {processor.py:161} INFO - Started process (PID=13308) to work on /home/airflow/.local/lib/python3.12/site-packages/airflow/example_dags/example_nested_branch_dag.py
[2025-07-31T22:13:46.486+0000] {processor.py:830} INFO - Processing file /home/airflow/.local/lib/python3.12/site-packages/airflow/example_dags/example_nested_branch_dag.py for tasks to queue
[2025-07-31T22:13:46.487+0000] {logging_mixin.py:188} INFO - [2025-07-31T22:13:46.487+0000] {dagbag.py:545} INFO - Filling up the DagBag from /home/airflow/.local/lib/python3.12/site-packages/airflow/example_dags/example_nested_branch_dag.py
[2025-07-31T22:13:46.503+0000] {processor.py:840} INFO - DAG(s) 'example_nested_branch_dag' retrieved from /home/airflow/.local/lib/python3.12/site-packages/airflow/example_dags/example_nested_branch_dag.py
[2025-07-31T22:13:46.545+0000] {logging_mixin.py:188} INFO - [2025-07-31T22:13:46.545+0000] {dag.py:3096} INFO - Sync 1 DAGs
[2025-07-31T22:13:46.583+0000] {logging_mixin.py:188} INFO - [2025-07-31T22:13:46.583+0000] {dag.py:3954} INFO - Setting next_dagrun for example_nested_branch_dag to 2025-07-30 00:00:00+00:00, run_after=2025-07-31 00:00:00+00:00
[2025-07-31T22:13:46.614+0000] {processor.py:183} INFO - Processing /home/airflow/.local/lib/python3.12/site-packages/airflow/example_dags/example_nested_branch_dag.py took 0.141 seconds
[2025-07-31T22:14:16.917+0000] {processor.py:161} INFO - Started process (PID=13366) to work on /home/airflow/.local/lib/python3.12/site-packages/airflow/example_dags/example_nested_branch_dag.py
[2025-07-31T22:14:16.919+0000] {processor.py:830} INFO - Processing file /home/airflow/.local/lib/python3.12/site-packages/airflow/example_dags/example_nested_branch_dag.py for tasks to queue
[2025-07-31T22:14:16.920+0000] {logging_mixin.py:188} INFO - [2025-07-31T22:14:16.919+0000] {dagbag.py:545} INFO - Filling up the DagBag from /home/airflow/.local/lib/python3.12/site-packages/airflow/example_dags/example_nested_branch_dag.py
[2025-07-31T22:14:16.936+0000] {processor.py:840} INFO - DAG(s) 'example_nested_branch_dag' retrieved from /home/airflow/.local/lib/python3.12/site-packages/airflow/example_dags/example_nested_branch_dag.py
[2025-07-31T22:14:16.974+0000] {logging_mixin.py:188} INFO - [2025-07-31T22:14:16.973+0000] {dag.py:3096} INFO - Sync 1 DAGs
[2025-07-31T22:14:17.011+0000] {logging_mixin.py:188} INFO - [2025-07-31T22:14:17.011+0000] {dag.py:3954} INFO - Setting next_dagrun for example_nested_branch_dag to 2025-07-30 00:00:00+00:00, run_after=2025-07-31 00:00:00+00:00
[2025-07-31T22:14:17.041+0000] {processor.py:183} INFO - Processing /home/airflow/.local/lib/python3.12/site-packages/airflow/example_dags/example_nested_branch_dag.py took 0.134 seconds
[2025-07-31T22:14:47.340+0000] {processor.py:161} INFO - Started process (PID=13424) to work on /home/airflow/.local/lib/python3.12/site-packages/airflow/example_dags/example_nested_branch_dag.py
[2025-07-31T22:14:47.342+0000] {processor.py:830} INFO - Processing file /home/airflow/.local/lib/python3.12/site-packages/airflow/example_dags/example_nested_branch_dag.py for tasks to queue
[2025-07-31T22:14:47.344+0000] {logging_mixin.py:188} INFO - [2025-07-31T22:14:47.343+0000] {dagbag.py:545} INFO - Filling up the DagBag from /home/airflow/.local/lib/python3.12/site-packages/airflow/example_dags/example_nested_branch_dag.py
[2025-07-31T22:14:47.362+0000] {processor.py:840} INFO - DAG(s) 'example_nested_branch_dag' retrieved from /home/airflow/.local/lib/python3.12/site-packages/airflow/example_dags/example_nested_branch_dag.py
[2025-07-31T22:14:47.397+0000] {logging_mixin.py:188} INFO - [2025-07-31T22:14:47.397+0000] {dag.py:3096} INFO - Sync 1 DAGs
[2025-07-31T22:14:47.434+0000] {logging_mixin.py:188} INFO - [2025-07-31T22:14:47.433+0000] {dag.py:3954} INFO - Setting next_dagrun for example_nested_branch_dag to 2025-07-30 00:00:00+00:00, run_after=2025-07-31 00:00:00+00:00
[2025-07-31T22:14:47.470+0000] {processor.py:183} INFO - Processing /home/airflow/.local/lib/python3.12/site-packages/airflow/example_dags/example_nested_branch_dag.py took 0.138 seconds
[2025-07-31T22:15:18.107+0000] {processor.py:161} INFO - Started process (PID=13482) to work on /home/airflow/.local/lib/python3.12/site-packages/airflow/example_dags/example_nested_branch_dag.py
[2025-07-31T22:15:18.109+0000] {processor.py:830} INFO - Processing file /home/airflow/.local/lib/python3.12/site-packages/airflow/example_dags/example_nested_branch_dag.py for tasks to queue
[2025-07-31T22:15:18.111+0000] {logging_mixin.py:188} INFO - [2025-07-31T22:15:18.110+0000] {dagbag.py:545} INFO - Filling up the DagBag from /home/airflow/.local/lib/python3.12/site-packages/airflow/example_dags/example_nested_branch_dag.py
[2025-07-31T22:15:18.129+0000] {processor.py:840} INFO - DAG(s) 'example_nested_branch_dag' retrieved from /home/airflow/.local/lib/python3.12/site-packages/airflow/example_dags/example_nested_branch_dag.py
[2025-07-31T22:15:18.167+0000] {logging_mixin.py:188} INFO - [2025-07-31T22:15:18.166+0000] {dag.py:3096} INFO - Sync 1 DAGs
[2025-07-31T22:15:18.198+0000] {logging_mixin.py:188} INFO - [2025-07-31T22:15:18.198+0000] {dag.py:3954} INFO - Setting next_dagrun for example_nested_branch_dag to 2025-07-30 00:00:00+00:00, run_after=2025-07-31 00:00:00+00:00
[2025-07-31T22:15:18.225+0000] {processor.py:183} INFO - Processing /home/airflow/.local/lib/python3.12/site-packages/airflow/example_dags/example_nested_branch_dag.py took 0.132 seconds
[2025-07-31T22:15:49.184+0000] {processor.py:161} INFO - Started process (PID=13541) to work on /home/airflow/.local/lib/python3.12/site-packages/airflow/example_dags/example_nested_branch_dag.py
[2025-07-31T22:15:49.189+0000] {processor.py:830} INFO - Processing file /home/airflow/.local/lib/python3.12/site-packages/airflow/example_dags/example_nested_branch_dag.py for tasks to queue
[2025-07-31T22:15:49.192+0000] {logging_mixin.py:188} INFO - [2025-07-31T22:15:49.191+0000] {dagbag.py:545} INFO - Filling up the DagBag from /home/airflow/.local/lib/python3.12/site-packages/airflow/example_dags/example_nested_branch_dag.py
[2025-07-31T22:15:49.222+0000] {processor.py:840} INFO - DAG(s) 'example_nested_branch_dag' retrieved from /home/airflow/.local/lib/python3.12/site-packages/airflow/example_dags/example_nested_branch_dag.py
[2025-07-31T22:15:49.280+0000] {logging_mixin.py:188} INFO - [2025-07-31T22:15:49.280+0000] {dag.py:3096} INFO - Sync 1 DAGs
[2025-07-31T22:15:49.324+0000] {logging_mixin.py:188} INFO - [2025-07-31T22:15:49.323+0000] {dag.py:3954} INFO - Setting next_dagrun for example_nested_branch_dag to 2025-07-30 00:00:00+00:00, run_after=2025-07-31 00:00:00+00:00
[2025-07-31T22:15:49.358+0000] {processor.py:183} INFO - Processing /home/airflow/.local/lib/python3.12/site-packages/airflow/example_dags/example_nested_branch_dag.py took 0.196 seconds
[2025-07-31T22:16:19.817+0000] {processor.py:161} INFO - Started process (PID=13599) to work on /home/airflow/.local/lib/python3.12/site-packages/airflow/example_dags/example_nested_branch_dag.py
[2025-07-31T22:16:19.819+0000] {processor.py:830} INFO - Processing file /home/airflow/.local/lib/python3.12/site-packages/airflow/example_dags/example_nested_branch_dag.py for tasks to queue
[2025-07-31T22:16:19.820+0000] {logging_mixin.py:188} INFO - [2025-07-31T22:16:19.820+0000] {dagbag.py:545} INFO - Filling up the DagBag from /home/airflow/.local/lib/python3.12/site-packages/airflow/example_dags/example_nested_branch_dag.py
[2025-07-31T22:16:19.838+0000] {processor.py:840} INFO - DAG(s) 'example_nested_branch_dag' retrieved from /home/airflow/.local/lib/python3.12/site-packages/airflow/example_dags/example_nested_branch_dag.py
[2025-07-31T22:16:19.891+0000] {logging_mixin.py:188} INFO - [2025-07-31T22:16:19.890+0000] {dag.py:3096} INFO - Sync 1 DAGs
[2025-07-31T22:16:19.931+0000] {logging_mixin.py:188} INFO - [2025-07-31T22:16:19.930+0000] {dag.py:3954} INFO - Setting next_dagrun for example_nested_branch_dag to 2025-07-30 00:00:00+00:00, run_after=2025-07-31 00:00:00+00:00
[2025-07-31T22:16:19.967+0000] {processor.py:183} INFO - Processing /home/airflow/.local/lib/python3.12/site-packages/airflow/example_dags/example_nested_branch_dag.py took 0.163 seconds
[2025-07-31T22:16:50.085+0000] {processor.py:161} INFO - Started process (PID=13657) to work on /home/airflow/.local/lib/python3.12/site-packages/airflow/example_dags/example_nested_branch_dag.py
[2025-07-31T22:16:50.087+0000] {processor.py:830} INFO - Processing file /home/airflow/.local/lib/python3.12/site-packages/airflow/example_dags/example_nested_branch_dag.py for tasks to queue
[2025-07-31T22:16:50.088+0000] {logging_mixin.py:188} INFO - [2025-07-31T22:16:50.088+0000] {dagbag.py:545} INFO - Filling up the DagBag from /home/airflow/.local/lib/python3.12/site-packages/airflow/example_dags/example_nested_branch_dag.py
[2025-07-31T22:16:50.105+0000] {processor.py:840} INFO - DAG(s) 'example_nested_branch_dag' retrieved from /home/airflow/.local/lib/python3.12/site-packages/airflow/example_dags/example_nested_branch_dag.py
[2025-07-31T22:16:50.149+0000] {logging_mixin.py:188} INFO - [2025-07-31T22:16:50.149+0000] {dag.py:3096} INFO - Sync 1 DAGs
[2025-07-31T22:16:50.187+0000] {logging_mixin.py:188} INFO - [2025-07-31T22:16:50.187+0000] {dag.py:3954} INFO - Setting next_dagrun for example_nested_branch_dag to 2025-07-30 00:00:00+00:00, run_after=2025-07-31 00:00:00+00:00
[2025-07-31T22:16:50.219+0000] {processor.py:183} INFO - Processing /home/airflow/.local/lib/python3.12/site-packages/airflow/example_dags/example_nested_branch_dag.py took 0.144 seconds
[2025-07-31T22:17:20.355+0000] {processor.py:161} INFO - Started process (PID=13715) to work on /home/airflow/.local/lib/python3.12/site-packages/airflow/example_dags/example_nested_branch_dag.py
[2025-07-31T22:17:20.357+0000] {processor.py:830} INFO - Processing file /home/airflow/.local/lib/python3.12/site-packages/airflow/example_dags/example_nested_branch_dag.py for tasks to queue
[2025-07-31T22:17:20.359+0000] {logging_mixin.py:188} INFO - [2025-07-31T22:17:20.358+0000] {dagbag.py:545} INFO - Filling up the DagBag from /home/airflow/.local/lib/python3.12/site-packages/airflow/example_dags/example_nested_branch_dag.py
[2025-07-31T22:17:20.376+0000] {processor.py:840} INFO - DAG(s) 'example_nested_branch_dag' retrieved from /home/airflow/.local/lib/python3.12/site-packages/airflow/example_dags/example_nested_branch_dag.py
[2025-07-31T22:17:20.416+0000] {logging_mixin.py:188} INFO - [2025-07-31T22:17:20.415+0000] {dag.py:3096} INFO - Sync 1 DAGs
[2025-07-31T22:17:20.451+0000] {logging_mixin.py:188} INFO - [2025-07-31T22:17:20.451+0000] {dag.py:3954} INFO - Setting next_dagrun for example_nested_branch_dag to 2025-07-30 00:00:00+00:00, run_after=2025-07-31 00:00:00+00:00
[2025-07-31T22:17:20.482+0000] {processor.py:183} INFO - Processing /home/airflow/.local/lib/python3.12/site-packages/airflow/example_dags/example_nested_branch_dag.py took 0.137 seconds
[2025-07-31T22:17:51.331+0000] {processor.py:161} INFO - Started process (PID=13779) to work on /home/airflow/.local/lib/python3.12/site-packages/airflow/example_dags/example_nested_branch_dag.py
[2025-07-31T22:17:51.332+0000] {processor.py:830} INFO - Processing file /home/airflow/.local/lib/python3.12/site-packages/airflow/example_dags/example_nested_branch_dag.py for tasks to queue
[2025-07-31T22:17:51.334+0000] {logging_mixin.py:188} INFO - [2025-07-31T22:17:51.333+0000] {dagbag.py:545} INFO - Filling up the DagBag from /home/airflow/.local/lib/python3.12/site-packages/airflow/example_dags/example_nested_branch_dag.py
[2025-07-31T22:17:51.352+0000] {processor.py:840} INFO - DAG(s) 'example_nested_branch_dag' retrieved from /home/airflow/.local/lib/python3.12/site-packages/airflow/example_dags/example_nested_branch_dag.py
[2025-07-31T22:17:51.397+0000] {logging_mixin.py:188} INFO - [2025-07-31T22:17:51.396+0000] {dag.py:3096} INFO - Sync 1 DAGs
[2025-07-31T22:17:51.429+0000] {logging_mixin.py:188} INFO - [2025-07-31T22:17:51.429+0000] {dag.py:3954} INFO - Setting next_dagrun for example_nested_branch_dag to 2025-07-30 00:00:00+00:00, run_after=2025-07-31 00:00:00+00:00
[2025-07-31T22:17:51.457+0000] {processor.py:183} INFO - Processing /home/airflow/.local/lib/python3.12/site-packages/airflow/example_dags/example_nested_branch_dag.py took 0.136 seconds
