[2025-07-31T03:25:16.162+0000] {processor.py:161} INFO - Started process (PID=12566) to work on /home/airflow/.local/lib/python3.12/site-packages/airflow/example_dags/example_external_task_marker_dag.py
[2025-07-31T03:25:16.163+0000] {processor.py:830} INFO - Processing file /home/airflow/.local/lib/python3.12/site-packages/airflow/example_dags/example_external_task_marker_dag.py for tasks to queue
[2025-07-31T03:25:16.165+0000] {logging_mixin.py:188} INFO - [2025-07-31T03:25:16.164+0000] {dagbag.py:545} INFO - Filling up the DagBag from /home/airflow/.local/lib/python3.12/site-packages/airflow/example_dags/example_external_task_marker_dag.py
[2025-07-31T03:25:16.173+0000] {processor.py:840} INFO - DAG(s) 'example_external_task_marker_parent', 'example_external_task_marker_child' retrieved from /home/airflow/.local/lib/python3.12/site-packages/airflow/example_dags/example_external_task_marker_dag.py
[2025-07-31T03:25:16.207+0000] {logging_mixin.py:188} INFO - [2025-07-31T03:25:16.206+0000] {dag.py:3096} INFO - Sync 2 DAGs
[2025-07-31T03:25:16.225+0000] {logging_mixin.py:188} INFO - [2025-07-31T03:25:16.225+0000] {dag.py:3954} INFO - Setting next_dagrun for example_external_task_marker_child to None, run_after=None
[2025-07-31T03:25:16.230+0000] {logging_mixin.py:188} INFO - [2025-07-31T03:25:16.230+0000] {dag.py:3954} INFO - Setting next_dagrun for example_external_task_marker_parent to None, run_after=None
[2025-07-31T03:25:16.255+0000] {processor.py:183} INFO - Processing /home/airflow/.local/lib/python3.12/site-packages/airflow/example_dags/example_external_task_marker_dag.py took 0.101 seconds
[2025-07-31T22:07:37.815+0000] {processor.py:161} INFO - Started process (PID=12599) to work on /home/airflow/.local/lib/python3.12/site-packages/airflow/example_dags/example_external_task_marker_dag.py
[2025-07-31T22:07:37.821+0000] {processor.py:830} INFO - Processing file /home/airflow/.local/lib/python3.12/site-packages/airflow/example_dags/example_external_task_marker_dag.py for tasks to queue
[2025-07-31T22:07:37.826+0000] {logging_mixin.py:188} INFO - [2025-07-31T22:07:37.825+0000] {dagbag.py:545} INFO - Filling up the DagBag from /home/airflow/.local/lib/python3.12/site-packages/airflow/example_dags/example_external_task_marker_dag.py
[2025-07-31T22:07:37.847+0000] {processor.py:840} INFO - DAG(s) 'example_external_task_marker_child', 'example_external_task_marker_parent' retrieved from /home/airflow/.local/lib/python3.12/site-packages/airflow/example_dags/example_external_task_marker_dag.py
[2025-07-31T22:07:37.926+0000] {logging_mixin.py:188} INFO - [2025-07-31T22:07:37.925+0000] {dag.py:3096} INFO - Sync 2 DAGs
[2025-07-31T22:07:37.964+0000] {logging_mixin.py:188} INFO - [2025-07-31T22:07:37.963+0000] {dag.py:3954} INFO - Setting next_dagrun for example_external_task_marker_child to None, run_after=None
[2025-07-31T22:07:37.975+0000] {logging_mixin.py:188} INFO - [2025-07-31T22:07:37.975+0000] {dag.py:3954} INFO - Setting next_dagrun for example_external_task_marker_parent to None, run_after=None
[2025-07-31T22:07:38.021+0000] {processor.py:183} INFO - Processing /home/airflow/.local/lib/python3.12/site-packages/airflow/example_dags/example_external_task_marker_dag.py took 0.226 seconds
[2025-07-31T22:08:08.693+0000] {processor.py:161} INFO - Started process (PID=12657) to work on /home/airflow/.local/lib/python3.12/site-packages/airflow/example_dags/example_external_task_marker_dag.py
[2025-07-31T22:08:08.694+0000] {processor.py:830} INFO - Processing file /home/airflow/.local/lib/python3.12/site-packages/airflow/example_dags/example_external_task_marker_dag.py for tasks to queue
[2025-07-31T22:08:08.696+0000] {logging_mixin.py:188} INFO - [2025-07-31T22:08:08.695+0000] {dagbag.py:545} INFO - Filling up the DagBag from /home/airflow/.local/lib/python3.12/site-packages/airflow/example_dags/example_external_task_marker_dag.py
[2025-07-31T22:08:08.703+0000] {processor.py:840} INFO - DAG(s) 'example_external_task_marker_child', 'example_external_task_marker_parent' retrieved from /home/airflow/.local/lib/python3.12/site-packages/airflow/example_dags/example_external_task_marker_dag.py
[2025-07-31T22:08:08.735+0000] {logging_mixin.py:188} INFO - [2025-07-31T22:08:08.735+0000] {dag.py:3096} INFO - Sync 2 DAGs
[2025-07-31T22:08:08.750+0000] {logging_mixin.py:188} INFO - [2025-07-31T22:08:08.750+0000] {dag.py:3954} INFO - Setting next_dagrun for example_external_task_marker_child to None, run_after=None
[2025-07-31T22:08:08.755+0000] {logging_mixin.py:188} INFO - [2025-07-31T22:08:08.755+0000] {dag.py:3954} INFO - Setting next_dagrun for example_external_task_marker_parent to None, run_after=None
[2025-07-31T22:08:08.776+0000] {processor.py:183} INFO - Processing /home/airflow/.local/lib/python3.12/site-packages/airflow/example_dags/example_external_task_marker_dag.py took 0.090 seconds
[2025-07-31T22:08:38.968+0000] {processor.py:161} INFO - Started process (PID=12716) to work on /home/airflow/.local/lib/python3.12/site-packages/airflow/example_dags/example_external_task_marker_dag.py
[2025-07-31T22:08:38.970+0000] {processor.py:830} INFO - Processing file /home/airflow/.local/lib/python3.12/site-packages/airflow/example_dags/example_external_task_marker_dag.py for tasks to queue
[2025-07-31T22:08:38.973+0000] {logging_mixin.py:188} INFO - [2025-07-31T22:08:38.972+0000] {dagbag.py:545} INFO - Filling up the DagBag from /home/airflow/.local/lib/python3.12/site-packages/airflow/example_dags/example_external_task_marker_dag.py
[2025-07-31T22:08:38.985+0000] {processor.py:840} INFO - DAG(s) 'example_external_task_marker_child', 'example_external_task_marker_parent' retrieved from /home/airflow/.local/lib/python3.12/site-packages/airflow/example_dags/example_external_task_marker_dag.py
[2025-07-31T22:08:39.039+0000] {logging_mixin.py:188} INFO - [2025-07-31T22:08:39.038+0000] {dag.py:3096} INFO - Sync 2 DAGs
[2025-07-31T22:08:39.064+0000] {logging_mixin.py:188} INFO - [2025-07-31T22:08:39.064+0000] {dag.py:3954} INFO - Setting next_dagrun for example_external_task_marker_child to None, run_after=None
[2025-07-31T22:08:39.071+0000] {logging_mixin.py:188} INFO - [2025-07-31T22:08:39.071+0000] {dag.py:3954} INFO - Setting next_dagrun for example_external_task_marker_parent to None, run_after=None
[2025-07-31T22:08:39.104+0000] {processor.py:183} INFO - Processing /home/airflow/.local/lib/python3.12/site-packages/airflow/example_dags/example_external_task_marker_dag.py took 0.145 seconds
[2025-07-31T22:09:09.465+0000] {processor.py:161} INFO - Started process (PID=12775) to work on /home/airflow/.local/lib/python3.12/site-packages/airflow/example_dags/example_external_task_marker_dag.py
[2025-07-31T22:09:09.467+0000] {processor.py:830} INFO - Processing file /home/airflow/.local/lib/python3.12/site-packages/airflow/example_dags/example_external_task_marker_dag.py for tasks to queue
[2025-07-31T22:09:09.469+0000] {logging_mixin.py:188} INFO - [2025-07-31T22:09:09.468+0000] {dagbag.py:545} INFO - Filling up the DagBag from /home/airflow/.local/lib/python3.12/site-packages/airflow/example_dags/example_external_task_marker_dag.py
[2025-07-31T22:09:09.480+0000] {processor.py:840} INFO - DAG(s) 'example_external_task_marker_child', 'example_external_task_marker_parent' retrieved from /home/airflow/.local/lib/python3.12/site-packages/airflow/example_dags/example_external_task_marker_dag.py
[2025-07-31T22:09:09.521+0000] {logging_mixin.py:188} INFO - [2025-07-31T22:09:09.520+0000] {dag.py:3096} INFO - Sync 2 DAGs
[2025-07-31T22:09:09.540+0000] {logging_mixin.py:188} INFO - [2025-07-31T22:09:09.539+0000] {dag.py:3954} INFO - Setting next_dagrun for example_external_task_marker_child to None, run_after=None
[2025-07-31T22:09:09.547+0000] {logging_mixin.py:188} INFO - [2025-07-31T22:09:09.546+0000] {dag.py:3954} INFO - Setting next_dagrun for example_external_task_marker_parent to None, run_after=None
[2025-07-31T22:09:09.571+0000] {processor.py:183} INFO - Processing /home/airflow/.local/lib/python3.12/site-packages/airflow/example_dags/example_external_task_marker_dag.py took 0.116 seconds
[2025-07-31T22:09:39.878+0000] {processor.py:161} INFO - Started process (PID=12834) to work on /home/airflow/.local/lib/python3.12/site-packages/airflow/example_dags/example_external_task_marker_dag.py
[2025-07-31T22:09:39.881+0000] {processor.py:830} INFO - Processing file /home/airflow/.local/lib/python3.12/site-packages/airflow/example_dags/example_external_task_marker_dag.py for tasks to queue
[2025-07-31T22:09:39.883+0000] {logging_mixin.py:188} INFO - [2025-07-31T22:09:39.882+0000] {dagbag.py:545} INFO - Filling up the DagBag from /home/airflow/.local/lib/python3.12/site-packages/airflow/example_dags/example_external_task_marker_dag.py
[2025-07-31T22:09:39.892+0000] {processor.py:840} INFO - DAG(s) 'example_external_task_marker_child', 'example_external_task_marker_parent' retrieved from /home/airflow/.local/lib/python3.12/site-packages/airflow/example_dags/example_external_task_marker_dag.py
[2025-07-31T22:09:39.930+0000] {logging_mixin.py:188} INFO - [2025-07-31T22:09:39.930+0000] {dag.py:3096} INFO - Sync 2 DAGs
[2025-07-31T22:09:39.953+0000] {logging_mixin.py:188} INFO - [2025-07-31T22:09:39.952+0000] {dag.py:3954} INFO - Setting next_dagrun for example_external_task_marker_child to None, run_after=None
[2025-07-31T22:09:39.959+0000] {logging_mixin.py:188} INFO - [2025-07-31T22:09:39.958+0000] {dag.py:3954} INFO - Setting next_dagrun for example_external_task_marker_parent to None, run_after=None
[2025-07-31T22:09:39.995+0000] {processor.py:183} INFO - Processing /home/airflow/.local/lib/python3.12/site-packages/airflow/example_dags/example_external_task_marker_dag.py took 0.125 seconds
[2025-07-31T22:10:11.050+0000] {processor.py:161} INFO - Started process (PID=12892) to work on /home/airflow/.local/lib/python3.12/site-packages/airflow/example_dags/example_external_task_marker_dag.py
[2025-07-31T22:10:11.053+0000] {processor.py:830} INFO - Processing file /home/airflow/.local/lib/python3.12/site-packages/airflow/example_dags/example_external_task_marker_dag.py for tasks to queue
[2025-07-31T22:10:11.056+0000] {logging_mixin.py:188} INFO - [2025-07-31T22:10:11.055+0000] {dagbag.py:545} INFO - Filling up the DagBag from /home/airflow/.local/lib/python3.12/site-packages/airflow/example_dags/example_external_task_marker_dag.py
[2025-07-31T22:10:11.070+0000] {processor.py:840} INFO - DAG(s) 'example_external_task_marker_parent', 'example_external_task_marker_child' retrieved from /home/airflow/.local/lib/python3.12/site-packages/airflow/example_dags/example_external_task_marker_dag.py
[2025-07-31T22:10:11.121+0000] {logging_mixin.py:188} INFO - [2025-07-31T22:10:11.120+0000] {dag.py:3096} INFO - Sync 2 DAGs
[2025-07-31T22:10:11.148+0000] {logging_mixin.py:188} INFO - [2025-07-31T22:10:11.148+0000] {dag.py:3954} INFO - Setting next_dagrun for example_external_task_marker_child to None, run_after=None
[2025-07-31T22:10:11.158+0000] {logging_mixin.py:188} INFO - [2025-07-31T22:10:11.157+0000] {dag.py:3954} INFO - Setting next_dagrun for example_external_task_marker_parent to None, run_after=None
[2025-07-31T22:10:11.212+0000] {processor.py:183} INFO - Processing /home/airflow/.local/lib/python3.12/site-packages/airflow/example_dags/example_external_task_marker_dag.py took 0.158 seconds
[2025-07-31T22:10:41.390+0000] {processor.py:161} INFO - Started process (PID=12950) to work on /home/airflow/.local/lib/python3.12/site-packages/airflow/example_dags/example_external_task_marker_dag.py
[2025-07-31T22:10:41.392+0000] {processor.py:830} INFO - Processing file /home/airflow/.local/lib/python3.12/site-packages/airflow/example_dags/example_external_task_marker_dag.py for tasks to queue
[2025-07-31T22:10:41.394+0000] {logging_mixin.py:188} INFO - [2025-07-31T22:10:41.393+0000] {dagbag.py:545} INFO - Filling up the DagBag from /home/airflow/.local/lib/python3.12/site-packages/airflow/example_dags/example_external_task_marker_dag.py
[2025-07-31T22:10:41.407+0000] {processor.py:840} INFO - DAG(s) 'example_external_task_marker_parent', 'example_external_task_marker_child' retrieved from /home/airflow/.local/lib/python3.12/site-packages/airflow/example_dags/example_external_task_marker_dag.py
[2025-07-31T22:10:41.457+0000] {logging_mixin.py:188} INFO - [2025-07-31T22:10:41.457+0000] {dag.py:3096} INFO - Sync 2 DAGs
[2025-07-31T22:10:41.491+0000] {logging_mixin.py:188} INFO - [2025-07-31T22:10:41.490+0000] {dag.py:3954} INFO - Setting next_dagrun for example_external_task_marker_child to None, run_after=None
[2025-07-31T22:10:41.499+0000] {logging_mixin.py:188} INFO - [2025-07-31T22:10:41.498+0000] {dag.py:3954} INFO - Setting next_dagrun for example_external_task_marker_parent to None, run_after=None
[2025-07-31T22:10:41.532+0000] {processor.py:183} INFO - Processing /home/airflow/.local/lib/python3.12/site-packages/airflow/example_dags/example_external_task_marker_dag.py took 0.155 seconds
[2025-07-31T22:11:11.693+0000] {processor.py:161} INFO - Started process (PID=13008) to work on /home/airflow/.local/lib/python3.12/site-packages/airflow/example_dags/example_external_task_marker_dag.py
[2025-07-31T22:11:11.695+0000] {processor.py:830} INFO - Processing file /home/airflow/.local/lib/python3.12/site-packages/airflow/example_dags/example_external_task_marker_dag.py for tasks to queue
[2025-07-31T22:11:11.696+0000] {logging_mixin.py:188} INFO - [2025-07-31T22:11:11.696+0000] {dagbag.py:545} INFO - Filling up the DagBag from /home/airflow/.local/lib/python3.12/site-packages/airflow/example_dags/example_external_task_marker_dag.py
[2025-07-31T22:11:11.708+0000] {processor.py:840} INFO - DAG(s) 'example_external_task_marker_parent', 'example_external_task_marker_child' retrieved from /home/airflow/.local/lib/python3.12/site-packages/airflow/example_dags/example_external_task_marker_dag.py
[2025-07-31T22:11:11.754+0000] {logging_mixin.py:188} INFO - [2025-07-31T22:11:11.753+0000] {dag.py:3096} INFO - Sync 2 DAGs
[2025-07-31T22:11:11.782+0000] {logging_mixin.py:188} INFO - [2025-07-31T22:11:11.781+0000] {dag.py:3954} INFO - Setting next_dagrun for example_external_task_marker_child to None, run_after=None
[2025-07-31T22:11:11.789+0000] {logging_mixin.py:188} INFO - [2025-07-31T22:11:11.789+0000] {dag.py:3954} INFO - Setting next_dagrun for example_external_task_marker_parent to None, run_after=None
[2025-07-31T22:11:11.876+0000] {processor.py:183} INFO - Processing /home/airflow/.local/lib/python3.12/site-packages/airflow/example_dags/example_external_task_marker_dag.py took 0.194 seconds
[2025-07-31T22:11:42.174+0000] {processor.py:161} INFO - Started process (PID=13066) to work on /home/airflow/.local/lib/python3.12/site-packages/airflow/example_dags/example_external_task_marker_dag.py
[2025-07-31T22:11:42.175+0000] {processor.py:830} INFO - Processing file /home/airflow/.local/lib/python3.12/site-packages/airflow/example_dags/example_external_task_marker_dag.py for tasks to queue
[2025-07-31T22:11:42.177+0000] {logging_mixin.py:188} INFO - [2025-07-31T22:11:42.176+0000] {dagbag.py:545} INFO - Filling up the DagBag from /home/airflow/.local/lib/python3.12/site-packages/airflow/example_dags/example_external_task_marker_dag.py
[2025-07-31T22:11:42.185+0000] {processor.py:840} INFO - DAG(s) 'example_external_task_marker_child', 'example_external_task_marker_parent' retrieved from /home/airflow/.local/lib/python3.12/site-packages/airflow/example_dags/example_external_task_marker_dag.py
[2025-07-31T22:11:42.223+0000] {logging_mixin.py:188} INFO - [2025-07-31T22:11:42.223+0000] {dag.py:3096} INFO - Sync 2 DAGs
[2025-07-31T22:11:42.242+0000] {logging_mixin.py:188} INFO - [2025-07-31T22:11:42.241+0000] {dag.py:3954} INFO - Setting next_dagrun for example_external_task_marker_child to None, run_after=None
[2025-07-31T22:11:42.248+0000] {logging_mixin.py:188} INFO - [2025-07-31T22:11:42.247+0000] {dag.py:3954} INFO - Setting next_dagrun for example_external_task_marker_parent to None, run_after=None
[2025-07-31T22:11:42.276+0000] {processor.py:183} INFO - Processing /home/airflow/.local/lib/python3.12/site-packages/airflow/example_dags/example_external_task_marker_dag.py took 0.112 seconds
[2025-07-31T22:12:12.412+0000] {processor.py:161} INFO - Started process (PID=13124) to work on /home/airflow/.local/lib/python3.12/site-packages/airflow/example_dags/example_external_task_marker_dag.py
[2025-07-31T22:12:12.414+0000] {processor.py:830} INFO - Processing file /home/airflow/.local/lib/python3.12/site-packages/airflow/example_dags/example_external_task_marker_dag.py for tasks to queue
[2025-07-31T22:12:12.416+0000] {logging_mixin.py:188} INFO - [2025-07-31T22:12:12.415+0000] {dagbag.py:545} INFO - Filling up the DagBag from /home/airflow/.local/lib/python3.12/site-packages/airflow/example_dags/example_external_task_marker_dag.py
[2025-07-31T22:12:12.425+0000] {processor.py:840} INFO - DAG(s) 'example_external_task_marker_child', 'example_external_task_marker_parent' retrieved from /home/airflow/.local/lib/python3.12/site-packages/airflow/example_dags/example_external_task_marker_dag.py
[2025-07-31T22:12:12.467+0000] {logging_mixin.py:188} INFO - [2025-07-31T22:12:12.467+0000] {dag.py:3096} INFO - Sync 2 DAGs
[2025-07-31T22:12:12.491+0000] {logging_mixin.py:188} INFO - [2025-07-31T22:12:12.491+0000] {dag.py:3954} INFO - Setting next_dagrun for example_external_task_marker_child to None, run_after=None
[2025-07-31T22:12:12.498+0000] {logging_mixin.py:188} INFO - [2025-07-31T22:12:12.498+0000] {dag.py:3954} INFO - Setting next_dagrun for example_external_task_marker_parent to None, run_after=None
[2025-07-31T22:12:12.527+0000] {processor.py:183} INFO - Processing /home/airflow/.local/lib/python3.12/site-packages/airflow/example_dags/example_external_task_marker_dag.py took 0.123 seconds
[2025-07-31T22:12:42.784+0000] {processor.py:161} INFO - Started process (PID=13182) to work on /home/airflow/.local/lib/python3.12/site-packages/airflow/example_dags/example_external_task_marker_dag.py
[2025-07-31T22:12:42.786+0000] {processor.py:830} INFO - Processing file /home/airflow/.local/lib/python3.12/site-packages/airflow/example_dags/example_external_task_marker_dag.py for tasks to queue
[2025-07-31T22:12:42.787+0000] {logging_mixin.py:188} INFO - [2025-07-31T22:12:42.787+0000] {dagbag.py:545} INFO - Filling up the DagBag from /home/airflow/.local/lib/python3.12/site-packages/airflow/example_dags/example_external_task_marker_dag.py
[2025-07-31T22:12:42.796+0000] {processor.py:840} INFO - DAG(s) 'example_external_task_marker_child', 'example_external_task_marker_parent' retrieved from /home/airflow/.local/lib/python3.12/site-packages/airflow/example_dags/example_external_task_marker_dag.py
[2025-07-31T22:12:42.837+0000] {logging_mixin.py:188} INFO - [2025-07-31T22:12:42.837+0000] {dag.py:3096} INFO - Sync 2 DAGs
[2025-07-31T22:12:42.856+0000] {logging_mixin.py:188} INFO - [2025-07-31T22:12:42.855+0000] {dag.py:3954} INFO - Setting next_dagrun for example_external_task_marker_child to None, run_after=None
[2025-07-31T22:12:42.860+0000] {logging_mixin.py:188} INFO - [2025-07-31T22:12:42.860+0000] {dag.py:3954} INFO - Setting next_dagrun for example_external_task_marker_parent to None, run_after=None
[2025-07-31T22:12:42.883+0000] {processor.py:183} INFO - Processing /home/airflow/.local/lib/python3.12/site-packages/airflow/example_dags/example_external_task_marker_dag.py took 0.112 seconds
[2025-07-31T22:13:13.051+0000] {processor.py:161} INFO - Started process (PID=13240) to work on /home/airflow/.local/lib/python3.12/site-packages/airflow/example_dags/example_external_task_marker_dag.py
[2025-07-31T22:13:13.053+0000] {processor.py:830} INFO - Processing file /home/airflow/.local/lib/python3.12/site-packages/airflow/example_dags/example_external_task_marker_dag.py for tasks to queue
[2025-07-31T22:13:13.054+0000] {logging_mixin.py:188} INFO - [2025-07-31T22:13:13.053+0000] {dagbag.py:545} INFO - Filling up the DagBag from /home/airflow/.local/lib/python3.12/site-packages/airflow/example_dags/example_external_task_marker_dag.py
[2025-07-31T22:13:13.063+0000] {processor.py:840} INFO - DAG(s) 'example_external_task_marker_child', 'example_external_task_marker_parent' retrieved from /home/airflow/.local/lib/python3.12/site-packages/airflow/example_dags/example_external_task_marker_dag.py
[2025-07-31T22:13:13.105+0000] {logging_mixin.py:188} INFO - [2025-07-31T22:13:13.105+0000] {dag.py:3096} INFO - Sync 2 DAGs
[2025-07-31T22:13:13.124+0000] {logging_mixin.py:188} INFO - [2025-07-31T22:13:13.124+0000] {dag.py:3954} INFO - Setting next_dagrun for example_external_task_marker_child to None, run_after=None
[2025-07-31T22:13:13.130+0000] {logging_mixin.py:188} INFO - [2025-07-31T22:13:13.130+0000] {dag.py:3954} INFO - Setting next_dagrun for example_external_task_marker_parent to None, run_after=None
[2025-07-31T22:13:13.155+0000] {processor.py:183} INFO - Processing /home/airflow/.local/lib/python3.12/site-packages/airflow/example_dags/example_external_task_marker_dag.py took 0.114 seconds
[2025-07-31T22:13:43.718+0000] {processor.py:161} INFO - Started process (PID=13299) to work on /home/airflow/.local/lib/python3.12/site-packages/airflow/example_dags/example_external_task_marker_dag.py
[2025-07-31T22:13:43.720+0000] {processor.py:830} INFO - Processing file /home/airflow/.local/lib/python3.12/site-packages/airflow/example_dags/example_external_task_marker_dag.py for tasks to queue
[2025-07-31T22:13:43.722+0000] {logging_mixin.py:188} INFO - [2025-07-31T22:13:43.721+0000] {dagbag.py:545} INFO - Filling up the DagBag from /home/airflow/.local/lib/python3.12/site-packages/airflow/example_dags/example_external_task_marker_dag.py
[2025-07-31T22:13:43.731+0000] {processor.py:840} INFO - DAG(s) 'example_external_task_marker_child', 'example_external_task_marker_parent' retrieved from /home/airflow/.local/lib/python3.12/site-packages/airflow/example_dags/example_external_task_marker_dag.py
[2025-07-31T22:13:43.768+0000] {logging_mixin.py:188} INFO - [2025-07-31T22:13:43.768+0000] {dag.py:3096} INFO - Sync 2 DAGs
[2025-07-31T22:13:43.790+0000] {logging_mixin.py:188} INFO - [2025-07-31T22:13:43.790+0000] {dag.py:3954} INFO - Setting next_dagrun for example_external_task_marker_child to None, run_after=None
[2025-07-31T22:13:43.795+0000] {logging_mixin.py:188} INFO - [2025-07-31T22:13:43.795+0000] {dag.py:3954} INFO - Setting next_dagrun for example_external_task_marker_parent to None, run_after=None
[2025-07-31T22:13:43.817+0000] {processor.py:183} INFO - Processing /home/airflow/.local/lib/python3.12/site-packages/airflow/example_dags/example_external_task_marker_dag.py took 0.109 seconds
[2025-07-31T22:14:14.269+0000] {processor.py:161} INFO - Started process (PID=13357) to work on /home/airflow/.local/lib/python3.12/site-packages/airflow/example_dags/example_external_task_marker_dag.py
[2025-07-31T22:14:14.270+0000] {processor.py:830} INFO - Processing file /home/airflow/.local/lib/python3.12/site-packages/airflow/example_dags/example_external_task_marker_dag.py for tasks to queue
[2025-07-31T22:14:14.271+0000] {logging_mixin.py:188} INFO - [2025-07-31T22:14:14.271+0000] {dagbag.py:545} INFO - Filling up the DagBag from /home/airflow/.local/lib/python3.12/site-packages/airflow/example_dags/example_external_task_marker_dag.py
[2025-07-31T22:14:14.280+0000] {processor.py:840} INFO - DAG(s) 'example_external_task_marker_parent', 'example_external_task_marker_child' retrieved from /home/airflow/.local/lib/python3.12/site-packages/airflow/example_dags/example_external_task_marker_dag.py
[2025-07-31T22:14:14.322+0000] {logging_mixin.py:188} INFO - [2025-07-31T22:14:14.321+0000] {dag.py:3096} INFO - Sync 2 DAGs
[2025-07-31T22:14:14.341+0000] {logging_mixin.py:188} INFO - [2025-07-31T22:14:14.341+0000] {dag.py:3954} INFO - Setting next_dagrun for example_external_task_marker_child to None, run_after=None
[2025-07-31T22:14:14.347+0000] {logging_mixin.py:188} INFO - [2025-07-31T22:14:14.347+0000] {dag.py:3954} INFO - Setting next_dagrun for example_external_task_marker_parent to None, run_after=None
[2025-07-31T22:14:14.380+0000] {processor.py:183} INFO - Processing /home/airflow/.local/lib/python3.12/site-packages/airflow/example_dags/example_external_task_marker_dag.py took 0.120 seconds
[2025-07-31T22:14:45.379+0000] {processor.py:161} INFO - Started process (PID=13415) to work on /home/airflow/.local/lib/python3.12/site-packages/airflow/example_dags/example_external_task_marker_dag.py
[2025-07-31T22:14:45.381+0000] {processor.py:830} INFO - Processing file /home/airflow/.local/lib/python3.12/site-packages/airflow/example_dags/example_external_task_marker_dag.py for tasks to queue
[2025-07-31T22:14:45.382+0000] {logging_mixin.py:188} INFO - [2025-07-31T22:14:45.382+0000] {dagbag.py:545} INFO - Filling up the DagBag from /home/airflow/.local/lib/python3.12/site-packages/airflow/example_dags/example_external_task_marker_dag.py
[2025-07-31T22:14:45.393+0000] {processor.py:840} INFO - DAG(s) 'example_external_task_marker_parent', 'example_external_task_marker_child' retrieved from /home/airflow/.local/lib/python3.12/site-packages/airflow/example_dags/example_external_task_marker_dag.py
[2025-07-31T22:14:45.435+0000] {logging_mixin.py:188} INFO - [2025-07-31T22:14:45.435+0000] {dag.py:3096} INFO - Sync 2 DAGs
[2025-07-31T22:14:45.457+0000] {logging_mixin.py:188} INFO - [2025-07-31T22:14:45.457+0000] {dag.py:3954} INFO - Setting next_dagrun for example_external_task_marker_child to None, run_after=None
[2025-07-31T22:14:45.464+0000] {logging_mixin.py:188} INFO - [2025-07-31T22:14:45.464+0000] {dag.py:3954} INFO - Setting next_dagrun for example_external_task_marker_parent to None, run_after=None
[2025-07-31T22:14:45.499+0000] {processor.py:183} INFO - Processing /home/airflow/.local/lib/python3.12/site-packages/airflow/example_dags/example_external_task_marker_dag.py took 0.130 seconds
[2025-07-31T22:15:16.139+0000] {processor.py:161} INFO - Started process (PID=13473) to work on /home/airflow/.local/lib/python3.12/site-packages/airflow/example_dags/example_external_task_marker_dag.py
[2025-07-31T22:15:16.141+0000] {processor.py:830} INFO - Processing file /home/airflow/.local/lib/python3.12/site-packages/airflow/example_dags/example_external_task_marker_dag.py for tasks to queue
[2025-07-31T22:15:16.143+0000] {logging_mixin.py:188} INFO - [2025-07-31T22:15:16.142+0000] {dagbag.py:545} INFO - Filling up the DagBag from /home/airflow/.local/lib/python3.12/site-packages/airflow/example_dags/example_external_task_marker_dag.py
[2025-07-31T22:15:16.156+0000] {processor.py:840} INFO - DAG(s) 'example_external_task_marker_parent', 'example_external_task_marker_child' retrieved from /home/airflow/.local/lib/python3.12/site-packages/airflow/example_dags/example_external_task_marker_dag.py
[2025-07-31T22:15:16.210+0000] {logging_mixin.py:188} INFO - [2025-07-31T22:15:16.209+0000] {dag.py:3096} INFO - Sync 2 DAGs
[2025-07-31T22:15:16.237+0000] {logging_mixin.py:188} INFO - [2025-07-31T22:15:16.236+0000] {dag.py:3954} INFO - Setting next_dagrun for example_external_task_marker_child to None, run_after=None
[2025-07-31T22:15:16.246+0000] {logging_mixin.py:188} INFO - [2025-07-31T22:15:16.245+0000] {dag.py:3954} INFO - Setting next_dagrun for example_external_task_marker_parent to None, run_after=None
[2025-07-31T22:15:16.291+0000] {processor.py:183} INFO - Processing /home/airflow/.local/lib/python3.12/site-packages/airflow/example_dags/example_external_task_marker_dag.py took 0.164 seconds
[2025-07-31T22:15:46.377+0000] {processor.py:161} INFO - Started process (PID=13532) to work on /home/airflow/.local/lib/python3.12/site-packages/airflow/example_dags/example_external_task_marker_dag.py
[2025-07-31T22:15:46.379+0000] {processor.py:830} INFO - Processing file /home/airflow/.local/lib/python3.12/site-packages/airflow/example_dags/example_external_task_marker_dag.py for tasks to queue
[2025-07-31T22:15:46.381+0000] {logging_mixin.py:188} INFO - [2025-07-31T22:15:46.380+0000] {dagbag.py:545} INFO - Filling up the DagBag from /home/airflow/.local/lib/python3.12/site-packages/airflow/example_dags/example_external_task_marker_dag.py
[2025-07-31T22:15:46.389+0000] {processor.py:840} INFO - DAG(s) 'example_external_task_marker_parent', 'example_external_task_marker_child' retrieved from /home/airflow/.local/lib/python3.12/site-packages/airflow/example_dags/example_external_task_marker_dag.py
[2025-07-31T22:15:46.434+0000] {logging_mixin.py:188} INFO - [2025-07-31T22:15:46.434+0000] {dag.py:3096} INFO - Sync 2 DAGs
[2025-07-31T22:15:46.455+0000] {logging_mixin.py:188} INFO - [2025-07-31T22:15:46.455+0000] {dag.py:3954} INFO - Setting next_dagrun for example_external_task_marker_child to None, run_after=None
[2025-07-31T22:15:46.462+0000] {logging_mixin.py:188} INFO - [2025-07-31T22:15:46.462+0000] {dag.py:3954} INFO - Setting next_dagrun for example_external_task_marker_parent to None, run_after=None
[2025-07-31T22:15:46.490+0000] {processor.py:183} INFO - Processing /home/airflow/.local/lib/python3.12/site-packages/airflow/example_dags/example_external_task_marker_dag.py took 0.122 seconds
[2025-07-31T22:16:17.150+0000] {processor.py:161} INFO - Started process (PID=13590) to work on /home/airflow/.local/lib/python3.12/site-packages/airflow/example_dags/example_external_task_marker_dag.py
[2025-07-31T22:16:17.153+0000] {processor.py:830} INFO - Processing file /home/airflow/.local/lib/python3.12/site-packages/airflow/example_dags/example_external_task_marker_dag.py for tasks to queue
[2025-07-31T22:16:17.155+0000] {logging_mixin.py:188} INFO - [2025-07-31T22:16:17.154+0000] {dagbag.py:545} INFO - Filling up the DagBag from /home/airflow/.local/lib/python3.12/site-packages/airflow/example_dags/example_external_task_marker_dag.py
[2025-07-31T22:16:17.167+0000] {processor.py:840} INFO - DAG(s) 'example_external_task_marker_child', 'example_external_task_marker_parent' retrieved from /home/airflow/.local/lib/python3.12/site-packages/airflow/example_dags/example_external_task_marker_dag.py
[2025-07-31T22:16:17.205+0000] {logging_mixin.py:188} INFO - [2025-07-31T22:16:17.204+0000] {dag.py:3096} INFO - Sync 2 DAGs
[2025-07-31T22:16:17.222+0000] {logging_mixin.py:188} INFO - [2025-07-31T22:16:17.221+0000] {dag.py:3954} INFO - Setting next_dagrun for example_external_task_marker_child to None, run_after=None
[2025-07-31T22:16:17.228+0000] {logging_mixin.py:188} INFO - [2025-07-31T22:16:17.227+0000] {dag.py:3954} INFO - Setting next_dagrun for example_external_task_marker_parent to None, run_after=None
[2025-07-31T22:16:17.260+0000] {processor.py:183} INFO - Processing /home/airflow/.local/lib/python3.12/site-packages/airflow/example_dags/example_external_task_marker_dag.py took 0.121 seconds
[2025-07-31T22:16:48.127+0000] {processor.py:161} INFO - Started process (PID=13648) to work on /home/airflow/.local/lib/python3.12/site-packages/airflow/example_dags/example_external_task_marker_dag.py
[2025-07-31T22:16:48.129+0000] {processor.py:830} INFO - Processing file /home/airflow/.local/lib/python3.12/site-packages/airflow/example_dags/example_external_task_marker_dag.py for tasks to queue
[2025-07-31T22:16:48.130+0000] {logging_mixin.py:188} INFO - [2025-07-31T22:16:48.130+0000] {dagbag.py:545} INFO - Filling up the DagBag from /home/airflow/.local/lib/python3.12/site-packages/airflow/example_dags/example_external_task_marker_dag.py
[2025-07-31T22:16:48.140+0000] {processor.py:840} INFO - DAG(s) 'example_external_task_marker_child', 'example_external_task_marker_parent' retrieved from /home/airflow/.local/lib/python3.12/site-packages/airflow/example_dags/example_external_task_marker_dag.py
[2025-07-31T22:16:48.178+0000] {logging_mixin.py:188} INFO - [2025-07-31T22:16:48.178+0000] {dag.py:3096} INFO - Sync 2 DAGs
[2025-07-31T22:16:48.198+0000] {logging_mixin.py:188} INFO - [2025-07-31T22:16:48.197+0000] {dag.py:3954} INFO - Setting next_dagrun for example_external_task_marker_child to None, run_after=None
[2025-07-31T22:16:48.203+0000] {logging_mixin.py:188} INFO - [2025-07-31T22:16:48.203+0000] {dag.py:3954} INFO - Setting next_dagrun for example_external_task_marker_parent to None, run_after=None
[2025-07-31T22:16:48.242+0000] {processor.py:183} INFO - Processing /home/airflow/.local/lib/python3.12/site-packages/airflow/example_dags/example_external_task_marker_dag.py took 0.125 seconds
[2025-07-31T22:17:18.502+0000] {processor.py:161} INFO - Started process (PID=13706) to work on /home/airflow/.local/lib/python3.12/site-packages/airflow/example_dags/example_external_task_marker_dag.py
[2025-07-31T22:17:18.504+0000] {processor.py:830} INFO - Processing file /home/airflow/.local/lib/python3.12/site-packages/airflow/example_dags/example_external_task_marker_dag.py for tasks to queue
[2025-07-31T22:17:18.506+0000] {logging_mixin.py:188} INFO - [2025-07-31T22:17:18.505+0000] {dagbag.py:545} INFO - Filling up the DagBag from /home/airflow/.local/lib/python3.12/site-packages/airflow/example_dags/example_external_task_marker_dag.py
[2025-07-31T22:17:18.519+0000] {processor.py:840} INFO - DAG(s) 'example_external_task_marker_parent', 'example_external_task_marker_child' retrieved from /home/airflow/.local/lib/python3.12/site-packages/airflow/example_dags/example_external_task_marker_dag.py
[2025-07-31T22:17:18.574+0000] {logging_mixin.py:188} INFO - [2025-07-31T22:17:18.574+0000] {dag.py:3096} INFO - Sync 2 DAGs
[2025-07-31T22:17:18.604+0000] {logging_mixin.py:188} INFO - [2025-07-31T22:17:18.603+0000] {dag.py:3954} INFO - Setting next_dagrun for example_external_task_marker_child to None, run_after=None
[2025-07-31T22:17:18.613+0000] {logging_mixin.py:188} INFO - [2025-07-31T22:17:18.613+0000] {dag.py:3954} INFO - Setting next_dagrun for example_external_task_marker_parent to None, run_after=None
[2025-07-31T22:17:18.649+0000] {processor.py:183} INFO - Processing /home/airflow/.local/lib/python3.12/site-packages/airflow/example_dags/example_external_task_marker_dag.py took 0.159 seconds
[2025-07-31T22:17:49.359+0000] {processor.py:161} INFO - Started process (PID=13764) to work on /home/airflow/.local/lib/python3.12/site-packages/airflow/example_dags/example_external_task_marker_dag.py
[2025-07-31T22:17:49.361+0000] {processor.py:830} INFO - Processing file /home/airflow/.local/lib/python3.12/site-packages/airflow/example_dags/example_external_task_marker_dag.py for tasks to queue
[2025-07-31T22:17:49.362+0000] {logging_mixin.py:188} INFO - [2025-07-31T22:17:49.362+0000] {dagbag.py:545} INFO - Filling up the DagBag from /home/airflow/.local/lib/python3.12/site-packages/airflow/example_dags/example_external_task_marker_dag.py
[2025-07-31T22:17:49.373+0000] {processor.py:840} INFO - DAG(s) 'example_external_task_marker_parent', 'example_external_task_marker_child' retrieved from /home/airflow/.local/lib/python3.12/site-packages/airflow/example_dags/example_external_task_marker_dag.py
[2025-07-31T22:17:49.420+0000] {logging_mixin.py:188} INFO - [2025-07-31T22:17:49.419+0000] {dag.py:3096} INFO - Sync 2 DAGs
[2025-07-31T22:17:49.442+0000] {logging_mixin.py:188} INFO - [2025-07-31T22:17:49.441+0000] {dag.py:3954} INFO - Setting next_dagrun for example_external_task_marker_child to None, run_after=None
[2025-07-31T22:17:49.451+0000] {logging_mixin.py:188} INFO - [2025-07-31T22:17:49.450+0000] {dag.py:3954} INFO - Setting next_dagrun for example_external_task_marker_parent to None, run_after=None
[2025-07-31T22:17:49.484+0000] {processor.py:183} INFO - Processing /home/airflow/.local/lib/python3.12/site-packages/airflow/example_dags/example_external_task_marker_dag.py took 0.136 seconds
