[2025-07-31T22:07:29.596+0000] {processor.py:161} INFO - Started process (PID=12572) to work on /home/airflow/.local/lib/python3.12/site-packages/airflow/example_dags/example_datasets.py
[2025-07-31T22:07:29.599+0000] {processor.py:830} INFO - Processing file /home/airflow/.local/lib/python3.12/site-packages/airflow/example_dags/example_datasets.py for tasks to queue
[2025-07-31T22:07:29.606+0000] {logging_mixin.py:188} INFO - [2025-07-31T22:07:29.604+0000] {dagbag.py:545} INFO - Filling up the DagBag from /home/airflow/.local/lib/python3.12/site-packages/airflow/example_dags/example_datasets.py
[2025-07-31T22:07:29.708+0000] {processor.py:840} INFO - DAG(s) 'dataset_consumes_1', 'consume_1_or_2_with_dataset_expressions', 'dataset_consumes_1_never_scheduled', 'dataset_produces_1', 'dataset_consumes_unknown_never_scheduled', 'consume_1_and_2_with_dataset_expressions', 'consume_1_or_both_2_and_3_with_dataset_expressions', 'conditional_dataset_and_time_based_timetable', 'dataset_produces_2', 'dataset_consumes_1_and_2' retrieved from /home/airflow/.local/lib/python3.12/site-packages/airflow/example_dags/example_datasets.py
[2025-07-31T22:07:30.003+0000] {logging_mixin.py:188} INFO - [2025-07-31T22:07:30.002+0000] {dag.py:3096} INFO - Sync 10 DAGs
[2025-07-31T22:07:30.183+0000] {logging_mixin.py:188} INFO - [2025-07-31T22:07:30.182+0000] {dag.py:3954} INFO - Setting next_dagrun for conditional_dataset_and_time_based_timetable to 2025-07-30 01:00:00+00:00, run_after=2025-07-30 01:00:00+00:00
[2025-07-31T22:07:30.214+0000] {logging_mixin.py:188} INFO - [2025-07-31T22:07:30.214+0000] {dag.py:3954} INFO - Setting next_dagrun for consume_1_and_2_with_dataset_expressions to None, run_after=None
[2025-07-31T22:07:30.230+0000] {logging_mixin.py:188} INFO - [2025-07-31T22:07:30.229+0000] {dag.py:3954} INFO - Setting next_dagrun for consume_1_or_2_with_dataset_expressions to None, run_after=None
[2025-07-31T22:07:30.246+0000] {logging_mixin.py:188} INFO - [2025-07-31T22:07:30.245+0000] {dag.py:3954} INFO - Setting next_dagrun for consume_1_or_both_2_and_3_with_dataset_expressions to None, run_after=None
[2025-07-31T22:07:30.252+0000] {logging_mixin.py:188} INFO - [2025-07-31T22:07:30.251+0000] {dag.py:3954} INFO - Setting next_dagrun for dataset_consumes_1 to None, run_after=None
[2025-07-31T22:07:30.265+0000] {logging_mixin.py:188} INFO - [2025-07-31T22:07:30.265+0000] {dag.py:3954} INFO - Setting next_dagrun for dataset_consumes_1_and_2 to None, run_after=None
[2025-07-31T22:07:30.270+0000] {logging_mixin.py:188} INFO - [2025-07-31T22:07:30.269+0000] {dag.py:3954} INFO - Setting next_dagrun for dataset_consumes_1_never_scheduled to None, run_after=None
[2025-07-31T22:07:30.294+0000] {logging_mixin.py:188} INFO - [2025-07-31T22:07:30.293+0000] {dag.py:3954} INFO - Setting next_dagrun for dataset_consumes_unknown_never_scheduled to None, run_after=None
[2025-07-31T22:07:30.302+0000] {logging_mixin.py:188} INFO - [2025-07-31T22:07:30.302+0000] {dag.py:3954} INFO - Setting next_dagrun for dataset_produces_1 to 2025-07-30 00:00:00+00:00, run_after=2025-07-31 00:00:00+00:00
[2025-07-31T22:07:30.307+0000] {logging_mixin.py:188} INFO - [2025-07-31T22:07:30.306+0000] {dag.py:3954} INFO - Setting next_dagrun for dataset_produces_2 to None, run_after=None
[2025-07-31T22:07:30.524+0000] {processor.py:183} INFO - Processing /home/airflow/.local/lib/python3.12/site-packages/airflow/example_dags/example_datasets.py took 0.973 seconds
[2025-07-31T22:08:00.897+0000] {processor.py:161} INFO - Started process (PID=12630) to work on /home/airflow/.local/lib/python3.12/site-packages/airflow/example_dags/example_datasets.py
[2025-07-31T22:08:00.899+0000] {processor.py:830} INFO - Processing file /home/airflow/.local/lib/python3.12/site-packages/airflow/example_dags/example_datasets.py for tasks to queue
[2025-07-31T22:08:00.900+0000] {logging_mixin.py:188} INFO - [2025-07-31T22:08:00.900+0000] {dagbag.py:545} INFO - Filling up the DagBag from /home/airflow/.local/lib/python3.12/site-packages/airflow/example_dags/example_datasets.py
[2025-07-31T22:08:00.919+0000] {processor.py:840} INFO - DAG(s) 'dataset_produces_2', 'consume_1_and_2_with_dataset_expressions', 'consume_1_or_both_2_and_3_with_dataset_expressions', 'dataset_consumes_1', 'consume_1_or_2_with_dataset_expressions', 'conditional_dataset_and_time_based_timetable', 'dataset_produces_1', 'dataset_consumes_1_never_scheduled', 'dataset_consumes_unknown_never_scheduled', 'dataset_consumes_1_and_2' retrieved from /home/airflow/.local/lib/python3.12/site-packages/airflow/example_dags/example_datasets.py
[2025-07-31T22:08:00.982+0000] {logging_mixin.py:188} INFO - [2025-07-31T22:08:00.982+0000] {dag.py:3096} INFO - Sync 10 DAGs
[2025-07-31T22:08:01.013+0000] {logging_mixin.py:188} INFO - [2025-07-31T22:08:01.013+0000] {dag.py:3954} INFO - Setting next_dagrun for conditional_dataset_and_time_based_timetable to 2025-07-30 01:00:00+00:00, run_after=2025-07-30 01:00:00+00:00
[2025-07-31T22:08:01.019+0000] {logging_mixin.py:188} INFO - [2025-07-31T22:08:01.018+0000] {dag.py:3954} INFO - Setting next_dagrun for consume_1_and_2_with_dataset_expressions to None, run_after=None
[2025-07-31T22:08:01.021+0000] {logging_mixin.py:188} INFO - [2025-07-31T22:08:01.021+0000] {dag.py:3954} INFO - Setting next_dagrun for consume_1_or_2_with_dataset_expressions to None, run_after=None
[2025-07-31T22:08:01.023+0000] {logging_mixin.py:188} INFO - [2025-07-31T22:08:01.023+0000] {dag.py:3954} INFO - Setting next_dagrun for consume_1_or_both_2_and_3_with_dataset_expressions to None, run_after=None
[2025-07-31T22:08:01.025+0000] {logging_mixin.py:188} INFO - [2025-07-31T22:08:01.025+0000] {dag.py:3954} INFO - Setting next_dagrun for dataset_consumes_1 to None, run_after=None
[2025-07-31T22:08:01.027+0000] {logging_mixin.py:188} INFO - [2025-07-31T22:08:01.027+0000] {dag.py:3954} INFO - Setting next_dagrun for dataset_consumes_1_and_2 to None, run_after=None
[2025-07-31T22:08:01.029+0000] {logging_mixin.py:188} INFO - [2025-07-31T22:08:01.029+0000] {dag.py:3954} INFO - Setting next_dagrun for dataset_consumes_1_never_scheduled to None, run_after=None
[2025-07-31T22:08:01.031+0000] {logging_mixin.py:188} INFO - [2025-07-31T22:08:01.031+0000] {dag.py:3954} INFO - Setting next_dagrun for dataset_consumes_unknown_never_scheduled to None, run_after=None
[2025-07-31T22:08:01.035+0000] {logging_mixin.py:188} INFO - [2025-07-31T22:08:01.035+0000] {dag.py:3954} INFO - Setting next_dagrun for dataset_produces_1 to 2025-07-30 00:00:00+00:00, run_after=2025-07-31 00:00:00+00:00
[2025-07-31T22:08:01.037+0000] {logging_mixin.py:188} INFO - [2025-07-31T22:08:01.037+0000] {dag.py:3954} INFO - Setting next_dagrun for dataset_produces_2 to None, run_after=None
[2025-07-31T22:08:01.083+0000] {processor.py:183} INFO - Processing /home/airflow/.local/lib/python3.12/site-packages/airflow/example_dags/example_datasets.py took 0.193 seconds
[2025-07-31T22:08:31.257+0000] {processor.py:161} INFO - Started process (PID=12689) to work on /home/airflow/.local/lib/python3.12/site-packages/airflow/example_dags/example_datasets.py
[2025-07-31T22:08:31.258+0000] {processor.py:830} INFO - Processing file /home/airflow/.local/lib/python3.12/site-packages/airflow/example_dags/example_datasets.py for tasks to queue
[2025-07-31T22:08:31.259+0000] {logging_mixin.py:188} INFO - [2025-07-31T22:08:31.259+0000] {dagbag.py:545} INFO - Filling up the DagBag from /home/airflow/.local/lib/python3.12/site-packages/airflow/example_dags/example_datasets.py
[2025-07-31T22:08:31.282+0000] {processor.py:840} INFO - DAG(s) 'dataset_consumes_1_never_scheduled', 'conditional_dataset_and_time_based_timetable', 'dataset_produces_2', 'consume_1_or_2_with_dataset_expressions', 'dataset_produces_1', 'dataset_consumes_unknown_never_scheduled', 'dataset_consumes_1_and_2', 'consume_1_or_both_2_and_3_with_dataset_expressions', 'consume_1_and_2_with_dataset_expressions', 'dataset_consumes_1' retrieved from /home/airflow/.local/lib/python3.12/site-packages/airflow/example_dags/example_datasets.py
[2025-07-31T22:08:31.364+0000] {logging_mixin.py:188} INFO - [2025-07-31T22:08:31.364+0000] {dag.py:3096} INFO - Sync 10 DAGs
[2025-07-31T22:08:31.407+0000] {logging_mixin.py:188} INFO - [2025-07-31T22:08:31.406+0000] {dag.py:3954} INFO - Setting next_dagrun for conditional_dataset_and_time_based_timetable to 2025-07-30 01:00:00+00:00, run_after=2025-07-30 01:00:00+00:00
[2025-07-31T22:08:31.413+0000] {logging_mixin.py:188} INFO - [2025-07-31T22:08:31.412+0000] {dag.py:3954} INFO - Setting next_dagrun for consume_1_and_2_with_dataset_expressions to None, run_after=None
[2025-07-31T22:08:31.415+0000] {logging_mixin.py:188} INFO - [2025-07-31T22:08:31.415+0000] {dag.py:3954} INFO - Setting next_dagrun for consume_1_or_2_with_dataset_expressions to None, run_after=None
[2025-07-31T22:08:31.418+0000] {logging_mixin.py:188} INFO - [2025-07-31T22:08:31.417+0000] {dag.py:3954} INFO - Setting next_dagrun for consume_1_or_both_2_and_3_with_dataset_expressions to None, run_after=None
[2025-07-31T22:08:31.420+0000] {logging_mixin.py:188} INFO - [2025-07-31T22:08:31.420+0000] {dag.py:3954} INFO - Setting next_dagrun for dataset_consumes_1 to None, run_after=None
[2025-07-31T22:08:31.423+0000] {logging_mixin.py:188} INFO - [2025-07-31T22:08:31.423+0000] {dag.py:3954} INFO - Setting next_dagrun for dataset_consumes_1_and_2 to None, run_after=None
[2025-07-31T22:08:31.427+0000] {logging_mixin.py:188} INFO - [2025-07-31T22:08:31.426+0000] {dag.py:3954} INFO - Setting next_dagrun for dataset_consumes_1_never_scheduled to None, run_after=None
[2025-07-31T22:08:31.429+0000] {logging_mixin.py:188} INFO - [2025-07-31T22:08:31.429+0000] {dag.py:3954} INFO - Setting next_dagrun for dataset_consumes_unknown_never_scheduled to None, run_after=None
[2025-07-31T22:08:31.434+0000] {logging_mixin.py:188} INFO - [2025-07-31T22:08:31.433+0000] {dag.py:3954} INFO - Setting next_dagrun for dataset_produces_1 to 2025-07-30 00:00:00+00:00, run_after=2025-07-31 00:00:00+00:00
[2025-07-31T22:08:31.436+0000] {logging_mixin.py:188} INFO - [2025-07-31T22:08:31.436+0000] {dag.py:3954} INFO - Setting next_dagrun for dataset_produces_2 to None, run_after=None
[2025-07-31T22:08:31.496+0000] {processor.py:183} INFO - Processing /home/airflow/.local/lib/python3.12/site-packages/airflow/example_dags/example_datasets.py took 0.247 seconds
[2025-07-31T22:09:02.055+0000] {processor.py:161} INFO - Started process (PID=12748) to work on /home/airflow/.local/lib/python3.12/site-packages/airflow/example_dags/example_datasets.py
[2025-07-31T22:09:02.058+0000] {processor.py:830} INFO - Processing file /home/airflow/.local/lib/python3.12/site-packages/airflow/example_dags/example_datasets.py for tasks to queue
[2025-07-31T22:09:02.060+0000] {logging_mixin.py:188} INFO - [2025-07-31T22:09:02.059+0000] {dagbag.py:545} INFO - Filling up the DagBag from /home/airflow/.local/lib/python3.12/site-packages/airflow/example_dags/example_datasets.py
[2025-07-31T22:09:02.087+0000] {processor.py:840} INFO - DAG(s) 'dataset_consumes_1', 'consume_1_or_2_with_dataset_expressions', 'consume_1_and_2_with_dataset_expressions', 'dataset_consumes_1_never_scheduled', 'dataset_consumes_unknown_never_scheduled', 'conditional_dataset_and_time_based_timetable', 'dataset_produces_2', 'dataset_consumes_1_and_2', 'consume_1_or_both_2_and_3_with_dataset_expressions', 'dataset_produces_1' retrieved from /home/airflow/.local/lib/python3.12/site-packages/airflow/example_dags/example_datasets.py
[2025-07-31T22:09:02.207+0000] {logging_mixin.py:188} INFO - [2025-07-31T22:09:02.207+0000] {dag.py:3096} INFO - Sync 10 DAGs
[2025-07-31T22:09:02.283+0000] {logging_mixin.py:188} INFO - [2025-07-31T22:09:02.282+0000] {dag.py:3954} INFO - Setting next_dagrun for conditional_dataset_and_time_based_timetable to 2025-07-30 01:00:00+00:00, run_after=2025-07-30 01:00:00+00:00
[2025-07-31T22:09:02.294+0000] {logging_mixin.py:188} INFO - [2025-07-31T22:09:02.293+0000] {dag.py:3954} INFO - Setting next_dagrun for consume_1_and_2_with_dataset_expressions to None, run_after=None
[2025-07-31T22:09:02.298+0000] {logging_mixin.py:188} INFO - [2025-07-31T22:09:02.297+0000] {dag.py:3954} INFO - Setting next_dagrun for consume_1_or_2_with_dataset_expressions to None, run_after=None
[2025-07-31T22:09:02.302+0000] {logging_mixin.py:188} INFO - [2025-07-31T22:09:02.302+0000] {dag.py:3954} INFO - Setting next_dagrun for consume_1_or_both_2_and_3_with_dataset_expressions to None, run_after=None
[2025-07-31T22:09:02.306+0000] {logging_mixin.py:188} INFO - [2025-07-31T22:09:02.306+0000] {dag.py:3954} INFO - Setting next_dagrun for dataset_consumes_1 to None, run_after=None
[2025-07-31T22:09:02.309+0000] {logging_mixin.py:188} INFO - [2025-07-31T22:09:02.309+0000] {dag.py:3954} INFO - Setting next_dagrun for dataset_consumes_1_and_2 to None, run_after=None
[2025-07-31T22:09:02.312+0000] {logging_mixin.py:188} INFO - [2025-07-31T22:09:02.311+0000] {dag.py:3954} INFO - Setting next_dagrun for dataset_consumes_1_never_scheduled to None, run_after=None
[2025-07-31T22:09:02.314+0000] {logging_mixin.py:188} INFO - [2025-07-31T22:09:02.314+0000] {dag.py:3954} INFO - Setting next_dagrun for dataset_consumes_unknown_never_scheduled to None, run_after=None
[2025-07-31T22:09:02.319+0000] {logging_mixin.py:188} INFO - [2025-07-31T22:09:02.319+0000] {dag.py:3954} INFO - Setting next_dagrun for dataset_produces_1 to 2025-07-30 00:00:00+00:00, run_after=2025-07-31 00:00:00+00:00
[2025-07-31T22:09:02.321+0000] {logging_mixin.py:188} INFO - [2025-07-31T22:09:02.321+0000] {dag.py:3954} INFO - Setting next_dagrun for dataset_produces_2 to None, run_after=None
[2025-07-31T22:09:02.378+0000] {processor.py:183} INFO - Processing /home/airflow/.local/lib/python3.12/site-packages/airflow/example_dags/example_datasets.py took 0.334 seconds
[2025-07-31T22:09:32.534+0000] {processor.py:161} INFO - Started process (PID=12807) to work on /home/airflow/.local/lib/python3.12/site-packages/airflow/example_dags/example_datasets.py
[2025-07-31T22:09:32.536+0000] {processor.py:830} INFO - Processing file /home/airflow/.local/lib/python3.12/site-packages/airflow/example_dags/example_datasets.py for tasks to queue
[2025-07-31T22:09:32.538+0000] {logging_mixin.py:188} INFO - [2025-07-31T22:09:32.537+0000] {dagbag.py:545} INFO - Filling up the DagBag from /home/airflow/.local/lib/python3.12/site-packages/airflow/example_dags/example_datasets.py
[2025-07-31T22:09:32.568+0000] {processor.py:840} INFO - DAG(s) 'consume_1_or_2_with_dataset_expressions', 'dataset_produces_2', 'dataset_consumes_unknown_never_scheduled', 'dataset_consumes_1_and_2', 'dataset_consumes_1_never_scheduled', 'dataset_consumes_1', 'dataset_produces_1', 'consume_1_and_2_with_dataset_expressions', 'consume_1_or_both_2_and_3_with_dataset_expressions', 'conditional_dataset_and_time_based_timetable' retrieved from /home/airflow/.local/lib/python3.12/site-packages/airflow/example_dags/example_datasets.py
[2025-07-31T22:09:32.650+0000] {logging_mixin.py:188} INFO - [2025-07-31T22:09:32.650+0000] {dag.py:3096} INFO - Sync 10 DAGs
[2025-07-31T22:09:32.694+0000] {logging_mixin.py:188} INFO - [2025-07-31T22:09:32.694+0000] {dag.py:3954} INFO - Setting next_dagrun for conditional_dataset_and_time_based_timetable to 2025-07-30 01:00:00+00:00, run_after=2025-07-30 01:00:00+00:00
[2025-07-31T22:09:32.701+0000] {logging_mixin.py:188} INFO - [2025-07-31T22:09:32.700+0000] {dag.py:3954} INFO - Setting next_dagrun for consume_1_and_2_with_dataset_expressions to None, run_after=None
[2025-07-31T22:09:32.703+0000] {logging_mixin.py:188} INFO - [2025-07-31T22:09:32.703+0000] {dag.py:3954} INFO - Setting next_dagrun for consume_1_or_2_with_dataset_expressions to None, run_after=None
[2025-07-31T22:09:32.705+0000] {logging_mixin.py:188} INFO - [2025-07-31T22:09:32.705+0000] {dag.py:3954} INFO - Setting next_dagrun for consume_1_or_both_2_and_3_with_dataset_expressions to None, run_after=None
[2025-07-31T22:09:32.708+0000] {logging_mixin.py:188} INFO - [2025-07-31T22:09:32.707+0000] {dag.py:3954} INFO - Setting next_dagrun for dataset_consumes_1 to None, run_after=None
[2025-07-31T22:09:32.710+0000] {logging_mixin.py:188} INFO - [2025-07-31T22:09:32.710+0000] {dag.py:3954} INFO - Setting next_dagrun for dataset_consumes_1_and_2 to None, run_after=None
[2025-07-31T22:09:32.712+0000] {logging_mixin.py:188} INFO - [2025-07-31T22:09:32.712+0000] {dag.py:3954} INFO - Setting next_dagrun for dataset_consumes_1_never_scheduled to None, run_after=None
[2025-07-31T22:09:32.715+0000] {logging_mixin.py:188} INFO - [2025-07-31T22:09:32.715+0000] {dag.py:3954} INFO - Setting next_dagrun for dataset_consumes_unknown_never_scheduled to None, run_after=None
[2025-07-31T22:09:32.719+0000] {logging_mixin.py:188} INFO - [2025-07-31T22:09:32.719+0000] {dag.py:3954} INFO - Setting next_dagrun for dataset_produces_1 to 2025-07-30 00:00:00+00:00, run_after=2025-07-31 00:00:00+00:00
[2025-07-31T22:09:32.722+0000] {logging_mixin.py:188} INFO - [2025-07-31T22:09:32.721+0000] {dag.py:3954} INFO - Setting next_dagrun for dataset_produces_2 to None, run_after=None
[2025-07-31T22:09:32.776+0000] {processor.py:183} INFO - Processing /home/airflow/.local/lib/python3.12/site-packages/airflow/example_dags/example_datasets.py took 0.253 seconds
[2025-07-31T22:10:03.372+0000] {processor.py:161} INFO - Started process (PID=12865) to work on /home/airflow/.local/lib/python3.12/site-packages/airflow/example_dags/example_datasets.py
[2025-07-31T22:10:03.374+0000] {processor.py:830} INFO - Processing file /home/airflow/.local/lib/python3.12/site-packages/airflow/example_dags/example_datasets.py for tasks to queue
[2025-07-31T22:10:03.381+0000] {logging_mixin.py:188} INFO - [2025-07-31T22:10:03.376+0000] {dagbag.py:545} INFO - Filling up the DagBag from /home/airflow/.local/lib/python3.12/site-packages/airflow/example_dags/example_datasets.py
[2025-07-31T22:10:03.420+0000] {processor.py:840} INFO - DAG(s) 'consume_1_and_2_with_dataset_expressions', 'consume_1_or_both_2_and_3_with_dataset_expressions', 'dataset_consumes_unknown_never_scheduled', 'dataset_consumes_1', 'dataset_consumes_1_and_2', 'dataset_produces_1', 'dataset_produces_2', 'consume_1_or_2_with_dataset_expressions', 'conditional_dataset_and_time_based_timetable', 'dataset_consumes_1_never_scheduled' retrieved from /home/airflow/.local/lib/python3.12/site-packages/airflow/example_dags/example_datasets.py
[2025-07-31T22:10:03.494+0000] {logging_mixin.py:188} INFO - [2025-07-31T22:10:03.494+0000] {dag.py:3096} INFO - Sync 10 DAGs
[2025-07-31T22:10:03.529+0000] {logging_mixin.py:188} INFO - [2025-07-31T22:10:03.529+0000] {dag.py:3954} INFO - Setting next_dagrun for conditional_dataset_and_time_based_timetable to 2025-07-30 01:00:00+00:00, run_after=2025-07-30 01:00:00+00:00
[2025-07-31T22:10:03.534+0000] {logging_mixin.py:188} INFO - [2025-07-31T22:10:03.534+0000] {dag.py:3954} INFO - Setting next_dagrun for consume_1_and_2_with_dataset_expressions to None, run_after=None
[2025-07-31T22:10:03.540+0000] {logging_mixin.py:188} INFO - [2025-07-31T22:10:03.539+0000] {dag.py:3954} INFO - Setting next_dagrun for consume_1_or_2_with_dataset_expressions to None, run_after=None
[2025-07-31T22:10:03.544+0000] {logging_mixin.py:188} INFO - [2025-07-31T22:10:03.543+0000] {dag.py:3954} INFO - Setting next_dagrun for consume_1_or_both_2_and_3_with_dataset_expressions to None, run_after=None
[2025-07-31T22:10:03.547+0000] {logging_mixin.py:188} INFO - [2025-07-31T22:10:03.546+0000] {dag.py:3954} INFO - Setting next_dagrun for dataset_consumes_1 to None, run_after=None
[2025-07-31T22:10:03.552+0000] {logging_mixin.py:188} INFO - [2025-07-31T22:10:03.551+0000] {dag.py:3954} INFO - Setting next_dagrun for dataset_consumes_1_and_2 to None, run_after=None
[2025-07-31T22:10:03.558+0000] {logging_mixin.py:188} INFO - [2025-07-31T22:10:03.558+0000] {dag.py:3954} INFO - Setting next_dagrun for dataset_consumes_1_never_scheduled to None, run_after=None
[2025-07-31T22:10:03.564+0000] {logging_mixin.py:188} INFO - [2025-07-31T22:10:03.563+0000] {dag.py:3954} INFO - Setting next_dagrun for dataset_consumes_unknown_never_scheduled to None, run_after=None
[2025-07-31T22:10:03.574+0000] {logging_mixin.py:188} INFO - [2025-07-31T22:10:03.573+0000] {dag.py:3954} INFO - Setting next_dagrun for dataset_produces_1 to 2025-07-30 00:00:00+00:00, run_after=2025-07-31 00:00:00+00:00
[2025-07-31T22:10:03.577+0000] {logging_mixin.py:188} INFO - [2025-07-31T22:10:03.577+0000] {dag.py:3954} INFO - Setting next_dagrun for dataset_produces_2 to None, run_after=None
[2025-07-31T22:10:03.644+0000] {processor.py:183} INFO - Processing /home/airflow/.local/lib/python3.12/site-packages/airflow/example_dags/example_datasets.py took 0.293 seconds
[2025-07-31T22:10:33.864+0000] {processor.py:161} INFO - Started process (PID=12923) to work on /home/airflow/.local/lib/python3.12/site-packages/airflow/example_dags/example_datasets.py
[2025-07-31T22:10:33.866+0000] {processor.py:830} INFO - Processing file /home/airflow/.local/lib/python3.12/site-packages/airflow/example_dags/example_datasets.py for tasks to queue
[2025-07-31T22:10:33.869+0000] {logging_mixin.py:188} INFO - [2025-07-31T22:10:33.869+0000] {dagbag.py:545} INFO - Filling up the DagBag from /home/airflow/.local/lib/python3.12/site-packages/airflow/example_dags/example_datasets.py
[2025-07-31T22:10:33.894+0000] {processor.py:840} INFO - DAG(s) 'consume_1_or_both_2_and_3_with_dataset_expressions', 'dataset_consumes_1', 'dataset_consumes_unknown_never_scheduled', 'consume_1_or_2_with_dataset_expressions', 'conditional_dataset_and_time_based_timetable', 'dataset_consumes_1_and_2', 'dataset_produces_1', 'dataset_consumes_1_never_scheduled', 'consume_1_and_2_with_dataset_expressions', 'dataset_produces_2' retrieved from /home/airflow/.local/lib/python3.12/site-packages/airflow/example_dags/example_datasets.py
[2025-07-31T22:10:33.973+0000] {logging_mixin.py:188} INFO - [2025-07-31T22:10:33.973+0000] {dag.py:3096} INFO - Sync 10 DAGs
[2025-07-31T22:10:34.017+0000] {logging_mixin.py:188} INFO - [2025-07-31T22:10:34.016+0000] {dag.py:3954} INFO - Setting next_dagrun for conditional_dataset_and_time_based_timetable to 2025-07-30 01:00:00+00:00, run_after=2025-07-30 01:00:00+00:00
[2025-07-31T22:10:34.023+0000] {logging_mixin.py:188} INFO - [2025-07-31T22:10:34.023+0000] {dag.py:3954} INFO - Setting next_dagrun for consume_1_and_2_with_dataset_expressions to None, run_after=None
[2025-07-31T22:10:34.026+0000] {logging_mixin.py:188} INFO - [2025-07-31T22:10:34.025+0000] {dag.py:3954} INFO - Setting next_dagrun for consume_1_or_2_with_dataset_expressions to None, run_after=None
[2025-07-31T22:10:34.028+0000] {logging_mixin.py:188} INFO - [2025-07-31T22:10:34.028+0000] {dag.py:3954} INFO - Setting next_dagrun for consume_1_or_both_2_and_3_with_dataset_expressions to None, run_after=None
[2025-07-31T22:10:34.030+0000] {logging_mixin.py:188} INFO - [2025-07-31T22:10:34.030+0000] {dag.py:3954} INFO - Setting next_dagrun for dataset_consumes_1 to None, run_after=None
[2025-07-31T22:10:34.032+0000] {logging_mixin.py:188} INFO - [2025-07-31T22:10:34.032+0000] {dag.py:3954} INFO - Setting next_dagrun for dataset_consumes_1_and_2 to None, run_after=None
[2025-07-31T22:10:34.034+0000] {logging_mixin.py:188} INFO - [2025-07-31T22:10:34.034+0000] {dag.py:3954} INFO - Setting next_dagrun for dataset_consumes_1_never_scheduled to None, run_after=None
[2025-07-31T22:10:34.036+0000] {logging_mixin.py:188} INFO - [2025-07-31T22:10:34.036+0000] {dag.py:3954} INFO - Setting next_dagrun for dataset_consumes_unknown_never_scheduled to None, run_after=None
[2025-07-31T22:10:34.039+0000] {logging_mixin.py:188} INFO - [2025-07-31T22:10:34.039+0000] {dag.py:3954} INFO - Setting next_dagrun for dataset_produces_1 to 2025-07-30 00:00:00+00:00, run_after=2025-07-31 00:00:00+00:00
[2025-07-31T22:10:34.041+0000] {logging_mixin.py:188} INFO - [2025-07-31T22:10:34.040+0000] {dag.py:3954} INFO - Setting next_dagrun for dataset_produces_2 to None, run_after=None
[2025-07-31T22:10:34.091+0000] {processor.py:183} INFO - Processing /home/airflow/.local/lib/python3.12/site-packages/airflow/example_dags/example_datasets.py took 0.236 seconds
[2025-07-31T22:11:04.194+0000] {processor.py:161} INFO - Started process (PID=12981) to work on /home/airflow/.local/lib/python3.12/site-packages/airflow/example_dags/example_datasets.py
[2025-07-31T22:11:04.223+0000] {processor.py:830} INFO - Processing file /home/airflow/.local/lib/python3.12/site-packages/airflow/example_dags/example_datasets.py for tasks to queue
[2025-07-31T22:11:04.227+0000] {logging_mixin.py:188} INFO - [2025-07-31T22:11:04.226+0000] {dagbag.py:545} INFO - Filling up the DagBag from /home/airflow/.local/lib/python3.12/site-packages/airflow/example_dags/example_datasets.py
[2025-07-31T22:11:04.254+0000] {processor.py:840} INFO - DAG(s) 'dataset_produces_1', 'consume_1_or_2_with_dataset_expressions', 'conditional_dataset_and_time_based_timetable', 'dataset_consumes_1_never_scheduled', 'dataset_consumes_unknown_never_scheduled', 'consume_1_and_2_with_dataset_expressions', 'dataset_produces_2', 'consume_1_or_both_2_and_3_with_dataset_expressions', 'dataset_consumes_1', 'dataset_consumes_1_and_2' retrieved from /home/airflow/.local/lib/python3.12/site-packages/airflow/example_dags/example_datasets.py
[2025-07-31T22:11:04.330+0000] {logging_mixin.py:188} INFO - [2025-07-31T22:11:04.330+0000] {dag.py:3096} INFO - Sync 10 DAGs
[2025-07-31T22:11:04.376+0000] {logging_mixin.py:188} INFO - [2025-07-31T22:11:04.376+0000] {dag.py:3954} INFO - Setting next_dagrun for conditional_dataset_and_time_based_timetable to 2025-07-30 01:00:00+00:00, run_after=2025-07-30 01:00:00+00:00
[2025-07-31T22:11:04.384+0000] {logging_mixin.py:188} INFO - [2025-07-31T22:11:04.383+0000] {dag.py:3954} INFO - Setting next_dagrun for consume_1_and_2_with_dataset_expressions to None, run_after=None
[2025-07-31T22:11:04.387+0000] {logging_mixin.py:188} INFO - [2025-07-31T22:11:04.386+0000] {dag.py:3954} INFO - Setting next_dagrun for consume_1_or_2_with_dataset_expressions to None, run_after=None
[2025-07-31T22:11:04.390+0000] {logging_mixin.py:188} INFO - [2025-07-31T22:11:04.390+0000] {dag.py:3954} INFO - Setting next_dagrun for consume_1_or_both_2_and_3_with_dataset_expressions to None, run_after=None
[2025-07-31T22:11:04.392+0000] {logging_mixin.py:188} INFO - [2025-07-31T22:11:04.392+0000] {dag.py:3954} INFO - Setting next_dagrun for dataset_consumes_1 to None, run_after=None
[2025-07-31T22:11:04.395+0000] {logging_mixin.py:188} INFO - [2025-07-31T22:11:04.394+0000] {dag.py:3954} INFO - Setting next_dagrun for dataset_consumes_1_and_2 to None, run_after=None
[2025-07-31T22:11:04.398+0000] {logging_mixin.py:188} INFO - [2025-07-31T22:11:04.398+0000] {dag.py:3954} INFO - Setting next_dagrun for dataset_consumes_1_never_scheduled to None, run_after=None
[2025-07-31T22:11:04.401+0000] {logging_mixin.py:188} INFO - [2025-07-31T22:11:04.401+0000] {dag.py:3954} INFO - Setting next_dagrun for dataset_consumes_unknown_never_scheduled to None, run_after=None
[2025-07-31T22:11:04.405+0000] {logging_mixin.py:188} INFO - [2025-07-31T22:11:04.405+0000] {dag.py:3954} INFO - Setting next_dagrun for dataset_produces_1 to 2025-07-30 00:00:00+00:00, run_after=2025-07-31 00:00:00+00:00
[2025-07-31T22:11:04.409+0000] {logging_mixin.py:188} INFO - [2025-07-31T22:11:04.408+0000] {dag.py:3954} INFO - Setting next_dagrun for dataset_produces_2 to None, run_after=None
[2025-07-31T22:11:04.475+0000] {processor.py:183} INFO - Processing /home/airflow/.local/lib/python3.12/site-packages/airflow/example_dags/example_datasets.py took 0.298 seconds
[2025-07-31T22:11:34.612+0000] {processor.py:161} INFO - Started process (PID=13039) to work on /home/airflow/.local/lib/python3.12/site-packages/airflow/example_dags/example_datasets.py
[2025-07-31T22:11:34.614+0000] {processor.py:830} INFO - Processing file /home/airflow/.local/lib/python3.12/site-packages/airflow/example_dags/example_datasets.py for tasks to queue
[2025-07-31T22:11:34.616+0000] {logging_mixin.py:188} INFO - [2025-07-31T22:11:34.615+0000] {dagbag.py:545} INFO - Filling up the DagBag from /home/airflow/.local/lib/python3.12/site-packages/airflow/example_dags/example_datasets.py
[2025-07-31T22:11:34.644+0000] {processor.py:840} INFO - DAG(s) 'dataset_consumes_1_and_2', 'dataset_produces_1', 'dataset_consumes_unknown_never_scheduled', 'dataset_produces_2', 'conditional_dataset_and_time_based_timetable', 'dataset_consumes_1', 'consume_1_or_both_2_and_3_with_dataset_expressions', 'dataset_consumes_1_never_scheduled', 'consume_1_or_2_with_dataset_expressions', 'consume_1_and_2_with_dataset_expressions' retrieved from /home/airflow/.local/lib/python3.12/site-packages/airflow/example_dags/example_datasets.py
[2025-07-31T22:11:34.722+0000] {logging_mixin.py:188} INFO - [2025-07-31T22:11:34.722+0000] {dag.py:3096} INFO - Sync 10 DAGs
[2025-07-31T22:11:34.771+0000] {logging_mixin.py:188} INFO - [2025-07-31T22:11:34.771+0000] {dag.py:3954} INFO - Setting next_dagrun for conditional_dataset_and_time_based_timetable to 2025-07-30 01:00:00+00:00, run_after=2025-07-30 01:00:00+00:00
[2025-07-31T22:11:34.779+0000] {logging_mixin.py:188} INFO - [2025-07-31T22:11:34.778+0000] {dag.py:3954} INFO - Setting next_dagrun for consume_1_and_2_with_dataset_expressions to None, run_after=None
[2025-07-31T22:11:34.782+0000] {logging_mixin.py:188} INFO - [2025-07-31T22:11:34.781+0000] {dag.py:3954} INFO - Setting next_dagrun for consume_1_or_2_with_dataset_expressions to None, run_after=None
[2025-07-31T22:11:34.784+0000] {logging_mixin.py:188} INFO - [2025-07-31T22:11:34.784+0000] {dag.py:3954} INFO - Setting next_dagrun for consume_1_or_both_2_and_3_with_dataset_expressions to None, run_after=None
[2025-07-31T22:11:34.786+0000] {logging_mixin.py:188} INFO - [2025-07-31T22:11:34.786+0000] {dag.py:3954} INFO - Setting next_dagrun for dataset_consumes_1 to None, run_after=None
[2025-07-31T22:11:34.788+0000] {logging_mixin.py:188} INFO - [2025-07-31T22:11:34.788+0000] {dag.py:3954} INFO - Setting next_dagrun for dataset_consumes_1_and_2 to None, run_after=None
[2025-07-31T22:11:34.790+0000] {logging_mixin.py:188} INFO - [2025-07-31T22:11:34.790+0000] {dag.py:3954} INFO - Setting next_dagrun for dataset_consumes_1_never_scheduled to None, run_after=None
[2025-07-31T22:11:34.793+0000] {logging_mixin.py:188} INFO - [2025-07-31T22:11:34.793+0000] {dag.py:3954} INFO - Setting next_dagrun for dataset_consumes_unknown_never_scheduled to None, run_after=None
[2025-07-31T22:11:34.797+0000] {logging_mixin.py:188} INFO - [2025-07-31T22:11:34.796+0000] {dag.py:3954} INFO - Setting next_dagrun for dataset_produces_1 to 2025-07-30 00:00:00+00:00, run_after=2025-07-31 00:00:00+00:00
[2025-07-31T22:11:34.799+0000] {logging_mixin.py:188} INFO - [2025-07-31T22:11:34.798+0000] {dag.py:3954} INFO - Setting next_dagrun for dataset_produces_2 to None, run_after=None
[2025-07-31T22:11:34.857+0000] {processor.py:183} INFO - Processing /home/airflow/.local/lib/python3.12/site-packages/airflow/example_dags/example_datasets.py took 0.255 seconds
[2025-07-31T22:12:05.125+0000] {processor.py:161} INFO - Started process (PID=13097) to work on /home/airflow/.local/lib/python3.12/site-packages/airflow/example_dags/example_datasets.py
[2025-07-31T22:12:05.127+0000] {processor.py:830} INFO - Processing file /home/airflow/.local/lib/python3.12/site-packages/airflow/example_dags/example_datasets.py for tasks to queue
[2025-07-31T22:12:05.128+0000] {logging_mixin.py:188} INFO - [2025-07-31T22:12:05.128+0000] {dagbag.py:545} INFO - Filling up the DagBag from /home/airflow/.local/lib/python3.12/site-packages/airflow/example_dags/example_datasets.py
[2025-07-31T22:12:05.159+0000] {processor.py:840} INFO - DAG(s) 'consume_1_and_2_with_dataset_expressions', 'dataset_consumes_unknown_never_scheduled', 'dataset_produces_1', 'consume_1_or_both_2_and_3_with_dataset_expressions', 'dataset_consumes_1', 'dataset_consumes_1_never_scheduled', 'conditional_dataset_and_time_based_timetable', 'dataset_produces_2', 'dataset_consumes_1_and_2', 'consume_1_or_2_with_dataset_expressions' retrieved from /home/airflow/.local/lib/python3.12/site-packages/airflow/example_dags/example_datasets.py
[2025-07-31T22:12:05.236+0000] {logging_mixin.py:188} INFO - [2025-07-31T22:12:05.236+0000] {dag.py:3096} INFO - Sync 10 DAGs
[2025-07-31T22:12:05.275+0000] {logging_mixin.py:188} INFO - [2025-07-31T22:12:05.275+0000] {dag.py:3954} INFO - Setting next_dagrun for conditional_dataset_and_time_based_timetable to 2025-07-30 01:00:00+00:00, run_after=2025-07-30 01:00:00+00:00
[2025-07-31T22:12:05.282+0000] {logging_mixin.py:188} INFO - [2025-07-31T22:12:05.281+0000] {dag.py:3954} INFO - Setting next_dagrun for consume_1_and_2_with_dataset_expressions to None, run_after=None
[2025-07-31T22:12:05.284+0000] {logging_mixin.py:188} INFO - [2025-07-31T22:12:05.284+0000] {dag.py:3954} INFO - Setting next_dagrun for consume_1_or_2_with_dataset_expressions to None, run_after=None
[2025-07-31T22:12:05.287+0000] {logging_mixin.py:188} INFO - [2025-07-31T22:12:05.286+0000] {dag.py:3954} INFO - Setting next_dagrun for consume_1_or_both_2_and_3_with_dataset_expressions to None, run_after=None
[2025-07-31T22:12:05.289+0000] {logging_mixin.py:188} INFO - [2025-07-31T22:12:05.288+0000] {dag.py:3954} INFO - Setting next_dagrun for dataset_consumes_1 to None, run_after=None
[2025-07-31T22:12:05.291+0000] {logging_mixin.py:188} INFO - [2025-07-31T22:12:05.290+0000] {dag.py:3954} INFO - Setting next_dagrun for dataset_consumes_1_and_2 to None, run_after=None
[2025-07-31T22:12:05.293+0000] {logging_mixin.py:188} INFO - [2025-07-31T22:12:05.292+0000] {dag.py:3954} INFO - Setting next_dagrun for dataset_consumes_1_never_scheduled to None, run_after=None
[2025-07-31T22:12:05.294+0000] {logging_mixin.py:188} INFO - [2025-07-31T22:12:05.294+0000] {dag.py:3954} INFO - Setting next_dagrun for dataset_consumes_unknown_never_scheduled to None, run_after=None
[2025-07-31T22:12:05.297+0000] {logging_mixin.py:188} INFO - [2025-07-31T22:12:05.297+0000] {dag.py:3954} INFO - Setting next_dagrun for dataset_produces_1 to 2025-07-30 00:00:00+00:00, run_after=2025-07-31 00:00:00+00:00
[2025-07-31T22:12:05.299+0000] {logging_mixin.py:188} INFO - [2025-07-31T22:12:05.299+0000] {dag.py:3954} INFO - Setting next_dagrun for dataset_produces_2 to None, run_after=None
[2025-07-31T22:12:05.348+0000] {processor.py:183} INFO - Processing /home/airflow/.local/lib/python3.12/site-packages/airflow/example_dags/example_datasets.py took 0.234 seconds
[2025-07-31T22:12:35.595+0000] {processor.py:161} INFO - Started process (PID=13155) to work on /home/airflow/.local/lib/python3.12/site-packages/airflow/example_dags/example_datasets.py
[2025-07-31T22:12:35.597+0000] {processor.py:830} INFO - Processing file /home/airflow/.local/lib/python3.12/site-packages/airflow/example_dags/example_datasets.py for tasks to queue
[2025-07-31T22:12:35.598+0000] {logging_mixin.py:188} INFO - [2025-07-31T22:12:35.598+0000] {dagbag.py:545} INFO - Filling up the DagBag from /home/airflow/.local/lib/python3.12/site-packages/airflow/example_dags/example_datasets.py
[2025-07-31T22:12:35.622+0000] {processor.py:840} INFO - DAG(s) 'dataset_consumes_1', 'dataset_produces_2', 'dataset_consumes_1_never_scheduled', 'consume_1_and_2_with_dataset_expressions', 'dataset_produces_1', 'consume_1_or_2_with_dataset_expressions', 'conditional_dataset_and_time_based_timetable', 'dataset_consumes_unknown_never_scheduled', 'dataset_consumes_1_and_2', 'consume_1_or_both_2_and_3_with_dataset_expressions' retrieved from /home/airflow/.local/lib/python3.12/site-packages/airflow/example_dags/example_datasets.py
[2025-07-31T22:12:35.702+0000] {logging_mixin.py:188} INFO - [2025-07-31T22:12:35.701+0000] {dag.py:3096} INFO - Sync 10 DAGs
[2025-07-31T22:12:35.754+0000] {logging_mixin.py:188} INFO - [2025-07-31T22:12:35.753+0000] {dag.py:3954} INFO - Setting next_dagrun for conditional_dataset_and_time_based_timetable to 2025-07-30 01:00:00+00:00, run_after=2025-07-30 01:00:00+00:00
[2025-07-31T22:12:35.759+0000] {logging_mixin.py:188} INFO - [2025-07-31T22:12:35.759+0000] {dag.py:3954} INFO - Setting next_dagrun for consume_1_and_2_with_dataset_expressions to None, run_after=None
[2025-07-31T22:12:35.762+0000] {logging_mixin.py:188} INFO - [2025-07-31T22:12:35.761+0000] {dag.py:3954} INFO - Setting next_dagrun for consume_1_or_2_with_dataset_expressions to None, run_after=None
[2025-07-31T22:12:35.764+0000] {logging_mixin.py:188} INFO - [2025-07-31T22:12:35.764+0000] {dag.py:3954} INFO - Setting next_dagrun for consume_1_or_both_2_and_3_with_dataset_expressions to None, run_after=None
[2025-07-31T22:12:35.766+0000] {logging_mixin.py:188} INFO - [2025-07-31T22:12:35.766+0000] {dag.py:3954} INFO - Setting next_dagrun for dataset_consumes_1 to None, run_after=None
[2025-07-31T22:12:35.770+0000] {logging_mixin.py:188} INFO - [2025-07-31T22:12:35.770+0000] {dag.py:3954} INFO - Setting next_dagrun for dataset_consumes_1_and_2 to None, run_after=None
[2025-07-31T22:12:35.772+0000] {logging_mixin.py:188} INFO - [2025-07-31T22:12:35.772+0000] {dag.py:3954} INFO - Setting next_dagrun for dataset_consumes_1_never_scheduled to None, run_after=None
[2025-07-31T22:12:35.774+0000] {logging_mixin.py:188} INFO - [2025-07-31T22:12:35.774+0000] {dag.py:3954} INFO - Setting next_dagrun for dataset_consumes_unknown_never_scheduled to None, run_after=None
[2025-07-31T22:12:35.777+0000] {logging_mixin.py:188} INFO - [2025-07-31T22:12:35.777+0000] {dag.py:3954} INFO - Setting next_dagrun for dataset_produces_1 to 2025-07-30 00:00:00+00:00, run_after=2025-07-31 00:00:00+00:00
[2025-07-31T22:12:35.779+0000] {logging_mixin.py:188} INFO - [2025-07-31T22:12:35.779+0000] {dag.py:3954} INFO - Setting next_dagrun for dataset_produces_2 to None, run_after=None
[2025-07-31T22:12:35.830+0000] {processor.py:183} INFO - Processing /home/airflow/.local/lib/python3.12/site-packages/airflow/example_dags/example_datasets.py took 0.244 seconds
[2025-07-31T22:13:06.040+0000] {processor.py:161} INFO - Started process (PID=13214) to work on /home/airflow/.local/lib/python3.12/site-packages/airflow/example_dags/example_datasets.py
[2025-07-31T22:13:06.041+0000] {processor.py:830} INFO - Processing file /home/airflow/.local/lib/python3.12/site-packages/airflow/example_dags/example_datasets.py for tasks to queue
[2025-07-31T22:13:06.043+0000] {logging_mixin.py:188} INFO - [2025-07-31T22:13:06.043+0000] {dagbag.py:545} INFO - Filling up the DagBag from /home/airflow/.local/lib/python3.12/site-packages/airflow/example_dags/example_datasets.py
[2025-07-31T22:13:06.064+0000] {processor.py:840} INFO - DAG(s) 'conditional_dataset_and_time_based_timetable', 'consume_1_or_2_with_dataset_expressions', 'dataset_consumes_1_never_scheduled', 'consume_1_or_both_2_and_3_with_dataset_expressions', 'dataset_produces_2', 'dataset_consumes_1', 'dataset_consumes_1_and_2', 'consume_1_and_2_with_dataset_expressions', 'dataset_consumes_unknown_never_scheduled', 'dataset_produces_1' retrieved from /home/airflow/.local/lib/python3.12/site-packages/airflow/example_dags/example_datasets.py
[2025-07-31T22:13:06.131+0000] {logging_mixin.py:188} INFO - [2025-07-31T22:13:06.131+0000] {dag.py:3096} INFO - Sync 10 DAGs
[2025-07-31T22:13:06.164+0000] {logging_mixin.py:188} INFO - [2025-07-31T22:13:06.163+0000] {dag.py:3954} INFO - Setting next_dagrun for conditional_dataset_and_time_based_timetable to 2025-07-30 01:00:00+00:00, run_after=2025-07-30 01:00:00+00:00
[2025-07-31T22:13:06.169+0000] {logging_mixin.py:188} INFO - [2025-07-31T22:13:06.169+0000] {dag.py:3954} INFO - Setting next_dagrun for consume_1_and_2_with_dataset_expressions to None, run_after=None
[2025-07-31T22:13:06.171+0000] {logging_mixin.py:188} INFO - [2025-07-31T22:13:06.171+0000] {dag.py:3954} INFO - Setting next_dagrun for consume_1_or_2_with_dataset_expressions to None, run_after=None
[2025-07-31T22:13:06.173+0000] {logging_mixin.py:188} INFO - [2025-07-31T22:13:06.173+0000] {dag.py:3954} INFO - Setting next_dagrun for consume_1_or_both_2_and_3_with_dataset_expressions to None, run_after=None
[2025-07-31T22:13:06.175+0000] {logging_mixin.py:188} INFO - [2025-07-31T22:13:06.174+0000] {dag.py:3954} INFO - Setting next_dagrun for dataset_consumes_1 to None, run_after=None
[2025-07-31T22:13:06.176+0000] {logging_mixin.py:188} INFO - [2025-07-31T22:13:06.176+0000] {dag.py:3954} INFO - Setting next_dagrun for dataset_consumes_1_and_2 to None, run_after=None
[2025-07-31T22:13:06.178+0000] {logging_mixin.py:188} INFO - [2025-07-31T22:13:06.178+0000] {dag.py:3954} INFO - Setting next_dagrun for dataset_consumes_1_never_scheduled to None, run_after=None
[2025-07-31T22:13:06.180+0000] {logging_mixin.py:188} INFO - [2025-07-31T22:13:06.180+0000] {dag.py:3954} INFO - Setting next_dagrun for dataset_consumes_unknown_never_scheduled to None, run_after=None
[2025-07-31T22:13:06.184+0000] {logging_mixin.py:188} INFO - [2025-07-31T22:13:06.184+0000] {dag.py:3954} INFO - Setting next_dagrun for dataset_produces_1 to 2025-07-30 00:00:00+00:00, run_after=2025-07-31 00:00:00+00:00
[2025-07-31T22:13:06.187+0000] {logging_mixin.py:188} INFO - [2025-07-31T22:13:06.187+0000] {dag.py:3954} INFO - Setting next_dagrun for dataset_produces_2 to None, run_after=None
[2025-07-31T22:13:06.236+0000] {processor.py:183} INFO - Processing /home/airflow/.local/lib/python3.12/site-packages/airflow/example_dags/example_datasets.py took 0.208 seconds
[2025-07-31T22:13:36.336+0000] {processor.py:161} INFO - Started process (PID=13272) to work on /home/airflow/.local/lib/python3.12/site-packages/airflow/example_dags/example_datasets.py
[2025-07-31T22:13:36.337+0000] {processor.py:830} INFO - Processing file /home/airflow/.local/lib/python3.12/site-packages/airflow/example_dags/example_datasets.py for tasks to queue
[2025-07-31T22:13:36.339+0000] {logging_mixin.py:188} INFO - [2025-07-31T22:13:36.338+0000] {dagbag.py:545} INFO - Filling up the DagBag from /home/airflow/.local/lib/python3.12/site-packages/airflow/example_dags/example_datasets.py
[2025-07-31T22:13:36.365+0000] {processor.py:840} INFO - DAG(s) 'dataset_produces_2', 'dataset_consumes_1_and_2', 'dataset_consumes_1', 'consume_1_and_2_with_dataset_expressions', 'consume_1_or_both_2_and_3_with_dataset_expressions', 'dataset_consumes_1_never_scheduled', 'consume_1_or_2_with_dataset_expressions', 'conditional_dataset_and_time_based_timetable', 'dataset_produces_1', 'dataset_consumes_unknown_never_scheduled' retrieved from /home/airflow/.local/lib/python3.12/site-packages/airflow/example_dags/example_datasets.py
[2025-07-31T22:13:36.453+0000] {logging_mixin.py:188} INFO - [2025-07-31T22:13:36.453+0000] {dag.py:3096} INFO - Sync 10 DAGs
[2025-07-31T22:13:36.493+0000] {logging_mixin.py:188} INFO - [2025-07-31T22:13:36.492+0000] {dag.py:3954} INFO - Setting next_dagrun for conditional_dataset_and_time_based_timetable to 2025-07-30 01:00:00+00:00, run_after=2025-07-30 01:00:00+00:00
[2025-07-31T22:13:36.499+0000] {logging_mixin.py:188} INFO - [2025-07-31T22:13:36.498+0000] {dag.py:3954} INFO - Setting next_dagrun for consume_1_and_2_with_dataset_expressions to None, run_after=None
[2025-07-31T22:13:36.501+0000] {logging_mixin.py:188} INFO - [2025-07-31T22:13:36.501+0000] {dag.py:3954} INFO - Setting next_dagrun for consume_1_or_2_with_dataset_expressions to None, run_after=None
[2025-07-31T22:13:36.503+0000] {logging_mixin.py:188} INFO - [2025-07-31T22:13:36.503+0000] {dag.py:3954} INFO - Setting next_dagrun for consume_1_or_both_2_and_3_with_dataset_expressions to None, run_after=None
[2025-07-31T22:13:36.505+0000] {logging_mixin.py:188} INFO - [2025-07-31T22:13:36.505+0000] {dag.py:3954} INFO - Setting next_dagrun for dataset_consumes_1 to None, run_after=None
[2025-07-31T22:13:36.508+0000] {logging_mixin.py:188} INFO - [2025-07-31T22:13:36.507+0000] {dag.py:3954} INFO - Setting next_dagrun for dataset_consumes_1_and_2 to None, run_after=None
[2025-07-31T22:13:36.510+0000] {logging_mixin.py:188} INFO - [2025-07-31T22:13:36.510+0000] {dag.py:3954} INFO - Setting next_dagrun for dataset_consumes_1_never_scheduled to None, run_after=None
[2025-07-31T22:13:36.512+0000] {logging_mixin.py:188} INFO - [2025-07-31T22:13:36.512+0000] {dag.py:3954} INFO - Setting next_dagrun for dataset_consumes_unknown_never_scheduled to None, run_after=None
[2025-07-31T22:13:36.516+0000] {logging_mixin.py:188} INFO - [2025-07-31T22:13:36.516+0000] {dag.py:3954} INFO - Setting next_dagrun for dataset_produces_1 to 2025-07-30 00:00:00+00:00, run_after=2025-07-31 00:00:00+00:00
[2025-07-31T22:13:36.518+0000] {logging_mixin.py:188} INFO - [2025-07-31T22:13:36.518+0000] {dag.py:3954} INFO - Setting next_dagrun for dataset_produces_2 to None, run_after=None
[2025-07-31T22:13:36.579+0000] {processor.py:183} INFO - Processing /home/airflow/.local/lib/python3.12/site-packages/airflow/example_dags/example_datasets.py took 0.252 seconds
[2025-07-31T22:14:06.901+0000] {processor.py:161} INFO - Started process (PID=13330) to work on /home/airflow/.local/lib/python3.12/site-packages/airflow/example_dags/example_datasets.py
[2025-07-31T22:14:06.903+0000] {processor.py:830} INFO - Processing file /home/airflow/.local/lib/python3.12/site-packages/airflow/example_dags/example_datasets.py for tasks to queue
[2025-07-31T22:14:06.904+0000] {logging_mixin.py:188} INFO - [2025-07-31T22:14:06.904+0000] {dagbag.py:545} INFO - Filling up the DagBag from /home/airflow/.local/lib/python3.12/site-packages/airflow/example_dags/example_datasets.py
[2025-07-31T22:14:06.933+0000] {processor.py:840} INFO - DAG(s) 'consume_1_or_both_2_and_3_with_dataset_expressions', 'dataset_consumes_1', 'dataset_produces_2', 'dataset_consumes_1_never_scheduled', 'dataset_consumes_unknown_never_scheduled', 'consume_1_or_2_with_dataset_expressions', 'dataset_consumes_1_and_2', 'conditional_dataset_and_time_based_timetable', 'dataset_produces_1', 'consume_1_and_2_with_dataset_expressions' retrieved from /home/airflow/.local/lib/python3.12/site-packages/airflow/example_dags/example_datasets.py
[2025-07-31T22:14:07.007+0000] {logging_mixin.py:188} INFO - [2025-07-31T22:14:07.007+0000] {dag.py:3096} INFO - Sync 10 DAGs
[2025-07-31T22:14:07.047+0000] {logging_mixin.py:188} INFO - [2025-07-31T22:14:07.046+0000] {dag.py:3954} INFO - Setting next_dagrun for conditional_dataset_and_time_based_timetable to 2025-07-30 01:00:00+00:00, run_after=2025-07-30 01:00:00+00:00
[2025-07-31T22:14:07.052+0000] {logging_mixin.py:188} INFO - [2025-07-31T22:14:07.052+0000] {dag.py:3954} INFO - Setting next_dagrun for consume_1_and_2_with_dataset_expressions to None, run_after=None
[2025-07-31T22:14:07.054+0000] {logging_mixin.py:188} INFO - [2025-07-31T22:14:07.054+0000] {dag.py:3954} INFO - Setting next_dagrun for consume_1_or_2_with_dataset_expressions to None, run_after=None
[2025-07-31T22:14:07.056+0000] {logging_mixin.py:188} INFO - [2025-07-31T22:14:07.056+0000] {dag.py:3954} INFO - Setting next_dagrun for consume_1_or_both_2_and_3_with_dataset_expressions to None, run_after=None
[2025-07-31T22:14:07.058+0000] {logging_mixin.py:188} INFO - [2025-07-31T22:14:07.057+0000] {dag.py:3954} INFO - Setting next_dagrun for dataset_consumes_1 to None, run_after=None
[2025-07-31T22:14:07.059+0000] {logging_mixin.py:188} INFO - [2025-07-31T22:14:07.059+0000] {dag.py:3954} INFO - Setting next_dagrun for dataset_consumes_1_and_2 to None, run_after=None
[2025-07-31T22:14:07.061+0000] {logging_mixin.py:188} INFO - [2025-07-31T22:14:07.061+0000] {dag.py:3954} INFO - Setting next_dagrun for dataset_consumes_1_never_scheduled to None, run_after=None
[2025-07-31T22:14:07.063+0000] {logging_mixin.py:188} INFO - [2025-07-31T22:14:07.063+0000] {dag.py:3954} INFO - Setting next_dagrun for dataset_consumes_unknown_never_scheduled to None, run_after=None
[2025-07-31T22:14:07.066+0000] {logging_mixin.py:188} INFO - [2025-07-31T22:14:07.065+0000] {dag.py:3954} INFO - Setting next_dagrun for dataset_produces_1 to 2025-07-30 00:00:00+00:00, run_after=2025-07-31 00:00:00+00:00
[2025-07-31T22:14:07.068+0000] {logging_mixin.py:188} INFO - [2025-07-31T22:14:07.067+0000] {dag.py:3954} INFO - Setting next_dagrun for dataset_produces_2 to None, run_after=None
[2025-07-31T22:14:07.128+0000] {processor.py:183} INFO - Processing /home/airflow/.local/lib/python3.12/site-packages/airflow/example_dags/example_datasets.py took 0.239 seconds
[2025-07-31T22:14:37.487+0000] {processor.py:161} INFO - Started process (PID=13388) to work on /home/airflow/.local/lib/python3.12/site-packages/airflow/example_dags/example_datasets.py
[2025-07-31T22:14:37.489+0000] {processor.py:830} INFO - Processing file /home/airflow/.local/lib/python3.12/site-packages/airflow/example_dags/example_datasets.py for tasks to queue
[2025-07-31T22:14:37.491+0000] {logging_mixin.py:188} INFO - [2025-07-31T22:14:37.490+0000] {dagbag.py:545} INFO - Filling up the DagBag from /home/airflow/.local/lib/python3.12/site-packages/airflow/example_dags/example_datasets.py
[2025-07-31T22:14:37.518+0000] {processor.py:840} INFO - DAG(s) 'dataset_consumes_1', 'dataset_produces_1', 'consume_1_and_2_with_dataset_expressions', 'consume_1_or_both_2_and_3_with_dataset_expressions', 'dataset_consumes_1_and_2', 'conditional_dataset_and_time_based_timetable', 'consume_1_or_2_with_dataset_expressions', 'dataset_consumes_1_never_scheduled', 'dataset_produces_2', 'dataset_consumes_unknown_never_scheduled' retrieved from /home/airflow/.local/lib/python3.12/site-packages/airflow/example_dags/example_datasets.py
[2025-07-31T22:14:37.593+0000] {logging_mixin.py:188} INFO - [2025-07-31T22:14:37.593+0000] {dag.py:3096} INFO - Sync 10 DAGs
[2025-07-31T22:14:37.633+0000] {logging_mixin.py:188} INFO - [2025-07-31T22:14:37.632+0000] {dag.py:3954} INFO - Setting next_dagrun for conditional_dataset_and_time_based_timetable to 2025-07-30 01:00:00+00:00, run_after=2025-07-30 01:00:00+00:00
[2025-07-31T22:14:37.641+0000] {logging_mixin.py:188} INFO - [2025-07-31T22:14:37.640+0000] {dag.py:3954} INFO - Setting next_dagrun for consume_1_and_2_with_dataset_expressions to None, run_after=None
[2025-07-31T22:14:37.643+0000] {logging_mixin.py:188} INFO - [2025-07-31T22:14:37.643+0000] {dag.py:3954} INFO - Setting next_dagrun for consume_1_or_2_with_dataset_expressions to None, run_after=None
[2025-07-31T22:14:37.645+0000] {logging_mixin.py:188} INFO - [2025-07-31T22:14:37.645+0000] {dag.py:3954} INFO - Setting next_dagrun for consume_1_or_both_2_and_3_with_dataset_expressions to None, run_after=None
[2025-07-31T22:14:37.647+0000] {logging_mixin.py:188} INFO - [2025-07-31T22:14:37.647+0000] {dag.py:3954} INFO - Setting next_dagrun for dataset_consumes_1 to None, run_after=None
[2025-07-31T22:14:37.651+0000] {logging_mixin.py:188} INFO - [2025-07-31T22:14:37.651+0000] {dag.py:3954} INFO - Setting next_dagrun for dataset_consumes_1_and_2 to None, run_after=None
[2025-07-31T22:14:37.654+0000] {logging_mixin.py:188} INFO - [2025-07-31T22:14:37.654+0000] {dag.py:3954} INFO - Setting next_dagrun for dataset_consumes_1_never_scheduled to None, run_after=None
[2025-07-31T22:14:37.656+0000] {logging_mixin.py:188} INFO - [2025-07-31T22:14:37.656+0000] {dag.py:3954} INFO - Setting next_dagrun for dataset_consumes_unknown_never_scheduled to None, run_after=None
[2025-07-31T22:14:37.659+0000] {logging_mixin.py:188} INFO - [2025-07-31T22:14:37.659+0000] {dag.py:3954} INFO - Setting next_dagrun for dataset_produces_1 to 2025-07-30 00:00:00+00:00, run_after=2025-07-31 00:00:00+00:00
[2025-07-31T22:14:37.661+0000] {logging_mixin.py:188} INFO - [2025-07-31T22:14:37.661+0000] {dag.py:3954} INFO - Setting next_dagrun for dataset_produces_2 to None, run_after=None
[2025-07-31T22:14:37.736+0000] {processor.py:183} INFO - Processing /home/airflow/.local/lib/python3.12/site-packages/airflow/example_dags/example_datasets.py took 0.259 seconds
[2025-07-31T22:15:08.050+0000] {processor.py:161} INFO - Started process (PID=13446) to work on /home/airflow/.local/lib/python3.12/site-packages/airflow/example_dags/example_datasets.py
[2025-07-31T22:15:08.052+0000] {processor.py:830} INFO - Processing file /home/airflow/.local/lib/python3.12/site-packages/airflow/example_dags/example_datasets.py for tasks to queue
[2025-07-31T22:15:08.053+0000] {logging_mixin.py:188} INFO - [2025-07-31T22:15:08.053+0000] {dagbag.py:545} INFO - Filling up the DagBag from /home/airflow/.local/lib/python3.12/site-packages/airflow/example_dags/example_datasets.py
[2025-07-31T22:15:08.076+0000] {processor.py:840} INFO - DAG(s) 'dataset_consumes_1_never_scheduled', 'conditional_dataset_and_time_based_timetable', 'consume_1_or_2_with_dataset_expressions', 'consume_1_and_2_with_dataset_expressions', 'dataset_produces_2', 'consume_1_or_both_2_and_3_with_dataset_expressions', 'dataset_consumes_1', 'dataset_consumes_unknown_never_scheduled', 'dataset_consumes_1_and_2', 'dataset_produces_1' retrieved from /home/airflow/.local/lib/python3.12/site-packages/airflow/example_dags/example_datasets.py
[2025-07-31T22:15:08.149+0000] {logging_mixin.py:188} INFO - [2025-07-31T22:15:08.148+0000] {dag.py:3096} INFO - Sync 10 DAGs
[2025-07-31T22:15:08.187+0000] {logging_mixin.py:188} INFO - [2025-07-31T22:15:08.187+0000] {dag.py:3954} INFO - Setting next_dagrun for conditional_dataset_and_time_based_timetable to 2025-07-30 01:00:00+00:00, run_after=2025-07-30 01:00:00+00:00
[2025-07-31T22:15:08.195+0000] {logging_mixin.py:188} INFO - [2025-07-31T22:15:08.195+0000] {dag.py:3954} INFO - Setting next_dagrun for consume_1_and_2_with_dataset_expressions to None, run_after=None
[2025-07-31T22:15:08.198+0000] {logging_mixin.py:188} INFO - [2025-07-31T22:15:08.197+0000] {dag.py:3954} INFO - Setting next_dagrun for consume_1_or_2_with_dataset_expressions to None, run_after=None
[2025-07-31T22:15:08.200+0000] {logging_mixin.py:188} INFO - [2025-07-31T22:15:08.200+0000] {dag.py:3954} INFO - Setting next_dagrun for consume_1_or_both_2_and_3_with_dataset_expressions to None, run_after=None
[2025-07-31T22:15:08.202+0000] {logging_mixin.py:188} INFO - [2025-07-31T22:15:08.202+0000] {dag.py:3954} INFO - Setting next_dagrun for dataset_consumes_1 to None, run_after=None
[2025-07-31T22:15:08.204+0000] {logging_mixin.py:188} INFO - [2025-07-31T22:15:08.204+0000] {dag.py:3954} INFO - Setting next_dagrun for dataset_consumes_1_and_2 to None, run_after=None
[2025-07-31T22:15:08.206+0000] {logging_mixin.py:188} INFO - [2025-07-31T22:15:08.206+0000] {dag.py:3954} INFO - Setting next_dagrun for dataset_consumes_1_never_scheduled to None, run_after=None
[2025-07-31T22:15:08.208+0000] {logging_mixin.py:188} INFO - [2025-07-31T22:15:08.207+0000] {dag.py:3954} INFO - Setting next_dagrun for dataset_consumes_unknown_never_scheduled to None, run_after=None
[2025-07-31T22:15:08.212+0000] {logging_mixin.py:188} INFO - [2025-07-31T22:15:08.212+0000] {dag.py:3954} INFO - Setting next_dagrun for dataset_produces_1 to 2025-07-30 00:00:00+00:00, run_after=2025-07-31 00:00:00+00:00
[2025-07-31T22:15:08.214+0000] {logging_mixin.py:188} INFO - [2025-07-31T22:15:08.214+0000] {dag.py:3954} INFO - Setting next_dagrun for dataset_produces_2 to None, run_after=None
[2025-07-31T22:15:08.279+0000] {processor.py:183} INFO - Processing /home/airflow/.local/lib/python3.12/site-packages/airflow/example_dags/example_datasets.py took 0.240 seconds
[2025-07-31T22:15:38.541+0000] {processor.py:161} INFO - Started process (PID=13505) to work on /home/airflow/.local/lib/python3.12/site-packages/airflow/example_dags/example_datasets.py
[2025-07-31T22:15:38.542+0000] {processor.py:830} INFO - Processing file /home/airflow/.local/lib/python3.12/site-packages/airflow/example_dags/example_datasets.py for tasks to queue
[2025-07-31T22:15:38.544+0000] {logging_mixin.py:188} INFO - [2025-07-31T22:15:38.543+0000] {dagbag.py:545} INFO - Filling up the DagBag from /home/airflow/.local/lib/python3.12/site-packages/airflow/example_dags/example_datasets.py
[2025-07-31T22:15:38.580+0000] {processor.py:840} INFO - DAG(s) 'consume_1_or_2_with_dataset_expressions', 'dataset_consumes_1_never_scheduled', 'dataset_produces_2', 'dataset_consumes_1_and_2', 'consume_1_or_both_2_and_3_with_dataset_expressions', 'conditional_dataset_and_time_based_timetable', 'consume_1_and_2_with_dataset_expressions', 'dataset_consumes_unknown_never_scheduled', 'dataset_consumes_1', 'dataset_produces_1' retrieved from /home/airflow/.local/lib/python3.12/site-packages/airflow/example_dags/example_datasets.py
[2025-07-31T22:15:38.670+0000] {logging_mixin.py:188} INFO - [2025-07-31T22:15:38.669+0000] {dag.py:3096} INFO - Sync 10 DAGs
[2025-07-31T22:15:38.718+0000] {logging_mixin.py:188} INFO - [2025-07-31T22:15:38.718+0000] {dag.py:3954} INFO - Setting next_dagrun for conditional_dataset_and_time_based_timetable to 2025-07-30 01:00:00+00:00, run_after=2025-07-30 01:00:00+00:00
[2025-07-31T22:15:38.726+0000] {logging_mixin.py:188} INFO - [2025-07-31T22:15:38.725+0000] {dag.py:3954} INFO - Setting next_dagrun for consume_1_and_2_with_dataset_expressions to None, run_after=None
[2025-07-31T22:15:38.728+0000] {logging_mixin.py:188} INFO - [2025-07-31T22:15:38.728+0000] {dag.py:3954} INFO - Setting next_dagrun for consume_1_or_2_with_dataset_expressions to None, run_after=None
[2025-07-31T22:15:38.731+0000] {logging_mixin.py:188} INFO - [2025-07-31T22:15:38.731+0000] {dag.py:3954} INFO - Setting next_dagrun for consume_1_or_both_2_and_3_with_dataset_expressions to None, run_after=None
[2025-07-31T22:15:38.734+0000] {logging_mixin.py:188} INFO - [2025-07-31T22:15:38.733+0000] {dag.py:3954} INFO - Setting next_dagrun for dataset_consumes_1 to None, run_after=None
[2025-07-31T22:15:38.736+0000] {logging_mixin.py:188} INFO - [2025-07-31T22:15:38.736+0000] {dag.py:3954} INFO - Setting next_dagrun for dataset_consumes_1_and_2 to None, run_after=None
[2025-07-31T22:15:38.739+0000] {logging_mixin.py:188} INFO - [2025-07-31T22:15:38.738+0000] {dag.py:3954} INFO - Setting next_dagrun for dataset_consumes_1_never_scheduled to None, run_after=None
[2025-07-31T22:15:38.741+0000] {logging_mixin.py:188} INFO - [2025-07-31T22:15:38.741+0000] {dag.py:3954} INFO - Setting next_dagrun for dataset_consumes_unknown_never_scheduled to None, run_after=None
[2025-07-31T22:15:38.746+0000] {logging_mixin.py:188} INFO - [2025-07-31T22:15:38.746+0000] {dag.py:3954} INFO - Setting next_dagrun for dataset_produces_1 to 2025-07-30 00:00:00+00:00, run_after=2025-07-31 00:00:00+00:00
[2025-07-31T22:15:38.748+0000] {logging_mixin.py:188} INFO - [2025-07-31T22:15:38.748+0000] {dag.py:3954} INFO - Setting next_dagrun for dataset_produces_2 to None, run_after=None
[2025-07-31T22:15:38.802+0000] {processor.py:183} INFO - Processing /home/airflow/.local/lib/python3.12/site-packages/airflow/example_dags/example_datasets.py took 0.271 seconds
[2025-07-31T22:16:09.340+0000] {processor.py:161} INFO - Started process (PID=13563) to work on /home/airflow/.local/lib/python3.12/site-packages/airflow/example_dags/example_datasets.py
[2025-07-31T22:16:09.342+0000] {processor.py:830} INFO - Processing file /home/airflow/.local/lib/python3.12/site-packages/airflow/example_dags/example_datasets.py for tasks to queue
[2025-07-31T22:16:09.343+0000] {logging_mixin.py:188} INFO - [2025-07-31T22:16:09.343+0000] {dagbag.py:545} INFO - Filling up the DagBag from /home/airflow/.local/lib/python3.12/site-packages/airflow/example_dags/example_datasets.py
[2025-07-31T22:16:09.372+0000] {processor.py:840} INFO - DAG(s) 'dataset_consumes_1_never_scheduled', 'dataset_consumes_1', 'conditional_dataset_and_time_based_timetable', 'consume_1_or_both_2_and_3_with_dataset_expressions', 'dataset_produces_1', 'dataset_consumes_unknown_never_scheduled', 'dataset_consumes_1_and_2', 'consume_1_and_2_with_dataset_expressions', 'dataset_produces_2', 'consume_1_or_2_with_dataset_expressions' retrieved from /home/airflow/.local/lib/python3.12/site-packages/airflow/example_dags/example_datasets.py
[2025-07-31T22:16:09.457+0000] {logging_mixin.py:188} INFO - [2025-07-31T22:16:09.456+0000] {dag.py:3096} INFO - Sync 10 DAGs
[2025-07-31T22:16:09.507+0000] {logging_mixin.py:188} INFO - [2025-07-31T22:16:09.507+0000] {dag.py:3954} INFO - Setting next_dagrun for conditional_dataset_and_time_based_timetable to 2025-07-30 01:00:00+00:00, run_after=2025-07-30 01:00:00+00:00
[2025-07-31T22:16:09.515+0000] {logging_mixin.py:188} INFO - [2025-07-31T22:16:09.515+0000] {dag.py:3954} INFO - Setting next_dagrun for consume_1_and_2_with_dataset_expressions to None, run_after=None
[2025-07-31T22:16:09.517+0000] {logging_mixin.py:188} INFO - [2025-07-31T22:16:09.517+0000] {dag.py:3954} INFO - Setting next_dagrun for consume_1_or_2_with_dataset_expressions to None, run_after=None
[2025-07-31T22:16:09.520+0000] {logging_mixin.py:188} INFO - [2025-07-31T22:16:09.519+0000] {dag.py:3954} INFO - Setting next_dagrun for consume_1_or_both_2_and_3_with_dataset_expressions to None, run_after=None
[2025-07-31T22:16:09.522+0000] {logging_mixin.py:188} INFO - [2025-07-31T22:16:09.522+0000] {dag.py:3954} INFO - Setting next_dagrun for dataset_consumes_1 to None, run_after=None
[2025-07-31T22:16:09.524+0000] {logging_mixin.py:188} INFO - [2025-07-31T22:16:09.524+0000] {dag.py:3954} INFO - Setting next_dagrun for dataset_consumes_1_and_2 to None, run_after=None
[2025-07-31T22:16:09.526+0000] {logging_mixin.py:188} INFO - [2025-07-31T22:16:09.526+0000] {dag.py:3954} INFO - Setting next_dagrun for dataset_consumes_1_never_scheduled to None, run_after=None
[2025-07-31T22:16:09.529+0000] {logging_mixin.py:188} INFO - [2025-07-31T22:16:09.528+0000] {dag.py:3954} INFO - Setting next_dagrun for dataset_consumes_unknown_never_scheduled to None, run_after=None
[2025-07-31T22:16:09.532+0000] {logging_mixin.py:188} INFO - [2025-07-31T22:16:09.532+0000] {dag.py:3954} INFO - Setting next_dagrun for dataset_produces_1 to 2025-07-30 00:00:00+00:00, run_after=2025-07-31 00:00:00+00:00
[2025-07-31T22:16:09.534+0000] {logging_mixin.py:188} INFO - [2025-07-31T22:16:09.534+0000] {dag.py:3954} INFO - Setting next_dagrun for dataset_produces_2 to None, run_after=None
[2025-07-31T22:16:09.610+0000] {processor.py:183} INFO - Processing /home/airflow/.local/lib/python3.12/site-packages/airflow/example_dags/example_datasets.py took 0.280 seconds
[2025-07-31T22:16:40.030+0000] {processor.py:161} INFO - Started process (PID=13621) to work on /home/airflow/.local/lib/python3.12/site-packages/airflow/example_dags/example_datasets.py
[2025-07-31T22:16:40.032+0000] {processor.py:830} INFO - Processing file /home/airflow/.local/lib/python3.12/site-packages/airflow/example_dags/example_datasets.py for tasks to queue
[2025-07-31T22:16:40.033+0000] {logging_mixin.py:188} INFO - [2025-07-31T22:16:40.033+0000] {dagbag.py:545} INFO - Filling up the DagBag from /home/airflow/.local/lib/python3.12/site-packages/airflow/example_dags/example_datasets.py
[2025-07-31T22:16:40.056+0000] {processor.py:840} INFO - DAG(s) 'conditional_dataset_and_time_based_timetable', 'consume_1_and_2_with_dataset_expressions', 'dataset_consumes_1', 'consume_1_or_both_2_and_3_with_dataset_expressions', 'dataset_consumes_1_never_scheduled', 'consume_1_or_2_with_dataset_expressions', 'dataset_consumes_unknown_never_scheduled', 'dataset_consumes_1_and_2', 'dataset_produces_2', 'dataset_produces_1' retrieved from /home/airflow/.local/lib/python3.12/site-packages/airflow/example_dags/example_datasets.py
[2025-07-31T22:16:40.125+0000] {logging_mixin.py:188} INFO - [2025-07-31T22:16:40.124+0000] {dag.py:3096} INFO - Sync 10 DAGs
[2025-07-31T22:16:40.078+0000] {logging_mixin.py:188} INFO - [2025-07-31T22:16:40.077+0000] {dag.py:3954} INFO - Setting next_dagrun for conditional_dataset_and_time_based_timetable to 2025-07-30 01:00:00+00:00, run_after=2025-07-30 01:00:00+00:00
[2025-07-31T22:16:40.084+0000] {logging_mixin.py:188} INFO - [2025-07-31T22:16:40.084+0000] {dag.py:3954} INFO - Setting next_dagrun for consume_1_and_2_with_dataset_expressions to None, run_after=None
[2025-07-31T22:16:40.086+0000] {logging_mixin.py:188} INFO - [2025-07-31T22:16:40.086+0000] {dag.py:3954} INFO - Setting next_dagrun for consume_1_or_2_with_dataset_expressions to None, run_after=None
[2025-07-31T22:16:40.088+0000] {logging_mixin.py:188} INFO - [2025-07-31T22:16:40.088+0000] {dag.py:3954} INFO - Setting next_dagrun for consume_1_or_both_2_and_3_with_dataset_expressions to None, run_after=None
[2025-07-31T22:16:40.090+0000] {logging_mixin.py:188} INFO - [2025-07-31T22:16:40.090+0000] {dag.py:3954} INFO - Setting next_dagrun for dataset_consumes_1 to None, run_after=None
[2025-07-31T22:16:40.093+0000] {logging_mixin.py:188} INFO - [2025-07-31T22:16:40.093+0000] {dag.py:3954} INFO - Setting next_dagrun for dataset_consumes_1_and_2 to None, run_after=None
[2025-07-31T22:16:40.096+0000] {logging_mixin.py:188} INFO - [2025-07-31T22:16:40.096+0000] {dag.py:3954} INFO - Setting next_dagrun for dataset_consumes_1_never_scheduled to None, run_after=None
[2025-07-31T22:16:40.099+0000] {logging_mixin.py:188} INFO - [2025-07-31T22:16:40.099+0000] {dag.py:3954} INFO - Setting next_dagrun for dataset_consumes_unknown_never_scheduled to None, run_after=None
[2025-07-31T22:16:40.105+0000] {logging_mixin.py:188} INFO - [2025-07-31T22:16:40.105+0000] {dag.py:3954} INFO - Setting next_dagrun for dataset_produces_1 to 2025-07-30 00:00:00+00:00, run_after=2025-07-31 00:00:00+00:00
[2025-07-31T22:16:40.110+0000] {logging_mixin.py:188} INFO - [2025-07-31T22:16:40.110+0000] {dag.py:3954} INFO - Setting next_dagrun for dataset_produces_2 to None, run_after=None
[2025-07-31T22:16:40.176+0000] {processor.py:183} INFO - Processing /home/airflow/.local/lib/python3.12/site-packages/airflow/example_dags/example_datasets.py took 0.238 seconds
[2025-07-31T22:17:10.345+0000] {processor.py:161} INFO - Started process (PID=13679) to work on /home/airflow/.local/lib/python3.12/site-packages/airflow/example_dags/example_datasets.py
[2025-07-31T22:17:10.347+0000] {processor.py:830} INFO - Processing file /home/airflow/.local/lib/python3.12/site-packages/airflow/example_dags/example_datasets.py for tasks to queue
[2025-07-31T22:17:10.348+0000] {logging_mixin.py:188} INFO - [2025-07-31T22:17:10.348+0000] {dagbag.py:545} INFO - Filling up the DagBag from /home/airflow/.local/lib/python3.12/site-packages/airflow/example_dags/example_datasets.py
[2025-07-31T22:17:10.381+0000] {processor.py:840} INFO - DAG(s) 'dataset_consumes_1_never_scheduled', 'dataset_produces_1', 'dataset_consumes_1_and_2', 'consume_1_or_both_2_and_3_with_dataset_expressions', 'dataset_consumes_unknown_never_scheduled', 'conditional_dataset_and_time_based_timetable', 'dataset_consumes_1', 'dataset_produces_2', 'consume_1_or_2_with_dataset_expressions', 'consume_1_and_2_with_dataset_expressions' retrieved from /home/airflow/.local/lib/python3.12/site-packages/airflow/example_dags/example_datasets.py
[2025-07-31T22:17:10.467+0000] {logging_mixin.py:188} INFO - [2025-07-31T22:17:10.467+0000] {dag.py:3096} INFO - Sync 10 DAGs
[2025-07-31T22:17:10.511+0000] {logging_mixin.py:188} INFO - [2025-07-31T22:17:10.511+0000] {dag.py:3954} INFO - Setting next_dagrun for conditional_dataset_and_time_based_timetable to 2025-07-30 01:00:00+00:00, run_after=2025-07-30 01:00:00+00:00
[2025-07-31T22:17:10.522+0000] {logging_mixin.py:188} INFO - [2025-07-31T22:17:10.522+0000] {dag.py:3954} INFO - Setting next_dagrun for consume_1_and_2_with_dataset_expressions to None, run_after=None
[2025-07-31T22:17:10.527+0000] {logging_mixin.py:188} INFO - [2025-07-31T22:17:10.526+0000] {dag.py:3954} INFO - Setting next_dagrun for consume_1_or_2_with_dataset_expressions to None, run_after=None
[2025-07-31T22:17:10.530+0000] {logging_mixin.py:188} INFO - [2025-07-31T22:17:10.530+0000] {dag.py:3954} INFO - Setting next_dagrun for consume_1_or_both_2_and_3_with_dataset_expressions to None, run_after=None
[2025-07-31T22:17:10.533+0000] {logging_mixin.py:188} INFO - [2025-07-31T22:17:10.533+0000] {dag.py:3954} INFO - Setting next_dagrun for dataset_consumes_1 to None, run_after=None
[2025-07-31T22:17:10.536+0000] {logging_mixin.py:188} INFO - [2025-07-31T22:17:10.536+0000] {dag.py:3954} INFO - Setting next_dagrun for dataset_consumes_1_and_2 to None, run_after=None
[2025-07-31T22:17:10.539+0000] {logging_mixin.py:188} INFO - [2025-07-31T22:17:10.538+0000] {dag.py:3954} INFO - Setting next_dagrun for dataset_consumes_1_never_scheduled to None, run_after=None
[2025-07-31T22:17:10.542+0000] {logging_mixin.py:188} INFO - [2025-07-31T22:17:10.541+0000] {dag.py:3954} INFO - Setting next_dagrun for dataset_consumes_unknown_never_scheduled to None, run_after=None
[2025-07-31T22:17:10.547+0000] {logging_mixin.py:188} INFO - [2025-07-31T22:17:10.546+0000] {dag.py:3954} INFO - Setting next_dagrun for dataset_produces_1 to 2025-07-30 00:00:00+00:00, run_after=2025-07-31 00:00:00+00:00
[2025-07-31T22:17:10.550+0000] {logging_mixin.py:188} INFO - [2025-07-31T22:17:10.550+0000] {dag.py:3954} INFO - Setting next_dagrun for dataset_produces_2 to None, run_after=None
[2025-07-31T22:17:10.610+0000] {processor.py:183} INFO - Processing /home/airflow/.local/lib/python3.12/site-packages/airflow/example_dags/example_datasets.py took 0.278 seconds
[2025-07-31T22:17:41.484+0000] {processor.py:161} INFO - Started process (PID=13737) to work on /home/airflow/.local/lib/python3.12/site-packages/airflow/example_dags/example_datasets.py
[2025-07-31T22:17:41.486+0000] {processor.py:830} INFO - Processing file /home/airflow/.local/lib/python3.12/site-packages/airflow/example_dags/example_datasets.py for tasks to queue
[2025-07-31T22:17:41.488+0000] {logging_mixin.py:188} INFO - [2025-07-31T22:17:41.487+0000] {dagbag.py:545} INFO - Filling up the DagBag from /home/airflow/.local/lib/python3.12/site-packages/airflow/example_dags/example_datasets.py
[2025-07-31T22:17:41.520+0000] {processor.py:840} INFO - DAG(s) 'dataset_produces_1', 'dataset_consumes_1', 'consume_1_or_both_2_and_3_with_dataset_expressions', 'consume_1_or_2_with_dataset_expressions', 'dataset_consumes_1_and_2', 'dataset_consumes_1_never_scheduled', 'consume_1_and_2_with_dataset_expressions', 'dataset_consumes_unknown_never_scheduled', 'conditional_dataset_and_time_based_timetable', 'dataset_produces_2' retrieved from /home/airflow/.local/lib/python3.12/site-packages/airflow/example_dags/example_datasets.py
[2025-07-31T22:17:41.601+0000] {logging_mixin.py:188} INFO - [2025-07-31T22:17:41.601+0000] {dag.py:3096} INFO - Sync 10 DAGs
[2025-07-31T22:17:41.645+0000] {logging_mixin.py:188} INFO - [2025-07-31T22:17:41.645+0000] {dag.py:3954} INFO - Setting next_dagrun for conditional_dataset_and_time_based_timetable to 2025-07-30 01:00:00+00:00, run_after=2025-07-30 01:00:00+00:00
[2025-07-31T22:17:41.652+0000] {logging_mixin.py:188} INFO - [2025-07-31T22:17:41.652+0000] {dag.py:3954} INFO - Setting next_dagrun for consume_1_and_2_with_dataset_expressions to None, run_after=None
[2025-07-31T22:17:41.655+0000] {logging_mixin.py:188} INFO - [2025-07-31T22:17:41.655+0000] {dag.py:3954} INFO - Setting next_dagrun for consume_1_or_2_with_dataset_expressions to None, run_after=None
[2025-07-31T22:17:41.657+0000] {logging_mixin.py:188} INFO - [2025-07-31T22:17:41.657+0000] {dag.py:3954} INFO - Setting next_dagrun for consume_1_or_both_2_and_3_with_dataset_expressions to None, run_after=None
[2025-07-31T22:17:41.659+0000] {logging_mixin.py:188} INFO - [2025-07-31T22:17:41.659+0000] {dag.py:3954} INFO - Setting next_dagrun for dataset_consumes_1 to None, run_after=None
[2025-07-31T22:17:41.662+0000] {logging_mixin.py:188} INFO - [2025-07-31T22:17:41.662+0000] {dag.py:3954} INFO - Setting next_dagrun for dataset_consumes_1_and_2 to None, run_after=None
[2025-07-31T22:17:41.665+0000] {logging_mixin.py:188} INFO - [2025-07-31T22:17:41.664+0000] {dag.py:3954} INFO - Setting next_dagrun for dataset_consumes_1_never_scheduled to None, run_after=None
[2025-07-31T22:17:41.667+0000] {logging_mixin.py:188} INFO - [2025-07-31T22:17:41.667+0000] {dag.py:3954} INFO - Setting next_dagrun for dataset_consumes_unknown_never_scheduled to None, run_after=None
[2025-07-31T22:17:41.671+0000] {logging_mixin.py:188} INFO - [2025-07-31T22:17:41.671+0000] {dag.py:3954} INFO - Setting next_dagrun for dataset_produces_1 to 2025-07-30 00:00:00+00:00, run_after=2025-07-31 00:00:00+00:00
[2025-07-31T22:17:41.675+0000] {logging_mixin.py:188} INFO - [2025-07-31T22:17:41.674+0000] {dag.py:3954} INFO - Setting next_dagrun for dataset_produces_2 to None, run_after=None
[2025-07-31T22:17:41.723+0000] {processor.py:183} INFO - Processing /home/airflow/.local/lib/python3.12/site-packages/airflow/example_dags/example_datasets.py took 0.256 seconds
