[2025-07-31T22:07:29.554+0000] {processor.py:161} INFO - Started process (PID=12571) to work on /home/airflow/.local/lib/python3.12/site-packages/airflow/example_dags/example_local_kubernetes_executor.py
[2025-07-31T22:07:29.593+0000] {processor.py:830} INFO - Processing file /home/airflow/.local/lib/python3.12/site-packages/airflow/example_dags/example_local_kubernetes_executor.py for tasks to queue
[2025-07-31T22:07:29.597+0000] {logging_mixin.py:188} INFO - [2025-07-31T22:07:29.596+0000] {dagbag.py:545} INFO - Filling up the DagBag from /home/airflow/.local/lib/python3.12/site-packages/airflow/example_dags/example_local_kubernetes_executor.py
[2025-07-31T22:07:29.643+0000] {processor.py:840} INFO - DAG(s) 'example_local_kubernetes_executor' retrieved from /home/airflow/.local/lib/python3.12/site-packages/airflow/example_dags/example_local_kubernetes_executor.py
[2025-07-31T22:07:29.872+0000] {logging_mixin.py:188} INFO - [2025-07-31T22:07:29.871+0000] {dag.py:3096} INFO - Sync 1 DAGs
[2025-07-31T22:07:29.955+0000] {logging_mixin.py:188} INFO - [2025-07-31T22:07:29.954+0000] {dag.py:3954} INFO - Setting next_dagrun for example_local_kubernetes_executor to None, run_after=None
[2025-07-31T22:07:30.073+0000] {processor.py:183} INFO - Processing /home/airflow/.local/lib/python3.12/site-packages/airflow/example_dags/example_local_kubernetes_executor.py took 0.545 seconds
[2025-07-31T22:08:00.897+0000] {processor.py:161} INFO - Started process (PID=12629) to work on /home/airflow/.local/lib/python3.12/site-packages/airflow/example_dags/example_local_kubernetes_executor.py
[2025-07-31T22:08:00.899+0000] {processor.py:830} INFO - Processing file /home/airflow/.local/lib/python3.12/site-packages/airflow/example_dags/example_local_kubernetes_executor.py for tasks to queue
[2025-07-31T22:08:00.900+0000] {logging_mixin.py:188} INFO - [2025-07-31T22:08:00.900+0000] {dagbag.py:545} INFO - Filling up the DagBag from /home/airflow/.local/lib/python3.12/site-packages/airflow/example_dags/example_local_kubernetes_executor.py
[2025-07-31T22:08:00.912+0000] {processor.py:840} INFO - DAG(s) 'example_local_kubernetes_executor' retrieved from /home/airflow/.local/lib/python3.12/site-packages/airflow/example_dags/example_local_kubernetes_executor.py
[2025-07-31T22:08:00.959+0000] {logging_mixin.py:188} INFO - [2025-07-31T22:08:00.959+0000] {dag.py:3096} INFO - Sync 1 DAGs
[2025-07-31T22:08:00.975+0000] {logging_mixin.py:188} INFO - [2025-07-31T22:08:00.974+0000] {dag.py:3954} INFO - Setting next_dagrun for example_local_kubernetes_executor to None, run_after=None
[2025-07-31T22:08:01.002+0000] {processor.py:183} INFO - Processing /home/airflow/.local/lib/python3.12/site-packages/airflow/example_dags/example_local_kubernetes_executor.py took 0.112 seconds
[2025-07-31T22:08:31.256+0000] {processor.py:161} INFO - Started process (PID=12688) to work on /home/airflow/.local/lib/python3.12/site-packages/airflow/example_dags/example_local_kubernetes_executor.py
[2025-07-31T22:08:31.257+0000] {processor.py:830} INFO - Processing file /home/airflow/.local/lib/python3.12/site-packages/airflow/example_dags/example_local_kubernetes_executor.py for tasks to queue
[2025-07-31T22:08:31.258+0000] {logging_mixin.py:188} INFO - [2025-07-31T22:08:31.258+0000] {dagbag.py:545} INFO - Filling up the DagBag from /home/airflow/.local/lib/python3.12/site-packages/airflow/example_dags/example_local_kubernetes_executor.py
[2025-07-31T22:08:31.271+0000] {processor.py:840} INFO - DAG(s) 'example_local_kubernetes_executor' retrieved from /home/airflow/.local/lib/python3.12/site-packages/airflow/example_dags/example_local_kubernetes_executor.py
[2025-07-31T22:08:31.331+0000] {logging_mixin.py:188} INFO - [2025-07-31T22:08:31.331+0000] {dag.py:3096} INFO - Sync 1 DAGs
[2025-07-31T22:08:31.355+0000] {logging_mixin.py:188} INFO - [2025-07-31T22:08:31.354+0000] {dag.py:3954} INFO - Setting next_dagrun for example_local_kubernetes_executor to None, run_after=None
[2025-07-31T22:08:31.389+0000] {processor.py:183} INFO - Processing /home/airflow/.local/lib/python3.12/site-packages/airflow/example_dags/example_local_kubernetes_executor.py took 0.141 seconds
[2025-07-31T22:09:02.049+0000] {processor.py:161} INFO - Started process (PID=12747) to work on /home/airflow/.local/lib/python3.12/site-packages/airflow/example_dags/example_local_kubernetes_executor.py
[2025-07-31T22:09:02.051+0000] {processor.py:830} INFO - Processing file /home/airflow/.local/lib/python3.12/site-packages/airflow/example_dags/example_local_kubernetes_executor.py for tasks to queue
[2025-07-31T22:09:02.053+0000] {logging_mixin.py:188} INFO - [2025-07-31T22:09:02.052+0000] {dagbag.py:545} INFO - Filling up the DagBag from /home/airflow/.local/lib/python3.12/site-packages/airflow/example_dags/example_local_kubernetes_executor.py
[2025-07-31T22:09:02.067+0000] {processor.py:840} INFO - DAG(s) 'example_local_kubernetes_executor' retrieved from /home/airflow/.local/lib/python3.12/site-packages/airflow/example_dags/example_local_kubernetes_executor.py
[2025-07-31T22:09:02.131+0000] {logging_mixin.py:188} INFO - [2025-07-31T22:09:02.131+0000] {dag.py:3096} INFO - Sync 1 DAGs
[2025-07-31T22:09:02.174+0000] {logging_mixin.py:188} INFO - [2025-07-31T22:09:02.174+0000] {dag.py:3954} INFO - Setting next_dagrun for example_local_kubernetes_executor to None, run_after=None
[2025-07-31T22:09:02.224+0000] {processor.py:183} INFO - Processing /home/airflow/.local/lib/python3.12/site-packages/airflow/example_dags/example_local_kubernetes_executor.py took 0.187 seconds
[2025-07-31T22:09:32.531+0000] {processor.py:161} INFO - Started process (PID=12806) to work on /home/airflow/.local/lib/python3.12/site-packages/airflow/example_dags/example_local_kubernetes_executor.py
[2025-07-31T22:09:32.533+0000] {processor.py:830} INFO - Processing file /home/airflow/.local/lib/python3.12/site-packages/airflow/example_dags/example_local_kubernetes_executor.py for tasks to queue
[2025-07-31T22:09:32.535+0000] {logging_mixin.py:188} INFO - [2025-07-31T22:09:32.535+0000] {dagbag.py:545} INFO - Filling up the DagBag from /home/airflow/.local/lib/python3.12/site-packages/airflow/example_dags/example_local_kubernetes_executor.py
[2025-07-31T22:09:32.551+0000] {processor.py:840} INFO - DAG(s) 'example_local_kubernetes_executor' retrieved from /home/airflow/.local/lib/python3.12/site-packages/airflow/example_dags/example_local_kubernetes_executor.py
[2025-07-31T22:09:32.612+0000] {logging_mixin.py:188} INFO - [2025-07-31T22:09:32.612+0000] {dag.py:3096} INFO - Sync 1 DAGs
[2025-07-31T22:09:32.631+0000] {logging_mixin.py:188} INFO - [2025-07-31T22:09:32.631+0000] {dag.py:3954} INFO - Setting next_dagrun for example_local_kubernetes_executor to None, run_after=None
[2025-07-31T22:09:32.662+0000] {processor.py:183} INFO - Processing /home/airflow/.local/lib/python3.12/site-packages/airflow/example_dags/example_local_kubernetes_executor.py took 0.141 seconds
[2025-07-31T22:10:03.359+0000] {processor.py:161} INFO - Started process (PID=12864) to work on /home/airflow/.local/lib/python3.12/site-packages/airflow/example_dags/example_local_kubernetes_executor.py
[2025-07-31T22:10:03.362+0000] {processor.py:830} INFO - Processing file /home/airflow/.local/lib/python3.12/site-packages/airflow/example_dags/example_local_kubernetes_executor.py for tasks to queue
[2025-07-31T22:10:03.365+0000] {logging_mixin.py:188} INFO - [2025-07-31T22:10:03.364+0000] {dagbag.py:545} INFO - Filling up the DagBag from /home/airflow/.local/lib/python3.12/site-packages/airflow/example_dags/example_local_kubernetes_executor.py
[2025-07-31T22:10:03.398+0000] {processor.py:840} INFO - DAG(s) 'example_local_kubernetes_executor' retrieved from /home/airflow/.local/lib/python3.12/site-packages/airflow/example_dags/example_local_kubernetes_executor.py
[2025-07-31T22:10:03.468+0000] {logging_mixin.py:188} INFO - [2025-07-31T22:10:03.467+0000] {dag.py:3096} INFO - Sync 1 DAGs
[2025-07-31T22:10:03.485+0000] {logging_mixin.py:188} INFO - [2025-07-31T22:10:03.484+0000] {dag.py:3954} INFO - Setting next_dagrun for example_local_kubernetes_executor to None, run_after=None
[2025-07-31T22:10:03.511+0000] {processor.py:183} INFO - Processing /home/airflow/.local/lib/python3.12/site-packages/airflow/example_dags/example_local_kubernetes_executor.py took 0.172 seconds
[2025-07-31T22:10:33.627+0000] {processor.py:161} INFO - Started process (PID=12922) to work on /home/airflow/.local/lib/python3.12/site-packages/airflow/example_dags/example_local_kubernetes_executor.py
[2025-07-31T22:10:33.641+0000] {processor.py:830} INFO - Processing file /home/airflow/.local/lib/python3.12/site-packages/airflow/example_dags/example_local_kubernetes_executor.py for tasks to queue
[2025-07-31T22:10:33.645+0000] {logging_mixin.py:188} INFO - [2025-07-31T22:10:33.644+0000] {dagbag.py:545} INFO - Filling up the DagBag from /home/airflow/.local/lib/python3.12/site-packages/airflow/example_dags/example_local_kubernetes_executor.py
[2025-07-31T22:10:33.665+0000] {processor.py:840} INFO - DAG(s) 'example_local_kubernetes_executor' retrieved from /home/airflow/.local/lib/python3.12/site-packages/airflow/example_dags/example_local_kubernetes_executor.py
[2025-07-31T22:10:33.726+0000] {logging_mixin.py:188} INFO - [2025-07-31T22:10:33.726+0000] {dag.py:3096} INFO - Sync 1 DAGs
[2025-07-31T22:10:33.747+0000] {logging_mixin.py:188} INFO - [2025-07-31T22:10:33.747+0000] {dag.py:3954} INFO - Setting next_dagrun for example_local_kubernetes_executor to None, run_after=None
[2025-07-31T22:10:33.777+0000] {processor.py:183} INFO - Processing /home/airflow/.local/lib/python3.12/site-packages/airflow/example_dags/example_local_kubernetes_executor.py took 0.164 seconds
[2025-07-31T22:11:03.965+0000] {processor.py:161} INFO - Started process (PID=12980) to work on /home/airflow/.local/lib/python3.12/site-packages/airflow/example_dags/example_local_kubernetes_executor.py
[2025-07-31T22:11:03.968+0000] {processor.py:830} INFO - Processing file /home/airflow/.local/lib/python3.12/site-packages/airflow/example_dags/example_local_kubernetes_executor.py for tasks to queue
[2025-07-31T22:11:03.970+0000] {logging_mixin.py:188} INFO - [2025-07-31T22:11:03.969+0000] {dagbag.py:545} INFO - Filling up the DagBag from /home/airflow/.local/lib/python3.12/site-packages/airflow/example_dags/example_local_kubernetes_executor.py
[2025-07-31T22:11:03.989+0000] {processor.py:840} INFO - DAG(s) 'example_local_kubernetes_executor' retrieved from /home/airflow/.local/lib/python3.12/site-packages/airflow/example_dags/example_local_kubernetes_executor.py
[2025-07-31T22:11:04.118+0000] {logging_mixin.py:188} INFO - [2025-07-31T22:11:04.118+0000] {dag.py:3096} INFO - Sync 1 DAGs
[2025-07-31T22:11:04.148+0000] {logging_mixin.py:188} INFO - [2025-07-31T22:11:04.148+0000] {dag.py:3954} INFO - Setting next_dagrun for example_local_kubernetes_executor to None, run_after=None
[2025-07-31T22:11:04.239+0000] {processor.py:183} INFO - Processing /home/airflow/.local/lib/python3.12/site-packages/airflow/example_dags/example_local_kubernetes_executor.py took 0.289 seconds
[2025-07-31T22:11:34.376+0000] {processor.py:161} INFO - Started process (PID=13038) to work on /home/airflow/.local/lib/python3.12/site-packages/airflow/example_dags/example_local_kubernetes_executor.py
[2025-07-31T22:11:34.378+0000] {processor.py:830} INFO - Processing file /home/airflow/.local/lib/python3.12/site-packages/airflow/example_dags/example_local_kubernetes_executor.py for tasks to queue
[2025-07-31T22:11:34.380+0000] {logging_mixin.py:188} INFO - [2025-07-31T22:11:34.380+0000] {dagbag.py:545} INFO - Filling up the DagBag from /home/airflow/.local/lib/python3.12/site-packages/airflow/example_dags/example_local_kubernetes_executor.py
[2025-07-31T22:11:34.395+0000] {processor.py:840} INFO - DAG(s) 'example_local_kubernetes_executor' retrieved from /home/airflow/.local/lib/python3.12/site-packages/airflow/example_dags/example_local_kubernetes_executor.py
[2025-07-31T22:11:34.466+0000] {logging_mixin.py:188} INFO - [2025-07-31T22:11:34.465+0000] {dag.py:3096} INFO - Sync 1 DAGs
[2025-07-31T22:11:34.490+0000] {logging_mixin.py:188} INFO - [2025-07-31T22:11:34.489+0000] {dag.py:3954} INFO - Setting next_dagrun for example_local_kubernetes_executor to None, run_after=None
[2025-07-31T22:11:34.526+0000] {processor.py:183} INFO - Processing /home/airflow/.local/lib/python3.12/site-packages/airflow/example_dags/example_local_kubernetes_executor.py took 0.159 seconds
[2025-07-31T22:12:05.122+0000] {processor.py:161} INFO - Started process (PID=13096) to work on /home/airflow/.local/lib/python3.12/site-packages/airflow/example_dags/example_local_kubernetes_executor.py
[2025-07-31T22:12:05.124+0000] {processor.py:830} INFO - Processing file /home/airflow/.local/lib/python3.12/site-packages/airflow/example_dags/example_local_kubernetes_executor.py for tasks to queue
[2025-07-31T22:12:05.127+0000] {logging_mixin.py:188} INFO - [2025-07-31T22:12:05.126+0000] {dagbag.py:545} INFO - Filling up the DagBag from /home/airflow/.local/lib/python3.12/site-packages/airflow/example_dags/example_local_kubernetes_executor.py
[2025-07-31T22:12:05.141+0000] {processor.py:840} INFO - DAG(s) 'example_local_kubernetes_executor' retrieved from /home/airflow/.local/lib/python3.12/site-packages/airflow/example_dags/example_local_kubernetes_executor.py
[2025-07-31T22:12:05.203+0000] {logging_mixin.py:188} INFO - [2025-07-31T22:12:05.202+0000] {dag.py:3096} INFO - Sync 1 DAGs
[2025-07-31T22:12:05.223+0000] {logging_mixin.py:188} INFO - [2025-07-31T22:12:05.222+0000] {dag.py:3954} INFO - Setting next_dagrun for example_local_kubernetes_executor to None, run_after=None
[2025-07-31T22:12:05.253+0000] {processor.py:183} INFO - Processing /home/airflow/.local/lib/python3.12/site-packages/airflow/example_dags/example_local_kubernetes_executor.py took 0.142 seconds
[2025-07-31T22:12:35.398+0000] {processor.py:161} INFO - Started process (PID=13154) to work on /home/airflow/.local/lib/python3.12/site-packages/airflow/example_dags/example_local_kubernetes_executor.py
[2025-07-31T22:12:35.401+0000] {processor.py:830} INFO - Processing file /home/airflow/.local/lib/python3.12/site-packages/airflow/example_dags/example_local_kubernetes_executor.py for tasks to queue
[2025-07-31T22:12:35.402+0000] {logging_mixin.py:188} INFO - [2025-07-31T22:12:35.402+0000] {dagbag.py:545} INFO - Filling up the DagBag from /home/airflow/.local/lib/python3.12/site-packages/airflow/example_dags/example_local_kubernetes_executor.py
[2025-07-31T22:12:35.414+0000] {processor.py:840} INFO - DAG(s) 'example_local_kubernetes_executor' retrieved from /home/airflow/.local/lib/python3.12/site-packages/airflow/example_dags/example_local_kubernetes_executor.py
[2025-07-31T22:12:35.473+0000] {logging_mixin.py:188} INFO - [2025-07-31T22:12:35.473+0000] {dag.py:3096} INFO - Sync 1 DAGs
[2025-07-31T22:12:35.494+0000] {logging_mixin.py:188} INFO - [2025-07-31T22:12:35.494+0000] {dag.py:3954} INFO - Setting next_dagrun for example_local_kubernetes_executor to None, run_after=None
[2025-07-31T22:12:35.522+0000] {processor.py:183} INFO - Processing /home/airflow/.local/lib/python3.12/site-packages/airflow/example_dags/example_local_kubernetes_executor.py took 0.132 seconds
[2025-07-31T22:13:05.866+0000] {processor.py:161} INFO - Started process (PID=13212) to work on /home/airflow/.local/lib/python3.12/site-packages/airflow/example_dags/example_local_kubernetes_executor.py
[2025-07-31T22:13:05.868+0000] {processor.py:830} INFO - Processing file /home/airflow/.local/lib/python3.12/site-packages/airflow/example_dags/example_local_kubernetes_executor.py for tasks to queue
[2025-07-31T22:13:05.870+0000] {logging_mixin.py:188} INFO - [2025-07-31T22:13:05.869+0000] {dagbag.py:545} INFO - Filling up the DagBag from /home/airflow/.local/lib/python3.12/site-packages/airflow/example_dags/example_local_kubernetes_executor.py
[2025-07-31T22:13:05.885+0000] {processor.py:840} INFO - DAG(s) 'example_local_kubernetes_executor' retrieved from /home/airflow/.local/lib/python3.12/site-packages/airflow/example_dags/example_local_kubernetes_executor.py
[2025-07-31T22:13:05.952+0000] {logging_mixin.py:188} INFO - [2025-07-31T22:13:05.952+0000] {dag.py:3096} INFO - Sync 1 DAGs
[2025-07-31T22:13:05.973+0000] {logging_mixin.py:188} INFO - [2025-07-31T22:13:05.972+0000] {dag.py:3954} INFO - Setting next_dagrun for example_local_kubernetes_executor to None, run_after=None
[2025-07-31T22:13:06.004+0000] {processor.py:183} INFO - Processing /home/airflow/.local/lib/python3.12/site-packages/airflow/example_dags/example_local_kubernetes_executor.py took 0.147 seconds
[2025-07-31T22:13:36.336+0000] {processor.py:161} INFO - Started process (PID=13271) to work on /home/airflow/.local/lib/python3.12/site-packages/airflow/example_dags/example_local_kubernetes_executor.py
[2025-07-31T22:13:36.337+0000] {processor.py:830} INFO - Processing file /home/airflow/.local/lib/python3.12/site-packages/airflow/example_dags/example_local_kubernetes_executor.py for tasks to queue
[2025-07-31T22:13:36.339+0000] {logging_mixin.py:188} INFO - [2025-07-31T22:13:36.339+0000] {dagbag.py:545} INFO - Filling up the DagBag from /home/airflow/.local/lib/python3.12/site-packages/airflow/example_dags/example_local_kubernetes_executor.py
[2025-07-31T22:13:36.350+0000] {processor.py:840} INFO - DAG(s) 'example_local_kubernetes_executor' retrieved from /home/airflow/.local/lib/python3.12/site-packages/airflow/example_dags/example_local_kubernetes_executor.py
[2025-07-31T22:13:36.425+0000] {logging_mixin.py:188} INFO - [2025-07-31T22:13:36.424+0000] {dag.py:3096} INFO - Sync 1 DAGs
[2025-07-31T22:13:36.446+0000] {logging_mixin.py:188} INFO - [2025-07-31T22:13:36.446+0000] {dag.py:3954} INFO - Setting next_dagrun for example_local_kubernetes_executor to None, run_after=None
[2025-07-31T22:13:36.483+0000] {processor.py:183} INFO - Processing /home/airflow/.local/lib/python3.12/site-packages/airflow/example_dags/example_local_kubernetes_executor.py took 0.158 seconds
[2025-07-31T22:14:06.897+0000] {processor.py:161} INFO - Started process (PID=13329) to work on /home/airflow/.local/lib/python3.12/site-packages/airflow/example_dags/example_local_kubernetes_executor.py
[2025-07-31T22:14:06.898+0000] {processor.py:830} INFO - Processing file /home/airflow/.local/lib/python3.12/site-packages/airflow/example_dags/example_local_kubernetes_executor.py for tasks to queue
[2025-07-31T22:14:06.900+0000] {logging_mixin.py:188} INFO - [2025-07-31T22:14:06.899+0000] {dagbag.py:545} INFO - Filling up the DagBag from /home/airflow/.local/lib/python3.12/site-packages/airflow/example_dags/example_local_kubernetes_executor.py
[2025-07-31T22:14:06.913+0000] {processor.py:840} INFO - DAG(s) 'example_local_kubernetes_executor' retrieved from /home/airflow/.local/lib/python3.12/site-packages/airflow/example_dags/example_local_kubernetes_executor.py
[2025-07-31T22:14:06.981+0000] {logging_mixin.py:188} INFO - [2025-07-31T22:14:06.980+0000] {dag.py:3096} INFO - Sync 1 DAGs
[2025-07-31T22:14:07.006+0000] {logging_mixin.py:188} INFO - [2025-07-31T22:14:07.006+0000] {dag.py:3954} INFO - Setting next_dagrun for example_local_kubernetes_executor to None, run_after=None
[2025-07-31T22:14:07.048+0000] {processor.py:183} INFO - Processing /home/airflow/.local/lib/python3.12/site-packages/airflow/example_dags/example_local_kubernetes_executor.py took 0.162 seconds
[2025-07-31T22:14:37.483+0000] {processor.py:161} INFO - Started process (PID=13387) to work on /home/airflow/.local/lib/python3.12/site-packages/airflow/example_dags/example_local_kubernetes_executor.py
[2025-07-31T22:14:37.485+0000] {processor.py:830} INFO - Processing file /home/airflow/.local/lib/python3.12/site-packages/airflow/example_dags/example_local_kubernetes_executor.py for tasks to queue
[2025-07-31T22:14:37.487+0000] {logging_mixin.py:188} INFO - [2025-07-31T22:14:37.486+0000] {dagbag.py:545} INFO - Filling up the DagBag from /home/airflow/.local/lib/python3.12/site-packages/airflow/example_dags/example_local_kubernetes_executor.py
[2025-07-31T22:14:37.499+0000] {processor.py:840} INFO - DAG(s) 'example_local_kubernetes_executor' retrieved from /home/airflow/.local/lib/python3.12/site-packages/airflow/example_dags/example_local_kubernetes_executor.py
[2025-07-31T22:14:37.561+0000] {logging_mixin.py:188} INFO - [2025-07-31T22:14:37.561+0000] {dag.py:3096} INFO - Sync 1 DAGs
[2025-07-31T22:14:37.579+0000] {logging_mixin.py:188} INFO - [2025-07-31T22:14:37.579+0000] {dag.py:3954} INFO - Setting next_dagrun for example_local_kubernetes_executor to None, run_after=None
[2025-07-31T22:14:37.614+0000] {processor.py:183} INFO - Processing /home/airflow/.local/lib/python3.12/site-packages/airflow/example_dags/example_local_kubernetes_executor.py took 0.140 seconds
[2025-07-31T22:15:08.046+0000] {processor.py:161} INFO - Started process (PID=13445) to work on /home/airflow/.local/lib/python3.12/site-packages/airflow/example_dags/example_local_kubernetes_executor.py
[2025-07-31T22:15:08.049+0000] {processor.py:830} INFO - Processing file /home/airflow/.local/lib/python3.12/site-packages/airflow/example_dags/example_local_kubernetes_executor.py for tasks to queue
[2025-07-31T22:15:08.050+0000] {logging_mixin.py:188} INFO - [2025-07-31T22:15:08.050+0000] {dagbag.py:545} INFO - Filling up the DagBag from /home/airflow/.local/lib/python3.12/site-packages/airflow/example_dags/example_local_kubernetes_executor.py
[2025-07-31T22:15:08.064+0000] {processor.py:840} INFO - DAG(s) 'example_local_kubernetes_executor' retrieved from /home/airflow/.local/lib/python3.12/site-packages/airflow/example_dags/example_local_kubernetes_executor.py
[2025-07-31T22:15:08.130+0000] {logging_mixin.py:188} INFO - [2025-07-31T22:15:08.130+0000] {dag.py:3096} INFO - Sync 1 DAGs
[2025-07-31T22:15:08.149+0000] {logging_mixin.py:188} INFO - [2025-07-31T22:15:08.148+0000] {dag.py:3954} INFO - Setting next_dagrun for example_local_kubernetes_executor to None, run_after=None
[2025-07-31T22:15:08.188+0000] {processor.py:183} INFO - Processing /home/airflow/.local/lib/python3.12/site-packages/airflow/example_dags/example_local_kubernetes_executor.py took 0.155 seconds
[2025-07-31T22:15:38.539+0000] {processor.py:161} INFO - Started process (PID=13504) to work on /home/airflow/.local/lib/python3.12/site-packages/airflow/example_dags/example_local_kubernetes_executor.py
[2025-07-31T22:15:38.541+0000] {processor.py:830} INFO - Processing file /home/airflow/.local/lib/python3.12/site-packages/airflow/example_dags/example_local_kubernetes_executor.py for tasks to queue
[2025-07-31T22:15:38.543+0000] {logging_mixin.py:188} INFO - [2025-07-31T22:15:38.542+0000] {dagbag.py:545} INFO - Filling up the DagBag from /home/airflow/.local/lib/python3.12/site-packages/airflow/example_dags/example_local_kubernetes_executor.py
[2025-07-31T22:15:38.562+0000] {processor.py:840} INFO - DAG(s) 'example_local_kubernetes_executor' retrieved from /home/airflow/.local/lib/python3.12/site-packages/airflow/example_dags/example_local_kubernetes_executor.py
[2025-07-31T22:15:38.639+0000] {logging_mixin.py:188} INFO - [2025-07-31T22:15:38.638+0000] {dag.py:3096} INFO - Sync 1 DAGs
[2025-07-31T22:15:38.662+0000] {logging_mixin.py:188} INFO - [2025-07-31T22:15:38.661+0000] {dag.py:3954} INFO - Setting next_dagrun for example_local_kubernetes_executor to None, run_after=None
[2025-07-31T22:15:38.702+0000] {processor.py:183} INFO - Processing /home/airflow/.local/lib/python3.12/site-packages/airflow/example_dags/example_local_kubernetes_executor.py took 0.173 seconds
[2025-07-31T22:16:09.335+0000] {processor.py:161} INFO - Started process (PID=13562) to work on /home/airflow/.local/lib/python3.12/site-packages/airflow/example_dags/example_local_kubernetes_executor.py
[2025-07-31T22:16:09.338+0000] {processor.py:830} INFO - Processing file /home/airflow/.local/lib/python3.12/site-packages/airflow/example_dags/example_local_kubernetes_executor.py for tasks to queue
[2025-07-31T22:16:09.339+0000] {logging_mixin.py:188} INFO - [2025-07-31T22:16:09.339+0000] {dagbag.py:545} INFO - Filling up the DagBag from /home/airflow/.local/lib/python3.12/site-packages/airflow/example_dags/example_local_kubernetes_executor.py
[2025-07-31T22:16:09.354+0000] {processor.py:840} INFO - DAG(s) 'example_local_kubernetes_executor' retrieved from /home/airflow/.local/lib/python3.12/site-packages/airflow/example_dags/example_local_kubernetes_executor.py
[2025-07-31T22:16:09.429+0000] {logging_mixin.py:188} INFO - [2025-07-31T22:16:09.428+0000] {dag.py:3096} INFO - Sync 1 DAGs
[2025-07-31T22:16:09.453+0000] {logging_mixin.py:188} INFO - [2025-07-31T22:16:09.453+0000] {dag.py:3954} INFO - Setting next_dagrun for example_local_kubernetes_executor to None, run_after=None
[2025-07-31T22:16:09.489+0000] {processor.py:183} INFO - Processing /home/airflow/.local/lib/python3.12/site-packages/airflow/example_dags/example_local_kubernetes_executor.py took 0.164 seconds
[2025-07-31T22:16:40.028+0000] {processor.py:161} INFO - Started process (PID=13620) to work on /home/airflow/.local/lib/python3.12/site-packages/airflow/example_dags/example_local_kubernetes_executor.py
[2025-07-31T22:16:40.030+0000] {processor.py:830} INFO - Processing file /home/airflow/.local/lib/python3.12/site-packages/airflow/example_dags/example_local_kubernetes_executor.py for tasks to queue
[2025-07-31T22:16:40.032+0000] {logging_mixin.py:188} INFO - [2025-07-31T22:16:40.031+0000] {dagbag.py:545} INFO - Filling up the DagBag from /home/airflow/.local/lib/python3.12/site-packages/airflow/example_dags/example_local_kubernetes_executor.py
[2025-07-31T22:16:40.043+0000] {processor.py:840} INFO - DAG(s) 'example_local_kubernetes_executor' retrieved from /home/airflow/.local/lib/python3.12/site-packages/airflow/example_dags/example_local_kubernetes_executor.py
[2025-07-31T22:16:40.100+0000] {logging_mixin.py:188} INFO - [2025-07-31T22:16:40.100+0000] {dag.py:3096} INFO - Sync 1 DAGs
[2025-07-31T22:16:40.118+0000] {logging_mixin.py:188} INFO - [2025-07-31T22:16:40.118+0000] {dag.py:3954} INFO - Setting next_dagrun for example_local_kubernetes_executor to None, run_after=None
[2025-07-31T22:16:40.153+0000] {processor.py:183} INFO - Processing /home/airflow/.local/lib/python3.12/site-packages/airflow/example_dags/example_local_kubernetes_executor.py took 0.133 seconds
[2025-07-31T22:17:10.344+0000] {processor.py:161} INFO - Started process (PID=13678) to work on /home/airflow/.local/lib/python3.12/site-packages/airflow/example_dags/example_local_kubernetes_executor.py
[2025-07-31T22:17:10.346+0000] {processor.py:830} INFO - Processing file /home/airflow/.local/lib/python3.12/site-packages/airflow/example_dags/example_local_kubernetes_executor.py for tasks to queue
[2025-07-31T22:17:10.347+0000] {logging_mixin.py:188} INFO - [2025-07-31T22:17:10.347+0000] {dagbag.py:545} INFO - Filling up the DagBag from /home/airflow/.local/lib/python3.12/site-packages/airflow/example_dags/example_local_kubernetes_executor.py
[2025-07-31T22:17:10.361+0000] {processor.py:840} INFO - DAG(s) 'example_local_kubernetes_executor' retrieved from /home/airflow/.local/lib/python3.12/site-packages/airflow/example_dags/example_local_kubernetes_executor.py
[2025-07-31T22:17:10.425+0000] {logging_mixin.py:188} INFO - [2025-07-31T22:17:10.425+0000] {dag.py:3096} INFO - Sync 1 DAGs
[2025-07-31T22:17:10.450+0000] {logging_mixin.py:188} INFO - [2025-07-31T22:17:10.449+0000] {dag.py:3954} INFO - Setting next_dagrun for example_local_kubernetes_executor to None, run_after=None
[2025-07-31T22:17:10.483+0000] {processor.py:183} INFO - Processing /home/airflow/.local/lib/python3.12/site-packages/airflow/example_dags/example_local_kubernetes_executor.py took 0.153 seconds
[2025-07-31T22:17:41.475+0000] {processor.py:161} INFO - Started process (PID=13736) to work on /home/airflow/.local/lib/python3.12/site-packages/airflow/example_dags/example_local_kubernetes_executor.py
[2025-07-31T22:17:41.481+0000] {processor.py:830} INFO - Processing file /home/airflow/.local/lib/python3.12/site-packages/airflow/example_dags/example_local_kubernetes_executor.py for tasks to queue
[2025-07-31T22:17:41.483+0000] {logging_mixin.py:188} INFO - [2025-07-31T22:17:41.482+0000] {dagbag.py:545} INFO - Filling up the DagBag from /home/airflow/.local/lib/python3.12/site-packages/airflow/example_dags/example_local_kubernetes_executor.py
[2025-07-31T22:17:41.498+0000] {processor.py:840} INFO - DAG(s) 'example_local_kubernetes_executor' retrieved from /home/airflow/.local/lib/python3.12/site-packages/airflow/example_dags/example_local_kubernetes_executor.py
[2025-07-31T22:17:41.567+0000] {logging_mixin.py:188} INFO - [2025-07-31T22:17:41.566+0000] {dag.py:3096} INFO - Sync 1 DAGs
[2025-07-31T22:17:41.593+0000] {logging_mixin.py:188} INFO - [2025-07-31T22:17:41.593+0000] {dag.py:3954} INFO - Setting next_dagrun for example_local_kubernetes_executor to None, run_after=None
[2025-07-31T22:17:41.626+0000] {processor.py:183} INFO - Processing /home/airflow/.local/lib/python3.12/site-packages/airflow/example_dags/example_local_kubernetes_executor.py took 0.164 seconds
