[2025-07-31T03:25:15.864+0000] {processor.py:161} INFO - Started process (PID=12562) to work on /home/airflow/.local/lib/python3.12/site-packages/airflow/example_dags/example_sensor_decorator.py
[2025-07-31T03:25:15.865+0000] {processor.py:830} INFO - Processing file /home/airflow/.local/lib/python3.12/site-packages/airflow/example_dags/example_sensor_decorator.py for tasks to queue
[2025-07-31T03:25:15.867+0000] {logging_mixin.py:188} INFO - [2025-07-31T03:25:15.866+0000] {dagbag.py:545} INFO - Filling up the DagBag from /home/airflow/.local/lib/python3.12/site-packages/airflow/example_dags/example_sensor_decorator.py
[2025-07-31T03:25:15.875+0000] {processor.py:840} INFO - DAG(s) 'example_sensor_decorator' retrieved from /home/airflow/.local/lib/python3.12/site-packages/airflow/example_dags/example_sensor_decorator.py
[2025-07-31T03:25:15.907+0000] {logging_mixin.py:188} INFO - [2025-07-31T03:25:15.907+0000] {dag.py:3096} INFO - Sync 1 DAGs
[2025-07-31T03:25:15.925+0000] {logging_mixin.py:188} INFO - [2025-07-31T03:25:15.925+0000] {dag.py:3954} INFO - Setting next_dagrun for example_sensor_decorator to None, run_after=None
[2025-07-31T03:25:15.953+0000] {processor.py:183} INFO - Processing /home/airflow/.local/lib/python3.12/site-packages/airflow/example_dags/example_sensor_decorator.py took 0.096 seconds
[2025-07-31T22:07:36.496+0000] {processor.py:161} INFO - Started process (PID=12595) to work on /home/airflow/.local/lib/python3.12/site-packages/airflow/example_dags/example_sensor_decorator.py
[2025-07-31T22:07:36.499+0000] {processor.py:830} INFO - Processing file /home/airflow/.local/lib/python3.12/site-packages/airflow/example_dags/example_sensor_decorator.py for tasks to queue
[2025-07-31T22:07:36.502+0000] {logging_mixin.py:188} INFO - [2025-07-31T22:07:36.501+0000] {dagbag.py:545} INFO - Filling up the DagBag from /home/airflow/.local/lib/python3.12/site-packages/airflow/example_dags/example_sensor_decorator.py
[2025-07-31T22:07:36.529+0000] {processor.py:840} INFO - DAG(s) 'example_sensor_decorator' retrieved from /home/airflow/.local/lib/python3.12/site-packages/airflow/example_dags/example_sensor_decorator.py
[2025-07-31T22:07:36.608+0000] {logging_mixin.py:188} INFO - [2025-07-31T22:07:36.607+0000] {dag.py:3096} INFO - Sync 1 DAGs
[2025-07-31T22:07:36.655+0000] {logging_mixin.py:188} INFO - [2025-07-31T22:07:36.655+0000] {dag.py:3954} INFO - Setting next_dagrun for example_sensor_decorator to None, run_after=None
[2025-07-31T22:07:36.737+0000] {processor.py:183} INFO - Processing /home/airflow/.local/lib/python3.12/site-packages/airflow/example_dags/example_sensor_decorator.py took 0.260 seconds
[2025-07-31T22:08:07.405+0000] {processor.py:161} INFO - Started process (PID=12653) to work on /home/airflow/.local/lib/python3.12/site-packages/airflow/example_dags/example_sensor_decorator.py
[2025-07-31T22:08:07.406+0000] {processor.py:830} INFO - Processing file /home/airflow/.local/lib/python3.12/site-packages/airflow/example_dags/example_sensor_decorator.py for tasks to queue
[2025-07-31T22:08:07.407+0000] {logging_mixin.py:188} INFO - [2025-07-31T22:08:07.407+0000] {dagbag.py:545} INFO - Filling up the DagBag from /home/airflow/.local/lib/python3.12/site-packages/airflow/example_dags/example_sensor_decorator.py
[2025-07-31T22:08:07.415+0000] {processor.py:840} INFO - DAG(s) 'example_sensor_decorator' retrieved from /home/airflow/.local/lib/python3.12/site-packages/airflow/example_dags/example_sensor_decorator.py
[2025-07-31T22:08:07.443+0000] {logging_mixin.py:188} INFO - [2025-07-31T22:08:07.443+0000] {dag.py:3096} INFO - Sync 1 DAGs
[2025-07-31T22:08:07.458+0000] {logging_mixin.py:188} INFO - [2025-07-31T22:08:07.457+0000] {dag.py:3954} INFO - Setting next_dagrun for example_sensor_decorator to None, run_after=None
[2025-07-31T22:08:07.482+0000] {processor.py:183} INFO - Processing /home/airflow/.local/lib/python3.12/site-packages/airflow/example_dags/example_sensor_decorator.py took 0.084 seconds
[2025-07-31T22:08:37.670+0000] {processor.py:161} INFO - Started process (PID=12712) to work on /home/airflow/.local/lib/python3.12/site-packages/airflow/example_dags/example_sensor_decorator.py
[2025-07-31T22:08:37.671+0000] {processor.py:830} INFO - Processing file /home/airflow/.local/lib/python3.12/site-packages/airflow/example_dags/example_sensor_decorator.py for tasks to queue
[2025-07-31T22:08:37.672+0000] {logging_mixin.py:188} INFO - [2025-07-31T22:08:37.672+0000] {dagbag.py:545} INFO - Filling up the DagBag from /home/airflow/.local/lib/python3.12/site-packages/airflow/example_dags/example_sensor_decorator.py
[2025-07-31T22:08:37.680+0000] {processor.py:840} INFO - DAG(s) 'example_sensor_decorator' retrieved from /home/airflow/.local/lib/python3.12/site-packages/airflow/example_dags/example_sensor_decorator.py
[2025-07-31T22:08:37.706+0000] {logging_mixin.py:188} INFO - [2025-07-31T22:08:37.706+0000] {dag.py:3096} INFO - Sync 1 DAGs
[2025-07-31T22:08:37.721+0000] {logging_mixin.py:188} INFO - [2025-07-31T22:08:37.720+0000] {dag.py:3954} INFO - Setting next_dagrun for example_sensor_decorator to None, run_after=None
[2025-07-31T22:08:37.746+0000] {processor.py:183} INFO - Processing /home/airflow/.local/lib/python3.12/site-packages/airflow/example_dags/example_sensor_decorator.py took 0.083 seconds
[2025-07-31T22:09:08.046+0000] {processor.py:161} INFO - Started process (PID=12771) to work on /home/airflow/.local/lib/python3.12/site-packages/airflow/example_dags/example_sensor_decorator.py
[2025-07-31T22:09:08.047+0000] {processor.py:830} INFO - Processing file /home/airflow/.local/lib/python3.12/site-packages/airflow/example_dags/example_sensor_decorator.py for tasks to queue
[2025-07-31T22:09:08.049+0000] {logging_mixin.py:188} INFO - [2025-07-31T22:09:08.048+0000] {dagbag.py:545} INFO - Filling up the DagBag from /home/airflow/.local/lib/python3.12/site-packages/airflow/example_dags/example_sensor_decorator.py
[2025-07-31T22:09:08.060+0000] {processor.py:840} INFO - DAG(s) 'example_sensor_decorator' retrieved from /home/airflow/.local/lib/python3.12/site-packages/airflow/example_dags/example_sensor_decorator.py
[2025-07-31T22:09:08.095+0000] {logging_mixin.py:188} INFO - [2025-07-31T22:09:08.095+0000] {dag.py:3096} INFO - Sync 1 DAGs
[2025-07-31T22:09:08.117+0000] {logging_mixin.py:188} INFO - [2025-07-31T22:09:08.116+0000] {dag.py:3954} INFO - Setting next_dagrun for example_sensor_decorator to None, run_after=None
[2025-07-31T22:09:08.147+0000] {processor.py:183} INFO - Processing /home/airflow/.local/lib/python3.12/site-packages/airflow/example_dags/example_sensor_decorator.py took 0.111 seconds
[2025-07-31T22:09:38.458+0000] {processor.py:161} INFO - Started process (PID=12830) to work on /home/airflow/.local/lib/python3.12/site-packages/airflow/example_dags/example_sensor_decorator.py
[2025-07-31T22:09:38.460+0000] {processor.py:830} INFO - Processing file /home/airflow/.local/lib/python3.12/site-packages/airflow/example_dags/example_sensor_decorator.py for tasks to queue
[2025-07-31T22:09:38.462+0000] {logging_mixin.py:188} INFO - [2025-07-31T22:09:38.461+0000] {dagbag.py:545} INFO - Filling up the DagBag from /home/airflow/.local/lib/python3.12/site-packages/airflow/example_dags/example_sensor_decorator.py
[2025-07-31T22:09:38.472+0000] {processor.py:840} INFO - DAG(s) 'example_sensor_decorator' retrieved from /home/airflow/.local/lib/python3.12/site-packages/airflow/example_dags/example_sensor_decorator.py
[2025-07-31T22:09:38.506+0000] {logging_mixin.py:188} INFO - [2025-07-31T22:09:38.506+0000] {dag.py:3096} INFO - Sync 1 DAGs
[2025-07-31T22:09:38.525+0000] {logging_mixin.py:188} INFO - [2025-07-31T22:09:38.525+0000] {dag.py:3954} INFO - Setting next_dagrun for example_sensor_decorator to None, run_after=None
[2025-07-31T22:09:38.569+0000] {processor.py:183} INFO - Processing /home/airflow/.local/lib/python3.12/site-packages/airflow/example_dags/example_sensor_decorator.py took 0.121 seconds
[2025-07-31T22:10:09.542+0000] {processor.py:161} INFO - Started process (PID=12888) to work on /home/airflow/.local/lib/python3.12/site-packages/airflow/example_dags/example_sensor_decorator.py
[2025-07-31T22:10:09.544+0000] {processor.py:830} INFO - Processing file /home/airflow/.local/lib/python3.12/site-packages/airflow/example_dags/example_sensor_decorator.py for tasks to queue
[2025-07-31T22:10:09.546+0000] {logging_mixin.py:188} INFO - [2025-07-31T22:10:09.546+0000] {dagbag.py:545} INFO - Filling up the DagBag from /home/airflow/.local/lib/python3.12/site-packages/airflow/example_dags/example_sensor_decorator.py
[2025-07-31T22:10:09.558+0000] {processor.py:840} INFO - DAG(s) 'example_sensor_decorator' retrieved from /home/airflow/.local/lib/python3.12/site-packages/airflow/example_dags/example_sensor_decorator.py
[2025-07-31T22:10:09.609+0000] {logging_mixin.py:188} INFO - [2025-07-31T22:10:09.609+0000] {dag.py:3096} INFO - Sync 1 DAGs
[2025-07-31T22:10:09.641+0000] {logging_mixin.py:188} INFO - [2025-07-31T22:10:09.641+0000] {dag.py:3954} INFO - Setting next_dagrun for example_sensor_decorator to None, run_after=None
[2025-07-31T22:10:09.694+0000] {processor.py:183} INFO - Processing /home/airflow/.local/lib/python3.12/site-packages/airflow/example_dags/example_sensor_decorator.py took 0.163 seconds
[2025-07-31T22:10:39.777+0000] {processor.py:161} INFO - Started process (PID=12946) to work on /home/airflow/.local/lib/python3.12/site-packages/airflow/example_dags/example_sensor_decorator.py
[2025-07-31T22:10:39.779+0000] {processor.py:830} INFO - Processing file /home/airflow/.local/lib/python3.12/site-packages/airflow/example_dags/example_sensor_decorator.py for tasks to queue
[2025-07-31T22:10:39.781+0000] {logging_mixin.py:188} INFO - [2025-07-31T22:10:39.780+0000] {dagbag.py:545} INFO - Filling up the DagBag from /home/airflow/.local/lib/python3.12/site-packages/airflow/example_dags/example_sensor_decorator.py
[2025-07-31T22:10:39.794+0000] {processor.py:840} INFO - DAG(s) 'example_sensor_decorator' retrieved from /home/airflow/.local/lib/python3.12/site-packages/airflow/example_dags/example_sensor_decorator.py
[2025-07-31T22:10:39.842+0000] {logging_mixin.py:188} INFO - [2025-07-31T22:10:39.842+0000] {dag.py:3096} INFO - Sync 1 DAGs
[2025-07-31T22:10:39.864+0000] {logging_mixin.py:188} INFO - [2025-07-31T22:10:39.863+0000] {dag.py:3954} INFO - Setting next_dagrun for example_sensor_decorator to None, run_after=None
[2025-07-31T22:10:39.896+0000] {processor.py:183} INFO - Processing /home/airflow/.local/lib/python3.12/site-packages/airflow/example_dags/example_sensor_decorator.py took 0.129 seconds
[2025-07-31T22:11:09.984+0000] {processor.py:161} INFO - Started process (PID=13004) to work on /home/airflow/.local/lib/python3.12/site-packages/airflow/example_dags/example_sensor_decorator.py
[2025-07-31T22:11:09.986+0000] {processor.py:830} INFO - Processing file /home/airflow/.local/lib/python3.12/site-packages/airflow/example_dags/example_sensor_decorator.py for tasks to queue
[2025-07-31T22:11:09.987+0000] {logging_mixin.py:188} INFO - [2025-07-31T22:11:09.987+0000] {dagbag.py:545} INFO - Filling up the DagBag from /home/airflow/.local/lib/python3.12/site-packages/airflow/example_dags/example_sensor_decorator.py
[2025-07-31T22:11:09.997+0000] {processor.py:840} INFO - DAG(s) 'example_sensor_decorator' retrieved from /home/airflow/.local/lib/python3.12/site-packages/airflow/example_dags/example_sensor_decorator.py
[2025-07-31T22:11:10.031+0000] {logging_mixin.py:188} INFO - [2025-07-31T22:11:10.031+0000] {dag.py:3096} INFO - Sync 1 DAGs
[2025-07-31T22:11:10.050+0000] {logging_mixin.py:188} INFO - [2025-07-31T22:11:10.050+0000] {dag.py:3954} INFO - Setting next_dagrun for example_sensor_decorator to None, run_after=None
[2025-07-31T22:11:10.079+0000] {processor.py:183} INFO - Processing /home/airflow/.local/lib/python3.12/site-packages/airflow/example_dags/example_sensor_decorator.py took 0.104 seconds
[2025-07-31T22:11:40.142+0000] {processor.py:161} INFO - Started process (PID=13061) to work on /home/airflow/.local/lib/python3.12/site-packages/airflow/example_dags/example_sensor_decorator.py
[2025-07-31T22:11:40.144+0000] {processor.py:830} INFO - Processing file /home/airflow/.local/lib/python3.12/site-packages/airflow/example_dags/example_sensor_decorator.py for tasks to queue
[2025-07-31T22:11:40.145+0000] {logging_mixin.py:188} INFO - [2025-07-31T22:11:40.145+0000] {dagbag.py:545} INFO - Filling up the DagBag from /home/airflow/.local/lib/python3.12/site-packages/airflow/example_dags/example_sensor_decorator.py
[2025-07-31T22:11:40.155+0000] {processor.py:840} INFO - DAG(s) 'example_sensor_decorator' retrieved from /home/airflow/.local/lib/python3.12/site-packages/airflow/example_dags/example_sensor_decorator.py
[2025-07-31T22:11:40.188+0000] {logging_mixin.py:188} INFO - [2025-07-31T22:11:40.188+0000] {dag.py:3096} INFO - Sync 1 DAGs
[2025-07-31T22:11:40.207+0000] {logging_mixin.py:188} INFO - [2025-07-31T22:11:40.206+0000] {dag.py:3954} INFO - Setting next_dagrun for example_sensor_decorator to None, run_after=None
[2025-07-31T22:11:40.235+0000] {processor.py:183} INFO - Processing /home/airflow/.local/lib/python3.12/site-packages/airflow/example_dags/example_sensor_decorator.py took 0.102 seconds
[2025-07-31T22:12:10.583+0000] {processor.py:161} INFO - Started process (PID=13119) to work on /home/airflow/.local/lib/python3.12/site-packages/airflow/example_dags/example_sensor_decorator.py
[2025-07-31T22:12:10.585+0000] {processor.py:830} INFO - Processing file /home/airflow/.local/lib/python3.12/site-packages/airflow/example_dags/example_sensor_decorator.py for tasks to queue
[2025-07-31T22:12:10.587+0000] {logging_mixin.py:188} INFO - [2025-07-31T22:12:10.587+0000] {dagbag.py:545} INFO - Filling up the DagBag from /home/airflow/.local/lib/python3.12/site-packages/airflow/example_dags/example_sensor_decorator.py
[2025-07-31T22:12:10.600+0000] {processor.py:840} INFO - DAG(s) 'example_sensor_decorator' retrieved from /home/airflow/.local/lib/python3.12/site-packages/airflow/example_dags/example_sensor_decorator.py
[2025-07-31T22:12:10.645+0000] {logging_mixin.py:188} INFO - [2025-07-31T22:12:10.645+0000] {dag.py:3096} INFO - Sync 1 DAGs
[2025-07-31T22:12:10.668+0000] {logging_mixin.py:188} INFO - [2025-07-31T22:12:10.667+0000] {dag.py:3954} INFO - Setting next_dagrun for example_sensor_decorator to None, run_after=None
[2025-07-31T22:12:10.706+0000] {processor.py:183} INFO - Processing /home/airflow/.local/lib/python3.12/site-packages/airflow/example_dags/example_sensor_decorator.py took 0.135 seconds
[2025-07-31T22:12:40.902+0000] {processor.py:161} INFO - Started process (PID=13177) to work on /home/airflow/.local/lib/python3.12/site-packages/airflow/example_dags/example_sensor_decorator.py
[2025-07-31T22:12:40.904+0000] {processor.py:830} INFO - Processing file /home/airflow/.local/lib/python3.12/site-packages/airflow/example_dags/example_sensor_decorator.py for tasks to queue
[2025-07-31T22:12:40.906+0000] {logging_mixin.py:188} INFO - [2025-07-31T22:12:40.905+0000] {dagbag.py:545} INFO - Filling up the DagBag from /home/airflow/.local/lib/python3.12/site-packages/airflow/example_dags/example_sensor_decorator.py
[2025-07-31T22:12:40.916+0000] {processor.py:840} INFO - DAG(s) 'example_sensor_decorator' retrieved from /home/airflow/.local/lib/python3.12/site-packages/airflow/example_dags/example_sensor_decorator.py
[2025-07-31T22:12:40.950+0000] {logging_mixin.py:188} INFO - [2025-07-31T22:12:40.950+0000] {dag.py:3096} INFO - Sync 1 DAGs
[2025-07-31T22:12:40.970+0000] {logging_mixin.py:188} INFO - [2025-07-31T22:12:40.970+0000] {dag.py:3954} INFO - Setting next_dagrun for example_sensor_decorator to None, run_after=None
[2025-07-31T22:12:41.003+0000] {processor.py:183} INFO - Processing /home/airflow/.local/lib/python3.12/site-packages/airflow/example_dags/example_sensor_decorator.py took 0.111 seconds
[2025-07-31T22:13:11.470+0000] {processor.py:161} INFO - Started process (PID=13235) to work on /home/airflow/.local/lib/python3.12/site-packages/airflow/example_dags/example_sensor_decorator.py
[2025-07-31T22:13:11.472+0000] {processor.py:830} INFO - Processing file /home/airflow/.local/lib/python3.12/site-packages/airflow/example_dags/example_sensor_decorator.py for tasks to queue
[2025-07-31T22:13:11.474+0000] {logging_mixin.py:188} INFO - [2025-07-31T22:13:11.473+0000] {dagbag.py:545} INFO - Filling up the DagBag from /home/airflow/.local/lib/python3.12/site-packages/airflow/example_dags/example_sensor_decorator.py
[2025-07-31T22:13:11.484+0000] {processor.py:840} INFO - DAG(s) 'example_sensor_decorator' retrieved from /home/airflow/.local/lib/python3.12/site-packages/airflow/example_dags/example_sensor_decorator.py
[2025-07-31T22:13:11.517+0000] {logging_mixin.py:188} INFO - [2025-07-31T22:13:11.516+0000] {dag.py:3096} INFO - Sync 1 DAGs
[2025-07-31T22:13:11.535+0000] {logging_mixin.py:188} INFO - [2025-07-31T22:13:11.534+0000] {dag.py:3954} INFO - Setting next_dagrun for example_sensor_decorator to None, run_after=None
[2025-07-31T22:13:11.561+0000] {processor.py:183} INFO - Processing /home/airflow/.local/lib/python3.12/site-packages/airflow/example_dags/example_sensor_decorator.py took 0.100 seconds
[2025-07-31T22:13:42.320+0000] {processor.py:161} INFO - Started process (PID=13295) to work on /home/airflow/.local/lib/python3.12/site-packages/airflow/example_dags/example_sensor_decorator.py
[2025-07-31T22:13:42.321+0000] {processor.py:830} INFO - Processing file /home/airflow/.local/lib/python3.12/site-packages/airflow/example_dags/example_sensor_decorator.py for tasks to queue
[2025-07-31T22:13:42.323+0000] {logging_mixin.py:188} INFO - [2025-07-31T22:13:42.323+0000] {dagbag.py:545} INFO - Filling up the DagBag from /home/airflow/.local/lib/python3.12/site-packages/airflow/example_dags/example_sensor_decorator.py
[2025-07-31T22:13:42.334+0000] {processor.py:840} INFO - DAG(s) 'example_sensor_decorator' retrieved from /home/airflow/.local/lib/python3.12/site-packages/airflow/example_dags/example_sensor_decorator.py
[2025-07-31T22:13:42.373+0000] {logging_mixin.py:188} INFO - [2025-07-31T22:13:42.373+0000] {dag.py:3096} INFO - Sync 1 DAGs
[2025-07-31T22:13:42.396+0000] {logging_mixin.py:188} INFO - [2025-07-31T22:13:42.395+0000] {dag.py:3954} INFO - Setting next_dagrun for example_sensor_decorator to None, run_after=None
[2025-07-31T22:13:42.437+0000] {processor.py:183} INFO - Processing /home/airflow/.local/lib/python3.12/site-packages/airflow/example_dags/example_sensor_decorator.py took 0.127 seconds
[2025-07-31T22:14:12.787+0000] {processor.py:161} INFO - Started process (PID=13353) to work on /home/airflow/.local/lib/python3.12/site-packages/airflow/example_dags/example_sensor_decorator.py
[2025-07-31T22:14:12.790+0000] {processor.py:830} INFO - Processing file /home/airflow/.local/lib/python3.12/site-packages/airflow/example_dags/example_sensor_decorator.py for tasks to queue
[2025-07-31T22:14:12.791+0000] {logging_mixin.py:188} INFO - [2025-07-31T22:14:12.791+0000] {dagbag.py:545} INFO - Filling up the DagBag from /home/airflow/.local/lib/python3.12/site-packages/airflow/example_dags/example_sensor_decorator.py
[2025-07-31T22:14:12.802+0000] {processor.py:840} INFO - DAG(s) 'example_sensor_decorator' retrieved from /home/airflow/.local/lib/python3.12/site-packages/airflow/example_dags/example_sensor_decorator.py
[2025-07-31T22:14:12.840+0000] {logging_mixin.py:188} INFO - [2025-07-31T22:14:12.839+0000] {dag.py:3096} INFO - Sync 1 DAGs
[2025-07-31T22:14:12.860+0000] {logging_mixin.py:188} INFO - [2025-07-31T22:14:12.859+0000] {dag.py:3954} INFO - Setting next_dagrun for example_sensor_decorator to None, run_after=None
[2025-07-31T22:14:12.888+0000] {processor.py:183} INFO - Processing /home/airflow/.local/lib/python3.12/site-packages/airflow/example_dags/example_sensor_decorator.py took 0.110 seconds
[2025-07-31T22:14:43.153+0000] {processor.py:161} INFO - Started process (PID=13411) to work on /home/airflow/.local/lib/python3.12/site-packages/airflow/example_dags/example_sensor_decorator.py
[2025-07-31T22:14:43.155+0000] {processor.py:830} INFO - Processing file /home/airflow/.local/lib/python3.12/site-packages/airflow/example_dags/example_sensor_decorator.py for tasks to queue
[2025-07-31T22:14:43.157+0000] {logging_mixin.py:188} INFO - [2025-07-31T22:14:43.156+0000] {dagbag.py:545} INFO - Filling up the DagBag from /home/airflow/.local/lib/python3.12/site-packages/airflow/example_dags/example_sensor_decorator.py
[2025-07-31T22:14:43.166+0000] {processor.py:840} INFO - DAG(s) 'example_sensor_decorator' retrieved from /home/airflow/.local/lib/python3.12/site-packages/airflow/example_dags/example_sensor_decorator.py
[2025-07-31T22:14:43.199+0000] {logging_mixin.py:188} INFO - [2025-07-31T22:14:43.199+0000] {dag.py:3096} INFO - Sync 1 DAGs
[2025-07-31T22:14:43.216+0000] {logging_mixin.py:188} INFO - [2025-07-31T22:14:43.216+0000] {dag.py:3954} INFO - Setting next_dagrun for example_sensor_decorator to None, run_after=None
[2025-07-31T22:14:43.253+0000] {processor.py:183} INFO - Processing /home/airflow/.local/lib/python3.12/site-packages/airflow/example_dags/example_sensor_decorator.py took 0.109 seconds
[2025-07-31T22:15:13.668+0000] {processor.py:161} INFO - Started process (PID=13469) to work on /home/airflow/.local/lib/python3.12/site-packages/airflow/example_dags/example_sensor_decorator.py
[2025-07-31T22:15:13.670+0000] {processor.py:830} INFO - Processing file /home/airflow/.local/lib/python3.12/site-packages/airflow/example_dags/example_sensor_decorator.py for tasks to queue
[2025-07-31T22:15:13.672+0000] {logging_mixin.py:188} INFO - [2025-07-31T22:15:13.671+0000] {dagbag.py:545} INFO - Filling up the DagBag from /home/airflow/.local/lib/python3.12/site-packages/airflow/example_dags/example_sensor_decorator.py
[2025-07-31T22:15:13.684+0000] {processor.py:840} INFO - DAG(s) 'example_sensor_decorator' retrieved from /home/airflow/.local/lib/python3.12/site-packages/airflow/example_dags/example_sensor_decorator.py
[2025-07-31T22:15:13.734+0000] {logging_mixin.py:188} INFO - [2025-07-31T22:15:13.733+0000] {dag.py:3096} INFO - Sync 1 DAGs
[2025-07-31T22:15:13.758+0000] {logging_mixin.py:188} INFO - [2025-07-31T22:15:13.758+0000] {dag.py:3954} INFO - Setting next_dagrun for example_sensor_decorator to None, run_after=None
[2025-07-31T22:15:13.793+0000] {processor.py:183} INFO - Processing /home/airflow/.local/lib/python3.12/site-packages/airflow/example_dags/example_sensor_decorator.py took 0.137 seconds
[2025-07-31T22:15:43.993+0000] {processor.py:161} INFO - Started process (PID=13528) to work on /home/airflow/.local/lib/python3.12/site-packages/airflow/example_dags/example_sensor_decorator.py
[2025-07-31T22:15:43.995+0000] {processor.py:830} INFO - Processing file /home/airflow/.local/lib/python3.12/site-packages/airflow/example_dags/example_sensor_decorator.py for tasks to queue
[2025-07-31T22:15:43.996+0000] {logging_mixin.py:188} INFO - [2025-07-31T22:15:43.995+0000] {dagbag.py:545} INFO - Filling up the DagBag from /home/airflow/.local/lib/python3.12/site-packages/airflow/example_dags/example_sensor_decorator.py
[2025-07-31T22:15:44.005+0000] {processor.py:840} INFO - DAG(s) 'example_sensor_decorator' retrieved from /home/airflow/.local/lib/python3.12/site-packages/airflow/example_dags/example_sensor_decorator.py
[2025-07-31T22:15:44.039+0000] {logging_mixin.py:188} INFO - [2025-07-31T22:15:44.039+0000] {dag.py:3096} INFO - Sync 1 DAGs
[2025-07-31T22:15:44.057+0000] {logging_mixin.py:188} INFO - [2025-07-31T22:15:44.056+0000] {dag.py:3954} INFO - Setting next_dagrun for example_sensor_decorator to None, run_after=None
[2025-07-31T22:15:44.087+0000] {processor.py:183} INFO - Processing /home/airflow/.local/lib/python3.12/site-packages/airflow/example_dags/example_sensor_decorator.py took 0.103 seconds
[2025-07-31T22:16:14.725+0000] {processor.py:161} INFO - Started process (PID=13586) to work on /home/airflow/.local/lib/python3.12/site-packages/airflow/example_dags/example_sensor_decorator.py
[2025-07-31T22:16:14.727+0000] {processor.py:830} INFO - Processing file /home/airflow/.local/lib/python3.12/site-packages/airflow/example_dags/example_sensor_decorator.py for tasks to queue
[2025-07-31T22:16:14.728+0000] {logging_mixin.py:188} INFO - [2025-07-31T22:16:14.728+0000] {dagbag.py:545} INFO - Filling up the DagBag from /home/airflow/.local/lib/python3.12/site-packages/airflow/example_dags/example_sensor_decorator.py
[2025-07-31T22:16:14.739+0000] {processor.py:840} INFO - DAG(s) 'example_sensor_decorator' retrieved from /home/airflow/.local/lib/python3.12/site-packages/airflow/example_dags/example_sensor_decorator.py
[2025-07-31T22:16:14.781+0000] {logging_mixin.py:188} INFO - [2025-07-31T22:16:14.780+0000] {dag.py:3096} INFO - Sync 1 DAGs
[2025-07-31T22:16:14.801+0000] {logging_mixin.py:188} INFO - [2025-07-31T22:16:14.801+0000] {dag.py:3954} INFO - Setting next_dagrun for example_sensor_decorator to None, run_after=None
[2025-07-31T22:16:14.829+0000] {processor.py:183} INFO - Processing /home/airflow/.local/lib/python3.12/site-packages/airflow/example_dags/example_sensor_decorator.py took 0.113 seconds
[2025-07-31T22:16:45.896+0000] {processor.py:161} INFO - Started process (PID=13644) to work on /home/airflow/.local/lib/python3.12/site-packages/airflow/example_dags/example_sensor_decorator.py
[2025-07-31T22:16:45.898+0000] {processor.py:830} INFO - Processing file /home/airflow/.local/lib/python3.12/site-packages/airflow/example_dags/example_sensor_decorator.py for tasks to queue
[2025-07-31T22:16:45.900+0000] {logging_mixin.py:188} INFO - [2025-07-31T22:16:45.899+0000] {dagbag.py:545} INFO - Filling up the DagBag from /home/airflow/.local/lib/python3.12/site-packages/airflow/example_dags/example_sensor_decorator.py
[2025-07-31T22:16:45.910+0000] {processor.py:840} INFO - DAG(s) 'example_sensor_decorator' retrieved from /home/airflow/.local/lib/python3.12/site-packages/airflow/example_dags/example_sensor_decorator.py
[2025-07-31T22:16:45.945+0000] {logging_mixin.py:188} INFO - [2025-07-31T22:16:45.945+0000] {dag.py:3096} INFO - Sync 1 DAGs
[2025-07-31T22:16:45.968+0000] {logging_mixin.py:188} INFO - [2025-07-31T22:16:45.967+0000] {dag.py:3954} INFO - Setting next_dagrun for example_sensor_decorator to None, run_after=None
[2025-07-31T22:16:46.001+0000] {processor.py:183} INFO - Processing /home/airflow/.local/lib/python3.12/site-packages/airflow/example_dags/example_sensor_decorator.py took 0.115 seconds
[2025-07-31T22:17:16.101+0000] {processor.py:161} INFO - Started process (PID=13702) to work on /home/airflow/.local/lib/python3.12/site-packages/airflow/example_dags/example_sensor_decorator.py
[2025-07-31T22:17:16.102+0000] {processor.py:830} INFO - Processing file /home/airflow/.local/lib/python3.12/site-packages/airflow/example_dags/example_sensor_decorator.py for tasks to queue
[2025-07-31T22:17:16.104+0000] {logging_mixin.py:188} INFO - [2025-07-31T22:17:16.103+0000] {dagbag.py:545} INFO - Filling up the DagBag from /home/airflow/.local/lib/python3.12/site-packages/airflow/example_dags/example_sensor_decorator.py
[2025-07-31T22:17:16.113+0000] {processor.py:840} INFO - DAG(s) 'example_sensor_decorator' retrieved from /home/airflow/.local/lib/python3.12/site-packages/airflow/example_dags/example_sensor_decorator.py
[2025-07-31T22:17:16.151+0000] {logging_mixin.py:188} INFO - [2025-07-31T22:17:16.151+0000] {dag.py:3096} INFO - Sync 1 DAGs
[2025-07-31T22:17:16.170+0000] {logging_mixin.py:188} INFO - [2025-07-31T22:17:16.170+0000] {dag.py:3954} INFO - Setting next_dagrun for example_sensor_decorator to None, run_after=None
[2025-07-31T22:17:16.205+0000] {processor.py:183} INFO - Processing /home/airflow/.local/lib/python3.12/site-packages/airflow/example_dags/example_sensor_decorator.py took 0.114 seconds
[2025-07-31T22:17:46.866+0000] {processor.py:161} INFO - Started process (PID=13760) to work on /home/airflow/.local/lib/python3.12/site-packages/airflow/example_dags/example_sensor_decorator.py
[2025-07-31T22:17:46.868+0000] {processor.py:830} INFO - Processing file /home/airflow/.local/lib/python3.12/site-packages/airflow/example_dags/example_sensor_decorator.py for tasks to queue
[2025-07-31T22:17:46.870+0000] {logging_mixin.py:188} INFO - [2025-07-31T22:17:46.870+0000] {dagbag.py:545} INFO - Filling up the DagBag from /home/airflow/.local/lib/python3.12/site-packages/airflow/example_dags/example_sensor_decorator.py
[2025-07-31T22:17:46.884+0000] {processor.py:840} INFO - DAG(s) 'example_sensor_decorator' retrieved from /home/airflow/.local/lib/python3.12/site-packages/airflow/example_dags/example_sensor_decorator.py
[2025-07-31T22:17:46.925+0000] {logging_mixin.py:188} INFO - [2025-07-31T22:17:46.925+0000] {dag.py:3096} INFO - Sync 1 DAGs
[2025-07-31T22:17:46.961+0000] {logging_mixin.py:188} INFO - [2025-07-31T22:17:46.961+0000] {dag.py:3954} INFO - Setting next_dagrun for example_sensor_decorator to None, run_after=None
[2025-07-31T22:17:46.997+0000] {processor.py:183} INFO - Processing /home/airflow/.local/lib/python3.12/site-packages/airflow/example_dags/example_sensor_decorator.py took 0.142 seconds
