[2025-07-31T03:25:15.085+0000] {processor.py:161} INFO - Started process (PID=12555) to work on /home/airflow/.local/lib/python3.12/site-packages/airflow/example_dags/tutorial.py
[2025-07-31T03:25:15.087+0000] {processor.py:830} INFO - Processing file /home/airflow/.local/lib/python3.12/site-packages/airflow/example_dags/tutorial.py for tasks to queue
[2025-07-31T03:25:15.088+0000] {logging_mixin.py:188} INFO - [2025-07-31T03:25:15.087+0000] {dagbag.py:545} INFO - Filling up the DagBag from /home/airflow/.local/lib/python3.12/site-packages/airflow/example_dags/tutorial.py
[2025-07-31T03:25:15.097+0000] {processor.py:840} INFO - DAG(s) 'tutorial' retrieved from /home/airflow/.local/lib/python3.12/site-packages/airflow/example_dags/tutorial.py
[2025-07-31T03:25:15.127+0000] {logging_mixin.py:188} INFO - [2025-07-31T03:25:15.127+0000] {dag.py:3096} INFO - Sync 1 DAGs
[2025-07-31T03:25:15.154+0000] {logging_mixin.py:188} INFO - [2025-07-31T03:25:15.154+0000] {dag.py:3954} INFO - Setting next_dagrun for tutorial to 2025-07-30 00:00:00+00:00, run_after=2025-07-31 00:00:00+00:00
[2025-07-31T03:25:15.182+0000] {processor.py:183} INFO - Processing /home/airflow/.local/lib/python3.12/site-packages/airflow/example_dags/tutorial.py took 0.104 seconds
[2025-07-31T22:07:35.074+0000] {processor.py:161} INFO - Started process (PID=12588) to work on /home/airflow/.local/lib/python3.12/site-packages/airflow/example_dags/tutorial.py
[2025-07-31T22:07:35.077+0000] {processor.py:830} INFO - Processing file /home/airflow/.local/lib/python3.12/site-packages/airflow/example_dags/tutorial.py for tasks to queue
[2025-07-31T22:07:35.080+0000] {logging_mixin.py:188} INFO - [2025-07-31T22:07:35.079+0000] {dagbag.py:545} INFO - Filling up the DagBag from /home/airflow/.local/lib/python3.12/site-packages/airflow/example_dags/tutorial.py
[2025-07-31T22:07:35.110+0000] {processor.py:840} INFO - DAG(s) 'tutorial' retrieved from /home/airflow/.local/lib/python3.12/site-packages/airflow/example_dags/tutorial.py
[2025-07-31T22:07:35.197+0000] {logging_mixin.py:188} INFO - [2025-07-31T22:07:35.196+0000] {dag.py:3096} INFO - Sync 1 DAGs
[2025-07-31T22:07:35.277+0000] {logging_mixin.py:188} INFO - [2025-07-31T22:07:35.277+0000] {dag.py:3954} INFO - Setting next_dagrun for tutorial to 2025-07-30 00:00:00+00:00, run_after=2025-07-31 00:00:00+00:00
[2025-07-31T22:07:35.350+0000] {processor.py:183} INFO - Processing /home/airflow/.local/lib/python3.12/site-packages/airflow/example_dags/tutorial.py took 0.303 seconds
[2025-07-31T22:08:05.544+0000] {processor.py:161} INFO - Started process (PID=12646) to work on /home/airflow/.local/lib/python3.12/site-packages/airflow/example_dags/tutorial.py
[2025-07-31T22:08:05.546+0000] {processor.py:830} INFO - Processing file /home/airflow/.local/lib/python3.12/site-packages/airflow/example_dags/tutorial.py for tasks to queue
[2025-07-31T22:08:05.547+0000] {logging_mixin.py:188} INFO - [2025-07-31T22:08:05.547+0000] {dagbag.py:545} INFO - Filling up the DagBag from /home/airflow/.local/lib/python3.12/site-packages/airflow/example_dags/tutorial.py
[2025-07-31T22:08:05.557+0000] {processor.py:840} INFO - DAG(s) 'tutorial' retrieved from /home/airflow/.local/lib/python3.12/site-packages/airflow/example_dags/tutorial.py
[2025-07-31T22:08:05.592+0000] {logging_mixin.py:188} INFO - [2025-07-31T22:08:05.592+0000] {dag.py:3096} INFO - Sync 1 DAGs
[2025-07-31T22:08:05.627+0000] {logging_mixin.py:188} INFO - [2025-07-31T22:08:05.627+0000] {dag.py:3954} INFO - Setting next_dagrun for tutorial to 2025-07-30 00:00:00+00:00, run_after=2025-07-31 00:00:00+00:00
[2025-07-31T22:08:05.676+0000] {processor.py:183} INFO - Processing /home/airflow/.local/lib/python3.12/site-packages/airflow/example_dags/tutorial.py took 0.139 seconds
[2025-07-31T22:08:35.840+0000] {processor.py:161} INFO - Started process (PID=12705) to work on /home/airflow/.local/lib/python3.12/site-packages/airflow/example_dags/tutorial.py
[2025-07-31T22:08:35.842+0000] {processor.py:830} INFO - Processing file /home/airflow/.local/lib/python3.12/site-packages/airflow/example_dags/tutorial.py for tasks to queue
[2025-07-31T22:08:35.843+0000] {logging_mixin.py:188} INFO - [2025-07-31T22:08:35.843+0000] {dagbag.py:545} INFO - Filling up the DagBag from /home/airflow/.local/lib/python3.12/site-packages/airflow/example_dags/tutorial.py
[2025-07-31T22:08:35.851+0000] {processor.py:840} INFO - DAG(s) 'tutorial' retrieved from /home/airflow/.local/lib/python3.12/site-packages/airflow/example_dags/tutorial.py
[2025-07-31T22:08:35.879+0000] {logging_mixin.py:188} INFO - [2025-07-31T22:08:35.879+0000] {dag.py:3096} INFO - Sync 1 DAGs
[2025-07-31T22:08:35.903+0000] {logging_mixin.py:188} INFO - [2025-07-31T22:08:35.903+0000] {dag.py:3954} INFO - Setting next_dagrun for tutorial to 2025-07-30 00:00:00+00:00, run_after=2025-07-31 00:00:00+00:00
[2025-07-31T22:08:35.927+0000] {processor.py:183} INFO - Processing /home/airflow/.local/lib/python3.12/site-packages/airflow/example_dags/tutorial.py took 0.093 seconds
[2025-07-31T22:09:06.042+0000] {processor.py:161} INFO - Started process (PID=12764) to work on /home/airflow/.local/lib/python3.12/site-packages/airflow/example_dags/tutorial.py
[2025-07-31T22:09:06.044+0000] {processor.py:830} INFO - Processing file /home/airflow/.local/lib/python3.12/site-packages/airflow/example_dags/tutorial.py for tasks to queue
[2025-07-31T22:09:06.045+0000] {logging_mixin.py:188} INFO - [2025-07-31T22:09:06.045+0000] {dagbag.py:545} INFO - Filling up the DagBag from /home/airflow/.local/lib/python3.12/site-packages/airflow/example_dags/tutorial.py
[2025-07-31T22:09:06.055+0000] {processor.py:840} INFO - DAG(s) 'tutorial' retrieved from /home/airflow/.local/lib/python3.12/site-packages/airflow/example_dags/tutorial.py
[2025-07-31T22:09:06.088+0000] {logging_mixin.py:188} INFO - [2025-07-31T22:09:06.088+0000] {dag.py:3096} INFO - Sync 1 DAGs
[2025-07-31T22:09:06.122+0000] {logging_mixin.py:188} INFO - [2025-07-31T22:09:06.121+0000] {dag.py:3954} INFO - Setting next_dagrun for tutorial to 2025-07-30 00:00:00+00:00, run_after=2025-07-31 00:00:00+00:00
[2025-07-31T22:09:06.152+0000] {processor.py:183} INFO - Processing /home/airflow/.local/lib/python3.12/site-packages/airflow/example_dags/tutorial.py took 0.118 seconds
[2025-07-31T22:09:36.523+0000] {processor.py:161} INFO - Started process (PID=12823) to work on /home/airflow/.local/lib/python3.12/site-packages/airflow/example_dags/tutorial.py
[2025-07-31T22:09:36.525+0000] {processor.py:830} INFO - Processing file /home/airflow/.local/lib/python3.12/site-packages/airflow/example_dags/tutorial.py for tasks to queue
[2025-07-31T22:09:36.527+0000] {logging_mixin.py:188} INFO - [2025-07-31T22:09:36.526+0000] {dagbag.py:545} INFO - Filling up the DagBag from /home/airflow/.local/lib/python3.12/site-packages/airflow/example_dags/tutorial.py
[2025-07-31T22:09:36.543+0000] {processor.py:840} INFO - DAG(s) 'tutorial' retrieved from /home/airflow/.local/lib/python3.12/site-packages/airflow/example_dags/tutorial.py
[2025-07-31T22:09:36.593+0000] {logging_mixin.py:188} INFO - [2025-07-31T22:09:36.592+0000] {dag.py:3096} INFO - Sync 1 DAGs
[2025-07-31T22:09:36.647+0000] {logging_mixin.py:188} INFO - [2025-07-31T22:09:36.646+0000] {dag.py:3954} INFO - Setting next_dagrun for tutorial to 2025-07-30 00:00:00+00:00, run_after=2025-07-31 00:00:00+00:00
[2025-07-31T22:09:36.691+0000] {processor.py:183} INFO - Processing /home/airflow/.local/lib/python3.12/site-packages/airflow/example_dags/tutorial.py took 0.180 seconds
[2025-07-31T22:10:07.288+0000] {processor.py:161} INFO - Started process (PID=12881) to work on /home/airflow/.local/lib/python3.12/site-packages/airflow/example_dags/tutorial.py
[2025-07-31T22:10:07.290+0000] {processor.py:830} INFO - Processing file /home/airflow/.local/lib/python3.12/site-packages/airflow/example_dags/tutorial.py for tasks to queue
[2025-07-31T22:10:07.292+0000] {logging_mixin.py:188} INFO - [2025-07-31T22:10:07.292+0000] {dagbag.py:545} INFO - Filling up the DagBag from /home/airflow/.local/lib/python3.12/site-packages/airflow/example_dags/tutorial.py
[2025-07-31T22:10:07.315+0000] {processor.py:840} INFO - DAG(s) 'tutorial' retrieved from /home/airflow/.local/lib/python3.12/site-packages/airflow/example_dags/tutorial.py
[2025-07-31T22:10:07.358+0000] {logging_mixin.py:188} INFO - [2025-07-31T22:10:07.358+0000] {dag.py:3096} INFO - Sync 1 DAGs
[2025-07-31T22:10:07.398+0000] {logging_mixin.py:188} INFO - [2025-07-31T22:10:07.398+0000] {dag.py:3954} INFO - Setting next_dagrun for tutorial to 2025-07-30 00:00:00+00:00, run_after=2025-07-31 00:00:00+00:00
[2025-07-31T22:10:07.437+0000] {processor.py:183} INFO - Processing /home/airflow/.local/lib/python3.12/site-packages/airflow/example_dags/tutorial.py took 0.163 seconds
[2025-07-31T22:10:37.933+0000] {processor.py:161} INFO - Started process (PID=12939) to work on /home/airflow/.local/lib/python3.12/site-packages/airflow/example_dags/tutorial.py
[2025-07-31T22:10:37.935+0000] {processor.py:830} INFO - Processing file /home/airflow/.local/lib/python3.12/site-packages/airflow/example_dags/tutorial.py for tasks to queue
[2025-07-31T22:10:37.937+0000] {logging_mixin.py:188} INFO - [2025-07-31T22:10:37.936+0000] {dagbag.py:545} INFO - Filling up the DagBag from /home/airflow/.local/lib/python3.12/site-packages/airflow/example_dags/tutorial.py
[2025-07-31T22:10:37.949+0000] {processor.py:840} INFO - DAG(s) 'tutorial' retrieved from /home/airflow/.local/lib/python3.12/site-packages/airflow/example_dags/tutorial.py
[2025-07-31T22:10:37.985+0000] {logging_mixin.py:188} INFO - [2025-07-31T22:10:37.984+0000] {dag.py:3096} INFO - Sync 1 DAGs
[2025-07-31T22:10:38.027+0000] {logging_mixin.py:188} INFO - [2025-07-31T22:10:38.027+0000] {dag.py:3954} INFO - Setting next_dagrun for tutorial to 2025-07-30 00:00:00+00:00, run_after=2025-07-31 00:00:00+00:00
[2025-07-31T22:10:38.059+0000] {processor.py:183} INFO - Processing /home/airflow/.local/lib/python3.12/site-packages/airflow/example_dags/tutorial.py took 0.136 seconds
[2025-07-31T22:11:08.784+0000] {processor.py:161} INFO - Started process (PID=12997) to work on /home/airflow/.local/lib/python3.12/site-packages/airflow/example_dags/tutorial.py
[2025-07-31T22:11:08.786+0000] {processor.py:830} INFO - Processing file /home/airflow/.local/lib/python3.12/site-packages/airflow/example_dags/tutorial.py for tasks to queue
[2025-07-31T22:11:08.788+0000] {logging_mixin.py:188} INFO - [2025-07-31T22:11:08.787+0000] {dagbag.py:545} INFO - Filling up the DagBag from /home/airflow/.local/lib/python3.12/site-packages/airflow/example_dags/tutorial.py
[2025-07-31T22:11:08.806+0000] {processor.py:840} INFO - DAG(s) 'tutorial' retrieved from /home/airflow/.local/lib/python3.12/site-packages/airflow/example_dags/tutorial.py
[2025-07-31T22:11:08.860+0000] {logging_mixin.py:188} INFO - [2025-07-31T22:11:08.860+0000] {dag.py:3096} INFO - Sync 1 DAGs
[2025-07-31T22:11:08.921+0000] {logging_mixin.py:188} INFO - [2025-07-31T22:11:08.921+0000] {dag.py:3954} INFO - Setting next_dagrun for tutorial to 2025-07-30 00:00:00+00:00, run_after=2025-07-31 00:00:00+00:00
[2025-07-31T22:11:08.968+0000] {processor.py:183} INFO - Processing /home/airflow/.local/lib/python3.12/site-packages/airflow/example_dags/tutorial.py took 0.199 seconds
[2025-07-31T22:11:39.551+0000] {processor.py:161} INFO - Started process (PID=13055) to work on /home/airflow/.local/lib/python3.12/site-packages/airflow/example_dags/tutorial.py
[2025-07-31T22:11:39.553+0000] {processor.py:830} INFO - Processing file /home/airflow/.local/lib/python3.12/site-packages/airflow/example_dags/tutorial.py for tasks to queue
[2025-07-31T22:11:39.555+0000] {logging_mixin.py:188} INFO - [2025-07-31T22:11:39.554+0000] {dagbag.py:545} INFO - Filling up the DagBag from /home/airflow/.local/lib/python3.12/site-packages/airflow/example_dags/tutorial.py
[2025-07-31T22:11:39.568+0000] {processor.py:840} INFO - DAG(s) 'tutorial' retrieved from /home/airflow/.local/lib/python3.12/site-packages/airflow/example_dags/tutorial.py
[2025-07-31T22:11:39.605+0000] {logging_mixin.py:188} INFO - [2025-07-31T22:11:39.605+0000] {dag.py:3096} INFO - Sync 1 DAGs
[2025-07-31T22:11:39.639+0000] {logging_mixin.py:188} INFO - [2025-07-31T22:11:39.639+0000] {dag.py:3954} INFO - Setting next_dagrun for tutorial to 2025-07-30 00:00:00+00:00, run_after=2025-07-31 00:00:00+00:00
[2025-07-31T22:11:39.668+0000] {processor.py:183} INFO - Processing /home/airflow/.local/lib/python3.12/site-packages/airflow/example_dags/tutorial.py took 0.132 seconds
[2025-07-31T22:12:09.953+0000] {processor.py:161} INFO - Started process (PID=13113) to work on /home/airflow/.local/lib/python3.12/site-packages/airflow/example_dags/tutorial.py
[2025-07-31T22:12:09.954+0000] {processor.py:830} INFO - Processing file /home/airflow/.local/lib/python3.12/site-packages/airflow/example_dags/tutorial.py for tasks to queue
[2025-07-31T22:12:09.956+0000] {logging_mixin.py:188} INFO - [2025-07-31T22:12:09.956+0000] {dagbag.py:545} INFO - Filling up the DagBag from /home/airflow/.local/lib/python3.12/site-packages/airflow/example_dags/tutorial.py
[2025-07-31T22:12:09.967+0000] {processor.py:840} INFO - DAG(s) 'tutorial' retrieved from /home/airflow/.local/lib/python3.12/site-packages/airflow/example_dags/tutorial.py
[2025-07-31T22:12:10.003+0000] {logging_mixin.py:188} INFO - [2025-07-31T22:12:10.003+0000] {dag.py:3096} INFO - Sync 1 DAGs
[2025-07-31T22:12:10.040+0000] {logging_mixin.py:188} INFO - [2025-07-31T22:12:10.039+0000] {dag.py:3954} INFO - Setting next_dagrun for tutorial to 2025-07-30 00:00:00+00:00, run_after=2025-07-31 00:00:00+00:00
[2025-07-31T22:12:10.073+0000] {processor.py:183} INFO - Processing /home/airflow/.local/lib/python3.12/site-packages/airflow/example_dags/tutorial.py took 0.130 seconds
[2025-07-31T22:12:40.379+0000] {processor.py:161} INFO - Started process (PID=13171) to work on /home/airflow/.local/lib/python3.12/site-packages/airflow/example_dags/tutorial.py
[2025-07-31T22:12:40.380+0000] {processor.py:830} INFO - Processing file /home/airflow/.local/lib/python3.12/site-packages/airflow/example_dags/tutorial.py for tasks to queue
[2025-07-31T22:12:40.382+0000] {logging_mixin.py:188} INFO - [2025-07-31T22:12:40.382+0000] {dagbag.py:545} INFO - Filling up the DagBag from /home/airflow/.local/lib/python3.12/site-packages/airflow/example_dags/tutorial.py
[2025-07-31T22:12:40.393+0000] {processor.py:840} INFO - DAG(s) 'tutorial' retrieved from /home/airflow/.local/lib/python3.12/site-packages/airflow/example_dags/tutorial.py
[2025-07-31T22:12:40.429+0000] {logging_mixin.py:188} INFO - [2025-07-31T22:12:40.429+0000] {dag.py:3096} INFO - Sync 1 DAGs
[2025-07-31T22:12:40.468+0000] {logging_mixin.py:188} INFO - [2025-07-31T22:12:40.468+0000] {dag.py:3954} INFO - Setting next_dagrun for tutorial to 2025-07-30 00:00:00+00:00, run_after=2025-07-31 00:00:00+00:00
[2025-07-31T22:12:40.502+0000] {processor.py:183} INFO - Processing /home/airflow/.local/lib/python3.12/site-packages/airflow/example_dags/tutorial.py took 0.132 seconds
[2025-07-31T22:13:10.777+0000] {processor.py:161} INFO - Started process (PID=13229) to work on /home/airflow/.local/lib/python3.12/site-packages/airflow/example_dags/tutorial.py
[2025-07-31T22:13:10.779+0000] {processor.py:830} INFO - Processing file /home/airflow/.local/lib/python3.12/site-packages/airflow/example_dags/tutorial.py for tasks to queue
[2025-07-31T22:13:10.781+0000] {logging_mixin.py:188} INFO - [2025-07-31T22:13:10.780+0000] {dagbag.py:545} INFO - Filling up the DagBag from /home/airflow/.local/lib/python3.12/site-packages/airflow/example_dags/tutorial.py
[2025-07-31T22:13:10.794+0000] {processor.py:840} INFO - DAG(s) 'tutorial' retrieved from /home/airflow/.local/lib/python3.12/site-packages/airflow/example_dags/tutorial.py
[2025-07-31T22:13:10.828+0000] {logging_mixin.py:188} INFO - [2025-07-31T22:13:10.827+0000] {dag.py:3096} INFO - Sync 1 DAGs
[2025-07-31T22:13:10.857+0000] {logging_mixin.py:188} INFO - [2025-07-31T22:13:10.857+0000] {dag.py:3954} INFO - Setting next_dagrun for tutorial to 2025-07-30 00:00:00+00:00, run_after=2025-07-31 00:00:00+00:00
[2025-07-31T22:13:10.884+0000] {processor.py:183} INFO - Processing /home/airflow/.local/lib/python3.12/site-packages/airflow/example_dags/tutorial.py took 0.116 seconds
[2025-07-31T22:13:41.336+0000] {processor.py:161} INFO - Started process (PID=13288) to work on /home/airflow/.local/lib/python3.12/site-packages/airflow/example_dags/tutorial.py
[2025-07-31T22:13:41.338+0000] {processor.py:830} INFO - Processing file /home/airflow/.local/lib/python3.12/site-packages/airflow/example_dags/tutorial.py for tasks to queue
[2025-07-31T22:13:41.339+0000] {logging_mixin.py:188} INFO - [2025-07-31T22:13:41.339+0000] {dagbag.py:545} INFO - Filling up the DagBag from /home/airflow/.local/lib/python3.12/site-packages/airflow/example_dags/tutorial.py
[2025-07-31T22:13:41.351+0000] {processor.py:840} INFO - DAG(s) 'tutorial' retrieved from /home/airflow/.local/lib/python3.12/site-packages/airflow/example_dags/tutorial.py
[2025-07-31T22:13:41.386+0000] {logging_mixin.py:188} INFO - [2025-07-31T22:13:41.385+0000] {dag.py:3096} INFO - Sync 1 DAGs
[2025-07-31T22:13:41.421+0000] {logging_mixin.py:188} INFO - [2025-07-31T22:13:41.421+0000] {dag.py:3954} INFO - Setting next_dagrun for tutorial to 2025-07-30 00:00:00+00:00, run_after=2025-07-31 00:00:00+00:00
[2025-07-31T22:13:41.461+0000] {processor.py:183} INFO - Processing /home/airflow/.local/lib/python3.12/site-packages/airflow/example_dags/tutorial.py took 0.136 seconds
[2025-07-31T22:14:11.804+0000] {processor.py:161} INFO - Started process (PID=13346) to work on /home/airflow/.local/lib/python3.12/site-packages/airflow/example_dags/tutorial.py
[2025-07-31T22:14:11.805+0000] {processor.py:830} INFO - Processing file /home/airflow/.local/lib/python3.12/site-packages/airflow/example_dags/tutorial.py for tasks to queue
[2025-07-31T22:14:11.807+0000] {logging_mixin.py:188} INFO - [2025-07-31T22:14:11.806+0000] {dagbag.py:545} INFO - Filling up the DagBag from /home/airflow/.local/lib/python3.12/site-packages/airflow/example_dags/tutorial.py
[2025-07-31T22:14:11.819+0000] {processor.py:840} INFO - DAG(s) 'tutorial' retrieved from /home/airflow/.local/lib/python3.12/site-packages/airflow/example_dags/tutorial.py
[2025-07-31T22:14:11.852+0000] {logging_mixin.py:188} INFO - [2025-07-31T22:14:11.852+0000] {dag.py:3096} INFO - Sync 1 DAGs
[2025-07-31T22:14:11.887+0000] {logging_mixin.py:188} INFO - [2025-07-31T22:14:11.887+0000] {dag.py:3954} INFO - Setting next_dagrun for tutorial to 2025-07-30 00:00:00+00:00, run_after=2025-07-31 00:00:00+00:00
[2025-07-31T22:14:11.923+0000] {processor.py:183} INFO - Processing /home/airflow/.local/lib/python3.12/site-packages/airflow/example_dags/tutorial.py took 0.130 seconds
[2025-07-31T22:14:42.211+0000] {processor.py:161} INFO - Started process (PID=13404) to work on /home/airflow/.local/lib/python3.12/site-packages/airflow/example_dags/tutorial.py
[2025-07-31T22:14:42.212+0000] {processor.py:830} INFO - Processing file /home/airflow/.local/lib/python3.12/site-packages/airflow/example_dags/tutorial.py for tasks to queue
[2025-07-31T22:14:42.214+0000] {logging_mixin.py:188} INFO - [2025-07-31T22:14:42.213+0000] {dagbag.py:545} INFO - Filling up the DagBag from /home/airflow/.local/lib/python3.12/site-packages/airflow/example_dags/tutorial.py
[2025-07-31T22:14:42.226+0000] {processor.py:840} INFO - DAG(s) 'tutorial' retrieved from /home/airflow/.local/lib/python3.12/site-packages/airflow/example_dags/tutorial.py
[2025-07-31T22:14:42.262+0000] {logging_mixin.py:188} INFO - [2025-07-31T22:14:42.262+0000] {dag.py:3096} INFO - Sync 1 DAGs
[2025-07-31T22:14:42.293+0000] {logging_mixin.py:188} INFO - [2025-07-31T22:14:42.293+0000] {dag.py:3954} INFO - Setting next_dagrun for tutorial to 2025-07-30 00:00:00+00:00, run_after=2025-07-31 00:00:00+00:00
[2025-07-31T22:14:42.319+0000] {processor.py:183} INFO - Processing /home/airflow/.local/lib/python3.12/site-packages/airflow/example_dags/tutorial.py took 0.120 seconds
[2025-07-31T22:15:12.749+0000] {processor.py:161} INFO - Started process (PID=13462) to work on /home/airflow/.local/lib/python3.12/site-packages/airflow/example_dags/tutorial.py
[2025-07-31T22:15:12.751+0000] {processor.py:830} INFO - Processing file /home/airflow/.local/lib/python3.12/site-packages/airflow/example_dags/tutorial.py for tasks to queue
[2025-07-31T22:15:12.753+0000] {logging_mixin.py:188} INFO - [2025-07-31T22:15:12.752+0000] {dagbag.py:545} INFO - Filling up the DagBag from /home/airflow/.local/lib/python3.12/site-packages/airflow/example_dags/tutorial.py
[2025-07-31T22:15:12.764+0000] {processor.py:840} INFO - DAG(s) 'tutorial' retrieved from /home/airflow/.local/lib/python3.12/site-packages/airflow/example_dags/tutorial.py
[2025-07-31T22:15:12.799+0000] {logging_mixin.py:188} INFO - [2025-07-31T22:15:12.799+0000] {dag.py:3096} INFO - Sync 1 DAGs
[2025-07-31T22:15:12.832+0000] {logging_mixin.py:188} INFO - [2025-07-31T22:15:12.831+0000] {dag.py:3954} INFO - Setting next_dagrun for tutorial to 2025-07-30 00:00:00+00:00, run_after=2025-07-31 00:00:00+00:00
[2025-07-31T22:15:12.870+0000] {processor.py:183} INFO - Processing /home/airflow/.local/lib/python3.12/site-packages/airflow/example_dags/tutorial.py took 0.130 seconds
[2025-07-31T22:15:43.023+0000] {processor.py:161} INFO - Started process (PID=13520) to work on /home/airflow/.local/lib/python3.12/site-packages/airflow/example_dags/tutorial.py
[2025-07-31T22:15:43.025+0000] {processor.py:830} INFO - Processing file /home/airflow/.local/lib/python3.12/site-packages/airflow/example_dags/tutorial.py for tasks to queue
[2025-07-31T22:15:43.027+0000] {logging_mixin.py:188} INFO - [2025-07-31T22:15:43.026+0000] {dagbag.py:545} INFO - Filling up the DagBag from /home/airflow/.local/lib/python3.12/site-packages/airflow/example_dags/tutorial.py
[2025-07-31T22:15:43.039+0000] {processor.py:840} INFO - DAG(s) 'tutorial' retrieved from /home/airflow/.local/lib/python3.12/site-packages/airflow/example_dags/tutorial.py
[2025-07-31T22:15:43.073+0000] {logging_mixin.py:188} INFO - [2025-07-31T22:15:43.073+0000] {dag.py:3096} INFO - Sync 1 DAGs
[2025-07-31T22:15:43.105+0000] {logging_mixin.py:188} INFO - [2025-07-31T22:15:43.105+0000] {dag.py:3954} INFO - Setting next_dagrun for tutorial to 2025-07-30 00:00:00+00:00, run_after=2025-07-31 00:00:00+00:00
[2025-07-31T22:15:43.152+0000] {processor.py:183} INFO - Processing /home/airflow/.local/lib/python3.12/site-packages/airflow/example_dags/tutorial.py took 0.139 seconds
[2025-07-31T22:16:13.809+0000] {processor.py:161} INFO - Started process (PID=13579) to work on /home/airflow/.local/lib/python3.12/site-packages/airflow/example_dags/tutorial.py
[2025-07-31T22:16:13.811+0000] {processor.py:830} INFO - Processing file /home/airflow/.local/lib/python3.12/site-packages/airflow/example_dags/tutorial.py for tasks to queue
[2025-07-31T22:16:13.813+0000] {logging_mixin.py:188} INFO - [2025-07-31T22:16:13.812+0000] {dagbag.py:545} INFO - Filling up the DagBag from /home/airflow/.local/lib/python3.12/site-packages/airflow/example_dags/tutorial.py
[2025-07-31T22:16:13.824+0000] {processor.py:840} INFO - DAG(s) 'tutorial' retrieved from /home/airflow/.local/lib/python3.12/site-packages/airflow/example_dags/tutorial.py
[2025-07-31T22:16:13.861+0000] {logging_mixin.py:188} INFO - [2025-07-31T22:16:13.861+0000] {dag.py:3096} INFO - Sync 1 DAGs
[2025-07-31T22:16:13.895+0000] {logging_mixin.py:188} INFO - [2025-07-31T22:16:13.895+0000] {dag.py:3954} INFO - Setting next_dagrun for tutorial to 2025-07-30 00:00:00+00:00, run_after=2025-07-31 00:00:00+00:00
[2025-07-31T22:16:13.924+0000] {processor.py:183} INFO - Processing /home/airflow/.local/lib/python3.12/site-packages/airflow/example_dags/tutorial.py took 0.124 seconds
[2025-07-31T22:16:44.881+0000] {processor.py:161} INFO - Started process (PID=13637) to work on /home/airflow/.local/lib/python3.12/site-packages/airflow/example_dags/tutorial.py
[2025-07-31T22:16:44.882+0000] {processor.py:830} INFO - Processing file /home/airflow/.local/lib/python3.12/site-packages/airflow/example_dags/tutorial.py for tasks to queue
[2025-07-31T22:16:44.884+0000] {logging_mixin.py:188} INFO - [2025-07-31T22:16:44.883+0000] {dagbag.py:545} INFO - Filling up the DagBag from /home/airflow/.local/lib/python3.12/site-packages/airflow/example_dags/tutorial.py
[2025-07-31T22:16:44.894+0000] {processor.py:840} INFO - DAG(s) 'tutorial' retrieved from /home/airflow/.local/lib/python3.12/site-packages/airflow/example_dags/tutorial.py
[2025-07-31T22:16:44.927+0000] {logging_mixin.py:188} INFO - [2025-07-31T22:16:44.927+0000] {dag.py:3096} INFO - Sync 1 DAGs
[2025-07-31T22:16:44.964+0000] {logging_mixin.py:188} INFO - [2025-07-31T22:16:44.963+0000] {dag.py:3954} INFO - Setting next_dagrun for tutorial to 2025-07-30 00:00:00+00:00, run_after=2025-07-31 00:00:00+00:00
[2025-07-31T22:16:44.999+0000] {processor.py:183} INFO - Processing /home/airflow/.local/lib/python3.12/site-packages/airflow/example_dags/tutorial.py took 0.127 seconds
[2025-07-31T22:17:15.356+0000] {processor.py:161} INFO - Started process (PID=13695) to work on /home/airflow/.local/lib/python3.12/site-packages/airflow/example_dags/tutorial.py
[2025-07-31T22:17:15.358+0000] {processor.py:830} INFO - Processing file /home/airflow/.local/lib/python3.12/site-packages/airflow/example_dags/tutorial.py for tasks to queue
[2025-07-31T22:17:15.360+0000] {logging_mixin.py:188} INFO - [2025-07-31T22:17:15.360+0000] {dagbag.py:545} INFO - Filling up the DagBag from /home/airflow/.local/lib/python3.12/site-packages/airflow/example_dags/tutorial.py
[2025-07-31T22:17:15.376+0000] {processor.py:840} INFO - DAG(s) 'tutorial' retrieved from /home/airflow/.local/lib/python3.12/site-packages/airflow/example_dags/tutorial.py
[2025-07-31T22:17:15.416+0000] {logging_mixin.py:188} INFO - [2025-07-31T22:17:15.416+0000] {dag.py:3096} INFO - Sync 1 DAGs
[2025-07-31T22:17:15.460+0000] {logging_mixin.py:188} INFO - [2025-07-31T22:17:15.459+0000] {dag.py:3954} INFO - Setting next_dagrun for tutorial to 2025-07-30 00:00:00+00:00, run_after=2025-07-31 00:00:00+00:00
[2025-07-31T22:17:15.501+0000] {processor.py:183} INFO - Processing /home/airflow/.local/lib/python3.12/site-packages/airflow/example_dags/tutorial.py took 0.157 seconds
[2025-07-31T22:17:46.177+0000] {processor.py:161} INFO - Started process (PID=13753) to work on /home/airflow/.local/lib/python3.12/site-packages/airflow/example_dags/tutorial.py
[2025-07-31T22:17:46.179+0000] {processor.py:830} INFO - Processing file /home/airflow/.local/lib/python3.12/site-packages/airflow/example_dags/tutorial.py for tasks to queue
[2025-07-31T22:17:46.181+0000] {logging_mixin.py:188} INFO - [2025-07-31T22:17:46.180+0000] {dagbag.py:545} INFO - Filling up the DagBag from /home/airflow/.local/lib/python3.12/site-packages/airflow/example_dags/tutorial.py
[2025-07-31T22:17:46.193+0000] {processor.py:840} INFO - DAG(s) 'tutorial' retrieved from /home/airflow/.local/lib/python3.12/site-packages/airflow/example_dags/tutorial.py
[2025-07-31T22:17:46.230+0000] {logging_mixin.py:188} INFO - [2025-07-31T22:17:46.229+0000] {dag.py:3096} INFO - Sync 1 DAGs
[2025-07-31T22:17:46.267+0000] {logging_mixin.py:188} INFO - [2025-07-31T22:17:46.266+0000] {dag.py:3954} INFO - Setting next_dagrun for tutorial to 2025-07-30 00:00:00+00:00, run_after=2025-07-31 00:00:00+00:00
[2025-07-31T22:17:46.298+0000] {processor.py:183} INFO - Processing /home/airflow/.local/lib/python3.12/site-packages/airflow/example_dags/tutorial.py took 0.132 seconds
