[2025-08-02T21:38:43.072+0000] {local_task_job_runner.py:120} INFO - ::group::Pre task execution logs
[2025-08-02T21:38:43.103+0000] {taskinstance.py:2076} INFO - Dependencies all met for dep_context=non-requeueable deps ti=<TaskInstance: gcs_move_landing_to_raw_v1.move_cards_file manual__2025-08-02T21:38:38.523055+00:00 [queued]>
[2025-08-02T21:38:43.114+0000] {taskinstance.py:2076} INFO - Dependencies all met for dep_context=requeueable deps ti=<TaskInstance: gcs_move_landing_to_raw_v1.move_cards_file manual__2025-08-02T21:38:38.523055+00:00 [queued]>
[2025-08-02T21:38:43.117+0000] {taskinstance.py:2306} INFO - Starting attempt 1 of 1
[2025-08-02T21:38:43.134+0000] {taskinstance.py:2330} INFO - Executing <Task(GCSToGCSOperator): move_cards_file> on 2025-08-02 21:38:38.523055+00:00
[2025-08-02T21:38:43.150+0000] {warnings.py:112} WARNING - /home/***/.local/lib/python3.12/site-packages/***/task/task_runner/standard_task_runner.py:61: DeprecationWarning: This process (pid=806) is multi-threaded, use of fork() may lead to deadlocks in the child.
  pid = os.fork()

[2025-08-02T21:38:43.154+0000] {standard_task_runner.py:63} INFO - Started process 818 to run task
[2025-08-02T21:38:43.153+0000] {standard_task_runner.py:90} INFO - Running: ['***', 'tasks', 'run', 'gcs_move_landing_to_raw_v1', 'move_cards_file', 'manual__2025-08-02T21:38:38.523055+00:00', '--job-id', '42', '--raw', '--subdir', 'DAGS_FOLDER/gcs_load_dag.py', '--cfg-path', '/tmp/tmpwbjf1lwh']
[2025-08-02T21:38:43.158+0000] {standard_task_runner.py:91} INFO - Job 42: Subtask move_cards_file
[2025-08-02T21:38:43.261+0000] {task_command.py:426} INFO - Running <TaskInstance: gcs_move_landing_to_raw_v1.move_cards_file manual__2025-08-02T21:38:38.523055+00:00 [running]> on host 06d424bf0ee1
[2025-08-02T21:38:43.420+0000] {taskinstance.py:2648} INFO - Exporting env vars: AIRFLOW_CTX_DAG_OWNER='***' AIRFLOW_CTX_DAG_ID='gcs_move_landing_to_raw_v1' AIRFLOW_CTX_TASK_ID='move_cards_file' AIRFLOW_CTX_EXECUTION_DATE='2025-08-02T21:38:38.523055+00:00' AIRFLOW_CTX_TRY_NUMBER='1' AIRFLOW_CTX_DAG_RUN_ID='manual__2025-08-02T21:38:38.523055+00:00'
[2025-08-02T21:38:43.424+0000] {taskinstance.py:430} INFO - ::endgroup::
[2025-08-02T21:38:43.439+0000] {connection.py:274} WARNING - Connection schemes (type: google_cloud_platform) shall not contain '_' according to RFC3986.
[2025-08-02T21:38:43.443+0000] {base.py:84} INFO - Using connection ID 'google_cloud_default' for task execution.
[2025-08-02T21:38:44.778+0000] {gcs_to_gcs.py:534} INFO - Executing copy of gs://dataverse360-raw-data-rmk/landing/cards_data.csv to gs://dataverse360-raw-data-rmk/raw/cards_data.csv
[2025-08-02T21:38:45.168+0000] {gcs.py:261} INFO - Total Bytes: 509860 | Bytes Written: 509860
[2025-08-02T21:38:45.169+0000] {gcs.py:269} INFO - Object landing/cards_data.csv in bucket dataverse360-raw-data-rmk rewritten to object raw/cards_data.csv in bucket dataverse360-raw-data-rmk
[2025-08-02T21:38:45.169+0000] {taskinstance.py:441} INFO - ::group::Post task execution logs
[2025-08-02T21:38:45.186+0000] {taskinstance.py:1206} INFO - Marking task as SUCCESS. dag_id=gcs_move_landing_to_raw_v1, task_id=move_cards_file, run_id=manual__2025-08-02T21:38:38.523055+00:00, execution_date=20250802T213838, start_date=20250802T213843, end_date=20250802T213845
[2025-08-02T21:38:45.256+0000] {local_task_job_runner.py:240} INFO - Task exited with return code 0
[2025-08-02T21:38:45.272+0000] {local_task_job_runner.py:222} INFO - ::endgroup::
