[2025-08-12T02:35:10.661+0000] {local_task_job_runner.py:120} INFO - ::group::Pre task execution logs
[2025-08-12T02:35:10.711+0000] {taskinstance.py:2076} INFO - Dependencies all met for dep_context=non-requeueable deps ti=<TaskInstance: dbt_run_pipeline_v1.dbt_run manual__2025-08-12T02:35:07.791323+00:00 [queued]>
[2025-08-12T02:35:10.724+0000] {taskinstance.py:2076} INFO - Dependencies all met for dep_context=requeueable deps ti=<TaskInstance: dbt_run_pipeline_v1.dbt_run manual__2025-08-12T02:35:07.791323+00:00 [queued]>
[2025-08-12T02:35:10.735+0000] {taskinstance.py:2306} INFO - Starting attempt 1 of 1
[2025-08-12T02:35:10.761+0000] {taskinstance.py:2330} INFO - Executing <Task(BashOperator): dbt_run> on 2025-08-12 02:35:07.791323+00:00
[2025-08-12T02:35:10.774+0000] {warnings.py:112} WARNING - /home/***/.local/lib/python3.12/site-packages/***/task/task_runner/standard_task_runner.py:61: DeprecationWarning: This process (pid=1451) is multi-threaded, use of fork() may lead to deadlocks in the child.
  pid = os.fork()

[2025-08-12T02:35:10.779+0000] {standard_task_runner.py:63} INFO - Started process 1452 to run task
[2025-08-12T02:35:10.778+0000] {standard_task_runner.py:90} INFO - Running: ['***', 'tasks', 'run', 'dbt_run_pipeline_v1', 'dbt_run', 'manual__2025-08-12T02:35:07.791323+00:00', '--job-id', '12', '--raw', '--subdir', 'DAGS_FOLDER/dbt_run_pipeline_v1.py', '--cfg-path', '/tmp/tmp6uudgpf5']
[2025-08-12T02:35:10.780+0000] {standard_task_runner.py:91} INFO - Job 12: Subtask dbt_run
[2025-08-12T02:35:10.876+0000] {task_command.py:426} INFO - Running <TaskInstance: dbt_run_pipeline_v1.dbt_run manual__2025-08-12T02:35:07.791323+00:00 [running]> on host ef2de7cf7633
[2025-08-12T02:35:11.063+0000] {taskinstance.py:2648} INFO - Exporting env vars: AIRFLOW_CTX_DAG_OWNER='***' AIRFLOW_CTX_DAG_ID='dbt_run_pipeline_v1' AIRFLOW_CTX_TASK_ID='dbt_run' AIRFLOW_CTX_EXECUTION_DATE='2025-08-12T02:35:07.791323+00:00' AIRFLOW_CTX_TRY_NUMBER='1' AIRFLOW_CTX_DAG_RUN_ID='manual__2025-08-12T02:35:07.791323+00:00'
[2025-08-12T02:35:11.065+0000] {taskinstance.py:430} INFO - ::endgroup::
[2025-08-12T02:35:11.098+0000] {subprocess.py:63} INFO - Tmp dir root location: /tmp
[2025-08-12T02:35:11.099+0000] {subprocess.py:75} INFO - Running command: ['/usr/bin/bash', '-c', 'dbt run']
[2025-08-12T02:35:11.119+0000] {subprocess.py:86} INFO - Output:
[2025-08-12T02:35:14.746+0000] {subprocess.py:93} INFO - [0m02:35:14  Running with dbt=1.10.7
[2025-08-12T02:35:19.786+0000] {subprocess.py:93} INFO - [0m02:35:19  Registered adapter: bigquery=1.10.1
[2025-08-12T02:35:21.469+0000] {subprocess.py:93} INFO - [0m02:35:21  Found 8 models, 4 sources, 496 macros
[2025-08-12T02:35:21.475+0000] {subprocess.py:93} INFO - [0m02:35:21
[2025-08-12T02:35:21.477+0000] {subprocess.py:93} INFO - [0m02:35:21  Concurrency: 1 threads (target='dev')
[2025-08-12T02:35:21.479+0000] {subprocess.py:93} INFO - [0m02:35:21
[2025-08-12T02:35:23.873+0000] {subprocess.py:93} INFO - [0m02:35:23  1 of 8 START sql view model transaction_analytics.stg_cards .................... [RUN]
[2025-08-12T02:35:26.131+0000] {subprocess.py:93} INFO - [0m02:35:26  1 of 8 OK created sql view model transaction_analytics.stg_cards ............... [[32mCREATE VIEW (0 processed)[0m in 2.25s]
[2025-08-12T02:35:26.137+0000] {subprocess.py:93} INFO - [0m02:35:26  2 of 8 START sql view model transaction_analytics.stg_mcc ...................... [RUN]
[2025-08-12T02:35:28.238+0000] {subprocess.py:93} INFO - [0m02:35:28  2 of 8 OK created sql view model transaction_analytics.stg_mcc ................. [[32mCREATE VIEW (0 processed)[0m in 2.10s]
[2025-08-12T02:35:28.243+0000] {subprocess.py:93} INFO - [0m02:35:28  3 of 8 START sql view model transaction_analytics.stg_transactions ............. [RUN]
[2025-08-12T02:35:30.874+0000] {subprocess.py:93} INFO - [0m02:35:30  3 of 8 OK created sql view model transaction_analytics.stg_transactions ........ [[32mCREATE VIEW (0 processed)[0m in 2.62s]
[2025-08-12T02:35:30.880+0000] {subprocess.py:93} INFO - [0m02:35:30  4 of 8 START sql view model transaction_analytics.stg_users .................... [RUN]
[2025-08-12T02:35:32.655+0000] {subprocess.py:93} INFO - [0m02:35:32  4 of 8 OK created sql view model transaction_analytics.stg_users ............... [[32mCREATE VIEW (0 processed)[0m in 1.77s]
[2025-08-12T02:35:32.665+0000] {subprocess.py:93} INFO - [0m02:35:32  5 of 8 START sql view model transaction_analytics.dim_cards .................... [RUN]
[2025-08-12T02:35:34.965+0000] {subprocess.py:93} INFO - [0m02:35:34  5 of 8 OK created sql view model transaction_analytics.dim_cards ............... [[32mCREATE VIEW (0 processed)[0m in 2.29s]
[2025-08-12T02:35:34.973+0000] {subprocess.py:93} INFO - [0m02:35:34  6 of 8 START sql view model transaction_analytics.dim_mcc_codes ................ [RUN]
[2025-08-12T02:35:37.226+0000] {subprocess.py:93} INFO - [0m02:35:37  6 of 8 OK created sql view model transaction_analytics.dim_mcc_codes ........... [[32mCREATE VIEW (0 processed)[0m in 2.24s]
[2025-08-12T02:35:37.233+0000] {subprocess.py:93} INFO - [0m02:35:37  7 of 8 START sql view model transaction_analytics.dim_users .................... [RUN]
[2025-08-12T02:35:39.318+0000] {subprocess.py:93} INFO - [0m02:35:39  7 of 8 OK created sql view model transaction_analytics.dim_users ............... [[32mCREATE VIEW (0 processed)[0m in 2.08s]
[2025-08-12T02:35:39.328+0000] {subprocess.py:93} INFO - [0m02:35:39  8 of 8 START sql view model transaction_analytics.fct_transactions ............. [RUN]
[2025-08-12T02:35:41.591+0000] {subprocess.py:93} INFO - [0m02:35:41  8 of 8 OK created sql view model transaction_analytics.fct_transactions ........ [[32mCREATE VIEW (0 processed)[0m in 2.24s]
[2025-08-12T02:35:41.690+0000] {subprocess.py:93} INFO - [0m02:35:41
[2025-08-12T02:35:41.693+0000] {subprocess.py:93} INFO - [0m02:35:41  Finished running 8 view models in 0 hours 0 minutes and 20.21 seconds (20.21s).
[2025-08-12T02:35:41.822+0000] {subprocess.py:93} INFO - [0m02:35:41
[2025-08-12T02:35:41.824+0000] {subprocess.py:93} INFO - [0m02:35:41  [32mCompleted successfully[0m
[2025-08-12T02:35:41.826+0000] {subprocess.py:93} INFO - [0m02:35:41
[2025-08-12T02:35:41.827+0000] {subprocess.py:93} INFO - [0m02:35:41  Done. PASS=8 WARN=0 ERROR=0 SKIP=0 NO-OP=0 TOTAL=8
[2025-08-12T02:35:44.802+0000] {subprocess.py:97} INFO - Command exited with return code 0
[2025-08-12T02:35:44.803+0000] {taskinstance.py:441} INFO - ::group::Post task execution logs
[2025-08-12T02:35:44.862+0000] {taskinstance.py:1206} INFO - Marking task as SUCCESS. dag_id=dbt_run_pipeline_v1, task_id=dbt_run, run_id=manual__2025-08-12T02:35:07.791323+00:00, execution_date=20250812T023507, start_date=20250812T023510, end_date=20250812T023544
[2025-08-12T02:35:44.926+0000] {local_task_job_runner.py:240} INFO - Task exited with return code 0
[2025-08-12T02:35:44.954+0000] {taskinstance.py:3503} INFO - 0 downstream tasks scheduled from follow-on schedule check
[2025-08-12T02:35:44.968+0000] {local_task_job_runner.py:222} INFO - ::endgroup::
