[2025-08-09T18:48:41.472+0000] {processor.py:161} INFO - Started process (PID=50) to work on /opt/airflow/dags/dbt_run_pipeline_v1.py
[2025-08-09T18:48:41.474+0000] {processor.py:830} INFO - Processing file /opt/airflow/dags/dbt_run_pipeline_v1.py for tasks to queue
[2025-08-09T18:48:41.477+0000] {logging_mixin.py:188} INFO - [2025-08-09T18:48:41.476+0000] {dagbag.py:545} INFO - Filling up the DagBag from /opt/airflow/dags/dbt_run_pipeline_v1.py
[2025-08-09T18:48:41.514+0000] {processor.py:840} INFO - DAG(s) 'dbt_run_pipeline_v1' retrieved from /opt/airflow/dags/dbt_run_pipeline_v1.py
[2025-08-09T18:48:41.730+0000] {logging_mixin.py:188} INFO - [2025-08-09T18:48:41.729+0000] {override.py:1829} INFO - Created Permission View: can read on DAG:dbt_run_pipeline_v1
[2025-08-09T18:48:41.754+0000] {logging_mixin.py:188} INFO - [2025-08-09T18:48:41.754+0000] {override.py:1829} INFO - Created Permission View: can delete on DAG:dbt_run_pipeline_v1
[2025-08-09T18:48:41.765+0000] {logging_mixin.py:188} INFO - [2025-08-09T18:48:41.764+0000] {override.py:1829} INFO - Created Permission View: can edit on DAG:dbt_run_pipeline_v1
[2025-08-09T18:48:41.766+0000] {logging_mixin.py:188} INFO - [2025-08-09T18:48:41.766+0000] {dag.py:3096} INFO - Sync 1 DAGs
[2025-08-09T18:48:41.785+0000] {logging_mixin.py:188} INFO - [2025-08-09T18:48:41.785+0000] {dag.py:3118} INFO - Creating ORM DAG for dbt_run_pipeline_v1
[2025-08-09T18:48:41.787+0000] {logging_mixin.py:188} INFO - [2025-08-09T18:48:41.787+0000] {dag.py:3954} INFO - Setting next_dagrun for dbt_run_pipeline_v1 to None, run_after=None
[2025-08-09T18:48:41.826+0000] {processor.py:183} INFO - Processing /opt/airflow/dags/dbt_run_pipeline_v1.py took 0.362 seconds
[2025-08-09T18:49:13.247+0000] {processor.py:161} INFO - Started process (PID=118) to work on /opt/airflow/dags/dbt_run_pipeline_v1.py
[2025-08-09T18:49:13.248+0000] {processor.py:830} INFO - Processing file /opt/airflow/dags/dbt_run_pipeline_v1.py for tasks to queue
[2025-08-09T18:49:13.251+0000] {logging_mixin.py:188} INFO - [2025-08-09T18:49:13.250+0000] {dagbag.py:545} INFO - Filling up the DagBag from /opt/airflow/dags/dbt_run_pipeline_v1.py
[2025-08-09T18:49:13.264+0000] {processor.py:840} INFO - DAG(s) 'dbt_run_pipeline_v1' retrieved from /opt/airflow/dags/dbt_run_pipeline_v1.py
[2025-08-09T18:49:13.286+0000] {logging_mixin.py:188} INFO - [2025-08-09T18:49:13.286+0000] {dag.py:3096} INFO - Sync 1 DAGs
[2025-08-09T18:49:13.298+0000] {logging_mixin.py:188} INFO - [2025-08-09T18:49:13.297+0000] {dag.py:3954} INFO - Setting next_dagrun for dbt_run_pipeline_v1 to None, run_after=None
[2025-08-09T18:49:13.324+0000] {processor.py:183} INFO - Processing /opt/airflow/dags/dbt_run_pipeline_v1.py took 0.082 seconds
[2025-08-09T18:49:44.096+0000] {processor.py:161} INFO - Started process (PID=180) to work on /opt/airflow/dags/dbt_run_pipeline_v1.py
[2025-08-09T18:49:44.097+0000] {processor.py:830} INFO - Processing file /opt/airflow/dags/dbt_run_pipeline_v1.py for tasks to queue
[2025-08-09T18:49:44.099+0000] {logging_mixin.py:188} INFO - [2025-08-09T18:49:44.098+0000] {dagbag.py:545} INFO - Filling up the DagBag from /opt/airflow/dags/dbt_run_pipeline_v1.py
[2025-08-09T18:49:44.112+0000] {processor.py:840} INFO - DAG(s) 'dbt_run_pipeline_v1' retrieved from /opt/airflow/dags/dbt_run_pipeline_v1.py
[2025-08-09T18:49:44.204+0000] {logging_mixin.py:188} INFO - [2025-08-09T18:49:44.204+0000] {dag.py:3096} INFO - Sync 1 DAGs
[2025-08-09T18:49:44.215+0000] {logging_mixin.py:188} INFO - [2025-08-09T18:49:44.215+0000] {dag.py:3954} INFO - Setting next_dagrun for dbt_run_pipeline_v1 to None, run_after=None
[2025-08-09T18:49:44.241+0000] {processor.py:183} INFO - Processing /opt/airflow/dags/dbt_run_pipeline_v1.py took 0.151 seconds
[2025-08-09T18:50:14.984+0000] {processor.py:161} INFO - Started process (PID=242) to work on /opt/airflow/dags/dbt_run_pipeline_v1.py
[2025-08-09T18:50:14.985+0000] {processor.py:830} INFO - Processing file /opt/airflow/dags/dbt_run_pipeline_v1.py for tasks to queue
[2025-08-09T18:50:14.989+0000] {logging_mixin.py:188} INFO - [2025-08-09T18:50:14.988+0000] {dagbag.py:545} INFO - Filling up the DagBag from /opt/airflow/dags/dbt_run_pipeline_v1.py
[2025-08-09T18:50:15.005+0000] {processor.py:840} INFO - DAG(s) 'dbt_run_pipeline_v1' retrieved from /opt/airflow/dags/dbt_run_pipeline_v1.py
[2025-08-09T18:50:15.032+0000] {logging_mixin.py:188} INFO - [2025-08-09T18:50:15.031+0000] {dag.py:3096} INFO - Sync 1 DAGs
[2025-08-09T18:50:15.045+0000] {logging_mixin.py:188} INFO - [2025-08-09T18:50:15.044+0000] {dag.py:3954} INFO - Setting next_dagrun for dbt_run_pipeline_v1 to None, run_after=None
[2025-08-09T18:50:15.070+0000] {processor.py:183} INFO - Processing /opt/airflow/dags/dbt_run_pipeline_v1.py took 0.092 seconds
[2025-08-09T18:50:46.017+0000] {processor.py:161} INFO - Started process (PID=304) to work on /opt/airflow/dags/dbt_run_pipeline_v1.py
[2025-08-09T18:50:46.018+0000] {processor.py:830} INFO - Processing file /opt/airflow/dags/dbt_run_pipeline_v1.py for tasks to queue
[2025-08-09T18:50:46.021+0000] {logging_mixin.py:188} INFO - [2025-08-09T18:50:46.020+0000] {dagbag.py:545} INFO - Filling up the DagBag from /opt/airflow/dags/dbt_run_pipeline_v1.py
[2025-08-09T18:50:46.035+0000] {processor.py:840} INFO - DAG(s) 'dbt_run_pipeline_v1' retrieved from /opt/airflow/dags/dbt_run_pipeline_v1.py
[2025-08-09T18:50:46.061+0000] {logging_mixin.py:188} INFO - [2025-08-09T18:50:46.060+0000] {dag.py:3096} INFO - Sync 1 DAGs
[2025-08-09T18:50:46.077+0000] {logging_mixin.py:188} INFO - [2025-08-09T18:50:46.077+0000] {dag.py:3954} INFO - Setting next_dagrun for dbt_run_pipeline_v1 to None, run_after=None
[2025-08-09T18:50:46.109+0000] {processor.py:183} INFO - Processing /opt/airflow/dags/dbt_run_pipeline_v1.py took 0.097 seconds
[2025-08-09T18:51:16.180+0000] {processor.py:161} INFO - Started process (PID=366) to work on /opt/airflow/dags/dbt_run_pipeline_v1.py
[2025-08-09T18:51:16.182+0000] {processor.py:830} INFO - Processing file /opt/airflow/dags/dbt_run_pipeline_v1.py for tasks to queue
[2025-08-09T18:51:16.184+0000] {logging_mixin.py:188} INFO - [2025-08-09T18:51:16.184+0000] {dagbag.py:545} INFO - Filling up the DagBag from /opt/airflow/dags/dbt_run_pipeline_v1.py
[2025-08-09T18:51:16.196+0000] {processor.py:840} INFO - DAG(s) 'dbt_run_pipeline_v1' retrieved from /opt/airflow/dags/dbt_run_pipeline_v1.py
[2025-08-09T18:51:16.215+0000] {logging_mixin.py:188} INFO - [2025-08-09T18:51:16.214+0000] {dag.py:3096} INFO - Sync 1 DAGs
[2025-08-09T18:51:16.225+0000] {logging_mixin.py:188} INFO - [2025-08-09T18:51:16.225+0000] {dag.py:3954} INFO - Setting next_dagrun for dbt_run_pipeline_v1 to None, run_after=None
[2025-08-09T18:51:16.251+0000] {processor.py:183} INFO - Processing /opt/airflow/dags/dbt_run_pipeline_v1.py took 0.078 seconds
[2025-08-09T18:51:46.998+0000] {processor.py:161} INFO - Started process (PID=428) to work on /opt/airflow/dags/dbt_run_pipeline_v1.py
[2025-08-09T18:51:46.999+0000] {processor.py:830} INFO - Processing file /opt/airflow/dags/dbt_run_pipeline_v1.py for tasks to queue
[2025-08-09T18:51:47.002+0000] {logging_mixin.py:188} INFO - [2025-08-09T18:51:47.002+0000] {dagbag.py:545} INFO - Filling up the DagBag from /opt/airflow/dags/dbt_run_pipeline_v1.py
[2025-08-09T18:51:47.015+0000] {processor.py:840} INFO - DAG(s) 'dbt_run_pipeline_v1' retrieved from /opt/airflow/dags/dbt_run_pipeline_v1.py
[2025-08-09T18:51:47.035+0000] {logging_mixin.py:188} INFO - [2025-08-09T18:51:47.034+0000] {dag.py:3096} INFO - Sync 1 DAGs
[2025-08-09T18:51:47.044+0000] {logging_mixin.py:188} INFO - [2025-08-09T18:51:47.044+0000] {dag.py:3954} INFO - Setting next_dagrun for dbt_run_pipeline_v1 to None, run_after=None
[2025-08-09T18:51:47.061+0000] {processor.py:183} INFO - Processing /opt/airflow/dags/dbt_run_pipeline_v1.py took 0.068 seconds
[2025-08-09T18:52:17.462+0000] {processor.py:161} INFO - Started process (PID=490) to work on /opt/airflow/dags/dbt_run_pipeline_v1.py
[2025-08-09T18:52:17.463+0000] {processor.py:830} INFO - Processing file /opt/airflow/dags/dbt_run_pipeline_v1.py for tasks to queue
[2025-08-09T18:52:17.465+0000] {logging_mixin.py:188} INFO - [2025-08-09T18:52:17.465+0000] {dagbag.py:545} INFO - Filling up the DagBag from /opt/airflow/dags/dbt_run_pipeline_v1.py
[2025-08-09T18:52:17.479+0000] {processor.py:840} INFO - DAG(s) 'dbt_run_pipeline_v1' retrieved from /opt/airflow/dags/dbt_run_pipeline_v1.py
[2025-08-09T18:52:17.504+0000] {logging_mixin.py:188} INFO - [2025-08-09T18:52:17.504+0000] {dag.py:3096} INFO - Sync 1 DAGs
[2025-08-09T18:52:17.518+0000] {logging_mixin.py:188} INFO - [2025-08-09T18:52:17.518+0000] {dag.py:3954} INFO - Setting next_dagrun for dbt_run_pipeline_v1 to None, run_after=None
[2025-08-09T18:52:17.540+0000] {processor.py:183} INFO - Processing /opt/airflow/dags/dbt_run_pipeline_v1.py took 0.083 seconds
[2025-08-09T18:52:47.991+0000] {processor.py:161} INFO - Started process (PID=552) to work on /opt/airflow/dags/dbt_run_pipeline_v1.py
[2025-08-09T18:52:47.993+0000] {processor.py:830} INFO - Processing file /opt/airflow/dags/dbt_run_pipeline_v1.py for tasks to queue
[2025-08-09T18:52:47.996+0000] {logging_mixin.py:188} INFO - [2025-08-09T18:52:47.996+0000] {dagbag.py:545} INFO - Filling up the DagBag from /opt/airflow/dags/dbt_run_pipeline_v1.py
[2025-08-09T18:52:48.011+0000] {processor.py:840} INFO - DAG(s) 'dbt_run_pipeline_v1' retrieved from /opt/airflow/dags/dbt_run_pipeline_v1.py
[2025-08-09T18:52:48.035+0000] {logging_mixin.py:188} INFO - [2025-08-09T18:52:48.035+0000] {dag.py:3096} INFO - Sync 1 DAGs
[2025-08-09T18:52:48.049+0000] {logging_mixin.py:188} INFO - [2025-08-09T18:52:48.049+0000] {dag.py:3954} INFO - Setting next_dagrun for dbt_run_pipeline_v1 to None, run_after=None
[2025-08-09T18:52:48.078+0000] {processor.py:183} INFO - Processing /opt/airflow/dags/dbt_run_pipeline_v1.py took 0.095 seconds
[2025-08-09T18:53:17.380+0000] {processor.py:161} INFO - Started process (PID=614) to work on /opt/airflow/dags/dbt_run_pipeline_v1.py
[2025-08-09T18:53:17.382+0000] {processor.py:830} INFO - Processing file /opt/airflow/dags/dbt_run_pipeline_v1.py for tasks to queue
[2025-08-09T18:53:17.384+0000] {logging_mixin.py:188} INFO - [2025-08-09T18:53:17.384+0000] {dagbag.py:545} INFO - Filling up the DagBag from /opt/airflow/dags/dbt_run_pipeline_v1.py
[2025-08-09T18:53:17.406+0000] {processor.py:840} INFO - DAG(s) 'dbt_run_pipeline_v1' retrieved from /opt/airflow/dags/dbt_run_pipeline_v1.py
[2025-08-09T18:53:17.428+0000] {logging_mixin.py:188} INFO - [2025-08-09T18:53:17.428+0000] {dag.py:3096} INFO - Sync 1 DAGs
[2025-08-09T18:53:17.441+0000] {logging_mixin.py:188} INFO - [2025-08-09T18:53:17.440+0000] {dag.py:3954} INFO - Setting next_dagrun for dbt_run_pipeline_v1 to None, run_after=None
[2025-08-09T18:53:17.461+0000] {processor.py:183} INFO - Processing /opt/airflow/dags/dbt_run_pipeline_v1.py took 0.086 seconds
[2025-08-09T18:53:48.377+0000] {processor.py:161} INFO - Started process (PID=676) to work on /opt/airflow/dags/dbt_run_pipeline_v1.py
[2025-08-09T18:53:48.378+0000] {processor.py:830} INFO - Processing file /opt/airflow/dags/dbt_run_pipeline_v1.py for tasks to queue
[2025-08-09T18:53:48.380+0000] {logging_mixin.py:188} INFO - [2025-08-09T18:53:48.380+0000] {dagbag.py:545} INFO - Filling up the DagBag from /opt/airflow/dags/dbt_run_pipeline_v1.py
[2025-08-09T18:53:48.394+0000] {processor.py:840} INFO - DAG(s) 'dbt_run_pipeline_v1' retrieved from /opt/airflow/dags/dbt_run_pipeline_v1.py
[2025-08-09T18:53:48.412+0000] {logging_mixin.py:188} INFO - [2025-08-09T18:53:48.412+0000] {dag.py:3096} INFO - Sync 1 DAGs
[2025-08-09T18:53:48.423+0000] {logging_mixin.py:188} INFO - [2025-08-09T18:53:48.423+0000] {dag.py:3954} INFO - Setting next_dagrun for dbt_run_pipeline_v1 to None, run_after=None
[2025-08-09T18:53:48.447+0000] {processor.py:183} INFO - Processing /opt/airflow/dags/dbt_run_pipeline_v1.py took 0.074 seconds
[2025-08-09T18:54:19.038+0000] {processor.py:161} INFO - Started process (PID=738) to work on /opt/airflow/dags/dbt_run_pipeline_v1.py
[2025-08-09T18:54:19.039+0000] {processor.py:830} INFO - Processing file /opt/airflow/dags/dbt_run_pipeline_v1.py for tasks to queue
[2025-08-09T18:54:19.042+0000] {logging_mixin.py:188} INFO - [2025-08-09T18:54:19.041+0000] {dagbag.py:545} INFO - Filling up the DagBag from /opt/airflow/dags/dbt_run_pipeline_v1.py
[2025-08-09T18:54:19.058+0000] {processor.py:840} INFO - DAG(s) 'dbt_run_pipeline_v1' retrieved from /opt/airflow/dags/dbt_run_pipeline_v1.py
[2025-08-09T18:54:19.083+0000] {logging_mixin.py:188} INFO - [2025-08-09T18:54:19.083+0000] {dag.py:3096} INFO - Sync 1 DAGs
[2025-08-09T18:54:19.094+0000] {logging_mixin.py:188} INFO - [2025-08-09T18:54:19.094+0000] {dag.py:3954} INFO - Setting next_dagrun for dbt_run_pipeline_v1 to None, run_after=None
[2025-08-09T18:54:19.118+0000] {processor.py:183} INFO - Processing /opt/airflow/dags/dbt_run_pipeline_v1.py took 0.086 seconds
[2025-08-09T18:54:49.468+0000] {processor.py:161} INFO - Started process (PID=800) to work on /opt/airflow/dags/dbt_run_pipeline_v1.py
[2025-08-09T18:54:49.469+0000] {processor.py:830} INFO - Processing file /opt/airflow/dags/dbt_run_pipeline_v1.py for tasks to queue
[2025-08-09T18:54:49.472+0000] {logging_mixin.py:188} INFO - [2025-08-09T18:54:49.472+0000] {dagbag.py:545} INFO - Filling up the DagBag from /opt/airflow/dags/dbt_run_pipeline_v1.py
[2025-08-09T18:54:49.488+0000] {processor.py:840} INFO - DAG(s) 'dbt_run_pipeline_v1' retrieved from /opt/airflow/dags/dbt_run_pipeline_v1.py
[2025-08-09T18:54:49.512+0000] {logging_mixin.py:188} INFO - [2025-08-09T18:54:49.511+0000] {dag.py:3096} INFO - Sync 1 DAGs
[2025-08-09T18:54:49.524+0000] {logging_mixin.py:188} INFO - [2025-08-09T18:54:49.524+0000] {dag.py:3954} INFO - Setting next_dagrun for dbt_run_pipeline_v1 to None, run_after=None
[2025-08-09T18:54:49.559+0000] {processor.py:183} INFO - Processing /opt/airflow/dags/dbt_run_pipeline_v1.py took 0.097 seconds
[2025-08-09T18:55:20.103+0000] {processor.py:161} INFO - Started process (PID=862) to work on /opt/airflow/dags/dbt_run_pipeline_v1.py
[2025-08-09T18:55:20.104+0000] {processor.py:830} INFO - Processing file /opt/airflow/dags/dbt_run_pipeline_v1.py for tasks to queue
[2025-08-09T18:55:20.106+0000] {logging_mixin.py:188} INFO - [2025-08-09T18:55:20.106+0000] {dagbag.py:545} INFO - Filling up the DagBag from /opt/airflow/dags/dbt_run_pipeline_v1.py
[2025-08-09T18:55:20.117+0000] {processor.py:840} INFO - DAG(s) 'dbt_run_pipeline_v1' retrieved from /opt/airflow/dags/dbt_run_pipeline_v1.py
[2025-08-09T18:55:20.135+0000] {logging_mixin.py:188} INFO - [2025-08-09T18:55:20.135+0000] {dag.py:3096} INFO - Sync 1 DAGs
[2025-08-09T18:55:20.145+0000] {logging_mixin.py:188} INFO - [2025-08-09T18:55:20.145+0000] {dag.py:3954} INFO - Setting next_dagrun for dbt_run_pipeline_v1 to None, run_after=None
[2025-08-09T18:55:20.161+0000] {processor.py:183} INFO - Processing /opt/airflow/dags/dbt_run_pipeline_v1.py took 0.063 seconds
[2025-08-09T18:55:50.581+0000] {processor.py:161} INFO - Started process (PID=924) to work on /opt/airflow/dags/dbt_run_pipeline_v1.py
[2025-08-09T18:55:50.582+0000] {processor.py:830} INFO - Processing file /opt/airflow/dags/dbt_run_pipeline_v1.py for tasks to queue
[2025-08-09T18:55:50.584+0000] {logging_mixin.py:188} INFO - [2025-08-09T18:55:50.584+0000] {dagbag.py:545} INFO - Filling up the DagBag from /opt/airflow/dags/dbt_run_pipeline_v1.py
[2025-08-09T18:55:50.596+0000] {processor.py:840} INFO - DAG(s) 'dbt_run_pipeline_v1' retrieved from /opt/airflow/dags/dbt_run_pipeline_v1.py
[2025-08-09T18:55:50.614+0000] {logging_mixin.py:188} INFO - [2025-08-09T18:55:50.614+0000] {dag.py:3096} INFO - Sync 1 DAGs
[2025-08-09T18:55:50.624+0000] {logging_mixin.py:188} INFO - [2025-08-09T18:55:50.624+0000] {dag.py:3954} INFO - Setting next_dagrun for dbt_run_pipeline_v1 to None, run_after=None
[2025-08-09T18:55:50.647+0000] {processor.py:183} INFO - Processing /opt/airflow/dags/dbt_run_pipeline_v1.py took 0.071 seconds
[2025-08-09T18:56:20.834+0000] {processor.py:161} INFO - Started process (PID=986) to work on /opt/airflow/dags/dbt_run_pipeline_v1.py
[2025-08-09T18:56:20.835+0000] {processor.py:830} INFO - Processing file /opt/airflow/dags/dbt_run_pipeline_v1.py for tasks to queue
[2025-08-09T18:56:20.837+0000] {logging_mixin.py:188} INFO - [2025-08-09T18:56:20.837+0000] {dagbag.py:545} INFO - Filling up the DagBag from /opt/airflow/dags/dbt_run_pipeline_v1.py
[2025-08-09T18:56:20.849+0000] {processor.py:840} INFO - DAG(s) 'dbt_run_pipeline_v1' retrieved from /opt/airflow/dags/dbt_run_pipeline_v1.py
[2025-08-09T18:56:20.868+0000] {logging_mixin.py:188} INFO - [2025-08-09T18:56:20.868+0000] {dag.py:3096} INFO - Sync 1 DAGs
[2025-08-09T18:56:20.877+0000] {logging_mixin.py:188} INFO - [2025-08-09T18:56:20.877+0000] {dag.py:3954} INFO - Setting next_dagrun for dbt_run_pipeline_v1 to None, run_after=None
[2025-08-09T18:56:20.900+0000] {processor.py:183} INFO - Processing /opt/airflow/dags/dbt_run_pipeline_v1.py took 0.071 seconds
[2025-08-09T18:56:51.291+0000] {processor.py:161} INFO - Started process (PID=1048) to work on /opt/airflow/dags/dbt_run_pipeline_v1.py
[2025-08-09T18:56:51.292+0000] {processor.py:830} INFO - Processing file /opt/airflow/dags/dbt_run_pipeline_v1.py for tasks to queue
[2025-08-09T18:56:51.294+0000] {logging_mixin.py:188} INFO - [2025-08-09T18:56:51.293+0000] {dagbag.py:545} INFO - Filling up the DagBag from /opt/airflow/dags/dbt_run_pipeline_v1.py
[2025-08-09T18:56:51.306+0000] {processor.py:840} INFO - DAG(s) 'dbt_run_pipeline_v1' retrieved from /opt/airflow/dags/dbt_run_pipeline_v1.py
[2025-08-09T18:56:51.324+0000] {logging_mixin.py:188} INFO - [2025-08-09T18:56:51.324+0000] {dag.py:3096} INFO - Sync 1 DAGs
[2025-08-09T18:56:51.334+0000] {logging_mixin.py:188} INFO - [2025-08-09T18:56:51.334+0000] {dag.py:3954} INFO - Setting next_dagrun for dbt_run_pipeline_v1 to None, run_after=None
[2025-08-09T18:56:51.352+0000] {processor.py:183} INFO - Processing /opt/airflow/dags/dbt_run_pipeline_v1.py took 0.066 seconds
[2025-08-09T18:57:21.803+0000] {processor.py:161} INFO - Started process (PID=1111) to work on /opt/airflow/dags/dbt_run_pipeline_v1.py
[2025-08-09T18:57:21.810+0000] {processor.py:830} INFO - Processing file /opt/airflow/dags/dbt_run_pipeline_v1.py for tasks to queue
[2025-08-09T18:57:21.828+0000] {logging_mixin.py:188} INFO - [2025-08-09T18:57:21.825+0000] {dagbag.py:545} INFO - Filling up the DagBag from /opt/airflow/dags/dbt_run_pipeline_v1.py
[2025-08-09T18:57:21.883+0000] {processor.py:840} INFO - DAG(s) 'dbt_run_pipeline_v1' retrieved from /opt/airflow/dags/dbt_run_pipeline_v1.py
[2025-08-09T18:57:21.956+0000] {logging_mixin.py:188} INFO - [2025-08-09T18:57:21.956+0000] {dag.py:3096} INFO - Sync 1 DAGs
[2025-08-09T18:57:21.999+0000] {logging_mixin.py:188} INFO - [2025-08-09T18:57:21.998+0000] {dag.py:3954} INFO - Setting next_dagrun for dbt_run_pipeline_v1 to None, run_after=None
[2025-08-09T18:57:22.072+0000] {processor.py:183} INFO - Processing /opt/airflow/dags/dbt_run_pipeline_v1.py took 0.290 seconds
[2025-08-09T19:04:13.456+0000] {processor.py:161} INFO - Started process (PID=1113) to work on /opt/airflow/dags/dbt_run_pipeline_v1.py
[2025-08-09T19:04:13.457+0000] {processor.py:830} INFO - Processing file /opt/airflow/dags/dbt_run_pipeline_v1.py for tasks to queue
[2025-08-09T19:04:13.458+0000] {logging_mixin.py:188} INFO - [2025-08-09T19:04:13.458+0000] {dagbag.py:545} INFO - Filling up the DagBag from /opt/airflow/dags/dbt_run_pipeline_v1.py
[2025-08-09T19:04:13.470+0000] {processor.py:840} INFO - DAG(s) 'dbt_run_pipeline_v1' retrieved from /opt/airflow/dags/dbt_run_pipeline_v1.py
[2025-08-09T19:04:13.492+0000] {logging_mixin.py:188} INFO - [2025-08-09T19:04:13.492+0000] {dag.py:3096} INFO - Sync 1 DAGs
[2025-08-09T19:04:13.504+0000] {logging_mixin.py:188} INFO - [2025-08-09T19:04:13.504+0000] {dag.py:3954} INFO - Setting next_dagrun for dbt_run_pipeline_v1 to None, run_after=None
[2025-08-09T19:04:13.522+0000] {processor.py:183} INFO - Processing /opt/airflow/dags/dbt_run_pipeline_v1.py took 0.072 seconds
[2025-08-09T19:04:43.933+0000] {processor.py:161} INFO - Started process (PID=1175) to work on /opt/airflow/dags/dbt_run_pipeline_v1.py
[2025-08-09T19:04:43.934+0000] {processor.py:830} INFO - Processing file /opt/airflow/dags/dbt_run_pipeline_v1.py for tasks to queue
[2025-08-09T19:04:43.936+0000] {logging_mixin.py:188} INFO - [2025-08-09T19:04:43.936+0000] {dagbag.py:545} INFO - Filling up the DagBag from /opt/airflow/dags/dbt_run_pipeline_v1.py
[2025-08-09T19:04:43.949+0000] {processor.py:840} INFO - DAG(s) 'dbt_run_pipeline_v1' retrieved from /opt/airflow/dags/dbt_run_pipeline_v1.py
[2025-08-09T19:04:43.967+0000] {logging_mixin.py:188} INFO - [2025-08-09T19:04:43.967+0000] {dag.py:3096} INFO - Sync 1 DAGs
[2025-08-09T19:04:43.977+0000] {logging_mixin.py:188} INFO - [2025-08-09T19:04:43.977+0000] {dag.py:3954} INFO - Setting next_dagrun for dbt_run_pipeline_v1 to None, run_after=None
[2025-08-09T19:04:43.998+0000] {processor.py:183} INFO - Processing /opt/airflow/dags/dbt_run_pipeline_v1.py took 0.070 seconds
[2025-08-09T19:05:14.738+0000] {processor.py:161} INFO - Started process (PID=1237) to work on /opt/airflow/dags/dbt_run_pipeline_v1.py
[2025-08-09T19:05:14.739+0000] {processor.py:830} INFO - Processing file /opt/airflow/dags/dbt_run_pipeline_v1.py for tasks to queue
[2025-08-09T19:05:14.742+0000] {logging_mixin.py:188} INFO - [2025-08-09T19:05:14.742+0000] {dagbag.py:545} INFO - Filling up the DagBag from /opt/airflow/dags/dbt_run_pipeline_v1.py
[2025-08-09T19:05:14.756+0000] {processor.py:840} INFO - DAG(s) 'dbt_run_pipeline_v1' retrieved from /opt/airflow/dags/dbt_run_pipeline_v1.py
[2025-08-09T19:05:14.778+0000] {logging_mixin.py:188} INFO - [2025-08-09T19:05:14.777+0000] {dag.py:3096} INFO - Sync 1 DAGs
[2025-08-09T19:05:14.789+0000] {logging_mixin.py:188} INFO - [2025-08-09T19:05:14.789+0000] {dag.py:3954} INFO - Setting next_dagrun for dbt_run_pipeline_v1 to None, run_after=None
[2025-08-09T19:05:14.808+0000] {processor.py:183} INFO - Processing /opt/airflow/dags/dbt_run_pipeline_v1.py took 0.076 seconds
[2025-08-09T19:05:45.513+0000] {processor.py:161} INFO - Started process (PID=1299) to work on /opt/airflow/dags/dbt_run_pipeline_v1.py
[2025-08-09T19:05:45.515+0000] {processor.py:830} INFO - Processing file /opt/airflow/dags/dbt_run_pipeline_v1.py for tasks to queue
[2025-08-09T19:05:45.518+0000] {logging_mixin.py:188} INFO - [2025-08-09T19:05:45.518+0000] {dagbag.py:545} INFO - Filling up the DagBag from /opt/airflow/dags/dbt_run_pipeline_v1.py
[2025-08-09T19:05:45.532+0000] {processor.py:840} INFO - DAG(s) 'dbt_run_pipeline_v1' retrieved from /opt/airflow/dags/dbt_run_pipeline_v1.py
[2025-08-09T19:05:45.554+0000] {logging_mixin.py:188} INFO - [2025-08-09T19:05:45.554+0000] {dag.py:3096} INFO - Sync 1 DAGs
[2025-08-09T19:05:45.567+0000] {logging_mixin.py:188} INFO - [2025-08-09T19:05:45.566+0000] {dag.py:3954} INFO - Setting next_dagrun for dbt_run_pipeline_v1 to None, run_after=None
[2025-08-09T19:05:45.585+0000] {processor.py:183} INFO - Processing /opt/airflow/dags/dbt_run_pipeline_v1.py took 0.079 seconds
[2025-08-09T19:06:15.860+0000] {processor.py:161} INFO - Started process (PID=1361) to work on /opt/airflow/dags/dbt_run_pipeline_v1.py
[2025-08-09T19:06:15.861+0000] {processor.py:830} INFO - Processing file /opt/airflow/dags/dbt_run_pipeline_v1.py for tasks to queue
[2025-08-09T19:06:15.863+0000] {logging_mixin.py:188} INFO - [2025-08-09T19:06:15.863+0000] {dagbag.py:545} INFO - Filling up the DagBag from /opt/airflow/dags/dbt_run_pipeline_v1.py
[2025-08-09T19:06:15.877+0000] {processor.py:840} INFO - DAG(s) 'dbt_run_pipeline_v1' retrieved from /opt/airflow/dags/dbt_run_pipeline_v1.py
[2025-08-09T19:06:15.896+0000] {logging_mixin.py:188} INFO - [2025-08-09T19:06:15.896+0000] {dag.py:3096} INFO - Sync 1 DAGs
[2025-08-09T19:06:15.906+0000] {logging_mixin.py:188} INFO - [2025-08-09T19:06:15.906+0000] {dag.py:3954} INFO - Setting next_dagrun for dbt_run_pipeline_v1 to None, run_after=None
[2025-08-09T19:06:15.923+0000] {processor.py:183} INFO - Processing /opt/airflow/dags/dbt_run_pipeline_v1.py took 0.068 seconds
[2025-08-09T19:06:46.297+0000] {processor.py:161} INFO - Started process (PID=1423) to work on /opt/airflow/dags/dbt_run_pipeline_v1.py
[2025-08-09T19:06:46.298+0000] {processor.py:830} INFO - Processing file /opt/airflow/dags/dbt_run_pipeline_v1.py for tasks to queue
[2025-08-09T19:06:46.300+0000] {logging_mixin.py:188} INFO - [2025-08-09T19:06:46.300+0000] {dagbag.py:545} INFO - Filling up the DagBag from /opt/airflow/dags/dbt_run_pipeline_v1.py
[2025-08-09T19:06:46.312+0000] {processor.py:840} INFO - DAG(s) 'dbt_run_pipeline_v1' retrieved from /opt/airflow/dags/dbt_run_pipeline_v1.py
[2025-08-09T19:06:46.332+0000] {logging_mixin.py:188} INFO - [2025-08-09T19:06:46.331+0000] {dag.py:3096} INFO - Sync 1 DAGs
[2025-08-09T19:06:46.342+0000] {logging_mixin.py:188} INFO - [2025-08-09T19:06:46.342+0000] {dag.py:3954} INFO - Setting next_dagrun for dbt_run_pipeline_v1 to None, run_after=None
[2025-08-09T19:06:46.359+0000] {processor.py:183} INFO - Processing /opt/airflow/dags/dbt_run_pipeline_v1.py took 0.066 seconds
[2025-08-09T19:07:16.668+0000] {processor.py:161} INFO - Started process (PID=1485) to work on /opt/airflow/dags/dbt_run_pipeline_v1.py
[2025-08-09T19:07:16.669+0000] {processor.py:830} INFO - Processing file /opt/airflow/dags/dbt_run_pipeline_v1.py for tasks to queue
[2025-08-09T19:07:16.672+0000] {logging_mixin.py:188} INFO - [2025-08-09T19:07:16.671+0000] {dagbag.py:545} INFO - Filling up the DagBag from /opt/airflow/dags/dbt_run_pipeline_v1.py
[2025-08-09T19:07:16.685+0000] {processor.py:840} INFO - DAG(s) 'dbt_run_pipeline_v1' retrieved from /opt/airflow/dags/dbt_run_pipeline_v1.py
[2025-08-09T19:07:16.704+0000] {logging_mixin.py:188} INFO - [2025-08-09T19:07:16.704+0000] {dag.py:3096} INFO - Sync 1 DAGs
[2025-08-09T19:07:16.715+0000] {logging_mixin.py:188} INFO - [2025-08-09T19:07:16.715+0000] {dag.py:3954} INFO - Setting next_dagrun for dbt_run_pipeline_v1 to None, run_after=None
[2025-08-09T19:07:16.731+0000] {processor.py:183} INFO - Processing /opt/airflow/dags/dbt_run_pipeline_v1.py took 0.068 seconds
[2025-08-09T19:07:46.897+0000] {processor.py:161} INFO - Started process (PID=1547) to work on /opt/airflow/dags/dbt_run_pipeline_v1.py
[2025-08-09T19:07:46.898+0000] {processor.py:830} INFO - Processing file /opt/airflow/dags/dbt_run_pipeline_v1.py for tasks to queue
[2025-08-09T19:07:46.900+0000] {logging_mixin.py:188} INFO - [2025-08-09T19:07:46.900+0000] {dagbag.py:545} INFO - Filling up the DagBag from /opt/airflow/dags/dbt_run_pipeline_v1.py
[2025-08-09T19:07:46.913+0000] {processor.py:840} INFO - DAG(s) 'dbt_run_pipeline_v1' retrieved from /opt/airflow/dags/dbt_run_pipeline_v1.py
[2025-08-09T19:07:46.930+0000] {logging_mixin.py:188} INFO - [2025-08-09T19:07:46.930+0000] {dag.py:3096} INFO - Sync 1 DAGs
[2025-08-09T19:07:46.941+0000] {logging_mixin.py:188} INFO - [2025-08-09T19:07:46.941+0000] {dag.py:3954} INFO - Setting next_dagrun for dbt_run_pipeline_v1 to None, run_after=None
[2025-08-09T19:07:46.959+0000] {processor.py:183} INFO - Processing /opt/airflow/dags/dbt_run_pipeline_v1.py took 0.066 seconds
[2025-08-09T20:12:04.318+0000] {processor.py:161} INFO - Started process (PID=1603) to work on /opt/airflow/dags/dbt_run_pipeline_v1.py
[2025-08-09T20:12:04.321+0000] {processor.py:830} INFO - Processing file /opt/airflow/dags/dbt_run_pipeline_v1.py for tasks to queue
[2025-08-09T20:12:04.334+0000] {logging_mixin.py:188} INFO - [2025-08-09T20:12:04.333+0000] {dagbag.py:545} INFO - Filling up the DagBag from /opt/airflow/dags/dbt_run_pipeline_v1.py
[2025-08-09T20:12:04.399+0000] {processor.py:840} INFO - DAG(s) 'dbt_run_pipeline_v1' retrieved from /opt/airflow/dags/dbt_run_pipeline_v1.py
[2025-08-09T20:12:04.467+0000] {logging_mixin.py:188} INFO - [2025-08-09T20:12:04.466+0000] {dag.py:3096} INFO - Sync 1 DAGs
[2025-08-09T20:12:04.521+0000] {logging_mixin.py:188} INFO - [2025-08-09T20:12:04.521+0000] {dag.py:3954} INFO - Setting next_dagrun for dbt_run_pipeline_v1 to None, run_after=None
[2025-08-09T20:12:04.602+0000] {processor.py:183} INFO - Processing /opt/airflow/dags/dbt_run_pipeline_v1.py took 0.307 seconds
[2025-08-09T20:12:34.903+0000] {processor.py:161} INFO - Started process (PID=1665) to work on /opt/airflow/dags/dbt_run_pipeline_v1.py
[2025-08-09T20:12:34.904+0000] {processor.py:830} INFO - Processing file /opt/airflow/dags/dbt_run_pipeline_v1.py for tasks to queue
[2025-08-09T20:12:34.906+0000] {logging_mixin.py:188} INFO - [2025-08-09T20:12:34.906+0000] {dagbag.py:545} INFO - Filling up the DagBag from /opt/airflow/dags/dbt_run_pipeline_v1.py
[2025-08-09T20:12:34.919+0000] {processor.py:840} INFO - DAG(s) 'dbt_run_pipeline_v1' retrieved from /opt/airflow/dags/dbt_run_pipeline_v1.py
[2025-08-09T20:12:34.942+0000] {logging_mixin.py:188} INFO - [2025-08-09T20:12:34.941+0000] {dag.py:3096} INFO - Sync 1 DAGs
[2025-08-09T20:12:34.953+0000] {logging_mixin.py:188} INFO - [2025-08-09T20:12:34.953+0000] {dag.py:3954} INFO - Setting next_dagrun for dbt_run_pipeline_v1 to None, run_after=None
[2025-08-09T20:12:34.972+0000] {processor.py:183} INFO - Processing /opt/airflow/dags/dbt_run_pipeline_v1.py took 0.074 seconds
[2025-08-09T20:13:05.408+0000] {processor.py:161} INFO - Started process (PID=1727) to work on /opt/airflow/dags/dbt_run_pipeline_v1.py
[2025-08-09T20:13:05.409+0000] {processor.py:830} INFO - Processing file /opt/airflow/dags/dbt_run_pipeline_v1.py for tasks to queue
[2025-08-09T20:13:05.412+0000] {logging_mixin.py:188} INFO - [2025-08-09T20:13:05.412+0000] {dagbag.py:545} INFO - Filling up the DagBag from /opt/airflow/dags/dbt_run_pipeline_v1.py
[2025-08-09T20:13:05.427+0000] {processor.py:840} INFO - DAG(s) 'dbt_run_pipeline_v1' retrieved from /opt/airflow/dags/dbt_run_pipeline_v1.py
[2025-08-09T20:13:05.447+0000] {logging_mixin.py:188} INFO - [2025-08-09T20:13:05.447+0000] {dag.py:3096} INFO - Sync 1 DAGs
[2025-08-09T20:13:05.460+0000] {logging_mixin.py:188} INFO - [2025-08-09T20:13:05.460+0000] {dag.py:3954} INFO - Setting next_dagrun for dbt_run_pipeline_v1 to None, run_after=None
[2025-08-09T20:13:05.480+0000] {processor.py:183} INFO - Processing /opt/airflow/dags/dbt_run_pipeline_v1.py took 0.079 seconds
[2025-08-09T20:14:43.061+0000] {processor.py:161} INFO - Started process (PID=56) to work on /opt/airflow/dags/dbt_run_pipeline_v1.py
[2025-08-09T20:14:43.063+0000] {processor.py:830} INFO - Processing file /opt/airflow/dags/dbt_run_pipeline_v1.py for tasks to queue
[2025-08-09T20:14:43.066+0000] {logging_mixin.py:188} INFO - [2025-08-09T20:14:43.065+0000] {dagbag.py:545} INFO - Filling up the DagBag from /opt/airflow/dags/dbt_run_pipeline_v1.py
[2025-08-09T20:14:43.106+0000] {processor.py:840} INFO - DAG(s) 'dbt_run_pipeline_v1' retrieved from /opt/airflow/dags/dbt_run_pipeline_v1.py
[2025-08-09T20:14:43.368+0000] {logging_mixin.py:188} INFO - [2025-08-09T20:14:43.367+0000] {dag.py:3096} INFO - Sync 1 DAGs
[2025-08-09T20:14:43.378+0000] {logging_mixin.py:188} INFO - [2025-08-09T20:14:43.377+0000] {dag.py:3954} INFO - Setting next_dagrun for dbt_run_pipeline_v1 to None, run_after=None
[2025-08-09T20:14:43.400+0000] {processor.py:183} INFO - Processing /opt/airflow/dags/dbt_run_pipeline_v1.py took 0.347 seconds
[2025-08-09T20:15:14.757+0000] {processor.py:161} INFO - Started process (PID=118) to work on /opt/airflow/dags/dbt_run_pipeline_v1.py
[2025-08-09T20:15:14.759+0000] {processor.py:830} INFO - Processing file /opt/airflow/dags/dbt_run_pipeline_v1.py for tasks to queue
[2025-08-09T20:15:14.761+0000] {logging_mixin.py:188} INFO - [2025-08-09T20:15:14.761+0000] {dagbag.py:545} INFO - Filling up the DagBag from /opt/airflow/dags/dbt_run_pipeline_v1.py
[2025-08-09T20:15:14.777+0000] {processor.py:840} INFO - DAG(s) 'dbt_run_pipeline_v1' retrieved from /opt/airflow/dags/dbt_run_pipeline_v1.py
[2025-08-09T20:15:14.801+0000] {logging_mixin.py:188} INFO - [2025-08-09T20:15:14.801+0000] {dag.py:3096} INFO - Sync 1 DAGs
[2025-08-09T20:15:14.815+0000] {logging_mixin.py:188} INFO - [2025-08-09T20:15:14.815+0000] {dag.py:3954} INFO - Setting next_dagrun for dbt_run_pipeline_v1 to None, run_after=None
[2025-08-09T20:15:14.845+0000] {processor.py:183} INFO - Processing /opt/airflow/dags/dbt_run_pipeline_v1.py took 0.095 seconds
[2025-08-09T20:15:45.318+0000] {processor.py:161} INFO - Started process (PID=180) to work on /opt/airflow/dags/dbt_run_pipeline_v1.py
[2025-08-09T20:15:45.319+0000] {processor.py:830} INFO - Processing file /opt/airflow/dags/dbt_run_pipeline_v1.py for tasks to queue
[2025-08-09T20:15:45.322+0000] {logging_mixin.py:188} INFO - [2025-08-09T20:15:45.321+0000] {dagbag.py:545} INFO - Filling up the DagBag from /opt/airflow/dags/dbt_run_pipeline_v1.py
[2025-08-09T20:15:45.336+0000] {processor.py:840} INFO - DAG(s) 'dbt_run_pipeline_v1' retrieved from /opt/airflow/dags/dbt_run_pipeline_v1.py
[2025-08-09T20:15:45.360+0000] {logging_mixin.py:188} INFO - [2025-08-09T20:15:45.360+0000] {dag.py:3096} INFO - Sync 1 DAGs
[2025-08-09T20:15:45.373+0000] {logging_mixin.py:188} INFO - [2025-08-09T20:15:45.373+0000] {dag.py:3954} INFO - Setting next_dagrun for dbt_run_pipeline_v1 to None, run_after=None
[2025-08-09T20:15:45.402+0000] {processor.py:183} INFO - Processing /opt/airflow/dags/dbt_run_pipeline_v1.py took 0.090 seconds
[2025-08-09T20:16:16.001+0000] {processor.py:161} INFO - Started process (PID=242) to work on /opt/airflow/dags/dbt_run_pipeline_v1.py
[2025-08-09T20:16:16.002+0000] {processor.py:830} INFO - Processing file /opt/airflow/dags/dbt_run_pipeline_v1.py for tasks to queue
[2025-08-09T20:16:16.005+0000] {logging_mixin.py:188} INFO - [2025-08-09T20:16:16.004+0000] {dagbag.py:545} INFO - Filling up the DagBag from /opt/airflow/dags/dbt_run_pipeline_v1.py
[2025-08-09T20:16:16.021+0000] {processor.py:840} INFO - DAG(s) 'dbt_run_pipeline_v1' retrieved from /opt/airflow/dags/dbt_run_pipeline_v1.py
[2025-08-09T20:16:16.047+0000] {logging_mixin.py:188} INFO - [2025-08-09T20:16:16.047+0000] {dag.py:3096} INFO - Sync 1 DAGs
[2025-08-09T20:16:16.061+0000] {logging_mixin.py:188} INFO - [2025-08-09T20:16:16.061+0000] {dag.py:3954} INFO - Setting next_dagrun for dbt_run_pipeline_v1 to None, run_after=None
[2025-08-09T20:16:16.090+0000] {processor.py:183} INFO - Processing /opt/airflow/dags/dbt_run_pipeline_v1.py took 0.094 seconds
[2025-08-09T20:16:46.562+0000] {processor.py:161} INFO - Started process (PID=304) to work on /opt/airflow/dags/dbt_run_pipeline_v1.py
[2025-08-09T20:16:46.563+0000] {processor.py:830} INFO - Processing file /opt/airflow/dags/dbt_run_pipeline_v1.py for tasks to queue
[2025-08-09T20:16:46.567+0000] {logging_mixin.py:188} INFO - [2025-08-09T20:16:46.566+0000] {dagbag.py:545} INFO - Filling up the DagBag from /opt/airflow/dags/dbt_run_pipeline_v1.py
[2025-08-09T20:16:46.583+0000] {processor.py:840} INFO - DAG(s) 'dbt_run_pipeline_v1' retrieved from /opt/airflow/dags/dbt_run_pipeline_v1.py
[2025-08-09T20:16:46.606+0000] {logging_mixin.py:188} INFO - [2025-08-09T20:16:46.605+0000] {dag.py:3096} INFO - Sync 1 DAGs
[2025-08-09T20:16:46.616+0000] {logging_mixin.py:188} INFO - [2025-08-09T20:16:46.616+0000] {dag.py:3954} INFO - Setting next_dagrun for dbt_run_pipeline_v1 to None, run_after=None
[2025-08-09T20:16:46.643+0000] {processor.py:183} INFO - Processing /opt/airflow/dags/dbt_run_pipeline_v1.py took 0.086 seconds
[2025-08-09T20:17:17.123+0000] {processor.py:161} INFO - Started process (PID=366) to work on /opt/airflow/dags/dbt_run_pipeline_v1.py
[2025-08-09T20:17:17.124+0000] {processor.py:830} INFO - Processing file /opt/airflow/dags/dbt_run_pipeline_v1.py for tasks to queue
[2025-08-09T20:17:17.127+0000] {logging_mixin.py:188} INFO - [2025-08-09T20:17:17.126+0000] {dagbag.py:545} INFO - Filling up the DagBag from /opt/airflow/dags/dbt_run_pipeline_v1.py
[2025-08-09T20:17:17.142+0000] {processor.py:840} INFO - DAG(s) 'dbt_run_pipeline_v1' retrieved from /opt/airflow/dags/dbt_run_pipeline_v1.py
[2025-08-09T20:17:17.170+0000] {logging_mixin.py:188} INFO - [2025-08-09T20:17:17.169+0000] {dag.py:3096} INFO - Sync 1 DAGs
[2025-08-09T20:17:17.184+0000] {logging_mixin.py:188} INFO - [2025-08-09T20:17:17.184+0000] {dag.py:3954} INFO - Setting next_dagrun for dbt_run_pipeline_v1 to None, run_after=None
[2025-08-09T20:17:17.214+0000] {processor.py:183} INFO - Processing /opt/airflow/dags/dbt_run_pipeline_v1.py took 0.098 seconds
[2025-08-09T20:17:47.998+0000] {processor.py:161} INFO - Started process (PID=434) to work on /opt/airflow/dags/dbt_run_pipeline_v1.py
[2025-08-09T20:17:47.999+0000] {processor.py:830} INFO - Processing file /opt/airflow/dags/dbt_run_pipeline_v1.py for tasks to queue
[2025-08-09T20:17:48.001+0000] {logging_mixin.py:188} INFO - [2025-08-09T20:17:48.001+0000] {dagbag.py:545} INFO - Filling up the DagBag from /opt/airflow/dags/dbt_run_pipeline_v1.py
[2025-08-09T20:17:48.013+0000] {processor.py:840} INFO - DAG(s) 'dbt_run_pipeline_v1' retrieved from /opt/airflow/dags/dbt_run_pipeline_v1.py
[2025-08-09T20:17:48.032+0000] {logging_mixin.py:188} INFO - [2025-08-09T20:17:48.032+0000] {dag.py:3096} INFO - Sync 1 DAGs
[2025-08-09T20:17:48.042+0000] {logging_mixin.py:188} INFO - [2025-08-09T20:17:48.042+0000] {dag.py:3954} INFO - Setting next_dagrun for dbt_run_pipeline_v1 to None, run_after=None
[2025-08-09T20:17:48.067+0000] {processor.py:183} INFO - Processing /opt/airflow/dags/dbt_run_pipeline_v1.py took 0.075 seconds
[2025-08-09T20:18:18.133+0000] {processor.py:161} INFO - Started process (PID=496) to work on /opt/airflow/dags/dbt_run_pipeline_v1.py
[2025-08-09T20:18:18.134+0000] {processor.py:830} INFO - Processing file /opt/airflow/dags/dbt_run_pipeline_v1.py for tasks to queue
[2025-08-09T20:18:18.136+0000] {logging_mixin.py:188} INFO - [2025-08-09T20:18:18.135+0000] {dagbag.py:545} INFO - Filling up the DagBag from /opt/airflow/dags/dbt_run_pipeline_v1.py
[2025-08-09T20:18:18.149+0000] {processor.py:840} INFO - DAG(s) 'dbt_run_pipeline_v1' retrieved from /opt/airflow/dags/dbt_run_pipeline_v1.py
[2025-08-09T20:18:18.167+0000] {logging_mixin.py:188} INFO - [2025-08-09T20:18:18.167+0000] {dag.py:3096} INFO - Sync 1 DAGs
[2025-08-09T20:18:18.178+0000] {logging_mixin.py:188} INFO - [2025-08-09T20:18:18.177+0000] {dag.py:3954} INFO - Setting next_dagrun for dbt_run_pipeline_v1 to None, run_after=None
[2025-08-09T20:18:18.203+0000] {processor.py:183} INFO - Processing /opt/airflow/dags/dbt_run_pipeline_v1.py took 0.076 seconds
[2025-08-09T20:18:48.469+0000] {processor.py:161} INFO - Started process (PID=558) to work on /opt/airflow/dags/dbt_run_pipeline_v1.py
[2025-08-09T20:18:48.470+0000] {processor.py:830} INFO - Processing file /opt/airflow/dags/dbt_run_pipeline_v1.py for tasks to queue
[2025-08-09T20:18:48.473+0000] {logging_mixin.py:188} INFO - [2025-08-09T20:18:48.473+0000] {dagbag.py:545} INFO - Filling up the DagBag from /opt/airflow/dags/dbt_run_pipeline_v1.py
[2025-08-09T20:18:48.486+0000] {processor.py:840} INFO - DAG(s) 'dbt_run_pipeline_v1' retrieved from /opt/airflow/dags/dbt_run_pipeline_v1.py
[2025-08-09T20:18:48.507+0000] {logging_mixin.py:188} INFO - [2025-08-09T20:18:48.507+0000] {dag.py:3096} INFO - Sync 1 DAGs
[2025-08-09T20:18:48.519+0000] {logging_mixin.py:188} INFO - [2025-08-09T20:18:48.519+0000] {dag.py:3954} INFO - Setting next_dagrun for dbt_run_pipeline_v1 to None, run_after=None
[2025-08-09T20:18:48.546+0000] {processor.py:183} INFO - Processing /opt/airflow/dags/dbt_run_pipeline_v1.py took 0.083 seconds
[2025-08-09T20:19:19.080+0000] {processor.py:161} INFO - Started process (PID=620) to work on /opt/airflow/dags/dbt_run_pipeline_v1.py
[2025-08-09T20:19:19.081+0000] {processor.py:830} INFO - Processing file /opt/airflow/dags/dbt_run_pipeline_v1.py for tasks to queue
[2025-08-09T20:19:19.084+0000] {logging_mixin.py:188} INFO - [2025-08-09T20:19:19.083+0000] {dagbag.py:545} INFO - Filling up the DagBag from /opt/airflow/dags/dbt_run_pipeline_v1.py
[2025-08-09T20:19:19.098+0000] {processor.py:840} INFO - DAG(s) 'dbt_run_pipeline_v1' retrieved from /opt/airflow/dags/dbt_run_pipeline_v1.py
[2025-08-09T20:19:19.120+0000] {logging_mixin.py:188} INFO - [2025-08-09T20:19:19.119+0000] {dag.py:3096} INFO - Sync 1 DAGs
[2025-08-09T20:19:19.131+0000] {logging_mixin.py:188} INFO - [2025-08-09T20:19:19.130+0000] {dag.py:3954} INFO - Setting next_dagrun for dbt_run_pipeline_v1 to None, run_after=None
[2025-08-09T20:19:19.149+0000] {processor.py:183} INFO - Processing /opt/airflow/dags/dbt_run_pipeline_v1.py took 0.074 seconds
[2025-08-09T20:19:49.656+0000] {processor.py:161} INFO - Started process (PID=682) to work on /opt/airflow/dags/dbt_run_pipeline_v1.py
[2025-08-09T20:19:49.657+0000] {processor.py:830} INFO - Processing file /opt/airflow/dags/dbt_run_pipeline_v1.py for tasks to queue
[2025-08-09T20:19:49.659+0000] {logging_mixin.py:188} INFO - [2025-08-09T20:19:49.658+0000] {dagbag.py:545} INFO - Filling up the DagBag from /opt/airflow/dags/dbt_run_pipeline_v1.py
[2025-08-09T20:19:49.673+0000] {processor.py:840} INFO - DAG(s) 'dbt_run_pipeline_v1' retrieved from /opt/airflow/dags/dbt_run_pipeline_v1.py
[2025-08-09T20:19:49.694+0000] {logging_mixin.py:188} INFO - [2025-08-09T20:19:49.694+0000] {dag.py:3096} INFO - Sync 1 DAGs
[2025-08-09T20:19:49.706+0000] {logging_mixin.py:188} INFO - [2025-08-09T20:19:49.705+0000] {dag.py:3954} INFO - Setting next_dagrun for dbt_run_pipeline_v1 to None, run_after=None
[2025-08-09T20:19:49.735+0000] {processor.py:183} INFO - Processing /opt/airflow/dags/dbt_run_pipeline_v1.py took 0.084 seconds
[2025-08-09T20:20:20.028+0000] {processor.py:161} INFO - Started process (PID=744) to work on /opt/airflow/dags/dbt_run_pipeline_v1.py
[2025-08-09T20:20:20.029+0000] {processor.py:830} INFO - Processing file /opt/airflow/dags/dbt_run_pipeline_v1.py for tasks to queue
[2025-08-09T20:20:20.032+0000] {logging_mixin.py:188} INFO - [2025-08-09T20:20:20.031+0000] {dagbag.py:545} INFO - Filling up the DagBag from /opt/airflow/dags/dbt_run_pipeline_v1.py
[2025-08-09T20:20:20.048+0000] {processor.py:840} INFO - DAG(s) 'dbt_run_pipeline_v1' retrieved from /opt/airflow/dags/dbt_run_pipeline_v1.py
[2025-08-09T20:20:20.072+0000] {logging_mixin.py:188} INFO - [2025-08-09T20:20:20.071+0000] {dag.py:3096} INFO - Sync 1 DAGs
[2025-08-09T20:20:20.086+0000] {logging_mixin.py:188} INFO - [2025-08-09T20:20:20.086+0000] {dag.py:3954} INFO - Setting next_dagrun for dbt_run_pipeline_v1 to None, run_after=None
[2025-08-09T20:20:20.108+0000] {processor.py:183} INFO - Processing /opt/airflow/dags/dbt_run_pipeline_v1.py took 0.087 seconds
[2025-08-09T20:20:50.368+0000] {processor.py:161} INFO - Started process (PID=806) to work on /opt/airflow/dags/dbt_run_pipeline_v1.py
[2025-08-09T20:20:50.369+0000] {processor.py:830} INFO - Processing file /opt/airflow/dags/dbt_run_pipeline_v1.py for tasks to queue
[2025-08-09T20:20:50.372+0000] {logging_mixin.py:188} INFO - [2025-08-09T20:20:50.372+0000] {dagbag.py:545} INFO - Filling up the DagBag from /opt/airflow/dags/dbt_run_pipeline_v1.py
[2025-08-09T20:20:50.385+0000] {processor.py:840} INFO - DAG(s) 'dbt_run_pipeline_v1' retrieved from /opt/airflow/dags/dbt_run_pipeline_v1.py
[2025-08-09T20:20:50.404+0000] {logging_mixin.py:188} INFO - [2025-08-09T20:20:50.404+0000] {dag.py:3096} INFO - Sync 1 DAGs
[2025-08-09T20:20:50.414+0000] {logging_mixin.py:188} INFO - [2025-08-09T20:20:50.414+0000] {dag.py:3954} INFO - Setting next_dagrun for dbt_run_pipeline_v1 to None, run_after=None
[2025-08-09T20:20:50.432+0000] {processor.py:183} INFO - Processing /opt/airflow/dags/dbt_run_pipeline_v1.py took 0.068 seconds
[2025-08-09T20:21:20.479+0000] {processor.py:161} INFO - Started process (PID=868) to work on /opt/airflow/dags/dbt_run_pipeline_v1.py
[2025-08-09T20:21:20.480+0000] {processor.py:830} INFO - Processing file /opt/airflow/dags/dbt_run_pipeline_v1.py for tasks to queue
[2025-08-09T20:21:20.483+0000] {logging_mixin.py:188} INFO - [2025-08-09T20:21:20.483+0000] {dagbag.py:545} INFO - Filling up the DagBag from /opt/airflow/dags/dbt_run_pipeline_v1.py
[2025-08-09T20:21:20.500+0000] {processor.py:840} INFO - DAG(s) 'dbt_run_pipeline_v1' retrieved from /opt/airflow/dags/dbt_run_pipeline_v1.py
[2025-08-09T20:21:20.521+0000] {logging_mixin.py:188} INFO - [2025-08-09T20:21:20.520+0000] {dag.py:3096} INFO - Sync 1 DAGs
[2025-08-09T20:21:20.532+0000] {logging_mixin.py:188} INFO - [2025-08-09T20:21:20.531+0000] {dag.py:3954} INFO - Setting next_dagrun for dbt_run_pipeline_v1 to None, run_after=None
[2025-08-09T20:21:20.559+0000] {processor.py:183} INFO - Processing /opt/airflow/dags/dbt_run_pipeline_v1.py took 0.086 seconds
[2025-08-09T20:21:50.683+0000] {processor.py:161} INFO - Started process (PID=930) to work on /opt/airflow/dags/dbt_run_pipeline_v1.py
[2025-08-09T20:21:50.684+0000] {processor.py:830} INFO - Processing file /opt/airflow/dags/dbt_run_pipeline_v1.py for tasks to queue
[2025-08-09T20:21:50.687+0000] {logging_mixin.py:188} INFO - [2025-08-09T20:21:50.686+0000] {dagbag.py:545} INFO - Filling up the DagBag from /opt/airflow/dags/dbt_run_pipeline_v1.py
[2025-08-09T20:21:50.702+0000] {processor.py:840} INFO - DAG(s) 'dbt_run_pipeline_v1' retrieved from /opt/airflow/dags/dbt_run_pipeline_v1.py
[2025-08-09T20:21:50.725+0000] {logging_mixin.py:188} INFO - [2025-08-09T20:21:50.724+0000] {dag.py:3096} INFO - Sync 1 DAGs
[2025-08-09T20:21:50.737+0000] {logging_mixin.py:188} INFO - [2025-08-09T20:21:50.737+0000] {dag.py:3954} INFO - Setting next_dagrun for dbt_run_pipeline_v1 to None, run_after=None
[2025-08-09T20:21:50.769+0000] {processor.py:183} INFO - Processing /opt/airflow/dags/dbt_run_pipeline_v1.py took 0.092 seconds
[2025-08-09T20:22:21.074+0000] {processor.py:161} INFO - Started process (PID=992) to work on /opt/airflow/dags/dbt_run_pipeline_v1.py
[2025-08-09T20:22:21.075+0000] {processor.py:830} INFO - Processing file /opt/airflow/dags/dbt_run_pipeline_v1.py for tasks to queue
[2025-08-09T20:22:21.077+0000] {logging_mixin.py:188} INFO - [2025-08-09T20:22:21.077+0000] {dagbag.py:545} INFO - Filling up the DagBag from /opt/airflow/dags/dbt_run_pipeline_v1.py
[2025-08-09T20:22:21.089+0000] {processor.py:840} INFO - DAG(s) 'dbt_run_pipeline_v1' retrieved from /opt/airflow/dags/dbt_run_pipeline_v1.py
[2025-08-09T20:22:21.108+0000] {logging_mixin.py:188} INFO - [2025-08-09T20:22:21.107+0000] {dag.py:3096} INFO - Sync 1 DAGs
[2025-08-09T20:22:21.117+0000] {logging_mixin.py:188} INFO - [2025-08-09T20:22:21.117+0000] {dag.py:3954} INFO - Setting next_dagrun for dbt_run_pipeline_v1 to None, run_after=None
[2025-08-09T20:22:21.135+0000] {processor.py:183} INFO - Processing /opt/airflow/dags/dbt_run_pipeline_v1.py took 0.066 seconds
[2025-08-09T20:22:51.406+0000] {processor.py:161} INFO - Started process (PID=1054) to work on /opt/airflow/dags/dbt_run_pipeline_v1.py
[2025-08-09T20:22:51.407+0000] {processor.py:830} INFO - Processing file /opt/airflow/dags/dbt_run_pipeline_v1.py for tasks to queue
[2025-08-09T20:22:51.409+0000] {logging_mixin.py:188} INFO - [2025-08-09T20:22:51.409+0000] {dagbag.py:545} INFO - Filling up the DagBag from /opt/airflow/dags/dbt_run_pipeline_v1.py
[2025-08-09T20:22:51.423+0000] {processor.py:840} INFO - DAG(s) 'dbt_run_pipeline_v1' retrieved from /opt/airflow/dags/dbt_run_pipeline_v1.py
[2025-08-09T20:22:51.445+0000] {logging_mixin.py:188} INFO - [2025-08-09T20:22:51.445+0000] {dag.py:3096} INFO - Sync 1 DAGs
[2025-08-09T20:22:51.456+0000] {logging_mixin.py:188} INFO - [2025-08-09T20:22:51.456+0000] {dag.py:3954} INFO - Setting next_dagrun for dbt_run_pipeline_v1 to None, run_after=None
[2025-08-09T20:22:51.481+0000] {processor.py:183} INFO - Processing /opt/airflow/dags/dbt_run_pipeline_v1.py took 0.080 seconds
[2025-08-09T20:23:21.746+0000] {processor.py:161} INFO - Started process (PID=1116) to work on /opt/airflow/dags/dbt_run_pipeline_v1.py
[2025-08-09T20:23:21.747+0000] {processor.py:830} INFO - Processing file /opt/airflow/dags/dbt_run_pipeline_v1.py for tasks to queue
[2025-08-09T20:23:21.750+0000] {logging_mixin.py:188} INFO - [2025-08-09T20:23:21.749+0000] {dagbag.py:545} INFO - Filling up the DagBag from /opt/airflow/dags/dbt_run_pipeline_v1.py
[2025-08-09T20:23:21.763+0000] {processor.py:840} INFO - DAG(s) 'dbt_run_pipeline_v1' retrieved from /opt/airflow/dags/dbt_run_pipeline_v1.py
[2025-08-09T20:23:21.784+0000] {logging_mixin.py:188} INFO - [2025-08-09T20:23:21.783+0000] {dag.py:3096} INFO - Sync 1 DAGs
[2025-08-09T20:23:21.795+0000] {logging_mixin.py:188} INFO - [2025-08-09T20:23:21.795+0000] {dag.py:3954} INFO - Setting next_dagrun for dbt_run_pipeline_v1 to None, run_after=None
[2025-08-09T20:23:21.823+0000] {processor.py:183} INFO - Processing /opt/airflow/dags/dbt_run_pipeline_v1.py took 0.083 seconds
[2025-08-09T20:23:52.132+0000] {processor.py:161} INFO - Started process (PID=1178) to work on /opt/airflow/dags/dbt_run_pipeline_v1.py
[2025-08-09T20:23:52.134+0000] {processor.py:830} INFO - Processing file /opt/airflow/dags/dbt_run_pipeline_v1.py for tasks to queue
[2025-08-09T20:23:52.138+0000] {logging_mixin.py:188} INFO - [2025-08-09T20:23:52.137+0000] {dagbag.py:545} INFO - Filling up the DagBag from /opt/airflow/dags/dbt_run_pipeline_v1.py
[2025-08-09T20:23:52.157+0000] {processor.py:840} INFO - DAG(s) 'dbt_run_pipeline_v1' retrieved from /opt/airflow/dags/dbt_run_pipeline_v1.py
[2025-08-09T20:23:52.186+0000] {logging_mixin.py:188} INFO - [2025-08-09T20:23:52.186+0000] {dag.py:3096} INFO - Sync 1 DAGs
[2025-08-09T20:23:52.200+0000] {logging_mixin.py:188} INFO - [2025-08-09T20:23:52.200+0000] {dag.py:3954} INFO - Setting next_dagrun for dbt_run_pipeline_v1 to None, run_after=None
[2025-08-09T20:23:52.225+0000] {processor.py:183} INFO - Processing /opt/airflow/dags/dbt_run_pipeline_v1.py took 0.102 seconds
[2025-08-09T20:24:22.309+0000] {processor.py:161} INFO - Started process (PID=1241) to work on /opt/airflow/dags/dbt_run_pipeline_v1.py
[2025-08-09T20:24:22.310+0000] {processor.py:830} INFO - Processing file /opt/airflow/dags/dbt_run_pipeline_v1.py for tasks to queue
[2025-08-09T20:24:22.313+0000] {logging_mixin.py:188} INFO - [2025-08-09T20:24:22.313+0000] {dagbag.py:545} INFO - Filling up the DagBag from /opt/airflow/dags/dbt_run_pipeline_v1.py
[2025-08-09T20:24:22.326+0000] {processor.py:840} INFO - DAG(s) 'dbt_run_pipeline_v1' retrieved from /opt/airflow/dags/dbt_run_pipeline_v1.py
[2025-08-09T20:24:22.348+0000] {logging_mixin.py:188} INFO - [2025-08-09T20:24:22.348+0000] {dag.py:3096} INFO - Sync 1 DAGs
[2025-08-09T20:24:22.361+0000] {logging_mixin.py:188} INFO - [2025-08-09T20:24:22.361+0000] {dag.py:3954} INFO - Setting next_dagrun for dbt_run_pipeline_v1 to None, run_after=None
[2025-08-09T20:24:22.380+0000] {processor.py:183} INFO - Processing /opt/airflow/dags/dbt_run_pipeline_v1.py took 0.076 seconds
[2025-08-09T20:24:52.865+0000] {processor.py:161} INFO - Started process (PID=1303) to work on /opt/airflow/dags/dbt_run_pipeline_v1.py
[2025-08-09T20:24:52.866+0000] {processor.py:830} INFO - Processing file /opt/airflow/dags/dbt_run_pipeline_v1.py for tasks to queue
[2025-08-09T20:24:52.870+0000] {logging_mixin.py:188} INFO - [2025-08-09T20:24:52.869+0000] {dagbag.py:545} INFO - Filling up the DagBag from /opt/airflow/dags/dbt_run_pipeline_v1.py
[2025-08-09T20:24:52.884+0000] {processor.py:840} INFO - DAG(s) 'dbt_run_pipeline_v1' retrieved from /opt/airflow/dags/dbt_run_pipeline_v1.py
[2025-08-09T20:24:52.905+0000] {logging_mixin.py:188} INFO - [2025-08-09T20:24:52.904+0000] {dag.py:3096} INFO - Sync 1 DAGs
[2025-08-09T20:24:52.915+0000] {logging_mixin.py:188} INFO - [2025-08-09T20:24:52.915+0000] {dag.py:3954} INFO - Setting next_dagrun for dbt_run_pipeline_v1 to None, run_after=None
[2025-08-09T20:24:52.935+0000] {processor.py:183} INFO - Processing /opt/airflow/dags/dbt_run_pipeline_v1.py took 0.077 seconds
[2025-08-09T20:25:23.052+0000] {processor.py:161} INFO - Started process (PID=1365) to work on /opt/airflow/dags/dbt_run_pipeline_v1.py
[2025-08-09T20:25:23.053+0000] {processor.py:830} INFO - Processing file /opt/airflow/dags/dbt_run_pipeline_v1.py for tasks to queue
[2025-08-09T20:25:23.056+0000] {logging_mixin.py:188} INFO - [2025-08-09T20:25:23.055+0000] {dagbag.py:545} INFO - Filling up the DagBag from /opt/airflow/dags/dbt_run_pipeline_v1.py
[2025-08-09T20:25:23.068+0000] {processor.py:840} INFO - DAG(s) 'dbt_run_pipeline_v1' retrieved from /opt/airflow/dags/dbt_run_pipeline_v1.py
[2025-08-09T20:25:23.089+0000] {logging_mixin.py:188} INFO - [2025-08-09T20:25:23.088+0000] {dag.py:3096} INFO - Sync 1 DAGs
[2025-08-09T20:25:23.101+0000] {logging_mixin.py:188} INFO - [2025-08-09T20:25:23.101+0000] {dag.py:3954} INFO - Setting next_dagrun for dbt_run_pipeline_v1 to None, run_after=None
[2025-08-09T20:25:23.128+0000] {processor.py:183} INFO - Processing /opt/airflow/dags/dbt_run_pipeline_v1.py took 0.081 seconds
[2025-08-09T20:25:53.462+0000] {processor.py:161} INFO - Started process (PID=1427) to work on /opt/airflow/dags/dbt_run_pipeline_v1.py
[2025-08-09T20:25:53.464+0000] {processor.py:830} INFO - Processing file /opt/airflow/dags/dbt_run_pipeline_v1.py for tasks to queue
[2025-08-09T20:25:53.469+0000] {logging_mixin.py:188} INFO - [2025-08-09T20:25:53.468+0000] {dagbag.py:545} INFO - Filling up the DagBag from /opt/airflow/dags/dbt_run_pipeline_v1.py
[2025-08-09T20:25:53.502+0000] {processor.py:840} INFO - DAG(s) 'dbt_run_pipeline_v1' retrieved from /opt/airflow/dags/dbt_run_pipeline_v1.py
[2025-08-09T20:25:53.554+0000] {logging_mixin.py:188} INFO - [2025-08-09T20:25:53.553+0000] {dag.py:3096} INFO - Sync 1 DAGs
[2025-08-09T20:25:53.581+0000] {logging_mixin.py:188} INFO - [2025-08-09T20:25:53.580+0000] {dag.py:3954} INFO - Setting next_dagrun for dbt_run_pipeline_v1 to None, run_after=None
[2025-08-09T20:25:53.631+0000] {processor.py:183} INFO - Processing /opt/airflow/dags/dbt_run_pipeline_v1.py took 0.181 seconds
[2025-08-09T20:27:43.870+0000] {processor.py:161} INFO - Started process (PID=69) to work on /opt/airflow/dags/dbt_run_pipeline_v1.py
[2025-08-09T20:27:43.873+0000] {processor.py:830} INFO - Processing file /opt/airflow/dags/dbt_run_pipeline_v1.py for tasks to queue
[2025-08-09T20:27:43.877+0000] {logging_mixin.py:188} INFO - [2025-08-09T20:27:43.877+0000] {dagbag.py:545} INFO - Filling up the DagBag from /opt/airflow/dags/dbt_run_pipeline_v1.py
[2025-08-09T20:27:43.941+0000] {processor.py:840} INFO - DAG(s) 'dbt_run_pipeline_v1' retrieved from /opt/airflow/dags/dbt_run_pipeline_v1.py
[2025-08-09T20:27:44.409+0000] {logging_mixin.py:188} INFO - [2025-08-09T20:27:44.408+0000] {dag.py:3096} INFO - Sync 1 DAGs
[2025-08-09T20:27:44.426+0000] {logging_mixin.py:188} INFO - [2025-08-09T20:27:44.425+0000] {dag.py:3954} INFO - Setting next_dagrun for dbt_run_pipeline_v1 to None, run_after=None
[2025-08-09T20:27:44.472+0000] {processor.py:183} INFO - Processing /opt/airflow/dags/dbt_run_pipeline_v1.py took 0.615 seconds
[2025-08-09T20:28:15.916+0000] {processor.py:161} INFO - Started process (PID=131) to work on /opt/airflow/dags/dbt_run_pipeline_v1.py
[2025-08-09T20:28:15.919+0000] {processor.py:830} INFO - Processing file /opt/airflow/dags/dbt_run_pipeline_v1.py for tasks to queue
[2025-08-09T20:28:15.924+0000] {logging_mixin.py:188} INFO - [2025-08-09T20:28:15.923+0000] {dagbag.py:545} INFO - Filling up the DagBag from /opt/airflow/dags/dbt_run_pipeline_v1.py
[2025-08-09T20:28:15.959+0000] {processor.py:840} INFO - DAG(s) 'dbt_run_pipeline_v1' retrieved from /opt/airflow/dags/dbt_run_pipeline_v1.py
[2025-08-09T20:28:16.004+0000] {logging_mixin.py:188} INFO - [2025-08-09T20:28:16.003+0000] {dag.py:3096} INFO - Sync 1 DAGs
[2025-08-09T20:28:16.029+0000] {logging_mixin.py:188} INFO - [2025-08-09T20:28:16.029+0000] {dag.py:3954} INFO - Setting next_dagrun for dbt_run_pipeline_v1 to None, run_after=None
[2025-08-09T20:28:16.080+0000] {processor.py:183} INFO - Processing /opt/airflow/dags/dbt_run_pipeline_v1.py took 0.174 seconds
[2025-08-09T20:28:46.582+0000] {processor.py:161} INFO - Started process (PID=193) to work on /opt/airflow/dags/dbt_run_pipeline_v1.py
[2025-08-09T20:28:46.584+0000] {processor.py:830} INFO - Processing file /opt/airflow/dags/dbt_run_pipeline_v1.py for tasks to queue
[2025-08-09T20:28:46.587+0000] {logging_mixin.py:188} INFO - [2025-08-09T20:28:46.587+0000] {dagbag.py:545} INFO - Filling up the DagBag from /opt/airflow/dags/dbt_run_pipeline_v1.py
[2025-08-09T20:28:46.616+0000] {processor.py:840} INFO - DAG(s) 'dbt_run_pipeline_v1' retrieved from /opt/airflow/dags/dbt_run_pipeline_v1.py
[2025-08-09T20:28:46.649+0000] {logging_mixin.py:188} INFO - [2025-08-09T20:28:46.649+0000] {dag.py:3096} INFO - Sync 1 DAGs
[2025-08-09T20:28:46.668+0000] {logging_mixin.py:188} INFO - [2025-08-09T20:28:46.667+0000] {dag.py:3954} INFO - Setting next_dagrun for dbt_run_pipeline_v1 to None, run_after=None
[2025-08-09T20:28:46.708+0000] {processor.py:183} INFO - Processing /opt/airflow/dags/dbt_run_pipeline_v1.py took 0.136 seconds
[2025-08-09T20:29:16.855+0000] {processor.py:161} INFO - Started process (PID=255) to work on /opt/airflow/dags/dbt_run_pipeline_v1.py
[2025-08-09T20:29:16.858+0000] {processor.py:830} INFO - Processing file /opt/airflow/dags/dbt_run_pipeline_v1.py for tasks to queue
[2025-08-09T20:29:16.862+0000] {logging_mixin.py:188} INFO - [2025-08-09T20:29:16.862+0000] {dagbag.py:545} INFO - Filling up the DagBag from /opt/airflow/dags/dbt_run_pipeline_v1.py
[2025-08-09T20:29:16.893+0000] {processor.py:840} INFO - DAG(s) 'dbt_run_pipeline_v1' retrieved from /opt/airflow/dags/dbt_run_pipeline_v1.py
[2025-08-09T20:29:16.947+0000] {logging_mixin.py:188} INFO - [2025-08-09T20:29:16.946+0000] {dag.py:3096} INFO - Sync 1 DAGs
[2025-08-09T20:29:16.972+0000] {logging_mixin.py:188} INFO - [2025-08-09T20:29:16.971+0000] {dag.py:3954} INFO - Setting next_dagrun for dbt_run_pipeline_v1 to None, run_after=None
[2025-08-09T20:29:17.047+0000] {processor.py:183} INFO - Processing /opt/airflow/dags/dbt_run_pipeline_v1.py took 0.205 seconds
[2025-08-09T20:29:47.752+0000] {processor.py:161} INFO - Started process (PID=323) to work on /opt/airflow/dags/dbt_run_pipeline_v1.py
[2025-08-09T20:29:47.755+0000] {processor.py:830} INFO - Processing file /opt/airflow/dags/dbt_run_pipeline_v1.py for tasks to queue
[2025-08-09T20:29:47.759+0000] {logging_mixin.py:188} INFO - [2025-08-09T20:29:47.759+0000] {dagbag.py:545} INFO - Filling up the DagBag from /opt/airflow/dags/dbt_run_pipeline_v1.py
[2025-08-09T20:29:47.792+0000] {processor.py:840} INFO - DAG(s) 'dbt_run_pipeline_v1' retrieved from /opt/airflow/dags/dbt_run_pipeline_v1.py
[2025-08-09T20:29:47.830+0000] {logging_mixin.py:188} INFO - [2025-08-09T20:29:47.830+0000] {dag.py:3096} INFO - Sync 1 DAGs
[2025-08-09T20:29:47.850+0000] {logging_mixin.py:188} INFO - [2025-08-09T20:29:47.850+0000] {dag.py:3954} INFO - Setting next_dagrun for dbt_run_pipeline_v1 to None, run_after=None
[2025-08-09T20:29:47.893+0000] {processor.py:183} INFO - Processing /opt/airflow/dags/dbt_run_pipeline_v1.py took 0.154 seconds
[2025-08-09T20:30:18.249+0000] {processor.py:161} INFO - Started process (PID=385) to work on /opt/airflow/dags/dbt_run_pipeline_v1.py
[2025-08-09T20:30:18.252+0000] {processor.py:830} INFO - Processing file /opt/airflow/dags/dbt_run_pipeline_v1.py for tasks to queue
[2025-08-09T20:30:18.256+0000] {logging_mixin.py:188} INFO - [2025-08-09T20:30:18.255+0000] {dagbag.py:545} INFO - Filling up the DagBag from /opt/airflow/dags/dbt_run_pipeline_v1.py
[2025-08-09T20:30:18.286+0000] {processor.py:840} INFO - DAG(s) 'dbt_run_pipeline_v1' retrieved from /opt/airflow/dags/dbt_run_pipeline_v1.py
[2025-08-09T20:30:18.323+0000] {logging_mixin.py:188} INFO - [2025-08-09T20:30:18.323+0000] {dag.py:3096} INFO - Sync 1 DAGs
[2025-08-09T20:30:18.345+0000] {logging_mixin.py:188} INFO - [2025-08-09T20:30:18.344+0000] {dag.py:3954} INFO - Setting next_dagrun for dbt_run_pipeline_v1 to None, run_after=None
[2025-08-09T20:30:18.390+0000] {processor.py:183} INFO - Processing /opt/airflow/dags/dbt_run_pipeline_v1.py took 0.152 seconds
[2025-08-09T20:30:48.608+0000] {processor.py:161} INFO - Started process (PID=447) to work on /opt/airflow/dags/dbt_run_pipeline_v1.py
[2025-08-09T20:30:48.612+0000] {processor.py:830} INFO - Processing file /opt/airflow/dags/dbt_run_pipeline_v1.py for tasks to queue
[2025-08-09T20:30:48.617+0000] {logging_mixin.py:188} INFO - [2025-08-09T20:30:48.616+0000] {dagbag.py:545} INFO - Filling up the DagBag from /opt/airflow/dags/dbt_run_pipeline_v1.py
[2025-08-09T20:30:48.650+0000] {processor.py:840} INFO - DAG(s) 'dbt_run_pipeline_v1' retrieved from /opt/airflow/dags/dbt_run_pipeline_v1.py
[2025-08-09T20:30:48.694+0000] {logging_mixin.py:188} INFO - [2025-08-09T20:30:48.694+0000] {dag.py:3096} INFO - Sync 1 DAGs
[2025-08-09T20:30:48.718+0000] {logging_mixin.py:188} INFO - [2025-08-09T20:30:48.717+0000] {dag.py:3954} INFO - Setting next_dagrun for dbt_run_pipeline_v1 to None, run_after=None
[2025-08-09T20:30:48.767+0000] {processor.py:183} INFO - Processing /opt/airflow/dags/dbt_run_pipeline_v1.py took 0.175 seconds
[2025-08-09T20:31:18.924+0000] {processor.py:161} INFO - Started process (PID=509) to work on /opt/airflow/dags/dbt_run_pipeline_v1.py
[2025-08-09T20:31:18.926+0000] {processor.py:830} INFO - Processing file /opt/airflow/dags/dbt_run_pipeline_v1.py for tasks to queue
[2025-08-09T20:31:18.931+0000] {logging_mixin.py:188} INFO - [2025-08-09T20:31:18.930+0000] {dagbag.py:545} INFO - Filling up the DagBag from /opt/airflow/dags/dbt_run_pipeline_v1.py
[2025-08-09T20:31:18.960+0000] {processor.py:840} INFO - DAG(s) 'dbt_run_pipeline_v1' retrieved from /opt/airflow/dags/dbt_run_pipeline_v1.py
[2025-08-09T20:31:18.999+0000] {logging_mixin.py:188} INFO - [2025-08-09T20:31:18.999+0000] {dag.py:3096} INFO - Sync 1 DAGs
[2025-08-09T20:31:19.019+0000] {logging_mixin.py:188} INFO - [2025-08-09T20:31:19.019+0000] {dag.py:3954} INFO - Setting next_dagrun for dbt_run_pipeline_v1 to None, run_after=None
[2025-08-09T20:31:19.068+0000] {processor.py:183} INFO - Processing /opt/airflow/dags/dbt_run_pipeline_v1.py took 0.154 seconds
[2025-08-09T20:31:49.384+0000] {processor.py:161} INFO - Started process (PID=572) to work on /opt/airflow/dags/dbt_run_pipeline_v1.py
[2025-08-09T20:31:49.386+0000] {processor.py:830} INFO - Processing file /opt/airflow/dags/dbt_run_pipeline_v1.py for tasks to queue
[2025-08-09T20:31:49.390+0000] {logging_mixin.py:188} INFO - [2025-08-09T20:31:49.390+0000] {dagbag.py:545} INFO - Filling up the DagBag from /opt/airflow/dags/dbt_run_pipeline_v1.py
[2025-08-09T20:31:49.420+0000] {processor.py:840} INFO - DAG(s) 'dbt_run_pipeline_v1' retrieved from /opt/airflow/dags/dbt_run_pipeline_v1.py
[2025-08-09T20:31:49.464+0000] {logging_mixin.py:188} INFO - [2025-08-09T20:31:49.463+0000] {dag.py:3096} INFO - Sync 1 DAGs
[2025-08-09T20:31:49.484+0000] {logging_mixin.py:188} INFO - [2025-08-09T20:31:49.483+0000] {dag.py:3954} INFO - Setting next_dagrun for dbt_run_pipeline_v1 to None, run_after=None
[2025-08-09T20:31:49.528+0000] {processor.py:183} INFO - Processing /opt/airflow/dags/dbt_run_pipeline_v1.py took 0.154 seconds
[2025-08-09T20:32:19.981+0000] {processor.py:161} INFO - Started process (PID=634) to work on /opt/airflow/dags/dbt_run_pipeline_v1.py
[2025-08-09T20:32:19.984+0000] {processor.py:830} INFO - Processing file /opt/airflow/dags/dbt_run_pipeline_v1.py for tasks to queue
[2025-08-09T20:32:19.987+0000] {logging_mixin.py:188} INFO - [2025-08-09T20:32:19.987+0000] {dagbag.py:545} INFO - Filling up the DagBag from /opt/airflow/dags/dbt_run_pipeline_v1.py
[2025-08-09T20:32:20.018+0000] {processor.py:840} INFO - DAG(s) 'dbt_run_pipeline_v1' retrieved from /opt/airflow/dags/dbt_run_pipeline_v1.py
[2025-08-09T20:32:20.059+0000] {logging_mixin.py:188} INFO - [2025-08-09T20:32:20.058+0000] {dag.py:3096} INFO - Sync 1 DAGs
[2025-08-09T20:32:20.083+0000] {logging_mixin.py:188} INFO - [2025-08-09T20:32:20.082+0000] {dag.py:3954} INFO - Setting next_dagrun for dbt_run_pipeline_v1 to None, run_after=None
[2025-08-09T20:32:20.128+0000] {processor.py:183} INFO - Processing /opt/airflow/dags/dbt_run_pipeline_v1.py took 0.159 seconds
[2025-08-09T20:32:50.269+0000] {processor.py:161} INFO - Started process (PID=696) to work on /opt/airflow/dags/dbt_run_pipeline_v1.py
[2025-08-09T20:32:50.271+0000] {processor.py:830} INFO - Processing file /opt/airflow/dags/dbt_run_pipeline_v1.py for tasks to queue
[2025-08-09T20:32:50.274+0000] {logging_mixin.py:188} INFO - [2025-08-09T20:32:50.273+0000] {dagbag.py:545} INFO - Filling up the DagBag from /opt/airflow/dags/dbt_run_pipeline_v1.py
[2025-08-09T20:32:50.299+0000] {processor.py:840} INFO - DAG(s) 'dbt_run_pipeline_v1' retrieved from /opt/airflow/dags/dbt_run_pipeline_v1.py
[2025-08-09T20:32:50.331+0000] {logging_mixin.py:188} INFO - [2025-08-09T20:32:50.331+0000] {dag.py:3096} INFO - Sync 1 DAGs
[2025-08-09T20:32:50.353+0000] {logging_mixin.py:188} INFO - [2025-08-09T20:32:50.353+0000] {dag.py:3954} INFO - Setting next_dagrun for dbt_run_pipeline_v1 to None, run_after=None
[2025-08-09T20:32:50.393+0000] {processor.py:183} INFO - Processing /opt/airflow/dags/dbt_run_pipeline_v1.py took 0.132 seconds
[2025-08-09T20:33:20.695+0000] {processor.py:161} INFO - Started process (PID=758) to work on /opt/airflow/dags/dbt_run_pipeline_v1.py
[2025-08-09T20:33:20.698+0000] {processor.py:830} INFO - Processing file /opt/airflow/dags/dbt_run_pipeline_v1.py for tasks to queue
[2025-08-09T20:33:20.710+0000] {logging_mixin.py:188} INFO - [2025-08-09T20:33:20.709+0000] {dagbag.py:545} INFO - Filling up the DagBag from /opt/airflow/dags/dbt_run_pipeline_v1.py
[2025-08-09T20:33:20.751+0000] {processor.py:840} INFO - DAG(s) 'dbt_run_pipeline_v1' retrieved from /opt/airflow/dags/dbt_run_pipeline_v1.py
[2025-08-09T20:33:20.797+0000] {logging_mixin.py:188} INFO - [2025-08-09T20:33:20.797+0000] {dag.py:3096} INFO - Sync 1 DAGs
[2025-08-09T20:33:20.824+0000] {logging_mixin.py:188} INFO - [2025-08-09T20:33:20.823+0000] {dag.py:3954} INFO - Setting next_dagrun for dbt_run_pipeline_v1 to None, run_after=None
[2025-08-09T20:33:20.869+0000] {processor.py:183} INFO - Processing /opt/airflow/dags/dbt_run_pipeline_v1.py took 0.196 seconds
[2025-08-09T20:33:51.460+0000] {processor.py:161} INFO - Started process (PID=822) to work on /opt/airflow/dags/dbt_run_pipeline_v1.py
[2025-08-09T20:33:51.462+0000] {processor.py:830} INFO - Processing file /opt/airflow/dags/dbt_run_pipeline_v1.py for tasks to queue
[2025-08-09T20:33:51.467+0000] {logging_mixin.py:188} INFO - [2025-08-09T20:33:51.467+0000] {dagbag.py:545} INFO - Filling up the DagBag from /opt/airflow/dags/dbt_run_pipeline_v1.py
[2025-08-09T20:33:51.501+0000] {processor.py:840} INFO - DAG(s) 'dbt_run_pipeline_v1' retrieved from /opt/airflow/dags/dbt_run_pipeline_v1.py
[2025-08-09T20:33:51.545+0000] {logging_mixin.py:188} INFO - [2025-08-09T20:33:51.544+0000] {dag.py:3096} INFO - Sync 1 DAGs
[2025-08-09T20:33:51.570+0000] {logging_mixin.py:188} INFO - [2025-08-09T20:33:51.570+0000] {dag.py:3954} INFO - Setting next_dagrun for dbt_run_pipeline_v1 to None, run_after=None
[2025-08-09T20:33:51.607+0000] {processor.py:183} INFO - Processing /opt/airflow/dags/dbt_run_pipeline_v1.py took 0.165 seconds
[2025-08-09T20:34:21.963+0000] {processor.py:161} INFO - Started process (PID=884) to work on /opt/airflow/dags/dbt_run_pipeline_v1.py
[2025-08-09T20:34:21.965+0000] {processor.py:830} INFO - Processing file /opt/airflow/dags/dbt_run_pipeline_v1.py for tasks to queue
[2025-08-09T20:34:21.968+0000] {logging_mixin.py:188} INFO - [2025-08-09T20:34:21.968+0000] {dagbag.py:545} INFO - Filling up the DagBag from /opt/airflow/dags/dbt_run_pipeline_v1.py
[2025-08-09T20:34:21.996+0000] {processor.py:840} INFO - DAG(s) 'dbt_run_pipeline_v1' retrieved from /opt/airflow/dags/dbt_run_pipeline_v1.py
[2025-08-09T20:34:22.036+0000] {logging_mixin.py:188} INFO - [2025-08-09T20:34:22.035+0000] {dag.py:3096} INFO - Sync 1 DAGs
[2025-08-09T20:34:22.056+0000] {logging_mixin.py:188} INFO - [2025-08-09T20:34:22.056+0000] {dag.py:3954} INFO - Setting next_dagrun for dbt_run_pipeline_v1 to None, run_after=None
[2025-08-09T20:34:22.100+0000] {processor.py:183} INFO - Processing /opt/airflow/dags/dbt_run_pipeline_v1.py took 0.149 seconds
[2025-08-09T20:34:52.315+0000] {processor.py:161} INFO - Started process (PID=946) to work on /opt/airflow/dags/dbt_run_pipeline_v1.py
[2025-08-09T20:34:52.317+0000] {processor.py:830} INFO - Processing file /opt/airflow/dags/dbt_run_pipeline_v1.py for tasks to queue
[2025-08-09T20:34:52.322+0000] {logging_mixin.py:188} INFO - [2025-08-09T20:34:52.322+0000] {dagbag.py:545} INFO - Filling up the DagBag from /opt/airflow/dags/dbt_run_pipeline_v1.py
[2025-08-09T20:34:52.350+0000] {processor.py:840} INFO - DAG(s) 'dbt_run_pipeline_v1' retrieved from /opt/airflow/dags/dbt_run_pipeline_v1.py
[2025-08-09T20:34:52.388+0000] {logging_mixin.py:188} INFO - [2025-08-09T20:34:52.388+0000] {dag.py:3096} INFO - Sync 1 DAGs
[2025-08-09T20:34:52.410+0000] {logging_mixin.py:188} INFO - [2025-08-09T20:34:52.409+0000] {dag.py:3954} INFO - Setting next_dagrun for dbt_run_pipeline_v1 to None, run_after=None
[2025-08-09T20:34:52.453+0000] {processor.py:183} INFO - Processing /opt/airflow/dags/dbt_run_pipeline_v1.py took 0.148 seconds
[2025-08-09T20:35:22.606+0000] {processor.py:161} INFO - Started process (PID=1009) to work on /opt/airflow/dags/dbt_run_pipeline_v1.py
[2025-08-09T20:35:22.608+0000] {processor.py:830} INFO - Processing file /opt/airflow/dags/dbt_run_pipeline_v1.py for tasks to queue
[2025-08-09T20:35:22.613+0000] {logging_mixin.py:188} INFO - [2025-08-09T20:35:22.612+0000] {dagbag.py:545} INFO - Filling up the DagBag from /opt/airflow/dags/dbt_run_pipeline_v1.py
[2025-08-09T20:35:22.642+0000] {processor.py:840} INFO - DAG(s) 'dbt_run_pipeline_v1' retrieved from /opt/airflow/dags/dbt_run_pipeline_v1.py
[2025-08-09T20:35:22.678+0000] {logging_mixin.py:188} INFO - [2025-08-09T20:35:22.678+0000] {dag.py:3096} INFO - Sync 1 DAGs
[2025-08-09T20:35:22.698+0000] {logging_mixin.py:188} INFO - [2025-08-09T20:35:22.697+0000] {dag.py:3954} INFO - Setting next_dagrun for dbt_run_pipeline_v1 to None, run_after=None
[2025-08-09T20:35:22.735+0000] {processor.py:183} INFO - Processing /opt/airflow/dags/dbt_run_pipeline_v1.py took 0.139 seconds
[2025-08-09T20:35:52.824+0000] {processor.py:161} INFO - Started process (PID=1071) to work on /opt/airflow/dags/dbt_run_pipeline_v1.py
[2025-08-09T20:35:52.826+0000] {processor.py:830} INFO - Processing file /opt/airflow/dags/dbt_run_pipeline_v1.py for tasks to queue
[2025-08-09T20:35:52.833+0000] {logging_mixin.py:188} INFO - [2025-08-09T20:35:52.832+0000] {dagbag.py:545} INFO - Filling up the DagBag from /opt/airflow/dags/dbt_run_pipeline_v1.py
[2025-08-09T20:35:52.872+0000] {processor.py:840} INFO - DAG(s) 'dbt_run_pipeline_v1' retrieved from /opt/airflow/dags/dbt_run_pipeline_v1.py
[2025-08-09T20:35:52.920+0000] {logging_mixin.py:188} INFO - [2025-08-09T20:35:52.919+0000] {dag.py:3096} INFO - Sync 1 DAGs
[2025-08-09T20:35:52.941+0000] {logging_mixin.py:188} INFO - [2025-08-09T20:35:52.940+0000] {dag.py:3954} INFO - Setting next_dagrun for dbt_run_pipeline_v1 to None, run_after=None
[2025-08-09T20:35:52.988+0000] {processor.py:183} INFO - Processing /opt/airflow/dags/dbt_run_pipeline_v1.py took 0.179 seconds
[2025-08-09T20:36:23.330+0000] {processor.py:161} INFO - Started process (PID=1133) to work on /opt/airflow/dags/dbt_run_pipeline_v1.py
[2025-08-09T20:36:23.332+0000] {processor.py:830} INFO - Processing file /opt/airflow/dags/dbt_run_pipeline_v1.py for tasks to queue
[2025-08-09T20:36:23.336+0000] {logging_mixin.py:188} INFO - [2025-08-09T20:36:23.336+0000] {dagbag.py:545} INFO - Filling up the DagBag from /opt/airflow/dags/dbt_run_pipeline_v1.py
[2025-08-09T20:36:23.365+0000] {processor.py:840} INFO - DAG(s) 'dbt_run_pipeline_v1' retrieved from /opt/airflow/dags/dbt_run_pipeline_v1.py
[2025-08-09T20:36:23.406+0000] {logging_mixin.py:188} INFO - [2025-08-09T20:36:23.405+0000] {dag.py:3096} INFO - Sync 1 DAGs
[2025-08-09T20:36:23.428+0000] {logging_mixin.py:188} INFO - [2025-08-09T20:36:23.427+0000] {dag.py:3954} INFO - Setting next_dagrun for dbt_run_pipeline_v1 to None, run_after=None
[2025-08-09T20:36:23.467+0000] {processor.py:183} INFO - Processing /opt/airflow/dags/dbt_run_pipeline_v1.py took 0.148 seconds
[2025-08-09T20:36:53.851+0000] {processor.py:161} INFO - Started process (PID=1195) to work on /opt/airflow/dags/dbt_run_pipeline_v1.py
[2025-08-09T20:36:53.853+0000] {processor.py:830} INFO - Processing file /opt/airflow/dags/dbt_run_pipeline_v1.py for tasks to queue
[2025-08-09T20:36:53.857+0000] {logging_mixin.py:188} INFO - [2025-08-09T20:36:53.857+0000] {dagbag.py:545} INFO - Filling up the DagBag from /opt/airflow/dags/dbt_run_pipeline_v1.py
[2025-08-09T20:36:53.883+0000] {processor.py:840} INFO - DAG(s) 'dbt_run_pipeline_v1' retrieved from /opt/airflow/dags/dbt_run_pipeline_v1.py
[2025-08-09T20:36:53.917+0000] {logging_mixin.py:188} INFO - [2025-08-09T20:36:53.917+0000] {dag.py:3096} INFO - Sync 1 DAGs
[2025-08-09T20:36:53.937+0000] {logging_mixin.py:188} INFO - [2025-08-09T20:36:53.937+0000] {dag.py:3954} INFO - Setting next_dagrun for dbt_run_pipeline_v1 to None, run_after=None
[2025-08-09T20:36:53.977+0000] {processor.py:183} INFO - Processing /opt/airflow/dags/dbt_run_pipeline_v1.py took 0.137 seconds
[2025-08-09T20:37:24.577+0000] {processor.py:161} INFO - Started process (PID=1257) to work on /opt/airflow/dags/dbt_run_pipeline_v1.py
[2025-08-09T20:37:24.580+0000] {processor.py:830} INFO - Processing file /opt/airflow/dags/dbt_run_pipeline_v1.py for tasks to queue
[2025-08-09T20:37:24.585+0000] {logging_mixin.py:188} INFO - [2025-08-09T20:37:24.584+0000] {dagbag.py:545} INFO - Filling up the DagBag from /opt/airflow/dags/dbt_run_pipeline_v1.py
[2025-08-09T20:37:24.610+0000] {processor.py:840} INFO - DAG(s) 'dbt_run_pipeline_v1' retrieved from /opt/airflow/dags/dbt_run_pipeline_v1.py
[2025-08-09T20:37:24.649+0000] {logging_mixin.py:188} INFO - [2025-08-09T20:37:24.648+0000] {dag.py:3096} INFO - Sync 1 DAGs
[2025-08-09T20:37:24.670+0000] {logging_mixin.py:188} INFO - [2025-08-09T20:37:24.669+0000] {dag.py:3954} INFO - Setting next_dagrun for dbt_run_pipeline_v1 to None, run_after=None
[2025-08-09T20:37:24.716+0000] {processor.py:183} INFO - Processing /opt/airflow/dags/dbt_run_pipeline_v1.py took 0.150 seconds
[2025-08-09T20:37:55.031+0000] {processor.py:161} INFO - Started process (PID=1319) to work on /opt/airflow/dags/dbt_run_pipeline_v1.py
[2025-08-09T20:37:55.033+0000] {processor.py:830} INFO - Processing file /opt/airflow/dags/dbt_run_pipeline_v1.py for tasks to queue
[2025-08-09T20:37:55.038+0000] {logging_mixin.py:188} INFO - [2025-08-09T20:37:55.037+0000] {dagbag.py:545} INFO - Filling up the DagBag from /opt/airflow/dags/dbt_run_pipeline_v1.py
[2025-08-09T20:37:55.070+0000] {processor.py:840} INFO - DAG(s) 'dbt_run_pipeline_v1' retrieved from /opt/airflow/dags/dbt_run_pipeline_v1.py
[2025-08-09T20:37:55.113+0000] {logging_mixin.py:188} INFO - [2025-08-09T20:37:55.113+0000] {dag.py:3096} INFO - Sync 1 DAGs
[2025-08-09T20:37:55.140+0000] {logging_mixin.py:188} INFO - [2025-08-09T20:37:55.139+0000] {dag.py:3954} INFO - Setting next_dagrun for dbt_run_pipeline_v1 to None, run_after=None
[2025-08-09T20:37:55.181+0000] {processor.py:183} INFO - Processing /opt/airflow/dags/dbt_run_pipeline_v1.py took 0.164 seconds
[2025-08-09T20:38:25.360+0000] {processor.py:161} INFO - Started process (PID=1381) to work on /opt/airflow/dags/dbt_run_pipeline_v1.py
[2025-08-09T20:38:25.362+0000] {processor.py:830} INFO - Processing file /opt/airflow/dags/dbt_run_pipeline_v1.py for tasks to queue
[2025-08-09T20:38:25.366+0000] {logging_mixin.py:188} INFO - [2025-08-09T20:38:25.366+0000] {dagbag.py:545} INFO - Filling up the DagBag from /opt/airflow/dags/dbt_run_pipeline_v1.py
[2025-08-09T20:38:25.397+0000] {processor.py:840} INFO - DAG(s) 'dbt_run_pipeline_v1' retrieved from /opt/airflow/dags/dbt_run_pipeline_v1.py
[2025-08-09T20:38:25.437+0000] {logging_mixin.py:188} INFO - [2025-08-09T20:38:25.437+0000] {dag.py:3096} INFO - Sync 1 DAGs
[2025-08-09T20:38:25.460+0000] {logging_mixin.py:188} INFO - [2025-08-09T20:38:25.460+0000] {dag.py:3954} INFO - Setting next_dagrun for dbt_run_pipeline_v1 to None, run_after=None
[2025-08-09T20:38:25.502+0000] {processor.py:183} INFO - Processing /opt/airflow/dags/dbt_run_pipeline_v1.py took 0.156 seconds
[2025-08-09T20:38:55.657+0000] {processor.py:161} INFO - Started process (PID=1443) to work on /opt/airflow/dags/dbt_run_pipeline_v1.py
[2025-08-09T20:38:55.659+0000] {processor.py:830} INFO - Processing file /opt/airflow/dags/dbt_run_pipeline_v1.py for tasks to queue
[2025-08-09T20:38:55.662+0000] {logging_mixin.py:188} INFO - [2025-08-09T20:38:55.662+0000] {dagbag.py:545} INFO - Filling up the DagBag from /opt/airflow/dags/dbt_run_pipeline_v1.py
[2025-08-09T20:38:55.689+0000] {processor.py:840} INFO - DAG(s) 'dbt_run_pipeline_v1' retrieved from /opt/airflow/dags/dbt_run_pipeline_v1.py
[2025-08-09T20:38:55.729+0000] {logging_mixin.py:188} INFO - [2025-08-09T20:38:55.728+0000] {dag.py:3096} INFO - Sync 1 DAGs
[2025-08-09T20:38:55.757+0000] {logging_mixin.py:188} INFO - [2025-08-09T20:38:55.756+0000] {dag.py:3954} INFO - Setting next_dagrun for dbt_run_pipeline_v1 to None, run_after=None
[2025-08-09T20:38:55.879+0000] {processor.py:183} INFO - Processing /opt/airflow/dags/dbt_run_pipeline_v1.py took 0.232 seconds
[2025-08-09T20:39:26.305+0000] {processor.py:161} INFO - Started process (PID=1505) to work on /opt/airflow/dags/dbt_run_pipeline_v1.py
[2025-08-09T20:39:26.307+0000] {processor.py:830} INFO - Processing file /opt/airflow/dags/dbt_run_pipeline_v1.py for tasks to queue
[2025-08-09T20:39:26.311+0000] {logging_mixin.py:188} INFO - [2025-08-09T20:39:26.310+0000] {dagbag.py:545} INFO - Filling up the DagBag from /opt/airflow/dags/dbt_run_pipeline_v1.py
[2025-08-09T20:39:26.340+0000] {processor.py:840} INFO - DAG(s) 'dbt_run_pipeline_v1' retrieved from /opt/airflow/dags/dbt_run_pipeline_v1.py
[2025-08-09T20:39:26.377+0000] {logging_mixin.py:188} INFO - [2025-08-09T20:39:26.376+0000] {dag.py:3096} INFO - Sync 1 DAGs
[2025-08-09T20:39:26.397+0000] {logging_mixin.py:188} INFO - [2025-08-09T20:39:26.397+0000] {dag.py:3954} INFO - Setting next_dagrun for dbt_run_pipeline_v1 to None, run_after=None
[2025-08-09T20:39:26.444+0000] {processor.py:183} INFO - Processing /opt/airflow/dags/dbt_run_pipeline_v1.py took 0.149 seconds
[2025-08-09T20:39:56.922+0000] {processor.py:161} INFO - Started process (PID=1567) to work on /opt/airflow/dags/dbt_run_pipeline_v1.py
[2025-08-09T20:39:56.925+0000] {processor.py:830} INFO - Processing file /opt/airflow/dags/dbt_run_pipeline_v1.py for tasks to queue
[2025-08-09T20:39:56.928+0000] {logging_mixin.py:188} INFO - [2025-08-09T20:39:56.928+0000] {dagbag.py:545} INFO - Filling up the DagBag from /opt/airflow/dags/dbt_run_pipeline_v1.py
[2025-08-09T20:39:56.957+0000] {processor.py:840} INFO - DAG(s) 'dbt_run_pipeline_v1' retrieved from /opt/airflow/dags/dbt_run_pipeline_v1.py
[2025-08-09T20:39:56.998+0000] {logging_mixin.py:188} INFO - [2025-08-09T20:39:56.997+0000] {dag.py:3096} INFO - Sync 1 DAGs
[2025-08-09T20:39:57.018+0000] {logging_mixin.py:188} INFO - [2025-08-09T20:39:57.018+0000] {dag.py:3954} INFO - Setting next_dagrun for dbt_run_pipeline_v1 to None, run_after=None
[2025-08-09T20:39:57.066+0000] {processor.py:183} INFO - Processing /opt/airflow/dags/dbt_run_pipeline_v1.py took 0.155 seconds
[2025-08-09T20:40:27.896+0000] {processor.py:161} INFO - Started process (PID=1629) to work on /opt/airflow/dags/dbt_run_pipeline_v1.py
[2025-08-09T20:40:27.899+0000] {processor.py:830} INFO - Processing file /opt/airflow/dags/dbt_run_pipeline_v1.py for tasks to queue
[2025-08-09T20:40:27.906+0000] {logging_mixin.py:188} INFO - [2025-08-09T20:40:27.905+0000] {dagbag.py:545} INFO - Filling up the DagBag from /opt/airflow/dags/dbt_run_pipeline_v1.py
[2025-08-09T20:40:27.940+0000] {processor.py:840} INFO - DAG(s) 'dbt_run_pipeline_v1' retrieved from /opt/airflow/dags/dbt_run_pipeline_v1.py
[2025-08-09T20:40:27.995+0000] {logging_mixin.py:188} INFO - [2025-08-09T20:40:27.994+0000] {dag.py:3096} INFO - Sync 1 DAGs
[2025-08-09T20:40:28.017+0000] {logging_mixin.py:188} INFO - [2025-08-09T20:40:28.016+0000] {dag.py:3954} INFO - Setting next_dagrun for dbt_run_pipeline_v1 to None, run_after=None
[2025-08-09T20:40:28.065+0000] {processor.py:183} INFO - Processing /opt/airflow/dags/dbt_run_pipeline_v1.py took 0.186 seconds
[2025-08-09T20:40:58.270+0000] {processor.py:161} INFO - Started process (PID=1692) to work on /opt/airflow/dags/dbt_run_pipeline_v1.py
[2025-08-09T20:40:58.273+0000] {processor.py:830} INFO - Processing file /opt/airflow/dags/dbt_run_pipeline_v1.py for tasks to queue
[2025-08-09T20:40:58.278+0000] {logging_mixin.py:188} INFO - [2025-08-09T20:40:58.277+0000] {dagbag.py:545} INFO - Filling up the DagBag from /opt/airflow/dags/dbt_run_pipeline_v1.py
[2025-08-09T20:40:58.313+0000] {processor.py:840} INFO - DAG(s) 'dbt_run_pipeline_v1' retrieved from /opt/airflow/dags/dbt_run_pipeline_v1.py
[2025-08-09T20:40:58.360+0000] {logging_mixin.py:188} INFO - [2025-08-09T20:40:58.360+0000] {dag.py:3096} INFO - Sync 1 DAGs
[2025-08-09T20:40:58.385+0000] {logging_mixin.py:188} INFO - [2025-08-09T20:40:58.385+0000] {dag.py:3954} INFO - Setting next_dagrun for dbt_run_pipeline_v1 to None, run_after=None
[2025-08-09T20:40:58.437+0000] {processor.py:183} INFO - Processing /opt/airflow/dags/dbt_run_pipeline_v1.py took 0.179 seconds
[2025-08-09T20:41:28.555+0000] {processor.py:161} INFO - Started process (PID=1754) to work on /opt/airflow/dags/dbt_run_pipeline_v1.py
[2025-08-09T20:41:28.559+0000] {processor.py:830} INFO - Processing file /opt/airflow/dags/dbt_run_pipeline_v1.py for tasks to queue
[2025-08-09T20:41:28.564+0000] {logging_mixin.py:188} INFO - [2025-08-09T20:41:28.563+0000] {dagbag.py:545} INFO - Filling up the DagBag from /opt/airflow/dags/dbt_run_pipeline_v1.py
[2025-08-09T20:41:28.598+0000] {processor.py:840} INFO - DAG(s) 'dbt_run_pipeline_v1' retrieved from /opt/airflow/dags/dbt_run_pipeline_v1.py
[2025-08-09T20:41:28.642+0000] {logging_mixin.py:188} INFO - [2025-08-09T20:41:28.642+0000] {dag.py:3096} INFO - Sync 1 DAGs
[2025-08-09T20:41:28.665+0000] {logging_mixin.py:188} INFO - [2025-08-09T20:41:28.665+0000] {dag.py:3954} INFO - Setting next_dagrun for dbt_run_pipeline_v1 to None, run_after=None
[2025-08-09T20:41:28.714+0000] {processor.py:183} INFO - Processing /opt/airflow/dags/dbt_run_pipeline_v1.py took 0.175 seconds
[2025-08-09T20:41:58.949+0000] {processor.py:161} INFO - Started process (PID=1817) to work on /opt/airflow/dags/dbt_run_pipeline_v1.py
[2025-08-09T20:41:58.951+0000] {processor.py:830} INFO - Processing file /opt/airflow/dags/dbt_run_pipeline_v1.py for tasks to queue
[2025-08-09T20:41:58.956+0000] {logging_mixin.py:188} INFO - [2025-08-09T20:41:58.955+0000] {dagbag.py:545} INFO - Filling up the DagBag from /opt/airflow/dags/dbt_run_pipeline_v1.py
[2025-08-09T20:41:58.987+0000] {processor.py:840} INFO - DAG(s) 'dbt_run_pipeline_v1' retrieved from /opt/airflow/dags/dbt_run_pipeline_v1.py
[2025-08-09T20:41:59.045+0000] {logging_mixin.py:188} INFO - [2025-08-09T20:41:59.045+0000] {dag.py:3096} INFO - Sync 1 DAGs
[2025-08-09T20:41:59.075+0000] {logging_mixin.py:188} INFO - [2025-08-09T20:41:59.074+0000] {dag.py:3954} INFO - Setting next_dagrun for dbt_run_pipeline_v1 to None, run_after=None
[2025-08-09T20:41:59.128+0000] {processor.py:183} INFO - Processing /opt/airflow/dags/dbt_run_pipeline_v1.py took 0.190 seconds
[2025-08-09T20:42:29.344+0000] {processor.py:161} INFO - Started process (PID=1879) to work on /opt/airflow/dags/dbt_run_pipeline_v1.py
[2025-08-09T20:42:29.347+0000] {processor.py:830} INFO - Processing file /opt/airflow/dags/dbt_run_pipeline_v1.py for tasks to queue
[2025-08-09T20:42:29.351+0000] {logging_mixin.py:188} INFO - [2025-08-09T20:42:29.350+0000] {dagbag.py:545} INFO - Filling up the DagBag from /opt/airflow/dags/dbt_run_pipeline_v1.py
[2025-08-09T20:42:29.377+0000] {processor.py:840} INFO - DAG(s) 'dbt_run_pipeline_v1' retrieved from /opt/airflow/dags/dbt_run_pipeline_v1.py
[2025-08-09T20:42:29.411+0000] {logging_mixin.py:188} INFO - [2025-08-09T20:42:29.411+0000] {dag.py:3096} INFO - Sync 1 DAGs
[2025-08-09T20:42:29.432+0000] {logging_mixin.py:188} INFO - [2025-08-09T20:42:29.432+0000] {dag.py:3954} INFO - Setting next_dagrun for dbt_run_pipeline_v1 to None, run_after=None
[2025-08-09T20:42:29.475+0000] {processor.py:183} INFO - Processing /opt/airflow/dags/dbt_run_pipeline_v1.py took 0.141 seconds
