[2025-08-09T18:48:42.555+0000] {processor.py:161} INFO - Started process (PID=58) to work on /opt/airflow/dags/gcs_load_dag v2.py
[2025-08-09T18:48:42.557+0000] {processor.py:830} INFO - Processing file /opt/airflow/dags/gcs_load_dag v2.py for tasks to queue
[2025-08-09T18:48:42.561+0000] {logging_mixin.py:188} INFO - [2025-08-09T18:48:42.560+0000] {dagbag.py:545} INFO - Filling up the DagBag from /opt/airflow/dags/gcs_load_dag v2.py
[2025-08-09T18:48:43.072+0000] {processor.py:840} INFO - DAG(s) 'gcs_process_all_files_v1' retrieved from /opt/airflow/dags/gcs_load_dag v2.py
[2025-08-09T18:48:43.100+0000] {logging_mixin.py:188} INFO - [2025-08-09T18:48:43.100+0000] {dag.py:3096} INFO - Sync 1 DAGs
[2025-08-09T18:48:43.114+0000] {logging_mixin.py:188} INFO - [2025-08-09T18:48:43.113+0000] {dag.py:3954} INFO - Setting next_dagrun for gcs_process_all_files_v1 to None, run_after=None
[2025-08-09T18:48:43.135+0000] {processor.py:183} INFO - Processing /opt/airflow/dags/gcs_load_dag v2.py took 0.590 seconds
[2025-08-09T18:49:13.364+0000] {processor.py:161} INFO - Started process (PID=120) to work on /opt/airflow/dags/gcs_load_dag v2.py
[2025-08-09T18:49:13.364+0000] {processor.py:830} INFO - Processing file /opt/airflow/dags/gcs_load_dag v2.py for tasks to queue
[2025-08-09T18:49:13.366+0000] {logging_mixin.py:188} INFO - [2025-08-09T18:49:13.366+0000] {dagbag.py:545} INFO - Filling up the DagBag from /opt/airflow/dags/gcs_load_dag v2.py
[2025-08-09T18:49:13.598+0000] {processor.py:840} INFO - DAG(s) 'gcs_process_all_files_v1' retrieved from /opt/airflow/dags/gcs_load_dag v2.py
[2025-08-09T18:49:13.616+0000] {logging_mixin.py:188} INFO - [2025-08-09T18:49:13.615+0000] {dag.py:3096} INFO - Sync 1 DAGs
[2025-08-09T18:49:13.627+0000] {logging_mixin.py:188} INFO - [2025-08-09T18:49:13.626+0000] {dag.py:3954} INFO - Setting next_dagrun for gcs_process_all_files_v1 to None, run_after=None
[2025-08-09T18:49:13.645+0000] {processor.py:183} INFO - Processing /opt/airflow/dags/gcs_load_dag v2.py took 0.286 seconds
[2025-08-09T18:49:44.288+0000] {processor.py:161} INFO - Started process (PID=182) to work on /opt/airflow/dags/gcs_load_dag v2.py
[2025-08-09T18:49:44.289+0000] {processor.py:830} INFO - Processing file /opt/airflow/dags/gcs_load_dag v2.py for tasks to queue
[2025-08-09T18:49:44.291+0000] {logging_mixin.py:188} INFO - [2025-08-09T18:49:44.291+0000] {dagbag.py:545} INFO - Filling up the DagBag from /opt/airflow/dags/gcs_load_dag v2.py
[2025-08-09T18:49:44.589+0000] {processor.py:840} INFO - DAG(s) 'gcs_process_all_files_v1' retrieved from /opt/airflow/dags/gcs_load_dag v2.py
[2025-08-09T18:49:44.689+0000] {logging_mixin.py:188} INFO - [2025-08-09T18:49:44.689+0000] {dag.py:3096} INFO - Sync 1 DAGs
[2025-08-09T18:49:44.698+0000] {logging_mixin.py:188} INFO - [2025-08-09T18:49:44.698+0000] {dag.py:3954} INFO - Setting next_dagrun for gcs_process_all_files_v1 to None, run_after=None
[2025-08-09T18:49:44.720+0000] {processor.py:183} INFO - Processing /opt/airflow/dags/gcs_load_dag v2.py took 0.440 seconds
[2025-08-09T18:50:15.114+0000] {processor.py:161} INFO - Started process (PID=244) to work on /opt/airflow/dags/gcs_load_dag v2.py
[2025-08-09T18:50:15.115+0000] {processor.py:830} INFO - Processing file /opt/airflow/dags/gcs_load_dag v2.py for tasks to queue
[2025-08-09T18:50:15.118+0000] {logging_mixin.py:188} INFO - [2025-08-09T18:50:15.117+0000] {dagbag.py:545} INFO - Filling up the DagBag from /opt/airflow/dags/gcs_load_dag v2.py
[2025-08-09T18:50:15.330+0000] {processor.py:840} INFO - DAG(s) 'gcs_process_all_files_v1' retrieved from /opt/airflow/dags/gcs_load_dag v2.py
[2025-08-09T18:50:15.351+0000] {logging_mixin.py:188} INFO - [2025-08-09T18:50:15.351+0000] {dag.py:3096} INFO - Sync 1 DAGs
[2025-08-09T18:50:15.362+0000] {logging_mixin.py:188} INFO - [2025-08-09T18:50:15.362+0000] {dag.py:3954} INFO - Setting next_dagrun for gcs_process_all_files_v1 to None, run_after=None
[2025-08-09T18:50:15.377+0000] {processor.py:183} INFO - Processing /opt/airflow/dags/gcs_load_dag v2.py took 0.268 seconds
[2025-08-09T18:50:46.156+0000] {processor.py:161} INFO - Started process (PID=306) to work on /opt/airflow/dags/gcs_load_dag v2.py
[2025-08-09T18:50:46.158+0000] {processor.py:830} INFO - Processing file /opt/airflow/dags/gcs_load_dag v2.py for tasks to queue
[2025-08-09T18:50:46.161+0000] {logging_mixin.py:188} INFO - [2025-08-09T18:50:46.160+0000] {dagbag.py:545} INFO - Filling up the DagBag from /opt/airflow/dags/gcs_load_dag v2.py
[2025-08-09T18:50:46.448+0000] {processor.py:840} INFO - DAG(s) 'gcs_process_all_files_v1' retrieved from /opt/airflow/dags/gcs_load_dag v2.py
[2025-08-09T18:50:46.473+0000] {logging_mixin.py:188} INFO - [2025-08-09T18:50:46.472+0000] {dag.py:3096} INFO - Sync 1 DAGs
[2025-08-09T18:50:46.488+0000] {logging_mixin.py:188} INFO - [2025-08-09T18:50:46.487+0000] {dag.py:3954} INFO - Setting next_dagrun for gcs_process_all_files_v1 to None, run_after=None
[2025-08-09T18:50:46.509+0000] {processor.py:183} INFO - Processing /opt/airflow/dags/gcs_load_dag v2.py took 0.357 seconds
[2025-08-09T18:51:17.213+0000] {processor.py:161} INFO - Started process (PID=368) to work on /opt/airflow/dags/gcs_load_dag v2.py
[2025-08-09T18:51:17.214+0000] {processor.py:830} INFO - Processing file /opt/airflow/dags/gcs_load_dag v2.py for tasks to queue
[2025-08-09T18:51:17.217+0000] {logging_mixin.py:188} INFO - [2025-08-09T18:51:17.217+0000] {dagbag.py:545} INFO - Filling up the DagBag from /opt/airflow/dags/gcs_load_dag v2.py
[2025-08-09T18:51:17.506+0000] {processor.py:840} INFO - DAG(s) 'gcs_process_all_files_v1' retrieved from /opt/airflow/dags/gcs_load_dag v2.py
[2025-08-09T18:51:17.527+0000] {logging_mixin.py:188} INFO - [2025-08-09T18:51:17.526+0000] {dag.py:3096} INFO - Sync 1 DAGs
[2025-08-09T18:51:17.542+0000] {logging_mixin.py:188} INFO - [2025-08-09T18:51:17.542+0000] {dag.py:3954} INFO - Setting next_dagrun for gcs_process_all_files_v1 to None, run_after=None
[2025-08-09T18:51:17.566+0000] {processor.py:183} INFO - Processing /opt/airflow/dags/gcs_load_dag v2.py took 0.358 seconds
[2025-08-09T18:51:48.038+0000] {processor.py:161} INFO - Started process (PID=430) to work on /opt/airflow/dags/gcs_load_dag v2.py
[2025-08-09T18:51:48.039+0000] {processor.py:830} INFO - Processing file /opt/airflow/dags/gcs_load_dag v2.py for tasks to queue
[2025-08-09T18:51:48.042+0000] {logging_mixin.py:188} INFO - [2025-08-09T18:51:48.041+0000] {dagbag.py:545} INFO - Filling up the DagBag from /opt/airflow/dags/gcs_load_dag v2.py
[2025-08-09T18:51:48.273+0000] {processor.py:840} INFO - DAG(s) 'gcs_process_all_files_v1' retrieved from /opt/airflow/dags/gcs_load_dag v2.py
[2025-08-09T18:51:48.293+0000] {logging_mixin.py:188} INFO - [2025-08-09T18:51:48.293+0000] {dag.py:3096} INFO - Sync 1 DAGs
[2025-08-09T18:51:48.306+0000] {logging_mixin.py:188} INFO - [2025-08-09T18:51:48.306+0000] {dag.py:3954} INFO - Setting next_dagrun for gcs_process_all_files_v1 to None, run_after=None
[2025-08-09T18:51:48.329+0000] {processor.py:183} INFO - Processing /opt/airflow/dags/gcs_load_dag v2.py took 0.297 seconds
[2025-08-09T18:52:18.497+0000] {processor.py:161} INFO - Started process (PID=492) to work on /opt/airflow/dags/gcs_load_dag v2.py
[2025-08-09T18:52:18.498+0000] {processor.py:830} INFO - Processing file /opt/airflow/dags/gcs_load_dag v2.py for tasks to queue
[2025-08-09T18:52:18.500+0000] {logging_mixin.py:188} INFO - [2025-08-09T18:52:18.500+0000] {dagbag.py:545} INFO - Filling up the DagBag from /opt/airflow/dags/gcs_load_dag v2.py
[2025-08-09T18:52:18.757+0000] {processor.py:840} INFO - DAG(s) 'gcs_process_all_files_v1' retrieved from /opt/airflow/dags/gcs_load_dag v2.py
[2025-08-09T18:52:18.779+0000] {logging_mixin.py:188} INFO - [2025-08-09T18:52:18.779+0000] {dag.py:3096} INFO - Sync 1 DAGs
[2025-08-09T18:52:18.793+0000] {logging_mixin.py:188} INFO - [2025-08-09T18:52:18.793+0000] {dag.py:3954} INFO - Setting next_dagrun for gcs_process_all_files_v1 to None, run_after=None
[2025-08-09T18:52:18.813+0000] {processor.py:183} INFO - Processing /opt/airflow/dags/gcs_load_dag v2.py took 0.320 seconds
[2025-08-09T18:52:49.033+0000] {processor.py:161} INFO - Started process (PID=554) to work on /opt/airflow/dags/gcs_load_dag v2.py
[2025-08-09T18:52:49.034+0000] {processor.py:830} INFO - Processing file /opt/airflow/dags/gcs_load_dag v2.py for tasks to queue
[2025-08-09T18:52:49.037+0000] {logging_mixin.py:188} INFO - [2025-08-09T18:52:49.036+0000] {dagbag.py:545} INFO - Filling up the DagBag from /opt/airflow/dags/gcs_load_dag v2.py
[2025-08-09T18:52:49.280+0000] {processor.py:840} INFO - DAG(s) 'gcs_process_all_files_v1' retrieved from /opt/airflow/dags/gcs_load_dag v2.py
[2025-08-09T18:52:49.301+0000] {logging_mixin.py:188} INFO - [2025-08-09T18:52:49.300+0000] {dag.py:3096} INFO - Sync 1 DAGs
[2025-08-09T18:52:49.315+0000] {logging_mixin.py:188} INFO - [2025-08-09T18:52:49.314+0000] {dag.py:3954} INFO - Setting next_dagrun for gcs_process_all_files_v1 to None, run_after=None
[2025-08-09T18:52:49.339+0000] {processor.py:183} INFO - Processing /opt/airflow/dags/gcs_load_dag v2.py took 0.313 seconds
[2025-08-09T18:53:19.520+0000] {processor.py:161} INFO - Started process (PID=616) to work on /opt/airflow/dags/gcs_load_dag v2.py
[2025-08-09T18:53:19.522+0000] {processor.py:830} INFO - Processing file /opt/airflow/dags/gcs_load_dag v2.py for tasks to queue
[2025-08-09T18:53:19.524+0000] {logging_mixin.py:188} INFO - [2025-08-09T18:53:19.524+0000] {dagbag.py:545} INFO - Filling up the DagBag from /opt/airflow/dags/gcs_load_dag v2.py
[2025-08-09T18:53:19.892+0000] {processor.py:840} INFO - DAG(s) 'gcs_process_all_files_v1' retrieved from /opt/airflow/dags/gcs_load_dag v2.py
[2025-08-09T18:53:19.919+0000] {logging_mixin.py:188} INFO - [2025-08-09T18:53:19.919+0000] {dag.py:3096} INFO - Sync 1 DAGs
[2025-08-09T18:53:19.934+0000] {logging_mixin.py:188} INFO - [2025-08-09T18:53:19.934+0000] {dag.py:3954} INFO - Setting next_dagrun for gcs_process_all_files_v1 to None, run_after=None
[2025-08-09T18:53:19.956+0000] {processor.py:183} INFO - Processing /opt/airflow/dags/gcs_load_dag v2.py took 0.443 seconds
[2025-08-09T18:53:50.500+0000] {processor.py:161} INFO - Started process (PID=678) to work on /opt/airflow/dags/gcs_load_dag v2.py
[2025-08-09T18:53:50.501+0000] {processor.py:830} INFO - Processing file /opt/airflow/dags/gcs_load_dag v2.py for tasks to queue
[2025-08-09T18:53:50.503+0000] {logging_mixin.py:188} INFO - [2025-08-09T18:53:50.502+0000] {dagbag.py:545} INFO - Filling up the DagBag from /opt/airflow/dags/gcs_load_dag v2.py
[2025-08-09T18:53:50.745+0000] {processor.py:840} INFO - DAG(s) 'gcs_process_all_files_v1' retrieved from /opt/airflow/dags/gcs_load_dag v2.py
[2025-08-09T18:53:50.767+0000] {logging_mixin.py:188} INFO - [2025-08-09T18:53:50.766+0000] {dag.py:3096} INFO - Sync 1 DAGs
[2025-08-09T18:53:50.779+0000] {logging_mixin.py:188} INFO - [2025-08-09T18:53:50.779+0000] {dag.py:3954} INFO - Setting next_dagrun for gcs_process_all_files_v1 to None, run_after=None
[2025-08-09T18:53:50.798+0000] {processor.py:183} INFO - Processing /opt/airflow/dags/gcs_load_dag v2.py took 0.303 seconds
[2025-08-09T18:54:21.179+0000] {processor.py:161} INFO - Started process (PID=740) to work on /opt/airflow/dags/gcs_load_dag v2.py
[2025-08-09T18:54:21.180+0000] {processor.py:830} INFO - Processing file /opt/airflow/dags/gcs_load_dag v2.py for tasks to queue
[2025-08-09T18:54:21.182+0000] {logging_mixin.py:188} INFO - [2025-08-09T18:54:21.181+0000] {dagbag.py:545} INFO - Filling up the DagBag from /opt/airflow/dags/gcs_load_dag v2.py
[2025-08-09T18:54:21.408+0000] {processor.py:840} INFO - DAG(s) 'gcs_process_all_files_v1' retrieved from /opt/airflow/dags/gcs_load_dag v2.py
[2025-08-09T18:54:21.430+0000] {logging_mixin.py:188} INFO - [2025-08-09T18:54:21.429+0000] {dag.py:3096} INFO - Sync 1 DAGs
[2025-08-09T18:54:21.442+0000] {logging_mixin.py:188} INFO - [2025-08-09T18:54:21.442+0000] {dag.py:3954} INFO - Setting next_dagrun for gcs_process_all_files_v1 to None, run_after=None
[2025-08-09T18:54:21.459+0000] {processor.py:183} INFO - Processing /opt/airflow/dags/gcs_load_dag v2.py took 0.286 seconds
[2025-08-09T18:54:51.625+0000] {processor.py:161} INFO - Started process (PID=802) to work on /opt/airflow/dags/gcs_load_dag v2.py
[2025-08-09T18:54:51.626+0000] {processor.py:830} INFO - Processing file /opt/airflow/dags/gcs_load_dag v2.py for tasks to queue
[2025-08-09T18:54:51.628+0000] {logging_mixin.py:188} INFO - [2025-08-09T18:54:51.628+0000] {dagbag.py:545} INFO - Filling up the DagBag from /opt/airflow/dags/gcs_load_dag v2.py
[2025-08-09T18:54:51.879+0000] {processor.py:840} INFO - DAG(s) 'gcs_process_all_files_v1' retrieved from /opt/airflow/dags/gcs_load_dag v2.py
[2025-08-09T18:54:51.899+0000] {logging_mixin.py:188} INFO - [2025-08-09T18:54:51.899+0000] {dag.py:3096} INFO - Sync 1 DAGs
[2025-08-09T18:54:51.910+0000] {logging_mixin.py:188} INFO - [2025-08-09T18:54:51.910+0000] {dag.py:3954} INFO - Setting next_dagrun for gcs_process_all_files_v1 to None, run_after=None
[2025-08-09T18:54:51.930+0000] {processor.py:183} INFO - Processing /opt/airflow/dags/gcs_load_dag v2.py took 0.311 seconds
[2025-08-09T18:55:22.225+0000] {processor.py:161} INFO - Started process (PID=864) to work on /opt/airflow/dags/gcs_load_dag v2.py
[2025-08-09T18:55:22.226+0000] {processor.py:830} INFO - Processing file /opt/airflow/dags/gcs_load_dag v2.py for tasks to queue
[2025-08-09T18:55:22.228+0000] {logging_mixin.py:188} INFO - [2025-08-09T18:55:22.228+0000] {dagbag.py:545} INFO - Filling up the DagBag from /opt/airflow/dags/gcs_load_dag v2.py
[2025-08-09T18:55:22.472+0000] {processor.py:840} INFO - DAG(s) 'gcs_process_all_files_v1' retrieved from /opt/airflow/dags/gcs_load_dag v2.py
[2025-08-09T18:55:22.493+0000] {logging_mixin.py:188} INFO - [2025-08-09T18:55:22.492+0000] {dag.py:3096} INFO - Sync 1 DAGs
[2025-08-09T18:55:22.504+0000] {logging_mixin.py:188} INFO - [2025-08-09T18:55:22.503+0000] {dag.py:3954} INFO - Setting next_dagrun for gcs_process_all_files_v1 to None, run_after=None
[2025-08-09T18:55:22.524+0000] {processor.py:183} INFO - Processing /opt/airflow/dags/gcs_load_dag v2.py took 0.305 seconds
[2025-08-09T18:55:52.698+0000] {processor.py:161} INFO - Started process (PID=926) to work on /opt/airflow/dags/gcs_load_dag v2.py
[2025-08-09T18:55:52.699+0000] {processor.py:830} INFO - Processing file /opt/airflow/dags/gcs_load_dag v2.py for tasks to queue
[2025-08-09T18:55:52.702+0000] {logging_mixin.py:188} INFO - [2025-08-09T18:55:52.701+0000] {dagbag.py:545} INFO - Filling up the DagBag from /opt/airflow/dags/gcs_load_dag v2.py
[2025-08-09T18:55:52.923+0000] {processor.py:840} INFO - DAG(s) 'gcs_process_all_files_v1' retrieved from /opt/airflow/dags/gcs_load_dag v2.py
[2025-08-09T18:55:52.942+0000] {logging_mixin.py:188} INFO - [2025-08-09T18:55:52.942+0000] {dag.py:3096} INFO - Sync 1 DAGs
[2025-08-09T18:55:52.953+0000] {logging_mixin.py:188} INFO - [2025-08-09T18:55:52.952+0000] {dag.py:3954} INFO - Setting next_dagrun for gcs_process_all_files_v1 to None, run_after=None
[2025-08-09T18:55:52.968+0000] {processor.py:183} INFO - Processing /opt/airflow/dags/gcs_load_dag v2.py took 0.276 seconds
[2025-08-09T18:56:23.058+0000] {processor.py:161} INFO - Started process (PID=990) to work on /opt/airflow/dags/gcs_load_dag v2.py
[2025-08-09T18:56:23.059+0000] {processor.py:830} INFO - Processing file /opt/airflow/dags/gcs_load_dag v2.py for tasks to queue
[2025-08-09T18:56:23.061+0000] {logging_mixin.py:188} INFO - [2025-08-09T18:56:23.061+0000] {dagbag.py:545} INFO - Filling up the DagBag from /opt/airflow/dags/gcs_load_dag v2.py
[2025-08-09T18:56:23.264+0000] {processor.py:840} INFO - DAG(s) 'gcs_process_all_files_v1' retrieved from /opt/airflow/dags/gcs_load_dag v2.py
[2025-08-09T18:56:23.284+0000] {logging_mixin.py:188} INFO - [2025-08-09T18:56:23.283+0000] {dag.py:3096} INFO - Sync 1 DAGs
[2025-08-09T18:56:23.294+0000] {logging_mixin.py:188} INFO - [2025-08-09T18:56:23.293+0000] {dag.py:3954} INFO - Setting next_dagrun for gcs_process_all_files_v1 to None, run_after=None
[2025-08-09T18:56:23.317+0000] {processor.py:183} INFO - Processing /opt/airflow/dags/gcs_load_dag v2.py took 0.264 seconds
[2025-08-09T18:56:53.409+0000] {processor.py:161} INFO - Started process (PID=1050) to work on /opt/airflow/dags/gcs_load_dag v2.py
[2025-08-09T18:56:53.410+0000] {processor.py:830} INFO - Processing file /opt/airflow/dags/gcs_load_dag v2.py for tasks to queue
[2025-08-09T18:56:53.412+0000] {logging_mixin.py:188} INFO - [2025-08-09T18:56:53.412+0000] {dagbag.py:545} INFO - Filling up the DagBag from /opt/airflow/dags/gcs_load_dag v2.py
[2025-08-09T18:56:53.644+0000] {processor.py:840} INFO - DAG(s) 'gcs_process_all_files_v1' retrieved from /opt/airflow/dags/gcs_load_dag v2.py
[2025-08-09T18:56:53.664+0000] {logging_mixin.py:188} INFO - [2025-08-09T18:56:53.663+0000] {dag.py:3096} INFO - Sync 1 DAGs
[2025-08-09T18:56:53.673+0000] {logging_mixin.py:188} INFO - [2025-08-09T18:56:53.673+0000] {dag.py:3954} INFO - Setting next_dagrun for gcs_process_all_files_v1 to None, run_after=None
[2025-08-09T18:56:53.691+0000] {processor.py:183} INFO - Processing /opt/airflow/dags/gcs_load_dag v2.py took 0.287 seconds
[2025-08-09T19:04:13.558+0000] {processor.py:161} INFO - Started process (PID=1115) to work on /opt/airflow/dags/gcs_load_dag v2.py
[2025-08-09T19:04:13.559+0000] {processor.py:830} INFO - Processing file /opt/airflow/dags/gcs_load_dag v2.py for tasks to queue
[2025-08-09T19:04:13.561+0000] {logging_mixin.py:188} INFO - [2025-08-09T19:04:13.561+0000] {dagbag.py:545} INFO - Filling up the DagBag from /opt/airflow/dags/gcs_load_dag v2.py
[2025-08-09T19:04:13.970+0000] {processor.py:840} INFO - DAG(s) 'gcs_process_all_files_v1' retrieved from /opt/airflow/dags/gcs_load_dag v2.py
[2025-08-09T19:04:13.997+0000] {logging_mixin.py:188} INFO - [2025-08-09T19:04:13.996+0000] {dag.py:3096} INFO - Sync 1 DAGs
[2025-08-09T19:04:14.010+0000] {logging_mixin.py:188} INFO - [2025-08-09T19:04:14.010+0000] {dag.py:3954} INFO - Setting next_dagrun for gcs_process_all_files_v1 to None, run_after=None
[2025-08-09T19:04:14.033+0000] {processor.py:183} INFO - Processing /opt/airflow/dags/gcs_load_dag v2.py took 0.480 seconds
[2025-08-09T19:04:44.136+0000] {processor.py:161} INFO - Started process (PID=1179) to work on /opt/airflow/dags/gcs_load_dag v2.py
[2025-08-09T19:04:44.137+0000] {processor.py:830} INFO - Processing file /opt/airflow/dags/gcs_load_dag v2.py for tasks to queue
[2025-08-09T19:04:44.139+0000] {logging_mixin.py:188} INFO - [2025-08-09T19:04:44.139+0000] {dagbag.py:545} INFO - Filling up the DagBag from /opt/airflow/dags/gcs_load_dag v2.py
[2025-08-09T19:04:44.376+0000] {processor.py:840} INFO - DAG(s) 'gcs_process_all_files_v1' retrieved from /opt/airflow/dags/gcs_load_dag v2.py
[2025-08-09T19:04:44.397+0000] {logging_mixin.py:188} INFO - [2025-08-09T19:04:44.396+0000] {dag.py:3096} INFO - Sync 1 DAGs
[2025-08-09T19:04:44.408+0000] {logging_mixin.py:188} INFO - [2025-08-09T19:04:44.408+0000] {dag.py:3954} INFO - Setting next_dagrun for gcs_process_all_files_v1 to None, run_after=None
[2025-08-09T19:04:44.424+0000] {processor.py:183} INFO - Processing /opt/airflow/dags/gcs_load_dag v2.py took 0.293 seconds
[2025-08-09T19:05:14.849+0000] {processor.py:161} INFO - Started process (PID=1239) to work on /opt/airflow/dags/gcs_load_dag v2.py
[2025-08-09T19:05:14.850+0000] {processor.py:830} INFO - Processing file /opt/airflow/dags/gcs_load_dag v2.py for tasks to queue
[2025-08-09T19:05:14.852+0000] {logging_mixin.py:188} INFO - [2025-08-09T19:05:14.852+0000] {dagbag.py:545} INFO - Filling up the DagBag from /opt/airflow/dags/gcs_load_dag v2.py
[2025-08-09T19:05:15.103+0000] {processor.py:840} INFO - DAG(s) 'gcs_process_all_files_v1' retrieved from /opt/airflow/dags/gcs_load_dag v2.py
[2025-08-09T19:05:15.127+0000] {logging_mixin.py:188} INFO - [2025-08-09T19:05:15.126+0000] {dag.py:3096} INFO - Sync 1 DAGs
[2025-08-09T19:05:15.139+0000] {logging_mixin.py:188} INFO - [2025-08-09T19:05:15.139+0000] {dag.py:3954} INFO - Setting next_dagrun for gcs_process_all_files_v1 to None, run_after=None
[2025-08-09T19:05:15.156+0000] {processor.py:183} INFO - Processing /opt/airflow/dags/gcs_load_dag v2.py took 0.313 seconds
[2025-08-09T19:05:45.622+0000] {processor.py:161} INFO - Started process (PID=1301) to work on /opt/airflow/dags/gcs_load_dag v2.py
[2025-08-09T19:05:45.623+0000] {processor.py:830} INFO - Processing file /opt/airflow/dags/gcs_load_dag v2.py for tasks to queue
[2025-08-09T19:05:45.625+0000] {logging_mixin.py:188} INFO - [2025-08-09T19:05:45.625+0000] {dagbag.py:545} INFO - Filling up the DagBag from /opt/airflow/dags/gcs_load_dag v2.py
[2025-08-09T19:05:45.848+0000] {processor.py:840} INFO - DAG(s) 'gcs_process_all_files_v1' retrieved from /opt/airflow/dags/gcs_load_dag v2.py
[2025-08-09T19:05:45.871+0000] {logging_mixin.py:188} INFO - [2025-08-09T19:05:45.871+0000] {dag.py:3096} INFO - Sync 1 DAGs
[2025-08-09T19:05:45.882+0000] {logging_mixin.py:188} INFO - [2025-08-09T19:05:45.882+0000] {dag.py:3954} INFO - Setting next_dagrun for gcs_process_all_files_v1 to None, run_after=None
[2025-08-09T19:05:45.897+0000] {processor.py:183} INFO - Processing /opt/airflow/dags/gcs_load_dag v2.py took 0.280 seconds
[2025-08-09T19:06:15.970+0000] {processor.py:161} INFO - Started process (PID=1363) to work on /opt/airflow/dags/gcs_load_dag v2.py
[2025-08-09T19:06:15.972+0000] {processor.py:830} INFO - Processing file /opt/airflow/dags/gcs_load_dag v2.py for tasks to queue
[2025-08-09T19:06:15.975+0000] {logging_mixin.py:188} INFO - [2025-08-09T19:06:15.974+0000] {dagbag.py:545} INFO - Filling up the DagBag from /opt/airflow/dags/gcs_load_dag v2.py
[2025-08-09T19:06:16.219+0000] {processor.py:840} INFO - DAG(s) 'gcs_process_all_files_v1' retrieved from /opt/airflow/dags/gcs_load_dag v2.py
[2025-08-09T19:06:16.244+0000] {logging_mixin.py:188} INFO - [2025-08-09T19:06:16.244+0000] {dag.py:3096} INFO - Sync 1 DAGs
[2025-08-09T19:06:16.255+0000] {logging_mixin.py:188} INFO - [2025-08-09T19:06:16.255+0000] {dag.py:3954} INFO - Setting next_dagrun for gcs_process_all_files_v1 to None, run_after=None
[2025-08-09T19:06:16.271+0000] {processor.py:183} INFO - Processing /opt/airflow/dags/gcs_load_dag v2.py took 0.307 seconds
[2025-08-09T19:06:46.400+0000] {processor.py:161} INFO - Started process (PID=1425) to work on /opt/airflow/dags/gcs_load_dag v2.py
[2025-08-09T19:06:46.400+0000] {processor.py:830} INFO - Processing file /opt/airflow/dags/gcs_load_dag v2.py for tasks to queue
[2025-08-09T19:06:46.402+0000] {logging_mixin.py:188} INFO - [2025-08-09T19:06:46.402+0000] {dagbag.py:545} INFO - Filling up the DagBag from /opt/airflow/dags/gcs_load_dag v2.py
[2025-08-09T19:06:46.610+0000] {processor.py:840} INFO - DAG(s) 'gcs_process_all_files_v1' retrieved from /opt/airflow/dags/gcs_load_dag v2.py
[2025-08-09T19:06:46.629+0000] {logging_mixin.py:188} INFO - [2025-08-09T19:06:46.629+0000] {dag.py:3096} INFO - Sync 1 DAGs
[2025-08-09T19:06:46.639+0000] {logging_mixin.py:188} INFO - [2025-08-09T19:06:46.639+0000] {dag.py:3954} INFO - Setting next_dagrun for gcs_process_all_files_v1 to None, run_after=None
[2025-08-09T19:06:46.654+0000] {processor.py:183} INFO - Processing /opt/airflow/dags/gcs_load_dag v2.py took 0.259 seconds
[2025-08-09T19:07:16.771+0000] {processor.py:161} INFO - Started process (PID=1487) to work on /opt/airflow/dags/gcs_load_dag v2.py
[2025-08-09T19:07:16.772+0000] {processor.py:830} INFO - Processing file /opt/airflow/dags/gcs_load_dag v2.py for tasks to queue
[2025-08-09T19:07:16.774+0000] {logging_mixin.py:188} INFO - [2025-08-09T19:07:16.773+0000] {dagbag.py:545} INFO - Filling up the DagBag from /opt/airflow/dags/gcs_load_dag v2.py
[2025-08-09T19:07:16.982+0000] {processor.py:840} INFO - DAG(s) 'gcs_process_all_files_v1' retrieved from /opt/airflow/dags/gcs_load_dag v2.py
[2025-08-09T19:07:17.007+0000] {logging_mixin.py:188} INFO - [2025-08-09T19:07:17.007+0000] {dag.py:3096} INFO - Sync 1 DAGs
[2025-08-09T19:07:17.020+0000] {logging_mixin.py:188} INFO - [2025-08-09T19:07:17.019+0000] {dag.py:3954} INFO - Setting next_dagrun for gcs_process_all_files_v1 to None, run_after=None
[2025-08-09T19:07:17.038+0000] {processor.py:183} INFO - Processing /opt/airflow/dags/gcs_load_dag v2.py took 0.272 seconds
[2025-08-09T19:07:48.008+0000] {processor.py:161} INFO - Started process (PID=1549) to work on /opt/airflow/dags/gcs_load_dag v2.py
[2025-08-09T19:07:48.009+0000] {processor.py:830} INFO - Processing file /opt/airflow/dags/gcs_load_dag v2.py for tasks to queue
[2025-08-09T19:07:48.011+0000] {logging_mixin.py:188} INFO - [2025-08-09T19:07:48.010+0000] {dagbag.py:545} INFO - Filling up the DagBag from /opt/airflow/dags/gcs_load_dag v2.py
[2025-08-09T19:07:48.238+0000] {processor.py:840} INFO - DAG(s) 'gcs_process_all_files_v1' retrieved from /opt/airflow/dags/gcs_load_dag v2.py
[2025-08-09T19:07:48.255+0000] {logging_mixin.py:188} INFO - [2025-08-09T19:07:48.254+0000] {dag.py:3096} INFO - Sync 1 DAGs
[2025-08-09T19:07:48.266+0000] {logging_mixin.py:188} INFO - [2025-08-09T19:07:48.266+0000] {dag.py:3954} INFO - Setting next_dagrun for gcs_process_all_files_v1 to None, run_after=None
[2025-08-09T19:07:48.283+0000] {processor.py:183} INFO - Processing /opt/airflow/dags/gcs_load_dag v2.py took 0.279 seconds
[2025-08-09T20:12:04.707+0000] {processor.py:161} INFO - Started process (PID=1605) to work on /opt/airflow/dags/gcs_load_dag v2.py
[2025-08-09T20:12:04.709+0000] {processor.py:830} INFO - Processing file /opt/airflow/dags/gcs_load_dag v2.py for tasks to queue
[2025-08-09T20:12:04.712+0000] {logging_mixin.py:188} INFO - [2025-08-09T20:12:04.712+0000] {dagbag.py:545} INFO - Filling up the DagBag from /opt/airflow/dags/gcs_load_dag v2.py
[2025-08-09T20:12:05.179+0000] {processor.py:840} INFO - DAG(s) 'gcs_process_all_files_v1' retrieved from /opt/airflow/dags/gcs_load_dag v2.py
[2025-08-09T20:12:05.223+0000] {logging_mixin.py:188} INFO - [2025-08-09T20:12:05.222+0000] {dag.py:3096} INFO - Sync 1 DAGs
[2025-08-09T20:12:05.248+0000] {logging_mixin.py:188} INFO - [2025-08-09T20:12:05.248+0000] {dag.py:3954} INFO - Setting next_dagrun for gcs_process_all_files_v1 to None, run_after=None
[2025-08-09T20:12:05.272+0000] {processor.py:183} INFO - Processing /opt/airflow/dags/gcs_load_dag v2.py took 0.579 seconds
[2025-08-09T20:12:36.021+0000] {processor.py:161} INFO - Started process (PID=1667) to work on /opt/airflow/dags/gcs_load_dag v2.py
[2025-08-09T20:12:36.021+0000] {processor.py:830} INFO - Processing file /opt/airflow/dags/gcs_load_dag v2.py for tasks to queue
[2025-08-09T20:12:36.023+0000] {logging_mixin.py:188} INFO - [2025-08-09T20:12:36.023+0000] {dagbag.py:545} INFO - Filling up the DagBag from /opt/airflow/dags/gcs_load_dag v2.py
[2025-08-09T20:12:36.357+0000] {processor.py:840} INFO - DAG(s) 'gcs_process_all_files_v1' retrieved from /opt/airflow/dags/gcs_load_dag v2.py
[2025-08-09T20:12:36.380+0000] {logging_mixin.py:188} INFO - [2025-08-09T20:12:36.380+0000] {dag.py:3096} INFO - Sync 1 DAGs
[2025-08-09T20:12:36.395+0000] {logging_mixin.py:188} INFO - [2025-08-09T20:12:36.395+0000] {dag.py:3954} INFO - Setting next_dagrun for gcs_process_all_files_v1 to None, run_after=None
[2025-08-09T20:12:36.638+0000] {processor.py:183} INFO - Processing /opt/airflow/dags/gcs_load_dag v2.py took 0.624 seconds
[2025-08-09T20:13:06.749+0000] {processor.py:161} INFO - Started process (PID=1733) to work on /opt/airflow/dags/gcs_load_dag v2.py
[2025-08-09T20:13:06.750+0000] {processor.py:830} INFO - Processing file /opt/airflow/dags/gcs_load_dag v2.py for tasks to queue
[2025-08-09T20:13:06.753+0000] {logging_mixin.py:188} INFO - [2025-08-09T20:13:06.752+0000] {dagbag.py:545} INFO - Filling up the DagBag from /opt/airflow/dags/gcs_load_dag v2.py
[2025-08-09T20:13:06.973+0000] {processor.py:840} INFO - DAG(s) 'gcs_process_all_files_v1' retrieved from /opt/airflow/dags/gcs_load_dag v2.py
[2025-08-09T20:13:06.992+0000] {logging_mixin.py:188} INFO - [2025-08-09T20:13:06.991+0000] {dag.py:3096} INFO - Sync 1 DAGs
[2025-08-09T20:13:07.001+0000] {logging_mixin.py:188} INFO - [2025-08-09T20:13:07.001+0000] {dag.py:3954} INFO - Setting next_dagrun for gcs_process_all_files_v1 to None, run_after=None
[2025-08-09T20:13:07.017+0000] {processor.py:183} INFO - Processing /opt/airflow/dags/gcs_load_dag v2.py took 0.273 seconds
[2025-08-09T20:14:44.223+0000] {processor.py:161} INFO - Started process (PID=58) to work on /opt/airflow/dags/gcs_load_dag v2.py
[2025-08-09T20:14:44.224+0000] {processor.py:830} INFO - Processing file /opt/airflow/dags/gcs_load_dag v2.py for tasks to queue
[2025-08-09T20:14:44.226+0000] {logging_mixin.py:188} INFO - [2025-08-09T20:14:44.226+0000] {dagbag.py:545} INFO - Filling up the DagBag from /opt/airflow/dags/gcs_load_dag v2.py
[2025-08-09T20:14:45.585+0000] {processor.py:840} INFO - DAG(s) 'gcs_process_all_files_v1' retrieved from /opt/airflow/dags/gcs_load_dag v2.py
[2025-08-09T20:14:45.674+0000] {logging_mixin.py:188} INFO - [2025-08-09T20:14:45.673+0000] {dag.py:3096} INFO - Sync 1 DAGs
[2025-08-09T20:14:45.683+0000] {logging_mixin.py:188} INFO - [2025-08-09T20:14:45.682+0000] {dag.py:3954} INFO - Setting next_dagrun for gcs_process_all_files_v1 to None, run_after=None
[2025-08-09T20:14:45.704+0000] {processor.py:183} INFO - Processing /opt/airflow/dags/gcs_load_dag v2.py took 1.488 seconds
[2025-08-09T20:15:15.802+0000] {processor.py:161} INFO - Started process (PID=120) to work on /opt/airflow/dags/gcs_load_dag v2.py
[2025-08-09T20:15:15.803+0000] {processor.py:830} INFO - Processing file /opt/airflow/dags/gcs_load_dag v2.py for tasks to queue
[2025-08-09T20:15:15.805+0000] {logging_mixin.py:188} INFO - [2025-08-09T20:15:15.805+0000] {dagbag.py:545} INFO - Filling up the DagBag from /opt/airflow/dags/gcs_load_dag v2.py
[2025-08-09T20:15:16.106+0000] {processor.py:840} INFO - DAG(s) 'gcs_process_all_files_v1' retrieved from /opt/airflow/dags/gcs_load_dag v2.py
[2025-08-09T20:15:16.126+0000] {logging_mixin.py:188} INFO - [2025-08-09T20:15:16.125+0000] {dag.py:3096} INFO - Sync 1 DAGs
[2025-08-09T20:15:16.138+0000] {logging_mixin.py:188} INFO - [2025-08-09T20:15:16.138+0000] {dag.py:3954} INFO - Setting next_dagrun for gcs_process_all_files_v1 to None, run_after=None
[2025-08-09T20:15:16.157+0000] {processor.py:183} INFO - Processing /opt/airflow/dags/gcs_load_dag v2.py took 0.360 seconds
[2025-08-09T20:15:46.399+0000] {processor.py:161} INFO - Started process (PID=182) to work on /opt/airflow/dags/gcs_load_dag v2.py
[2025-08-09T20:15:46.401+0000] {processor.py:830} INFO - Processing file /opt/airflow/dags/gcs_load_dag v2.py for tasks to queue
[2025-08-09T20:15:46.403+0000] {logging_mixin.py:188} INFO - [2025-08-09T20:15:46.403+0000] {dagbag.py:545} INFO - Filling up the DagBag from /opt/airflow/dags/gcs_load_dag v2.py
[2025-08-09T20:15:46.702+0000] {processor.py:840} INFO - DAG(s) 'gcs_process_all_files_v1' retrieved from /opt/airflow/dags/gcs_load_dag v2.py
[2025-08-09T20:15:46.722+0000] {logging_mixin.py:188} INFO - [2025-08-09T20:15:46.721+0000] {dag.py:3096} INFO - Sync 1 DAGs
[2025-08-09T20:15:46.735+0000] {logging_mixin.py:188} INFO - [2025-08-09T20:15:46.734+0000] {dag.py:3954} INFO - Setting next_dagrun for gcs_process_all_files_v1 to None, run_after=None
[2025-08-09T20:15:46.755+0000] {processor.py:183} INFO - Processing /opt/airflow/dags/gcs_load_dag v2.py took 0.363 seconds
[2025-08-09T20:16:17.150+0000] {processor.py:161} INFO - Started process (PID=244) to work on /opt/airflow/dags/gcs_load_dag v2.py
[2025-08-09T20:16:17.152+0000] {processor.py:830} INFO - Processing file /opt/airflow/dags/gcs_load_dag v2.py for tasks to queue
[2025-08-09T20:16:17.154+0000] {logging_mixin.py:188} INFO - [2025-08-09T20:16:17.154+0000] {dagbag.py:545} INFO - Filling up the DagBag from /opt/airflow/dags/gcs_load_dag v2.py
[2025-08-09T20:16:17.435+0000] {processor.py:840} INFO - DAG(s) 'gcs_process_all_files_v1' retrieved from /opt/airflow/dags/gcs_load_dag v2.py
[2025-08-09T20:16:17.456+0000] {logging_mixin.py:188} INFO - [2025-08-09T20:16:17.456+0000] {dag.py:3096} INFO - Sync 1 DAGs
[2025-08-09T20:16:17.469+0000] {logging_mixin.py:188} INFO - [2025-08-09T20:16:17.468+0000] {dag.py:3954} INFO - Setting next_dagrun for gcs_process_all_files_v1 to None, run_after=None
[2025-08-09T20:16:17.487+0000] {processor.py:183} INFO - Processing /opt/airflow/dags/gcs_load_dag v2.py took 0.343 seconds
[2025-08-09T20:16:47.607+0000] {processor.py:161} INFO - Started process (PID=307) to work on /opt/airflow/dags/gcs_load_dag v2.py
[2025-08-09T20:16:47.608+0000] {processor.py:830} INFO - Processing file /opt/airflow/dags/gcs_load_dag v2.py for tasks to queue
[2025-08-09T20:16:47.610+0000] {logging_mixin.py:188} INFO - [2025-08-09T20:16:47.610+0000] {dagbag.py:545} INFO - Filling up the DagBag from /opt/airflow/dags/gcs_load_dag v2.py
[2025-08-09T20:16:47.881+0000] {processor.py:840} INFO - DAG(s) 'gcs_process_all_files_v1' retrieved from /opt/airflow/dags/gcs_load_dag v2.py
[2025-08-09T20:16:47.903+0000] {logging_mixin.py:188} INFO - [2025-08-09T20:16:47.903+0000] {dag.py:3096} INFO - Sync 1 DAGs
[2025-08-09T20:16:47.914+0000] {logging_mixin.py:188} INFO - [2025-08-09T20:16:47.914+0000] {dag.py:3954} INFO - Setting next_dagrun for gcs_process_all_files_v1 to None, run_after=None
[2025-08-09T20:16:47.932+0000] {processor.py:183} INFO - Processing /opt/airflow/dags/gcs_load_dag v2.py took 0.330 seconds
[2025-08-09T20:17:18.171+0000] {processor.py:161} INFO - Started process (PID=374) to work on /opt/airflow/dags/gcs_load_dag v2.py
[2025-08-09T20:17:18.172+0000] {processor.py:830} INFO - Processing file /opt/airflow/dags/gcs_load_dag v2.py for tasks to queue
[2025-08-09T20:17:18.174+0000] {logging_mixin.py:188} INFO - [2025-08-09T20:17:18.174+0000] {dagbag.py:545} INFO - Filling up the DagBag from /opt/airflow/dags/gcs_load_dag v2.py
[2025-08-09T20:17:18.511+0000] {processor.py:840} INFO - DAG(s) 'gcs_process_all_files_v1' retrieved from /opt/airflow/dags/gcs_load_dag v2.py
[2025-08-09T20:17:18.534+0000] {logging_mixin.py:188} INFO - [2025-08-09T20:17:18.533+0000] {dag.py:3096} INFO - Sync 1 DAGs
[2025-08-09T20:17:18.547+0000] {logging_mixin.py:188} INFO - [2025-08-09T20:17:18.547+0000] {dag.py:3954} INFO - Setting next_dagrun for gcs_process_all_files_v1 to None, run_after=None
[2025-08-09T20:17:18.564+0000] {processor.py:183} INFO - Processing /opt/airflow/dags/gcs_load_dag v2.py took 0.399 seconds
[2025-08-09T20:17:49.035+0000] {processor.py:161} INFO - Started process (PID=436) to work on /opt/airflow/dags/gcs_load_dag v2.py
[2025-08-09T20:17:49.036+0000] {processor.py:830} INFO - Processing file /opt/airflow/dags/gcs_load_dag v2.py for tasks to queue
[2025-08-09T20:17:49.038+0000] {logging_mixin.py:188} INFO - [2025-08-09T20:17:49.038+0000] {dagbag.py:545} INFO - Filling up the DagBag from /opt/airflow/dags/gcs_load_dag v2.py
[2025-08-09T20:17:49.263+0000] {processor.py:840} INFO - DAG(s) 'gcs_process_all_files_v1' retrieved from /opt/airflow/dags/gcs_load_dag v2.py
[2025-08-09T20:17:49.285+0000] {logging_mixin.py:188} INFO - [2025-08-09T20:17:49.284+0000] {dag.py:3096} INFO - Sync 1 DAGs
[2025-08-09T20:17:49.294+0000] {logging_mixin.py:188} INFO - [2025-08-09T20:17:49.293+0000] {dag.py:3954} INFO - Setting next_dagrun for gcs_process_all_files_v1 to None, run_after=None
[2025-08-09T20:17:49.311+0000] {processor.py:183} INFO - Processing /opt/airflow/dags/gcs_load_dag v2.py took 0.281 seconds
[2025-08-09T20:18:19.371+0000] {processor.py:161} INFO - Started process (PID=499) to work on /opt/airflow/dags/gcs_load_dag v2.py
[2025-08-09T20:18:19.372+0000] {processor.py:830} INFO - Processing file /opt/airflow/dags/gcs_load_dag v2.py for tasks to queue
[2025-08-09T20:18:19.373+0000] {logging_mixin.py:188} INFO - [2025-08-09T20:18:19.373+0000] {dagbag.py:545} INFO - Filling up the DagBag from /opt/airflow/dags/gcs_load_dag v2.py
[2025-08-09T20:18:19.614+0000] {processor.py:840} INFO - DAG(s) 'gcs_process_all_files_v1' retrieved from /opt/airflow/dags/gcs_load_dag v2.py
[2025-08-09T20:18:19.635+0000] {logging_mixin.py:188} INFO - [2025-08-09T20:18:19.635+0000] {dag.py:3096} INFO - Sync 1 DAGs
[2025-08-09T20:18:19.647+0000] {logging_mixin.py:188} INFO - [2025-08-09T20:18:19.647+0000] {dag.py:3954} INFO - Setting next_dagrun for gcs_process_all_files_v1 to None, run_after=None
[2025-08-09T20:18:19.664+0000] {processor.py:183} INFO - Processing /opt/airflow/dags/gcs_load_dag v2.py took 0.298 seconds
[2025-08-09T20:18:49.773+0000] {processor.py:161} INFO - Started process (PID=563) to work on /opt/airflow/dags/gcs_load_dag v2.py
[2025-08-09T20:18:49.774+0000] {processor.py:830} INFO - Processing file /opt/airflow/dags/gcs_load_dag v2.py for tasks to queue
[2025-08-09T20:18:49.776+0000] {logging_mixin.py:188} INFO - [2025-08-09T20:18:49.776+0000] {dagbag.py:545} INFO - Filling up the DagBag from /opt/airflow/dags/gcs_load_dag v2.py
[2025-08-09T20:18:50.043+0000] {processor.py:840} INFO - DAG(s) 'gcs_process_all_files_v1' retrieved from /opt/airflow/dags/gcs_load_dag v2.py
[2025-08-09T20:18:50.065+0000] {logging_mixin.py:188} INFO - [2025-08-09T20:18:50.065+0000] {dag.py:3096} INFO - Sync 1 DAGs
[2025-08-09T20:18:50.079+0000] {logging_mixin.py:188} INFO - [2025-08-09T20:18:50.078+0000] {dag.py:3954} INFO - Setting next_dagrun for gcs_process_all_files_v1 to None, run_after=None
[2025-08-09T20:18:50.099+0000] {processor.py:183} INFO - Processing /opt/airflow/dags/gcs_load_dag v2.py took 0.332 seconds
[2025-08-09T20:19:20.208+0000] {processor.py:161} INFO - Started process (PID=622) to work on /opt/airflow/dags/gcs_load_dag v2.py
[2025-08-09T20:19:20.210+0000] {processor.py:830} INFO - Processing file /opt/airflow/dags/gcs_load_dag v2.py for tasks to queue
[2025-08-09T20:19:20.212+0000] {logging_mixin.py:188} INFO - [2025-08-09T20:19:20.211+0000] {dagbag.py:545} INFO - Filling up the DagBag from /opt/airflow/dags/gcs_load_dag v2.py
[2025-08-09T20:19:20.465+0000] {processor.py:840} INFO - DAG(s) 'gcs_process_all_files_v1' retrieved from /opt/airflow/dags/gcs_load_dag v2.py
[2025-08-09T20:19:20.483+0000] {logging_mixin.py:188} INFO - [2025-08-09T20:19:20.483+0000] {dag.py:3096} INFO - Sync 1 DAGs
[2025-08-09T20:19:20.494+0000] {logging_mixin.py:188} INFO - [2025-08-09T20:19:20.494+0000] {dag.py:3954} INFO - Setting next_dagrun for gcs_process_all_files_v1 to None, run_after=None
[2025-08-09T20:19:20.516+0000] {processor.py:183} INFO - Processing /opt/airflow/dags/gcs_load_dag v2.py took 0.314 seconds
[2025-08-09T20:19:50.686+0000] {processor.py:161} INFO - Started process (PID=684) to work on /opt/airflow/dags/gcs_load_dag v2.py
[2025-08-09T20:19:50.687+0000] {processor.py:830} INFO - Processing file /opt/airflow/dags/gcs_load_dag v2.py for tasks to queue
[2025-08-09T20:19:50.689+0000] {logging_mixin.py:188} INFO - [2025-08-09T20:19:50.688+0000] {dagbag.py:545} INFO - Filling up the DagBag from /opt/airflow/dags/gcs_load_dag v2.py
[2025-08-09T20:19:50.931+0000] {processor.py:840} INFO - DAG(s) 'gcs_process_all_files_v1' retrieved from /opt/airflow/dags/gcs_load_dag v2.py
[2025-08-09T20:19:50.948+0000] {logging_mixin.py:188} INFO - [2025-08-09T20:19:50.947+0000] {dag.py:3096} INFO - Sync 1 DAGs
[2025-08-09T20:19:50.959+0000] {logging_mixin.py:188} INFO - [2025-08-09T20:19:50.959+0000] {dag.py:3954} INFO - Setting next_dagrun for gcs_process_all_files_v1 to None, run_after=None
[2025-08-09T20:19:50.978+0000] {processor.py:183} INFO - Processing /opt/airflow/dags/gcs_load_dag v2.py took 0.297 seconds
[2025-08-09T20:20:21.025+0000] {processor.py:161} INFO - Started process (PID=746) to work on /opt/airflow/dags/gcs_load_dag v2.py
[2025-08-09T20:20:21.026+0000] {processor.py:830} INFO - Processing file /opt/airflow/dags/gcs_load_dag v2.py for tasks to queue
[2025-08-09T20:20:21.027+0000] {logging_mixin.py:188} INFO - [2025-08-09T20:20:21.027+0000] {dagbag.py:545} INFO - Filling up the DagBag from /opt/airflow/dags/gcs_load_dag v2.py
[2025-08-09T20:20:21.283+0000] {processor.py:840} INFO - DAG(s) 'gcs_process_all_files_v1' retrieved from /opt/airflow/dags/gcs_load_dag v2.py
[2025-08-09T20:20:21.304+0000] {logging_mixin.py:188} INFO - [2025-08-09T20:20:21.303+0000] {dag.py:3096} INFO - Sync 1 DAGs
[2025-08-09T20:20:21.320+0000] {logging_mixin.py:188} INFO - [2025-08-09T20:20:21.320+0000] {dag.py:3954} INFO - Setting next_dagrun for gcs_process_all_files_v1 to None, run_after=None
[2025-08-09T20:20:21.342+0000] {processor.py:183} INFO - Processing /opt/airflow/dags/gcs_load_dag v2.py took 0.323 seconds
[2025-08-09T20:20:51.459+0000] {processor.py:161} INFO - Started process (PID=810) to work on /opt/airflow/dags/gcs_load_dag v2.py
[2025-08-09T20:20:51.460+0000] {processor.py:830} INFO - Processing file /opt/airflow/dags/gcs_load_dag v2.py for tasks to queue
[2025-08-09T20:20:51.462+0000] {logging_mixin.py:188} INFO - [2025-08-09T20:20:51.462+0000] {dagbag.py:545} INFO - Filling up the DagBag from /opt/airflow/dags/gcs_load_dag v2.py
[2025-08-09T20:20:51.707+0000] {processor.py:840} INFO - DAG(s) 'gcs_process_all_files_v1' retrieved from /opt/airflow/dags/gcs_load_dag v2.py
[2025-08-09T20:20:51.732+0000] {logging_mixin.py:188} INFO - [2025-08-09T20:20:51.731+0000] {dag.py:3096} INFO - Sync 1 DAGs
[2025-08-09T20:20:51.743+0000] {logging_mixin.py:188} INFO - [2025-08-09T20:20:51.743+0000] {dag.py:3954} INFO - Setting next_dagrun for gcs_process_all_files_v1 to None, run_after=None
[2025-08-09T20:20:51.767+0000] {processor.py:183} INFO - Processing /opt/airflow/dags/gcs_load_dag v2.py took 0.315 seconds
[2025-08-09T20:21:22.612+0000] {processor.py:161} INFO - Started process (PID=872) to work on /opt/airflow/dags/gcs_load_dag v2.py
[2025-08-09T20:21:22.612+0000] {processor.py:830} INFO - Processing file /opt/airflow/dags/gcs_load_dag v2.py for tasks to queue
[2025-08-09T20:21:22.614+0000] {logging_mixin.py:188} INFO - [2025-08-09T20:21:22.614+0000] {dagbag.py:545} INFO - Filling up the DagBag from /opt/airflow/dags/gcs_load_dag v2.py
[2025-08-09T20:21:22.871+0000] {processor.py:840} INFO - DAG(s) 'gcs_process_all_files_v1' retrieved from /opt/airflow/dags/gcs_load_dag v2.py
[2025-08-09T20:21:22.892+0000] {logging_mixin.py:188} INFO - [2025-08-09T20:21:22.891+0000] {dag.py:3096} INFO - Sync 1 DAGs
[2025-08-09T20:21:22.901+0000] {logging_mixin.py:188} INFO - [2025-08-09T20:21:22.901+0000] {dag.py:3954} INFO - Setting next_dagrun for gcs_process_all_files_v1 to None, run_after=None
[2025-08-09T20:21:22.918+0000] {processor.py:183} INFO - Processing /opt/airflow/dags/gcs_load_dag v2.py took 0.312 seconds
[2025-08-09T20:21:52.981+0000] {processor.py:161} INFO - Started process (PID=936) to work on /opt/airflow/dags/gcs_load_dag v2.py
[2025-08-09T20:21:52.982+0000] {processor.py:830} INFO - Processing file /opt/airflow/dags/gcs_load_dag v2.py for tasks to queue
[2025-08-09T20:21:52.984+0000] {logging_mixin.py:188} INFO - [2025-08-09T20:21:52.984+0000] {dagbag.py:545} INFO - Filling up the DagBag from /opt/airflow/dags/gcs_load_dag v2.py
[2025-08-09T20:21:53.209+0000] {processor.py:840} INFO - DAG(s) 'gcs_process_all_files_v1' retrieved from /opt/airflow/dags/gcs_load_dag v2.py
[2025-08-09T20:21:53.236+0000] {logging_mixin.py:188} INFO - [2025-08-09T20:21:53.235+0000] {dag.py:3096} INFO - Sync 1 DAGs
[2025-08-09T20:21:53.247+0000] {logging_mixin.py:188} INFO - [2025-08-09T20:21:53.246+0000] {dag.py:3954} INFO - Setting next_dagrun for gcs_process_all_files_v1 to None, run_after=None
[2025-08-09T20:21:53.272+0000] {processor.py:183} INFO - Processing /opt/airflow/dags/gcs_load_dag v2.py took 0.297 seconds
[2025-08-09T20:22:23.442+0000] {processor.py:161} INFO - Started process (PID=998) to work on /opt/airflow/dags/gcs_load_dag v2.py
[2025-08-09T20:22:23.444+0000] {processor.py:830} INFO - Processing file /opt/airflow/dags/gcs_load_dag v2.py for tasks to queue
[2025-08-09T20:22:23.446+0000] {logging_mixin.py:188} INFO - [2025-08-09T20:22:23.446+0000] {dagbag.py:545} INFO - Filling up the DagBag from /opt/airflow/dags/gcs_load_dag v2.py
[2025-08-09T20:22:23.687+0000] {processor.py:840} INFO - DAG(s) 'gcs_process_all_files_v1' retrieved from /opt/airflow/dags/gcs_load_dag v2.py
[2025-08-09T20:22:23.709+0000] {logging_mixin.py:188} INFO - [2025-08-09T20:22:23.708+0000] {dag.py:3096} INFO - Sync 1 DAGs
[2025-08-09T20:22:23.721+0000] {logging_mixin.py:188} INFO - [2025-08-09T20:22:23.721+0000] {dag.py:3954} INFO - Setting next_dagrun for gcs_process_all_files_v1 to None, run_after=None
[2025-08-09T20:22:23.746+0000] {processor.py:183} INFO - Processing /opt/airflow/dags/gcs_load_dag v2.py took 0.312 seconds
[2025-08-09T20:22:54.573+0000] {processor.py:161} INFO - Started process (PID=1060) to work on /opt/airflow/dags/gcs_load_dag v2.py
[2025-08-09T20:22:54.573+0000] {processor.py:830} INFO - Processing file /opt/airflow/dags/gcs_load_dag v2.py for tasks to queue
[2025-08-09T20:22:54.575+0000] {logging_mixin.py:188} INFO - [2025-08-09T20:22:54.575+0000] {dagbag.py:545} INFO - Filling up the DagBag from /opt/airflow/dags/gcs_load_dag v2.py
[2025-08-09T20:22:54.831+0000] {processor.py:840} INFO - DAG(s) 'gcs_process_all_files_v1' retrieved from /opt/airflow/dags/gcs_load_dag v2.py
[2025-08-09T20:22:54.851+0000] {logging_mixin.py:188} INFO - [2025-08-09T20:22:54.851+0000] {dag.py:3096} INFO - Sync 1 DAGs
[2025-08-09T20:22:54.862+0000] {logging_mixin.py:188} INFO - [2025-08-09T20:22:54.862+0000] {dag.py:3954} INFO - Setting next_dagrun for gcs_process_all_files_v1 to None, run_after=None
[2025-08-09T20:22:54.880+0000] {processor.py:183} INFO - Processing /opt/airflow/dags/gcs_load_dag v2.py took 0.312 seconds
[2025-08-09T20:23:25.006+0000] {processor.py:161} INFO - Started process (PID=1123) to work on /opt/airflow/dags/gcs_load_dag v2.py
[2025-08-09T20:23:25.007+0000] {processor.py:830} INFO - Processing file /opt/airflow/dags/gcs_load_dag v2.py for tasks to queue
[2025-08-09T20:23:25.009+0000] {logging_mixin.py:188} INFO - [2025-08-09T20:23:25.009+0000] {dagbag.py:545} INFO - Filling up the DagBag from /opt/airflow/dags/gcs_load_dag v2.py
[2025-08-09T20:23:25.275+0000] {processor.py:840} INFO - DAG(s) 'gcs_process_all_files_v1' retrieved from /opt/airflow/dags/gcs_load_dag v2.py
[2025-08-09T20:23:25.294+0000] {logging_mixin.py:188} INFO - [2025-08-09T20:23:25.294+0000] {dag.py:3096} INFO - Sync 1 DAGs
[2025-08-09T20:23:25.306+0000] {logging_mixin.py:188} INFO - [2025-08-09T20:23:25.305+0000] {dag.py:3954} INFO - Setting next_dagrun for gcs_process_all_files_v1 to None, run_after=None
[2025-08-09T20:23:25.324+0000] {processor.py:183} INFO - Processing /opt/airflow/dags/gcs_load_dag v2.py took 0.325 seconds
[2025-08-09T20:23:55.379+0000] {processor.py:161} INFO - Started process (PID=1186) to work on /opt/airflow/dags/gcs_load_dag v2.py
[2025-08-09T20:23:55.380+0000] {processor.py:830} INFO - Processing file /opt/airflow/dags/gcs_load_dag v2.py for tasks to queue
[2025-08-09T20:23:55.382+0000] {logging_mixin.py:188} INFO - [2025-08-09T20:23:55.382+0000] {dagbag.py:545} INFO - Filling up the DagBag from /opt/airflow/dags/gcs_load_dag v2.py
[2025-08-09T20:23:55.638+0000] {processor.py:840} INFO - DAG(s) 'gcs_process_all_files_v1' retrieved from /opt/airflow/dags/gcs_load_dag v2.py
[2025-08-09T20:23:55.657+0000] {logging_mixin.py:188} INFO - [2025-08-09T20:23:55.657+0000] {dag.py:3096} INFO - Sync 1 DAGs
[2025-08-09T20:23:55.667+0000] {logging_mixin.py:188} INFO - [2025-08-09T20:23:55.667+0000] {dag.py:3954} INFO - Setting next_dagrun for gcs_process_all_files_v1 to None, run_after=None
[2025-08-09T20:23:55.684+0000] {processor.py:183} INFO - Processing /opt/airflow/dags/gcs_load_dag v2.py took 0.310 seconds
[2025-08-09T20:24:25.798+0000] {processor.py:161} INFO - Started process (PID=1250) to work on /opt/airflow/dags/gcs_load_dag v2.py
[2025-08-09T20:24:25.799+0000] {processor.py:830} INFO - Processing file /opt/airflow/dags/gcs_load_dag v2.py for tasks to queue
[2025-08-09T20:24:25.801+0000] {logging_mixin.py:188} INFO - [2025-08-09T20:24:25.800+0000] {dagbag.py:545} INFO - Filling up the DagBag from /opt/airflow/dags/gcs_load_dag v2.py
[2025-08-09T20:24:26.041+0000] {processor.py:840} INFO - DAG(s) 'gcs_process_all_files_v1' retrieved from /opt/airflow/dags/gcs_load_dag v2.py
[2025-08-09T20:24:26.061+0000] {logging_mixin.py:188} INFO - [2025-08-09T20:24:26.061+0000] {dag.py:3096} INFO - Sync 1 DAGs
[2025-08-09T20:24:26.071+0000] {logging_mixin.py:188} INFO - [2025-08-09T20:24:26.070+0000] {dag.py:3954} INFO - Setting next_dagrun for gcs_process_all_files_v1 to None, run_after=None
[2025-08-09T20:24:26.085+0000] {processor.py:183} INFO - Processing /opt/airflow/dags/gcs_load_dag v2.py took 0.293 seconds
[2025-08-09T20:24:56.144+0000] {processor.py:161} INFO - Started process (PID=1309) to work on /opt/airflow/dags/gcs_load_dag v2.py
[2025-08-09T20:24:56.145+0000] {processor.py:830} INFO - Processing file /opt/airflow/dags/gcs_load_dag v2.py for tasks to queue
[2025-08-09T20:24:56.146+0000] {logging_mixin.py:188} INFO - [2025-08-09T20:24:56.146+0000] {dagbag.py:545} INFO - Filling up the DagBag from /opt/airflow/dags/gcs_load_dag v2.py
[2025-08-09T20:24:56.376+0000] {processor.py:840} INFO - DAG(s) 'gcs_process_all_files_v1' retrieved from /opt/airflow/dags/gcs_load_dag v2.py
[2025-08-09T20:24:56.399+0000] {logging_mixin.py:188} INFO - [2025-08-09T20:24:56.398+0000] {dag.py:3096} INFO - Sync 1 DAGs
[2025-08-09T20:24:56.408+0000] {logging_mixin.py:188} INFO - [2025-08-09T20:24:56.408+0000] {dag.py:3954} INFO - Setting next_dagrun for gcs_process_all_files_v1 to None, run_after=None
[2025-08-09T20:24:56.424+0000] {processor.py:183} INFO - Processing /opt/airflow/dags/gcs_load_dag v2.py took 0.285 seconds
[2025-08-09T20:25:26.563+0000] {processor.py:161} INFO - Started process (PID=1371) to work on /opt/airflow/dags/gcs_load_dag v2.py
[2025-08-09T20:25:26.565+0000] {processor.py:830} INFO - Processing file /opt/airflow/dags/gcs_load_dag v2.py for tasks to queue
[2025-08-09T20:25:26.570+0000] {logging_mixin.py:188} INFO - [2025-08-09T20:25:26.569+0000] {dagbag.py:545} INFO - Filling up the DagBag from /opt/airflow/dags/gcs_load_dag v2.py
[2025-08-09T20:25:27.105+0000] {processor.py:840} INFO - DAG(s) 'gcs_process_all_files_v1' retrieved from /opt/airflow/dags/gcs_load_dag v2.py
[2025-08-09T20:25:27.136+0000] {logging_mixin.py:188} INFO - [2025-08-09T20:25:27.136+0000] {dag.py:3096} INFO - Sync 1 DAGs
[2025-08-09T20:25:27.158+0000] {logging_mixin.py:188} INFO - [2025-08-09T20:25:27.158+0000] {dag.py:3954} INFO - Setting next_dagrun for gcs_process_all_files_v1 to None, run_after=None
[2025-08-09T20:25:27.194+0000] {processor.py:183} INFO - Processing /opt/airflow/dags/gcs_load_dag v2.py took 0.643 seconds
[2025-08-09T20:25:57.903+0000] {processor.py:161} INFO - Started process (PID=1433) to work on /opt/airflow/dags/gcs_load_dag v2.py
[2025-08-09T20:25:57.906+0000] {processor.py:830} INFO - Processing file /opt/airflow/dags/gcs_load_dag v2.py for tasks to queue
[2025-08-09T20:25:57.912+0000] {logging_mixin.py:188} INFO - [2025-08-09T20:25:57.911+0000] {dagbag.py:545} INFO - Filling up the DagBag from /opt/airflow/dags/gcs_load_dag v2.py
[2025-08-09T20:25:58.870+0000] {processor.py:840} INFO - DAG(s) 'gcs_process_all_files_v1' retrieved from /opt/airflow/dags/gcs_load_dag v2.py
[2025-08-09T20:25:58.915+0000] {logging_mixin.py:188} INFO - [2025-08-09T20:25:58.914+0000] {dag.py:3096} INFO - Sync 1 DAGs
[2025-08-09T20:25:58.934+0000] {logging_mixin.py:188} INFO - [2025-08-09T20:25:58.933+0000] {dag.py:3954} INFO - Setting next_dagrun for gcs_process_all_files_v1 to None, run_after=None
[2025-08-09T20:25:58.967+0000] {processor.py:183} INFO - Processing /opt/airflow/dags/gcs_load_dag v2.py took 1.079 seconds
[2025-08-09T20:27:45.946+0000] {processor.py:161} INFO - Started process (PID=71) to work on /opt/airflow/dags/gcs_load_dag v2.py
[2025-08-09T20:27:45.948+0000] {processor.py:830} INFO - Processing file /opt/airflow/dags/gcs_load_dag v2.py for tasks to queue
[2025-08-09T20:27:45.951+0000] {logging_mixin.py:188} INFO - [2025-08-09T20:27:45.950+0000] {dagbag.py:545} INFO - Filling up the DagBag from /opt/airflow/dags/gcs_load_dag v2.py
[2025-08-09T20:27:48.310+0000] {processor.py:840} INFO - DAG(s) 'gcs_process_all_files_v1' retrieved from /opt/airflow/dags/gcs_load_dag v2.py
[2025-08-09T20:27:48.458+0000] {logging_mixin.py:188} INFO - [2025-08-09T20:27:48.457+0000] {dag.py:3096} INFO - Sync 1 DAGs
[2025-08-09T20:27:48.477+0000] {logging_mixin.py:188} INFO - [2025-08-09T20:27:48.476+0000] {dag.py:3954} INFO - Setting next_dagrun for gcs_process_all_files_v1 to None, run_after=None
[2025-08-09T20:27:48.508+0000] {processor.py:183} INFO - Processing /opt/airflow/dags/gcs_load_dag v2.py took 2.576 seconds
[2025-08-09T20:28:18.646+0000] {processor.py:161} INFO - Started process (PID=142) to work on /opt/airflow/dags/gcs_load_dag v2.py
[2025-08-09T20:28:18.648+0000] {processor.py:830} INFO - Processing file /opt/airflow/dags/gcs_load_dag v2.py for tasks to queue
[2025-08-09T20:28:18.651+0000] {logging_mixin.py:188} INFO - [2025-08-09T20:28:18.650+0000] {dagbag.py:545} INFO - Filling up the DagBag from /opt/airflow/dags/gcs_load_dag v2.py
[2025-08-09T20:28:19.034+0000] {processor.py:840} INFO - DAG(s) 'gcs_process_all_files_v1' retrieved from /opt/airflow/dags/gcs_load_dag v2.py
[2025-08-09T20:28:19.071+0000] {logging_mixin.py:188} INFO - [2025-08-09T20:28:19.069+0000] {dag.py:3096} INFO - Sync 1 DAGs
[2025-08-09T20:28:19.091+0000] {logging_mixin.py:188} INFO - [2025-08-09T20:28:19.091+0000] {dag.py:3954} INFO - Setting next_dagrun for gcs_process_all_files_v1 to None, run_after=None
[2025-08-09T20:28:19.121+0000] {processor.py:183} INFO - Processing /opt/airflow/dags/gcs_load_dag v2.py took 0.587 seconds
[2025-08-09T20:28:49.227+0000] {processor.py:161} INFO - Started process (PID=205) to work on /opt/airflow/dags/gcs_load_dag v2.py
[2025-08-09T20:28:49.229+0000] {processor.py:830} INFO - Processing file /opt/airflow/dags/gcs_load_dag v2.py for tasks to queue
[2025-08-09T20:28:49.233+0000] {logging_mixin.py:188} INFO - [2025-08-09T20:28:49.233+0000] {dagbag.py:545} INFO - Filling up the DagBag from /opt/airflow/dags/gcs_load_dag v2.py
[2025-08-09T20:28:49.784+0000] {processor.py:840} INFO - DAG(s) 'gcs_process_all_files_v1' retrieved from /opt/airflow/dags/gcs_load_dag v2.py
[2025-08-09T20:28:49.835+0000] {logging_mixin.py:188} INFO - [2025-08-09T20:28:49.834+0000] {dag.py:3096} INFO - Sync 1 DAGs
[2025-08-09T20:28:49.863+0000] {logging_mixin.py:188} INFO - [2025-08-09T20:28:49.863+0000] {dag.py:3954} INFO - Setting next_dagrun for gcs_process_all_files_v1 to None, run_after=None
[2025-08-09T20:28:49.907+0000] {processor.py:183} INFO - Processing /opt/airflow/dags/gcs_load_dag v2.py took 0.691 seconds
[2025-08-09T20:29:20.490+0000] {processor.py:161} INFO - Started process (PID=267) to work on /opt/airflow/dags/gcs_load_dag v2.py
[2025-08-09T20:29:20.491+0000] {processor.py:830} INFO - Processing file /opt/airflow/dags/gcs_load_dag v2.py for tasks to queue
[2025-08-09T20:29:20.498+0000] {logging_mixin.py:188} INFO - [2025-08-09T20:29:20.497+0000] {dagbag.py:545} INFO - Filling up the DagBag from /opt/airflow/dags/gcs_load_dag v2.py
[2025-08-09T20:29:20.961+0000] {processor.py:840} INFO - DAG(s) 'gcs_process_all_files_v1' retrieved from /opt/airflow/dags/gcs_load_dag v2.py
[2025-08-09T20:29:20.995+0000] {logging_mixin.py:188} INFO - [2025-08-09T20:29:20.994+0000] {dag.py:3096} INFO - Sync 1 DAGs
[2025-08-09T20:29:21.014+0000] {logging_mixin.py:188} INFO - [2025-08-09T20:29:21.013+0000] {dag.py:3954} INFO - Setting next_dagrun for gcs_process_all_files_v1 to None, run_after=None
[2025-08-09T20:29:21.054+0000] {processor.py:183} INFO - Processing /opt/airflow/dags/gcs_load_dag v2.py took 0.583 seconds
[2025-08-09T20:29:51.290+0000] {processor.py:161} INFO - Started process (PID=329) to work on /opt/airflow/dags/gcs_load_dag v2.py
[2025-08-09T20:29:51.291+0000] {processor.py:830} INFO - Processing file /opt/airflow/dags/gcs_load_dag v2.py for tasks to queue
[2025-08-09T20:29:51.296+0000] {logging_mixin.py:188} INFO - [2025-08-09T20:29:51.295+0000] {dagbag.py:545} INFO - Filling up the DagBag from /opt/airflow/dags/gcs_load_dag v2.py
[2025-08-09T20:29:51.916+0000] {processor.py:840} INFO - DAG(s) 'gcs_process_all_files_v1' retrieved from /opt/airflow/dags/gcs_load_dag v2.py
[2025-08-09T20:29:51.954+0000] {logging_mixin.py:188} INFO - [2025-08-09T20:29:51.954+0000] {dag.py:3096} INFO - Sync 1 DAGs
[2025-08-09T20:29:51.977+0000] {logging_mixin.py:188} INFO - [2025-08-09T20:29:51.976+0000] {dag.py:3954} INFO - Setting next_dagrun for gcs_process_all_files_v1 to None, run_after=None
[2025-08-09T20:29:52.020+0000] {processor.py:183} INFO - Processing /opt/airflow/dags/gcs_load_dag v2.py took 0.742 seconds
[2025-08-09T20:30:22.157+0000] {processor.py:161} INFO - Started process (PID=393) to work on /opt/airflow/dags/gcs_load_dag v2.py
[2025-08-09T20:30:22.159+0000] {processor.py:830} INFO - Processing file /opt/airflow/dags/gcs_load_dag v2.py for tasks to queue
[2025-08-09T20:30:22.163+0000] {logging_mixin.py:188} INFO - [2025-08-09T20:30:22.162+0000] {dagbag.py:545} INFO - Filling up the DagBag from /opt/airflow/dags/gcs_load_dag v2.py
[2025-08-09T20:30:22.726+0000] {processor.py:840} INFO - DAG(s) 'gcs_process_all_files_v1' retrieved from /opt/airflow/dags/gcs_load_dag v2.py
[2025-08-09T20:30:22.774+0000] {logging_mixin.py:188} INFO - [2025-08-09T20:30:22.773+0000] {dag.py:3096} INFO - Sync 1 DAGs
[2025-08-09T20:30:22.799+0000] {logging_mixin.py:188} INFO - [2025-08-09T20:30:22.799+0000] {dag.py:3954} INFO - Setting next_dagrun for gcs_process_all_files_v1 to None, run_after=None
[2025-08-09T20:30:22.845+0000] {processor.py:183} INFO - Processing /opt/airflow/dags/gcs_load_dag v2.py took 0.699 seconds
[2025-08-09T20:30:53.247+0000] {processor.py:161} INFO - Started process (PID=455) to work on /opt/airflow/dags/gcs_load_dag v2.py
[2025-08-09T20:30:53.250+0000] {processor.py:830} INFO - Processing file /opt/airflow/dags/gcs_load_dag v2.py for tasks to queue
[2025-08-09T20:30:53.255+0000] {logging_mixin.py:188} INFO - [2025-08-09T20:30:53.254+0000] {dagbag.py:545} INFO - Filling up the DagBag from /opt/airflow/dags/gcs_load_dag v2.py
[2025-08-09T20:30:53.818+0000] {processor.py:840} INFO - DAG(s) 'gcs_process_all_files_v1' retrieved from /opt/airflow/dags/gcs_load_dag v2.py
[2025-08-09T20:30:53.857+0000] {logging_mixin.py:188} INFO - [2025-08-09T20:30:53.856+0000] {dag.py:3096} INFO - Sync 1 DAGs
[2025-08-09T20:30:53.876+0000] {logging_mixin.py:188} INFO - [2025-08-09T20:30:53.875+0000] {dag.py:3954} INFO - Setting next_dagrun for gcs_process_all_files_v1 to None, run_after=None
[2025-08-09T20:30:53.923+0000] {processor.py:183} INFO - Processing /opt/airflow/dags/gcs_load_dag v2.py took 0.693 seconds
[2025-08-09T20:31:24.903+0000] {processor.py:161} INFO - Started process (PID=518) to work on /opt/airflow/dags/gcs_load_dag v2.py
[2025-08-09T20:31:24.905+0000] {processor.py:830} INFO - Processing file /opt/airflow/dags/gcs_load_dag v2.py for tasks to queue
[2025-08-09T20:31:24.910+0000] {logging_mixin.py:188} INFO - [2025-08-09T20:31:24.909+0000] {dagbag.py:545} INFO - Filling up the DagBag from /opt/airflow/dags/gcs_load_dag v2.py
[2025-08-09T20:31:25.449+0000] {processor.py:840} INFO - DAG(s) 'gcs_process_all_files_v1' retrieved from /opt/airflow/dags/gcs_load_dag v2.py
[2025-08-09T20:31:25.489+0000] {logging_mixin.py:188} INFO - [2025-08-09T20:31:25.488+0000] {dag.py:3096} INFO - Sync 1 DAGs
[2025-08-09T20:31:25.507+0000] {logging_mixin.py:188} INFO - [2025-08-09T20:31:25.507+0000] {dag.py:3954} INFO - Setting next_dagrun for gcs_process_all_files_v1 to None, run_after=None
[2025-08-09T20:31:25.546+0000] {processor.py:183} INFO - Processing /opt/airflow/dags/gcs_load_dag v2.py took 0.654 seconds
[2025-08-09T20:31:55.999+0000] {processor.py:161} INFO - Started process (PID=582) to work on /opt/airflow/dags/gcs_load_dag v2.py
[2025-08-09T20:31:56.001+0000] {processor.py:830} INFO - Processing file /opt/airflow/dags/gcs_load_dag v2.py for tasks to queue
[2025-08-09T20:31:56.006+0000] {logging_mixin.py:188} INFO - [2025-08-09T20:31:56.005+0000] {dagbag.py:545} INFO - Filling up the DagBag from /opt/airflow/dags/gcs_load_dag v2.py
[2025-08-09T20:31:56.553+0000] {processor.py:840} INFO - DAG(s) 'gcs_process_all_files_v1' retrieved from /opt/airflow/dags/gcs_load_dag v2.py
[2025-08-09T20:31:56.591+0000] {logging_mixin.py:188} INFO - [2025-08-09T20:31:56.590+0000] {dag.py:3096} INFO - Sync 1 DAGs
[2025-08-09T20:31:56.610+0000] {logging_mixin.py:188} INFO - [2025-08-09T20:31:56.610+0000] {dag.py:3954} INFO - Setting next_dagrun for gcs_process_all_files_v1 to None, run_after=None
[2025-08-09T20:31:56.640+0000] {processor.py:183} INFO - Processing /opt/airflow/dags/gcs_load_dag v2.py took 0.651 seconds
[2025-08-09T20:32:26.763+0000] {processor.py:161} INFO - Started process (PID=646) to work on /opt/airflow/dags/gcs_load_dag v2.py
[2025-08-09T20:32:26.765+0000] {processor.py:830} INFO - Processing file /opt/airflow/dags/gcs_load_dag v2.py for tasks to queue
[2025-08-09T20:32:26.770+0000] {logging_mixin.py:188} INFO - [2025-08-09T20:32:26.769+0000] {dagbag.py:545} INFO - Filling up the DagBag from /opt/airflow/dags/gcs_load_dag v2.py
[2025-08-09T20:32:27.277+0000] {processor.py:840} INFO - DAG(s) 'gcs_process_all_files_v1' retrieved from /opt/airflow/dags/gcs_load_dag v2.py
[2025-08-09T20:32:27.320+0000] {logging_mixin.py:188} INFO - [2025-08-09T20:32:27.319+0000] {dag.py:3096} INFO - Sync 1 DAGs
[2025-08-09T20:32:27.338+0000] {logging_mixin.py:188} INFO - [2025-08-09T20:32:27.338+0000] {dag.py:3954} INFO - Setting next_dagrun for gcs_process_all_files_v1 to None, run_after=None
[2025-08-09T20:32:27.380+0000] {processor.py:183} INFO - Processing /opt/airflow/dags/gcs_load_dag v2.py took 0.629 seconds
[2025-08-09T20:32:57.671+0000] {processor.py:161} INFO - Started process (PID=708) to work on /opt/airflow/dags/gcs_load_dag v2.py
[2025-08-09T20:32:57.673+0000] {processor.py:830} INFO - Processing file /opt/airflow/dags/gcs_load_dag v2.py for tasks to queue
[2025-08-09T20:32:57.677+0000] {logging_mixin.py:188} INFO - [2025-08-09T20:32:57.677+0000] {dagbag.py:545} INFO - Filling up the DagBag from /opt/airflow/dags/gcs_load_dag v2.py
[2025-08-09T20:32:58.170+0000] {processor.py:840} INFO - DAG(s) 'gcs_process_all_files_v1' retrieved from /opt/airflow/dags/gcs_load_dag v2.py
[2025-08-09T20:32:58.212+0000] {logging_mixin.py:188} INFO - [2025-08-09T20:32:58.209+0000] {dag.py:3096} INFO - Sync 1 DAGs
[2025-08-09T20:32:58.233+0000] {logging_mixin.py:188} INFO - [2025-08-09T20:32:58.233+0000] {dag.py:3954} INFO - Setting next_dagrun for gcs_process_all_files_v1 to None, run_after=None
[2025-08-09T20:32:58.278+0000] {processor.py:183} INFO - Processing /opt/airflow/dags/gcs_load_dag v2.py took 0.617 seconds
[2025-08-09T20:33:29.014+0000] {processor.py:161} INFO - Started process (PID=770) to work on /opt/airflow/dags/gcs_load_dag v2.py
[2025-08-09T20:33:29.016+0000] {processor.py:830} INFO - Processing file /opt/airflow/dags/gcs_load_dag v2.py for tasks to queue
[2025-08-09T20:33:29.020+0000] {logging_mixin.py:188} INFO - [2025-08-09T20:33:29.019+0000] {dagbag.py:545} INFO - Filling up the DagBag from /opt/airflow/dags/gcs_load_dag v2.py
[2025-08-09T20:33:29.537+0000] {processor.py:840} INFO - DAG(s) 'gcs_process_all_files_v1' retrieved from /opt/airflow/dags/gcs_load_dag v2.py
[2025-08-09T20:33:29.579+0000] {logging_mixin.py:188} INFO - [2025-08-09T20:33:29.577+0000] {dag.py:3096} INFO - Sync 1 DAGs
[2025-08-09T20:33:29.605+0000] {logging_mixin.py:188} INFO - [2025-08-09T20:33:29.605+0000] {dag.py:3954} INFO - Setting next_dagrun for gcs_process_all_files_v1 to None, run_after=None
[2025-08-09T20:33:29.640+0000] {processor.py:183} INFO - Processing /opt/airflow/dags/gcs_load_dag v2.py took 0.639 seconds
[2025-08-09T20:33:59.782+0000] {processor.py:161} INFO - Started process (PID=836) to work on /opt/airflow/dags/gcs_load_dag v2.py
[2025-08-09T20:33:59.784+0000] {processor.py:830} INFO - Processing file /opt/airflow/dags/gcs_load_dag v2.py for tasks to queue
[2025-08-09T20:33:59.787+0000] {logging_mixin.py:188} INFO - [2025-08-09T20:33:59.786+0000] {dagbag.py:545} INFO - Filling up the DagBag from /opt/airflow/dags/gcs_load_dag v2.py
[2025-08-09T20:34:00.244+0000] {processor.py:840} INFO - DAG(s) 'gcs_process_all_files_v1' retrieved from /opt/airflow/dags/gcs_load_dag v2.py
[2025-08-09T20:34:00.280+0000] {logging_mixin.py:188} INFO - [2025-08-09T20:34:00.279+0000] {dag.py:3096} INFO - Sync 1 DAGs
[2025-08-09T20:34:00.301+0000] {logging_mixin.py:188} INFO - [2025-08-09T20:34:00.301+0000] {dag.py:3954} INFO - Setting next_dagrun for gcs_process_all_files_v1 to None, run_after=None
[2025-08-09T20:34:00.333+0000] {processor.py:183} INFO - Processing /opt/airflow/dags/gcs_load_dag v2.py took 0.560 seconds
[2025-08-09T20:34:30.441+0000] {processor.py:161} INFO - Started process (PID=896) to work on /opt/airflow/dags/gcs_load_dag v2.py
[2025-08-09T20:34:30.443+0000] {processor.py:830} INFO - Processing file /opt/airflow/dags/gcs_load_dag v2.py for tasks to queue
[2025-08-09T20:34:30.447+0000] {logging_mixin.py:188} INFO - [2025-08-09T20:34:30.446+0000] {dagbag.py:545} INFO - Filling up the DagBag from /opt/airflow/dags/gcs_load_dag v2.py
[2025-08-09T20:34:31.059+0000] {processor.py:840} INFO - DAG(s) 'gcs_process_all_files_v1' retrieved from /opt/airflow/dags/gcs_load_dag v2.py
[2025-08-09T20:34:31.101+0000] {logging_mixin.py:188} INFO - [2025-08-09T20:34:31.100+0000] {dag.py:3096} INFO - Sync 1 DAGs
[2025-08-09T20:34:31.123+0000] {logging_mixin.py:188} INFO - [2025-08-09T20:34:31.122+0000] {dag.py:3954} INFO - Setting next_dagrun for gcs_process_all_files_v1 to None, run_after=None
[2025-08-09T20:34:31.156+0000] {processor.py:183} INFO - Processing /opt/airflow/dags/gcs_load_dag v2.py took 0.726 seconds
[2025-08-09T20:35:01.388+0000] {processor.py:161} INFO - Started process (PID=960) to work on /opt/airflow/dags/gcs_load_dag v2.py
[2025-08-09T20:35:01.390+0000] {processor.py:830} INFO - Processing file /opt/airflow/dags/gcs_load_dag v2.py for tasks to queue
[2025-08-09T20:35:01.393+0000] {logging_mixin.py:188} INFO - [2025-08-09T20:35:01.392+0000] {dagbag.py:545} INFO - Filling up the DagBag from /opt/airflow/dags/gcs_load_dag v2.py
[2025-08-09T20:35:01.897+0000] {processor.py:840} INFO - DAG(s) 'gcs_process_all_files_v1' retrieved from /opt/airflow/dags/gcs_load_dag v2.py
[2025-08-09T20:35:01.936+0000] {logging_mixin.py:188} INFO - [2025-08-09T20:35:01.935+0000] {dag.py:3096} INFO - Sync 1 DAGs
[2025-08-09T20:35:01.956+0000] {logging_mixin.py:188} INFO - [2025-08-09T20:35:01.956+0000] {dag.py:3954} INFO - Setting next_dagrun for gcs_process_all_files_v1 to None, run_after=None
[2025-08-09T20:35:01.993+0000] {processor.py:183} INFO - Processing /opt/airflow/dags/gcs_load_dag v2.py took 0.613 seconds
[2025-08-09T20:35:32.488+0000] {processor.py:161} INFO - Started process (PID=1023) to work on /opt/airflow/dags/gcs_load_dag v2.py
[2025-08-09T20:35:32.490+0000] {processor.py:830} INFO - Processing file /opt/airflow/dags/gcs_load_dag v2.py for tasks to queue
[2025-08-09T20:35:32.495+0000] {logging_mixin.py:188} INFO - [2025-08-09T20:35:32.495+0000] {dagbag.py:545} INFO - Filling up the DagBag from /opt/airflow/dags/gcs_load_dag v2.py
[2025-08-09T20:35:33.045+0000] {processor.py:840} INFO - DAG(s) 'gcs_process_all_files_v1' retrieved from /opt/airflow/dags/gcs_load_dag v2.py
[2025-08-09T20:35:33.086+0000] {logging_mixin.py:188} INFO - [2025-08-09T20:35:33.085+0000] {dag.py:3096} INFO - Sync 1 DAGs
[2025-08-09T20:35:33.107+0000] {logging_mixin.py:188} INFO - [2025-08-09T20:35:33.106+0000] {dag.py:3954} INFO - Setting next_dagrun for gcs_process_all_files_v1 to None, run_after=None
[2025-08-09T20:35:33.139+0000] {processor.py:183} INFO - Processing /opt/airflow/dags/gcs_load_dag v2.py took 0.663 seconds
[2025-08-09T20:36:03.352+0000] {processor.py:161} INFO - Started process (PID=1087) to work on /opt/airflow/dags/gcs_load_dag v2.py
[2025-08-09T20:36:03.355+0000] {processor.py:830} INFO - Processing file /opt/airflow/dags/gcs_load_dag v2.py for tasks to queue
[2025-08-09T20:36:03.359+0000] {logging_mixin.py:188} INFO - [2025-08-09T20:36:03.358+0000] {dagbag.py:545} INFO - Filling up the DagBag from /opt/airflow/dags/gcs_load_dag v2.py
[2025-08-09T20:36:04.050+0000] {processor.py:840} INFO - DAG(s) 'gcs_process_all_files_v1' retrieved from /opt/airflow/dags/gcs_load_dag v2.py
[2025-08-09T20:36:04.116+0000] {logging_mixin.py:188} INFO - [2025-08-09T20:36:04.114+0000] {dag.py:3096} INFO - Sync 1 DAGs
[2025-08-09T20:36:04.155+0000] {logging_mixin.py:188} INFO - [2025-08-09T20:36:04.154+0000] {dag.py:3954} INFO - Setting next_dagrun for gcs_process_all_files_v1 to None, run_after=None
[2025-08-09T20:36:04.197+0000] {processor.py:183} INFO - Processing /opt/airflow/dags/gcs_load_dag v2.py took 0.856 seconds
[2025-08-09T20:36:35.046+0000] {processor.py:161} INFO - Started process (PID=1151) to work on /opt/airflow/dags/gcs_load_dag v2.py
[2025-08-09T20:36:35.048+0000] {processor.py:830} INFO - Processing file /opt/airflow/dags/gcs_load_dag v2.py for tasks to queue
[2025-08-09T20:36:35.052+0000] {logging_mixin.py:188} INFO - [2025-08-09T20:36:35.051+0000] {dagbag.py:545} INFO - Filling up the DagBag from /opt/airflow/dags/gcs_load_dag v2.py
[2025-08-09T20:36:35.650+0000] {processor.py:840} INFO - DAG(s) 'gcs_process_all_files_v1' retrieved from /opt/airflow/dags/gcs_load_dag v2.py
[2025-08-09T20:36:35.700+0000] {logging_mixin.py:188} INFO - [2025-08-09T20:36:35.699+0000] {dag.py:3096} INFO - Sync 1 DAGs
[2025-08-09T20:36:35.723+0000] {logging_mixin.py:188} INFO - [2025-08-09T20:36:35.723+0000] {dag.py:3954} INFO - Setting next_dagrun for gcs_process_all_files_v1 to None, run_after=None
[2025-08-09T20:36:35.754+0000] {processor.py:183} INFO - Processing /opt/airflow/dags/gcs_load_dag v2.py took 0.720 seconds
[2025-08-09T20:37:05.884+0000] {processor.py:161} INFO - Started process (PID=1216) to work on /opt/airflow/dags/gcs_load_dag v2.py
[2025-08-09T20:37:05.886+0000] {processor.py:830} INFO - Processing file /opt/airflow/dags/gcs_load_dag v2.py for tasks to queue
[2025-08-09T20:37:05.890+0000] {logging_mixin.py:188} INFO - [2025-08-09T20:37:05.889+0000] {dagbag.py:545} INFO - Filling up the DagBag from /opt/airflow/dags/gcs_load_dag v2.py
[2025-08-09T20:37:06.446+0000] {processor.py:840} INFO - DAG(s) 'gcs_process_all_files_v1' retrieved from /opt/airflow/dags/gcs_load_dag v2.py
[2025-08-09T20:37:06.489+0000] {logging_mixin.py:188} INFO - [2025-08-09T20:37:06.487+0000] {dag.py:3096} INFO - Sync 1 DAGs
[2025-08-09T20:37:06.512+0000] {logging_mixin.py:188} INFO - [2025-08-09T20:37:06.512+0000] {dag.py:3954} INFO - Setting next_dagrun for gcs_process_all_files_v1 to None, run_after=None
[2025-08-09T20:37:06.555+0000] {processor.py:183} INFO - Processing /opt/airflow/dags/gcs_load_dag v2.py took 0.681 seconds
[2025-08-09T20:37:36.685+0000] {processor.py:161} INFO - Started process (PID=1278) to work on /opt/airflow/dags/gcs_load_dag v2.py
[2025-08-09T20:37:36.688+0000] {processor.py:830} INFO - Processing file /opt/airflow/dags/gcs_load_dag v2.py for tasks to queue
[2025-08-09T20:37:36.693+0000] {logging_mixin.py:188} INFO - [2025-08-09T20:37:36.692+0000] {dagbag.py:545} INFO - Filling up the DagBag from /opt/airflow/dags/gcs_load_dag v2.py
[2025-08-09T20:37:37.256+0000] {processor.py:840} INFO - DAG(s) 'gcs_process_all_files_v1' retrieved from /opt/airflow/dags/gcs_load_dag v2.py
[2025-08-09T20:37:37.292+0000] {logging_mixin.py:188} INFO - [2025-08-09T20:37:37.291+0000] {dag.py:3096} INFO - Sync 1 DAGs
[2025-08-09T20:37:37.314+0000] {logging_mixin.py:188} INFO - [2025-08-09T20:37:37.314+0000] {dag.py:3954} INFO - Setting next_dagrun for gcs_process_all_files_v1 to None, run_after=None
[2025-08-09T20:37:37.355+0000] {processor.py:183} INFO - Processing /opt/airflow/dags/gcs_load_dag v2.py took 0.682 seconds
[2025-08-09T20:38:07.594+0000] {processor.py:161} INFO - Started process (PID=1341) to work on /opt/airflow/dags/gcs_load_dag v2.py
[2025-08-09T20:38:07.596+0000] {processor.py:830} INFO - Processing file /opt/airflow/dags/gcs_load_dag v2.py for tasks to queue
[2025-08-09T20:38:07.600+0000] {logging_mixin.py:188} INFO - [2025-08-09T20:38:07.600+0000] {dagbag.py:545} INFO - Filling up the DagBag from /opt/airflow/dags/gcs_load_dag v2.py
[2025-08-09T20:38:08.122+0000] {processor.py:840} INFO - DAG(s) 'gcs_process_all_files_v1' retrieved from /opt/airflow/dags/gcs_load_dag v2.py
[2025-08-09T20:38:08.166+0000] {logging_mixin.py:188} INFO - [2025-08-09T20:38:08.165+0000] {dag.py:3096} INFO - Sync 1 DAGs
[2025-08-09T20:38:08.192+0000] {logging_mixin.py:188} INFO - [2025-08-09T20:38:08.192+0000] {dag.py:3954} INFO - Setting next_dagrun for gcs_process_all_files_v1 to None, run_after=None
[2025-08-09T20:38:08.232+0000] {processor.py:183} INFO - Processing /opt/airflow/dags/gcs_load_dag v2.py took 0.650 seconds
[2025-08-09T20:38:38.651+0000] {processor.py:161} INFO - Started process (PID=1403) to work on /opt/airflow/dags/gcs_load_dag v2.py
[2025-08-09T20:38:38.653+0000] {processor.py:830} INFO - Processing file /opt/airflow/dags/gcs_load_dag v2.py for tasks to queue
[2025-08-09T20:38:38.656+0000] {logging_mixin.py:188} INFO - [2025-08-09T20:38:38.655+0000] {dagbag.py:545} INFO - Filling up the DagBag from /opt/airflow/dags/gcs_load_dag v2.py
[2025-08-09T20:38:39.176+0000] {processor.py:840} INFO - DAG(s) 'gcs_process_all_files_v1' retrieved from /opt/airflow/dags/gcs_load_dag v2.py
[2025-08-09T20:38:39.217+0000] {logging_mixin.py:188} INFO - [2025-08-09T20:38:39.216+0000] {dag.py:3096} INFO - Sync 1 DAGs
[2025-08-09T20:38:39.239+0000] {logging_mixin.py:188} INFO - [2025-08-09T20:38:39.239+0000] {dag.py:3954} INFO - Setting next_dagrun for gcs_process_all_files_v1 to None, run_after=None
[2025-08-09T20:38:39.272+0000] {processor.py:183} INFO - Processing /opt/airflow/dags/gcs_load_dag v2.py took 0.632 seconds
[2025-08-09T20:39:09.522+0000] {processor.py:161} INFO - Started process (PID=1467) to work on /opt/airflow/dags/gcs_load_dag v2.py
[2025-08-09T20:39:09.524+0000] {processor.py:830} INFO - Processing file /opt/airflow/dags/gcs_load_dag v2.py for tasks to queue
[2025-08-09T20:39:09.528+0000] {logging_mixin.py:188} INFO - [2025-08-09T20:39:09.527+0000] {dagbag.py:545} INFO - Filling up the DagBag from /opt/airflow/dags/gcs_load_dag v2.py
[2025-08-09T20:39:10.070+0000] {processor.py:840} INFO - DAG(s) 'gcs_process_all_files_v1' retrieved from /opt/airflow/dags/gcs_load_dag v2.py
[2025-08-09T20:39:10.109+0000] {logging_mixin.py:188} INFO - [2025-08-09T20:39:10.108+0000] {dag.py:3096} INFO - Sync 1 DAGs
[2025-08-09T20:39:10.134+0000] {logging_mixin.py:188} INFO - [2025-08-09T20:39:10.134+0000] {dag.py:3954} INFO - Setting next_dagrun for gcs_process_all_files_v1 to None, run_after=None
[2025-08-09T20:39:10.179+0000] {processor.py:183} INFO - Processing /opt/airflow/dags/gcs_load_dag v2.py took 0.668 seconds
[2025-08-09T20:39:40.300+0000] {processor.py:161} INFO - Started process (PID=1531) to work on /opt/airflow/dags/gcs_load_dag v2.py
[2025-08-09T20:39:40.302+0000] {processor.py:830} INFO - Processing file /opt/airflow/dags/gcs_load_dag v2.py for tasks to queue
[2025-08-09T20:39:40.306+0000] {logging_mixin.py:188} INFO - [2025-08-09T20:39:40.306+0000] {dagbag.py:545} INFO - Filling up the DagBag from /opt/airflow/dags/gcs_load_dag v2.py
[2025-08-09T20:39:40.779+0000] {processor.py:840} INFO - DAG(s) 'gcs_process_all_files_v1' retrieved from /opt/airflow/dags/gcs_load_dag v2.py
[2025-08-09T20:39:40.812+0000] {logging_mixin.py:188} INFO - [2025-08-09T20:39:40.812+0000] {dag.py:3096} INFO - Sync 1 DAGs
[2025-08-09T20:39:40.829+0000] {logging_mixin.py:188} INFO - [2025-08-09T20:39:40.828+0000] {dag.py:3954} INFO - Setting next_dagrun for gcs_process_all_files_v1 to None, run_after=None
[2025-08-09T20:39:40.866+0000] {processor.py:183} INFO - Processing /opt/airflow/dags/gcs_load_dag v2.py took 0.575 seconds
[2025-08-09T20:40:11.846+0000] {processor.py:161} INFO - Started process (PID=1593) to work on /opt/airflow/dags/gcs_load_dag v2.py
[2025-08-09T20:40:11.847+0000] {processor.py:830} INFO - Processing file /opt/airflow/dags/gcs_load_dag v2.py for tasks to queue
[2025-08-09T20:40:11.851+0000] {logging_mixin.py:188} INFO - [2025-08-09T20:40:11.850+0000] {dagbag.py:545} INFO - Filling up the DagBag from /opt/airflow/dags/gcs_load_dag v2.py
[2025-08-09T20:40:12.380+0000] {processor.py:840} INFO - DAG(s) 'gcs_process_all_files_v1' retrieved from /opt/airflow/dags/gcs_load_dag v2.py
[2025-08-09T20:40:12.421+0000] {logging_mixin.py:188} INFO - [2025-08-09T20:40:12.420+0000] {dag.py:3096} INFO - Sync 1 DAGs
[2025-08-09T20:40:12.444+0000] {logging_mixin.py:188} INFO - [2025-08-09T20:40:12.444+0000] {dag.py:3954} INFO - Setting next_dagrun for gcs_process_all_files_v1 to None, run_after=None
[2025-08-09T20:40:12.488+0000] {processor.py:183} INFO - Processing /opt/airflow/dags/gcs_load_dag v2.py took 0.653 seconds
[2025-08-09T20:40:42.912+0000] {processor.py:161} INFO - Started process (PID=1655) to work on /opt/airflow/dags/gcs_load_dag v2.py
[2025-08-09T20:40:42.914+0000] {processor.py:830} INFO - Processing file /opt/airflow/dags/gcs_load_dag v2.py for tasks to queue
[2025-08-09T20:40:42.920+0000] {logging_mixin.py:188} INFO - [2025-08-09T20:40:42.919+0000] {dagbag.py:545} INFO - Filling up the DagBag from /opt/airflow/dags/gcs_load_dag v2.py
[2025-08-09T20:40:43.500+0000] {processor.py:840} INFO - DAG(s) 'gcs_process_all_files_v1' retrieved from /opt/airflow/dags/gcs_load_dag v2.py
[2025-08-09T20:40:43.540+0000] {logging_mixin.py:188} INFO - [2025-08-09T20:40:43.540+0000] {dag.py:3096} INFO - Sync 1 DAGs
[2025-08-09T20:40:43.562+0000] {logging_mixin.py:188} INFO - [2025-08-09T20:40:43.562+0000] {dag.py:3954} INFO - Setting next_dagrun for gcs_process_all_files_v1 to None, run_after=None
[2025-08-09T20:40:43.593+0000] {processor.py:183} INFO - Processing /opt/airflow/dags/gcs_load_dag v2.py took 0.692 seconds
[2025-08-09T20:41:13.884+0000] {processor.py:161} INFO - Started process (PID=1718) to work on /opt/airflow/dags/gcs_load_dag v2.py
[2025-08-09T20:41:13.886+0000] {processor.py:830} INFO - Processing file /opt/airflow/dags/gcs_load_dag v2.py for tasks to queue
[2025-08-09T20:41:13.890+0000] {logging_mixin.py:188} INFO - [2025-08-09T20:41:13.890+0000] {dagbag.py:545} INFO - Filling up the DagBag from /opt/airflow/dags/gcs_load_dag v2.py
[2025-08-09T20:41:14.428+0000] {processor.py:840} INFO - DAG(s) 'gcs_process_all_files_v1' retrieved from /opt/airflow/dags/gcs_load_dag v2.py
[2025-08-09T20:41:14.470+0000] {logging_mixin.py:188} INFO - [2025-08-09T20:41:14.468+0000] {dag.py:3096} INFO - Sync 1 DAGs
[2025-08-09T20:41:14.500+0000] {logging_mixin.py:188} INFO - [2025-08-09T20:41:14.500+0000] {dag.py:3954} INFO - Setting next_dagrun for gcs_process_all_files_v1 to None, run_after=None
[2025-08-09T20:41:14.536+0000] {processor.py:183} INFO - Processing /opt/airflow/dags/gcs_load_dag v2.py took 0.666 seconds
[2025-08-09T20:41:44.827+0000] {processor.py:161} INFO - Started process (PID=1782) to work on /opt/airflow/dags/gcs_load_dag v2.py
[2025-08-09T20:41:44.830+0000] {processor.py:830} INFO - Processing file /opt/airflow/dags/gcs_load_dag v2.py for tasks to queue
[2025-08-09T20:41:44.834+0000] {logging_mixin.py:188} INFO - [2025-08-09T20:41:44.833+0000] {dagbag.py:545} INFO - Filling up the DagBag from /opt/airflow/dags/gcs_load_dag v2.py
[2025-08-09T20:41:45.487+0000] {processor.py:840} INFO - DAG(s) 'gcs_process_all_files_v1' retrieved from /opt/airflow/dags/gcs_load_dag v2.py
[2025-08-09T20:41:45.534+0000] {logging_mixin.py:188} INFO - [2025-08-09T20:41:45.532+0000] {dag.py:3096} INFO - Sync 1 DAGs
[2025-08-09T20:41:45.560+0000] {logging_mixin.py:188} INFO - [2025-08-09T20:41:45.559+0000] {dag.py:3954} INFO - Setting next_dagrun for gcs_process_all_files_v1 to None, run_after=None
[2025-08-09T20:41:45.601+0000] {processor.py:183} INFO - Processing /opt/airflow/dags/gcs_load_dag v2.py took 0.785 seconds
[2025-08-09T20:42:16.409+0000] {processor.py:161} INFO - Started process (PID=1847) to work on /opt/airflow/dags/gcs_load_dag v2.py
[2025-08-09T20:42:16.412+0000] {processor.py:830} INFO - Processing file /opt/airflow/dags/gcs_load_dag v2.py for tasks to queue
[2025-08-09T20:42:16.419+0000] {logging_mixin.py:188} INFO - [2025-08-09T20:42:16.418+0000] {dagbag.py:545} INFO - Filling up the DagBag from /opt/airflow/dags/gcs_load_dag v2.py
[2025-08-09T20:42:16.968+0000] {processor.py:840} INFO - DAG(s) 'gcs_process_all_files_v1' retrieved from /opt/airflow/dags/gcs_load_dag v2.py
[2025-08-09T20:42:17.012+0000] {logging_mixin.py:188} INFO - [2025-08-09T20:42:17.010+0000] {dag.py:3096} INFO - Sync 1 DAGs
[2025-08-09T20:42:17.040+0000] {logging_mixin.py:188} INFO - [2025-08-09T20:42:17.040+0000] {dag.py:3954} INFO - Setting next_dagrun for gcs_process_all_files_v1 to None, run_after=None
[2025-08-09T20:42:17.079+0000] {processor.py:183} INFO - Processing /opt/airflow/dags/gcs_load_dag v2.py took 0.684 seconds
[2025-08-09T20:42:47.239+0000] {processor.py:161} INFO - Started process (PID=1911) to work on /opt/airflow/dags/gcs_load_dag v2.py
[2025-08-09T20:42:47.240+0000] {processor.py:830} INFO - Processing file /opt/airflow/dags/gcs_load_dag v2.py for tasks to queue
[2025-08-09T20:42:47.243+0000] {logging_mixin.py:188} INFO - [2025-08-09T20:42:47.243+0000] {dagbag.py:545} INFO - Filling up the DagBag from /opt/airflow/dags/gcs_load_dag v2.py
[2025-08-09T20:42:47.764+0000] {processor.py:840} INFO - DAG(s) 'gcs_process_all_files_v1' retrieved from /opt/airflow/dags/gcs_load_dag v2.py
[2025-08-09T20:42:47.800+0000] {logging_mixin.py:188} INFO - [2025-08-09T20:42:47.799+0000] {dag.py:3096} INFO - Sync 1 DAGs
[2025-08-09T20:42:47.821+0000] {logging_mixin.py:188} INFO - [2025-08-09T20:42:47.821+0000] {dag.py:3954} INFO - Setting next_dagrun for gcs_process_all_files_v1 to None, run_after=None
[2025-08-09T20:42:47.869+0000] {processor.py:183} INFO - Processing /opt/airflow/dags/gcs_load_dag v2.py took 0.643 seconds
